Info-msg : Checking directory existence. 

/data/system-heartbeat/ directory exists
Info-msg : hostname of server (hostname). 

clixserver.tiss.edu
 

------------------------------------------------------------------------------------ 


Info-msg : internal ip addresses of the system (ip address). 

 

------------------------------------------------------------------------------------ 


Info-msg : external ip addresses of the system (public ip address). 

157.40.178.148
 

------------------------------------------------------------------------------------ 


Info-msg : RAM details (free -h). 

             total       used       free     shared    buffers     cached
Mem:          7.7G       2.7G       4.9G       267M        82M       1.1G
-/+ buffers/cache:       1.6G       6.1G
Swap:         7.6G         0B       7.6G
 

------------------------------------------------------------------------------------ 


Info-msg : HDD details (df -h). 

Filesystem      Size  Used Avail Use% Mounted on
overlay         908G   56G  807G   7% /
tmpfs            64M     0   64M   0% /dev
tmpfs           3.9G     0  3.9G   0% /sys/fs/cgroup
/dev/sda3       908G   56G  807G   7% /data
shm              64M     0   64M   0% /dev/shm
tmpfs           3.9G     0  3.9G   0% /proc/scsi
tmpfs           3.9G     0  3.9G   0% /sys/firmware
 

------------------------------------------------------------------------------------ 


Info-msg : Size description in '/data/'. 

8.0K	/data/2031025-mz25-activity-timestamp-csvs.tar.gz
45M	/data/2031025-mz25-assessment-media.tar.gz
4.0K	/data/2031025-mz25-gstudio_tools_logs.tar.gz
64K	/data/activity-timestamp-csvs
118M	/data/assessment-media
16K	/data/clixserver.tiss.edu
373M	/data/db
4.0K	/data/drop_database.sql
12K	/data/git-commit-details.log
2.1M	/data/gstudio-exported-users-analytics-csvs
16K	/data/gstudio-logs
12K	/data/gstudio_tools_logs
8.0K	/data/local_settings.py
17G	/data/media
270M	/data/nginx-logs
504K	/data/pg_dump_all.sql
2.7M	/data/postgres-dump
2.8M	/data/qbank
672M	/data/rcs-repo
4.0K	/data/server_settings.py
160K	/data/system-heartbeat
 

------------------------------------------------------------------------------------ 


Info-msg : No of directories and files in '/data/media/'. 

No of directories : 4002 

No of files       : 9629 

 

------------------------------------------------------------------------------------ 


Info-msg : uptime (uptime). 

 13:01:13 up 18 min,  0 users,  load average: 0.77, 0.54, 0.53
 

------------------------------------------------------------------------------------ 


Info-msg : current process (uptime). 

USER       PID %CPU %MEM    VSZ   RSS TTY      STAT START   TIME COMMAND
root         1  0.0  0.0   4456   728 ?        Ss   12:42   0:00 /bin/sh -c /home/docker/code/scripts/initialize.sh  | sed -e "s/^/$(date +%Y%m%d-%H%M%S) :  /"  2>&1 | tee -a ${LOG_INSTALL_DOCKER}
root         8  0.0  0.0  18000  2792 ?        S    12:42   0:00 /bin/bash /home/docker/code/scripts/initialize.sh
root        14  0.0  0.0  10996  1416 ?        S    12:42   0:00 sed -e s/^/20190205-124300 :  /
root        15  0.0  0.0   4360  1344 ?        S    12:42   0:00 tee -a /root/DockerLogs/$(DATE_LOG)-gsd-install.log
root        17  3.8  1.0 254196 85976 ?        Sl   12:43   0:42 mongod --config /home/docker/code/confs/mongod.conf
root        19  0.0  0.0  23664  2180 ?        Ss   12:43   0:00 /usr/sbin/cron
postgres    38  0.0  0.2 244856 19264 ?        S    12:43   0:00 /usr/lib/postgresql/9.3/bin/postgres -D /var/lib/postgresql/9.3/main -c config_file=/etc/postgresql/9.3/main/postgresql.conf
postgres    84  0.0  0.0 244856  3400 ?        Ss   12:43   0:00 postgres: checkpointer process                                                                                              
postgres    85  0.0  0.0 244856  4624 ?        Ss   12:43   0:00 postgres: writer process                                                                                                    
postgres    86  0.0  0.0 244856  3400 ?        Ss   12:43   0:00 postgres: wal writer process                                                                                                
postgres    87  0.0  0.0 245732  5856 ?        Ss   12:43   0:00 postgres: autovacuum launcher process                                                                                       
postgres    88  0.0  0.0 100668  3608 ?        Ss   12:43   0:00 postgres: stats collector process                                                                                           
root       191  0.0  0.0  25356  2860 ?        Ss   12:43   0:00 /usr/lib/postfix/master
postfix    196  0.0  0.0  27420  2840 ?        S    12:43   0:00 pickup -l -t unix -u -c
postfix    197  0.0  0.0  27468  2832 ?        S    12:43   0:00 qmgr -l -t unix -u
root       205  0.0  0.0  61388  3120 ?        Ss   12:43   0:00 /usr/sbin/sshd
rabbitmq   233  0.0  0.0   7512    88 ?        S    12:43   0:00 /usr/lib/erlang/erts-5.10.4/bin/epmd -daemon
rabbitmq   257  0.0  0.0   4456   688 ?        S    12:43   0:00 /bin/sh /usr/sbin/rabbitmq-server
rabbitmq   302  0.4  1.1 2305160 93564 ?       Sl   12:43   0:05 /usr/lib/erlang/erts-5.10.4/bin/beam.smp -W w -K true -A30 -P 1048576 -- -root /usr/lib/erlang -progname erl -- -home /var/lib/rabbitmq -- -pa /usr/lib/rabbitmq/lib/rabbitmq_server-3.2.4/sbin/../ebin -noshell -noinput -s rabbit boot -sname rabbit@clixserver -boot start_sasl -kernel inet_default_connect_options [{nodelay,true}] -sasl errlog_type error -sasl sasl_error_logger false -rabbit error_logger {file,"/var/log/rabbitmq/rabbit@clixserver.log"} -rabbit sasl_error_logger {file,"/var/log/rabbitmq/rabbit@clixserver-sasl.log"} -rabbit enabled_plugins_file "/etc/rabbitmq/enabled_plugins" -rabbit plugins_dir "/usr/lib/rabbitmq/lib/rabbitmq_server-3.2.4/sbin/../plugins" -rabbit plugins_expand_dir "/var/lib/rabbitmq/mnesia/rabbit@clixserver-plugins-expand" -os_mon start_cpu_sup false -os_mon start_disksup false -os_mon start_memsup false -mnesia dir "/var/lib/rabbitmq/mnesia/rabbit@clixserver"
root       339  0.0  0.6 186400 49932 ?        S    12:43   0:00 python manage.py celeryd -f /var/log/celeryd.log -l INFO
rabbitmq   400  0.0  0.0   7476   888 ?        Ss   12:43   0:00 inet_gethost 4
rabbitmq   401  0.0  0.0   9568  1632 ?        S    12:43   0:00 inet_gethost 4
root       414  0.0  0.1  33152  9904 ?        S    12:43   0:00 python -m smtpd -n -c DebuggingServer localhost:1025
root       417  0.0  0.7 859100 56676 ?        Sl   12:43   0:00 python main.py
root       419  0.0  0.5 185776 42500 ?        S    12:43   0:00 python manage.py celeryd -f /var/log/celeryd.log -l INFO
root       420  0.0  0.5 185776 42496 ?        S    12:43   0:00 python manage.py celeryd -f /var/log/celeryd.log -l INFO
root       421  0.0  0.5 185776 42508 ?        S    12:43   0:00 python manage.py celeryd -f /var/log/celeryd.log -l INFO
root       422  0.0  0.5 185776 42508 ?        S    12:43   0:00 python manage.py celeryd -f /var/log/celeryd.log -l INFO
root       427  0.0  0.2  52492 17068 ?        S    12:43   0:00 /usr/bin/python /usr/bin/supervisord -n
root       432  0.0  0.0  32536  6544 ?        S    12:43   0:00 nginx: master process /usr/sbin/nginx
root       433  0.0  0.2  63412 20528 ?        S    12:43   0:00 /usr/local/bin/uwsgi --ini /home/docker/code/confs/uwsgi.ini
www-data   434  0.0  0.0  32908  3956 ?        S    12:43   0:00 nginx: worker process
www-data   435  0.0  0.0  32908  3956 ?        S    12:43   0:00 nginx: worker process
www-data   436  0.0  0.0  32908  3956 ?        S    12:43   0:00 nginx: worker process
www-data   437  0.0  0.0  32908  3956 ?        S    12:43   0:00 nginx: worker process
root       438  0.0  0.1  63412 15860 ?        S    12:43   0:00 /usr/local/bin/uwsgi --ini /home/docker/code/confs/uwsgi.ini
root       439  0.0  0.1  63412 15860 ?        S    12:43   0:00 /usr/local/bin/uwsgi --ini /home/docker/code/confs/uwsgi.ini
root       440  0.0  0.1  63412 15860 ?        S    12:43   0:00 /usr/local/bin/uwsgi --ini /home/docker/code/confs/uwsgi.ini
root       441  0.0  0.1  63412 15860 ?        S    12:43   0:00 /usr/local/bin/uwsgi --ini /home/docker/code/confs/uwsgi.ini
root       690  0.0  0.0  59648  2944 ?        S    13:01   0:00 /USR/SBIN/CRON
root       691  0.0  0.0   4456   676 ?        Ss   13:01   0:00 /bin/sh -c /home/docker/code/scripts/system-heartbeat.sh  > /tmp/cron-system-heartbeat.log
root       692  0.0  0.0   9588  2368 ?        S    13:01   0:00 /bin/bash /home/docker/code/scripts/system-heartbeat.sh
root       693  0.0  0.0   9600  2524 ?        S    13:01   0:00 /bin/bash /home/docker/code/scripts/system-heartbeat.sh
root       694  0.0  0.0   4360   636 ?        S    13:01   0:00 tee /data/system-heartbeat/system-heartbeat-20190205-130102.log
root       717  0.0  0.0  15580  2208 ?        R    13:01   0:00 ps aux
 

------------------------------------------------------------------------------------ 


