Info-msg : Checking directory existence. 

/data/system-heartbeat/ directory created successfully
Info-msg : hostname of server (hostname). 

clixserver.tiss.edu
 

------------------------------------------------------------------------------------ 


Info-msg : internal ip addresses of the system (ip address). 

eth0- 172.18.0.2
 

------------------------------------------------------------------------------------ 


Info-msg : external ip addresses of the system (public ip address). 


 

------------------------------------------------------------------------------------ 


Info-msg : RAM details (free -h). 

             total       used       free     shared    buffers     cached
Mem:          7.7G       7.2G       506M       247M       671M       4.6G
-/+ buffers/cache:       2.0G       5.8G
Swap:         7.6G         0B       7.6G
 

------------------------------------------------------------------------------------ 


Info-msg : HDD details (df -h). 

Filesystem      Size  Used Avail Use% Mounted on
overlay         908G   39G  823G   5% /
tmpfs            64M     0   64M   0% /dev
tmpfs           3.9G     0  3.9G   0% /sys/fs/cgroup
/dev/sda3       908G   39G  823G   5% /data
shm              64M     0   64M   0% /dev/shm
tmpfs           3.9G     0  3.9G   0% /proc/scsi
tmpfs           3.9G     0  3.9G   0% /sys/firmware
 

------------------------------------------------------------------------------------ 


Info-msg : Size description in '/data/'. 

16K	/data/clixserver.tiss.edu
361M	/data/db
4.0K	/data/drop_database.sql
17G	/data/media
4.0K	/data/nginx-logs
504K	/data/pg_dump_all.sql
2.5M	/data/postgres-dump
670M	/data/rcs-repo
8.0K	/data/system-heartbeat
 

------------------------------------------------------------------------------------ 


Info-msg : No of directories and files in '/data/media/'. 

No of directories : 4002 

No of files       : 9629 

 

------------------------------------------------------------------------------------ 


Info-msg : uptime (uptime). 

 18:47:58 up 26 min,  0 users,  load average: 1.50, 1.70, 1.68
 

------------------------------------------------------------------------------------ 


Info-msg : current process (uptime). 

USER       PID %CPU %MEM    VSZ   RSS TTY      STAT START   TIME COMMAND
root         1  0.0  0.0   4456   684 ?        Ss   18:36   0:00 /bin/sh -c /home/docker/code/scripts/initialize.sh  | sed -e "s/^/$(date +%Y%m%d-%H%M%S) :  /"  2>&1 | tee -a ${LOG_INSTALL_DOCKER}
root        10  0.0  0.0  18000  2944 ?        S    18:36   0:00 /bin/bash /home/docker/code/scripts/initialize.sh
root        11  0.0  0.0  10996  1396 ?        S    18:36   0:00 sed -e s/^/20181005-183645 :  /
root        12  0.0  0.0   4360  1352 ?        S    18:36   0:00 tee -a /root/DockerLogs/$(DATE_LOG)-gsd-install.log
root        19 54.9  2.4 398704 195536 ?       Sl   18:36   6:09 mongod --config /home/docker/code/confs/mongod.conf
root        21  0.0  0.0  23664  2128 ?        Ss   18:36   0:00 /usr/sbin/cron
postgres    39  0.0  0.2 244856 19444 ?        S    18:36   0:00 /usr/lib/postgresql/9.3/bin/postgres -D /var/lib/postgresql/9.3/main -c config_file=/etc/postgresql/9.3/main/postgresql.conf
postgres    66  0.0  0.0 245000  5868 ?        Ss   18:36   0:00 postgres: checkpointer process                                                                                              
postgres    67  0.0  0.0 244856  4652 ?        Ss   18:36   0:00 postgres: writer process                                                                                                    
postgres    68  0.0  0.0 244856  3408 ?        Ss   18:36   0:00 postgres: wal writer process                                                                                                
postgres    69  0.0  0.0 245732  6184 ?        Ss   18:36   0:00 postgres: autovacuum launcher process                                                                                       
postgres    70  0.0  0.0 100668  3676 ?        Ss   18:36   0:00 postgres: stats collector process                                                                                           
root       173  0.0  0.0  25356  2884 ?        Ss   18:36   0:00 /usr/lib/postfix/master
postfix    180  0.0  0.0  27420  2772 ?        S    18:36   0:00 pickup -l -t unix -u -c
postfix    181  0.0  0.0  27468  2828 ?        S    18:36   0:00 qmgr -l -t unix -u
root       187  0.0  0.0  61388  3112 ?        Ss   18:36   0:00 /usr/sbin/sshd
memcache   194  0.0  0.0 197412  5640 ?        Sl   18:36   0:00 /usr/bin/memcached -m 64 -p 11211 -u memcache -l 127.0.0.1
rabbitmq   223  0.0  0.0   7512    88 ?        S    18:36   0:00 /usr/lib/erlang/erts-5.10.4/bin/epmd -daemon
rabbitmq   247  0.0  0.0   4456   860 ?        S    18:36   0:00 /bin/sh /usr/sbin/rabbitmq-server
rabbitmq   292  0.4  1.1 2303624 93460 ?       Sl   18:36   0:02 /usr/lib/erlang/erts-5.10.4/bin/beam.smp -W w -K true -A30 -P 1048576 -- -root /usr/lib/erlang -progname erl -- -home /var/lib/rabbitmq -- -pa /usr/lib/rabbitmq/lib/rabbitmq_server-3.2.4/sbin/../ebin -noshell -noinput -s rabbit boot -sname rabbit@clixserver -boot start_sasl -kernel inet_default_connect_options [{nodelay,true}] -sasl errlog_type error -sasl sasl_error_logger false -rabbit error_logger {file,"/var/log/rabbitmq/rabbit@clixserver.log"} -rabbit sasl_error_logger {file,"/var/log/rabbitmq/rabbit@clixserver-sasl.log"} -rabbit enabled_plugins_file "/etc/rabbitmq/enabled_plugins" -rabbit plugins_dir "/usr/lib/rabbitmq/lib/rabbitmq_server-3.2.4/sbin/../plugins" -rabbit plugins_expand_dir "/var/lib/rabbitmq/mnesia/rabbit@clixserver-plugins-expand" -os_mon start_cpu_sup false -os_mon start_disksup false -os_mon start_memsup false -mnesia dir "/var/lib/rabbitmq/mnesia/rabbit@clixserver"
root       329  0.1  0.6 186496 50476 ?        S    18:36   0:00 python manage.py celeryd -f /var/log/celeryd.log -l INFO
root       397  0.0  0.5 185784 42500 ?        S    18:36   0:00 python manage.py celeryd -f /var/log/celeryd.log -l INFO
root       398  0.0  0.5 185780 42504 ?        S    18:36   0:00 python manage.py celeryd -f /var/log/celeryd.log -l INFO
root       399  0.0  0.5 185780 42504 ?        S    18:36   0:00 python manage.py celeryd -f /var/log/celeryd.log -l INFO
root       400  0.0  0.5 185780 42508 ?        S    18:36   0:00 python manage.py celeryd -f /var/log/celeryd.log -l INFO
rabbitmq   410  0.0  0.0   7476   880 ?        Ss   18:36   0:00 inet_gethost 4
rabbitmq   417  0.0  0.0   9568  1592 ?        S    18:36   0:00 inet_gethost 4
root       419  0.0  0.1  33152  9996 ?        S    18:36   0:00 python -m smtpd -n -c DebuggingServer localhost:1025
root       428  0.0  0.2  52484 17008 ?        S    18:36   0:00 /usr/bin/python /usr/bin/supervisord -n
root       434  0.0  0.2  63412 20588 ?        S    18:36   0:00 /usr/local/bin/uwsgi --ini /home/docker/code/confs/uwsgi.ini
root       435  0.0  0.1  63412 15684 ?        S    18:36   0:00 /usr/local/bin/uwsgi --ini /home/docker/code/confs/uwsgi.ini
root       436  0.0  0.1  63412 15684 ?        S    18:36   0:00 /usr/local/bin/uwsgi --ini /home/docker/code/confs/uwsgi.ini
root       437  0.0  0.1  63412 15684 ?        S    18:36   0:00 /usr/local/bin/uwsgi --ini /home/docker/code/confs/uwsgi.ini
root       438  0.0  0.1  63412 15684 ?        S    18:36   0:00 /usr/local/bin/uwsgi --ini /home/docker/code/confs/uwsgi.ini
root     21702  0.6  0.0   4456   784 pts/0    Ss+  18:47   0:00 /bin/sh -c /home/docker/code/scripts/system-heartbeat.sh  > /tmp/cron-system-heartbeat.log
root     21709  0.0  0.0  18032  2740 pts/0    S+   18:47   0:00 /bin/bash /home/docker/code/scripts/system-heartbeat.sh
root     21710  0.0  0.0  18044  2456 pts/0    S+   18:47   0:00 /bin/bash /home/docker/code/scripts/system-heartbeat.sh
root     21711  0.0  0.0   4360   752 pts/0    S+   18:47   0:00 tee /data/system-heartbeat/system-heartbeat-20181005-184755.log
root     21733  0.0  0.0  15580  2128 pts/0    R+   18:47   0:00 ps aux
 

------------------------------------------------------------------------------------ 


