Info-msg : Checking directory existence. 

/data/system-heartbeat/ directory exists
Info-msg : hostname of server (hostname). 

clixserver.tiss.edu
 

------------------------------------------------------------------------------------ 


Info-msg : internal ip addresses of the system (ip address). 

 

------------------------------------------------------------------------------------ 


Info-msg : external ip addresses of the system (public ip address). 


 

------------------------------------------------------------------------------------ 


Info-msg : RAM details (free -h). 

             total       used       free     shared    buffers     cached
Mem:          7.7G       3.6G       4.1G       218M       425M       1.3G
-/+ buffers/cache:       1.9G       5.8G
Swap:         7.6G         0B       7.6G
 

------------------------------------------------------------------------------------ 


Info-msg : HDD details (df -h). 

Filesystem      Size  Used Avail Use% Mounted on
overlay         908G   57G  806G   7% /
tmpfs            64M     0   64M   0% /dev
tmpfs           3.9G     0  3.9G   0% /sys/fs/cgroup
/dev/sda3       908G   57G  806G   7% /data
shm              64M     0   64M   0% /dev/shm
tmpfs           3.9G     0  3.9G   0% /proc/scsi
tmpfs           3.9G     0  3.9G   0% /sys/firmware
 

------------------------------------------------------------------------------------ 


Info-msg : Size description in '/data/'. 

8.0K	/data/2031025-mz25-activity-timestamp-csvs.tar.gz
45M	/data/2031025-mz25-assessment-media.tar.gz
4.0K	/data/2031025-mz25-gstudio_tools_logs.tar.gz
64K	/data/activity-timestamp-csvs
118M	/data/assessment-media
16K	/data/clixserver.tiss.edu
374M	/data/db
4.0K	/data/drop_database.sql
12K	/data/git-commit-details.log
2.3M	/data/gstudio-exported-users-analytics-csvs
16K	/data/gstudio-logs
12K	/data/gstudio_tools_logs
8.0K	/data/local_settings.py
17G	/data/media
589M	/data/nginx-logs
504K	/data/pg_dump_all.sql
2.8M	/data/postgres-dump
4.8M	/data/qbank
677M	/data/rcs-repo
4.0K	/data/server_settings.py
196K	/data/system-heartbeat
 

------------------------------------------------------------------------------------ 


Info-msg : No of directories and files in '/data/media/'. 

No of directories : 4003 

No of files       : 9635 

 

------------------------------------------------------------------------------------ 


Info-msg : uptime (uptime). 

 13:01:09 up 35 min,  0 users,  load average: 0.21, 0.31, 0.32
 

------------------------------------------------------------------------------------ 


Info-msg : current process (uptime). 

USER       PID %CPU %MEM    VSZ   RSS TTY      STAT START   TIME COMMAND
root         1  0.0  0.0   4456   736 ?        Ss   12:26   0:00 /bin/sh -c /home/docker/code/scripts/initialize.sh  | sed -e "s/^/$(date +%Y%m%d-%H%M%S) :  /"  2>&1 | tee -a ${LOG_INSTALL_DOCKER}
root         7  0.0  0.0  18000  2788 ?        S    12:26   0:00 /bin/bash /home/docker/code/scripts/initialize.sh
root         8  0.0  0.0  10996  1492 ?        S    12:26   0:00 sed -e s/^/20190521-122637 :  /
root        10  0.0  0.0   4360  1312 ?        S    12:26   0:00 tee -a /root/DockerLogs/$(DATE_LOG)-gsd-install.log
root        16 17.1  3.0 478560 248572 ?       Sl   12:26   5:54 mongod --config /home/docker/code/confs/mongod.conf
root        18  0.0  0.0  23664  2208 ?        Ss   12:26   0:00 /usr/sbin/cron
postgres    36  0.0  0.2 244856 19112 ?        S    12:26   0:00 /usr/lib/postgresql/9.3/bin/postgres -D /var/lib/postgresql/9.3/main -c config_file=/etc/postgresql/9.3/main/postgresql.conf
postgres    67  0.0  0.0 244992  5268 ?        Ss   12:26   0:00 postgres: checkpointer process                                                                                              
postgres    68  0.0  0.0 244856  4592 ?        Ss   12:26   0:00 postgres: writer process                                                                                                    
postgres    69  0.0  0.0 244856  3372 ?        Ss   12:26   0:00 postgres: wal writer process                                                                                                
postgres    70  0.0  0.0 245732  6008 ?        Ss   12:26   0:00 postgres: autovacuum launcher process                                                                                       
postgres    71  0.0  0.0 100668  3692 ?        Ss   12:26   0:00 postgres: stats collector process                                                                                           
root       174  0.0  0.0  25356  2896 ?        Ss   12:26   0:00 /usr/lib/postfix/master
postfix    179  0.0  0.0  27420  2836 ?        S    12:26   0:00 pickup -l -t unix -u -c
postfix    180  0.0  0.0  27468  2872 ?        S    12:26   0:00 qmgr -l -t unix -u
root       188  0.0  0.0  61388  3044 ?        Ss   12:26   0:00 /usr/sbin/sshd
memcache   195  0.0  0.1 335580 12760 ?        Sl   12:26   0:00 /usr/bin/memcached -m 64 -p 11211 -u memcache -l 127.0.0.1
rabbitmq   224  0.0  0.0   7512    88 ?        S    12:26   0:00 /usr/lib/erlang/erts-5.10.4/bin/epmd -daemon
rabbitmq   251  0.0  0.0   4456   732 ?        S    12:26   0:00 /bin/sh /usr/sbin/rabbitmq-server
rabbitmq   295  0.5  1.1 2303624 93116 ?       Sl   12:26   0:11 /usr/lib/erlang/erts-5.10.4/bin/beam.smp -W w -K true -A30 -P 1048576 -- -root /usr/lib/erlang -progname erl -- -home /var/lib/rabbitmq -- -pa /usr/lib/rabbitmq/lib/rabbitmq_server-3.2.4/sbin/../ebin -noshell -noinput -s rabbit boot -sname rabbit@clixserver -boot start_sasl -kernel inet_default_connect_options [{nodelay,true}] -sasl errlog_type error -sasl sasl_error_logger false -rabbit error_logger {file,"/var/log/rabbitmq/rabbit@clixserver.log"} -rabbit sasl_error_logger {file,"/var/log/rabbitmq/rabbit@clixserver-sasl.log"} -rabbit enabled_plugins_file "/etc/rabbitmq/enabled_plugins" -rabbit plugins_dir "/usr/lib/rabbitmq/lib/rabbitmq_server-3.2.4/sbin/../plugins" -rabbit plugins_expand_dir "/var/lib/rabbitmq/mnesia/rabbit@clixserver-plugins-expand" -os_mon start_cpu_sup false -os_mon start_disksup false -os_mon start_memsup false -mnesia dir "/var/lib/rabbitmq/mnesia/rabbit@clixserver"
rabbitmq   382  0.0  0.0   7476   900 ?        Ss   12:26   0:00 inet_gethost 4
rabbitmq   383  0.0  0.0   9568  1572 ?        S    12:26   0:00 inet_gethost 4
root       385  0.1  0.6 186428 50224 ?        S    12:26   0:02 python manage.py celeryd -f /var/log/celeryd.log -l INFO
root       408  0.0  0.5 185780 42564 ?        S    12:27   0:00 python manage.py celeryd -f /var/log/celeryd.log -l INFO
root       409  0.0  0.5 185776 42568 ?        S    12:27   0:00 python manage.py celeryd -f /var/log/celeryd.log -l INFO
root       410  0.0  0.5 185776 42572 ?        S    12:27   0:00 python manage.py celeryd -f /var/log/celeryd.log -l INFO
root       411  0.0  0.5 185776 42580 ?        S    12:27   0:00 python manage.py celeryd -f /var/log/celeryd.log -l INFO
root       412  0.0  0.1  33152  9912 ?        S    12:27   0:00 python -m smtpd -n -c DebuggingServer localhost:1025
root       415  0.0  0.7 859096 56436 ?        Sl   12:27   0:00 python main.py
root       421  0.0  0.2  52492 16972 ?        S    12:27   0:00 /usr/bin/python /usr/bin/supervisord -n
root       436  0.0  0.0  32536  6560 ?        S    12:27   0:00 nginx: master process /usr/sbin/nginx
root       437  0.0  0.2  63412 20616 ?        S    12:27   0:00 /usr/local/bin/uwsgi --ini /home/docker/code/confs/uwsgi.ini
www-data   438  0.1  0.0  34232  7588 ?        S    12:27   0:02 nginx: worker process
www-data   439  0.1  0.0  34120  7292 ?        S    12:27   0:02 nginx: worker process
www-data   440  0.2  0.0  34452  7828 ?        S    12:27   0:04 nginx: worker process
www-data   441  0.2  0.1  35216  8560 ?        S    12:27   0:04 nginx: worker process
root       442  0.5  1.2 280248 101520 ?       S    12:27   0:10 /usr/local/bin/uwsgi --ini /home/docker/code/confs/uwsgi.ini
root       443  0.3  1.2 279628 100856 ?       S    12:27   0:07 /usr/local/bin/uwsgi --ini /home/docker/code/confs/uwsgi.ini
root       444  0.5  1.2 280768 102000 ?       S    12:27   0:10 /usr/local/bin/uwsgi --ini /home/docker/code/confs/uwsgi.ini
root       445  0.8  1.2 275836 97148 ?        S    12:27   0:17 /usr/local/bin/uwsgi --ini /home/docker/code/confs/uwsgi.ini
root      2447  0.0  0.0  59648  2948 ?        S    13:01   0:00 /USR/SBIN/CRON
root      2448  0.0  0.0   4456   736 ?        Ss   13:01   0:00 /bin/sh -c /home/docker/code/scripts/system-heartbeat.sh  > /tmp/cron-system-heartbeat.log
root      2449  0.0  0.0   9588  2368 ?        S    13:01   0:00 /bin/bash /home/docker/code/scripts/system-heartbeat.sh
root      2450  0.0  0.0   9600  2528 ?        S    13:01   0:00 /bin/bash /home/docker/code/scripts/system-heartbeat.sh
root      2451  0.0  0.0   4360   644 ?        S    13:01   0:00 tee /data/system-heartbeat/system-heartbeat-20190521-130102.log
root      2483  0.0  0.0  15580  2132 ?        R    13:01   0:00 ps aux
 

------------------------------------------------------------------------------------ 


