Info-msg : Checking directory existence. 

/data/system-heartbeat/ directory exists
Info-msg : hostname of server (hostname). 

clixserver.tiss.edu
 

------------------------------------------------------------------------------------ 


Info-msg : internal ip addresses of the system (ip address). 

 

------------------------------------------------------------------------------------ 


Info-msg : external ip addresses of the system (public ip address). 


 

------------------------------------------------------------------------------------ 


Info-msg : RAM details (free -h). 

             total       used       free     shared    buffers     cached
Mem:          7.7G       2.1G       5.6G        95M       404M       646M
-/+ buffers/cache:       1.1G       6.6G
Swap:         7.6G         0B       7.6G
 

------------------------------------------------------------------------------------ 


Info-msg : HDD details (df -h). 

Filesystem      Size  Used Avail Use% Mounted on
overlay         908G   55G  807G   7% /
tmpfs            64M     0   64M   0% /dev
tmpfs           3.9G     0  3.9G   0% /sys/fs/cgroup
/dev/sda3       908G   55G  807G   7% /data
shm              64M     0   64M   0% /dev/shm
tmpfs           3.9G     0  3.9G   0% /proc/scsi
tmpfs           3.9G     0  3.9G   0% /sys/firmware
 

------------------------------------------------------------------------------------ 


Info-msg : Size description in '/data/'. 

8.0K	/data/2031025-mz25-activity-timestamp-csvs.tar.gz
44M	/data/2031025-mz25-assessment-media.tar.gz
4.0K	/data/2031025-mz25-gstudio_tools_logs.tar.gz
64K	/data/activity-timestamp-csvs
114M	/data/assessment-media
16K	/data/clixserver.tiss.edu
364M	/data/db
4.0K	/data/drop_database.sql
12K	/data/git-commit-details.log
972K	/data/gstudio-exported-users-analytics-csvs
12K	/data/gstudio-logs
8.0K	/data/local_settings.py
17G	/data/media
60M	/data/nginx-logs
504K	/data/pg_dump_all.sql
2.7M	/data/postgres-dump
2.3M	/data/qbank
671M	/data/rcs-repo
4.0K	/data/server_settings.py
76K	/data/system-heartbeat
 

------------------------------------------------------------------------------------ 


Info-msg : No of directories and files in '/data/media/'. 

No of directories : 4002 

No of files       : 9629 

 

------------------------------------------------------------------------------------ 


Info-msg : uptime (uptime). 

 21:01:07 up 30 min,  0 users,  load average: 0.22, 0.11, 0.13
 

------------------------------------------------------------------------------------ 


Info-msg : current process (uptime). 

USER       PID %CPU %MEM    VSZ   RSS TTY      STAT START   TIME COMMAND
root         1  0.0  0.0   4456   680 ?        Ss   20:31   0:00 /bin/sh -c /home/docker/code/scripts/initialize.sh  | sed -e "s/^/$(date +%Y%m%d-%H%M%S) :  /"  2>&1 | tee -a ${LOG_INSTALL_DOCKER}
root         7  0.0  0.0  18000  2896 ?        S    20:31   0:00 /bin/bash /home/docker/code/scripts/initialize.sh
root         8  0.0  0.0  10996  1352 ?        S    20:31   0:00 sed -e s/^/20181101-203132 :  /
root        10  0.0  0.0   4360  1300 ?        S    20:31   0:00 tee -a /root/DockerLogs/$(DATE_LOG)-gsd-install.log
root        16  4.6  2.5 400020 205632 ?       Sl   20:31   1:21 mongod --config /home/docker/code/confs/mongod.conf
root        18  0.0  0.0  23664  2112 ?        Ss   20:31   0:00 /usr/sbin/cron
postgres    37  0.0  0.2 244856 19204 ?        S    20:31   0:00 /usr/lib/postgresql/9.3/bin/postgres -D /var/lib/postgresql/9.3/main -c config_file=/etc/postgresql/9.3/main/postgresql.conf
postgres    67  0.0  0.0 244992  5716 ?        Ss   20:31   0:00 postgres: checkpointer process                                                                                              
postgres    68  0.0  0.0 244856  4640 ?        Ss   20:31   0:00 postgres: writer process                                                                                                    
postgres    69  0.0  0.0 244856  3508 ?        Ss   20:31   0:00 postgres: wal writer process                                                                                                
postgres    70  0.0  0.0 245732  6084 ?        Ss   20:31   0:00 postgres: autovacuum launcher process                                                                                       
postgres    71  0.0  0.0 100668  3700 ?        Ss   20:31   0:00 postgres: stats collector process                                                                                           
root       174  0.0  0.0  25356  2916 ?        Ss   20:31   0:00 /usr/lib/postfix/master
postfix    179  0.0  0.0  27420  2760 ?        S    20:31   0:00 pickup -l -t unix -u -c
postfix    180  0.0  0.0  27468  2920 ?        S    20:31   0:00 qmgr -l -t unix -u
root       188  0.0  0.0  61388  3188 ?        Ss   20:31   0:00 /usr/sbin/sshd
memcache   195  0.0  0.0 129824  3708 ?        Sl   20:31   0:00 /usr/bin/memcached -m 64 -p 11211 -u memcache -l 127.0.0.1
rabbitmq   224  0.0  0.0   7512    88 ?        S    20:31   0:00 /usr/lib/erlang/erts-5.10.4/bin/epmd -daemon
rabbitmq   248  0.0  0.0   4456   856 ?        S    20:31   0:00 /bin/sh /usr/sbin/rabbitmq-server
rabbitmq   293  0.5  1.1 2302860 93112 ?       Sl   20:31   0:09 /usr/lib/erlang/erts-5.10.4/bin/beam.smp -W w -K true -A30 -P 1048576 -- -root /usr/lib/erlang -progname erl -- -home /var/lib/rabbitmq -- -pa /usr/lib/rabbitmq/lib/rabbitmq_server-3.2.4/sbin/../ebin -noshell -noinput -s rabbit boot -sname rabbit@clixserver -boot start_sasl -kernel inet_default_connect_options [{nodelay,true}] -sasl errlog_type error -sasl sasl_error_logger false -rabbit error_logger {file,"/var/log/rabbitmq/rabbit@clixserver.log"} -rabbit sasl_error_logger {file,"/var/log/rabbitmq/rabbit@clixserver-sasl.log"} -rabbit enabled_plugins_file "/etc/rabbitmq/enabled_plugins" -rabbit plugins_dir "/usr/lib/rabbitmq/lib/rabbitmq_server-3.2.4/sbin/../plugins" -rabbit plugins_expand_dir "/var/lib/rabbitmq/mnesia/rabbit@clixserver-plugins-expand" -os_mon start_cpu_sup false -os_mon start_disksup false -os_mon start_memsup false -mnesia dir "/var/lib/rabbitmq/mnesia/rabbit@clixserver"
root       330  0.0  0.6 186436 50040 ?        S    20:31   0:00 python manage.py celeryd -f /var/log/celeryd.log -l INFO
rabbitmq   391  0.0  0.0   7476   924 ?        Ss   20:31   0:00 inet_gethost 4
rabbitmq   392  0.0  0.0   9568  1580 ?        S    20:31   0:00 inet_gethost 4
root       404  0.0  0.5 185788 42408 ?        S    20:31   0:00 python manage.py celeryd -f /var/log/celeryd.log -l INFO
root       405  0.0  0.5 185784 42416 ?        S    20:31   0:00 python manage.py celeryd -f /var/log/celeryd.log -l INFO
root       406  0.0  0.5 185784 42416 ?        S    20:31   0:00 python manage.py celeryd -f /var/log/celeryd.log -l INFO
root       407  0.0  0.5 185784 42424 ?        S    20:31   0:00 python manage.py celeryd -f /var/log/celeryd.log -l INFO
root       453  0.0  0.1  33152  9900 ?        S    20:31   0:00 python -m smtpd -n -c DebuggingServer localhost:1025
root       456  0.0  0.7 859096 56704 ?        Sl   20:31   0:00 python main.py
root       462  0.0  0.2  52492 16840 ?        S    20:31   0:00 /usr/bin/python /usr/bin/supervisord -n
root       477  0.0  0.0  32536  6436 ?        S    20:32   0:00 nginx: master process /usr/sbin/nginx
root       478  0.0  0.2  63412 20536 ?        S    20:32   0:00 /usr/local/bin/uwsgi --ini /home/docker/code/confs/uwsgi.ini
www-data   479  0.0  0.0  32908  3988 ?        S    20:32   0:00 nginx: worker process
www-data   480  0.0  0.0  32908  3988 ?        S    20:32   0:00 nginx: worker process
www-data   481  0.0  0.0  32908  3988 ?        S    20:32   0:00 nginx: worker process
www-data   482  0.0  0.0  32908  3988 ?        S    20:32   0:00 nginx: worker process
root       483  0.0  0.1  63412 15868 ?        S    20:32   0:00 /usr/local/bin/uwsgi --ini /home/docker/code/confs/uwsgi.ini
root       484  0.0  0.1  63412 15868 ?        S    20:32   0:00 /usr/local/bin/uwsgi --ini /home/docker/code/confs/uwsgi.ini
root       485  0.0  0.1  63412 15868 ?        S    20:32   0:00 /usr/local/bin/uwsgi --ini /home/docker/code/confs/uwsgi.ini
root       486  0.0  0.1  63412 15868 ?        S    20:32   0:00 /usr/local/bin/uwsgi --ini /home/docker/code/confs/uwsgi.ini
root       884  0.0  0.0  59648  3060 ?        S    21:01   0:00 /USR/SBIN/CRON
root       885  0.0  0.0   4456   676 ?        Ss   21:01   0:00 /bin/sh -c /home/docker/code/scripts/system-heartbeat.sh  > /tmp/cron-system-heartbeat.log
root       886  0.0  0.0   9588  2300 ?        S    21:01   0:00 /bin/bash /home/docker/code/scripts/system-heartbeat.sh
root       887  0.0  0.0   9600  2536 ?        S    21:01   0:00 /bin/bash /home/docker/code/scripts/system-heartbeat.sh
root       888  0.0  0.0   4360   740 ?        S    21:01   0:00 tee /data/system-heartbeat/system-heartbeat-20181101-210101.log
root       911  0.0  0.0  15580  2104 ?        R    21:01   0:00 ps aux
 

------------------------------------------------------------------------------------ 


