Info-msg : Checking directory existence. 

/data/system-heartbeat/ directory exists
Info-msg : hostname of server (hostname). 

clixserver.tiss.edu
 

------------------------------------------------------------------------------------ 


Info-msg : internal ip addresses of the system (ip address). 

 

------------------------------------------------------------------------------------ 


Info-msg : external ip addresses of the system (public ip address). 


 

------------------------------------------------------------------------------------ 


Info-msg : RAM details (free -h). 

             total       used       free     shared    buffers     cached
Mem:          7.7G       1.9G       5.7G       214M        65M       745M
-/+ buffers/cache:       1.2G       6.5G
Swap:         7.6G         0B       7.6G
 

------------------------------------------------------------------------------------ 


Info-msg : HDD details (df -h). 

Filesystem      Size  Used Avail Use% Mounted on
overlay         908G   55G  807G   7% /
tmpfs            64M     0   64M   0% /dev
tmpfs           3.9G     0  3.9G   0% /sys/fs/cgroup
/dev/sda3       908G   55G  807G   7% /data
shm              64M     0   64M   0% /dev/shm
tmpfs           3.9G     0  3.9G   0% /proc/scsi
tmpfs           3.9G     0  3.9G   0% /sys/firmware
 

------------------------------------------------------------------------------------ 


Info-msg : Size description in '/data/'. 

8.0K	/data/2031025-mz25-activity-timestamp-csvs.tar.gz
44M	/data/2031025-mz25-assessment-media.tar.gz
4.0K	/data/2031025-mz25-gstudio_tools_logs.tar.gz
64K	/data/activity-timestamp-csvs
115M	/data/assessment-media
16K	/data/clixserver.tiss.edu
369M	/data/db
4.0K	/data/drop_database.sql
12K	/data/git-commit-details.log
1.5M	/data/gstudio-exported-users-analytics-csvs
12K	/data/gstudio-logs
12K	/data/gstudio_tools_logs
8.0K	/data/local_settings.py
17G	/data/media
164M	/data/nginx-logs
504K	/data/pg_dump_all.sql
2.7M	/data/postgres-dump
3.7M	/data/qbank
671M	/data/rcs-repo
4.0K	/data/server_settings.py
112K	/data/system-heartbeat
 

------------------------------------------------------------------------------------ 


Info-msg : No of directories and files in '/data/media/'. 

No of directories : 4002 

No of files       : 9629 

 

------------------------------------------------------------------------------------ 


Info-msg : uptime (uptime). 

 21:01:14 up 2 min,  0 users,  load average: 1.39, 1.00, 0.41
 

------------------------------------------------------------------------------------ 


Info-msg : current process (uptime). 

USER       PID %CPU %MEM    VSZ   RSS TTY      STAT START   TIME COMMAND
root         1  0.0  0.0   4456   684 ?        Ss   20:59   0:00 /bin/sh -c /home/docker/code/scripts/initialize.sh  | sed -e "s/^/$(date +%Y%m%d-%H%M%S) :  /"  2>&1 | tee -a ${LOG_INSTALL_DOCKER}
root         7  0.0  0.0  18000  2864 ?        S    20:59   0:00 /bin/bash /home/docker/code/scripts/initialize.sh
root         8  0.0  0.0  10996  1504 ?        S    20:59   0:00 sed -e s/^/20190118-205927 :  /
root        10  0.0  0.0   4360  1288 ?        S    20:59   0:00 tee -a /root/DockerLogs/$(DATE_LOG)-gsd-install.log
root        16  3.8  1.0 255228 86956 ?        Sl   20:59   0:04 mongod --config /home/docker/code/confs/mongod.conf
root        18  0.0  0.0  23664  2204 ?        Ss   20:59   0:00 /usr/sbin/cron
postgres    40  0.0  0.2 244856 19272 ?        S    20:59   0:00 /usr/lib/postgresql/9.3/bin/postgres -D /var/lib/postgresql/9.3/main -c config_file=/etc/postgresql/9.3/main/postgresql.conf
postgres    67  0.0  0.0 244856  3276 ?        Ss   20:59   0:00 postgres: checkpointer process                                                                                              
postgres    68  0.0  0.0 244856  4476 ?        Ss   20:59   0:00 postgres: writer process                                                                                                    
postgres    69  0.0  0.0 244856  3276 ?        Ss   20:59   0:00 postgres: wal writer process                                                                                                
postgres    70  0.0  0.0 245732  5868 ?        Ss   20:59   0:00 postgres: autovacuum launcher process                                                                                       
postgres    71  0.0  0.0 100668  3468 ?        Ss   20:59   0:00 postgres: stats collector process                                                                                           
root       174  0.0  0.0  25356  2892 ?        Ss   20:59   0:00 /usr/lib/postfix/master
postfix    179  0.0  0.0  27420  2816 ?        S    20:59   0:00 pickup -l -t unix -u -c
postfix    180  0.0  0.0  27468  2804 ?        S    20:59   0:00 qmgr -l -t unix -u
root       188  0.0  0.0  61388  3196 ?        Ss   20:59   0:00 /usr/sbin/sshd
memcache   195  0.0  0.0  63264  2716 ?        Sl   20:59   0:00 /usr/bin/memcached -m 64 -p 11211 -u memcache -l 127.0.0.1
rabbitmq   224  0.0  0.0   7512    88 ?        S    20:59   0:00 /usr/lib/erlang/erts-5.10.4/bin/epmd -daemon
rabbitmq   248  0.2  0.0   4456   860 ?        S    20:59   0:00 /bin/sh /usr/sbin/rabbitmq-server
rabbitmq   293  1.4  1.1 2303880 92688 ?       Sl   20:59   0:01 /usr/lib/erlang/erts-5.10.4/bin/beam.smp -W w -K true -A30 -P 1048576 -- -root /usr/lib/erlang -progname erl -- -home /var/lib/rabbitmq -- -pa /usr/lib/rabbitmq/lib/rabbitmq_server-3.2.4/sbin/../ebin -noshell -noinput -s rabbit boot -sname rabbit@clixserver -boot start_sasl -kernel inet_default_connect_options [{nodelay,true}] -sasl errlog_type error -sasl sasl_error_logger false -rabbit error_logger {file,"/var/log/rabbitmq/rabbit@clixserver.log"} -rabbit sasl_error_logger {file,"/var/log/rabbitmq/rabbit@clixserver-sasl.log"} -rabbit enabled_plugins_file "/etc/rabbitmq/enabled_plugins" -rabbit plugins_dir "/usr/lib/rabbitmq/lib/rabbitmq_server-3.2.4/sbin/../plugins" -rabbit plugins_expand_dir "/var/lib/rabbitmq/mnesia/rabbit@clixserver-plugins-expand" -os_mon start_cpu_sup false -os_mon start_disksup false -os_mon start_memsup false -mnesia dir "/var/lib/rabbitmq/mnesia/rabbit@clixserver"
root       330  0.8  0.6 186400 50084 ?        S    20:59   0:00 python manage.py celeryd -f /var/log/celeryd.log -l INFO
rabbitmq   391  0.2  0.0   7476   980 ?        Ss   20:59   0:00 inet_gethost 4
rabbitmq   392  0.0  0.0   9568  1548 ?        S    20:59   0:00 inet_gethost 4
root       405  0.0  0.1  33152  9880 ?        S    20:59   0:00 python -m smtpd -n -c DebuggingServer localhost:1025
root       408  0.4  0.7 859096 56572 ?        Sl   20:59   0:00 python main.py
root       416  0.0  0.2  52492 16984 ?        S    20:59   0:00 /usr/bin/python /usr/bin/supervisord -n
root       417  0.0  0.5 185776 42504 ?        S    20:59   0:00 python manage.py celeryd -f /var/log/celeryd.log -l INFO
root       418  0.0  0.5 185776 42508 ?        S    20:59   0:00 python manage.py celeryd -f /var/log/celeryd.log -l INFO
root       419  0.0  0.5 185776 42496 ?        S    20:59   0:00 python manage.py celeryd -f /var/log/celeryd.log -l INFO
root       420  0.0  0.5 185776 42520 ?        S    20:59   0:00 python manage.py celeryd -f /var/log/celeryd.log -l INFO
root       433  0.0  0.0  32536  6560 ?        S    20:59   0:00 nginx: master process /usr/sbin/nginx
root       434  0.1  0.2  63412 20520 ?        S    20:59   0:00 /usr/local/bin/uwsgi --ini /home/docker/code/confs/uwsgi.ini
www-data   435  0.0  0.0  32908  3968 ?        S    20:59   0:00 nginx: worker process
www-data   436  0.0  0.0  32908  3968 ?        S    20:59   0:00 nginx: worker process
www-data   437  0.0  0.0  32908  3968 ?        S    20:59   0:00 nginx: worker process
www-data   438  0.0  0.0  32908  3968 ?        S    20:59   0:00 nginx: worker process
root       439  0.0  0.1  63412 15868 ?        S    20:59   0:00 /usr/local/bin/uwsgi --ini /home/docker/code/confs/uwsgi.ini
root       440  0.0  0.1  63412 15868 ?        S    20:59   0:00 /usr/local/bin/uwsgi --ini /home/docker/code/confs/uwsgi.ini
root       441  0.0  0.1  63412 15868 ?        S    20:59   0:00 /usr/local/bin/uwsgi --ini /home/docker/code/confs/uwsgi.ini
root       442  0.0  0.1  63412 15868 ?        S    20:59   0:00 /usr/local/bin/uwsgi --ini /home/docker/code/confs/uwsgi.ini
root       458  0.0  0.0  59648  3044 ?        S    21:01   0:00 /USR/SBIN/CRON
root       459  0.0  0.0   4456   680 ?        Ss   21:01   0:00 /bin/sh -c /home/docker/code/scripts/system-heartbeat.sh  > /tmp/cron-system-heartbeat.log
root       460  0.0  0.0   9588  2316 ?        S    21:01   0:00 /bin/bash /home/docker/code/scripts/system-heartbeat.sh
root       461  0.0  0.0   9600  2572 ?        S    21:01   0:00 /bin/bash /home/docker/code/scripts/system-heartbeat.sh
root       462  0.0  0.0   4360   744 ?        S    21:01   0:00 tee /data/system-heartbeat/system-heartbeat-20190118-210101.log
root       486  0.0  0.0  15580  2112 ?        R    21:01   0:00 ps aux
 

------------------------------------------------------------------------------------ 


