Info-msg : Checking directory existence. 

/data/system-heartbeat/ directory exists
Info-msg : hostname of server (hostname). 

clixserver.tiss.edu
 

------------------------------------------------------------------------------------ 


Info-msg : internal ip addresses of the system (ip address). 

 

------------------------------------------------------------------------------------ 


Info-msg : external ip addresses of the system (public ip address). 


 

------------------------------------------------------------------------------------ 


Info-msg : RAM details (free -h). 

             total       used       free     shared    buffers     cached
Mem:          7.7G       7.0G       631M       231M       498M       4.6G
-/+ buffers/cache:       1.9G       5.7G
Swap:         7.6G       5.8M       7.6G
 

------------------------------------------------------------------------------------ 


Info-msg : HDD details (df -h). 

Filesystem      Size  Used Avail Use% Mounted on
overlay         908G   58G  805G   7% /
tmpfs            64M     0   64M   0% /dev
tmpfs           3.9G     0  3.9G   0% /sys/fs/cgroup
/dev/sda3       908G   58G  805G   7% /data
shm              64M     0   64M   0% /dev/shm
tmpfs           3.9G     0  3.9G   0% /proc/scsi
tmpfs           3.9G     0  3.9G   0% /sys/firmware
 

------------------------------------------------------------------------------------ 


Info-msg : Size description in '/data/'. 

8.0K	/data/2031025-mz25-activity-timestamp-csvs.tar.gz
45M	/data/2031025-mz25-assessment-media.tar.gz
4.0K	/data/2031025-mz25-gstudio_tools_logs.tar.gz
64K	/data/activity-timestamp-csvs
118M	/data/assessment-media
16K	/data/clixserver.tiss.edu
373M	/data/db
4.0K	/data/drop_database.sql
12K	/data/git-commit-details.log
2.1M	/data/gstudio-exported-users-analytics-csvs
16K	/data/gstudio-logs
12K	/data/gstudio_tools_logs
8.0K	/data/local_settings.py
17G	/data/media
271M	/data/nginx-logs
504K	/data/pg_dump_all.sql
2.7M	/data/postgres-dump
2.8M	/data/qbank
675M	/data/rcs-repo
4.0K	/data/server_settings.py
172K	/data/system-heartbeat
 

------------------------------------------------------------------------------------ 


Info-msg : No of directories and files in '/data/media/'. 

No of directories : 4002 

No of files       : 9629 

 

------------------------------------------------------------------------------------ 


Info-msg : uptime (uptime). 

 13:01:02 up 25 min,  0 users,  load average: 2.13, 1.86, 1.88
 

------------------------------------------------------------------------------------ 


Info-msg : current process (uptime). 

USER       PID %CPU %MEM    VSZ   RSS TTY      STAT START   TIME COMMAND
root         1  0.0  0.0   4456   752 ?        Ss   12:35   0:00 /bin/sh -c /home/docker/code/scripts/initialize.sh  | sed -e "s/^/$(date +%Y%m%d-%H%M%S) :  /"  2>&1 | tee -a ${LOG_INSTALL_DOCKER}
root         7  0.0  0.0  18000  2620 ?        S    12:35   0:00 /bin/bash /home/docker/code/scripts/initialize.sh
root         8  0.0  0.0  10996  1304 ?        S    12:35   0:00 sed -e s/^/20190425-123538 :  /
root        10  0.0  0.0   4360  1348 ?        S    12:35   0:00 tee -a /root/DockerLogs/$(DATE_LOG)-gsd-install.log
root        16 25.2  3.0 469840 241212 ?       Sl   12:35   6:25 mongod --config /home/docker/code/confs/mongod.conf
root        18  0.0  0.0  23664  1932 ?        Ss   12:35   0:00 /usr/sbin/cron
postgres    37  0.0  0.2 244856 19252 ?        S    12:35   0:00 /usr/lib/postgresql/9.3/bin/postgres -D /var/lib/postgresql/9.3/main -c config_file=/etc/postgresql/9.3/main/postgresql.conf
postgres   158  0.0  0.0 245000  5388 ?        Ss   12:36   0:00 postgres: checkpointer process                                                                                              
postgres   159  0.0  0.0 244856  4704 ?        Ss   12:36   0:00 postgres: writer process                                                                                                    
postgres   161  0.0  0.0 244856  3444 ?        Ss   12:36   0:00 postgres: wal writer process                                                                                                
postgres   162  0.0  0.0 245732  6224 ?        Ss   12:36   0:00 postgres: autovacuum launcher process                                                                                       
postgres   163  0.0  0.0 100692  3600 ?        Ss   12:36   0:00 postgres: stats collector process                                                                                           
root       184  0.0  0.0  25356  2864 ?        Ss   12:36   0:00 /usr/lib/postfix/master
postfix    193  0.0  0.0  27420  2872 ?        S    12:36   0:00 pickup -l -t unix -u -c
postfix    194  0.0  0.0  27468  2844 ?        S    12:36   0:00 qmgr -l -t unix -u
root       198  0.0  0.0  61388  3128 ?        Ss   12:36   0:00 /usr/sbin/sshd
memcache   205  0.0  0.0 329508  6556 ?        Sl   12:36   0:00 /usr/bin/memcached -m 64 -p 11211 -u memcache -l 127.0.0.1
rabbitmq   234  0.0  0.0   7512    92 ?        S    12:36   0:00 /usr/lib/erlang/erts-5.10.4/bin/epmd -daemon
rabbitmq   261  0.0  0.0   4456   760 ?        S    12:36   0:00 /bin/sh /usr/sbin/rabbitmq-server
rabbitmq   305  0.3  1.1 2303368 92528 ?       Sl   12:36   0:05 /usr/lib/erlang/erts-5.10.4/bin/beam.smp -W w -K true -A30 -P 1048576 -- -root /usr/lib/erlang -progname erl -- -home /var/lib/rabbitmq -- -pa /usr/lib/rabbitmq/lib/rabbitmq_server-3.2.4/sbin/../ebin -noshell -noinput -s rabbit boot -sname rabbit@clixserver -boot start_sasl -kernel inet_default_connect_options [{nodelay,true}] -sasl errlog_type error -sasl sasl_error_logger false -rabbit error_logger {file,"/var/log/rabbitmq/rabbit@clixserver.log"} -rabbit sasl_error_logger {file,"/var/log/rabbitmq/rabbit@clixserver-sasl.log"} -rabbit enabled_plugins_file "/etc/rabbitmq/enabled_plugins" -rabbit plugins_dir "/usr/lib/rabbitmq/lib/rabbitmq_server-3.2.4/sbin/../plugins" -rabbit plugins_expand_dir "/var/lib/rabbitmq/mnesia/rabbit@clixserver-plugins-expand" -os_mon start_cpu_sup false -os_mon start_disksup false -os_mon start_memsup false -mnesia dir "/var/lib/rabbitmq/mnesia/rabbit@clixserver"
rabbitmq   392  0.0  0.0   7476   900 ?        Ss   12:36   0:00 inet_gethost 4
rabbitmq   393  0.0  0.0   9568  1572 ?        S    12:36   0:00 inet_gethost 4
root       395  0.0  0.6 186436 49924 ?        S    12:36   0:00 python manage.py celeryd -f /var/log/celeryd.log -l INFO
root       422  0.0  0.1  33152  9916 ?        S    12:36   0:00 python -m smtpd -n -c DebuggingServer localhost:1025
root       425  0.0  0.7 859092 56524 ?        Sl   12:36   0:00 python main.py
root       431  0.0  0.2  52492 17092 ?        S    12:36   0:00 /usr/bin/python /usr/bin/supervisord -n
root       432  0.0  0.5 185788 42408 ?        S    12:36   0:00 python manage.py celeryd -f /var/log/celeryd.log -l INFO
root       433  0.0  0.5 185784 42412 ?        S    12:36   0:00 python manage.py celeryd -f /var/log/celeryd.log -l INFO
root       434  0.0  0.5 185784 42416 ?        S    12:36   0:00 python manage.py celeryd -f /var/log/celeryd.log -l INFO
root       435  0.0  0.5 185784 42420 ?        S    12:36   0:00 python manage.py celeryd -f /var/log/celeryd.log -l INFO
root       440  0.0  0.0  32536  6572 ?        S    12:36   0:00 nginx: master process /usr/sbin/nginx
root       441  0.0  0.2  63412 20464 ?        S    12:36   0:00 /usr/local/bin/uwsgi --ini /home/docker/code/confs/uwsgi.ini
www-data   442  0.0  0.0  32908  6284 ?        S    12:36   0:00 nginx: worker process
www-data   443  0.0  0.0  32908  5536 ?        S    12:36   0:00 nginx: worker process
www-data   444  0.0  0.0  32960  6072 ?        S    12:36   0:00 nginx: worker process
www-data   445  0.0  0.0  32908  5536 ?        S    12:36   0:00 nginx: worker process
root       446  0.0  0.1  63412 15740 ?        S    12:36   0:00 /usr/local/bin/uwsgi --ini /home/docker/code/confs/uwsgi.ini
root       447  0.0  1.0 260400 81392 ?        S    12:36   0:00 /usr/local/bin/uwsgi --ini /home/docker/code/confs/uwsgi.ini
root       448  0.0  0.1  63412 15740 ?        S    12:36   0:00 /usr/local/bin/uwsgi --ini /home/docker/code/confs/uwsgi.ini
root       449  0.0  1.0 262488 83636 ?        S    12:36   0:00 /usr/local/bin/uwsgi --ini /home/docker/code/confs/uwsgi.ini
root       776  0.0  0.0   4456   756 pts/0    Ss+  12:54   0:00 /bin/sh -c /bin/bash /home/docker/code/patch-26eaf18-r5-20190320/code-updates/python-files-exec.sh
root       783  0.0  0.0  18000  2840 pts/0    S+   12:54   0:00 /bin/bash /home/docker/code/patch-26eaf18-r5-20190320/code-updates/python-files-exec.sh
root      2981  4.2  0.6 182516 48504 pts/0    S+   12:58   0:06 python manage.py sync_users /home/docker/code/user-csvs/cc_users.csv
postgres  2991  0.0  0.1 246132 10612 ?        Ss   12:58   0:00 postgres: glab gstudio_psql 127.0.0.1(49718) idle                                                                           
root      5500  0.0  0.0  59648  2988 ?        S    13:01   0:00 /USR/SBIN/CRON
root      5501  0.0  0.0   4456   680 ?        Ss   13:01   0:00 /bin/sh -c /home/docker/code/scripts/system-heartbeat.sh  > /tmp/cron-system-heartbeat.log
root      5507  0.0  0.0   9588  2308 ?        S    13:01   0:00 /bin/bash /home/docker/code/scripts/system-heartbeat.sh
root      5508  0.0  0.0   9600  2620 ?        S    13:01   0:00 /bin/bash /home/docker/code/scripts/system-heartbeat.sh
root      5509  0.0  0.0   4360   676 ?        S    13:01   0:00 tee /data/system-heartbeat/system-heartbeat-20190425-130101.log
root      5545  0.0  0.0  15580  2124 ?        R    13:01   0:00 ps aux
 

------------------------------------------------------------------------------------ 


