Info-msg : Checking directory existence. 

/data/system-heartbeat/ directory exists
Info-msg : hostname of server (hostname). 

clixserver.tiss.edu
 

------------------------------------------------------------------------------------ 


Info-msg : internal ip addresses of the system (ip address). 

 

------------------------------------------------------------------------------------ 


Info-msg : external ip addresses of the system (public ip address). 


 

------------------------------------------------------------------------------------ 


Info-msg : RAM details (free -h). 

             total       used       free     shared    buffers     cached
Mem:          7.7G       2.1G       5.6G        95M       422M       672M
-/+ buffers/cache:       1.0G       6.7G
Swap:         7.6G         0B       7.6G
 

------------------------------------------------------------------------------------ 


Info-msg : HDD details (df -h). 

Filesystem      Size  Used Avail Use% Mounted on
overlay         908G   56G  806G   7% /
tmpfs            64M     0   64M   0% /dev
tmpfs           3.9G     0  3.9G   0% /sys/fs/cgroup
/dev/sda3       908G   56G  806G   7% /data
shm              64M     0   64M   0% /dev/shm
tmpfs           3.9G     0  3.9G   0% /proc/scsi
tmpfs           3.9G     0  3.9G   0% /sys/firmware
 

------------------------------------------------------------------------------------ 


Info-msg : Size description in '/data/'. 

8.0K	/data/2031025-mz25-activity-timestamp-csvs.tar.gz
45M	/data/2031025-mz25-assessment-media.tar.gz
4.0K	/data/2031025-mz25-gstudio_tools_logs.tar.gz
64K	/data/activity-timestamp-csvs
118M	/data/assessment-media
16K	/data/clixserver.tiss.edu
373M	/data/db
4.0K	/data/drop_database.sql
12K	/data/git-commit-details.log
2.1M	/data/gstudio-exported-users-analytics-csvs
16K	/data/gstudio-logs
12K	/data/gstudio_tools_logs
8.0K	/data/local_settings.py
17G	/data/media
271M	/data/nginx-logs
504K	/data/pg_dump_all.sql
2.8M	/data/postgres-dump
2.8M	/data/qbank
677M	/data/rcs-repo
4.0K	/data/server_settings.py
184K	/data/system-heartbeat
 

------------------------------------------------------------------------------------ 


Info-msg : No of directories and files in '/data/media/'. 

No of directories : 4003 

No of files       : 9635 

 

------------------------------------------------------------------------------------ 


Info-msg : uptime (uptime). 

 13:01:08 up 14 min,  0 users,  load average: 0.18, 0.23, 0.31
 

------------------------------------------------------------------------------------ 


Info-msg : current process (uptime). 

USER       PID %CPU %MEM    VSZ   RSS TTY      STAT START   TIME COMMAND
root         1  0.0  0.0   4456   724 ?        Ss   12:47   0:00 /bin/sh -c /home/docker/code/scripts/initialize.sh  | sed -e "s/^/$(date +%Y%m%d-%H%M%S) :  /"  2>&1 | tee -a ${LOG_INSTALL_DOCKER}
root        11  0.0  0.0  18000  2868 ?        S    12:47   0:00 /bin/bash /home/docker/code/scripts/initialize.sh
root        12  0.0  0.0  10996  1448 ?        S    12:47   0:00 sed -e s/^/20190507-124720 :  /
root        14  0.0  0.0   4360  1308 ?        S    12:47   0:00 tee -a /root/DockerLogs/$(DATE_LOG)-gsd-install.log
root        20  4.5  1.0 253172 85352 ?        Sl   12:47   0:37 mongod --config /home/docker/code/confs/mongod.conf
root        22  0.0  0.0  23664  2204 ?        Ss   12:47   0:00 /usr/sbin/cron
postgres    41  0.0  0.2 244856 19188 ?        S    12:47   0:00 /usr/lib/postgresql/9.3/bin/postgres -D /var/lib/postgresql/9.3/main -c config_file=/etc/postgresql/9.3/main/postgresql.conf
postgres    74  0.0  0.0 244856  3312 ?        Ss   12:47   0:00 postgres: checkpointer process                                                                                              
postgres    75  0.0  0.0 244856  4532 ?        Ss   12:47   0:00 postgres: writer process                                                                                                    
postgres    76  0.0  0.0 244856  3312 ?        Ss   12:47   0:00 postgres: wal writer process                                                                                                
postgres    77  0.0  0.0 245732  6164 ?        Ss   12:47   0:00 postgres: autovacuum launcher process                                                                                       
postgres    78  0.0  0.0 100668  3676 ?        Ss   12:47   0:00 postgres: stats collector process                                                                                           
root       181  0.0  0.0  25356  2804 ?        Ss   12:47   0:00 /usr/lib/postfix/master
postfix    186  0.0  0.0  27420  2864 ?        S    12:47   0:00 pickup -l -t unix -u -c
postfix    187  0.0  0.0  27468  2880 ?        S    12:47   0:00 qmgr -l -t unix -u
root       195  0.0  0.0  61388  3016 ?        Ss   12:47   0:00 /usr/sbin/sshd
memcache   202  0.0  0.0  63264  2672 ?        Sl   12:47   0:00 /usr/bin/memcached -m 64 -p 11211 -u memcache -l 127.0.0.1
rabbitmq   231  0.0  0.0   7512    88 ?        S    12:47   0:00 /usr/lib/erlang/erts-5.10.4/bin/epmd -daemon
rabbitmq   255  0.0  0.0   4456   856 ?        S    12:47   0:00 /bin/sh /usr/sbin/rabbitmq-server
rabbitmq   300  0.6  1.1 2305672 93552 ?       Sl   12:47   0:05 /usr/lib/erlang/erts-5.10.4/bin/beam.smp -W w -K true -A30 -P 1048576 -- -root /usr/lib/erlang -progname erl -- -home /var/lib/rabbitmq -- -pa /usr/lib/rabbitmq/lib/rabbitmq_server-3.2.4/sbin/../ebin -noshell -noinput -s rabbit boot -sname rabbit@clixserver -boot start_sasl -kernel inet_default_connect_options [{nodelay,true}] -sasl errlog_type error -sasl sasl_error_logger false -rabbit error_logger {file,"/var/log/rabbitmq/rabbit@clixserver.log"} -rabbit sasl_error_logger {file,"/var/log/rabbitmq/rabbit@clixserver-sasl.log"} -rabbit enabled_plugins_file "/etc/rabbitmq/enabled_plugins" -rabbit plugins_dir "/usr/lib/rabbitmq/lib/rabbitmq_server-3.2.4/sbin/../plugins" -rabbit plugins_expand_dir "/var/lib/rabbitmq/mnesia/rabbit@clixserver-plugins-expand" -os_mon start_cpu_sup false -os_mon start_disksup false -os_mon start_memsup false -mnesia dir "/var/lib/rabbitmq/mnesia/rabbit@clixserver"
root       337  0.2  0.6 186428 50180 ?        S    12:47   0:01 python manage.py celeryd -f /var/log/celeryd.log -l INFO
root       410  0.0  0.1  33152  9984 ?        S    12:47   0:00 python -m smtpd -n -c DebuggingServer localhost:1025
rabbitmq   412  0.0  0.0   7476   916 ?        Ss   12:47   0:00 inet_gethost 4
root       414  0.0  0.7 859096 56668 ?        Sl   12:47   0:00 python main.py
rabbitmq   419  0.0  0.0   9568  1568 ?        S    12:47   0:00 inet_gethost 4
root       423  0.0  0.2  52492 16928 ?        S    12:47   0:00 /usr/bin/python /usr/bin/supervisord -n
root       426  0.0  0.5 185780 42496 ?        S    12:47   0:00 python manage.py celeryd -f /var/log/celeryd.log -l INFO
root       427  0.0  0.5 185776 42500 ?        S    12:47   0:00 python manage.py celeryd -f /var/log/celeryd.log -l INFO
root       428  0.0  0.5 185776 42504 ?        S    12:47   0:00 python manage.py celeryd -f /var/log/celeryd.log -l INFO
root       429  0.0  0.5 185776 42512 ?        S    12:47   0:00 python manage.py celeryd -f /var/log/celeryd.log -l INFO
root       440  0.0  0.0  32536  6436 ?        S    12:47   0:00 nginx: master process /usr/sbin/nginx
root       441  0.0  0.2  63412 20488 ?        S    12:47   0:00 /usr/local/bin/uwsgi --ini /home/docker/code/confs/uwsgi.ini
www-data   442  0.0  0.0  32908  3920 ?        S    12:47   0:00 nginx: worker process
www-data   443  0.0  0.0  32908  3920 ?        S    12:47   0:00 nginx: worker process
www-data   444  0.0  0.0  32908  3920 ?        S    12:47   0:00 nginx: worker process
www-data   445  0.0  0.0  32908  3920 ?        S    12:47   0:00 nginx: worker process
root       446  0.0  0.1  63412 15736 ?        S    12:47   0:00 /usr/local/bin/uwsgi --ini /home/docker/code/confs/uwsgi.ini
root       447  0.0  0.1  63412 15736 ?        S    12:47   0:00 /usr/local/bin/uwsgi --ini /home/docker/code/confs/uwsgi.ini
root       448  0.0  0.1  63412 15736 ?        S    12:47   0:00 /usr/local/bin/uwsgi --ini /home/docker/code/confs/uwsgi.ini
root       449  0.0  0.1  63412 15736 ?        S    12:47   0:00 /usr/local/bin/uwsgi --ini /home/docker/code/confs/uwsgi.ini
root       629  0.0  0.0  59648  2944 ?        S    13:01   0:00 /USR/SBIN/CRON
root       630  0.0  0.0   4456   692 ?        Ss   13:01   0:00 /bin/sh -c /home/docker/code/scripts/system-heartbeat.sh  > /tmp/cron-system-heartbeat.log
root       631  0.0  0.0   9588  2316 ?        S    13:01   0:00 /bin/bash /home/docker/code/scripts/system-heartbeat.sh
root       632  0.0  0.0   9600  2632 ?        S    13:01   0:00 /bin/bash /home/docker/code/scripts/system-heartbeat.sh
root       633  0.0  0.0   4360   656 ?        S    13:01   0:00 tee /data/system-heartbeat/system-heartbeat-20190507-130101.log
root       657  0.0  0.0  15580  2152 ?        R    13:01   0:00 ps aux
 

------------------------------------------------------------------------------------ 


