Info-msg : Checking directory existence. 

/data/system-heartbeat/ directory exists
Info-msg : hostname of server (hostname). 

clixserver.tiss.edu
 

------------------------------------------------------------------------------------ 


Info-msg : internal ip addresses of the system (ip address). 

 

------------------------------------------------------------------------------------ 


Info-msg : external ip addresses of the system (public ip address). 


 

------------------------------------------------------------------------------------ 


Info-msg : RAM details (free -h). 

             total       used       free     shared    buffers     cached
Mem:          7.7G       4.3G       3.4G       227M       532M       1.7G
-/+ buffers/cache:       2.1G       5.6G
Swap:         7.6G         0B       7.6G
 

------------------------------------------------------------------------------------ 


Info-msg : HDD details (df -h). 

Filesystem      Size  Used Avail Use% Mounted on
overlay         908G   55G  807G   7% /
tmpfs            64M     0   64M   0% /dev
tmpfs           3.9G     0  3.9G   0% /sys/fs/cgroup
/dev/sda3       908G   55G  807G   7% /data
shm              64M     0   64M   0% /dev/shm
tmpfs           3.9G     0  3.9G   0% /proc/scsi
tmpfs           3.9G     0  3.9G   0% /sys/firmware
 

------------------------------------------------------------------------------------ 


Info-msg : Size description in '/data/'. 

8.0K	/data/2031025-mz25-activity-timestamp-csvs.tar.gz
44M	/data/2031025-mz25-assessment-media.tar.gz
4.0K	/data/2031025-mz25-gstudio_tools_logs.tar.gz
64K	/data/activity-timestamp-csvs
115M	/data/assessment-media
16K	/data/clixserver.tiss.edu
372M	/data/db
4.0K	/data/drop_database.sql
12K	/data/git-commit-details.log
1.9M	/data/gstudio-exported-users-analytics-csvs
16K	/data/gstudio-logs
12K	/data/gstudio_tools_logs
8.0K	/data/local_settings.py
17G	/data/media
263M	/data/nginx-logs
504K	/data/pg_dump_all.sql
2.7M	/data/postgres-dump
2.5M	/data/qbank
672M	/data/rcs-repo
4.0K	/data/server_settings.py
136K	/data/system-heartbeat
 

------------------------------------------------------------------------------------ 


Info-msg : No of directories and files in '/data/media/'. 

No of directories : 4002 

No of files       : 9629 

 

------------------------------------------------------------------------------------ 


Info-msg : uptime (uptime). 

 21:01:01 up  1:18,  0 users,  load average: 1.09, 1.20, 1.12
 

------------------------------------------------------------------------------------ 


Info-msg : current process (uptime). 

USER       PID %CPU %MEM    VSZ   RSS TTY      STAT START   TIME COMMAND
root         1  0.0  0.0   4456   740 ?        Ss   19:43   0:00 /bin/sh -c /home/docker/code/scripts/initialize.sh  | sed -e "s/^/$(date +%Y%m%d-%H%M%S) :  /"  2>&1 | tee -a ${LOG_INSTALL_DOCKER}
root         7  0.0  0.0  18000  2832 ?        S    19:43   0:00 /bin/bash /home/docker/code/scripts/initialize.sh
root         8  0.0  0.0  10996  1436 ?        S    19:43   0:00 sed -e s/^/20190123-194323 :  /
root        10  0.0  0.0   4360  1308 ?        S    19:43   0:00 tee -a /root/DockerLogs/$(DATE_LOG)-gsd-install.log
root        16 46.1  3.4 540352 278052 ?       Sl   19:43  35:47 mongod --config /home/docker/code/confs/mongod.conf
root        18  0.0  0.0  23664  2144 ?        Ss   19:43   0:00 /usr/sbin/cron
postgres    36  0.0  0.2 244856 19192 ?        S    19:43   0:00 /usr/lib/postgresql/9.3/bin/postgres -D /var/lib/postgresql/9.3/main -c config_file=/etc/postgresql/9.3/main/postgresql.conf
postgres    70  0.0  0.0 244992  5700 ?        Ss   19:43   0:00 postgres: checkpointer process                                                                                              
postgres    71  0.0  0.0 244856  4592 ?        Ss   19:43   0:00 postgres: writer process                                                                                                    
postgres    72  0.0  0.0 244856  3328 ?        Ss   19:43   0:00 postgres: wal writer process                                                                                                
postgres    73  0.0  0.0 245732  5984 ?        Ss   19:43   0:00 postgres: autovacuum launcher process                                                                                       
postgres    74  0.0  0.0 100820  3580 ?        Ss   19:43   0:00 postgres: stats collector process                                                                                           
root       177  0.0  0.0  25356  2960 ?        Ss   19:43   0:00 /usr/lib/postfix/master
postfix    182  0.0  0.0  27420  2896 ?        S    19:43   0:00 pickup -l -t unix -u -c
postfix    183  0.0  0.0  27468  2872 ?        S    19:43   0:00 qmgr -l -t unix -u
root       191  0.0  0.0  61388  3108 ?        Ss   19:43   0:00 /usr/sbin/sshd
rabbitmq   219  0.0  0.0   7512    88 ?        S    19:43   0:00 /usr/lib/erlang/erts-5.10.4/bin/epmd -daemon
rabbitmq   246  0.0  0.0   4456   860 ?        S    19:43   0:00 /bin/sh /usr/sbin/rabbitmq-server
rabbitmq   290  0.4  1.1 2303368 92664 ?       Sl   19:43   0:19 /usr/lib/erlang/erts-5.10.4/bin/beam.smp -W w -K true -A30 -P 1048576 -- -root /usr/lib/erlang -progname erl -- -home /var/lib/rabbitmq -- -pa /usr/lib/rabbitmq/lib/rabbitmq_server-3.2.4/sbin/../ebin -noshell -noinput -s rabbit boot -sname rabbit@clixserver -boot start_sasl -kernel inet_default_connect_options [{nodelay,true}] -sasl errlog_type error -sasl sasl_error_logger false -rabbit error_logger {file,"/var/log/rabbitmq/rabbit@clixserver.log"} -rabbit sasl_error_logger {file,"/var/log/rabbitmq/rabbit@clixserver-sasl.log"} -rabbit enabled_plugins_file "/etc/rabbitmq/enabled_plugins" -rabbit plugins_dir "/usr/lib/rabbitmq/lib/rabbitmq_server-3.2.4/sbin/../plugins" -rabbit plugins_expand_dir "/var/lib/rabbitmq/mnesia/rabbit@clixserver-plugins-expand" -os_mon start_cpu_sup false -os_mon start_disksup false -os_mon start_memsup false -mnesia dir "/var/lib/rabbitmq/mnesia/rabbit@clixserver"
rabbitmq   377  0.0  0.0   7476   932 ?        Ss   19:43   0:00 inet_gethost 4
rabbitmq   378  0.0  0.0   9568  1588 ?        S    19:43   0:00 inet_gethost 4
root       380  0.0  0.6 186436 50056 ?        S    19:43   0:01 python manage.py celeryd -f /var/log/celeryd.log -l INFO
root       403  0.0  0.1  33152  9820 ?        S    19:43   0:00 python -m smtpd -n -c DebuggingServer localhost:1025
root       406  2.0  1.2 887300 104132 ?       Sl   19:43   1:36 python main.py
root       412  0.0  0.2  52492 16852 ?        S    19:43   0:00 /usr/bin/python /usr/bin/supervisord -n
root       415  0.0  0.5 185788 42500 ?        S    19:43   0:00 python manage.py celeryd -f /var/log/celeryd.log -l INFO
root       416  0.0  0.5 185784 42508 ?        S    19:43   0:00 python manage.py celeryd -f /var/log/celeryd.log -l INFO
root       417  0.0  0.5 185784 42504 ?        S    19:43   0:00 python manage.py celeryd -f /var/log/celeryd.log -l INFO
root       418  0.0  0.5 185784 42512 ?        S    19:43   0:00 python manage.py celeryd -f /var/log/celeryd.log -l INFO
root       431  0.0  0.0  32536  6432 ?        S    19:43   0:00 nginx: master process /usr/sbin/nginx
root       432  0.0  0.2  63412 20532 ?        S    19:43   0:00 /usr/local/bin/uwsgi --ini /home/docker/code/confs/uwsgi.ini
www-data   433  0.0  0.0  33520  6900 ?        S    19:43   0:01 nginx: worker process
www-data   434  0.0  0.0  33752  6924 ?        S    19:43   0:03 nginx: worker process
www-data   435  0.0  0.0  33752  6912 ?        S    19:43   0:03 nginx: worker process
www-data   436  0.0  0.0  33488  6784 ?        S    19:43   0:01 nginx: worker process
root       437  0.5  1.2 280788 101860 ?       S    19:43   0:23 /usr/local/bin/uwsgi --ini /home/docker/code/confs/uwsgi.ini
root       438  0.4  1.2 280460 101540 ?       S    19:43   0:22 /usr/local/bin/uwsgi --ini /home/docker/code/confs/uwsgi.ini
root       439  0.7  1.2 280620 101564 ?       R    19:43   0:33 /usr/local/bin/uwsgi --ini /home/docker/code/confs/uwsgi.ini
root       440  1.3  1.2 280088 101512 ?       S    19:43   1:02 /usr/local/bin/uwsgi --ini /home/docker/code/confs/uwsgi.ini
root     23496  0.0  0.0  59648  3052 ?        S    21:01   0:00 /USR/SBIN/CRON
root     23497  0.0  0.0   4456   784 ?        Ss   21:01   0:00 /bin/sh -c /home/docker/code/scripts/system-heartbeat.sh  > /tmp/cron-system-heartbeat.log
root     23498  0.0  0.0   9588  2292 ?        S    21:01   0:00 /bin/bash /home/docker/code/scripts/system-heartbeat.sh
root     23499  0.0  0.0   9600  2600 ?        S    21:01   0:00 /bin/bash /home/docker/code/scripts/system-heartbeat.sh
root     23500  0.0  0.0   4360   748 ?        S    21:01   0:00 tee /data/system-heartbeat/system-heartbeat-20190123-210101.log
postgres 23517  0.0  0.1 246680 11172 ?        Ss   21:01   0:00 postgres: glab gstudio_psql 127.0.0.1(48576) idle                                                                           
root     23522  0.0  0.0  15580  2144 ?        R    21:01   0:00 ps aux
 

------------------------------------------------------------------------------------ 


