Info-msg : Checking directory existence. 

/data/system-heartbeat/ directory exists
Info-msg : hostname of server (hostname). 

clixserver.tiss.edu
 

------------------------------------------------------------------------------------ 


Info-msg : internal ip addresses of the system (ip address). 

 

------------------------------------------------------------------------------------ 


Info-msg : external ip addresses of the system (public ip address). 


 

------------------------------------------------------------------------------------ 


Info-msg : RAM details (free -h). 

             total       used       free     shared    buffers     cached
Mem:          7.7G       6.9G       792M       231M       682M       4.3G
-/+ buffers/cache:       1.9G       5.8G
Swap:         7.6G         0B       7.6G
 

------------------------------------------------------------------------------------ 


Info-msg : HDD details (df -h). 

Filesystem      Size  Used Avail Use% Mounted on
overlay         908G   39G  823G   5% /
tmpfs            64M     0   64M   0% /dev
tmpfs           3.9G     0  3.9G   0% /sys/fs/cgroup
/dev/sda3       908G   39G  823G   5% /data
shm              64M     0   64M   0% /dev/shm
tmpfs           3.9G     0  3.9G   0% /proc/scsi
tmpfs           3.9G     0  3.9G   0% /sys/firmware
 

------------------------------------------------------------------------------------ 


Info-msg : Size description in '/data/'. 

4.0K	/data/2031025-mz25-activity-timestamp-csvs.tar.gz
44M	/data/2031025-mz25-assessment-media.tar.gz
4.0K	/data/2031025-mz25-gstudio_tools_logs.tar.gz
64K	/data/activity-timestamp-csvs
114M	/data/assessment-media
16K	/data/clixserver.tiss.edu
361M	/data/db
4.0K	/data/drop_database.sql
12K	/data/git-commit-details.log
172K	/data/gstudio-exported-users-analytics-csvs
8.0K	/data/gstudio-logs
8.0K	/data/local_settings.py
17G	/data/media
8.0K	/data/nginx-logs
504K	/data/pg_dump_all.sql
2.7M	/data/postgres-dump
2.1M	/data/qbank
670M	/data/rcs-repo
4.0K	/data/server_settings.py
16K	/data/system-heartbeat
 

------------------------------------------------------------------------------------ 


Info-msg : No of directories and files in '/data/media/'. 

No of directories : 4002 

No of files       : 9629 

 

------------------------------------------------------------------------------------ 


Info-msg : uptime (uptime). 

 19:01:02 up 39 min,  0 users,  load average: 0.37, 0.61, 1.09
 

------------------------------------------------------------------------------------ 


Info-msg : current process (uptime). 

USER       PID %CPU %MEM    VSZ   RSS TTY      STAT START   TIME COMMAND
root         1  0.0  0.0   4456   684 ?        Ss   18:55   0:00 /bin/sh -c /home/docker/code/scripts/initialize.sh  | sed -e "s/^/$(date +%Y%m%d-%H%M%S) :  /"  2>&1 | tee -a ${LOG_INSTALL_DOCKER}
root         8  0.0  0.0  18000  2960 ?        S    18:55   0:00 /bin/bash /home/docker/code/scripts/initialize.sh
root         9  0.0  0.0  10996  1408 ?        S    18:55   0:00 sed -e s/^/20181005-185532 :  /
root        10  0.0  0.0   4360  1300 ?        S    18:55   0:00 tee -a /root/DockerLogs/$(DATE_LOG)-gsd-install.log
root        17  4.7  1.1 257284 89484 ?        Sl   18:55   0:15 mongod --config /home/docker/code/confs/mongod.conf
root        19  0.0  0.0  23664  2132 ?        Ss   18:55   0:00 /usr/sbin/cron
postgres    38  0.0  0.2 244856 19420 ?        S    18:55   0:00 /usr/lib/postgresql/9.3/bin/postgres -D /var/lib/postgresql/9.3/main -c config_file=/etc/postgresql/9.3/main/postgresql.conf
postgres    58  0.0  0.0 244856  3216 ?        Ss   18:55   0:00 postgres: checkpointer process                                                                                              
postgres    59  0.0  0.0 244856  4560 ?        Ss   18:55   0:00 postgres: writer process                                                                                                    
postgres    60  0.0  0.0 244856  3216 ?        Ss   18:55   0:00 postgres: wal writer process                                                                                                
postgres    61  0.0  0.0 245732  5948 ?        Ss   18:55   0:00 postgres: autovacuum launcher process                                                                                       
postgres    62  0.0  0.0 100668  3524 ?        Ss   18:55   0:00 postgres: stats collector process                                                                                           
root       165  0.0  0.0  25356  2808 ?        Ss   18:55   0:00 /usr/lib/postfix/master
postfix    170  0.0  0.0  27420  2780 ?        S    18:55   0:00 pickup -l -t unix -u -c
postfix    171  0.0  0.0  27468  2872 ?        S    18:55   0:00 qmgr -l -t unix -u
root       179  0.0  0.0  61388  3152 ?        Ss   18:55   0:00 /usr/sbin/sshd
memcache   186  0.0  0.0  63264  2696 ?        Sl   18:55   0:00 /usr/bin/memcached -m 64 -p 11211 -u memcache -l 127.0.0.1
rabbitmq   215  0.0  0.0   7512    92 ?        S    18:55   0:00 /usr/lib/erlang/erts-5.10.4/bin/epmd -daemon
rabbitmq   242  0.0  0.0   4456   756 ?        S    18:55   0:00 /bin/sh /usr/sbin/rabbitmq-server
rabbitmq   286  0.8  1.1 2305672 93840 ?       Sl   18:55   0:02 /usr/lib/erlang/erts-5.10.4/bin/beam.smp -W w -K true -A30 -P 1048576 -- -root /usr/lib/erlang -progname erl -- -home /var/lib/rabbitmq -- -pa /usr/lib/rabbitmq/lib/rabbitmq_server-3.2.4/sbin/../ebin -noshell -noinput -s rabbit boot -sname rabbit@clixserver -boot start_sasl -kernel inet_default_connect_options [{nodelay,true}] -sasl errlog_type error -sasl sasl_error_logger false -rabbit error_logger {file,"/var/log/rabbitmq/rabbit@clixserver.log"} -rabbit sasl_error_logger {file,"/var/log/rabbitmq/rabbit@clixserver-sasl.log"} -rabbit enabled_plugins_file "/etc/rabbitmq/enabled_plugins" -rabbit plugins_dir "/usr/lib/rabbitmq/lib/rabbitmq_server-3.2.4/sbin/../plugins" -rabbit plugins_expand_dir "/var/lib/rabbitmq/mnesia/rabbit@clixserver-plugins-expand" -os_mon start_cpu_sup false -os_mon start_disksup false -os_mon start_memsup false -mnesia dir "/var/lib/rabbitmq/mnesia/rabbit@clixserver"
rabbitmq   373  0.0  0.0   7476   960 ?        Ss   18:55   0:00 inet_gethost 4
rabbitmq   374  0.0  0.0   9568  1604 ?        S    18:55   0:00 inet_gethost 4
root       376  0.2  0.6 186428 50232 ?        S    18:55   0:00 python manage.py celeryd -f /var/log/celeryd.log -l INFO
root       399  0.0  0.1  33152  9896 ?        S    18:55   0:00 python -m smtpd -n -c DebuggingServer localhost:1025
root       402  0.1  0.6 859092 56600 ?        Sl   18:55   0:00 python main.py
root       406  0.0  0.5 185780 42496 ?        S    18:55   0:00 python manage.py celeryd -f /var/log/celeryd.log -l INFO
root       407  0.0  0.5 185776 42500 ?        S    18:55   0:00 python manage.py celeryd -f /var/log/celeryd.log -l INFO
root       408  0.0  0.5 185776 42504 ?        S    18:55   0:00 python manage.py celeryd -f /var/log/celeryd.log -l INFO
root       409  0.0  0.5 185776 42512 ?        S    18:55   0:00 python manage.py celeryd -f /var/log/celeryd.log -l INFO
root       412  0.0  0.2  52492 16980 ?        S    18:55   0:00 /usr/bin/python /usr/bin/supervisord -n
root       427  0.0  0.0  32536  6556 ?        S    18:55   0:00 nginx: master process /usr/sbin/nginx
root       428  0.0  0.2  63412 20532 ?        S    18:55   0:00 /usr/local/bin/uwsgi --ini /home/docker/code/confs/uwsgi.ini
www-data   429  0.0  0.0  32908  3988 ?        S    18:55   0:00 nginx: worker process
www-data   430  0.0  0.0  32908  3988 ?        S    18:55   0:00 nginx: worker process
www-data   431  0.0  0.0  32908  3988 ?        S    18:55   0:00 nginx: worker process
www-data   432  0.0  0.0  32908  3988 ?        S    18:55   0:00 nginx: worker process
root       433  0.0  0.1  63412 15900 ?        S    18:55   0:00 /usr/local/bin/uwsgi --ini /home/docker/code/confs/uwsgi.ini
root       434  0.0  0.1  63412 15900 ?        S    18:55   0:00 /usr/local/bin/uwsgi --ini /home/docker/code/confs/uwsgi.ini
root       435  0.0  0.1  63412 15900 ?        S    18:55   0:00 /usr/local/bin/uwsgi --ini /home/docker/code/confs/uwsgi.ini
root       436  0.0  0.1  63412 15900 ?        S    18:55   0:00 /usr/local/bin/uwsgi --ini /home/docker/code/confs/uwsgi.ini
root       508  0.0  0.0  59648  3056 ?        S    19:01   0:00 /USR/SBIN/CRON
root       509  0.0  0.0   4456   780 ?        Ss   19:01   0:00 /bin/sh -c /home/docker/code/scripts/system-heartbeat.sh  > /tmp/cron-system-heartbeat.log
root       510  0.0  0.0   9588  2336 ?        S    19:01   0:00 /bin/bash /home/docker/code/scripts/system-heartbeat.sh
root       511  0.0  0.0   9600  2472 ?        S    19:01   0:00 /bin/bash /home/docker/code/scripts/system-heartbeat.sh
root       512  0.0  0.0   4360   660 ?        S    19:01   0:00 tee /data/system-heartbeat/system-heartbeat-20181005-190101.log
root       533  0.0  0.0  15580  2156 ?        R    19:01   0:00 ps aux
 

------------------------------------------------------------------------------------ 


