Info-msg : Checking directory existence. 

/data/system-heartbeat/ directory exists
Info-msg : hostname of server (hostname). 

clixserver.tiss.edu
 

------------------------------------------------------------------------------------ 


Info-msg : internal ip addresses of the system (ip address). 

 

------------------------------------------------------------------------------------ 


Info-msg : external ip addresses of the system (public ip address). 


 

------------------------------------------------------------------------------------ 


Info-msg : RAM details (free -h). 

             total       used       free     shared    buffers     cached
Mem:          7.7G       2.8G       4.9G       219M        97M       1.0G
-/+ buffers/cache:       1.7G       6.0G
Swap:         7.6G         0B       7.6G
 

------------------------------------------------------------------------------------ 


Info-msg : HDD details (df -h). 

Filesystem      Size  Used Avail Use% Mounted on
overlay         908G   56G  806G   7% /
tmpfs            64M     0   64M   0% /dev
tmpfs           3.9G     0  3.9G   0% /sys/fs/cgroup
/dev/sda3       908G   56G  806G   7% /data
shm              64M     0   64M   0% /dev/shm
tmpfs           3.9G     0  3.9G   0% /proc/scsi
tmpfs           3.9G     0  3.9G   0% /sys/firmware
 

------------------------------------------------------------------------------------ 


Info-msg : Size description in '/data/'. 

4.0K	/data/2031010-mz10-activity-timestamp-csvs.tar.gz
44M	/data/2031010-mz10-assessment-media.tar.gz
4.0K	/data/2031010-mz10-gstudio_tools_logs.tar.gz
64K	/data/activity-timestamp-csvs
114M	/data/assessment-media
16K	/data/clixserver.tiss.edu
361M	/data/db
4.0K	/data/drop_database.sql
12K	/data/git-commit-details.log
172K	/data/gstudio-exported-users-analytics-csvs
8.0K	/data/gstudio-logs
8.0K	/data/local_settings.py
17G	/data/media
11M	/data/nginx-logs
504K	/data/pg_dump_all.sql
2.7M	/data/postgres-dump
3.6M	/data/qbank
670M	/data/rcs-repo
4.0K	/data/server_settings.py
16K	/data/system-heartbeat
 

------------------------------------------------------------------------------------ 


Info-msg : No of directories and files in '/data/media/'. 

No of directories : 4002 

No of files       : 9629 

 

------------------------------------------------------------------------------------ 


Info-msg : uptime (uptime). 

 14:01:10 up 17 min,  0 users,  load average: 0.37, 0.21, 0.23
 

------------------------------------------------------------------------------------ 


Info-msg : current process (uptime). 

USER       PID %CPU %MEM    VSZ   RSS TTY      STAT START   TIME COMMAND
root         1  0.0  0.0   4456   732 ?        Ss   13:44   0:00 /bin/sh -c /home/docker/code/scripts/initialize.sh  | sed -e "s/^/$(date +%Y%m%d-%H%M%S) :  /"  2>&1 | tee -a ${LOG_INSTALL_DOCKER}
root         8  0.0  0.0  18000  2860 ?        S    13:44   0:00 /bin/bash /home/docker/code/scripts/initialize.sh
root        14  0.0  0.0  10996  1564 ?        S    13:44   0:00 sed -e s/^/20180827-134408 :  /
root        16  0.0  0.0   4360  1376 ?        S    13:44   0:00 tee -a /root/DockerLogs/$(DATE_LOG)-gsd-install.log
root        17 10.1  2.4 414384 200176 ?       Sl   13:44   1:43 mongod --config /home/docker/code/confs/mongod.conf
root        19  0.0  0.0  23664  2112 ?        Ss   13:44   0:00 /usr/sbin/cron
postgres    45  0.0  0.2 244856 19248 ?        S    13:44   0:00 /usr/lib/postgresql/9.3/bin/postgres -D /var/lib/postgresql/9.3/main -c config_file=/etc/postgresql/9.3/main/postgresql.conf
postgres    59  0.0  0.0 244856  3260 ?        Ss   13:44   0:00 postgres: checkpointer process                                                                                              
postgres    60  0.0  0.0 244856  4628 ?        Ss   13:44   0:00 postgres: writer process                                                                                                    
postgres    61  0.0  0.0 244856  3260 ?        Ss   13:44   0:00 postgres: wal writer process                                                                                                
postgres    62  0.0  0.0 245732  6080 ?        Ss   13:44   0:00 postgres: autovacuum launcher process                                                                                       
postgres    63  0.0  0.0 100668  3524 ?        Ss   13:44   0:00 postgres: stats collector process                                                                                           
root       166  0.0  0.0  25356  2908 ?        Ss   13:44   0:00 /usr/lib/postfix/master
postfix    171  0.0  0.0  27420  2788 ?        S    13:44   0:00 pickup -l -t unix -u -c
postfix    172  0.0  0.0  27468  2880 ?        S    13:44   0:00 qmgr -l -t unix -u
root       180  0.0  0.0  61388  3084 ?        Ss   13:44   0:00 /usr/sbin/sshd
memcache   187  0.0  0.1 332504  9688 ?        Sl   13:44   0:00 /usr/bin/memcached -m 64 -p 11211 -u memcache -l 127.0.0.1
rabbitmq   216  0.0  0.0   7512    92 ?        S    13:44   0:00 /usr/lib/erlang/erts-5.10.4/bin/epmd -daemon
rabbitmq   243  0.0  0.0   4456   760 ?        S    13:44   0:00 /bin/sh /usr/sbin/rabbitmq-server
rabbitmq   287  0.6  1.1 2305928 93968 ?       Sl   13:44   0:06 /usr/lib/erlang/erts-5.10.4/bin/beam.smp -W w -K true -A30 -P 1048576 -- -root /usr/lib/erlang -progname erl -- -home /var/lib/rabbitmq -- -pa /usr/lib/rabbitmq/lib/rabbitmq_server-3.2.4/sbin/../ebin -noshell -noinput -s rabbit boot -sname rabbit@clixserver -boot start_sasl -kernel inet_default_connect_options [{nodelay,true}] -sasl errlog_type error -sasl sasl_error_logger false -rabbit error_logger {file,"/var/log/rabbitmq/rabbit@clixserver.log"} -rabbit sasl_error_logger {file,"/var/log/rabbitmq/rabbit@clixserver-sasl.log"} -rabbit enabled_plugins_file "/etc/rabbitmq/enabled_plugins" -rabbit plugins_dir "/usr/lib/rabbitmq/lib/rabbitmq_server-3.2.4/sbin/../plugins" -rabbit plugins_expand_dir "/var/lib/rabbitmq/mnesia/rabbit@clixserver-plugins-expand" -os_mon start_cpu_sup false -os_mon start_disksup false -os_mon start_memsup false -mnesia dir "/var/lib/rabbitmq/mnesia/rabbit@clixserver"
rabbitmq   374  0.0  0.0   7476   884 ?        Ss   13:44   0:00 inet_gethost 4
rabbitmq   375  0.0  0.0   9568  1596 ?        S    13:44   0:00 inet_gethost 4
root       377  0.2  0.6 186428 50132 ?        S    13:44   0:02 python manage.py celeryd -f /var/log/celeryd.log -l INFO
root       400  0.0  0.1  33152  9936 ?        S    13:44   0:00 python -m smtpd -n -c DebuggingServer localhost:1025
root       403  0.1  1.0 879620 85236 ?        Sl   13:44   0:01 python main.py
root       405  0.0  0.5 185776 42484 ?        S    13:44   0:00 python manage.py celeryd -f /var/log/celeryd.log -l INFO
root       406  0.0  0.5 185772 42488 ?        S    13:44   0:00 python manage.py celeryd -f /var/log/celeryd.log -l INFO
root       407  0.0  0.5 185772 42492 ?        S    13:44   0:00 python manage.py celeryd -f /var/log/celeryd.log -l INFO
root       408  0.0  0.5 185772 42500 ?        S    13:44   0:00 python manage.py celeryd -f /var/log/celeryd.log -l INFO
root       413  0.0  0.2  52492 17088 ?        S    13:44   0:00 /usr/bin/python /usr/bin/supervisord -n
root       428  0.0  0.0  32536  6412 ?        S    13:44   0:00 nginx: master process /usr/sbin/nginx
root       429  0.0  0.2  63412 20536 ?        S    13:44   0:00 /usr/local/bin/uwsgi --ini /home/docker/code/confs/uwsgi.ini
www-data   430  0.0  0.0  33224  6348 ?        S    13:44   0:00 nginx: worker process
www-data   431  0.0  0.0  33344  6548 ?        S    13:44   0:00 nginx: worker process
www-data   432  0.0  0.0  33356  6704 ?        S    13:44   0:00 nginx: worker process
www-data   433  0.0  0.0  33356  6696 ?        S    13:44   0:00 nginx: worker process
root       434  0.1  1.2 282020 102856 ?       S    13:44   0:01 /usr/local/bin/uwsgi --ini /home/docker/code/confs/uwsgi.ini
root       435  0.1  1.2 282196 103156 ?       S    13:44   0:01 /usr/local/bin/uwsgi --ini /home/docker/code/confs/uwsgi.ini
root       436  0.1  1.2 282216 102976 ?       S    13:44   0:01 /usr/local/bin/uwsgi --ini /home/docker/code/confs/uwsgi.ini
root       437  0.7  1.2 282720 103504 ?       S    13:44   0:07 /usr/local/bin/uwsgi --ini /home/docker/code/confs/uwsgi.ini
root       887  0.0  0.0  59648  3032 ?        S    14:01   0:00 /USR/SBIN/CRON
root       888  0.0  0.0   4456   764 ?        Ss   14:01   0:00 /bin/sh -c /home/docker/code/scripts/system-heartbeat.sh  > /tmp/cron-system-heartbeat.log
root       889  0.0  0.0   9588  2204 ?        S    14:01   0:00 /bin/bash /home/docker/code/scripts/system-heartbeat.sh
root       890  0.0  0.0   9600  2408 ?        S    14:01   0:00 /bin/bash /home/docker/code/scripts/system-heartbeat.sh
root       891  0.0  0.0   4360   652 ?        S    14:01   0:00 tee /data/system-heartbeat/system-heartbeat-20180827-140101.log
root       914  0.0  0.0  15580  2104 ?        R    14:01   0:00 ps aux
 

------------------------------------------------------------------------------------ 


