Info-msg : Checking directory existence. 

/data/system-heartbeat/ directory exists
Info-msg : hostname of server (hostname). 

clixserver.tiss.edu
 

------------------------------------------------------------------------------------ 


Info-msg : internal ip addresses of the system (ip address). 

 

------------------------------------------------------------------------------------ 


Info-msg : external ip addresses of the system (public ip address). 


 

------------------------------------------------------------------------------------ 


Info-msg : RAM details (free -h). 

             total       used       free     shared    buffers     cached
Mem:          7.7G       2.9G       4.8G        26M       796M       894M
-/+ buffers/cache:       1.2G       6.5G
Swap:         7.6G         0B       7.6G
 

------------------------------------------------------------------------------------ 


Info-msg : HDD details (df -h). 

Filesystem      Size  Used Avail Use% Mounted on
overlay         908G   56G  806G   7% /
tmpfs            64M     0   64M   0% /dev
tmpfs           3.9G     0  3.9G   0% /sys/fs/cgroup
/dev/sda3       908G   56G  806G   7% /data
shm              64M     0   64M   0% /dev/shm
tmpfs           3.9G     0  3.9G   0% /proc/scsi
tmpfs           3.9G     0  3.9G   0% /sys/firmware
 

------------------------------------------------------------------------------------ 


Info-msg : Size description in '/data/'. 

8.0K	/data/2031010-mz10-activity-timestamp-csvs.tar.gz
44M	/data/2031010-mz10-assessment-media.tar.gz
4.0K	/data/2031010-mz10-gstudio_tools_logs.tar.gz
64K	/data/activity-timestamp-csvs
114M	/data/assessment-media
16K	/data/clixserver.tiss.edu
362M	/data/db
4.0K	/data/drop_database.sql
12K	/data/git-commit-details.log
516K	/data/gstudio-exported-users-analytics-csvs
8.0K	/data/gstudio-logs
8.0K	/data/local_settings.py
17G	/data/media
18M	/data/nginx-logs
504K	/data/pg_dump_all.sql
2.5M	/data/postgres-dump
2.1M	/data/qbank
670M	/data/rcs-repo
4.0K	/data/server_settings.py
40K	/data/system-heartbeat
 

------------------------------------------------------------------------------------ 


Info-msg : No of directories and files in '/data/media/'. 

No of directories : 4002 

No of files       : 9629 

 

------------------------------------------------------------------------------------ 


Info-msg : uptime (uptime). 

 12:01:02 up  1:29,  0 users,  load average: 0.12, 0.08, 0.08
 

------------------------------------------------------------------------------------ 


Info-msg : current process (uptime). 

USER       PID %CPU %MEM    VSZ   RSS TTY      STAT START   TIME COMMAND
root         1  0.0  0.0   4456   732 ?        Ss   10:32   0:00 /bin/sh -c /home/docker/code/scripts/initialize.sh  | sed -e "s/^/$(date +%Y%m%d-%H%M%S) :  /"  2>&1 | tee -a ${LOG_INSTALL_DOCKER}
root         7  0.0  0.0  18000  2852 ?        S    10:32   0:00 /bin/bash /home/docker/code/scripts/initialize.sh
root        13  0.0  0.0  10996  1376 ?        S    10:32   0:00 sed -e s/^/20180831-103217 :  /
root        15  0.0  0.0   4360  1316 ?        S    10:32   0:00 tee -a /root/DockerLogs/$(DATE_LOG)-gsd-install.log
root        16  9.9  2.6 401064 216940 ?       Sl   10:32   8:48 mongod --config /home/docker/code/confs/mongod.conf
root        18  0.0  0.0  23664  2076 ?        Ss   10:32   0:00 /usr/sbin/cron
postgres    37  0.0  0.2 244856 19160 ?        S    10:32   0:00 /usr/lib/postgresql/9.3/bin/postgres -D /var/lib/postgresql/9.3/main -c config_file=/etc/postgresql/9.3/main/postgresql.conf
postgres    60  0.0  0.0 244856  3268 ?        Ss   10:32   0:00 postgres: checkpointer process                                                                                              
postgres    61  0.0  0.0 244856  4544 ?        Ss   10:32   0:00 postgres: writer process                                                                                                    
postgres    62  0.0  0.0 244856  3268 ?        Ss   10:32   0:00 postgres: wal writer process                                                                                                
postgres    63  0.0  0.0 245732  6140 ?        Ss   10:32   0:00 postgres: autovacuum launcher process                                                                                       
postgres    64  0.0  0.0 100820  3624 ?        Ss   10:32   0:00 postgres: stats collector process                                                                                           
root       167  0.0  0.0  25356  2980 ?        Ss   10:32   0:00 /usr/lib/postfix/master
postfix    172  0.0  0.0  27420  2916 ?        S    10:32   0:00 pickup -l -t unix -u -c
postfix    173  0.0  0.0  27468  2832 ?        S    10:32   0:00 qmgr -l -t unix -u
root       181  0.0  0.0  61388  3116 ?        Ss   10:32   0:00 /usr/sbin/sshd
memcache   188  0.0  0.0 131876  6132 ?        Sl   10:32   0:00 /usr/bin/memcached -m 64 -p 11211 -u memcache -l 127.0.0.1
rabbitmq   217  0.0  0.0   7512    88 ?        S    10:32   0:00 /usr/lib/erlang/erts-5.10.4/bin/epmd -daemon
rabbitmq   241  0.0  0.0   4456   760 ?        S    10:32   0:00 /bin/sh /usr/sbin/rabbitmq-server
rabbitmq   286  0.5  1.1 2303368 92464 ?       Sl   10:32   0:31 /usr/lib/erlang/erts-5.10.4/bin/beam.smp -W w -K true -A30 -P 1048576 -- -root /usr/lib/erlang -progname erl -- -home /var/lib/rabbitmq -- -pa /usr/lib/rabbitmq/lib/rabbitmq_server-3.2.4/sbin/../ebin -noshell -noinput -s rabbit boot -sname rabbit@clixserver -boot start_sasl -kernel inet_default_connect_options [{nodelay,true}] -sasl errlog_type error -sasl sasl_error_logger false -rabbit error_logger {file,"/var/log/rabbitmq/rabbit@clixserver.log"} -rabbit sasl_error_logger {file,"/var/log/rabbitmq/rabbit@clixserver-sasl.log"} -rabbit enabled_plugins_file "/etc/rabbitmq/enabled_plugins" -rabbit plugins_dir "/usr/lib/rabbitmq/lib/rabbitmq_server-3.2.4/sbin/../plugins" -rabbit plugins_expand_dir "/var/lib/rabbitmq/mnesia/rabbit@clixserver-plugins-expand" -os_mon start_cpu_sup false -os_mon start_disksup false -os_mon start_memsup false -mnesia dir "/var/lib/rabbitmq/mnesia/rabbit@clixserver"
root       323  0.1  0.6 186432 50108 ?        S    10:32   0:06 python manage.py celeryd -f /var/log/celeryd.log -l INFO
root       396  0.0  0.1  33152  9772 ?        S    10:32   0:00 python -m smtpd -n -c DebuggingServer localhost:1025
root       399  0.0  0.6 859096 56520 ?        Sl   10:32   0:01 python main.py
rabbitmq   401  0.0  0.0   7476   924 ?        Ss   10:32   0:00 inet_gethost 4
rabbitmq   405  0.0  0.0   9568  1580 ?        S    10:32   0:00 inet_gethost 4
root       406  0.0  0.5 185784 42404 ?        S    10:32   0:00 python manage.py celeryd -f /var/log/celeryd.log -l INFO
root       407  0.0  0.5 185780 42404 ?        S    10:32   0:00 python manage.py celeryd -f /var/log/celeryd.log -l INFO
root       408  0.0  0.5 185780 42404 ?        S    10:32   0:00 python manage.py celeryd -f /var/log/celeryd.log -l INFO
root       409  0.0  0.5 185780 42404 ?        S    10:32   0:00 python manage.py celeryd -f /var/log/celeryd.log -l INFO
root       411  0.0  0.2  52492 16972 ?        S    10:32   0:01 /usr/bin/python /usr/bin/supervisord -n
root       426  0.0  0.0  32536  6456 ?        S    10:32   0:00 nginx: master process /usr/sbin/nginx
root       427  0.0  0.2  63412 20692 ?        S    10:32   0:00 /usr/local/bin/uwsgi --ini /home/docker/code/confs/uwsgi.ini
www-data   428  0.0  0.0  32908  3960 ?        S    10:32   0:00 nginx: worker process
www-data   429  0.0  0.0  32908  3960 ?        S    10:32   0:00 nginx: worker process
www-data   430  0.0  0.0  32908  3960 ?        S    10:32   0:00 nginx: worker process
www-data   431  0.0  0.0  32908  3960 ?        S    10:32   0:00 nginx: worker process
root       432  0.0  0.1  63412 15772 ?        S    10:32   0:00 /usr/local/bin/uwsgi --ini /home/docker/code/confs/uwsgi.ini
root       433  0.0  0.1  63412 15772 ?        S    10:32   0:00 /usr/local/bin/uwsgi --ini /home/docker/code/confs/uwsgi.ini
root       434  0.0  0.1  63412 15772 ?        S    10:32   0:00 /usr/local/bin/uwsgi --ini /home/docker/code/confs/uwsgi.ini
root       435  0.0  0.1  63412 15772 ?        S    10:32   0:00 /usr/local/bin/uwsgi --ini /home/docker/code/confs/uwsgi.ini
root      2032  0.0  0.0  59648  3048 ?        S    12:01   0:00 /USR/SBIN/CRON
root      2033  0.0  0.0   4456   792 ?        Ss   12:01   0:00 /bin/sh -c /home/docker/code/scripts/system-heartbeat.sh  > /tmp/cron-system-heartbeat.log
root      2034  0.0  0.0   9588  2264 ?        S    12:01   0:00 /bin/bash /home/docker/code/scripts/system-heartbeat.sh
root      2035  0.0  0.0   9600  2468 ?        S    12:01   0:00 /bin/bash /home/docker/code/scripts/system-heartbeat.sh
root      2036  0.0  0.0   4360   644 ?        S    12:01   0:00 tee /data/system-heartbeat/system-heartbeat-20180831-120101.log
root      2057  0.0  0.0  15580  2128 ?        R    12:01   0:00 ps aux
 

------------------------------------------------------------------------------------ 


