Info-msg : Checking directory existence. 

/data/system-heartbeat/ directory exists
Info-msg : hostname of server (hostname). 

clixserver.tiss.edu
 

------------------------------------------------------------------------------------ 


Info-msg : internal ip addresses of the system (ip address). 

 

------------------------------------------------------------------------------------ 


Info-msg : external ip addresses of the system (public ip address). 


 

------------------------------------------------------------------------------------ 


Info-msg : RAM details (free -h). 

             total       used       free     shared    buffers     cached
Mem:          7.7G       6.3G       1.4G        27M       1.5G       1.7G
-/+ buffers/cache:       3.1G       4.6G
Swap:         7.6G         0B       7.6G
 

------------------------------------------------------------------------------------ 


Info-msg : HDD details (df -h). 

Filesystem      Size  Used Avail Use% Mounted on
overlay         908G   57G  805G   7% /
tmpfs            64M     0   64M   0% /dev
tmpfs           3.9G     0  3.9G   0% /sys/fs/cgroup
/dev/sda3       908G   57G  805G   7% /data
shm              64M     0   64M   0% /dev/shm
tmpfs           3.9G     0  3.9G   0% /proc/scsi
tmpfs           3.9G     0  3.9G   0% /sys/firmware
 

------------------------------------------------------------------------------------ 


Info-msg : Size description in '/data/'. 

8.0K	/data/2031010-mz10-activity-timestamp-csvs.tar.gz
44M	/data/2031010-mz10-assessment-media.tar.gz
4.0K	/data/2031010-mz10-gstudio_tools_logs.tar.gz
64K	/data/activity-timestamp-csvs
114M	/data/assessment-media
16K	/data/clixserver.tiss.edu
687M	/data/db
4.0K	/data/drop_database.sql
12K	/data/git-commit-details.log
153M	/data/gstudio-exported-users-analytics-csvs
760K	/data/gstudio-logs
8.0K	/data/local_settings.py
17G	/data/media
41M	/data/nginx-logs
504K	/data/pg_dump_all.sql
2.7M	/data/postgres-dump
2.3M	/data/qbank
670M	/data/rcs-repo
4.0K	/data/server_settings.py
11M	/data/system-heartbeat
 

------------------------------------------------------------------------------------ 


Info-msg : No of directories and files in '/data/media/'. 

No of directories : 4002 

No of files       : 9629 

 

------------------------------------------------------------------------------------ 


Info-msg : uptime (uptime). 

 02:01:02 up 22 days, 14:53,  0 users,  load average: 0.10, 0.08, 0.09
 

------------------------------------------------------------------------------------ 


Info-msg : current process (uptime). 

USER       PID %CPU %MEM    VSZ   RSS TTY      STAT START   TIME COMMAND
root         1  0.0  0.0   4456   720 ?        Ss   Oct26   0:00 /bin/sh -c /home/docker/code/scripts/initialize.sh  | sed -e "s/^/$(date +%Y%m%d-%H%M%S) :  /"  2>&1 | tee -a ${LOG_INSTALL_DOCKER}
root         8  0.0  0.0  18000  2808 ?        S    Oct26   0:00 /bin/bash /home/docker/code/scripts/initialize.sh
root         9  0.0  0.0  10996  1356 ?        S    Oct26   0:00 sed -e s/^/20181026-110847 :  /
root        11  0.0  0.0   4360  1300 ?        S    Oct26   0:00 tee -a /root/DockerLogs/$(DATE_LOG)-gsd-install.log
root        17 14.0 24.7 2291628 2005272 ?     Sl   Oct26 4586:14 mongod --config /home/docker/code/confs/mongod.conf
root        19  0.0  0.0  23664  2148 ?        Ss   Oct26   0:04 /usr/sbin/cron
postgres    38  0.0  0.2 244856 19256 ?        S    Oct26   1:12 /usr/lib/postgresql/9.3/bin/postgres -D /var/lib/postgresql/9.3/main -c config_file=/etc/postgresql/9.3/main/postgresql.conf
postgres    68  0.0  0.0 244856  3328 ?        Ss   Oct26   0:00 postgres: checkpointer process                                                                                              
postgres    69  0.0  0.0 244856  4584 ?        Ss   Oct26   0:16 postgres: writer process                                                                                                    
postgres    70  0.0  0.0 244856  3328 ?        Ss   Oct26   0:15 postgres: wal writer process                                                                                                
postgres    71  0.0  0.0 245732  5908 ?        Ss   Oct26   1:07 postgres: autovacuum launcher process                                                                                       
postgres    72  0.0  0.0 100820  3644 ?        Ss   Oct26   2:52 postgres: stats collector process                                                                                           
root       175  0.0  0.0  25356  2872 ?        Ss   Oct26   0:13 /usr/lib/postfix/master
postfix    181  0.0  0.0  27468  2852 ?        S    Oct26   0:03 qmgr -l -t unix -u
root       189  0.0  0.0  61388  3168 ?        Ss   Oct26   0:00 /usr/sbin/sshd
memcache   196  0.0  0.0 328484  6172 ?        Sl   Oct26   1:43 /usr/bin/memcached -m 64 -p 11211 -u memcache -l 127.0.0.1
rabbitmq   225  0.0  0.0   7512    88 ?        S    Oct26   0:15 /usr/lib/erlang/erts-5.10.4/bin/epmd -daemon
rabbitmq   252  0.0  0.0   4456   780 ?        S    Oct26   0:00 /bin/sh /usr/sbin/rabbitmq-server
rabbitmq   296  0.5  1.1 2303624 92616 ?       Sl   Oct26 194:05 /usr/lib/erlang/erts-5.10.4/bin/beam.smp -W w -K true -A30 -P 1048576 -- -root /usr/lib/erlang -progname erl -- -home /var/lib/rabbitmq -- -pa /usr/lib/rabbitmq/lib/rabbitmq_server-3.2.4/sbin/../ebin -noshell -noinput -s rabbit boot -sname rabbit@clixserver -boot start_sasl -kernel inet_default_connect_options [{nodelay,true}] -sasl errlog_type error -sasl sasl_error_logger false -rabbit error_logger {file,"/var/log/rabbitmq/rabbit@clixserver.log"} -rabbit sasl_error_logger {file,"/var/log/rabbitmq/rabbit@clixserver-sasl.log"} -rabbit enabled_plugins_file "/etc/rabbitmq/enabled_plugins" -rabbit plugins_dir "/usr/lib/rabbitmq/lib/rabbitmq_server-3.2.4/sbin/../plugins" -rabbit plugins_expand_dir "/var/lib/rabbitmq/mnesia/rabbit@clixserver-plugins-expand" -os_mon start_cpu_sup false -os_mon start_disksup false -os_mon start_memsup false -mnesia dir "/var/lib/rabbitmq/mnesia/rabbit@clixserver"
rabbitmq   383  0.0  0.0   7476   920 ?        Ss   Oct26   0:00 inet_gethost 4
rabbitmq   384  0.0  0.0   9568  1584 ?        S    Oct26   0:00 inet_gethost 4
root       386  0.1  0.6 186428 50068 ?        S    Oct26  37:42 python manage.py celeryd -f /var/log/celeryd.log -l INFO
root       409  0.0  0.1  33152  9768 ?        S    Oct26   0:05 python -m smtpd -n -c DebuggingServer localhost:1025
root       412  0.0  0.6 859100 56520 ?        Sl   Oct26   4:15 python main.py
root       418  0.0  0.2  52492 16940 ?        S    Oct26   7:28 /usr/bin/python /usr/bin/supervisord -n
root       419  0.0  0.5 185776 42492 ?        S    Oct26   0:00 python manage.py celeryd -f /var/log/celeryd.log -l INFO
root       420  0.0  0.5 185772 42496 ?        S    Oct26   0:00 python manage.py celeryd -f /var/log/celeryd.log -l INFO
root       421  0.0  0.5 185772 42500 ?        S    Oct26   0:00 python manage.py celeryd -f /var/log/celeryd.log -l INFO
root       422  0.0  0.5 185772 42508 ?        S    Oct26   0:00 python manage.py celeryd -f /var/log/celeryd.log -l INFO
root       437  0.0  0.0  32536  6496 ?        S    Oct26   0:00 nginx: master process /usr/sbin/nginx
root       438  0.0  0.2  63412 20496 ?        S    Oct26   1:23 /usr/local/bin/uwsgi --ini /home/docker/code/confs/uwsgi.ini
root       439  0.0  0.1  63412 15864 ?        S    Oct26   0:00 /usr/local/bin/uwsgi --ini /home/docker/code/confs/uwsgi.ini
root       440  0.0  0.1  63412 15864 ?        S    Oct26   0:00 /usr/local/bin/uwsgi --ini /home/docker/code/confs/uwsgi.ini
root       441  0.0  0.1  63412 15864 ?        S    Oct26   0:00 /usr/local/bin/uwsgi --ini /home/docker/code/confs/uwsgi.ini
root       442  0.0  0.1  63412 15864 ?        S    Oct26   0:00 /usr/local/bin/uwsgi --ini /home/docker/code/confs/uwsgi.ini
www-data   443  0.0  0.0  32908  4016 ?        S    Oct26   0:00 nginx: worker process
www-data   444  0.0  0.0  32908  4016 ?        S    Oct26   0:00 nginx: worker process
www-data   445  0.0  0.0  32908  4016 ?        S    Oct26   0:00 nginx: worker process
www-data   446  0.0  0.0  32908  4016 ?        S    Oct26   0:00 nginx: worker process
postfix  24329  0.0  0.0  27420  2836 ?        S    01:13   0:00 pickup -l -t unix -u -c
root     25143  0.0  0.0  59648  3052 ?        S    02:01   0:00 /USR/SBIN/CRON
root     25144  0.0  0.0   4456   856 ?        Ss   02:01   0:00 /bin/sh -c /home/docker/code/scripts/system-heartbeat.sh  > /tmp/cron-system-heartbeat.log
root     25145  0.0  0.0   9588  2304 ?        S    02:01   0:00 /bin/bash /home/docker/code/scripts/system-heartbeat.sh
root     25146  0.0  0.0   9600  2620 ?        S    02:01   0:00 /bin/bash /home/docker/code/scripts/system-heartbeat.sh
root     25147  0.0  0.0   4360   748 ?        S    02:01   0:00 tee /data/system-heartbeat/system-heartbeat-20181118-020101.log
root     25168  0.0  0.0  15580  2108 ?        R    02:01   0:00 ps aux
 

------------------------------------------------------------------------------------ 


