Info-msg : Checking directory existence. 

/data/system-heartbeat/ directory exists
Info-msg : hostname of server (hostname). 

clixserver.tiss.edu
 

------------------------------------------------------------------------------------ 


Info-msg : internal ip addresses of the system (ip address). 

 

------------------------------------------------------------------------------------ 


Info-msg : external ip addresses of the system (public ip address). 


 

------------------------------------------------------------------------------------ 


Info-msg : RAM details (free -h). 

             total       used       free     shared    buffers     cached
Mem:          7.7G       3.1G       4.6G       233M       102M       1.1G
-/+ buffers/cache:       1.9G       5.8G
Swap:         7.6G         0B       7.6G
 

------------------------------------------------------------------------------------ 


Info-msg : HDD details (df -h). 

Filesystem      Size  Used Avail Use% Mounted on
overlay         908G   56G  806G   7% /
tmpfs            64M     0   64M   0% /dev
tmpfs           3.9G     0  3.9G   0% /sys/fs/cgroup
/dev/sda3       908G   56G  806G   7% /data
shm              64M     0   64M   0% /dev/shm
tmpfs           3.9G     0  3.9G   0% /proc/scsi
tmpfs           3.9G     0  3.9G   0% /sys/firmware
 

------------------------------------------------------------------------------------ 


Info-msg : Size description in '/data/'. 

8.0K	/data/2031010-mz10-activity-timestamp-csvs.tar.gz
44M	/data/2031010-mz10-assessment-media.tar.gz
4.0K	/data/2031010-mz10-gstudio_tools_logs.tar.gz
64K	/data/activity-timestamp-csvs
114M	/data/assessment-media
16K	/data/clixserver.tiss.edu
362M	/data/db
4.0K	/data/drop_database.sql
12K	/data/git-commit-details.log
684K	/data/gstudio-exported-users-analytics-csvs
8.0K	/data/gstudio-logs
8.0K	/data/local_settings.py
17G	/data/media
31M	/data/nginx-logs
504K	/data/pg_dump_all.sql
2.5M	/data/postgres-dump
3.6M	/data/qbank
670M	/data/rcs-repo
4.0K	/data/server_settings.py
52K	/data/system-heartbeat
 

------------------------------------------------------------------------------------ 


Info-msg : No of directories and files in '/data/media/'. 

No of directories : 4002 

No of files       : 9629 

 

------------------------------------------------------------------------------------ 


Info-msg : uptime (uptime). 

 13:01:09 up 20 min,  0 users,  load average: 0.24, 0.51, 0.48
 

------------------------------------------------------------------------------------ 


Info-msg : current process (uptime). 

USER       PID %CPU %MEM    VSZ   RSS TTY      STAT START   TIME COMMAND
root         1  0.0  0.0   4456   732 ?        Ss   12:41   0:00 /bin/sh -c /home/docker/code/scripts/initialize.sh  | sed -e "s/^/$(date +%Y%m%d-%H%M%S) :  /"  2>&1 | tee -a ${LOG_INSTALL_DOCKER}
root         8  0.0  0.0  18000  2852 ?        S    12:41   0:00 /bin/bash /home/docker/code/scripts/initialize.sh
root        14  0.0  0.0  10996  1548 ?        S    12:41   0:00 sed -e s/^/20180831-124142 :  /
root        16  0.0  0.0   4360  1312 ?        S    12:41   0:00 tee -a /root/DockerLogs/$(DATE_LOG)-gsd-install.log
root        17 23.9  2.7 425316 221372 ?       Sl   12:41   4:39 mongod --config /home/docker/code/confs/mongod.conf
root        19  0.0  0.0  23664  2080 ?        Ss   12:41   0:00 /usr/sbin/cron
postgres    38  0.0  0.2 244856 19148 ?        S    12:41   0:00 /usr/lib/postgresql/9.3/bin/postgres -D /var/lib/postgresql/9.3/main -c config_file=/etc/postgresql/9.3/main/postgresql.conf
postgres    68  0.0  0.0 244856  3316 ?        Ss   12:41   0:00 postgres: checkpointer process                                                                                              
postgres    69  0.0  0.0 244856  4536 ?        Ss   12:41   0:00 postgres: writer process                                                                                                    
postgres    70  0.0  0.0 244856  3316 ?        Ss   12:41   0:00 postgres: wal writer process                                                                                                
postgres    71  0.0  0.0 245732  6168 ?        Ss   12:41   0:00 postgres: autovacuum launcher process                                                                                       
postgres    72  0.0  0.0 100668  3696 ?        Ss   12:41   0:00 postgres: stats collector process                                                                                           
root       175  0.0  0.0  25356  2848 ?        Ss   12:41   0:00 /usr/lib/postfix/master
postfix    180  0.0  0.0  27420  2836 ?        S    12:41   0:00 pickup -l -t unix -u -c
postfix    181  0.0  0.0  27468  2848 ?        S    12:41   0:00 qmgr -l -t unix -u
root       189  0.0  0.0  61388  3084 ?        Ss   12:41   0:00 /usr/sbin/sshd
memcache   196  0.0  0.1 333532 10956 ?        Sl   12:41   0:00 /usr/bin/memcached -m 64 -p 11211 -u memcache -l 127.0.0.1
rabbitmq   225  0.0  0.0   7512    92 ?        S    12:41   0:00 /usr/lib/erlang/erts-5.10.4/bin/epmd -daemon
rabbitmq   252  0.0  0.0   4456   688 ?        S    12:41   0:00 /bin/sh /usr/sbin/rabbitmq-server
rabbitmq   296  0.5  1.1 2303624 92756 ?       Sl   12:41   0:06 /usr/lib/erlang/erts-5.10.4/bin/beam.smp -W w -K true -A30 -P 1048576 -- -root /usr/lib/erlang -progname erl -- -home /var/lib/rabbitmq -- -pa /usr/lib/rabbitmq/lib/rabbitmq_server-3.2.4/sbin/../ebin -noshell -noinput -s rabbit boot -sname rabbit@clixserver -boot start_sasl -kernel inet_default_connect_options [{nodelay,true}] -sasl errlog_type error -sasl sasl_error_logger false -rabbit error_logger {file,"/var/log/rabbitmq/rabbit@clixserver.log"} -rabbit sasl_error_logger {file,"/var/log/rabbitmq/rabbit@clixserver-sasl.log"} -rabbit enabled_plugins_file "/etc/rabbitmq/enabled_plugins" -rabbit plugins_dir "/usr/lib/rabbitmq/lib/rabbitmq_server-3.2.4/sbin/../plugins" -rabbit plugins_expand_dir "/var/lib/rabbitmq/mnesia/rabbit@clixserver-plugins-expand" -os_mon start_cpu_sup false -os_mon start_disksup false -os_mon start_memsup false -mnesia dir "/var/lib/rabbitmq/mnesia/rabbit@clixserver"
rabbitmq   383  0.0  0.0   7476   912 ?        Ss   12:41   0:00 inet_gethost 4
rabbitmq   384  0.0  0.0   9568  1576 ?        S    12:41   0:00 inet_gethost 4
root       386  0.1  0.6 186428 50200 ?        S    12:41   0:02 python manage.py celeryd -f /var/log/celeryd.log -l INFO
root       409  0.0  0.1  33152  9892 ?        S    12:42   0:00 python -m smtpd -n -c DebuggingServer localhost:1025
root       412  0.0  1.0 879108 84228 ?        Sl   12:42   0:01 python main.py
root       417  0.0  0.5 185776 42616 ?        S    12:42   0:00 python manage.py celeryd -f /var/log/celeryd.log -l INFO
root       418  0.0  0.5 185772 42616 ?        S    12:42   0:00 python manage.py celeryd -f /var/log/celeryd.log -l INFO
root       419  0.0  0.5 185772 42624 ?        S    12:42   0:00 python manage.py celeryd -f /var/log/celeryd.log -l INFO
root       420  0.0  0.5 185772 42632 ?        S    12:42   0:00 python manage.py celeryd -f /var/log/celeryd.log -l INFO
root       422  0.0  0.2  52492 17108 ?        S    12:42   0:00 /usr/bin/python /usr/bin/supervisord -n
root       437  0.0  0.0  32536  6424 ?        S    12:42   0:00 nginx: master process /usr/sbin/nginx
root       438  0.0  0.2  63412 20484 ?        S    12:42   0:00 /usr/local/bin/uwsgi --ini /home/docker/code/confs/uwsgi.ini
www-data   439  0.0  0.0  33276  6756 ?        S    12:42   0:00 nginx: worker process
www-data   440  0.0  0.0  33236  6644 ?        S    12:42   0:00 nginx: worker process
www-data   441  0.0  0.0  33504  6656 ?        S    12:42   0:00 nginx: worker process
www-data   442  0.0  0.0  33380  6736 ?        S    12:42   0:00 nginx: worker process
root       443  0.5  1.2 278132 99088 ?        S    12:42   0:06 /usr/local/bin/uwsgi --ini /home/docker/code/confs/uwsgi.ini
root       444  0.5  1.2 278800 99756 ?        S    12:42   0:06 /usr/local/bin/uwsgi --ini /home/docker/code/confs/uwsgi.ini
root       445  0.7  1.2 278860 99676 ?        S    12:42   0:08 /usr/local/bin/uwsgi --ini /home/docker/code/confs/uwsgi.ini
root       446  0.9  1.2 280304 101256 ?       S    12:42   0:11 /usr/local/bin/uwsgi --ini /home/docker/code/confs/uwsgi.ini
root      1198  0.0  0.0  59648  3032 ?        S    13:01   0:00 /USR/SBIN/CRON
root      1199  0.0  0.0   4456   760 ?        Ss   13:01   0:00 /bin/sh -c /home/docker/code/scripts/system-heartbeat.sh  > /tmp/cron-system-heartbeat.log
root      1200  0.0  0.0   9588  2348 ?        S    13:01   0:00 /bin/bash /home/docker/code/scripts/system-heartbeat.sh
root      1201  0.0  0.0   9600  2488 ?        S    13:01   0:00 /bin/bash /home/docker/code/scripts/system-heartbeat.sh
root      1202  0.0  0.0   4360   648 ?        S    13:01   0:00 tee /data/system-heartbeat/system-heartbeat-20180831-130101.log
root      1225  0.0  0.0  15580  2200 ?        R    13:01   0:00 ps aux
 

------------------------------------------------------------------------------------ 


