Info-msg : Checking directory existence. 

/data/system-heartbeat/ directory exists
Info-msg : hostname of server (hostname). 

clixserver.tiss.edu
 

------------------------------------------------------------------------------------ 


Info-msg : internal ip addresses of the system (ip address). 

 

------------------------------------------------------------------------------------ 


Info-msg : external ip addresses of the system (public ip address). 


 

------------------------------------------------------------------------------------ 


Info-msg : RAM details (free -h). 

             total       used       free     shared    buffers     cached
Mem:          7.7G       1.6G       6.1G       223M        62M       811M
-/+ buffers/cache:       812M       6.9G
Swap:         7.6G         0B       7.6G
 

------------------------------------------------------------------------------------ 


Info-msg : HDD details (df -h). 

Filesystem      Size  Used Avail Use% Mounted on
overlay         908G   55G  807G   7% /
tmpfs            64M     0   64M   0% /dev
tmpfs           3.9G     0  3.9G   0% /sys/fs/cgroup
/dev/sda3       908G   55G  807G   7% /data
shm              64M     0   64M   0% /dev/shm
tmpfs           3.9G     0  3.9G   0% /proc/scsi
tmpfs           3.9G     0  3.9G   0% /sys/firmware
 

------------------------------------------------------------------------------------ 


Info-msg : Size description in '/data/'. 

8.0K	/data/2031011-mz11-activity-timestamp-csvs.tar.gz
44M	/data/2031011-mz11-assessment-media.tar.gz
8.0K	/data/2031011-mz11-gstudio_tools_logs.tar.gz
64K	/data/activity-timestamp-csvs
114M	/data/assessment-media
16K	/data/clixserver.tiss.edu
363M	/data/db
4.0K	/data/drop_database.sql
12K	/data/git-commit-details.log
4.0K	/data/gstudio-exported-users-analytics-csvs
52K	/data/gstudio-logs
176K	/data/gstudio_tools_logs
8.0K	/data/local_settings.py
17G	/data/media
276M	/data/nginx-logs
504K	/data/pg_dump_all.sql
2.7M	/data/postgres-dump
2.8M	/data/qbank
671M	/data/rcs-repo
4.0K	/data/server_settings.py
64K	/data/system-heartbeat
 

------------------------------------------------------------------------------------ 


Info-msg : No of directories and files in '/data/media/'. 

No of directories : 4002 

No of files       : 9629 

 

------------------------------------------------------------------------------------ 


Info-msg : uptime (uptime). 

 15:01:10 up 2 min,  0 users,  load average: 2.17, 1.50, 0.62
 

------------------------------------------------------------------------------------ 


Info-msg : current process (uptime). 

USER       PID %CPU %MEM    VSZ   RSS TTY      STAT START   TIME COMMAND
root         1  0.0  0.0   4456   672 ?        Ss   14:58   0:00 /bin/sh -c /home/docker/code/scripts/initialize.sh  | sed -e "s/^/$(date +%Y%m%d-%H%M%S) :  /"  2>&1 | tee -a ${LOG_INSTALL_DOCKER}
root         6  0.0  0.0  18000  2780 ?        S    14:58   0:00 /bin/bash /home/docker/code/scripts/initialize.sh
root        12  0.0  0.0  10996  1404 ?        S    14:59   0:00 sed -e s/^/20180824-145901 :  /
root        14  0.0  0.0   4360  1316 ?        S    14:59   0:00 tee -a /root/DockerLogs/$(DATE_LOG)-gsd-install.log
root        15  3.8  1.0 256952 87708 ?        Sl   14:59   0:04 mongod --config /home/docker/code/confs/mongod.conf
root        17  0.0  0.0  23664  2208 ?        Ss   14:59   0:00 /usr/sbin/cron
postgres    36  0.0  0.2 244856 19336 ?        S    14:59   0:00 /usr/lib/postgresql/9.3/bin/postgres -D /var/lib/postgresql/9.3/main -c config_file=/etc/postgresql/9.3/main/postgresql.conf
postgres    66  0.0  0.0 244856  3280 ?        Ss   14:59   0:00 postgres: checkpointer process                                                                                              
postgres    67  0.0  0.0 244856  4548 ?        Ss   14:59   0:00 postgres: writer process                                                                                                    
postgres    68  0.0  0.0 244856  3280 ?        Ss   14:59   0:00 postgres: wal writer process                                                                                                
postgres    69  0.0  0.0 245732  5756 ?        Ss   14:59   0:00 postgres: autovacuum launcher process                                                                                       
postgres    70  0.0  0.0 100668  3532 ?        Ss   14:59   0:00 postgres: stats collector process                                                                                           
root       173  0.0  0.0  25356  2824 ?        Ss   14:59   0:00 /usr/lib/postfix/master
postfix    178  0.0  0.0  27420  2804 ?        S    14:59   0:00 pickup -l -t unix -u -c
postfix    179  0.0  0.0  27468  2868 ?        S    14:59   0:00 qmgr -l -t unix -u
root       187  0.0  0.0  61388  3048 ?        Ss   14:59   0:00 /usr/sbin/sshd
memcache   194  0.0  0.0  63264  2720 ?        Sl   14:59   0:00 /usr/bin/memcached -m 64 -p 11211 -u memcache -l 127.0.0.1
rabbitmq   223  0.0  0.0   7512    92 ?        S    14:59   0:00 /usr/lib/erlang/erts-5.10.4/bin/epmd -daemon
rabbitmq   247  0.2  0.0   4456   764 ?        S    14:59   0:00 /bin/sh /usr/sbin/rabbitmq-server
rabbitmq   292  1.2  1.1 2304904 93292 ?       Sl   14:59   0:01 /usr/lib/erlang/erts-5.10.4/bin/beam.smp -W w -K true -A30 -P 1048576 -- -root /usr/lib/erlang -progname erl -- -home /var/lib/rabbitmq -- -pa /usr/lib/rabbitmq/lib/rabbitmq_server-3.2.4/sbin/../ebin -noshell -noinput -s rabbit boot -sname rabbit@clixserver -boot start_sasl -kernel inet_default_connect_options [{nodelay,true}] -sasl errlog_type error -sasl sasl_error_logger false -rabbit error_logger {file,"/var/log/rabbitmq/rabbit@clixserver.log"} -rabbit sasl_error_logger {file,"/var/log/rabbitmq/rabbit@clixserver-sasl.log"} -rabbit enabled_plugins_file "/etc/rabbitmq/enabled_plugins" -rabbit plugins_dir "/usr/lib/rabbitmq/lib/rabbitmq_server-3.2.4/sbin/../plugins" -rabbit plugins_expand_dir "/var/lib/rabbitmq/mnesia/rabbit@clixserver-plugins-expand" -os_mon start_cpu_sup false -os_mon start_disksup false -os_mon start_memsup false -mnesia dir "/var/lib/rabbitmq/mnesia/rabbit@clixserver"
root       329  0.6  0.6 186432 50188 ?        S    14:59   0:00 python manage.py celeryd -f /var/log/celeryd.log -l INFO
rabbitmq   400  0.2  0.0   7476   896 ?        Ss   14:59   0:00 inet_gethost 4
rabbitmq   401  0.0  0.0   9568  1572 ?        S    14:59   0:00 inet_gethost 4
root       404  0.0  0.5 185784 42564 ?        S    14:59   0:00 python manage.py celeryd -f /var/log/celeryd.log -l INFO
root       405  0.0  0.5 185780 42576 ?        S    14:59   0:00 python manage.py celeryd -f /var/log/celeryd.log -l INFO
root       406  0.0  0.5 185780 42628 ?        S    14:59   0:00 python manage.py celeryd -f /var/log/celeryd.log -l INFO
root       407  0.0  0.5 185780 42636 ?        S    14:59   0:00 python manage.py celeryd -f /var/log/celeryd.log -l INFO
root       408  0.0  0.1  33152  9932 ?        S    14:59   0:00 python -m smtpd -n -c DebuggingServer localhost:1025
root       411  0.3  0.6 859096 56412 ?        Sl   14:59   0:00 python main.py
root       417  0.1  0.2  52492 17104 ?        S    14:59   0:00 /usr/bin/python /usr/bin/supervisord -n
root       432  0.0  0.0  32536  6416 ?        S    14:59   0:00 nginx: master process /usr/sbin/nginx
root       433  0.0  0.2  63412 20528 ?        S    14:59   0:00 /usr/local/bin/uwsgi --ini /home/docker/code/confs/uwsgi.ini
www-data   434  0.0  0.0  32908  3892 ?        S    14:59   0:00 nginx: worker process
www-data   435  0.0  0.0  32908  3892 ?        S    14:59   0:00 nginx: worker process
www-data   436  0.0  0.0  32908  3892 ?        S    14:59   0:00 nginx: worker process
www-data   437  0.0  0.0  32908  3892 ?        S    14:59   0:00 nginx: worker process
root       438  0.0  0.1  63412 15768 ?        S    14:59   0:00 /usr/local/bin/uwsgi --ini /home/docker/code/confs/uwsgi.ini
root       439  0.0  0.1  63412 15768 ?        S    14:59   0:00 /usr/local/bin/uwsgi --ini /home/docker/code/confs/uwsgi.ini
root       440  0.0  0.1  63412 15768 ?        S    14:59   0:00 /usr/local/bin/uwsgi --ini /home/docker/code/confs/uwsgi.ini
root       441  0.0  0.1  63412 15768 ?        S    14:59   0:00 /usr/local/bin/uwsgi --ini /home/docker/code/confs/uwsgi.ini
root       462  0.0  0.0  59648  3048 ?        S    15:01   0:00 /USR/SBIN/CRON
root       463  0.0  0.0   4456   676 ?        Ss   15:01   0:00 /bin/sh -c /home/docker/code/scripts/system-heartbeat.sh  > /tmp/cron-system-heartbeat.log
root       464  0.0  0.0   9588  2340 ?        S    15:01   0:00 /bin/bash /home/docker/code/scripts/system-heartbeat.sh
root       465  0.0  0.0   9600  2476 ?        S    15:01   0:00 /bin/bash /home/docker/code/scripts/system-heartbeat.sh
root       466  0.0  0.0   4360   636 ?        S    15:01   0:00 tee /data/system-heartbeat/system-heartbeat-20180824-150101.log
root       489  0.0  0.0  15580  2164 ?        R    15:01   0:00 ps aux
 

------------------------------------------------------------------------------------ 


