Info-msg : Checking directory existence. 

/data/system-heartbeat/ directory exists
Info-msg : hostname of server (hostname). 

clixserver.tiss.edu
 

------------------------------------------------------------------------------------ 


Info-msg : internal ip addresses of the system (ip address). 

 

------------------------------------------------------------------------------------ 


Info-msg : external ip addresses of the system (public ip address). 


 

------------------------------------------------------------------------------------ 


Info-msg : RAM details (free -h). 

             total       used       free     shared    buffers     cached
Mem:          7.7G       2.7G       5.0G       104M       422M       880M
-/+ buffers/cache:       1.5G       6.3G
Swap:         7.6G         0B       7.6G
 

------------------------------------------------------------------------------------ 


Info-msg : HDD details (df -h). 

Filesystem      Size  Used Avail Use% Mounted on
overlay         908G   59G  803G   7% /
tmpfs            64M     0   64M   0% /dev
tmpfs           3.9G     0  3.9G   0% /sys/fs/cgroup
/dev/sda3       908G   59G  803G   7% /data
shm              64M     0   64M   0% /dev/shm
tmpfs           3.9G     0  3.9G   0% /proc/scsi
tmpfs           3.9G     0  3.9G   0% /sys/firmware
 

------------------------------------------------------------------------------------ 


Info-msg : Size description in '/data/'. 

8.0K	/data/2031011-mz11-activity-timestamp-csvs.tar.gz
87M	/data/2031011-mz11-assessment-media.tar.gz
16K	/data/2031011-mz11-gstudio_tools_logs.tar.gz
64K	/data/activity-timestamp-csvs
186M	/data/assessment-media
16K	/data/clixserver.tiss.edu
370M	/data/db
4.0K	/data/drop_database.sql
12K	/data/git-commit-details.log
4.0K	/data/gstudio-exported-users-analytics-csvs
180K	/data/gstudio-logs
268K	/data/gstudio_tools_logs
8.0K	/data/local_settings.py
17G	/data/media
642M	/data/nginx-logs
504K	/data/pg_dump_all.sql
2.7M	/data/postgres-dump
3.7M	/data/qbank
673M	/data/rcs-repo
4.0K	/data/server_settings.py
172K	/data/system-heartbeat
 

------------------------------------------------------------------------------------ 


Info-msg : No of directories and files in '/data/media/'. 

No of directories : 4002 

No of files       : 9629 

 

------------------------------------------------------------------------------------ 


Info-msg : uptime (uptime). 

 13:01:07 up 50 min,  0 users,  load average: 0.25, 0.13, 0.10
 

------------------------------------------------------------------------------------ 


Info-msg : current process (uptime). 

USER       PID %CPU %MEM    VSZ   RSS TTY      STAT START   TIME COMMAND
root         1  0.0  0.0   4456   684 ?        Ss   12:10   0:00 /bin/sh -c /home/docker/code/scripts/initialize.sh  | sed -e "s/^/$(date +%Y%m%d-%H%M%S) :  /"  2>&1 | tee -a ${LOG_INSTALL_DOCKER}
root         6  0.0  0.0  18000  2868 ?        S    12:10   0:00 /bin/bash /home/docker/code/scripts/initialize.sh
root         7  0.0  0.0  10996  1464 ?        S    12:10   0:00 sed -e s/^/20181109-121044 :  /
root         9  0.0  0.0   4360  1260 ?        S    12:10   0:00 tee -a /root/DockerLogs/$(DATE_LOG)-gsd-install.log
root        15  6.1  3.1 456400 255656 ?       Sl   12:10   3:06 mongod --config /home/docker/code/confs/mongod.conf
root        17  0.0  0.0  23664  2076 ?        Ss   12:10   0:00 /usr/sbin/cron
postgres    36  0.0  0.2 244856 19232 ?        S    12:10   0:00 /usr/lib/postgresql/9.3/bin/postgres -D /var/lib/postgresql/9.3/main -c config_file=/etc/postgresql/9.3/main/postgresql.conf
postgres    65  0.0  0.0 244992  5648 ?        Ss   12:10   0:00 postgres: checkpointer process                                                                                              
postgres    66  0.0  0.0 244856  4564 ?        Ss   12:10   0:00 postgres: writer process                                                                                                    
postgres    67  0.0  0.0 244856  3420 ?        Ss   12:10   0:00 postgres: wal writer process                                                                                                
postgres    68  0.0  0.0 245732  5984 ?        Ss   12:10   0:00 postgres: autovacuum launcher process                                                                                       
postgres    69  0.0  0.0 100820  3780 ?        Ss   12:10   0:00 postgres: stats collector process                                                                                           
root       172  0.0  0.0  25356  2756 ?        Ss   12:11   0:00 /usr/lib/postfix/master
postfix    177  0.0  0.0  27420  2736 ?        S    12:11   0:00 pickup -l -t unix -u -c
postfix    178  0.0  0.0  27468  2844 ?        S    12:11   0:00 qmgr -l -t unix -u
root       186  0.0  0.0  61388  3132 ?        Ss   12:11   0:00 /usr/sbin/sshd
memcache   193  0.0  0.1 333532 10992 ?        Sl   12:11   0:00 /usr/bin/memcached -m 64 -p 11211 -u memcache -l 127.0.0.1
rabbitmq   222  0.0  0.0   7512    88 ?        S    12:11   0:00 /usr/lib/erlang/erts-5.10.4/bin/epmd -daemon
rabbitmq   246  0.0  0.0   4456   776 ?        S    12:11   0:00 /bin/sh /usr/sbin/rabbitmq-server
rabbitmq   291  0.5  1.1 2303112 92540 ?       Sl   12:11   0:16 /usr/lib/erlang/erts-5.10.4/bin/beam.smp -W w -K true -A30 -P 1048576 -- -root /usr/lib/erlang -progname erl -- -home /var/lib/rabbitmq -- -pa /usr/lib/rabbitmq/lib/rabbitmq_server-3.2.4/sbin/../ebin -noshell -noinput -s rabbit boot -sname rabbit@clixserver -boot start_sasl -kernel inet_default_connect_options [{nodelay,true}] -sasl errlog_type error -sasl sasl_error_logger false -rabbit error_logger {file,"/var/log/rabbitmq/rabbit@clixserver.log"} -rabbit sasl_error_logger {file,"/var/log/rabbitmq/rabbit@clixserver-sasl.log"} -rabbit enabled_plugins_file "/etc/rabbitmq/enabled_plugins" -rabbit plugins_dir "/usr/lib/rabbitmq/lib/rabbitmq_server-3.2.4/sbin/../plugins" -rabbit plugins_expand_dir "/var/lib/rabbitmq/mnesia/rabbit@clixserver-plugins-expand" -os_mon start_cpu_sup false -os_mon start_disksup false -os_mon start_memsup false -mnesia dir "/var/lib/rabbitmq/mnesia/rabbit@clixserver"
root       328  0.0  0.6 186404 50108 ?        S    12:11   0:01 python manage.py celeryd -f /var/log/celeryd.log -l INFO
rabbitmq   389  0.0  0.0   7476   972 ?        Ss   12:11   0:00 inet_gethost 4
rabbitmq   390  0.0  0.0   9568  1612 ?        S    12:11   0:00 inet_gethost 4
root       403  0.0  0.1  33152  9892 ?        S    12:11   0:00 python -m smtpd -n -c DebuggingServer localhost:1025
root       406  0.1  1.0 880388 87316 ?        Sl   12:11   0:03 python main.py
root       411  0.0  0.5 185780 42504 ?        S    12:11   0:00 python manage.py celeryd -f /var/log/celeryd.log -l INFO
root       412  0.0  0.5 185780 42508 ?        S    12:11   0:00 python manage.py celeryd -f /var/log/celeryd.log -l INFO
root       413  0.0  0.5 185780 42512 ?        S    12:11   0:00 python manage.py celeryd -f /var/log/celeryd.log -l INFO
root       414  0.0  0.5 185780 42520 ?        S    12:11   0:00 python manage.py celeryd -f /var/log/celeryd.log -l INFO
root       416  0.0  0.2  52492 17000 ?        S    12:11   0:00 /usr/bin/python /usr/bin/supervisord -n
root       431  0.0  0.0  32536  6528 ?        S    12:11   0:00 nginx: master process /usr/sbin/nginx
root       432  0.0  0.2  63412 20564 ?        S    12:11   0:00 /usr/local/bin/uwsgi --ini /home/docker/code/confs/uwsgi.ini
www-data   433  0.0  0.0  33384  6712 ?        S    12:11   0:00 nginx: worker process
www-data   434  0.0  0.0  33248  6336 ?        S    12:11   0:00 nginx: worker process
www-data   435  0.0  0.0  32908  5784 ?        S    12:11   0:00 nginx: worker process
www-data   436  0.0  0.0  33236  6676 ?        S    12:11   0:00 nginx: worker process
root       437  0.0  1.1 269644 90724 ?        S    12:11   0:01 /usr/local/bin/uwsgi --ini /home/docker/code/confs/uwsgi.ini
root       438  0.0  0.1  63412 15824 ?        S    12:11   0:00 /usr/local/bin/uwsgi --ini /home/docker/code/confs/uwsgi.ini
root       439  0.1  1.2 283072 104208 ?       S    12:11   0:04 /usr/local/bin/uwsgi --ini /home/docker/code/confs/uwsgi.ini
root       440  0.0  1.2 282992 104164 ?       S    12:11   0:01 /usr/local/bin/uwsgi --ini /home/docker/code/confs/uwsgi.ini
root      1884  0.0  0.0  59648  3016 ?        S    13:01   0:00 /USR/SBIN/CRON
root      1885  0.0  0.0   4456   852 ?        Ss   13:01   0:00 /bin/sh -c /home/docker/code/scripts/system-heartbeat.sh  > /tmp/cron-system-heartbeat.log
root      1886  0.0  0.0   9588  2316 ?        S    13:01   0:00 /bin/bash /home/docker/code/scripts/system-heartbeat.sh
root      1887  0.0  0.0   9600  2576 ?        S    13:01   0:00 /bin/bash /home/docker/code/scripts/system-heartbeat.sh
root      1888  0.0  0.0   4360   756 ?        S    13:01   0:00 tee /data/system-heartbeat/system-heartbeat-20181109-130101.log
root      1911  0.0  0.0  15580  2144 ?        R    13:01   0:00 ps aux
 

------------------------------------------------------------------------------------ 


