Info-msg : Checking directory existence. 

/data/system-heartbeat/ directory exists
Info-msg : hostname of server (hostname). 

clixserver.tiss.edu
 

------------------------------------------------------------------------------------ 


Info-msg : internal ip addresses of the system (ip address). 

 

------------------------------------------------------------------------------------ 


Info-msg : external ip addresses of the system (public ip address). 


 

------------------------------------------------------------------------------------ 


Info-msg : RAM details (free -h). 

             total       used       free     shared    buffers     cached
Mem:          7.7G       3.4G       4.3G       110M       789M       1.0G
-/+ buffers/cache:       1.6G       6.1G
Swap:         7.6G         0B       7.6G
 

------------------------------------------------------------------------------------ 


Info-msg : HDD details (df -h). 

Filesystem      Size  Used Avail Use% Mounted on
overlay         908G   55G  807G   7% /
tmpfs            64M     0   64M   0% /dev
tmpfs           3.9G     0  3.9G   0% /sys/fs/cgroup
/dev/sda3       908G   55G  807G   7% /data
shm              64M     0   64M   0% /dev/shm
tmpfs           3.9G     0  3.9G   0% /proc/scsi
tmpfs           3.9G     0  3.9G   0% /sys/firmware
 

------------------------------------------------------------------------------------ 


Info-msg : Size description in '/data/'. 

8.0K	/data/2031011-mz11-activity-timestamp-csvs.tar.gz
44M	/data/2031011-mz11-assessment-media.tar.gz
4.0K	/data/2031011-mz11-gstudio_tools_logs.tar.gz
64K	/data/activity-timestamp-csvs
114M	/data/assessment-media
16K	/data/clixserver.tiss.edu
362M	/data/db
4.0K	/data/drop_database.sql
12K	/data/git-commit-details.log
4.0K	/data/gstudio-exported-users-analytics-csvs
44K	/data/gstudio-logs
8.0K	/data/local_settings.py
17G	/data/media
161M	/data/nginx-logs
504K	/data/pg_dump_all.sql
2.7M	/data/postgres-dump
4.0M	/data/qbank
671M	/data/rcs-repo
4.0K	/data/server_settings.py
52K	/data/system-heartbeat
 

------------------------------------------------------------------------------------ 


Info-msg : No of directories and files in '/data/media/'. 

No of directories : 4002 

No of files       : 9629 

 

------------------------------------------------------------------------------------ 


Info-msg : uptime (uptime). 

 18:01:02 up  1:58,  0 users,  load average: 0.12, 0.38, 0.39
 

------------------------------------------------------------------------------------ 


Info-msg : current process (uptime). 

USER       PID %CPU %MEM    VSZ   RSS TTY      STAT START   TIME COMMAND
root         1  0.0  0.0   4456   732 ?        Ss   16:03   0:00 /bin/sh -c /home/docker/code/scripts/initialize.sh  | sed -e "s/^/$(date +%Y%m%d-%H%M%S) :  /"  2>&1 | tee -a ${LOG_INSTALL_DOCKER}
root         6  0.0  0.0  18000  2792 ?        S    16:03   0:00 /bin/bash /home/docker/code/scripts/initialize.sh
root         7  0.0  0.0  10996  1452 ?        S    16:03   0:00 sed -e s/^/20180807-160324 :  /
root         9  0.0  0.0   4360  1280 ?        S    16:03   0:00 tee -a /root/DockerLogs/$(DATE_LOG)-gsd-install.log
root        15 11.7  2.8 450928 227440 ?       Sl   16:03  13:51 mongod --config /home/docker/code/confs/mongod.conf
root        17  0.0  0.0  23664  2148 ?        Ss   16:03   0:00 /usr/sbin/cron
postgres    36  0.0  0.2 244856 19264 ?        S    16:03   0:02 /usr/lib/postgresql/9.3/bin/postgres -D /var/lib/postgresql/9.3/main -c config_file=/etc/postgresql/9.3/main/postgresql.conf
postgres    69  0.0  0.0 245000  5532 ?        Ss   16:03   0:00 postgres: checkpointer process                                                                                              
postgres    70  0.0  0.0 244856  4592 ?        Ss   16:03   0:00 postgres: writer process                                                                                                    
postgres    71  0.0  0.0 244856  3300 ?        Ss   16:03   0:00 postgres: wal writer process                                                                                                
postgres    72  0.0  0.0 245732  6008 ?        Ss   16:03   0:00 postgres: autovacuum launcher process                                                                                       
postgres    73  0.0  0.0 100820  3720 ?        Ss   16:03   0:00 postgres: stats collector process                                                                                           
root       176  0.0  0.0  25356  2964 ?        Ss   16:03   0:00 /usr/lib/postfix/master
postfix    182  0.0  0.0  27468  2920 ?        S    16:03   0:00 qmgr -l -t unix -u
root       190  0.0  0.0  61388  3072 ?        Ss   16:03   0:00 /usr/sbin/sshd
memcache   197  0.0  0.1 333528 11076 ?        Sl   16:03   0:00 /usr/bin/memcached -m 64 -p 11211 -u memcache -l 127.0.0.1
rabbitmq   226  0.0  0.0   7512    88 ?        S    16:03   0:00 /usr/lib/erlang/erts-5.10.4/bin/epmd -daemon
rabbitmq   253  0.0  0.0   4456   780 ?        S    16:03   0:00 /bin/sh /usr/sbin/rabbitmq-server
rabbitmq   297  0.4  1.1 2303624 92964 ?       Sl   16:03   0:32 /usr/lib/erlang/erts-5.10.4/bin/beam.smp -W w -K true -A30 -P 1048576 -- -root /usr/lib/erlang -progname erl -- -home /var/lib/rabbitmq -- -pa /usr/lib/rabbitmq/lib/rabbitmq_server-3.2.4/sbin/../ebin -noshell -noinput -s rabbit boot -sname rabbit@clixserver -boot start_sasl -kernel inet_default_connect_options [{nodelay,true}] -sasl errlog_type error -sasl sasl_error_logger false -rabbit error_logger {file,"/var/log/rabbitmq/rabbit@clixserver.log"} -rabbit sasl_error_logger {file,"/var/log/rabbitmq/rabbit@clixserver-sasl.log"} -rabbit enabled_plugins_file "/etc/rabbitmq/enabled_plugins" -rabbit plugins_dir "/usr/lib/rabbitmq/lib/rabbitmq_server-3.2.4/sbin/../plugins" -rabbit plugins_expand_dir "/var/lib/rabbitmq/mnesia/rabbit@clixserver-plugins-expand" -os_mon start_cpu_sup false -os_mon start_disksup false -os_mon start_memsup false -mnesia dir "/var/lib/rabbitmq/mnesia/rabbit@clixserver"
rabbitmq   384  0.0  0.0   7476   916 ?        Ss   16:03   0:00 inet_gethost 4
rabbitmq   385  0.0  0.0   9568  1580 ?        S    16:03   0:00 inet_gethost 4
root       387  0.0  0.6 186404 49932 ?        S    16:03   0:00 python manage.py celeryd -f /var/log/celeryd.log -l INFO
root       410  0.0  0.1  33152  9896 ?        S    16:03   0:00 python -m smtpd -n -c DebuggingServer localhost:1025
root       413  0.0  0.6 859096 56560 ?        Sl   16:03   0:01 python main.py
root       418  0.0  0.5 185780 42416 ?        S    16:03   0:00 python manage.py celeryd -f /var/log/celeryd.log -l INFO
root       419  0.0  0.5 185780 42420 ?        S    16:03   0:00 python manage.py celeryd -f /var/log/celeryd.log -l INFO
root       420  0.0  0.5 185780 42424 ?        S    16:03   0:00 python manage.py celeryd -f /var/log/celeryd.log -l INFO
root       421  0.0  0.5 185780 42432 ?        S    16:03   0:00 python manage.py celeryd -f /var/log/celeryd.log -l INFO
root       423  0.0  0.2  52492 17072 ?        S    16:03   0:02 /usr/bin/python /usr/bin/supervisord -n
root       438  0.0  0.0  32536  6560 ?        S    16:03   0:00 nginx: master process /usr/sbin/nginx
root       439  0.0  0.2  63412 20524 ?        S    16:03   0:00 /usr/local/bin/uwsgi --ini /home/docker/code/confs/uwsgi.ini
www-data   440  0.0  0.0  33280  6560 ?        S    16:03   0:00 nginx: worker process
www-data   441  0.0  0.0  33264  6572 ?        S    16:03   0:00 nginx: worker process
www-data   442  0.0  0.0  33380  6640 ?        S    16:03   0:05 nginx: worker process
www-data   443  0.0  0.0  33400  6524 ?        S    16:03   0:02 nginx: worker process
root       444  0.1  1.2 281072 102360 ?       S    16:03   0:11 /usr/local/bin/uwsgi --ini /home/docker/code/confs/uwsgi.ini
root       445  0.0  1.2 278404 99924 ?        S    16:03   0:05 /usr/local/bin/uwsgi --ini /home/docker/code/confs/uwsgi.ini
root       446  0.2  1.2 282556 104016 ?       S    16:03   0:17 /usr/local/bin/uwsgi --ini /home/docker/code/confs/uwsgi.ini
root       447  0.7  1.2 281972 103308 ?       S    16:03   0:55 /usr/local/bin/uwsgi --ini /home/docker/code/confs/uwsgi.ini
postfix   5153  0.0  0.0  27420  2708 ?        S    17:40   0:00 pickup -l -t unix -u -c
root     12147  0.0  0.0  59648  3052 ?        S    18:01   0:00 /USR/SBIN/CRON
root     12148  0.0  0.0   4456   692 ?        Ss   18:01   0:00 /bin/sh -c /home/docker/code/scripts/system-heartbeat.sh  > /tmp/cron-system-heartbeat.log
root     12149  0.0  0.0   9588  2260 ?        S    18:01   0:00 /bin/bash /home/docker/code/scripts/system-heartbeat.sh
root     12150  0.0  0.0   9600  2464 ?        S    18:01   0:00 /bin/bash /home/docker/code/scripts/system-heartbeat.sh
root     12151  0.0  0.0   4360   648 ?        S    18:01   0:00 tee /data/system-heartbeat/system-heartbeat-20180807-180101.log
root     12175  0.0  0.0  15580  2032 ?        R    18:01   0:00 ps aux
 

------------------------------------------------------------------------------------ 


