Info-msg : Checking directory existence. 

/data/system-heartbeat/ directory exists
Info-msg : hostname of server (hostname). 

clixserver.tiss.edu
 

------------------------------------------------------------------------------------ 


Info-msg : internal ip addresses of the system (ip address). 

 

------------------------------------------------------------------------------------ 


Info-msg : external ip addresses of the system (public ip address). 


 

------------------------------------------------------------------------------------ 


Info-msg : RAM details (free -h). 

             total       used       free     shared    buffers     cached
Mem:          7.7G       5.2G       2.6G       776M       532M       2.4G
-/+ buffers/cache:       2.3G       5.5G
Swap:         7.6G         0B       7.6G
 

------------------------------------------------------------------------------------ 


Info-msg : HDD details (df -h). 

Filesystem      Size  Used Avail Use% Mounted on
overlay         908G   56G  807G   7% /
tmpfs            64M     0   64M   0% /dev
tmpfs           3.9G     0  3.9G   0% /sys/fs/cgroup
/dev/sda3       908G   56G  807G   7% /data
shm              64M     0   64M   0% /dev/shm
tmpfs           3.9G     0  3.9G   0% /proc/scsi
tmpfs           3.9G     0  3.9G   0% /sys/firmware
 

------------------------------------------------------------------------------------ 


Info-msg : Size description in '/data/'. 

8.0K	/data/2031011-mz11-activity-timestamp-csvs.tar.gz
44M	/data/2031011-mz11-assessment-media.tar.gz
8.0K	/data/2031011-mz11-gstudio_tools_logs.tar.gz
64K	/data/activity-timestamp-csvs
114M	/data/assessment-media
16K	/data/clixserver.tiss.edu
365M	/data/db
4.0K	/data/drop_database.sql
12K	/data/git-commit-details.log
4.0K	/data/gstudio-exported-users-analytics-csvs
100K	/data/gstudio-logs
176K	/data/gstudio_tools_logs
8.0K	/data/local_settings.py
17G	/data/media
394M	/data/nginx-logs
504K	/data/pg_dump_all.sql
2.7M	/data/postgres-dump
2.3M	/data/qbank
672M	/data/rcs-repo
4.0K	/data/server_settings.py
124K	/data/system-heartbeat
 

------------------------------------------------------------------------------------ 


Info-msg : No of directories and files in '/data/media/'. 

No of directories : 4002 

No of files       : 9629 

 

------------------------------------------------------------------------------------ 


Info-msg : uptime (uptime). 

 19:01:02 up  1:26,  0 users,  load average: 0.94, 0.86, 0.78
 

------------------------------------------------------------------------------------ 


Info-msg : current process (uptime). 

USER       PID %CPU %MEM    VSZ   RSS TTY      STAT START   TIME COMMAND
root         1  0.0  0.0   4456   744 ?        Ss   17:35   0:00 /bin/sh -c /home/docker/code/scripts/initialize.sh  | sed -e "s/^/$(date +%Y%m%d-%H%M%S) :  /"  2>&1 | tee -a ${LOG_INSTALL_DOCKER}
root         7  0.0  0.0  18000  2812 ?        S    17:35   0:00 /bin/bash /home/docker/code/scripts/initialize.sh
root         8  0.0  0.0  10996  1332 ?        S    17:35   0:00 sed -e s/^/20180830-173535 :  /
root        10  0.0  0.0   4360  1248 ?        S    17:35   0:00 tee -a /root/DockerLogs/$(DATE_LOG)-gsd-install.log
root        16 16.4  3.0 487124 245532 ?       Sl   17:35  14:02 mongod --config /home/docker/code/confs/mongod.conf
root        18  0.0  0.0  23664  2152 ?        Ss   17:35   0:00 /usr/sbin/cron
postgres    44  0.0  0.2 244856 19332 ?        S    17:35   0:00 /usr/lib/postgresql/9.3/bin/postgres -D /var/lib/postgresql/9.3/main -c config_file=/etc/postgresql/9.3/main/postgresql.conf
postgres    60  0.0  0.0 245000  5540 ?        Ss   17:35   0:00 postgres: checkpointer process                                                                                              
postgres    61  0.0  0.0 244856  4596 ?        Ss   17:35   0:00 postgres: writer process                                                                                                    
postgres    62  0.0  0.0 244856  3252 ?        Ss   17:35   0:00 postgres: wal writer process                                                                                                
postgres    63  0.0  0.0 245732  6048 ?        Ss   17:35   0:00 postgres: autovacuum launcher process                                                                                       
postgres    64  0.0  0.0 100820  3796 ?        Ss   17:35   0:00 postgres: stats collector process                                                                                           
root       167  0.0  0.0  25356  2952 ?        Ss   17:35   0:00 /usr/lib/postfix/master
postfix    172  0.0  0.0  27420  2880 ?        S    17:35   0:00 pickup -l -t unix -u -c
postfix    173  0.0  0.0  27468  2880 ?        S    17:35   0:00 qmgr -l -t unix -u
root       181  0.0  0.0  61388  3048 ?        Ss   17:35   0:00 /usr/sbin/sshd
memcache   188  0.0  0.1 333528 11112 ?        Sl   17:35   0:00 /usr/bin/memcached -m 64 -p 11211 -u memcache -l 127.0.0.1
rabbitmq   217  0.0  0.0   7512    88 ?        S    17:35   0:00 /usr/lib/erlang/erts-5.10.4/bin/epmd -daemon
rabbitmq   244  0.0  0.0   4456   736 ?        S    17:35   0:00 /bin/sh /usr/sbin/rabbitmq-server
rabbitmq   288  0.4  1.1 2303368 93552 ?       Sl   17:35   0:24 /usr/lib/erlang/erts-5.10.4/bin/beam.smp -W w -K true -A30 -P 1048576 -- -root /usr/lib/erlang -progname erl -- -home /var/lib/rabbitmq -- -pa /usr/lib/rabbitmq/lib/rabbitmq_server-3.2.4/sbin/../ebin -noshell -noinput -s rabbit boot -sname rabbit@clixserver -boot start_sasl -kernel inet_default_connect_options [{nodelay,true}] -sasl errlog_type error -sasl sasl_error_logger false -rabbit error_logger {file,"/var/log/rabbitmq/rabbit@clixserver.log"} -rabbit sasl_error_logger {file,"/var/log/rabbitmq/rabbit@clixserver-sasl.log"} -rabbit enabled_plugins_file "/etc/rabbitmq/enabled_plugins" -rabbit plugins_dir "/usr/lib/rabbitmq/lib/rabbitmq_server-3.2.4/sbin/../plugins" -rabbit plugins_expand_dir "/var/lib/rabbitmq/mnesia/rabbit@clixserver-plugins-expand" -os_mon start_cpu_sup false -os_mon start_disksup false -os_mon start_memsup false -mnesia dir "/var/lib/rabbitmq/mnesia/rabbit@clixserver"
rabbitmq   375  0.0  0.0   7476   888 ?        Ss   17:35   0:00 inet_gethost 4
rabbitmq   376  0.0  0.0   9568  1632 ?        S    17:35   0:00 inet_gethost 4
root       378  0.1  0.6 186432 50028 ?        S    17:35   0:06 python manage.py celeryd -f /var/log/celeryd.log -l INFO
root       401  0.0  0.1  33152  9816 ?        S    17:35   0:00 python -m smtpd -n -c DebuggingServer localhost:1025
root       404  4.5  1.2 889604 101896 ?       Sl   17:35   3:53 python main.py
root       409  0.0  0.5 185784 42500 ?        S    17:35   0:00 python manage.py celeryd -f /var/log/celeryd.log -l INFO
root       410  0.0  0.5 185780 42504 ?        S    17:35   0:00 python manage.py celeryd -f /var/log/celeryd.log -l INFO
root       411  0.0  0.5 185780 42508 ?        S    17:35   0:00 python manage.py celeryd -f /var/log/celeryd.log -l INFO
root       412  0.0  0.5 185780 42516 ?        S    17:35   0:00 python manage.py celeryd -f /var/log/celeryd.log -l INFO
root       416  0.0  0.2  52492 17008 ?        S    17:35   0:01 /usr/bin/python /usr/bin/supervisord -n
root       429  0.0  0.0  32536  6556 ?        S    17:36   0:00 nginx: master process /usr/sbin/nginx
root       430  0.0  0.2  63412 20568 ?        S    17:36   0:00 /usr/local/bin/uwsgi --ini /home/docker/code/confs/uwsgi.ini
www-data   431  0.0  0.0  33260  6716 ?        S    17:36   0:01 nginx: worker process
www-data   432  0.0  0.0  33492  6752 ?        S    17:36   0:02 nginx: worker process
www-data   433  0.0  0.0  33456  6704 ?        S    17:36   0:03 nginx: worker process
www-data   434  0.1  0.0  33588  6804 ?        S    17:36   0:06 nginx: worker process
root       435  0.2  1.2 279560 100824 ?       S    17:36   0:13 /usr/local/bin/uwsgi --ini /home/docker/code/confs/uwsgi.ini
root       436  0.2  1.2 279516 100824 ?       S    17:36   0:10 /usr/local/bin/uwsgi --ini /home/docker/code/confs/uwsgi.ini
root       437  0.3  1.2 278152 99296 ?        S    17:36   0:18 /usr/local/bin/uwsgi --ini /home/docker/code/confs/uwsgi.ini
root       438  0.9  1.2 279816 101004 ?       S    17:36   0:50 /usr/local/bin/uwsgi --ini /home/docker/code/confs/uwsgi.ini
root      1795  0.0  0.0  59648  2976 ?        S    19:01   0:00 /USR/SBIN/CRON
root      1796  0.0  0.0   4456   780 ?        Ss   19:01   0:00 /bin/sh -c /home/docker/code/scripts/system-heartbeat.sh  > /tmp/cron-system-heartbeat.log
root      1797  0.0  0.0   9588  2272 ?        S    19:01   0:00 /bin/bash /home/docker/code/scripts/system-heartbeat.sh
root      1798  0.0  0.0   9600  2472 ?        S    19:01   0:00 /bin/bash /home/docker/code/scripts/system-heartbeat.sh
root      1799  0.0  0.0   4360   636 ?        S    19:01   0:00 tee /data/system-heartbeat/system-heartbeat-20180830-190101.log
root      1820  0.0  0.0  15580  2156 ?        R    19:01   0:00 ps aux
 

------------------------------------------------------------------------------------ 


