Info-msg : Checking directory existence. 

/data/system-heartbeat/ directory exists
Info-msg : hostname of server (hostname). 

clixserver.tiss.edu
 

------------------------------------------------------------------------------------ 


Info-msg : internal ip addresses of the system (ip address). 

 

------------------------------------------------------------------------------------ 


Info-msg : external ip addresses of the system (public ip address). 


 

------------------------------------------------------------------------------------ 


Info-msg : RAM details (free -h). 

             total       used       free     shared    buffers     cached
Mem:          7.7G       3.5G       4.2G       359M       410M       1.2G
-/+ buffers/cache:       2.0G       5.8G
Swap:         7.6G         0B       7.6G
 

------------------------------------------------------------------------------------ 


Info-msg : HDD details (df -h). 

Filesystem      Size  Used Avail Use% Mounted on
overlay         908G   55G  807G   7% /
tmpfs            64M     0   64M   0% /dev
tmpfs           3.9G     0  3.9G   0% /sys/fs/cgroup
/dev/sda3       908G   55G  807G   7% /data
shm              64M     0   64M   0% /dev/shm
tmpfs           3.9G     0  3.9G   0% /proc/scsi
tmpfs           3.9G     0  3.9G   0% /sys/firmware
 

------------------------------------------------------------------------------------ 


Info-msg : Size description in '/data/'. 

8.0K	/data/2031011-mz11-activity-timestamp-csvs.tar.gz
44M	/data/2031011-mz11-assessment-media.tar.gz
8.0K	/data/2031011-mz11-gstudio_tools_logs.tar.gz
64K	/data/activity-timestamp-csvs
114M	/data/assessment-media
16K	/data/clixserver.tiss.edu
364M	/data/db
4.0K	/data/drop_database.sql
12K	/data/git-commit-details.log
4.0K	/data/gstudio-exported-users-analytics-csvs
88K	/data/gstudio-logs
176K	/data/gstudio_tools_logs
8.0K	/data/local_settings.py
17G	/data/media
288M	/data/nginx-logs
504K	/data/pg_dump_all.sql
2.7M	/data/postgres-dump
5.4M	/data/qbank
671M	/data/rcs-repo
4.0K	/data/server_settings.py
112K	/data/system-heartbeat
 

------------------------------------------------------------------------------------ 


Info-msg : No of directories and files in '/data/media/'. 

No of directories : 4002 

No of files       : 9629 

 

------------------------------------------------------------------------------------ 


Info-msg : uptime (uptime). 

 18:01:09 up 26 min,  0 users,  load average: 1.49, 0.91, 0.50
 

------------------------------------------------------------------------------------ 


Info-msg : current process (uptime). 

USER       PID %CPU %MEM    VSZ   RSS TTY      STAT START   TIME COMMAND
root         1  0.0  0.0   4456   744 ?        Ss   17:35   0:00 /bin/sh -c /home/docker/code/scripts/initialize.sh  | sed -e "s/^/$(date +%Y%m%d-%H%M%S) :  /"  2>&1 | tee -a ${LOG_INSTALL_DOCKER}
root         7  0.0  0.0  18000  2812 ?        S    17:35   0:00 /bin/bash /home/docker/code/scripts/initialize.sh
root         8  0.0  0.0  10996  1332 ?        S    17:35   0:00 sed -e s/^/20180830-173535 :  /
root        10  0.0  0.0   4360  1248 ?        S    17:35   0:00 tee -a /root/DockerLogs/$(DATE_LOG)-gsd-install.log
root        16 13.8  2.5 429748 204216 ?       Sl   17:35   3:32 mongod --config /home/docker/code/confs/mongod.conf
root        18  0.0  0.0  23664  2144 ?        Ss   17:35   0:00 /usr/sbin/cron
postgres    44  0.0  0.2 244856 19332 ?        S    17:35   0:00 /usr/lib/postgresql/9.3/bin/postgres -D /var/lib/postgresql/9.3/main -c config_file=/etc/postgresql/9.3/main/postgresql.conf
postgres    60  0.0  0.0 245000  5540 ?        Ss   17:35   0:00 postgres: checkpointer process                                                                                              
postgres    61  0.0  0.0 244856  4596 ?        Ss   17:35   0:00 postgres: writer process                                                                                                    
postgres    62  0.0  0.0 244856  3252 ?        Ss   17:35   0:00 postgres: wal writer process                                                                                                
postgres    63  0.0  0.0 245732  6012 ?        Ss   17:35   0:00 postgres: autovacuum launcher process                                                                                       
postgres    64  0.0  0.0 100668  3704 ?        Ss   17:35   0:00 postgres: stats collector process                                                                                           
root       167  0.0  0.0  25356  2860 ?        Ss   17:35   0:00 /usr/lib/postfix/master
postfix    172  0.0  0.0  27420  2788 ?        S    17:35   0:00 pickup -l -t unix -u -c
postfix    173  0.0  0.0  27468  2880 ?        S    17:35   0:00 qmgr -l -t unix -u
root       181  0.0  0.0  61388  3048 ?        Ss   17:35   0:00 /usr/sbin/sshd
memcache   188  0.0  0.1 332504  9972 ?        Sl   17:35   0:00 /usr/bin/memcached -m 64 -p 11211 -u memcache -l 127.0.0.1
rabbitmq   217  0.0  0.0   7512    88 ?        S    17:35   0:00 /usr/lib/erlang/erts-5.10.4/bin/epmd -daemon
rabbitmq   244  0.0  0.0   4456   736 ?        S    17:35   0:00 /bin/sh /usr/sbin/rabbitmq-server
rabbitmq   288  0.5  1.1 2303624 93000 ?       Sl   17:35   0:09 /usr/lib/erlang/erts-5.10.4/bin/beam.smp -W w -K true -A30 -P 1048576 -- -root /usr/lib/erlang -progname erl -- -home /var/lib/rabbitmq -- -pa /usr/lib/rabbitmq/lib/rabbitmq_server-3.2.4/sbin/../ebin -noshell -noinput -s rabbit boot -sname rabbit@clixserver -boot start_sasl -kernel inet_default_connect_options [{nodelay,true}] -sasl errlog_type error -sasl sasl_error_logger false -rabbit error_logger {file,"/var/log/rabbitmq/rabbit@clixserver.log"} -rabbit sasl_error_logger {file,"/var/log/rabbitmq/rabbit@clixserver-sasl.log"} -rabbit enabled_plugins_file "/etc/rabbitmq/enabled_plugins" -rabbit plugins_dir "/usr/lib/rabbitmq/lib/rabbitmq_server-3.2.4/sbin/../plugins" -rabbit plugins_expand_dir "/var/lib/rabbitmq/mnesia/rabbit@clixserver-plugins-expand" -os_mon start_cpu_sup false -os_mon start_disksup false -os_mon start_memsup false -mnesia dir "/var/lib/rabbitmq/mnesia/rabbit@clixserver"
rabbitmq   375  0.0  0.0   7476   888 ?        Ss   17:35   0:00 inet_gethost 4
rabbitmq   376  0.0  0.0   9568  1632 ?        S    17:35   0:00 inet_gethost 4
root       378  0.1  0.6 186432 50028 ?        S    17:35   0:02 python manage.py celeryd -f /var/log/celeryd.log -l INFO
root       401  0.0  0.1  33152  9816 ?        S    17:35   0:00 python -m smtpd -n -c DebuggingServer localhost:1025
root       404  0.0  0.6 859096 56316 ?        Sl   17:35   0:00 python main.py
root       409  0.0  0.5 185784 42500 ?        S    17:35   0:00 python manage.py celeryd -f /var/log/celeryd.log -l INFO
root       410  0.0  0.5 185780 42504 ?        S    17:35   0:00 python manage.py celeryd -f /var/log/celeryd.log -l INFO
root       411  0.0  0.5 185780 42508 ?        S    17:35   0:00 python manage.py celeryd -f /var/log/celeryd.log -l INFO
root       412  0.0  0.5 185780 42516 ?        S    17:35   0:00 python manage.py celeryd -f /var/log/celeryd.log -l INFO
root       416  0.0  0.2  52492 17008 ?        S    17:35   0:00 /usr/bin/python /usr/bin/supervisord -n
root       429  0.0  0.0  32536  6556 ?        S    17:36   0:00 nginx: master process /usr/sbin/nginx
root       430  0.0  0.2  63412 20568 ?        S    17:36   0:00 /usr/local/bin/uwsgi --ini /home/docker/code/confs/uwsgi.ini
www-data   431  0.0  0.0  33260  6464 ?        S    17:36   0:00 nginx: worker process
www-data   432  0.0  0.0  33356  6752 ?        S    17:36   0:00 nginx: worker process
www-data   433  0.0  0.0  33264  6704 ?        S    17:36   0:00 nginx: worker process
www-data   434  0.0  0.0  33380  6804 ?        S    17:36   0:00 nginx: worker process
root       435  0.1  1.2 279480 100580 ?       S    17:36   0:02 /usr/local/bin/uwsgi --ini /home/docker/code/confs/uwsgi.ini
root       436  0.1  1.2 279440 100564 ?       S    17:36   0:02 /usr/local/bin/uwsgi --ini /home/docker/code/confs/uwsgi.ini
root       437  0.3  1.2 279460 100756 ?       S    17:36   0:04 /usr/local/bin/uwsgi --ini /home/docker/code/confs/uwsgi.ini
root       438  0.5  1.2 279492 100788 ?       S    17:36   0:08 /usr/local/bin/uwsgi --ini /home/docker/code/confs/uwsgi.ini
root      1476  0.0  0.0  59648  2976 ?        S    18:01   0:00 /USR/SBIN/CRON
root      1477  0.0  0.0   4456   696 ?        Ss   18:01   0:00 /bin/sh -c /home/docker/code/scripts/system-heartbeat.sh  > /tmp/cron-system-heartbeat.log
root      1478  0.0  0.0   9588  2308 ?        S    18:01   0:00 /bin/bash /home/docker/code/scripts/system-heartbeat.sh
root      1479  0.0  0.0   9600  2628 ?        S    18:01   0:00 /bin/bash /home/docker/code/scripts/system-heartbeat.sh
root      1480  0.0  0.0   4360   668 ?        S    18:01   0:00 tee /data/system-heartbeat/system-heartbeat-20180830-180101.log
root      1510  0.0  0.0  15580  2096 ?        R    18:01   0:00 ps aux
 

------------------------------------------------------------------------------------ 


