Info-msg : Checking directory existence. 

/data/system-heartbeat/ directory exists
Info-msg : hostname of server (hostname). 

clixserver.tiss.edu
 

------------------------------------------------------------------------------------ 


Info-msg : internal ip addresses of the system (ip address). 

 

------------------------------------------------------------------------------------ 


Info-msg : external ip addresses of the system (public ip address). 


 

------------------------------------------------------------------------------------ 


Info-msg : RAM details (free -h). 

             total       used       free     shared    buffers     cached
Mem:          7.7G       4.2G       3.5G       361M       419M       1.5G
-/+ buffers/cache:       2.3G       5.4G
Swap:         7.6G         0B       7.6G
 

------------------------------------------------------------------------------------ 


Info-msg : HDD details (df -h). 

Filesystem      Size  Used Avail Use% Mounted on
overlay         908G   58G  804G   7% /
tmpfs            64M     0   64M   0% /dev
tmpfs           3.9G     0  3.9G   0% /sys/fs/cgroup
/dev/sda3       908G   58G  804G   7% /data
shm              64M     0   64M   0% /dev/shm
tmpfs           3.9G     0  3.9G   0% /proc/scsi
tmpfs           3.9G     0  3.9G   0% /sys/firmware
 

------------------------------------------------------------------------------------ 


Info-msg : Size description in '/data/'. 

8.0K	/data/2031011-mz11-activity-timestamp-csvs.tar.gz
63M	/data/2031011-mz11-assessment-media.tar.gz
8.0K	/data/2031011-mz11-gstudio_tools_logs.tar.gz
64K	/data/activity-timestamp-csvs
148M	/data/assessment-media
16K	/data/clixserver.tiss.edu
367M	/data/db
4.0K	/data/drop_database.sql
12K	/data/git-commit-details.log
4.0K	/data/gstudio-exported-users-analytics-csvs
124K	/data/gstudio-logs
196K	/data/gstudio_tools_logs
8.0K	/data/local_settings.py
17G	/data/media
479M	/data/nginx-logs
504K	/data/pg_dump_all.sql
2.7M	/data/postgres-dump
2.9M	/data/qbank
673M	/data/rcs-repo
4.0K	/data/server_settings.py
136K	/data/system-heartbeat
 

------------------------------------------------------------------------------------ 


Info-msg : No of directories and files in '/data/media/'. 

No of directories : 4002 

No of files       : 9629 

 

------------------------------------------------------------------------------------ 


Info-msg : uptime (uptime). 

 19:01:07 up 15 min,  0 users,  load average: 1.44, 1.32, 0.90
 

------------------------------------------------------------------------------------ 


Info-msg : current process (uptime). 

USER       PID %CPU %MEM    VSZ   RSS TTY      STAT START   TIME COMMAND
root         1  0.0  0.0   4456   672 ?        Ss   18:46   0:00 /bin/sh -c /home/docker/code/scripts/initialize.sh  | sed -e "s/^/$(date +%Y%m%d-%H%M%S) :  /"  2>&1 | tee -a ${LOG_INSTALL_DOCKER}
root         6  0.0  0.0  18000  2864 ?        S    18:46   0:00 /bin/bash /home/docker/code/scripts/initialize.sh
root        12  0.0  0.0  10996  1544 ?        S    18:46   0:00 sed -e s/^/20181005-184609 :  /
root        14  0.0  0.0   4360  1364 ?        S    18:46   0:00 tee -a /root/DockerLogs/$(DATE_LOG)-gsd-install.log
root        15 34.5  2.8 459464 234616 ?       Sl   18:46   5:10 mongod --config /home/docker/code/confs/mongod.conf
root        17  0.0  0.0  23664  2184 ?        Ss   18:46   0:00 /usr/sbin/cron
postgres    36  0.0  0.2 244856 19332 ?        S    18:46   0:00 /usr/lib/postgresql/9.3/bin/postgres -D /var/lib/postgresql/9.3/main -c config_file=/etc/postgresql/9.3/main/postgresql.conf
postgres    72  0.0  0.0 244992  5624 ?        Ss   18:46   0:00 postgres: checkpointer process                                                                                              
postgres    73  0.0  0.0 244856  4592 ?        Ss   18:46   0:00 postgres: writer process                                                                                                    
postgres    74  0.0  0.0 244856  3332 ?        Ss   18:46   0:00 postgres: wal writer process                                                                                                
postgres    75  0.0  0.0 245732  5860 ?        Ss   18:46   0:00 postgres: autovacuum launcher process                                                                                       
postgres    76  0.0  0.0 100668  3624 ?        Ss   18:46   0:00 postgres: stats collector process                                                                                           
root       179  0.0  0.0  25356  2852 ?        Ss   18:46   0:00 /usr/lib/postfix/master
postfix    184  0.0  0.0  27420  2732 ?        S    18:46   0:00 pickup -l -t unix -u -c
postfix    185  0.0  0.0  27468  2864 ?        S    18:46   0:00 qmgr -l -t unix -u
root       193  0.0  0.0  61388  3120 ?        Ss   18:46   0:00 /usr/sbin/sshd
memcache   200  0.0  0.2 339664 16776 ?        Sl   18:46   0:00 /usr/bin/memcached -m 64 -p 11211 -u memcache -l 127.0.0.1
rabbitmq   229  0.0  0.0   7512    92 ?        S    18:46   0:00 /usr/lib/erlang/erts-5.10.4/bin/epmd -daemon
rabbitmq   256  0.0  0.0   4456   760 ?        S    18:46   0:00 /bin/sh /usr/sbin/rabbitmq-server
rabbitmq   300  0.5  1.1 2303624 93192 ?       Sl   18:46   0:04 /usr/lib/erlang/erts-5.10.4/bin/beam.smp -W w -K true -A30 -P 1048576 -- -root /usr/lib/erlang -progname erl -- -home /var/lib/rabbitmq -- -pa /usr/lib/rabbitmq/lib/rabbitmq_server-3.2.4/sbin/../ebin -noshell -noinput -s rabbit boot -sname rabbit@clixserver -boot start_sasl -kernel inet_default_connect_options [{nodelay,true}] -sasl errlog_type error -sasl sasl_error_logger false -rabbit error_logger {file,"/var/log/rabbitmq/rabbit@clixserver.log"} -rabbit sasl_error_logger {file,"/var/log/rabbitmq/rabbit@clixserver-sasl.log"} -rabbit enabled_plugins_file "/etc/rabbitmq/enabled_plugins" -rabbit plugins_dir "/usr/lib/rabbitmq/lib/rabbitmq_server-3.2.4/sbin/../plugins" -rabbit plugins_expand_dir "/var/lib/rabbitmq/mnesia/rabbit@clixserver-plugins-expand" -os_mon start_cpu_sup false -os_mon start_disksup false -os_mon start_memsup false -mnesia dir "/var/lib/rabbitmq/mnesia/rabbit@clixserver"
rabbitmq   387  0.0  0.0   7476   924 ?        Ss   18:46   0:00 inet_gethost 4
rabbitmq   388  0.0  0.0   9568  1588 ?        S    18:46   0:00 inet_gethost 4
root       390  0.1  0.6 186432 50024 ?        S    18:46   0:01 python manage.py celeryd -f /var/log/celeryd.log -l INFO
root       413  0.0  0.1  33152  9896 ?        S    18:46   0:00 python -m smtpd -n -c DebuggingServer localhost:1025
root       416  2.6  1.1 883460 94476 ?        Sl   18:46   0:22 python main.py
root       421  0.0  0.5 185784 42500 ?        S    18:46   0:00 python manage.py celeryd -f /var/log/celeryd.log -l INFO
root       422  0.0  0.5 185780 42504 ?        S    18:46   0:00 python manage.py celeryd -f /var/log/celeryd.log -l INFO
root       423  0.0  0.5 185780 42508 ?        S    18:46   0:00 python manage.py celeryd -f /var/log/celeryd.log -l INFO
root       424  0.0  0.5 185780 42516 ?        S    18:46   0:00 python manage.py celeryd -f /var/log/celeryd.log -l INFO
root       426  0.0  0.2  52492 16980 ?        S    18:46   0:00 /usr/bin/python /usr/bin/supervisord -n
root       441  0.0  0.0  32536  6548 ?        S    18:46   0:00 nginx: master process /usr/sbin/nginx
root       442  0.0  0.2  63412 20536 ?        S    18:46   0:00 /usr/local/bin/uwsgi --ini /home/docker/code/confs/uwsgi.ini
www-data   443  0.0  0.0  33368  6532 ?        S    18:46   0:00 nginx: worker process
www-data   444  0.0  0.0  33352  6728 ?        S    18:46   0:00 nginx: worker process
www-data   445  0.0  0.0  33364  6652 ?        S    18:46   0:00 nginx: worker process
www-data   446  0.1  0.0  33368  6720 ?        S    18:46   0:01 nginx: worker process
root       447  0.5  1.2 280920 102208 ?       S    18:46   0:05 /usr/local/bin/uwsgi --ini /home/docker/code/confs/uwsgi.ini
root       448  0.7  1.2 280248 101824 ?       S    18:46   0:06 /usr/local/bin/uwsgi --ini /home/docker/code/confs/uwsgi.ini
root       449  1.3  1.2 283248 104632 ?       S    18:46   0:11 /usr/local/bin/uwsgi --ini /home/docker/code/confs/uwsgi.ini
root       450  2.7  1.3 284548 105940 ?       S    18:46   0:23 /usr/local/bin/uwsgi --ini /home/docker/code/confs/uwsgi.ini
root      4249  0.0  0.0  59648  2992 ?        S    19:01   0:00 /USR/SBIN/CRON
root      4250  0.0  0.0   4456   780 ?        Ss   19:01   0:00 /bin/sh -c /home/docker/code/scripts/system-heartbeat.sh  > /tmp/cron-system-heartbeat.log
root      4251  0.0  0.0   9588  2316 ?        S    19:01   0:00 /bin/bash /home/docker/code/scripts/system-heartbeat.sh
root      4252  0.0  0.0   9600  2576 ?        S    19:01   0:00 /bin/bash /home/docker/code/scripts/system-heartbeat.sh
root      4253  0.0  0.0   4360   648 ?        S    19:01   0:00 tee /data/system-heartbeat/system-heartbeat-20181005-190101.log
root      4277  0.0  0.0  15580  2132 ?        R    19:01   0:00 ps aux
 

------------------------------------------------------------------------------------ 


