Info-msg : Checking directory existence. 

/data/system-heartbeat/ directory exists
Info-msg : hostname of server (hostname). 

clixserver.tiss.edu
 

------------------------------------------------------------------------------------ 


Info-msg : internal ip addresses of the system (ip address). 

 

------------------------------------------------------------------------------------ 


Info-msg : external ip addresses of the system (public ip address). 


 

------------------------------------------------------------------------------------ 


Info-msg : RAM details (free -h). 

             total       used       free     shared    buffers     cached
Mem:          7.7G       5.5G       2.2G       575M       557M       2.6G
-/+ buffers/cache:       2.4G       5.3G
Swap:         7.6G         0B       7.6G
 

------------------------------------------------------------------------------------ 


Info-msg : HDD details (df -h). 

Filesystem      Size  Used Avail Use% Mounted on
overlay         908G   59G  803G   7% /
tmpfs            64M     0   64M   0% /dev
tmpfs           3.9G     0  3.9G   0% /sys/fs/cgroup
/dev/sda3       908G   59G  803G   7% /data
shm              64M     0   64M   0% /dev/shm
tmpfs           3.9G     0  3.9G   0% /proc/scsi
tmpfs           3.9G     0  3.9G   0% /sys/firmware
 

------------------------------------------------------------------------------------ 


Info-msg : Size description in '/data/'. 

8.0K	/data/2031011-mz11-activity-timestamp-csvs.tar.gz
89M	/data/2031011-mz11-assessment-media.tar.gz
16K	/data/2031011-mz11-gstudio_tools_logs.tar.gz
64K	/data/activity-timestamp-csvs
190M	/data/assessment-media
16K	/data/clixserver.tiss.edu
373M	/data/db
4.0K	/data/drop_database.sql
12K	/data/git-commit-details.log
4.0K	/data/gstudio-exported-users-analytics-csvs
216K	/data/gstudio-logs
268K	/data/gstudio_tools_logs
8.0K	/data/local_settings.py
17G	/data/media
750M	/data/nginx-logs
504K	/data/pg_dump_all.sql
2.7M	/data/postgres-dump
4.9M	/data/qbank
674M	/data/rcs-repo
4.0K	/data/server_settings.py
196K	/data/system-heartbeat
 

------------------------------------------------------------------------------------ 


Info-msg : No of directories and files in '/data/media/'. 

No of directories : 4002 

No of files       : 9629 

 

------------------------------------------------------------------------------------ 


Info-msg : uptime (uptime). 

 14:01:02 up  1:29,  0 users,  load average: 1.20, 1.06, 0.93
 

------------------------------------------------------------------------------------ 


Info-msg : current process (uptime). 

USER       PID %CPU %MEM    VSZ   RSS TTY      STAT START   TIME COMMAND
root         1  0.0  0.0   4456   740 ?        Ss   12:32   0:00 /bin/sh -c /home/docker/code/scripts/initialize.sh  | sed -e "s/^/$(date +%Y%m%d-%H%M%S) :  /"  2>&1 | tee -a ${LOG_INSTALL_DOCKER}
root         7  0.0  0.0  18000  2872 ?        S    12:32   0:00 /bin/bash /home/docker/code/scripts/initialize.sh
root        13  0.0  0.0  10996  1560 ?        S    12:32   0:00 sed -e s/^/20181115-123256 :  /
root        15  0.0  0.0   4360  1300 ?        S    12:32   0:00 tee -a /root/DockerLogs/$(DATE_LOG)-gsd-install.log
root        16 37.1  3.3 547208 274952 ?       Sl   12:32  32:45 mongod --config /home/docker/code/confs/mongod.conf
root        18  0.0  0.0  23664  2212 ?        Ss   12:32   0:00 /usr/sbin/cron
postgres    37  0.0  0.2 244856 19348 ?        S    12:32   0:00 /usr/lib/postgresql/9.3/bin/postgres -D /var/lib/postgresql/9.3/main -c config_file=/etc/postgresql/9.3/main/postgresql.conf
postgres    63  0.0  0.0 244992  5488 ?        Ss   12:33   0:00 postgres: checkpointer process                                                                                              
postgres    64  0.0  0.0 244856  4716 ?        Ss   12:33   0:00 postgres: writer process                                                                                                    
postgres    65  0.0  0.0 244856  3320 ?        Ss   12:33   0:00 postgres: wal writer process                                                                                                
postgres    66  0.0  0.0 245732  6136 ?        Ss   12:33   0:00 postgres: autovacuum launcher process                                                                                       
postgres    67  0.0  0.0 100820  3740 ?        Ss   12:33   0:00 postgres: stats collector process                                                                                           
root       170  0.0  0.0  25356  2948 ?        Ss   12:33   0:00 /usr/lib/postfix/master
postfix    175  0.0  0.0  27420  2948 ?        S    12:33   0:00 pickup -l -t unix -u -c
postfix    176  0.0  0.0  27468  2840 ?        S    12:33   0:00 qmgr -l -t unix -u
root       184  0.0  0.0  61388  3076 ?        Ss   12:33   0:00 /usr/sbin/sshd
memcache   191  0.0  0.1 334552 12300 ?        Sl   12:33   0:01 /usr/bin/memcached -m 64 -p 11211 -u memcache -l 127.0.0.1
rabbitmq   220  0.0  0.0   7512    92 ?        S    12:33   0:00 /usr/lib/erlang/erts-5.10.4/bin/epmd -daemon
rabbitmq   247  0.0  0.0   4456   688 ?        S    12:33   0:00 /bin/sh /usr/sbin/rabbitmq-server
rabbitmq   291  0.3  1.1 2303368 93476 ?       Sl   12:33   0:20 /usr/lib/erlang/erts-5.10.4/bin/beam.smp -W w -K true -A30 -P 1048576 -- -root /usr/lib/erlang -progname erl -- -home /var/lib/rabbitmq -- -pa /usr/lib/rabbitmq/lib/rabbitmq_server-3.2.4/sbin/../ebin -noshell -noinput -s rabbit boot -sname rabbit@clixserver -boot start_sasl -kernel inet_default_connect_options [{nodelay,true}] -sasl errlog_type error -sasl sasl_error_logger false -rabbit error_logger {file,"/var/log/rabbitmq/rabbit@clixserver.log"} -rabbit sasl_error_logger {file,"/var/log/rabbitmq/rabbit@clixserver-sasl.log"} -rabbit enabled_plugins_file "/etc/rabbitmq/enabled_plugins" -rabbit plugins_dir "/usr/lib/rabbitmq/lib/rabbitmq_server-3.2.4/sbin/../plugins" -rabbit plugins_expand_dir "/var/lib/rabbitmq/mnesia/rabbit@clixserver-plugins-expand" -os_mon start_cpu_sup false -os_mon start_disksup false -os_mon start_memsup false -mnesia dir "/var/lib/rabbitmq/mnesia/rabbit@clixserver"
rabbitmq   378  0.0  0.0   7476   948 ?        Ss   12:33   0:00 inet_gethost 4
rabbitmq   379  0.0  0.0   9568  1692 ?        S    12:33   0:00 inet_gethost 4
root       381  0.1  0.6 186432 50128 ?        S    12:33   0:05 python manage.py celeryd -f /var/log/celeryd.log -l INFO
root       404  0.0  0.5 185784 42508 ?        S    12:33   0:00 python manage.py celeryd -f /var/log/celeryd.log -l INFO
root       405  0.0  0.5 185780 42512 ?        S    12:33   0:00 python manage.py celeryd -f /var/log/celeryd.log -l INFO
root       406  0.0  0.5 185780 42516 ?        S    12:33   0:00 python manage.py celeryd -f /var/log/celeryd.log -l INFO
root       407  0.0  0.5 185780 42524 ?        S    12:33   0:00 python manage.py celeryd -f /var/log/celeryd.log -l INFO
root       408  0.0  0.1  33152  9996 ?        S    12:33   0:00 python -m smtpd -n -c DebuggingServer localhost:1025
root       411  2.9  1.2 883972 102200 ?       Sl   12:33   2:37 python main.py
root       417  0.0  0.2  52492 16980 ?        S    12:33   0:01 /usr/bin/python /usr/bin/supervisord -n
root       432  0.0  0.0  32536  6496 ?        S    12:33   0:00 nginx: master process /usr/sbin/nginx
root       433  0.0  0.2  63412 20524 ?        S    12:33   0:00 /usr/local/bin/uwsgi --ini /home/docker/code/confs/uwsgi.ini
www-data   434  0.0  0.0  33412  6500 ?        S    12:33   0:01 nginx: worker process
www-data   435  0.0  0.0  33468  6800 ?        S    12:33   0:03 nginx: worker process
www-data   436  0.0  0.0  33572  6912 ?        S    12:33   0:02 nginx: worker process
www-data   437  0.0  0.0  33848  7036 ?        S    12:33   0:05 nginx: worker process
root       438  0.6  1.2 281312 102540 ?       S    12:33   0:34 /usr/local/bin/uwsgi --ini /home/docker/code/confs/uwsgi.ini
root       439  0.7  1.2 281312 102540 ?       S    12:33   0:37 /usr/local/bin/uwsgi --ini /home/docker/code/confs/uwsgi.ini
root       440  0.9  1.2 282512 103452 ?       S    12:33   0:48 /usr/local/bin/uwsgi --ini /home/docker/code/confs/uwsgi.ini
root       441  1.7  1.2 280836 101748 ?       S    12:33   1:30 /usr/local/bin/uwsgi --ini /home/docker/code/confs/uwsgi.ini
root     30362  0.0  0.0  59648  3000 ?        S    14:01   0:00 /USR/SBIN/CRON
root     30363  0.0  0.0   4456   788 ?        Ss   14:01   0:00 /bin/sh -c /home/docker/code/scripts/system-heartbeat.sh  > /tmp/cron-system-heartbeat.log
root     30364  0.0  0.0   9588  2340 ?        S    14:01   0:00 /bin/bash /home/docker/code/scripts/system-heartbeat.sh
root     30365  0.0  0.0   9600  2476 ?        S    14:01   0:00 /bin/bash /home/docker/code/scripts/system-heartbeat.sh
root     30366  0.0  0.0   4360   656 ?        S    14:01   0:00 tee /data/system-heartbeat/system-heartbeat-20181115-140101.log
root     30388  0.0  0.0  15580  2076 ?        R    14:01   0:00 ps aux
 

------------------------------------------------------------------------------------ 


