Info-msg : Checking directory existence. 

/data/system-heartbeat/ directory exists
Info-msg : hostname of server (hostname). 

clixserver.tiss.edu
 

------------------------------------------------------------------------------------ 


Info-msg : internal ip addresses of the system (ip address). 

 

------------------------------------------------------------------------------------ 


Info-msg : external ip addresses of the system (public ip address). 


 

------------------------------------------------------------------------------------ 


Info-msg : RAM details (free -h). 

             total       used       free     shared    buffers     cached
Mem:          7.7G       2.4G       5.3G        95M       417M       767M
-/+ buffers/cache:       1.2G       6.5G
Swap:         7.6G         0B       7.6G
 

------------------------------------------------------------------------------------ 


Info-msg : HDD details (df -h). 

Filesystem      Size  Used Avail Use% Mounted on
overlay         908G   59G  803G   7% /
tmpfs            64M     0   64M   0% /dev
tmpfs           3.9G     0  3.9G   0% /sys/fs/cgroup
/dev/sda3       908G   59G  803G   7% /data
shm              64M     0   64M   0% /dev/shm
tmpfs           3.9G     0  3.9G   0% /proc/scsi
tmpfs           3.9G     0  3.9G   0% /sys/firmware
 

------------------------------------------------------------------------------------ 


Info-msg : Size description in '/data/'. 

8.0K	/data/2031011-mz11-activity-timestamp-csvs.tar.gz
87M	/data/2031011-mz11-assessment-media.tar.gz
8.0K	/data/2031011-mz11-gstudio_tools_logs.tar.gz
64K	/data/activity-timestamp-csvs
186M	/data/assessment-media
16K	/data/clixserver.tiss.edu
369M	/data/db
4.0K	/data/drop_database.sql
12K	/data/git-commit-details.log
4.0K	/data/gstudio-exported-users-analytics-csvs
152K	/data/gstudio-logs
260K	/data/gstudio_tools_logs
8.0K	/data/local_settings.py
17G	/data/media
618M	/data/nginx-logs
504K	/data/pg_dump_all.sql
2.7M	/data/postgres-dump
3.1M	/data/qbank
673M	/data/rcs-repo
4.0K	/data/server_settings.py
160K	/data/system-heartbeat
 

------------------------------------------------------------------------------------ 


Info-msg : No of directories and files in '/data/media/'. 

No of directories : 4002 

No of files       : 9629 

 

------------------------------------------------------------------------------------ 


Info-msg : uptime (uptime). 

 12:01:08 up 18 min,  0 users,  load average: 0.12, 0.13, 0.19
 

------------------------------------------------------------------------------------ 


Info-msg : current process (uptime). 

USER       PID %CPU %MEM    VSZ   RSS TTY      STAT START   TIME COMMAND
root         1  0.0  0.0   4456   732 ?        Ss   11:43   0:00 /bin/sh -c /home/docker/code/scripts/initialize.sh  | sed -e "s/^/$(date +%Y%m%d-%H%M%S) :  /"  2>&1 | tee -a ${LOG_INSTALL_DOCKER}
root         8  0.0  0.0  18000  2836 ?        S    11:43   0:00 /bin/bash /home/docker/code/scripts/initialize.sh
root        14  0.0  0.0  10996  1420 ?        S    11:43   0:00 sed -e s/^/20181026-114329 :  /
root        16  0.0  0.0   4360  1300 ?        S    11:43   0:00 tee -a /root/DockerLogs/$(DATE_LOG)-gsd-install.log
root        17  6.0  2.0 345772 169872 ?       Sl   11:43   1:03 mongod --config /home/docker/code/confs/mongod.conf
root        19  0.0  0.0  23664  2204 ?        Ss   11:43   0:00 /usr/sbin/cron
postgres    38  0.0  0.2 244856 19316 ?        S    11:43   0:00 /usr/lib/postgresql/9.3/bin/postgres -D /var/lib/postgresql/9.3/main -c config_file=/etc/postgresql/9.3/main/postgresql.conf
postgres    71  0.0  0.0 244856  3208 ?        Ss   11:43   0:00 postgres: checkpointer process                                                                                              
postgres    72  0.0  0.0 244856  4720 ?        Ss   11:43   0:00 postgres: writer process                                                                                                    
postgres    73  0.0  0.0 244856  3208 ?        Ss   11:43   0:00 postgres: wal writer process                                                                                                
postgres    74  0.0  0.0 245732  5920 ?        Ss   11:43   0:00 postgres: autovacuum launcher process                                                                                       
postgres    75  0.0  0.0 100668  3488 ?        Ss   11:43   0:00 postgres: stats collector process                                                                                           
root       178  0.0  0.0  25356  2816 ?        Ss   11:43   0:00 /usr/lib/postfix/master
postfix    183  0.0  0.0  27420  2732 ?        S    11:43   0:00 pickup -l -t unix -u -c
postfix    184  0.0  0.0  27468  2916 ?        S    11:43   0:00 qmgr -l -t unix -u
root       192  0.0  0.0  61388  3032 ?        Ss   11:43   0:00 /usr/sbin/sshd
memcache   199  0.0  0.0 265000  7612 ?        Sl   11:43   0:00 /usr/bin/memcached -m 64 -p 11211 -u memcache -l 127.0.0.1
rabbitmq   228  0.0  0.0   7512    92 ?        S    11:43   0:00 /usr/lib/erlang/erts-5.10.4/bin/epmd -daemon
rabbitmq   255  0.0  0.0   4456   788 ?        S    11:43   0:00 /bin/sh /usr/sbin/rabbitmq-server
rabbitmq   299  0.6  1.1 2303884 93696 ?       Sl   11:43   0:06 /usr/lib/erlang/erts-5.10.4/bin/beam.smp -W w -K true -A30 -P 1048576 -- -root /usr/lib/erlang -progname erl -- -home /var/lib/rabbitmq -- -pa /usr/lib/rabbitmq/lib/rabbitmq_server-3.2.4/sbin/../ebin -noshell -noinput -s rabbit boot -sname rabbit@clixserver -boot start_sasl -kernel inet_default_connect_options [{nodelay,true}] -sasl errlog_type error -sasl sasl_error_logger false -rabbit error_logger {file,"/var/log/rabbitmq/rabbit@clixserver.log"} -rabbit sasl_error_logger {file,"/var/log/rabbitmq/rabbit@clixserver-sasl.log"} -rabbit enabled_plugins_file "/etc/rabbitmq/enabled_plugins" -rabbit plugins_dir "/usr/lib/rabbitmq/lib/rabbitmq_server-3.2.4/sbin/../plugins" -rabbit plugins_expand_dir "/var/lib/rabbitmq/mnesia/rabbit@clixserver-plugins-expand" -os_mon start_cpu_sup false -os_mon start_disksup false -os_mon start_memsup false -mnesia dir "/var/lib/rabbitmq/mnesia/rabbit@clixserver"
rabbitmq   386  0.0  0.0   7476   980 ?        Ss   11:43   0:00 inet_gethost 4
rabbitmq   387  0.0  0.0   9568  1612 ?        S    11:43   0:00 inet_gethost 4
root       389  0.2  0.6 186432 50156 ?        S    11:43   0:02 python manage.py celeryd -f /var/log/celeryd.log -l INFO
root       412  0.0  0.1  33152  9864 ?        S    11:43   0:00 python -m smtpd -n -c DebuggingServer localhost:1025
root       415  0.0  0.6 859096 56576 ?        Sl   11:43   0:00 python main.py
root       421  0.0  0.2  52492 17088 ?        S    11:43   0:00 /usr/bin/python /usr/bin/supervisord -n
root       422  0.0  0.5 185784 42568 ?        S    11:43   0:00 python manage.py celeryd -f /var/log/celeryd.log -l INFO
root       423  0.0  0.5 185780 42572 ?        S    11:43   0:00 python manage.py celeryd -f /var/log/celeryd.log -l INFO
root       424  0.0  0.5 185780 42576 ?        S    11:43   0:00 python manage.py celeryd -f /var/log/celeryd.log -l INFO
root       425  0.0  0.5 185780 42584 ?        S    11:43   0:00 python manage.py celeryd -f /var/log/celeryd.log -l INFO
root       440  0.0  0.0  32536  6508 ?        S    11:43   0:00 nginx: master process /usr/sbin/nginx
root       441  0.0  0.2  63412 20552 ?        S    11:43   0:00 /usr/local/bin/uwsgi --ini /home/docker/code/confs/uwsgi.ini
www-data   442  0.0  0.0  32908  6180 ?        S    11:43   0:00 nginx: worker process
www-data   443  0.0  0.0  32908  3984 ?        S    11:43   0:00 nginx: worker process
www-data   444  0.0  0.0  33036  5984 ?        S    11:43   0:00 nginx: worker process
www-data   445  0.0  0.0  32908  5664 ?        S    11:43   0:00 nginx: worker process
root       446  0.1  1.2 281948 103180 ?       S    11:43   0:01 /usr/local/bin/uwsgi --ini /home/docker/code/confs/uwsgi.ini
root       447  0.0  0.1  63412 15824 ?        S    11:43   0:00 /usr/local/bin/uwsgi --ini /home/docker/code/confs/uwsgi.ini
root       448  0.0  0.1  63412 15824 ?        S    11:43   0:00 /usr/local/bin/uwsgi --ini /home/docker/code/confs/uwsgi.ini
root       449  0.0  1.0 261364 82500 ?        S    11:43   0:00 /usr/local/bin/uwsgi --ini /home/docker/code/confs/uwsgi.ini
root       708  0.0  0.0  59648  2996 ?        S    12:01   0:00 /USR/SBIN/CRON
root       709  0.0  0.0   4456   688 ?        Ss   12:01   0:00 /bin/sh -c /home/docker/code/scripts/system-heartbeat.sh  > /tmp/cron-system-heartbeat.log
root       710  0.0  0.0   9588  2340 ?        S    12:01   0:00 /bin/bash /home/docker/code/scripts/system-heartbeat.sh
root       711  0.0  0.0   9600  2476 ?        S    12:01   0:00 /bin/bash /home/docker/code/scripts/system-heartbeat.sh
root       712  0.0  0.0   4360   660 ?        S    12:01   0:00 tee /data/system-heartbeat/system-heartbeat-20181026-120102.log
root       735  0.0  0.0  15580  2200 ?        R    12:01   0:00 ps aux
 

------------------------------------------------------------------------------------ 


