Info-msg : Checking directory existence. 

/data/system-heartbeat/ directory exists
Info-msg : hostname of server (hostname). 

clixserver.tiss.edu
 

------------------------------------------------------------------------------------ 


Info-msg : internal ip addresses of the system (ip address). 

 

------------------------------------------------------------------------------------ 


Info-msg : external ip addresses of the system (public ip address). 


 

------------------------------------------------------------------------------------ 


Info-msg : RAM details (free -h). 

             total       used       free     shared    buffers     cached
Mem:          7.7G       3.7G       4.0G       325M       421M       1.2G
-/+ buffers/cache:       2.1G       5.7G
Swap:         7.6G         0B       7.6G
 

------------------------------------------------------------------------------------ 


Info-msg : HDD details (df -h). 

Filesystem      Size  Used Avail Use% Mounted on
overlay         908G   59G  803G   7% /
tmpfs            64M     0   64M   0% /dev
tmpfs           3.9G     0  3.9G   0% /sys/fs/cgroup
/dev/sda3       908G   59G  803G   7% /data
shm              64M     0   64M   0% /dev/shm
tmpfs           3.9G     0  3.9G   0% /proc/scsi
tmpfs           3.9G     0  3.9G   0% /sys/firmware
 

------------------------------------------------------------------------------------ 


Info-msg : Size description in '/data/'. 

8.0K	/data/2031011-mz11-activity-timestamp-csvs.tar.gz
87M	/data/2031011-mz11-assessment-media.tar.gz
8.0K	/data/2031011-mz11-gstudio_tools_logs.tar.gz
64K	/data/activity-timestamp-csvs
186M	/data/assessment-media
16K	/data/clixserver.tiss.edu
369M	/data/db
4.0K	/data/drop_database.sql
12K	/data/git-commit-details.log
4.0K	/data/gstudio-exported-users-analytics-csvs
136K	/data/gstudio-logs
200K	/data/gstudio_tools_logs
8.0K	/data/local_settings.py
17G	/data/media
565M	/data/nginx-logs
504K	/data/pg_dump_all.sql
2.7M	/data/postgres-dump
11M	/data/qbank
673M	/data/rcs-repo
4.0K	/data/server_settings.py
148K	/data/system-heartbeat
 

------------------------------------------------------------------------------------ 


Info-msg : No of directories and files in '/data/media/'. 

No of directories : 4002 

No of files       : 9629 

 

------------------------------------------------------------------------------------ 


Info-msg : uptime (uptime). 

 14:01:08 up 8 min,  0 users,  load average: 0.93, 0.98, 0.61
 

------------------------------------------------------------------------------------ 


Info-msg : current process (uptime). 

USER       PID %CPU %MEM    VSZ   RSS TTY      STAT START   TIME COMMAND
root         1  0.0  0.0   4456   672 ?        Ss   13:53   0:00 /bin/sh -c /home/docker/code/scripts/initialize.sh  | sed -e "s/^/$(date +%Y%m%d-%H%M%S) :  /"  2>&1 | tee -a ${LOG_INSTALL_DOCKER}
root         7  0.0  0.0  18000  2796 ?        S    13:53   0:00 /bin/bash /home/docker/code/scripts/initialize.sh
root        13  0.0  0.0  10996  1416 ?        S    13:53   0:00 sed -e s/^/20181023-135307 :  /
root        15  0.0  0.0   4360  1308 ?        S    13:53   0:00 tee -a /root/DockerLogs/$(DATE_LOG)-gsd-install.log
root        16 28.4  2.9 484728 236716 ?       Sl   13:53   2:16 mongod --config /home/docker/code/confs/mongod.conf
root        18  0.0  0.0  23664  2076 ?        Ss   13:53   0:00 /usr/sbin/cron
postgres    37  0.0  0.2 244856 19200 ?        S    13:53   0:00 /usr/lib/postgresql/9.3/bin/postgres -D /var/lib/postgresql/9.3/main -c config_file=/etc/postgresql/9.3/main/postgresql.conf
postgres    79  0.0  0.0 245000  5396 ?        Ss   13:53   0:00 postgres: checkpointer process                                                                                              
postgres    80  0.0  0.0 244856  4608 ?        Ss   13:53   0:00 postgres: writer process                                                                                                    
postgres    81  0.0  0.0 244856  3384 ?        Ss   13:53   0:00 postgres: wal writer process                                                                                                
postgres    82  0.0  0.0 245732  6300 ?        Ss   13:53   0:00 postgres: autovacuum launcher process                                                                                       
postgres    83  0.0  0.0 100668  3632 ?        Ss   13:53   0:00 postgres: stats collector process                                                                                           
root       186  0.0  0.0  25356  2800 ?        Ss   13:53   0:00 /usr/lib/postfix/master
postfix    191  0.0  0.0  27420  2864 ?        S    13:53   0:00 pickup -l -t unix -u -c
postfix    192  0.0  0.0  27468  2852 ?        S    13:53   0:00 qmgr -l -t unix -u
root       200  0.0  0.0  61388  3060 ?        Ss   13:53   0:00 /usr/sbin/sshd
memcache   207  0.0  0.1 338648 15788 ?        Sl   13:53   0:00 /usr/bin/memcached -m 64 -p 11211 -u memcache -l 127.0.0.1
rabbitmq   236  0.0  0.0   7512    92 ?        S    13:53   0:00 /usr/lib/erlang/erts-5.10.4/bin/epmd -daemon
rabbitmq   260  0.0  0.0   4456   756 ?        S    13:53   0:00 /bin/sh /usr/sbin/rabbitmq-server
rabbitmq   305  0.6  1.1 2303112 92576 ?       Sl   13:53   0:03 /usr/lib/erlang/erts-5.10.4/bin/beam.smp -W w -K true -A30 -P 1048576 -- -root /usr/lib/erlang -progname erl -- -home /var/lib/rabbitmq -- -pa /usr/lib/rabbitmq/lib/rabbitmq_server-3.2.4/sbin/../ebin -noshell -noinput -s rabbit boot -sname rabbit@clixserver -boot start_sasl -kernel inet_default_connect_options [{nodelay,true}] -sasl errlog_type error -sasl sasl_error_logger false -rabbit error_logger {file,"/var/log/rabbitmq/rabbit@clixserver.log"} -rabbit sasl_error_logger {file,"/var/log/rabbitmq/rabbit@clixserver-sasl.log"} -rabbit enabled_plugins_file "/etc/rabbitmq/enabled_plugins" -rabbit plugins_dir "/usr/lib/rabbitmq/lib/rabbitmq_server-3.2.4/sbin/../plugins" -rabbit plugins_expand_dir "/var/lib/rabbitmq/mnesia/rabbit@clixserver-plugins-expand" -os_mon start_cpu_sup false -os_mon start_disksup false -os_mon start_memsup false -mnesia dir "/var/lib/rabbitmq/mnesia/rabbit@clixserver"
root       342  0.2  0.6 186432 50048 ?        S    13:53   0:01 python manage.py celeryd -f /var/log/celeryd.log -l INFO
rabbitmq   413  0.0  0.0   7476   884 ?        Ss   13:53   0:00 inet_gethost 4
rabbitmq   414  0.0  0.0   9568  1600 ?        S    13:53   0:00 inet_gethost 4
root       417  0.0  0.1  33152  9712 ?        S    13:53   0:00 python -m smtpd -n -c DebuggingServer localhost:1025
root       419  0.0  0.5 185784 42500 ?        S    13:53   0:00 python manage.py celeryd -f /var/log/celeryd.log -l INFO
root       420  0.0  0.5 185780 42504 ?        S    13:53   0:00 python manage.py celeryd -f /var/log/celeryd.log -l INFO
root       421  0.0  0.5 185780 42508 ?        S    13:53   0:00 python manage.py celeryd -f /var/log/celeryd.log -l INFO
root       422  0.0  0.5 185780 42516 ?        S    13:53   0:00 python manage.py celeryd -f /var/log/celeryd.log -l INFO
root       424  2.3  1.1 883204 94856 ?        Sl   13:53   0:10 python main.py
root       430  0.0  0.2  52492 17024 ?        S    13:53   0:00 /usr/bin/python /usr/bin/supervisord -n
root       445  0.0  0.0  32536  6492 ?        S    13:53   0:00 nginx: master process /usr/sbin/nginx
root       446  0.0  0.2  63412 20528 ?        S    13:53   0:00 /usr/local/bin/uwsgi --ini /home/docker/code/confs/uwsgi.ini
www-data   447  0.0  0.0  33256  6528 ?        S    13:53   0:00 nginx: worker process
www-data   448  0.0  0.0  33264  6780 ?        S    13:53   0:00 nginx: worker process
www-data   449  0.0  0.0  33376  6748 ?        S    13:53   0:00 nginx: worker process
www-data   450  0.0  0.0  33324  6736 ?        S    13:53   0:00 nginx: worker process
root       451  0.6  1.2 279460 100636 ?       S    13:53   0:02 /usr/local/bin/uwsgi --ini /home/docker/code/confs/uwsgi.ini
root       452  0.5  1.2 279324 100612 ?       S    13:53   0:02 /usr/local/bin/uwsgi --ini /home/docker/code/confs/uwsgi.ini
root       453  0.6  1.2 279536 100672 ?       S    13:53   0:03 /usr/local/bin/uwsgi --ini /home/docker/code/confs/uwsgi.ini
root       454  1.5  1.2 277972 99160 ?        S    13:53   0:07 /usr/local/bin/uwsgi --ini /home/docker/code/confs/uwsgi.ini
root      2223  0.0  0.0  59648  3048 ?        S    14:01   0:00 /USR/SBIN/CRON
root      2224  0.0  0.0   4456   752 ?        Ss   14:01   0:00 /bin/sh -c /home/docker/code/scripts/system-heartbeat.sh  > /tmp/cron-system-heartbeat.log
root      2225  0.0  0.0   9588  2352 ?        S    14:01   0:00 /bin/bash /home/docker/code/scripts/system-heartbeat.sh
root      2226  0.0  0.0   9600  2476 ?        S    14:01   0:00 /bin/bash /home/docker/code/scripts/system-heartbeat.sh
root      2227  0.0  0.0   4360   676 ?        S    14:01   0:00 tee /data/system-heartbeat/system-heartbeat-20181023-140101.log
root      2354  0.0  0.0  15580  2204 ?        R    14:01   0:00 ps aux
 

------------------------------------------------------------------------------------ 


