Info-msg : Checking directory existence. 

/data/system-heartbeat/ directory exists
Info-msg : hostname of server (hostname). 

clixserver.tiss.edu
 

------------------------------------------------------------------------------------ 


Info-msg : internal ip addresses of the system (ip address). 

 

------------------------------------------------------------------------------------ 


Info-msg : external ip addresses of the system (public ip address). 


 

------------------------------------------------------------------------------------ 


Info-msg : RAM details (free -h). 

             total       used       free     shared    buffers     cached
Mem:          7.7G       4.5G       3.2G       210M       911M       1.4G
-/+ buffers/cache:       2.2G       5.5G
Swap:         7.6G         0B       7.6G
 

------------------------------------------------------------------------------------ 


Info-msg : HDD details (df -h). 

Filesystem      Size  Used Avail Use% Mounted on
overlay         908G   63G  799G   8% /
tmpfs            64M     0   64M   0% /dev
tmpfs           3.9G     0  3.9G   0% /sys/fs/cgroup
/dev/sda3       908G   63G  799G   8% /data
shm              64M     0   64M   0% /dev/shm
tmpfs           3.9G     0  3.9G   0% /proc/scsi
tmpfs           3.9G     0  3.9G   0% /sys/firmware
 

------------------------------------------------------------------------------------ 


Info-msg : Size description in '/data/'. 

8.0K	/data/2031020-mz20-activity-timestamp-csvs.tar.gz
68M	/data/2031020-mz20-assessment-media.tar.gz
4.0K	/data/2031020-mz20-gstudio_tools_logs.tar.gz
64K	/data/activity-timestamp-csvs
166M	/data/assessment-media
16K	/data/clixserver.tiss.edu
452M	/data/db
4.0K	/data/drop_database.sql
12K	/data/git-commit-details.log
22M	/data/gstudio-exported-users-analytics-csvs
200K	/data/gstudio-logs
8.0K	/data/local_settings.py
17G	/data/media
6.6G	/data/nginx-logs
504K	/data/pg_dump_all.sql
2.7M	/data/postgres-dump
5.4M	/data/qbank
677M	/data/rcs-repo
4.0K	/data/server_settings.py
1.4M	/data/system-heartbeat
 

------------------------------------------------------------------------------------ 


Info-msg : No of directories and files in '/data/media/'. 

No of directories : 4007 

No of files       : 9677 

 

------------------------------------------------------------------------------------ 


Info-msg : uptime (uptime). 

 02:01:02 up 1 day, 14:26,  0 users,  load average: 0.05, 0.10, 0.15
 

------------------------------------------------------------------------------------ 


Info-msg : current process (uptime). 

USER       PID %CPU %MEM    VSZ   RSS TTY      STAT START   TIME COMMAND
root         1  0.0  0.0   4456   744 ?        Ss   Nov09   0:00 /bin/sh -c /home/docker/code/scripts/initialize.sh  | sed -e "s/^/$(date +%Y%m%d-%H%M%S) :  /"  2>&1 | tee -a ${LOG_INSTALL_DOCKER}
root         7  0.0  0.0  18000  2804 ?        S    Nov09   0:00 /bin/bash /home/docker/code/scripts/initialize.sh
root         8  0.0  0.0  10996  1360 ?        S    Nov09   0:00 sed -e s/^/20181109-113516 :  /
root        10  0.0  0.0   4360  1308 ?        S    Nov09   0:00 tee -a /root/DockerLogs/$(DATE_LOG)-gsd-install.log
root        16 24.4  8.8 960916 714620 ?       Sl   Nov09 563:57 mongod --config /home/docker/code/confs/mongod.conf
root        18  0.0  0.0  23664  2084 ?        Ss   Nov09   0:00 /usr/sbin/cron
postgres    37  0.0  0.2 244856 19216 ?        S    Nov09   0:04 /usr/lib/postgresql/9.3/bin/postgres -D /var/lib/postgresql/9.3/main -c config_file=/etc/postgresql/9.3/main/postgresql.conf
postgres    76  0.0  0.0 244856  3376 ?        Ss   Nov09   0:00 postgres: checkpointer process                                                                                              
postgres    77  0.0  0.0 244856  4540 ?        Ss   Nov09   0:01 postgres: writer process                                                                                                    
postgres    78  0.0  0.0 244856  3376 ?        Ss   Nov09   0:01 postgres: wal writer process                                                                                                
postgres    79  0.0  0.0 245732  6244 ?        Ss   Nov09   0:04 postgres: autovacuum launcher process                                                                                       
postgres    80  0.0  0.0 100820  3656 ?        Ss   Nov09   0:11 postgres: stats collector process                                                                                           
root       183  0.0  0.0  25356  2924 ?        Ss   Nov09   0:00 /usr/lib/postfix/master
postfix    189  0.0  0.0  27468  2916 ?        S    Nov09   0:00 qmgr -l -t unix -u
root       197  0.0  0.0  61388  3036 ?        Ss   Nov09   0:00 /usr/sbin/sshd
memcache   204  0.0  0.0 328484  6104 ?        Sl   Nov09   0:07 /usr/bin/memcached -m 64 -p 11211 -u memcache -l 127.0.0.1
rabbitmq   233  0.0  0.0   7512    88 ?        S    Nov09   0:00 /usr/lib/erlang/erts-5.10.4/bin/epmd -daemon
rabbitmq   260  0.0  0.0   4456   764 ?        S    Nov09   0:00 /bin/sh /usr/sbin/rabbitmq-server
rabbitmq   304  0.4  1.1 2303112 93304 ?       Sl   Nov09  11:02 /usr/lib/erlang/erts-5.10.4/bin/beam.smp -W w -K true -A30 -P 1048576 -- -root /usr/lib/erlang -progname erl -- -home /var/lib/rabbitmq -- -pa /usr/lib/rabbitmq/lib/rabbitmq_server-3.2.4/sbin/../ebin -noshell -noinput -s rabbit boot -sname rabbit@clixserver -boot start_sasl -kernel inet_default_connect_options [{nodelay,true}] -sasl errlog_type error -sasl sasl_error_logger false -rabbit error_logger {file,"/var/log/rabbitmq/rabbit@clixserver.log"} -rabbit sasl_error_logger {file,"/var/log/rabbitmq/rabbit@clixserver-sasl.log"} -rabbit enabled_plugins_file "/etc/rabbitmq/enabled_plugins" -rabbit plugins_dir "/usr/lib/rabbitmq/lib/rabbitmq_server-3.2.4/sbin/../plugins" -rabbit plugins_expand_dir "/var/lib/rabbitmq/mnesia/rabbit@clixserver-plugins-expand" -os_mon start_cpu_sup false -os_mon start_disksup false -os_mon start_memsup false -mnesia dir "/var/lib/rabbitmq/mnesia/rabbit@clixserver"
rabbitmq   391  0.0  0.0   7476   968 ?        Ss   Nov09   0:00 inet_gethost 4
rabbitmq   392  0.0  0.0   9568  1604 ?        S    Nov09   0:00 inet_gethost 4
root       394  0.0  0.6 186400 49988 ?        S    Nov09   0:01 python manage.py celeryd -f /var/log/celeryd.log -l INFO
root       417  0.0  0.5 185776 42500 ?        S    Nov09   0:00 python manage.py celeryd -f /var/log/celeryd.log -l INFO
root       418  0.0  0.5 185776 42504 ?        S    Nov09   0:00 python manage.py celeryd -f /var/log/celeryd.log -l INFO
root       419  0.0  0.5 185776 42508 ?        S    Nov09   0:00 python manage.py celeryd -f /var/log/celeryd.log -l INFO
root       420  0.0  0.5 185776 42516 ?        S    Nov09   0:00 python manage.py celeryd -f /var/log/celeryd.log -l INFO
root       421  0.0  0.1  33152  9896 ?        S    Nov09   0:00 python -m smtpd -n -c DebuggingServer localhost:1025
root       424  0.0  0.6 859096 56520 ?        Sl   Nov09   0:17 python main.py
root       430  0.0  0.2  52492 16984 ?        S    Nov09   0:31 /usr/bin/python /usr/bin/supervisord -n
root       447  0.0  0.0  32536  6556 ?        S    Nov09   0:00 nginx: master process /usr/sbin/nginx
root       448  0.0  0.2  63412 20580 ?        S    Nov09   0:05 /usr/local/bin/uwsgi --ini /home/docker/code/confs/uwsgi.ini
www-data   449  0.0  0.0  32908  3900 ?        S    Nov09   0:00 nginx: worker process
www-data   450  0.0  0.0  32908  3900 ?        S    Nov09   0:00 nginx: worker process
www-data   451  0.0  0.0  32908  3900 ?        S    Nov09   0:00 nginx: worker process
www-data   452  0.0  0.0  32908  3900 ?        S    Nov09   0:00 nginx: worker process
root       453  0.0  0.1  63412 15788 ?        S    Nov09   0:00 /usr/local/bin/uwsgi --ini /home/docker/code/confs/uwsgi.ini
root       454  0.0  0.1  63412 15788 ?        S    Nov09   0:00 /usr/local/bin/uwsgi --ini /home/docker/code/confs/uwsgi.ini
root       455  0.0  0.1  63412 15788 ?        S    Nov09   0:00 /usr/local/bin/uwsgi --ini /home/docker/code/confs/uwsgi.ini
root       456  0.0  0.1  63412 15788 ?        S    Nov09   0:00 /usr/local/bin/uwsgi --ini /home/docker/code/confs/uwsgi.ini
postfix  13065  0.0  0.0  27420  2912 ?        S    00:42   0:00 pickup -l -t unix -u -c
root     14556  0.0  0.0  59648  3068 ?        S    02:01   0:00 /USR/SBIN/CRON
root     14557  0.0  0.0   4456   776 ?        Ss   02:01   0:00 /bin/sh -c /home/docker/code/scripts/system-heartbeat.sh  > /tmp/cron-system-heartbeat.log
root     14558  0.0  0.0   9588  2316 ?        S    02:01   0:00 /bin/bash /home/docker/code/scripts/system-heartbeat.sh
root     14559  0.0  0.0   9600  2572 ?        S    02:01   0:00 /bin/bash /home/docker/code/scripts/system-heartbeat.sh
root     14560  0.0  0.0   4360   656 ?        S    02:01   0:00 tee /data/system-heartbeat/system-heartbeat-20181111-020101.log
root     14581  0.0  0.0  15580  2100 ?        R    02:01   0:00 ps aux
 

------------------------------------------------------------------------------------ 


