Info-msg : Checking directory existence. 

/data/system-heartbeat/ directory exists
Info-msg : hostname of server (hostname). 

clixserver.tiss.edu
 

------------------------------------------------------------------------------------ 


Info-msg : internal ip addresses of the system (ip address). 

 

------------------------------------------------------------------------------------ 


Info-msg : external ip addresses of the system (public ip address). 


 

------------------------------------------------------------------------------------ 


Info-msg : RAM details (free -h). 

             total       used       free     shared    buffers     cached
Mem:          7.7G       5.0G       2.7G       620M       537M       1.8G
-/+ buffers/cache:       2.7G       5.1G
Swap:         7.6G         0B       7.6G
 

------------------------------------------------------------------------------------ 


Info-msg : HDD details (df -h). 

Filesystem      Size  Used Avail Use% Mounted on
overlay         908G   62G  800G   8% /
tmpfs            64M     0   64M   0% /dev
tmpfs           3.9G     0  3.9G   0% /sys/fs/cgroup
/dev/sda3       908G   62G  800G   8% /data
shm              64M     0   64M   0% /dev/shm
tmpfs           3.9G     0  3.9G   0% /proc/scsi
tmpfs           3.9G     0  3.9G   0% /sys/firmware
 

------------------------------------------------------------------------------------ 


Info-msg : Size description in '/data/'. 

8.0K	/data/2031020-mz20-activity-timestamp-csvs.tar.gz
68M	/data/2031020-mz20-assessment-media.tar.gz
4.0K	/data/2031020-mz20-gstudio_tools_logs.tar.gz
64K	/data/activity-timestamp-csvs
166M	/data/assessment-media
16K	/data/clixserver.tiss.edu
419M	/data/db
4.0K	/data/drop_database.sql
12K	/data/git-commit-details.log
14M	/data/gstudio-exported-users-analytics-csvs
128K	/data/gstudio-logs
8.0K	/data/local_settings.py
17G	/data/media
6.4G	/data/nginx-logs
504K	/data/pg_dump_all.sql
2.7M	/data/postgres-dump
4.7M	/data/qbank
677M	/data/rcs-repo
4.0K	/data/server_settings.py
888K	/data/system-heartbeat
 

------------------------------------------------------------------------------------ 


Info-msg : No of directories and files in '/data/media/'. 

No of directories : 4003 

No of files       : 9656 

 

------------------------------------------------------------------------------------ 


Info-msg : uptime (uptime). 

 13:01:02 up  1:27,  0 users,  load average: 0.83, 0.67, 0.57
 

------------------------------------------------------------------------------------ 


Info-msg : current process (uptime). 

USER       PID %CPU %MEM    VSZ   RSS TTY      STAT START   TIME COMMAND
root         1  0.0  0.0   4456   688 ?        Ss   11:34   0:00 /bin/sh -c /home/docker/code/scripts/initialize.sh  | sed -e "s/^/$(date +%Y%m%d-%H%M%S) :  /"  2>&1 | tee -a ${LOG_INSTALL_DOCKER}
root        11  0.0  0.0  18000  2876 ?        S    11:34   0:00 /bin/bash /home/docker/code/scripts/initialize.sh
root        12  0.0  0.0  10996  1336 ?        S    11:34   0:00 sed -e s/^/20181031-113419 :  /
root        14  0.0  0.0   4360  1336 ?        S    11:34   0:00 tee -a /root/DockerLogs/$(DATE_LOG)-gsd-install.log
root        20 19.1  5.7 752584 465928 ?       Sl   11:34  16:37 mongod --config /home/docker/code/confs/mongod.conf
root        22  0.0  0.0  23664  2080 ?        Ss   11:34   0:00 /usr/sbin/cron
postgres    41  0.0  0.2 244856 19284 ?        S    11:34   0:00 /usr/lib/postgresql/9.3/bin/postgres -D /var/lib/postgresql/9.3/main -c config_file=/etc/postgresql/9.3/main/postgresql.conf
postgres    71  0.0  0.0 244992  5672 ?        Ss   11:34   0:00 postgres: checkpointer process                                                                                              
postgres    72  0.0  0.0 244856  4668 ?        Ss   11:34   0:00 postgres: writer process                                                                                                    
postgres    73  0.0  0.0 244856  3380 ?        Ss   11:34   0:00 postgres: wal writer process                                                                                                
postgres    74  0.0  0.0 245732  6044 ?        Ss   11:34   0:00 postgres: autovacuum launcher process                                                                                       
postgres    75  0.0  0.0 100820  3740 ?        Ss   11:34   0:00 postgres: stats collector process                                                                                           
root       178  0.0  0.0  25356  2864 ?        Ss   11:34   0:00 /usr/lib/postfix/master
postfix    183  0.0  0.0  27420  2832 ?        S    11:34   0:00 pickup -l -t unix -u -c
postfix    184  0.0  0.0  27468  2908 ?        S    11:34   0:00 qmgr -l -t unix -u
root       192  0.0  0.0  61388  3136 ?        Ss   11:34   0:00 /usr/sbin/sshd
memcache   199  0.0  0.1 332504  9940 ?        Sl   11:34   0:00 /usr/bin/memcached -m 64 -p 11211 -u memcache -l 127.0.0.1
rabbitmq   228  0.0  0.0   7512    92 ?        S    11:34   0:00 /usr/lib/erlang/erts-5.10.4/bin/epmd -daemon
rabbitmq   252  0.0  0.0   4456   780 ?        S    11:34   0:00 /bin/sh /usr/sbin/rabbitmq-server
rabbitmq   297  0.4  1.1 2303628 93068 ?       Sl   11:34   0:24 /usr/lib/erlang/erts-5.10.4/bin/beam.smp -W w -K true -A30 -P 1048576 -- -root /usr/lib/erlang -progname erl -- -home /var/lib/rabbitmq -- -pa /usr/lib/rabbitmq/lib/rabbitmq_server-3.2.4/sbin/../ebin -noshell -noinput -s rabbit boot -sname rabbit@clixserver -boot start_sasl -kernel inet_default_connect_options [{nodelay,true}] -sasl errlog_type error -sasl sasl_error_logger false -rabbit error_logger {file,"/var/log/rabbitmq/rabbit@clixserver.log"} -rabbit sasl_error_logger {file,"/var/log/rabbitmq/rabbit@clixserver-sasl.log"} -rabbit enabled_plugins_file "/etc/rabbitmq/enabled_plugins" -rabbit plugins_dir "/usr/lib/rabbitmq/lib/rabbitmq_server-3.2.4/sbin/../plugins" -rabbit plugins_expand_dir "/var/lib/rabbitmq/mnesia/rabbit@clixserver-plugins-expand" -os_mon start_cpu_sup false -os_mon start_disksup false -os_mon start_memsup false -mnesia dir "/var/lib/rabbitmq/mnesia/rabbit@clixserver"
root       334  0.0  0.6 186396 50100 ?        S    11:34   0:00 python manage.py celeryd -f /var/log/celeryd.log -l INFO
rabbitmq   395  0.0  0.0   7476   964 ?        Ss   11:34   0:00 inet_gethost 4
rabbitmq   396  0.0  0.0   9568  1604 ?        S    11:34   0:00 inet_gethost 4
root       408  0.0  0.5 185772 42500 ?        S    11:34   0:00 python manage.py celeryd -f /var/log/celeryd.log -l INFO
root       409  0.0  0.5 185772 42504 ?        S    11:34   0:00 python manage.py celeryd -f /var/log/celeryd.log -l INFO
root       410  0.0  0.5 185772 42508 ?        S    11:34   0:00 python manage.py celeryd -f /var/log/celeryd.log -l INFO
root       411  0.0  0.5 185772 42516 ?        S    11:34   0:00 python manage.py celeryd -f /var/log/celeryd.log -l INFO
root       435  0.0  0.1  33152  9980 ?        S    11:34   0:00 python -m smtpd -n -c DebuggingServer localhost:1025
root       438  0.0  0.6 859096 56448 ?        Sl   11:34   0:01 python main.py
root       444  0.0  0.2  52492 16980 ?        S    11:34   0:01 /usr/bin/python /usr/bin/supervisord -n
root       461  0.0  0.0  32536  6428 ?        S    11:34   0:00 nginx: master process /usr/sbin/nginx
root       462  0.0  0.2  63412 20484 ?        S    11:34   0:00 /usr/local/bin/uwsgi --ini /home/docker/code/confs/uwsgi.ini
www-data   463  0.0  0.0  33312  6656 ?        S    11:34   0:00 nginx: worker process
www-data   464  0.0  0.0  33312  6656 ?        S    11:34   0:00 nginx: worker process
www-data   465  0.0  0.0  33264  6692 ?        S    11:34   0:00 nginx: worker process
www-data   466  0.0  0.0  33260  6540 ?        S    11:34   0:00 nginx: worker process
root       467  0.0  1.2 283372 104592 ?       S    11:34   0:03 /usr/local/bin/uwsgi --ini /home/docker/code/confs/uwsgi.ini
root       468  0.0  1.2 279212 100276 ?       S    11:34   0:02 /usr/local/bin/uwsgi --ini /home/docker/code/confs/uwsgi.ini
root       469  0.0  1.2 279712 101036 ?       S    11:34   0:04 /usr/local/bin/uwsgi --ini /home/docker/code/confs/uwsgi.ini
root       470  0.1  1.2 279356 100700 ?       S    11:34   0:09 /usr/local/bin/uwsgi --ini /home/docker/code/confs/uwsgi.ini
root      3578  0.0  0.0  59648  3024 ?        S    13:01   0:00 /USR/SBIN/CRON
root      3579  0.0  0.0   4456   684 ?        Ss   13:01   0:00 /bin/sh -c /home/docker/code/scripts/system-heartbeat.sh  > /tmp/cron-system-heartbeat.log
root      3580  0.0  0.0   9588  2312 ?        S    13:01   0:00 /bin/bash /home/docker/code/scripts/system-heartbeat.sh
root      3581  0.0  0.0   9600  2628 ?        S    13:01   0:00 /bin/bash /home/docker/code/scripts/system-heartbeat.sh
root      3582  0.0  0.0   4360   652 ?        S    13:01   0:00 tee /data/system-heartbeat/system-heartbeat-20181031-130101.log
root      3603  0.0  0.0  15580  2068 ?        R    13:01   0:00 ps aux
 

------------------------------------------------------------------------------------ 


