Info-msg : Checking directory existence. 

/data/system-heartbeat/ directory exists
Info-msg : hostname of server (hostname). 

clixserver.tiss.edu
 

------------------------------------------------------------------------------------ 


Info-msg : internal ip addresses of the system (ip address). 

 

------------------------------------------------------------------------------------ 


Info-msg : external ip addresses of the system (public ip address). 


 

------------------------------------------------------------------------------------ 


Info-msg : RAM details (free -h). 

             total       used       free     shared    buffers     cached
Mem:          7.7G       3.7G       4.0G       240M       412M       1.0G
-/+ buffers/cache:       2.3G       5.5G
Swap:         7.6G         0B       7.6G
 

------------------------------------------------------------------------------------ 


Info-msg : HDD details (df -h). 

Filesystem      Size  Used Avail Use% Mounted on
overlay         908G   61G  801G   8% /
tmpfs            64M     0   64M   0% /dev
tmpfs           3.9G     0  3.9G   0% /sys/fs/cgroup
/dev/sda3       908G   61G  801G   8% /data
shm              64M     0   64M   0% /dev/shm
tmpfs           3.9G     0  3.9G   0% /proc/scsi
tmpfs           3.9G     0  3.9G   0% /sys/firmware
 

------------------------------------------------------------------------------------ 


Info-msg : Size description in '/data/'. 

8.0K	/data/2031020-mz20-activity-timestamp-csvs.tar.gz
51M	/data/2031020-mz20-assessment-media.tar.gz
4.0K	/data/2031020-mz20-gstudio_tools_logs.tar.gz
64K	/data/activity-timestamp-csvs
132M	/data/assessment-media
16K	/data/clixserver.tiss.edu
407M	/data/db
4.0K	/data/drop_database.sql
12K	/data/git-commit-details.log
12M	/data/gstudio-exported-users-analytics-csvs
116K	/data/gstudio-logs
8.0K	/data/local_settings.py
17G	/data/media
5.9G	/data/nginx-logs
504K	/data/pg_dump_all.sql
2.7M	/data/postgres-dump
5.1M	/data/qbank
673M	/data/rcs-repo
4.0K	/data/server_settings.py
804K	/data/system-heartbeat
 

------------------------------------------------------------------------------------ 


Info-msg : No of directories and files in '/data/media/'. 

No of directories : 4002 

No of files       : 9629 

 

------------------------------------------------------------------------------------ 


Info-msg : uptime (uptime). 

 18:01:08 up 10 min,  0 users,  load average: 0.64, 0.72, 0.48
 

------------------------------------------------------------------------------------ 


Info-msg : current process (uptime). 

USER       PID %CPU %MEM    VSZ   RSS TTY      STAT START   TIME COMMAND
root         1  0.0  0.0   4456   736 ?        Ss   17:50   0:00 /bin/sh -c /home/docker/code/scripts/initialize.sh  | sed -e "s/^/$(date +%Y%m%d-%H%M%S) :  /"  2>&1 | tee -a ${LOG_INSTALL_DOCKER}
root         7  0.0  0.0  18000  2812 ?        S    17:50   0:00 /bin/bash /home/docker/code/scripts/initialize.sh
root        13  0.0  0.0  10996  1412 ?        S    17:50   0:00 sed -e s/^/20181009-175048 :  /
root        15  0.0  0.0   4360  1312 ?        S    17:50   0:00 tee -a /root/DockerLogs/$(DATE_LOG)-gsd-install.log
root        16 10.4  4.8 627376 389880 ?       Sl   17:50   1:04 mongod --config /home/docker/code/confs/mongod.conf
root        18  0.0  0.0  23664  2080 ?        Ss   17:50   0:00 /usr/sbin/cron
postgres    37  0.0  0.2 244856 19380 ?        S    17:51   0:00 /usr/lib/postgresql/9.3/bin/postgres -D /var/lib/postgresql/9.3/main -c config_file=/etc/postgresql/9.3/main/postgresql.conf
postgres   124  0.0  0.0 244856  3224 ?        Ss   17:51   0:00 postgres: checkpointer process                                                                                              
postgres   125  0.0  0.0 244856  4624 ?        Ss   17:51   0:00 postgres: writer process                                                                                                    
postgres   126  0.0  0.0 244856  3224 ?        Ss   17:51   0:00 postgres: wal writer process                                                                                                
postgres   128  0.0  0.0 245732  5752 ?        Ss   17:51   0:00 postgres: autovacuum launcher process                                                                                       
postgres   129  0.0  0.0 100692  3524 ?        Ss   17:51   0:00 postgres: stats collector process                                                                                           
root       184  0.0  0.0  25356  2864 ?        Ss   17:51   0:00 /usr/lib/postfix/master
postfix    189  0.0  0.0  27420  2796 ?        S    17:51   0:00 pickup -l -t unix -u -c
postfix    190  0.0  0.0  27468  2868 ?        S    17:51   0:00 qmgr -l -t unix -u
root       198  0.0  0.0  61388  3192 ?        Ss   17:51   0:00 /usr/sbin/sshd
rabbitmq   226  0.0  0.0   7512    92 ?        S    17:51   0:00 /usr/lib/erlang/erts-5.10.4/bin/epmd -daemon
rabbitmq   250  0.0  0.0   4456   756 ?        S    17:51   0:00 /bin/sh /usr/sbin/rabbitmq-server
rabbitmq   295  0.5  1.1 2303368 93024 ?       Sl   17:51   0:03 /usr/lib/erlang/erts-5.10.4/bin/beam.smp -W w -K true -A30 -P 1048576 -- -root /usr/lib/erlang -progname erl -- -home /var/lib/rabbitmq -- -pa /usr/lib/rabbitmq/lib/rabbitmq_server-3.2.4/sbin/../ebin -noshell -noinput -s rabbit boot -sname rabbit@clixserver -boot start_sasl -kernel inet_default_connect_options [{nodelay,true}] -sasl errlog_type error -sasl sasl_error_logger false -rabbit error_logger {file,"/var/log/rabbitmq/rabbit@clixserver.log"} -rabbit sasl_error_logger {file,"/var/log/rabbitmq/rabbit@clixserver-sasl.log"} -rabbit enabled_plugins_file "/etc/rabbitmq/enabled_plugins" -rabbit plugins_dir "/usr/lib/rabbitmq/lib/rabbitmq_server-3.2.4/sbin/../plugins" -rabbit plugins_expand_dir "/var/lib/rabbitmq/mnesia/rabbit@clixserver-plugins-expand" -os_mon start_cpu_sup false -os_mon start_disksup false -os_mon start_memsup false -mnesia dir "/var/lib/rabbitmq/mnesia/rabbit@clixserver"
root       332  0.1  0.6 186400 50144 ?        S    17:51   0:00 python manage.py celeryd -f /var/log/celeryd.log -l INFO
rabbitmq   393  0.0  0.0   7476   956 ?        Ss   17:51   0:00 inet_gethost 4
rabbitmq   394  0.0  0.0   9568  1600 ?        S    17:51   0:00 inet_gethost 4
root       407  0.0  0.1  33152  9880 ?        S    17:51   0:00 python -m smtpd -n -c DebuggingServer localhost:1025
root       410  0.0  0.6 859096 56312 ?        Sl   17:51   0:00 python main.py
root       412  0.0  0.5 185776 42564 ?        S    17:51   0:00 python manage.py celeryd -f /var/log/celeryd.log -l INFO
root       413  0.0  0.5 185776 42568 ?        S    17:51   0:00 python manage.py celeryd -f /var/log/celeryd.log -l INFO
root       414  0.0  0.5 185776 42572 ?        S    17:51   0:00 python manage.py celeryd -f /var/log/celeryd.log -l INFO
root       415  0.0  0.5 185776 42580 ?        S    17:51   0:00 python manage.py celeryd -f /var/log/celeryd.log -l INFO
root       420  0.0  0.2  52492 16852 ?        S    17:51   0:00 /usr/bin/python /usr/bin/supervisord -n
root       435  0.0  0.0  32536  6500 ?        S    17:51   0:00 nginx: master process /usr/sbin/nginx
root       436  0.0  0.2  63412 20604 ?        S    17:51   0:00 /usr/local/bin/uwsgi --ini /home/docker/code/confs/uwsgi.ini
www-data   437  0.0  0.0  32908  5668 ?        S    17:51   0:00 nginx: worker process
www-data   438  0.0  0.0  32908  5688 ?        S    17:51   0:00 nginx: worker process
www-data   439  0.0  0.0  33300  6556 ?        S    17:51   0:00 nginx: worker process
www-data   440  0.0  0.0  32908  6380 ?        S    17:51   0:00 nginx: worker process
root       441  0.0  0.1  63412 15684 ?        S    17:51   0:00 /usr/local/bin/uwsgi --ini /home/docker/code/confs/uwsgi.ini
root       442  0.1  1.0 260336 81908 ?        S    17:51   0:00 /usr/local/bin/uwsgi --ini /home/docker/code/confs/uwsgi.ini
root       443  0.1  1.0 263332 84768 ?        S    17:51   0:01 /usr/local/bin/uwsgi --ini /home/docker/code/confs/uwsgi.ini
root       444  0.5  1.2 281328 102816 ?       S    17:51   0:03 /usr/local/bin/uwsgi --ini /home/docker/code/confs/uwsgi.ini
root       685  0.0  0.0  59648  3000 ?        S    18:01   0:00 /USR/SBIN/CRON
root       687  0.0  0.0   4456   680 ?        Ss   18:01   0:00 /bin/sh -c /home/docker/code/scripts/system-heartbeat.sh  > /tmp/cron-system-heartbeat.log
root       688  0.0  0.0   9588  2296 ?        S    18:01   0:00 /bin/bash /home/docker/code/scripts/system-heartbeat.sh
root       689  0.0  0.0   9600  2604 ?        S    18:01   0:00 /bin/bash /home/docker/code/scripts/system-heartbeat.sh
root       690  0.0  0.0   4360   748 ?        S    18:01   0:00 tee /data/system-heartbeat/system-heartbeat-20181009-180101.log
root       713  0.0  0.0  15580  2160 ?        R    18:01   0:00 ps aux
 

------------------------------------------------------------------------------------ 


