Info-msg : Checking directory existence. 

/data/system-heartbeat/ directory exists
Info-msg : hostname of server (hostname). 

clixserver.tiss.edu
 

------------------------------------------------------------------------------------ 


Info-msg : internal ip addresses of the system (ip address). 

 

------------------------------------------------------------------------------------ 


Info-msg : external ip addresses of the system (public ip address). 


 

------------------------------------------------------------------------------------ 


Info-msg : RAM details (free -h). 

             total       used       free     shared    buffers     cached
Mem:          7.7G       3.6G       4.1G       258M       413M       1.1G
-/+ buffers/cache:       2.2G       5.6G
Swap:         7.6G         0B       7.6G
 

------------------------------------------------------------------------------------ 


Info-msg : HDD details (df -h). 

Filesystem      Size  Used Avail Use% Mounted on
overlay         908G   61G  802G   7% /
tmpfs            64M     0   64M   0% /dev
tmpfs           3.9G     0  3.9G   0% /sys/fs/cgroup
/dev/sda3       908G   61G  802G   7% /data
shm              64M     0   64M   0% /dev/shm
tmpfs           3.9G     0  3.9G   0% /proc/scsi
tmpfs           3.9G     0  3.9G   0% /sys/firmware
 

------------------------------------------------------------------------------------ 


Info-msg : Size description in '/data/'. 

8.0K	/data/2031020-mz20-activity-timestamp-csvs.tar.gz
44M	/data/2031020-mz20-assessment-media.tar.gz
4.0K	/data/2031020-mz20-gstudio_tools_logs.tar.gz
64K	/data/activity-timestamp-csvs
114M	/data/assessment-media
16K	/data/clixserver.tiss.edu
378M	/data/db
4.0K	/data/drop_database.sql
12K	/data/git-commit-details.log
5.3M	/data/gstudio-exported-users-analytics-csvs
60K	/data/gstudio-logs
8.0K	/data/local_settings.py
17G	/data/media
5.3G	/data/nginx-logs
504K	/data/pg_dump_all.sql
2.7M	/data/postgres-dump
3.0M	/data/qbank
672M	/data/rcs-repo
4.0K	/data/server_settings.py
372K	/data/system-heartbeat
 

------------------------------------------------------------------------------------ 


Info-msg : No of directories and files in '/data/media/'. 

No of directories : 4002 

No of files       : 9629 

 

------------------------------------------------------------------------------------ 


Info-msg : uptime (uptime). 

 16:01:08 up 13 min,  0 users,  load average: 1.27, 0.68, 0.41
 

------------------------------------------------------------------------------------ 


Info-msg : current process (uptime). 

USER       PID %CPU %MEM    VSZ   RSS TTY      STAT START   TIME COMMAND
root         1  0.0  0.0   4456   756 ?        Ss   15:47   0:00 /bin/sh -c /home/docker/code/scripts/initialize.sh  | sed -e "s/^/$(date +%Y%m%d-%H%M%S) :  /"  2>&1 | tee -a ${LOG_INSTALL_DOCKER}
root         7  0.0  0.0  18000  2828 ?        S    15:48   0:00 /bin/bash /home/docker/code/scripts/initialize.sh
root        13  0.0  0.0  10996  1360 ?        S    15:48   0:00 sed -e s/^/20180821-154803 :  /
root        14  0.0  0.0   4360  1272 ?        S    15:48   0:00 tee -a /root/DockerLogs/$(DATE_LOG)-gsd-install.log
root        16 12.8  3.2 480948 264280 ?       Sl   15:48   1:40 mongod --config /home/docker/code/confs/mongod.conf
root        18  0.0  0.0  23664  2124 ?        Ss   15:48   0:00 /usr/sbin/cron
postgres    37  0.0  0.2 244856 19392 ?        S    15:48   0:00 /usr/lib/postgresql/9.3/bin/postgres -D /var/lib/postgresql/9.3/main -c config_file=/etc/postgresql/9.3/main/postgresql.conf
postgres    69  0.0  0.0 244992  5528 ?        Ss   15:48   0:00 postgres: checkpointer process                                                                                              
postgres    70  0.0  0.0 244856  4696 ?        Ss   15:48   0:00 postgres: writer process                                                                                                    
postgres    71  0.0  0.0 244856  3300 ?        Ss   15:48   0:00 postgres: wal writer process                                                                                                
postgres    72  0.0  0.0 245732  6116 ?        Ss   15:48   0:00 postgres: autovacuum launcher process                                                                                       
postgres    73  0.0  0.0 100668  3752 ?        Ss   15:48   0:00 postgres: stats collector process                                                                                           
root       176  0.0  0.0  25356  2864 ?        Ss   15:48   0:00 /usr/lib/postfix/master
postfix    181  0.0  0.0  27420  2828 ?        S    15:48   0:00 pickup -l -t unix -u -c
postfix    182  0.0  0.0  27468  2900 ?        S    15:48   0:00 qmgr -l -t unix -u
root       190  0.0  0.0  61388  3160 ?        Ss   15:48   0:00 /usr/sbin/sshd
memcache   197  0.0  0.1 335580 12808 ?        Sl   15:48   0:00 /usr/bin/memcached -m 64 -p 11211 -u memcache -l 127.0.0.1
rabbitmq   226  0.0  0.0   7512    88 ?        S    15:48   0:00 /usr/lib/erlang/erts-5.10.4/bin/epmd -daemon
rabbitmq   250  0.0  0.0   4456   860 ?        S    15:48   0:00 /bin/sh /usr/sbin/rabbitmq-server
rabbitmq   295  0.6  1.1 2303368 92936 ?       Sl   15:48   0:05 /usr/lib/erlang/erts-5.10.4/bin/beam.smp -W w -K true -A30 -P 1048576 -- -root /usr/lib/erlang -progname erl -- -home /var/lib/rabbitmq -- -pa /usr/lib/rabbitmq/lib/rabbitmq_server-3.2.4/sbin/../ebin -noshell -noinput -s rabbit boot -sname rabbit@clixserver -boot start_sasl -kernel inet_default_connect_options [{nodelay,true}] -sasl errlog_type error -sasl sasl_error_logger false -rabbit error_logger {file,"/var/log/rabbitmq/rabbit@clixserver.log"} -rabbit sasl_error_logger {file,"/var/log/rabbitmq/rabbit@clixserver-sasl.log"} -rabbit enabled_plugins_file "/etc/rabbitmq/enabled_plugins" -rabbit plugins_dir "/usr/lib/rabbitmq/lib/rabbitmq_server-3.2.4/sbin/../plugins" -rabbit plugins_expand_dir "/var/lib/rabbitmq/mnesia/rabbit@clixserver-plugins-expand" -os_mon start_cpu_sup false -os_mon start_disksup false -os_mon start_memsup false -mnesia dir "/var/lib/rabbitmq/mnesia/rabbit@clixserver"
root       332  0.2  0.6 186424 49976 ?        S    15:48   0:01 python manage.py celeryd -f /var/log/celeryd.log -l INFO
rabbitmq   393  0.0  0.0   7476   912 ?        Ss   15:48   0:00 inet_gethost 4
rabbitmq   394  0.0  0.0   9568  1576 ?        S    15:48   0:00 inet_gethost 4
root       406  0.0  0.5 185776 42488 ?        S    15:48   0:00 python manage.py celeryd -f /var/log/celeryd.log -l INFO
root       407  0.0  0.5 185772 42492 ?        S    15:48   0:00 python manage.py celeryd -f /var/log/celeryd.log -l INFO
root       408  0.0  0.5 185772 42496 ?        S    15:48   0:00 python manage.py celeryd -f /var/log/celeryd.log -l INFO
root       409  0.0  0.5 185772 42504 ?        S    15:48   0:00 python manage.py celeryd -f /var/log/celeryd.log -l INFO
root       444  0.0  0.1  33152  9716 ?        S    15:48   0:00 python -m smtpd -n -c DebuggingServer localhost:1025
root       447  0.0  0.7 859096 56676 ?        Sl   15:48   0:00 python main.py
root       453  0.0  0.2  52492 16864 ?        S    15:48   0:00 /usr/bin/python /usr/bin/supervisord -n
root       468  0.0  0.0  32536  6508 ?        S    15:48   0:00 nginx: master process /usr/sbin/nginx
root       469  0.0  0.2  63412 20524 ?        S    15:48   0:00 /usr/local/bin/uwsgi --ini /home/docker/code/confs/uwsgi.ini
www-data   470  0.0  0.0  33244  6464 ?        S    15:48   0:00 nginx: worker process
www-data   471  0.0  0.0  33340  6464 ?        S    15:48   0:00 nginx: worker process
www-data   472  0.0  0.0  33532  6664 ?        S    15:48   0:00 nginx: worker process
www-data   473  0.0  0.0  33516  6748 ?        S    15:48   0:00 nginx: worker process
root       474  0.3  1.2 280252 100888 ?       S    15:48   0:02 /usr/local/bin/uwsgi --ini /home/docker/code/confs/uwsgi.ini
root       475  0.1  1.0 267436 88300 ?        S    15:48   0:01 /usr/local/bin/uwsgi --ini /home/docker/code/confs/uwsgi.ini
root       476  0.1  1.0 267096 87792 ?        S    15:48   0:01 /usr/local/bin/uwsgi --ini /home/docker/code/confs/uwsgi.ini
root       477  0.4  1.0 267700 88672 ?        S    15:48   0:03 /usr/local/bin/uwsgi --ini /home/docker/code/confs/uwsgi.ini
root       892  0.0  0.0  59648  2972 ?        S    16:01   0:00 /USR/SBIN/CRON
root       893  0.0  0.0   4456   680 ?        Ss   16:01   0:00 /bin/sh -c /home/docker/code/scripts/system-heartbeat.sh  > /tmp/cron-system-heartbeat.log
root       894  0.0  0.0   9588  2248 ?        S    16:01   0:00 /bin/bash /home/docker/code/scripts/system-heartbeat.sh
root       895  0.0  0.0   9600  2404 ?        S    16:01   0:00 /bin/bash /home/docker/code/scripts/system-heartbeat.sh
root       896  0.0  0.0   4360   740 ?        S    16:01   0:00 tee /data/system-heartbeat/system-heartbeat-20180821-160101.log
root       933  0.0  0.0  15580  2136 ?        R    16:01   0:00 ps aux
 

------------------------------------------------------------------------------------ 


