Info-msg : Checking directory existence. 

/data/system-heartbeat/ directory exists
Info-msg : hostname of server (hostname). 

clixserver.tiss.edu
 

------------------------------------------------------------------------------------ 


Info-msg : internal ip addresses of the system (ip address). 

 

------------------------------------------------------------------------------------ 


Info-msg : external ip addresses of the system (public ip address). 


 

------------------------------------------------------------------------------------ 


Info-msg : RAM details (free -h). 

             total       used       free     shared    buffers     cached
Mem:          7.7G       3.2G       4.5G       220M       773M       871M
-/+ buffers/cache:       1.6G       6.1G
Swap:         7.6G         0B       7.6G
 

------------------------------------------------------------------------------------ 


Info-msg : HDD details (df -h). 

Filesystem      Size  Used Avail Use% Mounted on
overlay         908G   60G  803G   7% /
tmpfs            64M     0   64M   0% /dev
tmpfs           3.9G     0  3.9G   0% /sys/fs/cgroup
/dev/sda3       908G   60G  803G   7% /data
shm              64M     0   64M   0% /dev/shm
tmpfs           3.9G     0  3.9G   0% /proc/scsi
tmpfs           3.9G     0  3.9G   0% /sys/firmware
 

------------------------------------------------------------------------------------ 


Info-msg : Size description in '/data/'. 

8.0K	/data/2031020-mz20-activity-timestamp-csvs.tar.gz
44M	/data/2031020-mz20-assessment-media.tar.gz
4.0K	/data/2031020-mz20-gstudio_tools_logs.tar.gz
64K	/data/activity-timestamp-csvs
114M	/data/assessment-media
16K	/data/clixserver.tiss.edu
363M	/data/db
4.0K	/data/drop_database.sql
12K	/data/git-commit-details.log
688K	/data/gstudio-exported-users-analytics-csvs
12K	/data/gstudio-logs
8.0K	/data/local_settings.py
17G	/data/media
4.2G	/data/nginx-logs
504K	/data/pg_dump_all.sql
2.7M	/data/postgres-dump
2.1M	/data/qbank
670M	/data/rcs-repo
4.0K	/data/server_settings.py
52K	/data/system-heartbeat
 

------------------------------------------------------------------------------------ 


Info-msg : No of directories and files in '/data/media/'. 

No of directories : 4002 

No of files       : 9629 

 

------------------------------------------------------------------------------------ 


Info-msg : uptime (uptime). 

 18:01:02 up 7 min,  0 users,  load average: 0.17, 0.51, 0.35
 

------------------------------------------------------------------------------------ 


Info-msg : current process (uptime). 

USER       PID %CPU %MEM    VSZ   RSS TTY      STAT START   TIME COMMAND
root         1  0.0  0.0   4456   728 ?        Ss   17:53   0:00 /bin/sh -c /home/docker/code/scripts/initialize.sh  | sed -e "s/^/$(date +%Y%m%d-%H%M%S) :  /"  2>&1 | tee -a ${LOG_INSTALL_DOCKER}
root         8  0.0  0.0  18000  2872 ?        S    17:53   0:00 /bin/bash /home/docker/code/scripts/initialize.sh
root        14  0.0  0.0  10996  1412 ?        S    17:53   0:00 sed -e s/^/20180710-175351 :  /
root        15  0.0  0.0   4360  1268 ?        S    17:53   0:00 tee -a /root/DockerLogs/$(DATE_LOG)-gsd-install.log
root        17  7.3  2.1 346792 171008 ?       Sl   17:53   0:31 mongod --config /home/docker/code/confs/mongod.conf
root        19  0.0  0.0  23664  2076 ?        Ss   17:53   0:00 /usr/sbin/cron
postgres    38  0.0  0.2 244856 19152 ?        S    17:53   0:00 /usr/lib/postgresql/9.3/bin/postgres -D /var/lib/postgresql/9.3/main -c config_file=/etc/postgresql/9.3/main/postgresql.conf
postgres    68  0.0  0.0 244856  3380 ?        Ss   17:54   0:00 postgres: checkpointer process                                                                                              
postgres    69  0.0  0.0 244856  4604 ?        Ss   17:54   0:00 postgres: writer process                                                                                                    
postgres    70  0.0  0.0 244856  3380 ?        Ss   17:54   0:00 postgres: wal writer process                                                                                                
postgres    71  0.0  0.0 245732  6192 ?        Ss   17:54   0:00 postgres: autovacuum launcher process                                                                                       
postgres    72  0.0  0.0 100668  3628 ?        Ss   17:54   0:00 postgres: stats collector process                                                                                           
root       175  0.0  0.0  25356  2876 ?        Ss   17:54   0:00 /usr/lib/postfix/master
postfix    180  0.0  0.0  27420  2744 ?        S    17:54   0:00 pickup -l -t unix -u -c
postfix    181  0.0  0.0  27468  2804 ?        S    17:54   0:00 qmgr -l -t unix -u
root       189  0.0  0.0  61388  3144 ?        Ss   17:54   0:00 /usr/sbin/sshd
memcache   196  0.0  0.1 265948  8512 ?        Sl   17:54   0:00 /usr/bin/memcached -m 64 -p 11211 -u memcache -l 127.0.0.1
rabbitmq   225  0.0  0.0   7512    92 ?        S    17:54   0:00 /usr/lib/erlang/erts-5.10.4/bin/epmd -daemon
rabbitmq   249  0.0  0.0   4456   684 ?        S    17:54   0:00 /bin/sh /usr/sbin/rabbitmq-server
rabbitmq   294  0.6  1.1 2303112 92584 ?       Sl   17:54   0:02 /usr/lib/erlang/erts-5.10.4/bin/beam.smp -W w -K true -A30 -P 1048576 -- -root /usr/lib/erlang -progname erl -- -home /var/lib/rabbitmq -- -pa /usr/lib/rabbitmq/lib/rabbitmq_server-3.2.4/sbin/../ebin -noshell -noinput -s rabbit boot -sname rabbit@clixserver -boot start_sasl -kernel inet_default_connect_options [{nodelay,true}] -sasl errlog_type error -sasl sasl_error_logger false -rabbit error_logger {file,"/var/log/rabbitmq/rabbit@clixserver.log"} -rabbit sasl_error_logger {file,"/var/log/rabbitmq/rabbit@clixserver-sasl.log"} -rabbit enabled_plugins_file "/etc/rabbitmq/enabled_plugins" -rabbit plugins_dir "/usr/lib/rabbitmq/lib/rabbitmq_server-3.2.4/sbin/../plugins" -rabbit plugins_expand_dir "/var/lib/rabbitmq/mnesia/rabbit@clixserver-plugins-expand" -os_mon start_cpu_sup false -os_mon start_disksup false -os_mon start_memsup false -mnesia dir "/var/lib/rabbitmq/mnesia/rabbit@clixserver"
root       331  0.2  0.6 186396 49900 ?        S    17:54   0:00 python manage.py celeryd -f /var/log/celeryd.log -l INFO
rabbitmq   392  0.0  0.0   7476   932 ?        Ss   17:54   0:00 inet_gethost 4
rabbitmq   393  0.0  0.0   9568  1588 ?        S    17:54   0:00 inet_gethost 4
root       406  0.0  0.1  33152  9888 ?        S    17:54   0:00 python -m smtpd -n -c DebuggingServer localhost:1025
root       409  0.1  0.6 859096 56524 ?        Sl   17:54   0:00 python main.py
root       414  0.0  0.5 185772 42484 ?        S    17:54   0:00 python manage.py celeryd -f /var/log/celeryd.log -l INFO
root       415  0.0  0.5 185772 42488 ?        S    17:54   0:00 python manage.py celeryd -f /var/log/celeryd.log -l INFO
root       416  0.0  0.5 185772 42492 ?        S    17:54   0:00 python manage.py celeryd -f /var/log/celeryd.log -l INFO
root       417  0.0  0.5 185772 42500 ?        S    17:54   0:00 python manage.py celeryd -f /var/log/celeryd.log -l INFO
root       419  0.0  0.2  52492 16804 ?        S    17:54   0:00 /usr/bin/python /usr/bin/supervisord -n
root       434  0.0  0.0  32536  6484 ?        S    17:54   0:00 nginx: master process /usr/sbin/nginx
root       435  0.0  0.2  63412 20516 ?        S    17:54   0:00 /usr/local/bin/uwsgi --ini /home/docker/code/confs/uwsgi.ini
www-data   436  0.0  0.0  32908  5636 ?        S    17:54   0:00 nginx: worker process
www-data   437  0.0  0.0  32908  5624 ?        S    17:54   0:00 nginx: worker process
www-data   438  0.0  0.0  32908  6308 ?        S    17:54   0:00 nginx: worker process
www-data   439  0.0  0.0  32908  6456 ?        S    17:54   0:00 nginx: worker process
root       440  0.0  0.1  63412 15856 ?        S    17:54   0:00 /usr/local/bin/uwsgi --ini /home/docker/code/confs/uwsgi.ini
root       441  0.0  0.1  63412 15856 ?        S    17:54   0:00 /usr/local/bin/uwsgi --ini /home/docker/code/confs/uwsgi.ini
root       442  0.1  1.0 262388 83576 ?        S    17:54   0:00 /usr/local/bin/uwsgi --ini /home/docker/code/confs/uwsgi.ini
root       443  0.2  1.0 265776 86812 ?        S    17:54   0:00 /usr/local/bin/uwsgi --ini /home/docker/code/confs/uwsgi.ini
root       563  0.0  0.0  59648  3000 ?        S    18:01   0:00 /USR/SBIN/CRON
root       564  0.0  0.0   4456   780 ?        Ss   18:01   0:00 /bin/sh -c /home/docker/code/scripts/system-heartbeat.sh  > /tmp/cron-system-heartbeat.log
root       565  0.0  0.0   9588  2320 ?        S    18:01   0:00 /bin/bash /home/docker/code/scripts/system-heartbeat.sh
root       566  0.0  0.0   9600  2576 ?        S    18:01   0:00 /bin/bash /home/docker/code/scripts/system-heartbeat.sh
root       567  0.0  0.0   4360   660 ?        S    18:01   0:00 tee /data/system-heartbeat/system-heartbeat-20180710-180101.log
root       588  0.0  0.0  15580  2152 ?        R    18:01   0:00 ps aux
 

------------------------------------------------------------------------------------ 


