Info-msg : Checking directory existence. 

/data/system-heartbeat/ directory exists
Info-msg : hostname of server (hostname). 

clixserver.tiss.edu
 

------------------------------------------------------------------------------------ 


Info-msg : internal ip addresses of the system (ip address). 

 

------------------------------------------------------------------------------------ 


Info-msg : external ip addresses of the system (public ip address). 


 

------------------------------------------------------------------------------------ 


Info-msg : RAM details (free -h). 

             total       used       free     shared    buffers     cached
Mem:          7.7G       3.4G       4.3G       413M        85M       1.2G
-/+ buffers/cache:       2.1G       5.6G
Swap:         7.6G         0B       7.6G
 

------------------------------------------------------------------------------------ 


Info-msg : HDD details (df -h). 

Filesystem      Size  Used Avail Use% Mounted on
overlay         908G   62G  800G   8% /
tmpfs            64M     0   64M   0% /dev
tmpfs           3.9G     0  3.9G   0% /sys/fs/cgroup
/dev/sda3       908G   62G  800G   8% /data
shm              64M     0   64M   0% /dev/shm
tmpfs           3.9G     0  3.9G   0% /proc/scsi
tmpfs           3.9G     0  3.9G   0% /sys/firmware
 

------------------------------------------------------------------------------------ 


Info-msg : Size description in '/data/'. 

8.0K	/data/2031020-mz20-activity-timestamp-csvs.tar.gz
68M	/data/2031020-mz20-assessment-media.tar.gz
4.0K	/data/2031020-mz20-gstudio_tools_logs.tar.gz
64K	/data/activity-timestamp-csvs
166M	/data/assessment-media
16K	/data/clixserver.tiss.edu
420M	/data/db
4.0K	/data/drop_database.sql
12K	/data/git-commit-details.log
14M	/data/gstudio-exported-users-analytics-csvs
132K	/data/gstudio-logs
8.0K	/data/local_settings.py
17G	/data/media
6.4G	/data/nginx-logs
504K	/data/pg_dump_all.sql
2.7M	/data/postgres-dump
4.4M	/data/qbank
677M	/data/rcs-repo
4.0K	/data/server_settings.py
900K	/data/system-heartbeat
 

------------------------------------------------------------------------------------ 


Info-msg : No of directories and files in '/data/media/'. 

No of directories : 4003 

No of files       : 9656 

 

------------------------------------------------------------------------------------ 


Info-msg : uptime (uptime). 

 11:01:11 up 3 min,  0 users,  load average: 1.70, 1.36, 0.61
 

------------------------------------------------------------------------------------ 


Info-msg : current process (uptime). 

USER       PID %CPU %MEM    VSZ   RSS TTY      STAT START   TIME COMMAND
root         1  0.0  0.0   4456   744 ?        Ss   10:57   0:00 /bin/sh -c /home/docker/code/scripts/initialize.sh  | sed -e "s/^/$(date +%Y%m%d-%H%M%S) :  /"  2>&1 | tee -a ${LOG_INSTALL_DOCKER}
root         8  0.0  0.0  18000  2788 ?        S    10:57   0:00 /bin/bash /home/docker/code/scripts/initialize.sh
root        14  0.0  0.0  10996  1564 ?        S    10:57   0:00 sed -e s/^/20181102-105758 :  /
root        15  0.0  0.0   4360  1312 ?        S    10:57   0:00 tee -a /root/DockerLogs/$(DATE_LOG)-gsd-install.log
root        17 50.2  5.4 720568 443884 ?       Sl   10:57   1:36 mongod --config /home/docker/code/confs/mongod.conf
root        19  0.0  0.0  23664  2204 ?        Ss   10:58   0:00 /usr/sbin/cron
postgres    38  0.0  0.2 244856 19176 ?        S    10:58   0:00 /usr/lib/postgresql/9.3/bin/postgres -D /var/lib/postgresql/9.3/main -c config_file=/etc/postgresql/9.3/main/postgresql.conf
postgres    83  0.0  0.0 244856  3216 ?        Ss   10:58   0:00 postgres: checkpointer process                                                                                              
postgres    84  0.0  0.0 244856  4488 ?        Ss   10:58   0:00 postgres: writer process                                                                                                    
postgres    85  0.0  0.0 244856  3216 ?        Ss   10:58   0:00 postgres: wal writer process                                                                                                
postgres    86  0.0  0.0 245732  5836 ?        Ss   10:58   0:00 postgres: autovacuum launcher process                                                                                       
postgres    87  0.0  0.0 100668  3484 ?        Ss   10:58   0:00 postgres: stats collector process                                                                                           
root       190  0.0  0.0  25356  2816 ?        Ss   10:58   0:00 /usr/lib/postfix/master
postfix    195  0.0  0.0  27420  2816 ?        S    10:58   0:00 pickup -l -t unix -u -c
postfix    196  0.0  0.0  27468  2824 ?        S    10:58   0:00 qmgr -l -t unix -u
root       204  0.0  0.0  61388  3036 ?        Ss   10:58   0:00 /usr/sbin/sshd
memcache   211  0.0  0.1 335572 13140 ?        Sl   10:58   0:00 /usr/bin/memcached -m 64 -p 11211 -u memcache -l 127.0.0.1
rabbitmq   240  0.0  0.0   7512    88 ?        S    10:58   0:00 /usr/lib/erlang/erts-5.10.4/bin/epmd -daemon
rabbitmq   267  0.1  0.0   4456   780 ?        S    10:58   0:00 /bin/sh /usr/sbin/rabbitmq-server
rabbitmq   311  0.7  1.1 2305416 93616 ?       Sl   10:58   0:01 /usr/lib/erlang/erts-5.10.4/bin/beam.smp -W w -K true -A30 -P 1048576 -- -root /usr/lib/erlang -progname erl -- -home /var/lib/rabbitmq -- -pa /usr/lib/rabbitmq/lib/rabbitmq_server-3.2.4/sbin/../ebin -noshell -noinput -s rabbit boot -sname rabbit@clixserver -boot start_sasl -kernel inet_default_connect_options [{nodelay,true}] -sasl errlog_type error -sasl sasl_error_logger false -rabbit error_logger {file,"/var/log/rabbitmq/rabbit@clixserver.log"} -rabbit sasl_error_logger {file,"/var/log/rabbitmq/rabbit@clixserver-sasl.log"} -rabbit enabled_plugins_file "/etc/rabbitmq/enabled_plugins" -rabbit plugins_dir "/usr/lib/rabbitmq/lib/rabbitmq_server-3.2.4/sbin/../plugins" -rabbit plugins_expand_dir "/var/lib/rabbitmq/mnesia/rabbit@clixserver-plugins-expand" -os_mon start_cpu_sup false -os_mon start_disksup false -os_mon start_memsup false -mnesia dir "/var/lib/rabbitmq/mnesia/rabbit@clixserver"
rabbitmq   398  0.1  0.0   7476   932 ?        Ss   10:58   0:00 inet_gethost 4
rabbitmq   399  0.0  0.0   9568  1588 ?        S    10:58   0:00 inet_gethost 4
root       401  0.4  0.6 186396 49912 ?        S    10:58   0:00 python manage.py celeryd -f /var/log/celeryd.log -l INFO
root       426  0.0  0.5 185772 42488 ?        S    10:58   0:00 python manage.py celeryd -f /var/log/celeryd.log -l INFO
root       427  0.0  0.5 185772 42492 ?        S    10:58   0:00 python manage.py celeryd -f /var/log/celeryd.log -l INFO
root       428  0.0  0.5 185772 42496 ?        S    10:58   0:00 python manage.py celeryd -f /var/log/celeryd.log -l INFO
root       429  0.0  0.5 185772 42504 ?        S    10:58   0:00 python manage.py celeryd -f /var/log/celeryd.log -l INFO
root       430  0.0  0.1  33152  9896 ?        S    10:58   0:00 python -m smtpd -n -c DebuggingServer localhost:1025
root       433  0.5  1.0 879108 84080 ?        Sl   10:58   0:00 python main.py
root       439  0.0  0.2  52492 16860 ?        S    10:58   0:00 /usr/bin/python /usr/bin/supervisord -n
root       444  0.0  0.0  32536  6360 ?        S    10:58   0:00 nginx: master process /usr/sbin/nginx
root       445  0.0  0.2  63412 20528 ?        S    10:58   0:00 /usr/local/bin/uwsgi --ini /home/docker/code/confs/uwsgi.ini
www-data   456  0.1  0.0  33232  6420 ?        S    10:58   0:00 nginx: worker process
www-data   457  0.1  0.0  33256  6604 ?        S    10:58   0:00 nginx: worker process
www-data   458  0.1  0.0  33308  6392 ?        S    10:58   0:00 nginx: worker process
www-data   459  0.1  0.0  33268  6424 ?        S    10:58   0:00 nginx: worker process
root       460  1.5  1.2 278760 99924 ?        S    10:58   0:02 /usr/local/bin/uwsgi --ini /home/docker/code/confs/uwsgi.ini
root       461  0.9  1.0 264996 86116 ?        S    10:58   0:01 /usr/local/bin/uwsgi --ini /home/docker/code/confs/uwsgi.ini
root       462  1.7  1.1 270580 91700 ?        S    10:58   0:02 /usr/local/bin/uwsgi --ini /home/docker/code/confs/uwsgi.ini
root       463  3.5  1.2 281436 102580 ?       S    10:58   0:05 /usr/local/bin/uwsgi --ini /home/docker/code/confs/uwsgi.ini
root       945  0.0  0.0  59648  2988 ?        S    11:01   0:00 /USR/SBIN/CRON
root       946  0.0  0.0   4456   784 ?        Ss   11:01   0:00 /bin/sh -c /home/docker/code/scripts/system-heartbeat.sh  > /tmp/cron-system-heartbeat.log
root       947  0.0  0.0   9588  2196 ?        S    11:01   0:00 /bin/bash /home/docker/code/scripts/system-heartbeat.sh
root       948  0.0  0.0   9600  2404 ?        S    11:01   0:00 /bin/bash /home/docker/code/scripts/system-heartbeat.sh
root       949  0.0  0.0   4360   740 ?        S    11:01   0:00 tee /data/system-heartbeat/system-heartbeat-20181102-110101.log
postgres   972  0.0  0.1 246680 10648 ?        Ss   11:01   0:00 postgres: glab gstudio_psql 127.0.0.1(52540) idle                                                                           
root       993  0.0  0.0  15580  2032 ?        R    11:01   0:00 ps aux
 

------------------------------------------------------------------------------------ 


