Info-msg : Checking directory existence. 

/data/system-heartbeat/ directory exists
Info-msg : hostname of server (hostname). 

clixserver.tiss.edu
 

------------------------------------------------------------------------------------ 


Info-msg : internal ip addresses of the system (ip address). 

 

------------------------------------------------------------------------------------ 


Info-msg : external ip addresses of the system (public ip address). 


 

------------------------------------------------------------------------------------ 


Info-msg : RAM details (free -h). 

             total       used       free     shared    buffers     cached
Mem:          7.7G       4.9G       2.8G       278M       560M       1.8G
-/+ buffers/cache:       2.5G       5.2G
Swap:         7.6G         0B       7.6G
 

------------------------------------------------------------------------------------ 


Info-msg : HDD details (df -h). 

Filesystem      Size  Used Avail Use% Mounted on
overlay         908G   62G  800G   8% /
tmpfs            64M     0   64M   0% /dev
tmpfs           3.9G     0  3.9G   0% /sys/fs/cgroup
/dev/sda3       908G   62G  800G   8% /data
shm              64M     0   64M   0% /dev/shm
tmpfs           3.9G     0  3.9G   0% /proc/scsi
tmpfs           3.9G     0  3.9G   0% /sys/firmware
 

------------------------------------------------------------------------------------ 


Info-msg : Size description in '/data/'. 

8.0K	/data/2031020-mz20-activity-timestamp-csvs.tar.gz
51M	/data/2031020-mz20-assessment-media.tar.gz
4.0K	/data/2031020-mz20-gstudio_tools_logs.tar.gz
64K	/data/activity-timestamp-csvs
132M	/data/assessment-media
16K	/data/clixserver.tiss.edu
415M	/data/db
4.0K	/data/drop_database.sql
12K	/data/git-commit-details.log
13M	/data/gstudio-exported-users-analytics-csvs
124K	/data/gstudio-logs
8.0K	/data/local_settings.py
17G	/data/media
6.3G	/data/nginx-logs
504K	/data/pg_dump_all.sql
2.7M	/data/postgres-dump
4.0M	/data/qbank
676M	/data/rcs-repo
4.0K	/data/server_settings.py
852K	/data/system-heartbeat
 

------------------------------------------------------------------------------------ 


Info-msg : No of directories and files in '/data/media/'. 

No of directories : 4003 

No of files       : 9656 

 

------------------------------------------------------------------------------------ 


Info-msg : uptime (uptime). 

 12:01:02 up  1:42,  0 users,  load average: 0.03, 0.06, 0.24
 

------------------------------------------------------------------------------------ 


Info-msg : current process (uptime). 

USER       PID %CPU %MEM    VSZ   RSS TTY      STAT START   TIME COMMAND
root         1  0.0  0.0   4456   820 ?        Ss   10:19   0:00 /bin/sh -c /home/docker/code/scripts/initialize.sh  | sed -e "s/^/$(date +%Y%m%d-%H%M%S) :  /"  2>&1 | tee -a ${LOG_INSTALL_DOCKER}
root         8  0.0  0.0  18000  2844 ?        S    10:19   0:00 /bin/bash /home/docker/code/scripts/initialize.sh
root        14  0.0  0.0  10996  1500 ?        S    10:19   0:00 sed -e s/^/20181026-101922 :  /
root        15  0.0  0.0   4360  1268 ?        S    10:19   0:00 tee -a /root/DockerLogs/$(DATE_LOG)-gsd-install.log
root        17 46.4  5.8 772848 475572 ?       Sl   10:19  47:13 mongod --config /home/docker/code/confs/mongod.conf
root        19  0.0  0.0  23664  2128 ?        Ss   10:19   0:00 /usr/sbin/cron
postgres    38  0.0  0.2 244856 19276 ?        S    10:19   0:00 /usr/lib/postgresql/9.3/bin/postgres -D /var/lib/postgresql/9.3/main -c config_file=/etc/postgresql/9.3/main/postgresql.conf
postgres    74  0.0  0.0 244992  5424 ?        Ss   10:19   0:00 postgres: checkpointer process                                                                                              
postgres    75  0.0  0.0 244856  4640 ?        Ss   10:19   0:00 postgres: writer process                                                                                                    
postgres    76  0.0  0.0 244856  3212 ?        Ss   10:19   0:00 postgres: wal writer process                                                                                                
postgres    77  0.0  0.0 245732  6008 ?        Ss   10:19   0:00 postgres: autovacuum launcher process                                                                                       
postgres    78  0.0  0.0 100820  3628 ?        Ss   10:19   0:00 postgres: stats collector process                                                                                           
root       181  0.0  0.0  25356  2972 ?        Ss   10:19   0:00 /usr/lib/postfix/master
postfix    187  0.0  0.0  27468  2828 ?        S    10:19   0:00 qmgr -l -t unix -u
root       195  0.0  0.0  61388  3012 ?        Ss   10:19   0:00 /usr/sbin/sshd
rabbitmq   223  0.0  0.0   7512    92 ?        S    10:19   0:00 /usr/lib/erlang/erts-5.10.4/bin/epmd -daemon
rabbitmq   247  0.0  0.0   4456   756 ?        S    10:19   0:00 /bin/sh /usr/sbin/rabbitmq-server
rabbitmq   292  0.4  1.1 2302856 92872 ?       Sl   10:19   0:28 /usr/lib/erlang/erts-5.10.4/bin/beam.smp -W w -K true -A30 -P 1048576 -- -root /usr/lib/erlang -progname erl -- -home /var/lib/rabbitmq -- -pa /usr/lib/rabbitmq/lib/rabbitmq_server-3.2.4/sbin/../ebin -noshell -noinput -s rabbit boot -sname rabbit@clixserver -boot start_sasl -kernel inet_default_connect_options [{nodelay,true}] -sasl errlog_type error -sasl sasl_error_logger false -rabbit error_logger {file,"/var/log/rabbitmq/rabbit@clixserver.log"} -rabbit sasl_error_logger {file,"/var/log/rabbitmq/rabbit@clixserver-sasl.log"} -rabbit enabled_plugins_file "/etc/rabbitmq/enabled_plugins" -rabbit plugins_dir "/usr/lib/rabbitmq/lib/rabbitmq_server-3.2.4/sbin/../plugins" -rabbit plugins_expand_dir "/var/lib/rabbitmq/mnesia/rabbit@clixserver-plugins-expand" -os_mon start_cpu_sup false -os_mon start_disksup false -os_mon start_memsup false -mnesia dir "/var/lib/rabbitmq/mnesia/rabbit@clixserver"
root       329  0.1  0.6 186428 50240 ?        S    10:19   0:06 python manage.py celeryd -f /var/log/celeryd.log -l INFO
rabbitmq   394  0.0  0.0   7476   964 ?        Ss   10:19   0:00 inet_gethost 4
rabbitmq   399  0.0  0.0   9568  1616 ?        S    10:19   0:00 inet_gethost 4
root       404  0.0  0.1  33152  9892 ?        S    10:19   0:00 python -m smtpd -n -c DebuggingServer localhost:1025
root       407  2.0  1.1 882948 93944 ?        Sl   10:19   2:07 python main.py
root       412  0.0  0.5 185776 42564 ?        S    10:19   0:00 python manage.py celeryd -f /var/log/celeryd.log -l INFO
root       413  0.0  0.5 185776 42564 ?        S    10:19   0:00 python manage.py celeryd -f /var/log/celeryd.log -l INFO
root       414  0.0  0.5 185776 42568 ?        S    10:19   0:00 python manage.py celeryd -f /var/log/celeryd.log -l INFO
root       415  0.0  0.5 185776 42576 ?        S    10:19   0:00 python manage.py celeryd -f /var/log/celeryd.log -l INFO
root       417  0.0  0.2  52492 16856 ?        S    10:19   0:01 /usr/bin/python /usr/bin/supervisord -n
root       422  0.0  0.0  32536  6496 ?        S    10:19   0:00 nginx: master process /usr/sbin/nginx
root       423  0.0  0.2  63412 20520 ?        S    10:19   0:00 /usr/local/bin/uwsgi --ini /home/docker/code/confs/uwsgi.ini
www-data   426  0.0  0.0  33384  6752 ?        S    10:19   0:01 nginx: worker process
www-data   427  0.0  0.0  33488  6740 ?        S    10:19   0:02 nginx: worker process
www-data   428  0.0  0.0  33472  6724 ?        S    10:19   0:02 nginx: worker process
www-data   429  0.1  0.0  33576  7076 ?        S    10:19   0:07 nginx: worker process
root       430  0.4  1.2 279988 100964 ?       S    10:19   0:29 /usr/local/bin/uwsgi --ini /home/docker/code/confs/uwsgi.ini
root       431  0.3  1.2 281236 102544 ?       S    10:19   0:23 /usr/local/bin/uwsgi --ini /home/docker/code/confs/uwsgi.ini
root       432  0.7  1.2 280292 101728 ?       S    10:19   0:43 /usr/local/bin/uwsgi --ini /home/docker/code/confs/uwsgi.ini
root       433  1.3  1.2 281584 103000 ?       S    10:19   1:24 /usr/local/bin/uwsgi --ini /home/docker/code/confs/uwsgi.ini
postfix  24495  0.0  0.0  27420  2740 ?        S    11:57   0:00 pickup -l -t unix -u -c
root     24544  0.0  0.0  59648  3064 ?        S    12:01   0:00 /USR/SBIN/CRON
root     24545  0.0  0.0   4456   764 ?        Ss   12:01   0:00 /bin/sh -c /home/docker/code/scripts/system-heartbeat.sh  > /tmp/cron-system-heartbeat.log
root     24546  0.0  0.0   9588  2304 ?        S    12:01   0:00 /bin/bash /home/docker/code/scripts/system-heartbeat.sh
root     24547  0.0  0.0   9600  2612 ?        S    12:01   0:00 /bin/bash /home/docker/code/scripts/system-heartbeat.sh
root     24548  0.0  0.0   4360   748 ?        S    12:01   0:00 tee /data/system-heartbeat/system-heartbeat-20181026-120101.log
root     24569  0.0  0.0  15580  2148 ?        R    12:01   0:00 ps aux
 

------------------------------------------------------------------------------------ 


