Info-msg : Checking directory existence. 

/data/system-heartbeat/ directory exists
Info-msg : hostname of server (hostname). 

clixserver.tiss.edu
 

------------------------------------------------------------------------------------ 


Info-msg : internal ip addresses of the system (ip address). 

 

------------------------------------------------------------------------------------ 


Info-msg : external ip addresses of the system (public ip address). 


 

------------------------------------------------------------------------------------ 


Info-msg : RAM details (free -h). 

             total       used       free     shared    buffers     cached
Mem:          7.7G       2.8G       4.9G       344M        78M       1.1G
-/+ buffers/cache:       1.7G       6.0G
Swap:         7.6G         0B       7.6G
 

------------------------------------------------------------------------------------ 


Info-msg : HDD details (df -h). 

Filesystem      Size  Used Avail Use% Mounted on
overlay         908G   63G  799G   8% /
tmpfs            64M     0   64M   0% /dev
tmpfs           3.9G     0  3.9G   0% /sys/fs/cgroup
/dev/sda3       908G   63G  799G   8% /data
shm              64M     0   64M   0% /dev/shm
tmpfs           3.9G     0  3.9G   0% /proc/scsi
tmpfs           3.9G     0  3.9G   0% /sys/firmware
 

------------------------------------------------------------------------------------ 


Info-msg : Size description in '/data/'. 

8.0K	/data/2031020-mz20-activity-timestamp-csvs.tar.gz
68M	/data/2031020-mz20-assessment-media.tar.gz
4.0K	/data/2031020-mz20-gstudio_tools_logs.tar.gz
64K	/data/activity-timestamp-csvs
166M	/data/assessment-media
16K	/data/clixserver.tiss.edu
464M	/data/db
4.0K	/data/drop_database.sql
12K	/data/git-commit-details.log
25M	/data/gstudio-exported-users-analytics-csvs
224K	/data/gstudio-logs
8.0K	/data/local_settings.py
17G	/data/media
6.6G	/data/nginx-logs
504K	/data/pg_dump_all.sql
2.7M	/data/postgres-dump
6.7M	/data/qbank
677M	/data/rcs-repo
4.0K	/data/server_settings.py
1.6M	/data/system-heartbeat
 

------------------------------------------------------------------------------------ 


Info-msg : No of directories and files in '/data/media/'. 

No of directories : 4007 

No of files       : 9677 

 

------------------------------------------------------------------------------------ 


Info-msg : uptime (uptime). 

 11:01:13 up 2 min,  0 users,  load average: 3.50, 1.82, 0.71
 

------------------------------------------------------------------------------------ 


Info-msg : current process (uptime). 

USER       PID %CPU %MEM    VSZ   RSS TTY      STAT START   TIME COMMAND
root         1  0.0  0.0   4456   672 ?        Ss   10:59   0:00 /bin/sh -c /home/docker/code/scripts/initialize.sh  | sed -e "s/^/$(date +%Y%m%d-%H%M%S) :  /"  2>&1 | tee -a ${LOG_INSTALL_DOCKER}
root         7  0.0  0.0  18000  2792 ?        S    10:59   0:00 /bin/bash /home/docker/code/scripts/initialize.sh
root         8  0.0  0.0  10996  1376 ?        S    10:59   0:00 sed -e s/^/20181113-105950 :  /
root        10  0.0  0.0   4360  1308 ?        S    10:59   0:00 tee -a /root/DockerLogs/$(DATE_LOG)-gsd-install.log
root        16 42.0  2.1 349872 173068 ?       Sl   10:59   0:34 mongod --config /home/docker/code/confs/mongod.conf
root        18  0.0  0.0  23664  2144 ?        Ss   10:59   0:00 /usr/sbin/cron
postgres    36  0.0  0.2 244856 19312 ?        S    11:00   0:00 /usr/lib/postgresql/9.3/bin/postgres -D /var/lib/postgresql/9.3/main -c config_file=/etc/postgresql/9.3/main/postgresql.conf
postgres   153  0.0  0.0 244856  3360 ?        Ss   11:00   0:00 postgres: checkpointer process                                                                                              
postgres   154  0.0  0.0 244856  4344 ?        Ss   11:00   0:00 postgres: writer process                                                                                                    
postgres   155  0.0  0.0 244856  3360 ?        Ss   11:00   0:00 postgres: wal writer process                                                                                                
postgres   156  0.0  0.0 245596  5848 ?        Ss   11:00   0:00 postgres: autovacuum launcher process                                                                                       
postgres   157  0.0  0.0 100692  3552 ?        Ss   11:00   0:00 postgres: stats collector process                                                                                           
root       185  0.0  0.0  25356  2800 ?        Ss   11:00   0:00 /usr/lib/postfix/master
postfix    190  0.0  0.0  27420  2856 ?        S    11:00   0:00 pickup -l -t unix -u -c
postfix    191  0.0  0.0  27468  2832 ?        S    11:00   0:00 qmgr -l -t unix -u
root       199  0.0  0.0  61388  3048 ?        Ss   11:00   0:00 /usr/sbin/sshd
memcache   206  0.0  0.1 332504  9704 ?        Sl   11:00   0:00 /usr/bin/memcached -m 64 -p 11211 -u memcache -l 127.0.0.1
rabbitmq   235  0.0  0.0   7512    92 ?        S    11:00   0:00 /usr/lib/erlang/erts-5.10.4/bin/epmd -daemon
rabbitmq   259  0.5  0.0   4456   856 ?        S    11:00   0:00 /bin/sh /usr/sbin/rabbitmq-server
rabbitmq   305  2.0  1.1 2304648 93212 ?       Sl   11:00   0:01 /usr/lib/erlang/erts-5.10.4/bin/beam.smp -W w -K true -A30 -P 1048576 -- -root /usr/lib/erlang -progname erl -- -home /var/lib/rabbitmq -- -pa /usr/lib/rabbitmq/lib/rabbitmq_server-3.2.4/sbin/../ebin -noshell -noinput -s rabbit boot -sname rabbit@clixserver -boot start_sasl -kernel inet_default_connect_options [{nodelay,true}] -sasl errlog_type error -sasl sasl_error_logger false -rabbit error_logger {file,"/var/log/rabbitmq/rabbit@clixserver.log"} -rabbit sasl_error_logger {file,"/var/log/rabbitmq/rabbit@clixserver-sasl.log"} -rabbit enabled_plugins_file "/etc/rabbitmq/enabled_plugins" -rabbit plugins_dir "/usr/lib/rabbitmq/lib/rabbitmq_server-3.2.4/sbin/../plugins" -rabbit plugins_expand_dir "/var/lib/rabbitmq/mnesia/rabbit@clixserver-plugins-expand" -os_mon start_cpu_sup false -os_mon start_disksup false -os_mon start_memsup false -mnesia dir "/var/lib/rabbitmq/mnesia/rabbit@clixserver"
root       324  1.3  0.6 186400 50152 ?        S    11:00   0:00 python manage.py celeryd -f /var/log/celeryd.log -l INFO
root       414  0.0  0.1  33152  9868 ?        S    11:00   0:00 python -m smtpd -n -c DebuggingServer localhost:1025
rabbitmq   417  0.6  0.0   7476   896 ?        Ss   11:00   0:00 inet_gethost 4
root       418  1.0  0.6 859096 56520 ?        Sl   11:00   0:00 python main.py
rabbitmq   423  0.0  0.0   9568  1572 ?        S    11:00   0:00 inet_gethost 4
root       424  0.0  0.5 185776 42624 ?        S    11:00   0:00 python manage.py celeryd -f /var/log/celeryd.log -l INFO
root       425  0.0  0.5 185776 42628 ?        S    11:00   0:00 python manage.py celeryd -f /var/log/celeryd.log -l INFO
root       426  0.0  0.5 185776 42632 ?        S    11:00   0:00 python manage.py celeryd -f /var/log/celeryd.log -l INFO
root       427  0.0  0.5 185776 42640 ?        S    11:00   0:00 python manage.py celeryd -f /var/log/celeryd.log -l INFO
root       429  0.2  0.2  52492 17044 ?        S    11:00   0:00 /usr/bin/python /usr/bin/supervisord -n
root       444  0.0  0.0  32536  6472 ?        S    11:00   0:00 nginx: master process /usr/sbin/nginx
root       445  0.2  0.2  63412 20500 ?        S    11:00   0:00 /usr/local/bin/uwsgi --ini /home/docker/code/confs/uwsgi.ini
www-data   446  0.0  0.0  33244  6392 ?        S    11:00   0:00 nginx: worker process
www-data   447  0.0  0.0  32908  5568 ?        S    11:00   0:00 nginx: worker process
www-data   448  0.0  0.0  33260  6428 ?        S    11:00   0:00 nginx: worker process
www-data   449  0.0  0.0  32908  5600 ?        S    11:00   0:00 nginx: worker process
root       450  2.0  1.0 260404 81504 ?        S    11:00   0:00 /usr/local/bin/uwsgi --ini /home/docker/code/confs/uwsgi.ini
root       451  2.7  1.0 262464 83648 ?        S    11:00   0:00 /usr/local/bin/uwsgi --ini /home/docker/code/confs/uwsgi.ini
root       452  2.7  1.0 262508 83592 ?        S    11:00   0:00 /usr/local/bin/uwsgi --ini /home/docker/code/confs/uwsgi.ini
root       453  5.4  1.2 277928 98940 ?        S    11:00   0:01 /usr/local/bin/uwsgi --ini /home/docker/code/confs/uwsgi.ini
root       517  0.0  0.0  59648  3060 ?        S    11:01   0:00 /USR/SBIN/CRON
root       518  0.0  0.0   4456   784 ?        Ss   11:01   0:00 /bin/sh -c /home/docker/code/scripts/system-heartbeat.sh  > /tmp/cron-system-heartbeat.log
root       519  0.0  0.0   9588  2312 ?        S    11:01   0:00 /bin/bash /home/docker/code/scripts/system-heartbeat.sh
root       520  0.0  0.0   9600  2572 ?        S    11:01   0:00 /bin/bash /home/docker/code/scripts/system-heartbeat.sh
root       521  0.0  0.0   4360   656 ?        S    11:01   0:00 tee /data/system-heartbeat/system-heartbeat-20181113-110101.log
root       549  0.0  0.0  15580  2152 ?        R    11:01   0:00 ps aux
 

------------------------------------------------------------------------------------ 


