Info-msg : Checking directory existence. 

/data/system-heartbeat/ directory exists
Info-msg : hostname of server (hostname). 

clixserver.tiss.edu
 

------------------------------------------------------------------------------------ 


Info-msg : internal ip addresses of the system (ip address). 

 

------------------------------------------------------------------------------------ 


Info-msg : external ip addresses of the system (public ip address). 


 

------------------------------------------------------------------------------------ 


Info-msg : RAM details (free -h). 

             total       used       free     shared    buffers     cached
Mem:          7.7G       1.7G       6.0G        82M        61M       639M
-/+ buffers/cache:       1.1G       6.7G
Swap:         7.6G         0B       7.6G
 

------------------------------------------------------------------------------------ 


Info-msg : HDD details (df -h). 

Filesystem      Size  Used Avail Use% Mounted on
overlay         908G   61G  801G   8% /
tmpfs            64M     0   64M   0% /dev
tmpfs           3.9G     0  3.9G   0% /sys/fs/cgroup
/dev/sda3       908G   61G  801G   8% /data
shm              64M     0   64M   0% /dev/shm
tmpfs           3.9G     0  3.9G   0% /proc/scsi
tmpfs           3.9G     0  3.9G   0% /sys/firmware
 

------------------------------------------------------------------------------------ 


Info-msg : Size description in '/data/'. 

8.0K	/data/2031020-mz20-activity-timestamp-csvs.tar.gz
51M	/data/2031020-mz20-assessment-media.tar.gz
4.0K	/data/2031020-mz20-gstudio_tools_logs.tar.gz
64K	/data/activity-timestamp-csvs
132M	/data/assessment-media
16K	/data/clixserver.tiss.edu
405M	/data/db
4.0K	/data/drop_database.sql
12K	/data/git-commit-details.log
12M	/data/gstudio-exported-users-analytics-csvs
116K	/data/gstudio-logs
8.0K	/data/local_settings.py
17G	/data/media
5.9G	/data/nginx-logs
504K	/data/pg_dump_all.sql
2.7M	/data/postgres-dump
3.9M	/data/qbank
673M	/data/rcs-repo
4.0K	/data/server_settings.py
780K	/data/system-heartbeat
 

------------------------------------------------------------------------------------ 


Info-msg : No of directories and files in '/data/media/'. 

No of directories : 4002 

No of files       : 9629 

 

------------------------------------------------------------------------------------ 


Info-msg : uptime (uptime). 

 18:01:11 up 4 min,  0 users,  load average: 0.72, 0.88, 0.42
 

------------------------------------------------------------------------------------ 


Info-msg : current process (uptime). 

USER       PID %CPU %MEM    VSZ   RSS TTY      STAT START   TIME COMMAND
root         1  0.0  0.0   4456   840 ?        Ss   17:58   0:00 /bin/sh -c /home/docker/code/scripts/initialize.sh  | sed -e "s/^/$(date +%Y%m%d-%H%M%S) :  /"  2>&1 | tee -a ${LOG_INSTALL_DOCKER}
root         8  0.0  0.0  18000  2900 ?        S    17:58   0:00 /bin/bash /home/docker/code/scripts/initialize.sh
root         9  0.0  0.0  10996  1376 ?        S    17:58   0:00 sed -e s/^/20180926-175817 :  /
root        11  0.0  0.0   4360  1304 ?        S    17:58   0:00 tee -a /root/DockerLogs/$(DATE_LOG)-gsd-install.log
root        17  5.1  4.7 599952 381860 ?       Sl   17:58   0:08 mongod --config /home/docker/code/confs/mongod.conf
root        19  0.0  0.0  23664  2144 ?        Ss   17:58   0:00 /usr/sbin/cron
postgres    38  0.0  0.2 244856 19376 ?        S    17:58   0:00 /usr/lib/postgresql/9.3/bin/postgres -D /var/lib/postgresql/9.3/main -c config_file=/etc/postgresql/9.3/main/postgresql.conf
postgres    71  0.0  0.0 244856  3156 ?        Ss   17:58   0:00 postgres: checkpointer process                                                                                              
postgres    72  0.0  0.0 244856  4604 ?        Ss   17:58   0:00 postgres: writer process                                                                                                    
postgres    73  0.0  0.0 244856  3156 ?        Ss   17:58   0:00 postgres: wal writer process                                                                                                
postgres    74  0.0  0.0 245732  5904 ?        Ss   17:58   0:00 postgres: autovacuum launcher process                                                                                       
postgres    75  0.0  0.0 100668  3468 ?        Ss   17:58   0:00 postgres: stats collector process                                                                                           
root       178  0.0  0.0  25356  2912 ?        Ss   17:58   0:00 /usr/lib/postfix/master
postfix    183  0.0  0.0  27420  2776 ?        S    17:58   0:00 pickup -l -t unix -u -c
postfix    184  0.0  0.0  27468  2916 ?        S    17:58   0:00 qmgr -l -t unix -u
root       192  0.0  0.0  61388  3108 ?        Ss   17:58   0:00 /usr/sbin/sshd
memcache   199  0.0  0.0 129824  3700 ?        Sl   17:58   0:00 /usr/bin/memcached -m 64 -p 11211 -u memcache -l 127.0.0.1
rabbitmq   228  0.0  0.0   7512    88 ?        S    17:58   0:00 /usr/lib/erlang/erts-5.10.4/bin/epmd -daemon
rabbitmq   255  0.1  0.0   4456   768 ?        S    17:58   0:00 /bin/sh /usr/sbin/rabbitmq-server
rabbitmq   299  1.0  1.1 2303624 93520 ?       Sl   17:58   0:01 /usr/lib/erlang/erts-5.10.4/bin/beam.smp -W w -K true -A30 -P 1048576 -- -root /usr/lib/erlang -progname erl -- -home /var/lib/rabbitmq -- -pa /usr/lib/rabbitmq/lib/rabbitmq_server-3.2.4/sbin/../ebin -noshell -noinput -s rabbit boot -sname rabbit@clixserver -boot start_sasl -kernel inet_default_connect_options [{nodelay,true}] -sasl errlog_type error -sasl sasl_error_logger false -rabbit error_logger {file,"/var/log/rabbitmq/rabbit@clixserver.log"} -rabbit sasl_error_logger {file,"/var/log/rabbitmq/rabbit@clixserver-sasl.log"} -rabbit enabled_plugins_file "/etc/rabbitmq/enabled_plugins" -rabbit plugins_dir "/usr/lib/rabbitmq/lib/rabbitmq_server-3.2.4/sbin/../plugins" -rabbit plugins_expand_dir "/var/lib/rabbitmq/mnesia/rabbit@clixserver-plugins-expand" -os_mon start_cpu_sup false -os_mon start_disksup false -os_mon start_memsup false -mnesia dir "/var/lib/rabbitmq/mnesia/rabbit@clixserver"
rabbitmq   386  0.1  0.0   7476   924 ?        Ss   17:58   0:00 inet_gethost 4
rabbitmq   387  0.0  0.0   9568  1584 ?        S    17:58   0:00 inet_gethost 4
root       389  0.6  0.6 186424 50028 ?        S    17:58   0:01 python manage.py celeryd -f /var/log/celeryd.log -l INFO
root       411  0.0  0.5 185776 42492 ?        S    17:58   0:00 python manage.py celeryd -f /var/log/celeryd.log -l INFO
root       412  0.0  0.5 185772 42496 ?        S    17:58   0:00 python manage.py celeryd -f /var/log/celeryd.log -l INFO
root       413  0.0  0.5 185772 42500 ?        S    17:58   0:00 python manage.py celeryd -f /var/log/celeryd.log -l INFO
root       414  0.0  0.5 185772 42508 ?        S    17:58   0:00 python manage.py celeryd -f /var/log/celeryd.log -l INFO
root       427  0.0  0.1  33152  9904 ?        S    17:58   0:00 python -m smtpd -n -c DebuggingServer localhost:1025
root       430  0.2  0.7 859096 56704 ?        Sl   17:58   0:00 python main.py
root       436  0.0  0.2  52492 16972 ?        S    17:58   0:00 /usr/bin/python /usr/bin/supervisord -n
root       453  0.0  0.0  32536  6452 ?        S    17:58   0:00 nginx: master process /usr/sbin/nginx
root       454  0.0  0.2  63412 20608 ?        S    17:58   0:00 /usr/local/bin/uwsgi --ini /home/docker/code/confs/uwsgi.ini
www-data   455  0.0  0.0  32908  3956 ?        S    17:58   0:00 nginx: worker process
www-data   456  0.0  0.0  32908  3956 ?        S    17:58   0:00 nginx: worker process
www-data   457  0.0  0.0  32908  3956 ?        S    17:58   0:00 nginx: worker process
www-data   458  0.0  0.0  32908  3956 ?        S    17:58   0:00 nginx: worker process
root       459  0.0  0.1  63412 15688 ?        S    17:58   0:00 /usr/local/bin/uwsgi --ini /home/docker/code/confs/uwsgi.ini
root       460  0.0  0.1  63412 15688 ?        S    17:58   0:00 /usr/local/bin/uwsgi --ini /home/docker/code/confs/uwsgi.ini
root       461  0.0  0.1  63412 15688 ?        S    17:58   0:00 /usr/local/bin/uwsgi --ini /home/docker/code/confs/uwsgi.ini
root       462  0.0  0.1  63412 15688 ?        S    17:58   0:00 /usr/local/bin/uwsgi --ini /home/docker/code/confs/uwsgi.ini
root       493  0.0  0.0  59648  2940 ?        S    18:01   0:00 /USR/SBIN/CRON
root       494  0.0  0.0   4456   784 ?        Ss   18:01   0:00 /bin/sh -c /home/docker/code/scripts/system-heartbeat.sh  > /tmp/cron-system-heartbeat.log
root       495  0.0  0.0   9588  2304 ?        S    18:01   0:00 /bin/bash /home/docker/code/scripts/system-heartbeat.sh
root       496  0.0  0.0   9600  2620 ?        S    18:01   0:00 /bin/bash /home/docker/code/scripts/system-heartbeat.sh
root       497  0.0  0.0   4360   664 ?        S    18:01   0:00 tee /data/system-heartbeat/system-heartbeat-20180926-180101.log
root       520  0.0  0.0  15580  2144 ?        R    18:01   0:00 ps aux
 

------------------------------------------------------------------------------------ 


