Info-msg : Checking directory existence. 

/data/system-heartbeat/ directory exists
Info-msg : hostname of server (hostname). 

clixserver.tiss.edu
 

------------------------------------------------------------------------------------ 


Info-msg : internal ip addresses of the system (ip address). 

 

------------------------------------------------------------------------------------ 


Info-msg : external ip addresses of the system (public ip address). 


 

------------------------------------------------------------------------------------ 


Info-msg : RAM details (free -h). 

             total       used       free     shared    buffers     cached
Mem:          7.7G       5.7G       2.0G       295M       345M       3.1G
-/+ buffers/cache:       2.3G       5.4G
Swap:         7.6G        36M       7.6G
 

------------------------------------------------------------------------------------ 


Info-msg : HDD details (df -h). 

Filesystem      Size  Used Avail Use% Mounted on
overlay         908G   59G  803G   7% /
tmpfs            64M     0   64M   0% /dev
tmpfs           3.9G     0  3.9G   0% /sys/fs/cgroup
/dev/sda3       908G   59G  803G   7% /data
shm              64M     0   64M   0% /dev/shm
tmpfs           3.9G     0  3.9G   0% /proc/scsi
tmpfs           3.9G     0  3.9G   0% /sys/firmware
 

------------------------------------------------------------------------------------ 


Info-msg : Size description in '/data/'. 

8.0K	/data/2031020-mz20-activity-timestamp-csvs.tar.gz
44M	/data/2031020-mz20-assessment-media.tar.gz
4.0K	/data/2031020-mz20-gstudio_tools_logs.tar.gz
64K	/data/activity-timestamp-csvs
114M	/data/assessment-media
16K	/data/clixserver.tiss.edu
362M	/data/db
4.0K	/data/drop_database.sql
12K	/data/git-commit-details.log
516K	/data/gstudio-exported-users-analytics-csvs
8.0K	/data/gstudio-logs
8.0K	/data/local_settings.py
17G	/data/media
3.4G	/data/nginx-logs
504K	/data/pg_dump_all.sql
2.7M	/data/postgres-dump
2.1M	/data/qbank
670M	/data/rcs-repo
4.0K	/data/server_settings.py
40K	/data/system-heartbeat
 

------------------------------------------------------------------------------------ 


Info-msg : No of directories and files in '/data/media/'. 

No of directories : 4002 

No of files       : 9629 

 

------------------------------------------------------------------------------------ 


Info-msg : uptime (uptime). 

 20:01:07 up  2:47,  0 users,  load average: 1.03, 0.76, 0.82
 

------------------------------------------------------------------------------------ 


Info-msg : current process (uptime). 

USER       PID %CPU %MEM    VSZ   RSS TTY      STAT START   TIME COMMAND
root         1  0.0  0.0   4456     0 ?        Ss   17:57   0:00 /bin/sh -c /home/docker/code/scripts/initialize.sh  | sed -e "s/^/$(date +%Y%m%d-%H%M%S) :  /"  2>&1 | tee -a ${LOG_INSTALL_DOCKER}
root         7  0.0  0.0  18000   104 ?        S    17:57   0:00 /bin/bash /home/docker/code/scripts/initialize.sh
root         8  0.0  0.0  10996     0 ?        S    17:57   0:00 sed -e s/^/20180625-175721 :  /
root         9  0.0  0.0   4360    12 ?        S    17:57   0:00 tee -a /root/DockerLogs/$(DATE_LOG)-gsd-install.log
root        16 15.7  2.4 471744 202004 ?       Sl   17:57  19:26 mongod --config /home/docker/code/confs/mongod.conf
root        18  0.0  0.0  23664   472 ?        Ss   17:57   0:00 /usr/sbin/cron
postgres    37  0.0  0.1 244856 13188 ?        S    17:57   0:00 /usr/lib/postgresql/9.3/bin/postgres -D /var/lib/postgresql/9.3/main -c config_file=/etc/postgresql/9.3/main/postgresql.conf
postgres    57  0.0  0.0 244992  6108 ?        Ss   17:57   0:00 postgres: checkpointer process                                                                                              
postgres    58  0.0  0.0 244856  3168 ?        Ss   17:57   0:00 postgres: writer process                                                                                                    
postgres    59  0.0  0.0 244856  1240 ?        Ss   17:57   0:00 postgres: wal writer process                                                                                                
postgres    60  0.0  0.0 245732  5284 ?        Ss   17:57   0:00 postgres: autovacuum launcher process                                                                                       
postgres    61  0.0  0.0 100820  3188 ?        Ss   17:57   0:00 postgres: stats collector process                                                                                           
root       164  0.0  0.0  25356   816 ?        Ss   17:57   0:00 /usr/lib/postfix/master
postfix    170  0.0  0.0  27468   284 ?        S    17:57   0:00 qmgr -l -t unix -u
root       178  0.0  0.0  61388   680 ?        Ss   17:57   0:00 /usr/sbin/sshd
memcache   185  0.0  0.1 336600 12072 ?        Sl   17:57   0:00 /usr/bin/memcached -m 64 -p 11211 -u memcache -l 127.0.0.1
rabbitmq   214  0.0  0.0   7512    88 ?        S    17:57   0:00 /usr/lib/erlang/erts-5.10.4/bin/epmd -daemon
rabbitmq   241  0.0  0.0   4456    72 ?        S    17:57   0:00 /bin/sh /usr/sbin/rabbitmq-server
rabbitmq   285  0.5  1.1 2302856 90668 ?       Sl   17:57   0:38 /usr/lib/erlang/erts-5.10.4/bin/beam.smp -W w -K true -A30 -P 1048576 -- -root /usr/lib/erlang -progname erl -- -home /var/lib/rabbitmq -- -pa /usr/lib/rabbitmq/lib/rabbitmq_server-3.2.4/sbin/../ebin -noshell -noinput -s rabbit boot -sname rabbit@clixserver -boot start_sasl -kernel inet_default_connect_options [{nodelay,true}] -sasl errlog_type error -sasl sasl_error_logger false -rabbit error_logger {file,"/var/log/rabbitmq/rabbit@clixserver.log"} -rabbit sasl_error_logger {file,"/var/log/rabbitmq/rabbit@clixserver-sasl.log"} -rabbit enabled_plugins_file "/etc/rabbitmq/enabled_plugins" -rabbit plugins_dir "/usr/lib/rabbitmq/lib/rabbitmq_server-3.2.4/sbin/../plugins" -rabbit plugins_expand_dir "/var/lib/rabbitmq/mnesia/rabbit@clixserver-plugins-expand" -os_mon start_cpu_sup false -os_mon start_disksup false -os_mon start_memsup false -mnesia dir "/var/lib/rabbitmq/mnesia/rabbit@clixserver"
rabbitmq   372  0.0  0.0   7476    80 ?        Ss   17:57   0:00 inet_gethost 4
rabbitmq   373  0.0  0.0   9568   124 ?        S    17:57   0:00 inet_gethost 4
root       375  0.1  0.5 186428 42656 ?        S    17:57   0:07 python manage.py celeryd -f /var/log/celeryd.log -l INFO
root       397  0.0  0.4 185780 39124 ?        S    17:57   0:00 python manage.py celeryd -f /var/log/celeryd.log -l INFO
root       398  0.0  0.4 185776 39128 ?        S    17:57   0:00 python manage.py celeryd -f /var/log/celeryd.log -l INFO
root       399  0.0  0.4 185776 39132 ?        S    17:57   0:00 python manage.py celeryd -f /var/log/celeryd.log -l INFO
root       400  0.0  0.4 185776 39140 ?        S    17:57   0:00 python manage.py celeryd -f /var/log/celeryd.log -l INFO
root       402  0.0  0.0  33152  3996 ?        S    17:57   0:00 python -m smtpd -n -c DebuggingServer localhost:1025
root       405  0.0  0.6 859096 49316 ?        Sl   17:57   0:01 python main.py
root       411  0.0  0.1  52492 11812 ?        S    17:57   0:01 /usr/bin/python /usr/bin/supervisord -n
root       426  0.0  0.0  32536  1744 ?        S    17:57   0:00 nginx: master process /usr/sbin/nginx
root       427  0.0  0.1  63412 13104 ?        S    17:57   0:00 /usr/local/bin/uwsgi --ini /home/docker/code/confs/uwsgi.ini
www-data   428  0.2  0.0  33852  6748 ?        S    17:57   0:20 nginx: worker process
www-data   429  0.3  0.0  33784  7004 ?        S    17:57   0:23 nginx: worker process
www-data   430  0.4  0.0  34484  7384 ?        S    17:57   0:35 nginx: worker process
www-data   431  0.5  0.0  34560  7696 ?        S    17:57   0:39 nginx: worker process
root       432  0.4  1.2 282448 103344 ?       S    17:57   0:32 /usr/local/bin/uwsgi --ini /home/docker/code/confs/uwsgi.ini
root       433  0.3  1.2 282552 103176 ?       S    17:57   0:28 /usr/local/bin/uwsgi --ini /home/docker/code/confs/uwsgi.ini
root       434  0.5  1.2 282460 103296 ?       S    17:57   0:40 /usr/local/bin/uwsgi --ini /home/docker/code/confs/uwsgi.ini
root       435  1.0  1.2 283716 104532 ?       S    17:57   1:15 /usr/local/bin/uwsgi --ini /home/docker/code/confs/uwsgi.ini
postfix   2905  0.0  0.0  27420  2524 ?        S    19:33   0:00 pickup -l -t unix -u -c
root      4539  0.0  0.0  59648  3048 ?        S    20:01   0:00 /USR/SBIN/CRON
root      4540  0.0  0.0   4456   684 ?        Ss   20:01   0:00 /bin/sh -c /home/docker/code/scripts/system-heartbeat.sh  > /tmp/cron-system-heartbeat.log
root      4541  0.0  0.0   9588  2312 ?        S    20:01   0:00 /bin/bash /home/docker/code/scripts/system-heartbeat.sh
root      4542  0.0  0.0   9600  2464 ?        S    20:01   0:00 /bin/bash /home/docker/code/scripts/system-heartbeat.sh
root      4543  0.0  0.0   4360   660 ?        S    20:01   0:00 tee /data/system-heartbeat/system-heartbeat-20180625-200101.log
root      4571  0.0  0.0  15580  2056 ?        R    20:01   0:00 ps aux
 

------------------------------------------------------------------------------------ 


