Info-msg : Checking directory existence. 

/data/system-heartbeat/ directory exists
Info-msg : hostname of server (hostname). 

clixserver.tiss.edu
 

------------------------------------------------------------------------------------ 


Info-msg : internal ip addresses of the system (ip address). 

 

------------------------------------------------------------------------------------ 


Info-msg : external ip addresses of the system (public ip address). 

223.179.229.24
 

------------------------------------------------------------------------------------ 


Info-msg : RAM details (free -h). 

             total       used       free     shared    buffers     cached
Mem:          7.7G       4.2G       3.5G       183M       427M       1.7G
-/+ buffers/cache:       2.1G       5.6G
Swap:         7.6G         0B       7.6G
 

------------------------------------------------------------------------------------ 


Info-msg : HDD details (df -h). 

Filesystem      Size  Used Avail Use% Mounted on
overlay         908G   57G  805G   7% /
tmpfs            64M     0   64M   0% /dev
tmpfs           3.9G     0  3.9G   0% /sys/fs/cgroup
/dev/sda3       908G   57G  805G   7% /data
shm              64M     0   64M   0% /dev/shm
tmpfs           3.9G     0  3.9G   0% /proc/scsi
tmpfs           3.9G     0  3.9G   0% /sys/firmware
 

------------------------------------------------------------------------------------ 


Info-msg : Size description in '/data/'. 

8.0K	/data/2031016-mz16-activity-timestamp-csvs.tar.gz
54M	/data/2031016-mz16-assessment-media.tar.gz
8.0K	/data/2031016-mz16-gstudio_tools_logs.tar.gz
64K	/data/activity-timestamp-csvs
134M	/data/assessment-media
16K	/data/clixserver.tiss.edu
374M	/data/db
4.0K	/data/drop_database.sql
8.0K	/data/git-commit-details.log
4.0K	/data/gstudio-exported-users-analytics-csvs
168K	/data/gstudio-logs
124K	/data/gstudio_tools_logs
8.0K	/data/local_settings.py
17G	/data/media
2.2G	/data/nginx-logs
504K	/data/pg_dump_all.sql
2.7M	/data/postgres-dump
3.5M	/data/qbank
678M	/data/rcs-repo
4.0K	/data/server_settings.py
148K	/data/system-heartbeat
 

------------------------------------------------------------------------------------ 


Info-msg : No of directories and files in '/data/media/'. 

No of directories : 4004 

No of files       : 9668 

 

------------------------------------------------------------------------------------ 


Info-msg : uptime (uptime). 

 14:01:07 up 54 min,  0 users,  load average: 0.25, 0.30, 0.44
 

------------------------------------------------------------------------------------ 


Info-msg : current process (uptime). 

USER       PID %CPU %MEM    VSZ   RSS TTY      STAT START   TIME COMMAND
root         1  0.0  0.0   4456   728 ?        Ss   13:07   0:00 /bin/sh -c /home/docker/code/scripts/initialize.sh  | sed -e "s/^/$(date +%Y%m%d-%H%M%S) :  /"  2>&1 | tee -a ${LOG_INSTALL_DOCKER}
root         7  0.0  0.0  18000  2892 ?        S    13:07   0:00 /bin/bash /home/docker/code/scripts/initialize.sh
root         8  0.0  0.0  10996  1376 ?        S    13:07   0:00 sed -e s/^/20181015-130725 :  /
root        10  0.0  0.0   4360  1336 ?        S    13:07   0:00 tee -a /root/DockerLogs/$(DATE_LOG)-gsd-install.log
root        16 24.7  3.4 526024 275388 ?       Sl   13:07  13:21 mongod --config /home/docker/code/confs/mongod.conf
root        18  0.0  0.0  23664  2064 ?        Ss   13:07   0:00 /usr/sbin/cron
postgres    37  0.0  0.2 244856 19232 ?        S    13:07   0:00 /usr/lib/postgresql/9.3/bin/postgres -D /var/lib/postgresql/9.3/main -c config_file=/etc/postgresql/9.3/main/postgresql.conf
postgres    70  0.0  0.0 244992  5712 ?        Ss   13:07   0:00 postgres: checkpointer process                                                                                              
postgres    71  0.0  0.0 244856  4612 ?        Ss   13:07   0:00 postgres: writer process                                                                                                    
postgres    72  0.0  0.0 244856  3404 ?        Ss   13:07   0:00 postgres: wal writer process                                                                                                
postgres    73  0.0  0.0 245732  5984 ?        Ss   13:07   0:00 postgres: autovacuum launcher process                                                                                       
postgres    74  0.0  0.0 100820  3724 ?        Ss   13:07   0:00 postgres: stats collector process                                                                                           
root       177  0.0  0.0  25356  2980 ?        Ss   13:07   0:00 /usr/lib/postfix/master
postfix    182  0.0  0.0  27420  2896 ?        S    13:07   0:00 pickup -l -t unix -u -c
postfix    183  0.0  0.0  27468  2828 ?        S    13:07   0:00 qmgr -l -t unix -u
root       191  0.0  0.0  61388  3012 ?        Ss   13:07   0:00 /usr/sbin/sshd
memcache   198  0.0  0.1 333528 11140 ?        Sl   13:07   0:00 /usr/bin/memcached -m 64 -p 11211 -u memcache -l 127.0.0.1
rabbitmq   227  0.0  0.0   7512    88 ?        S    13:07   0:00 /usr/lib/erlang/erts-5.10.4/bin/epmd -daemon
rabbitmq   251  0.0  0.0   4456   688 ?        S    13:07   0:00 /bin/sh /usr/sbin/rabbitmq-server
rabbitmq   296  0.4  1.1 2303368 92764 ?       Sl   13:07   0:15 /usr/lib/erlang/erts-5.10.4/bin/beam.smp -W w -K true -A30 -P 1048576 -- -root /usr/lib/erlang -progname erl -- -home /var/lib/rabbitmq -- -pa /usr/lib/rabbitmq/lib/rabbitmq_server-3.2.4/sbin/../ebin -noshell -noinput -s rabbit boot -sname rabbit@clixserver -boot start_sasl -kernel inet_default_connect_options [{nodelay,true}] -sasl errlog_type error -sasl sasl_error_logger false -rabbit error_logger {file,"/var/log/rabbitmq/rabbit@clixserver.log"} -rabbit sasl_error_logger {file,"/var/log/rabbitmq/rabbit@clixserver-sasl.log"} -rabbit enabled_plugins_file "/etc/rabbitmq/enabled_plugins" -rabbit plugins_dir "/usr/lib/rabbitmq/lib/rabbitmq_server-3.2.4/sbin/../plugins" -rabbit plugins_expand_dir "/var/lib/rabbitmq/mnesia/rabbit@clixserver-plugins-expand" -os_mon start_cpu_sup false -os_mon start_disksup false -os_mon start_memsup false -mnesia dir "/var/lib/rabbitmq/mnesia/rabbit@clixserver"
root       333  0.1  0.6 186428 50048 ?        S    13:07   0:03 python manage.py celeryd -f /var/log/celeryd.log -l INFO
rabbitmq   405  0.0  0.0   7476   944 ?        Ss   13:07   0:00 inet_gethost 4
root       406  0.0  0.5 185780 42492 ?        S    13:07   0:00 python manage.py celeryd -f /var/log/celeryd.log -l INFO
root       407  0.0  0.5 185776 42496 ?        S    13:07   0:00 python manage.py celeryd -f /var/log/celeryd.log -l INFO
root       408  0.0  0.5 185776 42500 ?        S    13:07   0:00 python manage.py celeryd -f /var/log/celeryd.log -l INFO
root       409  0.0  0.5 185776 42508 ?        S    13:07   0:00 python manage.py celeryd -f /var/log/celeryd.log -l INFO
rabbitmq   410  0.0  0.0   9568  1688 ?        S    13:07   0:00 inet_gethost 4
root       423  0.0  0.1  33152  9968 ?        S    13:07   0:00 python -m smtpd -n -c DebuggingServer localhost:1025
root       426  3.6  1.2 885508 98948 ?        Sl   13:07   1:56 python main.py
root       432  0.0  0.2  52492 16972 ?        S    13:07   0:00 /usr/bin/python /usr/bin/supervisord -n
root       447  0.0  0.0  32536  6568 ?        S    13:07   0:00 nginx: master process /usr/sbin/nginx
root       448  0.0  0.2  63412 20528 ?        S    13:07   0:00 /usr/local/bin/uwsgi --ini /home/docker/code/confs/uwsgi.ini
www-data   449  0.0  0.0  33560  6660 ?        S    13:07   0:01 nginx: worker process
www-data   450  0.1  0.0  33628  6844 ?        S    13:07   0:03 nginx: worker process
www-data   451  0.0  0.0  33484  6808 ?        S    13:07   0:02 nginx: worker process
www-data   452  0.2  0.0  34156  7496 ?        S    13:07   0:07 nginx: worker process
root       453  0.4  1.2 278432 99864 ?        S    13:07   0:13 /usr/local/bin/uwsgi --ini /home/docker/code/confs/uwsgi.ini
root       454  0.2  1.2 278232 99688 ?        S    13:07   0:09 /usr/local/bin/uwsgi --ini /home/docker/code/confs/uwsgi.ini
root       455  0.5  1.2 277008 98196 ?        S    13:07   0:17 /usr/local/bin/uwsgi --ini /home/docker/code/confs/uwsgi.ini
root       456  1.4  1.2 276884 97964 ?        S    13:07   0:46 /usr/local/bin/uwsgi --ini /home/docker/code/confs/uwsgi.ini
root     18389  0.0  0.0  59648  3112 ?        S    14:01   0:00 /USR/SBIN/CRON
root     18390  0.0  0.0   4456   696 ?        Ss   14:01   0:00 /bin/sh -c /home/docker/code/scripts/system-heartbeat.sh  > /tmp/cron-system-heartbeat.log
root     18391  0.0  0.0   9588  2296 ?        S    14:01   0:00 /bin/bash /home/docker/code/scripts/system-heartbeat.sh
root     18392  0.0  0.0   9600  2536 ?        S    14:01   0:00 /bin/bash /home/docker/code/scripts/system-heartbeat.sh
root     18393  0.0  0.0   4360   648 ?        S    14:01   0:00 tee /data/system-heartbeat/system-heartbeat-20181015-140101.log
root     18414  0.0  0.0  15580  2136 ?        R    14:01   0:00 ps aux
 

------------------------------------------------------------------------------------ 


