Info-msg : Checking directory existence. 

/data/system-heartbeat/ directory exists
Info-msg : hostname of server (hostname). 

clixserver.tiss.edu
 

------------------------------------------------------------------------------------ 


Info-msg : internal ip addresses of the system (ip address). 

 

------------------------------------------------------------------------------------ 


Info-msg : external ip addresses of the system (public ip address). 


 

------------------------------------------------------------------------------------ 


Info-msg : RAM details (free -h). 

             total       used       free     shared    buffers     cached
Mem:          7.7G       2.3G       5.4G       159M        65M       783M
-/+ buffers/cache:       1.5G       6.2G
Swap:         7.6G         0B       7.6G
 

------------------------------------------------------------------------------------ 


Info-msg : HDD details (df -h). 

Filesystem      Size  Used Avail Use% Mounted on
overlay         908G   55G  807G   7% /
tmpfs            64M     0   64M   0% /dev
tmpfs           3.9G     0  3.9G   0% /sys/fs/cgroup
/dev/sda3       908G   55G  807G   7% /data
shm              64M     0   64M   0% /dev/shm
tmpfs           3.9G     0  3.9G   0% /proc/scsi
tmpfs           3.9G     0  3.9G   0% /sys/firmware
 

------------------------------------------------------------------------------------ 


Info-msg : Size description in '/data/'. 

4.0K	/data/2031016-mz16-activity-timestamp-csvs.tar.gz
44M	/data/2031016-mz16-assessment-media.tar.gz
4.0K	/data/2031016-mz16-gstudio_tools_logs.tar.gz
64K	/data/activity-timestamp-csvs
114M	/data/assessment-media
16K	/data/clixserver.tiss.edu
361M	/data/db
4.0K	/data/drop_database.sql
8.0K	/data/git-commit-details.log
4.0K	/data/gstudio-exported-users-analytics-csvs
12K	/data/gstudio-logs
8.0K	/data/local_settings.py
17G	/data/media
4.0M	/data/nginx-logs
504K	/data/pg_dump_all.sql
2.7M	/data/postgres-dump
2.7M	/data/qbank
670M	/data/rcs-repo
4.0K	/data/server_settings.py
28K	/data/system-heartbeat
 

------------------------------------------------------------------------------------ 


Info-msg : No of directories and files in '/data/media/'. 

No of directories : 4002 

No of files       : 9629 

 

------------------------------------------------------------------------------------ 


Info-msg : uptime (uptime). 

 14:01:10 up 5 min,  0 users,  load average: 0.37, 0.58, 0.35
 

------------------------------------------------------------------------------------ 


Info-msg : current process (uptime). 

USER       PID %CPU %MEM    VSZ   RSS TTY      STAT START   TIME COMMAND
root         1  0.0  0.0   4456   712 ?        Ss   13:56   0:00 /bin/sh -c /home/docker/code/scripts/initialize.sh  | sed -e "s/^/$(date +%Y%m%d-%H%M%S) :  /"  2>&1 | tee -a ${LOG_INSTALL_DOCKER}
root         7  0.0  0.0  18000  2808 ?        S    13:56   0:00 /bin/bash /home/docker/code/scripts/initialize.sh
root        13  0.0  0.0  10996  1420 ?        S    13:56   0:00 sed -e s/^/20180620-135604 :  /
root        14  0.0  0.0   4360  1404 ?        S    13:56   0:00 tee -a /root/DockerLogs/$(DATE_LOG)-gsd-install.log
root        16 13.3  1.9 340632 161696 ?       Sl   13:56   0:40 mongod --config /home/docker/code/confs/mongod.conf
root        18  0.0  0.0  23664  2076 ?        Ss   13:56   0:00 /usr/sbin/cron
postgres    37  0.0  0.2 244856 19156 ?        S    13:56   0:00 /usr/lib/postgresql/9.3/bin/postgres -D /var/lib/postgresql/9.3/main -c config_file=/etc/postgresql/9.3/main/postgresql.conf
postgres    63  0.0  0.0 244856  3384 ?        Ss   13:56   0:00 postgres: checkpointer process                                                                                              
postgres    64  0.0  0.0 244856  4608 ?        Ss   13:56   0:00 postgres: writer process                                                                                                    
postgres    65  0.0  0.0 244856  3384 ?        Ss   13:56   0:00 postgres: wal writer process                                                                                                
postgres    66  0.0  0.0 245732  6196 ?        Ss   13:56   0:00 postgres: autovacuum launcher process                                                                                       
postgres    67  0.0  0.0 100668  3632 ?        Ss   13:56   0:00 postgres: stats collector process                                                                                           
root       170  0.0  0.0  25356  2892 ?        Ss   13:56   0:00 /usr/lib/postfix/master
postfix    175  0.0  0.0  27420  2776 ?        S    13:56   0:00 pickup -l -t unix -u -c
postfix    176  0.0  0.0  27468  2832 ?        S    13:56   0:00 qmgr -l -t unix -u
root       184  0.0  0.0  61388  3108 ?        Ss   13:56   0:00 /usr/sbin/sshd
rabbitmq   212  0.0  0.0   7512    88 ?        S    13:56   0:00 /usr/lib/erlang/erts-5.10.4/bin/epmd -daemon
rabbitmq   236  0.0  0.0   4456   756 ?        S    13:56   0:00 /bin/sh /usr/sbin/rabbitmq-server
rabbitmq   281  0.8  1.1 2304904 93536 ?       Sl   13:56   0:02 /usr/lib/erlang/erts-5.10.4/bin/beam.smp -W w -K true -A30 -P 1048576 -- -root /usr/lib/erlang -progname erl -- -home /var/lib/rabbitmq -- -pa /usr/lib/rabbitmq/lib/rabbitmq_server-3.2.4/sbin/../ebin -noshell -noinput -s rabbit boot -sname rabbit@clixserver -boot start_sasl -kernel inet_default_connect_options [{nodelay,true}] -sasl errlog_type error -sasl sasl_error_logger false -rabbit error_logger {file,"/var/log/rabbitmq/rabbit@clixserver.log"} -rabbit sasl_error_logger {file,"/var/log/rabbitmq/rabbit@clixserver-sasl.log"} -rabbit enabled_plugins_file "/etc/rabbitmq/enabled_plugins" -rabbit plugins_dir "/usr/lib/rabbitmq/lib/rabbitmq_server-3.2.4/sbin/../plugins" -rabbit plugins_expand_dir "/var/lib/rabbitmq/mnesia/rabbit@clixserver-plugins-expand" -os_mon start_cpu_sup false -os_mon start_disksup false -os_mon start_memsup false -mnesia dir "/var/lib/rabbitmq/mnesia/rabbit@clixserver"
root       317  0.3  0.6 186428 49960 ?        S    13:56   0:01 python manage.py celeryd -f /var/log/celeryd.log -l INFO
rabbitmq   387  0.0  0.0   7476   892 ?        Ss   13:56   0:00 inet_gethost 4
rabbitmq   390  0.0  0.0   9568  1636 ?        S    13:56   0:00 inet_gethost 4
root       393  0.0  0.1  33152  9996 ?        S    13:56   0:00 python -m smtpd -n -c DebuggingServer localhost:1025
root       396  0.1  0.6 859096 56520 ?        Sl   13:56   0:00 python main.py
root       401  0.0  0.5 185780 42460 ?        S    13:56   0:00 python manage.py celeryd -f /var/log/celeryd.log -l INFO
root       402  0.0  0.5 185776 42464 ?        S    13:56   0:00 python manage.py celeryd -f /var/log/celeryd.log -l INFO
root       403  0.0  0.5 185776 42468 ?        S    13:56   0:00 python manage.py celeryd -f /var/log/celeryd.log -l INFO
root       404  0.0  0.5 185776 42476 ?        S    13:56   0:00 python manage.py celeryd -f /var/log/celeryd.log -l INFO
root       406  0.0  0.2  52492 16964 ?        S    13:56   0:00 /usr/bin/python /usr/bin/supervisord -n
root       421  0.0  0.0  32536  6500 ?        S    13:56   0:00 nginx: master process /usr/sbin/nginx
root       422  0.0  0.2  63412 20552 ?        S    13:56   0:00 /usr/local/bin/uwsgi --ini /home/docker/code/confs/uwsgi.ini
www-data   423  0.0  0.0  33020  6080 ?        S    13:56   0:00 nginx: worker process
www-data   424  0.0  0.0  33044  5660 ?        S    13:56   0:00 nginx: worker process
www-data   425  0.0  0.0  33180  6460 ?        S    13:56   0:00 nginx: worker process
www-data   426  0.0  0.0  33232  6452 ?        S    13:56   0:00 nginx: worker process
root       427  0.2  1.0 262836 83628 ?        S    13:56   0:00 /usr/local/bin/uwsgi --ini /home/docker/code/confs/uwsgi.ini
root       428  0.2  1.0 262372 83432 ?        S    13:56   0:00 /usr/local/bin/uwsgi --ini /home/docker/code/confs/uwsgi.ini
root       429  0.3  1.0 260396 81264 ?        S    13:56   0:01 /usr/local/bin/uwsgi --ini /home/docker/code/confs/uwsgi.ini
root       430  0.3  1.0 260396 81288 ?        S    13:56   0:01 /usr/local/bin/uwsgi --ini /home/docker/code/confs/uwsgi.ini
root       541  0.0  0.0  59648  3060 ?        S    14:01   0:00 /USR/SBIN/CRON
root       542  0.0  0.0   4456   688 ?        Ss   14:01   0:00 /bin/sh -c /home/docker/code/scripts/system-heartbeat.sh  > /tmp/cron-system-heartbeat.log
root       543  0.0  0.0   9588  2248 ?        S    14:01   0:00 /bin/bash /home/docker/code/scripts/system-heartbeat.sh
root       544  0.0  0.0   9600  2404 ?        S    14:01   0:00 /bin/bash /home/docker/code/scripts/system-heartbeat.sh
root       545  0.0  0.0   4360   652 ?        S    14:01   0:00 tee /data/system-heartbeat/system-heartbeat-20180620-140102.log
root       568  0.0  0.0  15580  2152 ?        R    14:01   0:00 ps aux
 

------------------------------------------------------------------------------------ 


