Info-msg : Checking directory existence. 

/data/system-heartbeat/ directory exists
Info-msg : hostname of server (hostname). 

clixserver.tiss.edu
 

------------------------------------------------------------------------------------ 


Info-msg : internal ip addresses of the system (ip address). 

 

------------------------------------------------------------------------------------ 


Info-msg : external ip addresses of the system (public ip address). 


 

------------------------------------------------------------------------------------ 


Info-msg : RAM details (free -h). 

             total       used       free     shared    buffers     cached
Mem:          7.7G       3.0G       4.7G       170M       409M       853M
-/+ buffers/cache:       1.8G       5.9G
Swap:         7.6G         0B       7.6G
 

------------------------------------------------------------------------------------ 


Info-msg : HDD details (df -h). 

Filesystem      Size  Used Avail Use% Mounted on
overlay         908G   56G  806G   7% /
tmpfs            64M     0   64M   0% /dev
tmpfs           3.9G     0  3.9G   0% /sys/fs/cgroup
/dev/sda3       908G   56G  806G   7% /data
shm              64M     0   64M   0% /dev/shm
tmpfs           3.9G     0  3.9G   0% /proc/scsi
tmpfs           3.9G     0  3.9G   0% /sys/firmware
 

------------------------------------------------------------------------------------ 


Info-msg : Size description in '/data/'. 

8.0K	/data/2031016-mz16-activity-timestamp-csvs.tar.gz
44M	/data/2031016-mz16-assessment-media.tar.gz
4.0K	/data/2031016-mz16-gstudio_tools_logs.tar.gz
64K	/data/activity-timestamp-csvs
114M	/data/assessment-media
16K	/data/clixserver.tiss.edu
365M	/data/db
4.0K	/data/drop_database.sql
8.0K	/data/git-commit-details.log
4.0K	/data/gstudio-exported-users-analytics-csvs
40K	/data/gstudio-logs
8.0K	/data/local_settings.py
17G	/data/media
1.6G	/data/nginx-logs
504K	/data/pg_dump_all.sql
2.7M	/data/postgres-dump
2.1M	/data/qbank
674M	/data/rcs-repo
4.0K	/data/server_settings.py
76K	/data/system-heartbeat
 

------------------------------------------------------------------------------------ 


Info-msg : No of directories and files in '/data/media/'. 

No of directories : 4002 

No of files       : 9629 

 

------------------------------------------------------------------------------------ 


Info-msg : uptime (uptime). 

 11:01:07 up 12 min,  0 users,  load average: 0.34, 0.35, 0.28
 

------------------------------------------------------------------------------------ 


Info-msg : current process (uptime). 

USER       PID %CPU %MEM    VSZ   RSS TTY      STAT START   TIME COMMAND
root         1  0.0  0.0   4456   728 ?        Ss   10:49   0:00 /bin/sh -c /home/docker/code/scripts/initialize.sh  | sed -e "s/^/$(date +%Y%m%d-%H%M%S) :  /"  2>&1 | tee -a ${LOG_INSTALL_DOCKER}
root         7  0.0  0.0  18000  2836 ?        S    10:49   0:00 /bin/bash /home/docker/code/scripts/initialize.sh
root         8  0.0  0.0  10996  1332 ?        S    10:49   0:00 sed -e s/^/20180809-104926 :  /
root        10  0.0  0.0   4360  1272 ?        S    10:49   0:00 tee -a /root/DockerLogs/$(DATE_LOG)-gsd-install.log
root        16 10.9  2.5 421216 206964 ?       Sl   10:49   1:16 mongod --config /home/docker/code/confs/mongod.conf
root        18  0.0  0.0  23664  2128 ?        Ss   10:49   0:00 /usr/sbin/cron
postgres    37  0.0  0.2 244856 19164 ?        S    10:49   0:00 /usr/lib/postgresql/9.3/bin/postgres -D /var/lib/postgresql/9.3/main -c config_file=/etc/postgresql/9.3/main/postgresql.conf
postgres    67  0.0  0.0 244856  3276 ?        Ss   10:49   0:00 postgres: checkpointer process                                                                                              
postgres    68  0.0  0.0 244856  4616 ?        Ss   10:49   0:00 postgres: writer process                                                                                                    
postgres    69  0.0  0.0 244856  3276 ?        Ss   10:49   0:00 postgres: wal writer process                                                                                                
postgres    70  0.0  0.0 245732  6020 ?        Ss   10:49   0:00 postgres: autovacuum launcher process                                                                                       
postgres    71  0.0  0.0 100668  3492 ?        Ss   10:49   0:00 postgres: stats collector process                                                                                           
root       174  0.0  0.0  25356  2752 ?        Ss   10:49   0:00 /usr/lib/postfix/master
postfix    179  0.0  0.0  27420  2804 ?        S    10:49   0:00 pickup -l -t unix -u -c
postfix    180  0.0  0.0  27468  2856 ?        S    10:49   0:00 qmgr -l -t unix -u
root       188  0.0  0.0  61388  3132 ?        Ss   10:49   0:00 /usr/sbin/sshd
rabbitmq   216  0.0  0.0   7512    88 ?        S    10:49   0:00 /usr/lib/erlang/erts-5.10.4/bin/epmd -daemon
rabbitmq   243  0.0  0.0   4456   688 ?        S    10:49   0:00 /bin/sh /usr/sbin/rabbitmq-server
rabbitmq   287  0.7  1.1 2303624 92620 ?       Sl   10:49   0:04 /usr/lib/erlang/erts-5.10.4/bin/beam.smp -W w -K true -A30 -P 1048576 -- -root /usr/lib/erlang -progname erl -- -home /var/lib/rabbitmq -- -pa /usr/lib/rabbitmq/lib/rabbitmq_server-3.2.4/sbin/../ebin -noshell -noinput -s rabbit boot -sname rabbit@clixserver -boot start_sasl -kernel inet_default_connect_options [{nodelay,true}] -sasl errlog_type error -sasl sasl_error_logger false -rabbit error_logger {file,"/var/log/rabbitmq/rabbit@clixserver.log"} -rabbit sasl_error_logger {file,"/var/log/rabbitmq/rabbit@clixserver-sasl.log"} -rabbit enabled_plugins_file "/etc/rabbitmq/enabled_plugins" -rabbit plugins_dir "/usr/lib/rabbitmq/lib/rabbitmq_server-3.2.4/sbin/../plugins" -rabbit plugins_expand_dir "/var/lib/rabbitmq/mnesia/rabbit@clixserver-plugins-expand" -os_mon start_cpu_sup false -os_mon start_disksup false -os_mon start_memsup false -mnesia dir "/var/lib/rabbitmq/mnesia/rabbit@clixserver"
rabbitmq   374  0.0  0.0   7476   880 ?        Ss   10:49   0:00 inet_gethost 4
rabbitmq   375  0.0  0.0   9568  1592 ?        S    10:49   0:00 inet_gethost 4
root       377  0.2  0.6 186436 50136 ?        S    10:49   0:01 python manage.py celeryd -f /var/log/celeryd.log -l INFO
root       400  0.0  0.1  33152  9968 ?        S    10:49   0:00 python -m smtpd -n -c DebuggingServer localhost:1025
root       403  0.0  0.6 859096 56628 ?        Sl   10:49   0:00 python main.py
root       408  0.0  0.5 185788 42496 ?        S    10:49   0:00 python manage.py celeryd -f /var/log/celeryd.log -l INFO
root       409  0.0  0.5 185784 42500 ?        S    10:49   0:00 python manage.py celeryd -f /var/log/celeryd.log -l INFO
root       410  0.0  0.5 185784 42504 ?        S    10:49   0:00 python manage.py celeryd -f /var/log/celeryd.log -l INFO
root       411  0.0  0.5 185784 42512 ?        S    10:49   0:00 python manage.py celeryd -f /var/log/celeryd.log -l INFO
root       413  0.0  0.2  52492 17004 ?        S    10:49   0:00 /usr/bin/python /usr/bin/supervisord -n
root       428  0.0  0.0  32536  6548 ?        S    10:49   0:00 nginx: master process /usr/sbin/nginx
root       429  0.0  0.2  63412 20540 ?        S    10:49   0:00 /usr/local/bin/uwsgi --ini /home/docker/code/confs/uwsgi.ini
www-data   430  0.0  0.0  33300  6656 ?        S    10:49   0:00 nginx: worker process
www-data   431  0.0  0.0  32908  6356 ?        S    10:49   0:00 nginx: worker process
www-data   432  0.0  0.0  32908  5720 ?        S    10:49   0:00 nginx: worker process
www-data   433  0.0  0.0  33244  6528 ?        S    10:49   0:00 nginx: worker process
root       434  0.1  1.0 260296 81416 ?        S    10:49   0:00 /usr/local/bin/uwsgi --ini /home/docker/code/confs/uwsgi.ini
root       435  0.1  1.1 269080 90136 ?        S    10:49   0:01 /usr/local/bin/uwsgi --ini /home/docker/code/confs/uwsgi.ini
root       436  0.3  1.2 279072 99920 ?        S    10:49   0:02 /usr/local/bin/uwsgi --ini /home/docker/code/confs/uwsgi.ini
root       437  0.1  1.0 266004 87184 ?        S    10:49   0:00 /usr/local/bin/uwsgi --ini /home/docker/code/confs/uwsgi.ini
root       696  0.0  0.0  59648  3052 ?        S    11:01   0:00 /USR/SBIN/CRON
root       697  0.0  0.0   4456   692 ?        Ss   11:01   0:00 /bin/sh -c /home/docker/code/scripts/system-heartbeat.sh  > /tmp/cron-system-heartbeat.log
root       698  0.0  0.0   9588  2228 ?        S    11:01   0:00 /bin/bash /home/docker/code/scripts/system-heartbeat.sh
root       699  0.0  0.0   9600  2468 ?        S    11:01   0:00 /bin/bash /home/docker/code/scripts/system-heartbeat.sh
root       700  0.0  0.0   4360   744 ?        S    11:01   0:00 tee /data/system-heartbeat/system-heartbeat-20180809-110101.log
root       722  0.0  0.0  15580  2100 ?        R    11:01   0:00 ps aux
 

------------------------------------------------------------------------------------ 


