Info-msg : Checking directory existence. 

/data/system-heartbeat/ directory exists
Info-msg : hostname of server (hostname). 

clixserver.tiss.edu
 

------------------------------------------------------------------------------------ 


Info-msg : internal ip addresses of the system (ip address). 

 

------------------------------------------------------------------------------------ 


Info-msg : external ip addresses of the system (public ip address). 


 

------------------------------------------------------------------------------------ 


Info-msg : RAM details (free -h). 

             total       used       free     shared    buffers     cached
Mem:          7.7G       4.1G       3.6G       265M       421M       1.5G
-/+ buffers/cache:       2.1G       5.6G
Swap:         7.6G         0B       7.6G
 

------------------------------------------------------------------------------------ 


Info-msg : HDD details (df -h). 

Filesystem      Size  Used Avail Use% Mounted on
overlay         908G   57G  805G   7% /
tmpfs            64M     0   64M   0% /dev
tmpfs           3.9G     0  3.9G   0% /sys/fs/cgroup
/dev/sda3       908G   57G  805G   7% /data
shm              64M     0   64M   0% /dev/shm
tmpfs           3.9G     0  3.9G   0% /proc/scsi
tmpfs           3.9G     0  3.9G   0% /sys/firmware
 

------------------------------------------------------------------------------------ 


Info-msg : Size description in '/data/'. 

8.0K	/data/2031016-mz16-activity-timestamp-csvs.tar.gz
54M	/data/2031016-mz16-assessment-media.tar.gz
8.0K	/data/2031016-mz16-gstudio_tools_logs.tar.gz
64K	/data/activity-timestamp-csvs
134M	/data/assessment-media
16K	/data/clixserver.tiss.edu
369M	/data/db
4.0K	/data/drop_database.sql
8.0K	/data/git-commit-details.log
4.0K	/data/gstudio-exported-users-analytics-csvs
104K	/data/gstudio-logs
124K	/data/gstudio_tools_logs
8.0K	/data/local_settings.py
17G	/data/media
1.9G	/data/nginx-logs
504K	/data/pg_dump_all.sql
2.7M	/data/postgres-dump
4.1M	/data/qbank
675M	/data/rcs-repo
4.0K	/data/server_settings.py
124K	/data/system-heartbeat
 

------------------------------------------------------------------------------------ 


Info-msg : No of directories and files in '/data/media/'. 

No of directories : 4002 

No of files       : 9629 

 

------------------------------------------------------------------------------------ 


Info-msg : uptime (uptime). 

 14:01:07 up 58 min,  0 users,  load average: 0.67, 0.51, 0.38
 

------------------------------------------------------------------------------------ 


Info-msg : current process (uptime). 

USER       PID %CPU %MEM    VSZ   RSS TTY      STAT START   TIME COMMAND
root         1  0.0  0.0   4456   720 ?        Ss   13:03   0:00 /bin/sh -c /home/docker/code/scripts/initialize.sh  | sed -e "s/^/$(date +%Y%m%d-%H%M%S) :  /"  2>&1 | tee -a ${LOG_INSTALL_DOCKER}
root         6  0.0  0.0  18000  2884 ?        S    13:03   0:00 /bin/bash /home/docker/code/scripts/initialize.sh
root         7  0.0  0.0  10996  1464 ?        S    13:03   0:00 sed -e s/^/20180830-130344 :  /
root         9  0.0  0.0   4360  1196 ?        S    13:03   0:00 tee -a /root/DockerLogs/$(DATE_LOG)-gsd-install.log
root        15 20.0  3.1 492260 258448 ?       Sl   13:03  11:30 mongod --config /home/docker/code/confs/mongod.conf
root        17  0.0  0.0  23664  2032 ?        Ss   13:03   0:00 /usr/sbin/cron
postgres    36  0.0  0.2 244856 19328 ?        S    13:03   0:00 /usr/lib/postgresql/9.3/bin/postgres -D /var/lib/postgresql/9.3/main -c config_file=/etc/postgresql/9.3/main/postgresql.conf
postgres    69  0.0  0.0 245000  5556 ?        Ss   13:03   0:00 postgres: checkpointer process                                                                                              
postgres    70  0.0  0.0 244856  4636 ?        Ss   13:03   0:00 postgres: writer process                                                                                                    
postgres    71  0.0  0.0 244856  3276 ?        Ss   13:03   0:00 postgres: wal writer process                                                                                                
postgres    72  0.0  0.0 245732  5992 ?        Ss   13:03   0:00 postgres: autovacuum launcher process                                                                                       
postgres    73  0.0  0.0 100820  3720 ?        Ss   13:03   0:00 postgres: stats collector process                                                                                           
root       176  0.0  0.0  25356  2948 ?        Ss   13:03   0:00 /usr/lib/postfix/master
postfix    181  0.0  0.0  27420  2872 ?        S    13:03   0:00 pickup -l -t unix -u -c
postfix    182  0.0  0.0  27468  2836 ?        S    13:03   0:00 qmgr -l -t unix -u
root       190  0.0  0.0  61388  3152 ?        Ss   13:03   0:00 /usr/sbin/sshd
memcache   197  0.0  0.1 338644 16172 ?        Sl   13:03   0:00 /usr/bin/memcached -m 64 -p 11211 -u memcache -l 127.0.0.1
rabbitmq   226  0.0  0.0   7512    88 ?        S    13:03   0:00 /usr/lib/erlang/erts-5.10.4/bin/epmd -daemon
rabbitmq   253  0.0  0.0   4456   764 ?        S    13:03   0:00 /bin/sh /usr/sbin/rabbitmq-server
rabbitmq   297  0.5  1.1 2302856 93020 ?       Sl   13:03   0:17 /usr/lib/erlang/erts-5.10.4/bin/beam.smp -W w -K true -A30 -P 1048576 -- -root /usr/lib/erlang -progname erl -- -home /var/lib/rabbitmq -- -pa /usr/lib/rabbitmq/lib/rabbitmq_server-3.2.4/sbin/../ebin -noshell -noinput -s rabbit boot -sname rabbit@clixserver -boot start_sasl -kernel inet_default_connect_options [{nodelay,true}] -sasl errlog_type error -sasl sasl_error_logger false -rabbit error_logger {file,"/var/log/rabbitmq/rabbit@clixserver.log"} -rabbit sasl_error_logger {file,"/var/log/rabbitmq/rabbit@clixserver-sasl.log"} -rabbit enabled_plugins_file "/etc/rabbitmq/enabled_plugins" -rabbit plugins_dir "/usr/lib/rabbitmq/lib/rabbitmq_server-3.2.4/sbin/../plugins" -rabbit plugins_expand_dir "/var/lib/rabbitmq/mnesia/rabbit@clixserver-plugins-expand" -os_mon start_cpu_sup false -os_mon start_disksup false -os_mon start_memsup false -mnesia dir "/var/lib/rabbitmq/mnesia/rabbit@clixserver"
rabbitmq   384  0.0  0.0   7476   904 ?        Ss   13:04   0:00 inet_gethost 4
rabbitmq   385  0.0  0.0   9568  1636 ?        S    13:04   0:00 inet_gethost 4
root       387  0.1  0.6 186436 50284 ?        S    13:04   0:04 python manage.py celeryd -f /var/log/celeryd.log -l INFO
root       410  0.0  0.1  33152  9984 ?        S    13:04   0:00 python -m smtpd -n -c DebuggingServer localhost:1025
root       413  0.0  0.5 185788 42620 ?        S    13:04   0:00 python manage.py celeryd -f /var/log/celeryd.log -l INFO
root       414  0.0  0.5 185784 42628 ?        S    13:04   0:00 python manage.py celeryd -f /var/log/celeryd.log -l INFO
root       415  0.0  0.5 185784 42636 ?        S    13:04   0:00 python manage.py celeryd -f /var/log/celeryd.log -l INFO
root       416  0.0  0.5 185784 42644 ?        S    13:04   0:00 python manage.py celeryd -f /var/log/celeryd.log -l INFO
root       417  2.3  1.3 888968 105216 ?       Sl   13:04   1:19 python main.py
root       423  0.0  0.2  52492 16988 ?        S    13:04   0:00 /usr/bin/python /usr/bin/supervisord -n
root       438  0.0  0.0  32536  6500 ?        S    13:04   0:00 nginx: master process /usr/sbin/nginx
root       439  0.0  0.2  63412 20688 ?        S    13:04   0:00 /usr/local/bin/uwsgi --ini /home/docker/code/confs/uwsgi.ini
www-data   441  0.0  0.0  33340  6556 ?        S    13:04   0:01 nginx: worker process
www-data   442  0.0  0.0  33592  6836 ?        S    13:04   0:02 nginx: worker process
www-data   443  0.1  0.0  34140  7444 ?        S    13:04   0:06 nginx: worker process
www-data   444  0.1  0.0  33440  6820 ?        S    13:04   0:03 nginx: worker process
root       445  0.4  1.2 280824 102232 ?       S    13:04   0:14 /usr/local/bin/uwsgi --ini /home/docker/code/confs/uwsgi.ini
root       446  0.4  1.2 283744 105092 ?       S    13:04   0:13 /usr/local/bin/uwsgi --ini /home/docker/code/confs/uwsgi.ini
root       447  0.5  1.2 282040 103772 ?       S    13:04   0:18 /usr/local/bin/uwsgi --ini /home/docker/code/confs/uwsgi.ini
root       448  1.2  1.3 286892 108236 ?       S    13:04   0:42 /usr/local/bin/uwsgi --ini /home/docker/code/confs/uwsgi.ini
root     10996  0.0  0.0  59648  3008 ?        S    14:01   0:00 /USR/SBIN/CRON
root     10997  0.0  0.0   4456   768 ?        Ss   14:01   0:00 /bin/sh -c /home/docker/code/scripts/system-heartbeat.sh  > /tmp/cron-system-heartbeat.log
root     10998  0.0  0.0   9588  2248 ?        S    14:01   0:00 /bin/bash /home/docker/code/scripts/system-heartbeat.sh
root     10999  0.0  0.0   9600  2404 ?        S    14:01   0:00 /bin/bash /home/docker/code/scripts/system-heartbeat.sh
root     11000  0.0  0.0   4360   696 ?        S    14:01   0:00 tee /data/system-heartbeat/system-heartbeat-20180830-140101.log
postgres 11087  0.0  0.1 246680 10928 ?        Ss   14:01   0:00 postgres: glab gstudio_psql 127.0.0.1(58478) idle                                                                           
root     11119  0.0  0.0  15580  2200 ?        R    14:01   0:00 ps aux
 

------------------------------------------------------------------------------------ 


