Info-msg : Checking directory existence. 

/data/system-heartbeat/ directory exists
Info-msg : hostname of server (hostname). 

clixserver.tiss.edu
 

------------------------------------------------------------------------------------ 


Info-msg : internal ip addresses of the system (ip address). 

 

------------------------------------------------------------------------------------ 


Info-msg : external ip addresses of the system (public ip address). 


 

------------------------------------------------------------------------------------ 


Info-msg : RAM details (free -h). 

             total       used       free     shared    buffers     cached
Mem:          7.7G       2.5G       5.2G        76M       408M       788M
-/+ buffers/cache:       1.3G       6.4G
Swap:         7.6G         0B       7.6G
 

------------------------------------------------------------------------------------ 


Info-msg : HDD details (df -h). 

Filesystem      Size  Used Avail Use% Mounted on
overlay         908G   56G  806G   7% /
tmpfs            64M     0   64M   0% /dev
tmpfs           3.9G     0  3.9G   0% /sys/fs/cgroup
/dev/sda3       908G   56G  806G   7% /data
shm              64M     0   64M   0% /dev/shm
tmpfs           3.9G     0  3.9G   0% /proc/scsi
tmpfs           3.9G     0  3.9G   0% /sys/firmware
 

------------------------------------------------------------------------------------ 


Info-msg : Size description in '/data/'. 

8.0K	/data/2031016-mz16-activity-timestamp-csvs.tar.gz
44M	/data/2031016-mz16-assessment-media.tar.gz
4.0K	/data/2031016-mz16-gstudio_tools_logs.tar.gz
64K	/data/activity-timestamp-csvs
114M	/data/assessment-media
16K	/data/clixserver.tiss.edu
365M	/data/db
4.0K	/data/drop_database.sql
8.0K	/data/git-commit-details.log
4.0K	/data/gstudio-exported-users-analytics-csvs
28K	/data/gstudio-logs
8.0K	/data/local_settings.py
17G	/data/media
1.6G	/data/nginx-logs
504K	/data/pg_dump_all.sql
2.7M	/data/postgres-dump
2.8M	/data/qbank
674M	/data/rcs-repo
4.0K	/data/server_settings.py
64K	/data/system-heartbeat
 

------------------------------------------------------------------------------------ 


Info-msg : No of directories and files in '/data/media/'. 

No of directories : 4002 

No of files       : 9629 

 

------------------------------------------------------------------------------------ 


Info-msg : uptime (uptime). 

 12:01:07 up 24 min,  0 users,  load average: 0.26, 0.16, 0.17
 

------------------------------------------------------------------------------------ 


Info-msg : current process (uptime). 

USER       PID %CPU %MEM    VSZ   RSS TTY      STAT START   TIME COMMAND
root         1  0.0  0.0   4456   680 ?        Ss   11:37   0:00 /bin/sh -c /home/docker/code/scripts/initialize.sh  | sed -e "s/^/$(date +%Y%m%d-%H%M%S) :  /"  2>&1 | tee -a ${LOG_INSTALL_DOCKER}
root         6  0.0  0.0  18000  2876 ?        S    11:37   0:00 /bin/bash /home/docker/code/scripts/initialize.sh
root        12  0.0  0.0  10996  1436 ?        S    11:37   0:00 sed -e s/^/20180703-113724 :  /
root        14  0.0  0.0   4360  1324 ?        S    11:37   0:00 tee -a /root/DockerLogs/$(DATE_LOG)-gsd-install.log
root        15  6.1  2.5 399072 204680 ?       Sl   11:37   1:28 mongod --config /home/docker/code/confs/mongod.conf
root        17  0.0  0.0  23664  2116 ?        Ss   11:37   0:00 /usr/sbin/cron
postgres    36  0.0  0.2 244856 19244 ?        S    11:37   0:00 /usr/lib/postgresql/9.3/bin/postgres -D /var/lib/postgresql/9.3/main -c config_file=/etc/postgresql/9.3/main/postgresql.conf
postgres    69  0.0  0.0 244992  4896 ?        Ss   11:37   0:00 postgres: checkpointer process                                                                                              
postgres    70  0.0  0.0 244856  4572 ?        Ss   11:37   0:00 postgres: writer process                                                                                                    
postgres    71  0.0  0.0 244856  3432 ?        Ss   11:37   0:00 postgres: wal writer process                                                                                                
postgres    72  0.0  0.0 245732  5880 ?        Ss   11:37   0:00 postgres: autovacuum launcher process                                                                                       
postgres    73  0.0  0.0 100668  3696 ?        Ss   11:37   0:00 postgres: stats collector process                                                                                           
root       176  0.0  0.0  25356  2724 ?        Ss   11:37   0:00 /usr/lib/postfix/master
postfix    181  0.0  0.0  27420  2780 ?        S    11:37   0:00 pickup -l -t unix -u -c
postfix    182  0.0  0.0  27468  2876 ?        S    11:37   0:00 qmgr -l -t unix -u
root       190  0.0  0.0  61388  3108 ?        Ss   11:37   0:00 /usr/sbin/sshd
memcache   197  0.0  0.0 330536  7600 ?        Sl   11:37   0:00 /usr/bin/memcached -m 64 -p 11211 -u memcache -l 127.0.0.1
rabbitmq   226  0.0  0.0   7512    92 ?        S    11:37   0:00 /usr/lib/erlang/erts-5.10.4/bin/epmd -daemon
rabbitmq   250  0.0  0.0   4456   852 ?        S    11:37   0:00 /bin/sh /usr/sbin/rabbitmq-server
rabbitmq   295  0.5  1.1 2303112 92912 ?       Sl   11:37   0:07 /usr/lib/erlang/erts-5.10.4/bin/beam.smp -W w -K true -A30 -P 1048576 -- -root /usr/lib/erlang -progname erl -- -home /var/lib/rabbitmq -- -pa /usr/lib/rabbitmq/lib/rabbitmq_server-3.2.4/sbin/../ebin -noshell -noinput -s rabbit boot -sname rabbit@clixserver -boot start_sasl -kernel inet_default_connect_options [{nodelay,true}] -sasl errlog_type error -sasl sasl_error_logger false -rabbit error_logger {file,"/var/log/rabbitmq/rabbit@clixserver.log"} -rabbit sasl_error_logger {file,"/var/log/rabbitmq/rabbit@clixserver-sasl.log"} -rabbit enabled_plugins_file "/etc/rabbitmq/enabled_plugins" -rabbit plugins_dir "/usr/lib/rabbitmq/lib/rabbitmq_server-3.2.4/sbin/../plugins" -rabbit plugins_expand_dir "/var/lib/rabbitmq/mnesia/rabbit@clixserver-plugins-expand" -os_mon start_cpu_sup false -os_mon start_disksup false -os_mon start_memsup false -mnesia dir "/var/lib/rabbitmq/mnesia/rabbit@clixserver"
root       332  0.0  0.6 186400 50096 ?        S    11:37   0:00 python manage.py celeryd -f /var/log/celeryd.log -l INFO
rabbitmq   404  0.0  0.0   7476   892 ?        Ss   11:37   0:00 inet_gethost 4
rabbitmq   405  0.0  0.0   9568  1636 ?        S    11:37   0:00 inet_gethost 4
root       406  0.0  0.5 185776 42576 ?        S    11:37   0:00 python manage.py celeryd -f /var/log/celeryd.log -l INFO
root       407  0.0  0.5 185776 42580 ?        S    11:37   0:00 python manage.py celeryd -f /var/log/celeryd.log -l INFO
root       408  0.0  0.5 185776 42584 ?        S    11:37   0:00 python manage.py celeryd -f /var/log/celeryd.log -l INFO
root       409  0.0  0.5 185776 42592 ?        S    11:37   0:00 python manage.py celeryd -f /var/log/celeryd.log -l INFO
root       422  0.0  0.1  33152  9984 ?        S    11:37   0:00 python -m smtpd -n -c DebuggingServer localhost:1025
root       425  0.0  0.6 859096 56516 ?        Sl   11:37   0:00 python main.py
root       431  0.0  0.2  52492 16996 ?        S    11:37   0:00 /usr/bin/python /usr/bin/supervisord -n
root       446  0.0  0.0  32536  6540 ?        S    11:37   0:00 nginx: master process /usr/sbin/nginx
root       447  0.0  0.2  63412 20496 ?        S    11:37   0:00 /usr/local/bin/uwsgi --ini /home/docker/code/confs/uwsgi.ini
www-data   448  0.0  0.0  33040  5780 ?        S    11:37   0:00 nginx: worker process
www-data   449  0.0  0.0  33168  6704 ?        S    11:37   0:00 nginx: worker process
www-data   450  0.0  0.0  32908  5776 ?        S    11:37   0:00 nginx: worker process
www-data   451  0.0  0.0  33248  6804 ?        S    11:37   0:00 nginx: worker process
root       452  0.0  1.2 282044 103432 ?       S    11:37   0:00 /usr/local/bin/uwsgi --ini /home/docker/code/confs/uwsgi.ini
root       453  0.0  1.0 260400 81556 ?        S    11:37   0:00 /usr/local/bin/uwsgi --ini /home/docker/code/confs/uwsgi.ini
root       454  0.0  0.1  63412 15828 ?        S    11:37   0:00 /usr/local/bin/uwsgi --ini /home/docker/code/confs/uwsgi.ini
root       455  0.1  1.2 282224 103536 ?       S    11:37   0:01 /usr/local/bin/uwsgi --ini /home/docker/code/confs/uwsgi.ini
root       824  0.0  0.0  59648  3036 ?        S    12:01   0:00 /USR/SBIN/CRON
root       825  0.0  0.0   4456   752 ?        Ss   12:01   0:00 /bin/sh -c /home/docker/code/scripts/system-heartbeat.sh  > /tmp/cron-system-heartbeat.log
root       826  0.0  0.0   9588  2232 ?        S    12:01   0:00 /bin/bash /home/docker/code/scripts/system-heartbeat.sh
root       827  0.0  0.0   9600  2472 ?        S    12:01   0:00 /bin/bash /home/docker/code/scripts/system-heartbeat.sh
root       828  0.0  0.0   4360   752 ?        S    12:01   0:00 tee /data/system-heartbeat/system-heartbeat-20180703-120101.log
root       850  0.0  0.0  15580  2152 ?        R    12:01   0:00 ps aux
 

------------------------------------------------------------------------------------ 


