Info-msg : Checking directory existence. 

/data/system-heartbeat/ directory exists
Info-msg : hostname of server (hostname). 

clixserver.tiss.edu
 

------------------------------------------------------------------------------------ 


Info-msg : internal ip addresses of the system (ip address). 

 

------------------------------------------------------------------------------------ 


Info-msg : external ip addresses of the system (public ip address). 


 

------------------------------------------------------------------------------------ 


Info-msg : RAM details (free -h). 

             total       used       free     shared    buffers     cached
Mem:          7.7G       3.6G       4.2G       561M        86M       1.4G
-/+ buffers/cache:       2.0G       5.7G
Swap:         7.6G         0B       7.6G
 

------------------------------------------------------------------------------------ 


Info-msg : HDD details (df -h). 

Filesystem      Size  Used Avail Use% Mounted on
overlay         908G   56G  807G   7% /
tmpfs            64M     0   64M   0% /dev
tmpfs           3.9G     0  3.9G   0% /sys/fs/cgroup
/dev/sda3       908G   56G  807G   7% /data
shm              64M     0   64M   0% /dev/shm
tmpfs           3.9G     0  3.9G   0% /proc/scsi
tmpfs           3.9G     0  3.9G   0% /sys/firmware
 

------------------------------------------------------------------------------------ 


Info-msg : Size description in '/data/'. 

4.0K	/data/2031027-mz27-activity-timestamp-csvs.tar.gz
73M	/data/2031027-mz27-assessment-media.tar.gz
4.0K	/data/2031027-mz27-gstudio_tools_logs.tar.gz
20K	/data/activity-timestamp-csvs
187M	/data/assessment-media
16K	/data/clixserver.tiss.edu
370M	/data/db
4.0K	/data/drop_database.sql
12K	/data/git-commit-details.log
1.8M	/data/gstudio-exported-users-analytics-csvs
16K	/data/gstudio-logs
152K	/data/gstudio_tools_logs
8.0K	/data/local_settings.py
17G	/data/media
367M	/data/nginx-logs
504K	/data/pg_dump_all.sql
2.2M	/data/postgres-dump
2.3M	/data/qbank
671M	/data/rcs-repo
4.0K	/data/server_settings.py
116K	/data/system-heartbeat
 

------------------------------------------------------------------------------------ 


Info-msg : No of directories and files in '/data/media/'. 

No of directories : 4002 

No of files       : 9629 

 

------------------------------------------------------------------------------------ 


Info-msg : uptime (uptime). 

 20:01:29 up 48 min,  0 users,  load average: 1.35, 1.14, 1.03
 

------------------------------------------------------------------------------------ 


Info-msg : current process (uptime). 

USER       PID %CPU %MEM    VSZ   RSS TTY      STAT START   TIME COMMAND
root         1  0.0  0.0   4456   824 ?        Ss   19:13   0:00 /bin/sh -c /home/docker/code/scripts/initialize.sh  | sed -e "s/^/$(date +%Y%m%d-%H%M%S) :  /"  2>&1 | tee -a ${LOG_INSTALL_DOCKER}
root         7  0.0  0.0  18000  2784 ?        S    19:13   0:00 /bin/bash /home/docker/code/scripts/initialize.sh
root        13  0.0  0.0  10996  1420 ?        S    19:13   0:00 sed -e s/^/20181030-191322 :  /
root        14  0.0  0.0   4360  1252 ?        S    19:13   0:00 tee -a /root/DockerLogs/$(DATE_LOG)-gsd-install.log
root        16 17.3  3.3 494268 269180 ?       Sl   19:13   8:21 mongod --config /home/docker/code/confs/mongod.conf
root        18  0.0  0.0  23664  2144 ?        Ss   19:13   0:00 /usr/sbin/cron
postgres    37  0.0  0.2 244856 19188 ?        S    19:13   0:00 /usr/lib/postgresql/9.3/bin/postgres -D /var/lib/postgresql/9.3/main -c config_file=/etc/postgresql/9.3/main/postgresql.conf
postgres    70  0.0  0.0 245000  5404 ?        Ss   19:13   0:00 postgres: checkpointer process                                                                                              
postgres    71  0.0  0.0 244856  4628 ?        Ss   19:13   0:00 postgres: writer process                                                                                                    
postgres    72  0.0  0.0 244856  3308 ?        Ss   19:13   0:00 postgres: wal writer process                                                                                                
postgres    73  0.0  0.0 245732  6128 ?        Ss   19:13   0:00 postgres: autovacuum launcher process                                                                                       
postgres    74  0.0  0.0 100820  3720 ?        Ss   19:13   0:00 postgres: stats collector process                                                                                           
root       177  0.0  0.0  25356  2808 ?        Ss   19:13   0:00 /usr/lib/postfix/master
postfix    182  0.0  0.0  27420  2864 ?        S    19:13   0:00 pickup -l -t unix -u -c
postfix    183  0.0  0.0  27468  2876 ?        S    19:13   0:00 qmgr -l -t unix -u
root       191  0.0  0.0  61388  3140 ?        Ss   19:13   0:00 /usr/sbin/sshd
rabbitmq   219  0.0  0.0   7512    88 ?        S    19:13   0:00 /usr/lib/erlang/erts-5.10.4/bin/epmd -daemon
rabbitmq   246  0.0  0.0   4456   780 ?        S    19:13   0:00 /bin/sh /usr/sbin/rabbitmq-server
rabbitmq   290  0.4  1.1 2303112 93052 ?       Sl   19:13   0:12 /usr/lib/erlang/erts-5.10.4/bin/beam.smp -W w -K true -A30 -P 1048576 -- -root /usr/lib/erlang -progname erl -- -home /var/lib/rabbitmq -- -pa /usr/lib/rabbitmq/lib/rabbitmq_server-3.2.4/sbin/../ebin -noshell -noinput -s rabbit boot -sname rabbit@clixserver -boot start_sasl -kernel inet_default_connect_options [{nodelay,true}] -sasl errlog_type error -sasl sasl_error_logger false -rabbit error_logger {file,"/var/log/rabbitmq/rabbit@clixserver.log"} -rabbit sasl_error_logger {file,"/var/log/rabbitmq/rabbit@clixserver-sasl.log"} -rabbit enabled_plugins_file "/etc/rabbitmq/enabled_plugins" -rabbit plugins_dir "/usr/lib/rabbitmq/lib/rabbitmq_server-3.2.4/sbin/../plugins" -rabbit plugins_expand_dir "/var/lib/rabbitmq/mnesia/rabbit@clixserver-plugins-expand" -os_mon start_cpu_sup false -os_mon start_disksup false -os_mon start_memsup false -mnesia dir "/var/lib/rabbitmq/mnesia/rabbit@clixserver"
rabbitmq   377  0.0  0.0   7476   904 ?        Ss   19:13   0:00 inet_gethost 4
rabbitmq   378  0.0  0.0   9568  1640 ?        S    19:13   0:00 inet_gethost 4
root       380  0.1  0.6 186444 50068 ?        S    19:13   0:03 python manage.py celeryd -f /var/log/celeryd.log -l INFO
root       403  0.0  0.1  33152  9820 ?        S    19:13   0:00 python -m smtpd -n -c DebuggingServer localhost:1025
root       406  1.4  1.2 888324 102520 ?       Sl   19:13   0:41 python main.py
root       408  0.0  0.5 185796 42516 ?        S    19:13   0:00 python manage.py celeryd -f /var/log/celeryd.log -l INFO
root       409  0.0  0.5 185792 42520 ?        S    19:13   0:00 python manage.py celeryd -f /var/log/celeryd.log -l INFO
root       410  0.0  0.5 185792 42524 ?        S    19:13   0:00 python manage.py celeryd -f /var/log/celeryd.log -l INFO
root       411  0.0  0.5 185792 42532 ?        S    19:13   0:00 python manage.py celeryd -f /var/log/celeryd.log -l INFO
root       416  0.0  0.2  52492 16828 ?        S    19:13   0:00 /usr/bin/python /usr/bin/supervisord -n
root       433  0.0  0.0  32536  6412 ?        S    19:13   0:00 nginx: master process /usr/sbin/nginx
root       434  0.0  0.2  63412 20532 ?        S    19:13   0:00 /usr/local/bin/uwsgi --ini /home/docker/code/confs/uwsgi.ini
www-data   435  0.0  0.0  33316  6676 ?        S    19:13   0:00 nginx: worker process
www-data   436  0.0  0.0  33476  6640 ?        S    19:13   0:01 nginx: worker process
www-data   437  0.0  0.0  33528  6716 ?        S    19:13   0:01 nginx: worker process
www-data   438  0.0  0.0  33568  6904 ?        S    19:13   0:02 nginx: worker process
root       439  0.1  1.2 282816 103768 ?       S    19:13   0:04 /usr/local/bin/uwsgi --ini /home/docker/code/confs/uwsgi.ini
root       440  0.2  1.2 282184 103124 ?       S    19:13   0:06 /usr/local/bin/uwsgi --ini /home/docker/code/confs/uwsgi.ini
root       441  0.3  1.2 282000 102876 ?       S    19:13   0:09 /usr/local/bin/uwsgi --ini /home/docker/code/confs/uwsgi.ini
root       442  0.9  1.2 283400 104328 ?       S    19:13   0:25 /usr/local/bin/uwsgi --ini /home/docker/code/confs/uwsgi.ini
root      7573  0.0  0.0  59648  2980 ?        S    20:01   0:00 /USR/SBIN/CRON
root      7574  0.0  0.0   4456   684 ?        Ss   20:01   0:00 /bin/sh -c /home/docker/code/scripts/system-heartbeat.sh  > /tmp/cron-system-heartbeat.log
root      7575  0.0  0.0   9588  2336 ?        S    20:01   0:00 /bin/bash /home/docker/code/scripts/system-heartbeat.sh
root      7576  0.0  0.0   9600  2472 ?        S    20:01   0:00 /bin/bash /home/docker/code/scripts/system-heartbeat.sh
root      7577  0.0  0.0   4360   644 ?        S    20:01   0:00 tee /data/system-heartbeat/system-heartbeat-20181030-200101.log
root      7622  0.0  0.0  15580  2124 ?        R    20:01   0:00 ps aux
 

------------------------------------------------------------------------------------ 


