Info-msg : Checking directory existence. 

/data/system-heartbeat/ directory exists
Info-msg : hostname of server (hostname). 

clixserver.tiss.edu
 

------------------------------------------------------------------------------------ 


Info-msg : internal ip addresses of the system (ip address). 

 

------------------------------------------------------------------------------------ 


Info-msg : external ip addresses of the system (public ip address). 


 

------------------------------------------------------------------------------------ 


Info-msg : RAM details (free -h). 

             total       used       free     shared    buffers     cached
Mem:          7.7G       7.5G       201M       229M       671M       4.9G
-/+ buffers/cache:       2.0G       5.7G
Swap:         7.6G       1.0M       7.6G
 

------------------------------------------------------------------------------------ 


Info-msg : HDD details (df -h). 

Filesystem      Size  Used Avail Use% Mounted on
overlay         908G   39G  823G   5% /
tmpfs            64M     0   64M   0% /dev
tmpfs           3.9G     0  3.9G   0% /sys/fs/cgroup
/dev/sda3       908G   39G  823G   5% /data
shm              64M     0   64M   0% /dev/shm
tmpfs           3.9G     0  3.9G   0% /proc/scsi
tmpfs           3.9G     0  3.9G   0% /sys/firmware
 

------------------------------------------------------------------------------------ 


Info-msg : Size description in '/data/'. 

4.0K	/data/2031027-mz27-activity-timestamp-csvs.tar.gz
44M	/data/2031027-mz27-assessment-media.tar.gz
4.0K	/data/2031027-mz27-gstudio_tools_logs.tar.gz
20K	/data/activity-timestamp-csvs
114M	/data/assessment-media
16K	/data/clixserver.tiss.edu
361M	/data/db
4.0K	/data/drop_database.sql
12K	/data/git-commit-details.log
172K	/data/gstudio-exported-users-analytics-csvs
8.0K	/data/gstudio-logs
8.0K	/data/local_settings.py
17G	/data/media
4.0K	/data/nginx-logs
504K	/data/pg_dump_all.sql
2.2M	/data/postgres-dump
2.0M	/data/qbank
670M	/data/rcs-repo
4.0K	/data/server_settings.py
8.0K	/data/system-heartbeat
 

------------------------------------------------------------------------------------ 


Info-msg : No of directories and files in '/data/media/'. 

No of directories : 4002 

No of files       : 9629 

 

------------------------------------------------------------------------------------ 


Info-msg : uptime (uptime). 

 17:01:01 up 33 min,  0 users,  load average: 0.73, 1.17, 1.45
 

------------------------------------------------------------------------------------ 


Info-msg : current process (uptime). 

USER       PID %CPU %MEM    VSZ   RSS TTY      STAT START   TIME COMMAND
root         1  0.0  0.0   4456   776 ?        Ss   16:42   0:00 /bin/sh -c /home/docker/code/scripts/initialize.sh  | sed -e "s/^/$(date +%Y%m%d-%H%M%S) :  /"  2>&1 | tee -a ${LOG_INSTALL_DOCKER}
root         7  0.0  0.0  18000  2892 ?        S    16:42   0:00 /bin/bash /home/docker/code/scripts/initialize.sh
root         8  0.0  0.0  10996  1544 ?        S    16:42   0:00 sed -e s/^/20180621-164259 :  /
root         9  0.0  0.0   4360  1372 ?        S    16:42   0:00 tee -a /root/DockerLogs/$(DATE_LOG)-gsd-install.log
root        16 62.9  2.7 426360 223456 ?       Sl   16:42  11:22 mongod --config /home/docker/code/confs/mongod.conf
root        18  0.0  0.0  23664  2156 ?        Ss   16:42   0:00 /usr/sbin/cron
postgres    36  0.0  0.2 244856 19368 ?        S    16:42   0:00 /usr/lib/postgresql/9.3/bin/postgres -D /var/lib/postgresql/9.3/main -c config_file=/etc/postgresql/9.3/main/postgresql.conf
postgres    57  0.0  0.0 245000  5564 ?        Ss   16:42   0:00 postgres: checkpointer process                                                                                              
postgres    58  0.0  0.0 244856  4584 ?        Ss   16:42   0:00 postgres: writer process                                                                                                    
postgres    59  0.0  0.0 244856  3236 ?        Ss   16:42   0:00 postgres: wal writer process                                                                                                
postgres    60  0.0  0.0 245732  6100 ?        Ss   16:42   0:00 postgres: autovacuum launcher process                                                                                       
postgres    61  0.0  0.0 100820  3784 ?        Ss   16:42   0:00 postgres: stats collector process                                                                                           
root       164  0.0  0.0  25356  2820 ?        Ss   16:43   0:00 /usr/lib/postfix/master
postfix    170  0.0  0.0  27420  2780 ?        S    16:43   0:00 pickup -l -t unix -u -c
postfix    172  0.0  0.0  27468  2876 ?        S    16:43   0:00 qmgr -l -t unix -u
root       178  0.0  0.0  61388  3196 ?        Ss   16:43   0:00 /usr/sbin/sshd
memcache   185  0.0  0.0 328484  5784 ?        Sl   16:43   0:00 /usr/bin/memcached -m 64 -p 11211 -u memcache -l 127.0.0.1
rabbitmq   214  0.0  0.0   7512    88 ?        S    16:43   0:00 /usr/lib/erlang/erts-5.10.4/bin/epmd -daemon
rabbitmq   238  0.0  0.0   4456   672 ?        S    16:43   0:00 /bin/sh /usr/sbin/rabbitmq-server
rabbitmq   283  0.4  1.1 2303368 93288 ?       Sl   16:43   0:04 /usr/lib/erlang/erts-5.10.4/bin/beam.smp -W w -K true -A30 -P 1048576 -- -root /usr/lib/erlang -progname erl -- -home /var/lib/rabbitmq -- -pa /usr/lib/rabbitmq/lib/rabbitmq_server-3.2.4/sbin/../ebin -noshell -noinput -s rabbit boot -sname rabbit@clixserver -boot start_sasl -kernel inet_default_connect_options [{nodelay,true}] -sasl errlog_type error -sasl sasl_error_logger false -rabbit error_logger {file,"/var/log/rabbitmq/rabbit@clixserver.log"} -rabbit sasl_error_logger {file,"/var/log/rabbitmq/rabbit@clixserver-sasl.log"} -rabbit enabled_plugins_file "/etc/rabbitmq/enabled_plugins" -rabbit plugins_dir "/usr/lib/rabbitmq/lib/rabbitmq_server-3.2.4/sbin/../plugins" -rabbit plugins_expand_dir "/var/lib/rabbitmq/mnesia/rabbit@clixserver-plugins-expand" -os_mon start_cpu_sup false -os_mon start_disksup false -os_mon start_memsup false -mnesia dir "/var/lib/rabbitmq/mnesia/rabbit@clixserver"
root       320  0.0  0.6 186504 50548 ?        S    16:43   0:00 python manage.py celeryd -f /var/log/celeryd.log -l INFO
root       388  0.0  0.5 185792 42576 ?        S    16:43   0:00 python manage.py celeryd -f /var/log/celeryd.log -l INFO
root       389  0.0  0.5 185788 42580 ?        S    16:43   0:00 python manage.py celeryd -f /var/log/celeryd.log -l INFO
root       390  0.0  0.5 185788 42584 ?        S    16:43   0:00 python manage.py celeryd -f /var/log/celeryd.log -l INFO
root       391  0.0  0.5 185788 42592 ?        S    16:43   0:00 python manage.py celeryd -f /var/log/celeryd.log -l INFO
root       404  0.0  0.1  33152  9996 ?        S    16:43   0:00 python -m smtpd -n -c DebuggingServer localhost:1025
root       413  0.0  0.2  52484 16984 ?        S    16:43   0:00 /usr/bin/python /usr/bin/supervisord -n
rabbitmq   422  0.0  0.0   7476   976 ?        Ss   16:43   0:00 inet_gethost 4
rabbitmq   423  0.0  0.0   9568  1680 ?        S    16:43   0:00 inet_gethost 4
root       425  0.0  0.2  63412 20568 ?        S    16:43   0:00 /usr/local/bin/uwsgi --ini /home/docker/code/confs/uwsgi.ini
root       426  0.0  0.1  63412 15816 ?        S    16:43   0:00 /usr/local/bin/uwsgi --ini /home/docker/code/confs/uwsgi.ini
root       427  0.0  0.1  63412 15816 ?        S    16:43   0:00 /usr/local/bin/uwsgi --ini /home/docker/code/confs/uwsgi.ini
root       428  0.0  0.1  63412 15816 ?        S    16:43   0:00 /usr/local/bin/uwsgi --ini /home/docker/code/confs/uwsgi.ini
root       429  0.0  0.1  63412 15816 ?        S    16:43   0:00 /usr/local/bin/uwsgi --ini /home/docker/code/confs/uwsgi.ini
root     22161  0.0  0.0  59648  3048 ?        S    17:01   0:00 /USR/SBIN/CRON
root     22162  0.0  0.0   4456   772 ?        Ss   17:01   0:00 /bin/sh -c /home/docker/code/scripts/system-heartbeat.sh  > /tmp/cron-system-heartbeat.log
root     22163  0.0  0.0   9588  2344 ?        S    17:01   0:00 /bin/bash /home/docker/code/scripts/system-heartbeat.sh
root     22164  0.0  0.0   9600  2476 ?        S    17:01   0:00 /bin/bash /home/docker/code/scripts/system-heartbeat.sh
root     22165  0.0  0.0   4360   648 ?        S    17:01   0:00 tee /data/system-heartbeat/system-heartbeat-20180621-170101.log
root     22186  0.0  0.0  15580  2132 ?        R    17:01   0:00 ps aux
 

------------------------------------------------------------------------------------ 


