Info-msg : Checking directory existence. 

/data/system-heartbeat/ directory exists
Info-msg : hostname of server (hostname). 

clixserver.tiss.edu
 

------------------------------------------------------------------------------------ 


Info-msg : internal ip addresses of the system (ip address). 

 

------------------------------------------------------------------------------------ 


Info-msg : external ip addresses of the system (public ip address). 


 

------------------------------------------------------------------------------------ 


Info-msg : RAM details (free -h). 

             total       used       free     shared    buffers     cached
Mem:          7.7G       5.2G       2.6G       787M       533M       2.4G
-/+ buffers/cache:       2.3G       5.5G
Swap:         7.6G         0B       7.6G
 

------------------------------------------------------------------------------------ 


Info-msg : HDD details (df -h). 

Filesystem      Size  Used Avail Use% Mounted on
overlay         908G   55G  807G   7% /
tmpfs            64M     0   64M   0% /dev
tmpfs           3.9G     0  3.9G   0% /sys/fs/cgroup
/dev/sda3       908G   55G  807G   7% /data
shm              64M     0   64M   0% /dev/shm
tmpfs           3.9G     0  3.9G   0% /proc/scsi
tmpfs           3.9G     0  3.9G   0% /sys/firmware
 

------------------------------------------------------------------------------------ 


Info-msg : Size description in '/data/'. 

4.0K	/data/2031027-mz27-activity-timestamp-csvs.tar.gz
62M	/data/2031027-mz27-assessment-media.tar.gz
4.0K	/data/2031027-mz27-gstudio_tools_logs.tar.gz
20K	/data/activity-timestamp-csvs
156M	/data/assessment-media
16K	/data/clixserver.tiss.edu
368M	/data/db
4.0K	/data/drop_database.sql
12K	/data/git-commit-details.log
1.4M	/data/gstudio-exported-users-analytics-csvs
12K	/data/gstudio-logs
8.0K	/data/local_settings.py
17G	/data/media
214M	/data/nginx-logs
504K	/data/pg_dump_all.sql
2.2M	/data/postgres-dump
2.4M	/data/qbank
671M	/data/rcs-repo
4.0K	/data/server_settings.py
92K	/data/system-heartbeat
 

------------------------------------------------------------------------------------ 


Info-msg : No of directories and files in '/data/media/'. 

No of directories : 4002 

No of files       : 9629 

 

------------------------------------------------------------------------------------ 


Info-msg : uptime (uptime). 

 19:01:22 up  1:08,  0 users,  load average: 1.75, 1.19, 1.02
 

------------------------------------------------------------------------------------ 


Info-msg : current process (uptime). 

USER       PID %CPU %MEM    VSZ   RSS TTY      STAT START   TIME COMMAND
root         1  0.0  0.0   4456   680 ?        Ss   17:53   0:00 /bin/sh -c /home/docker/code/scripts/initialize.sh  | sed -e "s/^/$(date +%Y%m%d-%H%M%S) :  /"  2>&1 | tee -a ${LOG_INSTALL_DOCKER}
root         7  0.0  0.0  18000  2788 ?        S    17:53   0:00 /bin/bash /home/docker/code/scripts/initialize.sh
root        13  0.0  0.0  10996  1384 ?        S    17:53   0:00 sed -e s/^/20181010-175340 :  /
root        15  0.0  0.0   4360  1372 ?        S    17:53   0:00 tee -a /root/DockerLogs/$(DATE_LOG)-gsd-install.log
root        16 36.0  3.2 505224 262296 ?       Sl   17:53  24:22 mongod --config /home/docker/code/confs/mongod.conf
root        18  0.0  0.0  23664  2084 ?        Ss   17:53   0:00 /usr/sbin/cron
postgres    37  0.0  0.2 244856 19188 ?        S    17:53   0:00 /usr/lib/postgresql/9.3/bin/postgres -D /var/lib/postgresql/9.3/main -c config_file=/etc/postgresql/9.3/main/postgresql.conf
postgres    71  0.0  0.0 244992  5336 ?        Ss   17:53   0:00 postgres: checkpointer process                                                                                              
postgres    72  0.0  0.0 244856  4536 ?        Ss   17:53   0:00 postgres: writer process                                                                                                    
postgres    73  0.0  0.0 244856  3376 ?        Ss   17:53   0:00 postgres: wal writer process                                                                                                
postgres    74  0.0  0.0 245732  6196 ?        Ss   17:53   0:00 postgres: autovacuum launcher process                                                                                       
postgres    75  0.0  0.0 100820  3780 ?        Ss   17:53   0:00 postgres: stats collector process                                                                                           
root       178  0.0  0.0  25356  3000 ?        Ss   17:53   0:00 /usr/lib/postfix/master
postfix    183  0.0  0.0  27420  2900 ?        S    17:53   0:00 pickup -l -t unix -u -c
postfix    184  0.0  0.0  27468  2920 ?        S    17:53   0:00 qmgr -l -t unix -u
root       192  0.0  0.0  61388  3048 ?        Ss   17:53   0:00 /usr/sbin/sshd
rabbitmq   220  0.0  0.0   7512    92 ?        S    17:53   0:00 /usr/lib/erlang/erts-5.10.4/bin/epmd -daemon
rabbitmq   247  0.0  0.0   4456   680 ?        S    17:53   0:00 /bin/sh /usr/sbin/rabbitmq-server
rabbitmq   291  0.4  1.1 2303624 93276 ?       Sl   17:53   0:17 /usr/lib/erlang/erts-5.10.4/bin/beam.smp -W w -K true -A30 -P 1048576 -- -root /usr/lib/erlang -progname erl -- -home /var/lib/rabbitmq -- -pa /usr/lib/rabbitmq/lib/rabbitmq_server-3.2.4/sbin/../ebin -noshell -noinput -s rabbit boot -sname rabbit@clixserver -boot start_sasl -kernel inet_default_connect_options [{nodelay,true}] -sasl errlog_type error -sasl sasl_error_logger false -rabbit error_logger {file,"/var/log/rabbitmq/rabbit@clixserver.log"} -rabbit sasl_error_logger {file,"/var/log/rabbitmq/rabbit@clixserver-sasl.log"} -rabbit enabled_plugins_file "/etc/rabbitmq/enabled_plugins" -rabbit plugins_dir "/usr/lib/rabbitmq/lib/rabbitmq_server-3.2.4/sbin/../plugins" -rabbit plugins_expand_dir "/var/lib/rabbitmq/mnesia/rabbit@clixserver-plugins-expand" -os_mon start_cpu_sup false -os_mon start_disksup false -os_mon start_memsup false -mnesia dir "/var/lib/rabbitmq/mnesia/rabbit@clixserver"
rabbitmq   378  0.0  0.0   7476   920 ?        Ss   17:53   0:00 inet_gethost 4
rabbitmq   379  0.0  0.0   9568  1580 ?        S    17:53   0:00 inet_gethost 4
root       381  0.1  0.6 186440 50216 ?        S    17:53   0:04 python manage.py celeryd -f /var/log/celeryd.log -l INFO
root       406  0.0  0.1  33152  9984 ?        S    17:54   0:00 python -m smtpd -n -c DebuggingServer localhost:1025
root       409  4.3  1.2 888324 101772 ?       Sl   17:54   2:54 python main.py
root       414  0.0  0.5 185792 42628 ?        S    17:54   0:00 python manage.py celeryd -f /var/log/celeryd.log -l INFO
root       415  0.0  0.5 185788 42620 ?        S    17:54   0:00 python manage.py celeryd -f /var/log/celeryd.log -l INFO
root       416  0.0  0.5 185788 42636 ?        S    17:54   0:00 python manage.py celeryd -f /var/log/celeryd.log -l INFO
root       417  0.0  0.5 185788 42648 ?        S    17:54   0:00 python manage.py celeryd -f /var/log/celeryd.log -l INFO
root       419  0.0  0.2  52492 16936 ?        S    17:54   0:00 /usr/bin/python /usr/bin/supervisord -n
root       434  0.0  0.0  32536  6472 ?        S    17:54   0:00 nginx: master process /usr/sbin/nginx
root       435  0.0  0.2  63412 20500 ?        S    17:54   0:00 /usr/local/bin/uwsgi --ini /home/docker/code/confs/uwsgi.ini
www-data   436  0.0  0.0  33384  6760 ?        S    17:54   0:00 nginx: worker process
www-data   437  0.0  0.0  33260  6796 ?        S    17:54   0:01 nginx: worker process
www-data   438  0.0  0.0  33256  6812 ?        S    17:54   0:01 nginx: worker process
www-data   439  0.0  0.0  33456  6796 ?        S    17:54   0:02 nginx: worker process
root       440  0.2  1.2 279320 100584 ?       S    17:54   0:08 /usr/local/bin/uwsgi --ini /home/docker/code/confs/uwsgi.ini
root       441  0.2  1.2 278472 99536 ?        S    17:54   0:09 /usr/local/bin/uwsgi --ini /home/docker/code/confs/uwsgi.ini
root       442  0.4  1.2 279576 100860 ?       S    17:54   0:17 /usr/local/bin/uwsgi --ini /home/docker/code/confs/uwsgi.ini
root       443  1.3  1.2 279972 101072 ?       S    17:54   0:52 /usr/local/bin/uwsgi --ini /home/docker/code/confs/uwsgi.ini
root     21620  0.0  0.0  59648  3052 ?        S    19:01   0:00 /USR/SBIN/CRON
root     21621  0.0  0.0   4456   692 ?        Ss   19:01   0:00 /bin/sh -c /home/docker/code/scripts/system-heartbeat.sh  > /tmp/cron-system-heartbeat.log
root     21622  0.0  0.0   9588  2268 ?        S    19:01   0:00 /bin/bash /home/docker/code/scripts/system-heartbeat.sh
root     21623  0.0  0.0   9600  2472 ?        S    19:01   0:00 /bin/bash /home/docker/code/scripts/system-heartbeat.sh
root     21624  0.0  0.0   4360   648 ?        S    19:01   0:00 tee /data/system-heartbeat/system-heartbeat-20181010-190101.log
root     21863  0.0  0.0  15580  2036 ?        R    19:01   0:00 ps aux
 

------------------------------------------------------------------------------------ 


