Info-msg : Checking directory existence. 

/data/system-heartbeat/ directory exists
Info-msg : hostname of server (hostname). 

clixserver.tiss.edu
 

------------------------------------------------------------------------------------ 


Info-msg : internal ip addresses of the system (ip address). 

 

------------------------------------------------------------------------------------ 


Info-msg : external ip addresses of the system (public ip address). 


 

------------------------------------------------------------------------------------ 


Info-msg : RAM details (free -h). 

             total       used       free     shared    buffers     cached
Mem:          7.7G       3.8G       3.9G       409M       414M       1.3G
-/+ buffers/cache:       2.1G       5.6G
Swap:         7.6G         0B       7.6G
 

------------------------------------------------------------------------------------ 


Info-msg : HDD details (df -h). 

Filesystem      Size  Used Avail Use% Mounted on
overlay         908G   56G  807G   7% /
tmpfs            64M     0   64M   0% /dev
tmpfs           3.9G     0  3.9G   0% /sys/fs/cgroup
/dev/sda3       908G   56G  807G   7% /data
shm              64M     0   64M   0% /dev/shm
tmpfs           3.9G     0  3.9G   0% /proc/scsi
tmpfs           3.9G     0  3.9G   0% /sys/firmware
 

------------------------------------------------------------------------------------ 


Info-msg : Size description in '/data/'. 

4.0K	/data/2031027-mz27-activity-timestamp-csvs.tar.gz
73M	/data/2031027-mz27-assessment-media.tar.gz
4.0K	/data/2031027-mz27-gstudio_tools_logs.tar.gz
20K	/data/activity-timestamp-csvs
187M	/data/assessment-media
16K	/data/clixserver.tiss.edu
371M	/data/db
4.0K	/data/drop_database.sql
12K	/data/git-commit-details.log
1.8M	/data/gstudio-exported-users-analytics-csvs
16K	/data/gstudio-logs
188K	/data/gstudio_tools_logs
8.0K	/data/local_settings.py
17G	/data/media
406M	/data/nginx-logs
504K	/data/pg_dump_all.sql
2.2M	/data/postgres-dump
2.3M	/data/qbank
671M	/data/rcs-repo
4.0K	/data/server_settings.py
128K	/data/system-heartbeat
 

------------------------------------------------------------------------------------ 


Info-msg : No of directories and files in '/data/media/'. 

No of directories : 4002 

No of files       : 9629 

 

------------------------------------------------------------------------------------ 


Info-msg : uptime (uptime). 

 19:01:27 up 33 min,  0 users,  load average: 1.30, 1.07, 0.87
 

------------------------------------------------------------------------------------ 


Info-msg : current process (uptime). 

USER       PID %CPU %MEM    VSZ   RSS TTY      STAT START   TIME COMMAND
root         1  0.0  0.0   4456   768 ?        Ss   18:28   0:00 /bin/sh -c /home/docker/code/scripts/initialize.sh  | sed -e "s/^/$(date +%Y%m%d-%H%M%S) :  /"  2>&1 | tee -a ${LOG_INSTALL_DOCKER}
root         7  0.0  0.0  18000  2800 ?        S    18:28   0:00 /bin/bash /home/docker/code/scripts/initialize.sh
root        13  0.0  0.0  10996  1368 ?        S    18:28   0:00 sed -e s/^/20181113-182839 :  /
root        14  0.0  0.0   4360  1276 ?        S    18:28   0:00 tee -a /root/DockerLogs/$(DATE_LOG)-gsd-install.log
root        16 11.8  2.8 458084 229504 ?       Sl   18:28   3:53 mongod --config /home/docker/code/confs/mongod.conf
root        18  0.0  0.0  23664  2076 ?        Ss   18:28   0:00 /usr/sbin/cron
postgres    37  0.0  0.2 244856 19176 ?        S    18:28   0:00 /usr/lib/postgresql/9.3/bin/postgres -D /var/lib/postgresql/9.3/main -c config_file=/etc/postgresql/9.3/main/postgresql.conf
postgres   126  0.0  0.0 245000  5240 ?        Ss   18:28   0:00 postgres: checkpointer process                                                                                              
postgres   127  0.0  0.0 244856  4560 ?        Ss   18:28   0:00 postgres: writer process                                                                                                    
postgres   128  0.0  0.0 244856  3272 ?        Ss   18:28   0:00 postgres: wal writer process                                                                                                
postgres   129  0.0  0.0 245732  5948 ?        Ss   18:28   0:00 postgres: autovacuum launcher process                                                                                       
postgres   130  0.0  0.0 100692  3524 ?        Ss   18:28   0:00 postgres: stats collector process                                                                                           
root       184  0.0  0.0  25356  2756 ?        Ss   18:28   0:00 /usr/lib/postfix/master
postfix    189  0.0  0.0  27420  2860 ?        S    18:28   0:00 pickup -l -t unix -u -c
postfix    190  0.0  0.0  27468  2844 ?        S    18:28   0:00 qmgr -l -t unix -u
root       198  0.0  0.0  61388  3156 ?        Ss   18:28   0:00 /usr/sbin/sshd
memcache   205  0.0  0.1 332504  9708 ?        Sl   18:28   0:00 /usr/bin/memcached -m 64 -p 11211 -u memcache -l 127.0.0.1
rabbitmq   234  0.0  0.0   7512    88 ?        S    18:28   0:00 /usr/lib/erlang/erts-5.10.4/bin/epmd -daemon
rabbitmq   258  0.0  0.0   4456   740 ?        S    18:28   0:00 /bin/sh /usr/sbin/rabbitmq-server
rabbitmq   303  0.4  1.1 2303112 92732 ?       Sl   18:28   0:09 /usr/lib/erlang/erts-5.10.4/bin/beam.smp -W w -K true -A30 -P 1048576 -- -root /usr/lib/erlang -progname erl -- -home /var/lib/rabbitmq -- -pa /usr/lib/rabbitmq/lib/rabbitmq_server-3.2.4/sbin/../ebin -noshell -noinput -s rabbit boot -sname rabbit@clixserver -boot start_sasl -kernel inet_default_connect_options [{nodelay,true}] -sasl errlog_type error -sasl sasl_error_logger false -rabbit error_logger {file,"/var/log/rabbitmq/rabbit@clixserver.log"} -rabbit sasl_error_logger {file,"/var/log/rabbitmq/rabbit@clixserver-sasl.log"} -rabbit enabled_plugins_file "/etc/rabbitmq/enabled_plugins" -rabbit plugins_dir "/usr/lib/rabbitmq/lib/rabbitmq_server-3.2.4/sbin/../plugins" -rabbit plugins_expand_dir "/var/lib/rabbitmq/mnesia/rabbit@clixserver-plugins-expand" -os_mon start_cpu_sup false -os_mon start_disksup false -os_mon start_memsup false -mnesia dir "/var/lib/rabbitmq/mnesia/rabbit@clixserver"
root       339  0.1  0.6 186452 50168 ?        S    18:28   0:02 python manage.py celeryd -f /var/log/celeryd.log -l INFO
rabbitmq   401  0.0  0.0   7476   896 ?        Ss   18:29   0:00 inet_gethost 4
rabbitmq   402  0.0  0.0   9568  1568 ?        S    18:29   0:00 inet_gethost 4
root       415  0.0  0.1  33152  9860 ?        S    18:29   0:00 python -m smtpd -n -c DebuggingServer localhost:1025
root       418  0.0  0.6 859096 56512 ?        Sl   18:29   0:00 python main.py
root       423  0.0  0.5 185796 42496 ?        S    18:29   0:00 python manage.py celeryd -f /var/log/celeryd.log -l INFO
root       424  0.0  0.5 185796 42508 ?        S    18:29   0:00 python manage.py celeryd -f /var/log/celeryd.log -l INFO
root       425  0.0  0.5 185796 42480 ?        S    18:29   0:00 python manage.py celeryd -f /var/log/celeryd.log -l INFO
root       426  0.0  0.5 185796 42480 ?        S    18:29   0:00 python manage.py celeryd -f /var/log/celeryd.log -l INFO
root       428  0.0  0.2  52492 17004 ?        S    18:29   0:00 /usr/bin/python /usr/bin/supervisord -n
root       443  0.0  0.0  32536  6416 ?        S    18:29   0:00 nginx: master process /usr/sbin/nginx
root       444  0.0  0.2  63412 20532 ?        S    18:29   0:00 /usr/local/bin/uwsgi --ini /home/docker/code/confs/uwsgi.ini
www-data   445  0.0  0.0  33244  6640 ?        S    18:29   0:00 nginx: worker process
www-data   446  0.0  0.0  33260  6468 ?        S    18:29   0:00 nginx: worker process
www-data   447  0.0  0.0  33248  6644 ?        S    18:29   0:00 nginx: worker process
www-data   448  0.0  0.0  33676  6988 ?        S    18:29   0:01 nginx: worker process
root       449  0.1  1.2 278664 100016 ?       S    18:29   0:02 /usr/local/bin/uwsgi --ini /home/docker/code/confs/uwsgi.ini
root       450  0.0  1.0 266728 88044 ?        S    18:29   0:01 /usr/local/bin/uwsgi --ini /home/docker/code/confs/uwsgi.ini
root       451  0.2  1.2 281632 102988 ?       S    18:29   0:05 /usr/local/bin/uwsgi --ini /home/docker/code/confs/uwsgi.ini
root       452  0.8  1.3 283860 105244 ?       S    18:29   0:15 /usr/local/bin/uwsgi --ini /home/docker/code/confs/uwsgi.ini
root      2510  0.0  0.0  59648  3052 ?        S    19:01   0:00 /USR/SBIN/CRON
root      2511  0.0  0.0   4456   784 ?        Ss   19:01   0:00 /bin/sh -c /home/docker/code/scripts/system-heartbeat.sh  > /tmp/cron-system-heartbeat.log
root      2512  0.0  0.0   9588  2312 ?        S    19:01   0:00 /bin/bash /home/docker/code/scripts/system-heartbeat.sh
root      2513  0.0  0.0   9600  2628 ?        S    19:01   0:00 /bin/bash /home/docker/code/scripts/system-heartbeat.sh
root      2514  0.0  0.0   4360   648 ?        S    19:01   0:00 tee /data/system-heartbeat/system-heartbeat-20181113-190101.log
root      2556  0.0  0.0  15580  2156 ?        R    19:01   0:00 ps aux
 

------------------------------------------------------------------------------------ 


