Info-msg : Checking directory existence. 

/data/system-heartbeat/ directory exists
Info-msg : hostname of server (hostname). 

clixserver.tiss.edu
 

------------------------------------------------------------------------------------ 


Info-msg : internal ip addresses of the system (ip address). 

 

------------------------------------------------------------------------------------ 


Info-msg : external ip addresses of the system (public ip address). 


 

------------------------------------------------------------------------------------ 


Info-msg : RAM details (free -h). 

             total       used       free     shared    buffers     cached
Mem:          7.7G       1.3G       6.4G        18M        62M       515M
-/+ buffers/cache:       793M       6.9G
Swap:         7.6G         0B       7.6G
 

------------------------------------------------------------------------------------ 


Info-msg : HDD details (df -h). 

Filesystem      Size  Used Avail Use% Mounted on
overlay         908G   55G  807G   7% /
tmpfs            64M     0   64M   0% /dev
tmpfs           3.9G     0  3.9G   0% /sys/fs/cgroup
/dev/sda3       908G   55G  807G   7% /data
shm              64M     0   64M   0% /dev/shm
tmpfs           3.9G     0  3.9G   0% /proc/scsi
tmpfs           3.9G     0  3.9G   0% /sys/firmware
 

------------------------------------------------------------------------------------ 


Info-msg : Size description in '/data/'. 

8.0K	/data/2031018-mz18-activity-timestamp-csvs.tar.gz
48M	/data/2031018-mz18-assessment-media.tar.gz
4.0K	/data/2031018-mz18-gstudio_tools_logs.tar.gz
64K	/data/activity-timestamp-csvs
125M	/data/assessment-media
16K	/data/clixserver.tiss.edu
364M	/data/db
4.0K	/data/drop_database.sql
8.0K	/data/git-commit-details.log
4.0K	/data/gstudio-exported-users-analytics-csvs
80K	/data/gstudio-logs
8.0K	/data/local_settings.py
17G	/data/media
251M	/data/nginx-logs
504K	/data/pg_dump_all.sql
2.7M	/data/postgres-dump
4.4M	/data/qbank
671M	/data/rcs-repo
4.0K	/data/server_settings.py
92K	/data/system-heartbeat
 

------------------------------------------------------------------------------------ 


Info-msg : No of directories and files in '/data/media/'. 

No of directories : 4002 

No of files       : 9629 

 

------------------------------------------------------------------------------------ 


Info-msg : uptime (uptime). 

 10:01:09 up 2 min,  0 users,  load average: 1.24, 0.73, 0.29
 

------------------------------------------------------------------------------------ 


Info-msg : current process (uptime). 

USER       PID %CPU %MEM    VSZ   RSS TTY      STAT START   TIME COMMAND
root         1  0.0  0.0   4456   828 ?        Ss   09:59   0:00 /bin/sh -c /home/docker/code/scripts/initialize.sh  | sed -e "s/^/$(date +%Y%m%d-%H%M%S) :  /"  2>&1 | tee -a ${LOG_INSTALL_DOCKER}
root         7  0.0  0.0  18000  2860 ?        S    09:59   0:00 /bin/bash /home/docker/code/scripts/initialize.sh
root         8  0.0  0.0  10996  1328 ?        S    09:59   0:00 sed -e s/^/20180824-095952 :  /
root         9  0.0  0.0   4360  1264 ?        S    09:59   0:00 tee -a /root/DockerLogs/$(DATE_LOG)-gsd-install.log
root        16  4.4  1.0 252148 85008 ?        Sl   09:59   0:03 mongod --config /home/docker/code/confs/mongod.conf
root        18  0.0  0.0  23664  2072 ?        Ss   09:59   0:00 /usr/sbin/cron
postgres    37  0.0  0.2 244856 19268 ?        S    09:59   0:00 /usr/lib/postgresql/9.3/bin/postgres -D /var/lib/postgresql/9.3/main -c config_file=/etc/postgresql/9.3/main/postgresql.conf
postgres    66  0.0  0.0 244856  3272 ?        Ss   09:59   0:00 postgres: checkpointer process                                                                                              
postgres    67  0.0  0.0 244856  4368 ?        Ss   09:59   0:00 postgres: writer process                                                                                                    
postgres    68  0.0  0.0 244856  3272 ?        Ss   09:59   0:00 postgres: wal writer process                                                                                                
postgres    69  0.0  0.0 245732  5784 ?        Ss   09:59   0:00 postgres: autovacuum launcher process                                                                                       
postgres    70  0.0  0.0 100668  3480 ?        Ss   09:59   0:00 postgres: stats collector process                                                                                           
root       173  0.0  0.0  25356  2860 ?        Ss   10:00   0:00 /usr/lib/postfix/master
postfix    178  0.0  0.0  27420  2760 ?        S    10:00   0:00 pickup -l -t unix -u -c
postfix    179  0.0  0.0  27468  2920 ?        S    10:00   0:00 qmgr -l -t unix -u
root       187  0.0  0.0  61388  3180 ?        Ss   10:00   0:00 /usr/sbin/sshd
memcache   194  0.0  0.0  63264  2564 ?        Sl   10:00   0:00 /usr/bin/memcached -m 64 -p 11211 -u memcache -l 127.0.0.1
rabbitmq   223  0.0  0.0   7512    92 ?        S    10:00   0:00 /usr/lib/erlang/erts-5.10.4/bin/epmd -daemon
rabbitmq   247  0.3  0.0   4456   680 ?        S    10:00   0:00 /bin/sh /usr/sbin/rabbitmq-server
rabbitmq   292  1.8  1.1 2303624 92668 ?       Sl   10:00   0:01 /usr/lib/erlang/erts-5.10.4/bin/beam.smp -W w -K true -A30 -P 1048576 -- -root /usr/lib/erlang -progname erl -- -home /var/lib/rabbitmq -- -pa /usr/lib/rabbitmq/lib/rabbitmq_server-3.2.4/sbin/../ebin -noshell -noinput -s rabbit boot -sname rabbit@clixserver -boot start_sasl -kernel inet_default_connect_options [{nodelay,true}] -sasl errlog_type error -sasl sasl_error_logger false -rabbit error_logger {file,"/var/log/rabbitmq/rabbit@clixserver.log"} -rabbit sasl_error_logger {file,"/var/log/rabbitmq/rabbit@clixserver-sasl.log"} -rabbit enabled_plugins_file "/etc/rabbitmq/enabled_plugins" -rabbit plugins_dir "/usr/lib/rabbitmq/lib/rabbitmq_server-3.2.4/sbin/../plugins" -rabbit plugins_expand_dir "/var/lib/rabbitmq/mnesia/rabbit@clixserver-plugins-expand" -os_mon start_cpu_sup false -os_mon start_disksup false -os_mon start_memsup false -mnesia dir "/var/lib/rabbitmq/mnesia/rabbit@clixserver"
root       329  1.3  0.6 186432 50060 ?        S    10:00   0:00 python manage.py celeryd -f /var/log/celeryd.log -l INFO
rabbitmq   390  0.4  0.0   7476   944 ?        Ss   10:00   0:00 inet_gethost 4
rabbitmq   391  0.0  0.0   9568  1688 ?        S    10:00   0:00 inet_gethost 4
root       404  0.0  0.1  33152  9936 ?        S    10:00   0:00 python -m smtpd -n -c DebuggingServer localhost:1025
root       407  0.7  0.7 859096 56660 ?        Sl   10:00   0:00 python main.py
root       409  0.0  0.5 185784 42492 ?        S    10:00   0:00 python manage.py celeryd -f /var/log/celeryd.log -l INFO
root       410  0.0  0.5 185780 42500 ?        S    10:00   0:00 python manage.py celeryd -f /var/log/celeryd.log -l INFO
root       411  0.0  0.5 185780 42500 ?        S    10:00   0:00 python manage.py celeryd -f /var/log/celeryd.log -l INFO
root       412  0.0  0.5 185780 42508 ?        S    10:00   0:00 python manage.py celeryd -f /var/log/celeryd.log -l INFO
root       417  0.1  0.2  52492 16964 ?        S    10:00   0:00 /usr/bin/python /usr/bin/supervisord -n
root       432  0.0  0.0  32536  6492 ?        S    10:00   0:00 nginx: master process /usr/sbin/nginx
root       433  0.1  0.2  63412 20516 ?        S    10:00   0:00 /usr/local/bin/uwsgi --ini /home/docker/code/confs/uwsgi.ini
www-data   434  0.0  0.0  32908  3948 ?        S    10:00   0:00 nginx: worker process
www-data   435  0.0  0.0  32908  3948 ?        S    10:00   0:00 nginx: worker process
www-data   436  0.0  0.0  32908  3948 ?        S    10:00   0:00 nginx: worker process
www-data   437  0.0  0.0  32908  3948 ?        S    10:00   0:00 nginx: worker process
root       438  0.0  0.1  63412 15752 ?        S    10:00   0:00 /usr/local/bin/uwsgi --ini /home/docker/code/confs/uwsgi.ini
root       439  0.0  0.1  63412 15752 ?        S    10:00   0:00 /usr/local/bin/uwsgi --ini /home/docker/code/confs/uwsgi.ini
root       440  0.0  0.1  63412 15752 ?        S    10:00   0:00 /usr/local/bin/uwsgi --ini /home/docker/code/confs/uwsgi.ini
root       441  0.0  0.1  63412 15752 ?        S    10:00   0:00 /usr/local/bin/uwsgi --ini /home/docker/code/confs/uwsgi.ini
root       453  0.0  0.0  59648  2996 ?        S    10:01   0:00 /USR/SBIN/CRON
root       454  0.0  0.0   4456   760 ?        Ss   10:01   0:00 /bin/sh -c /home/docker/code/scripts/system-heartbeat.sh  > /tmp/cron-system-heartbeat.log
root       455  0.0  0.0   9588  2320 ?        S    10:01   0:00 /bin/bash /home/docker/code/scripts/system-heartbeat.sh
root       456  0.0  0.0   9600  2576 ?        S    10:01   0:00 /bin/bash /home/docker/code/scripts/system-heartbeat.sh
root       457  0.0  0.0   4360   660 ?        S    10:01   0:00 tee /data/system-heartbeat/system-heartbeat-20180824-100101.log
root       480  0.0  0.0  15580  2068 ?        R    10:01   0:00 ps aux
 

------------------------------------------------------------------------------------ 


