Info-msg : Checking directory existence. 

/data/system-heartbeat/ directory exists
Info-msg : hostname of server (hostname). 

clixserver.tiss.edu
 

------------------------------------------------------------------------------------ 


Info-msg : internal ip addresses of the system (ip address). 

 

------------------------------------------------------------------------------------ 


Info-msg : external ip addresses of the system (public ip address). 


 

------------------------------------------------------------------------------------ 


Info-msg : RAM details (free -h). 

             total       used       free     shared    buffers     cached
Mem:          7.7G       2.4G       5.3G        19M       408M       642M
-/+ buffers/cache:       1.4G       6.3G
Swap:         7.6G         0B       7.6G
 

------------------------------------------------------------------------------------ 


Info-msg : HDD details (df -h). 

Filesystem      Size  Used Avail Use% Mounted on
overlay         908G   55G  807G   7% /
tmpfs            64M     0   64M   0% /dev
tmpfs           3.9G     0  3.9G   0% /sys/fs/cgroup
/dev/sda3       908G   55G  807G   7% /data
shm              64M     0   64M   0% /dev/shm
tmpfs           3.9G     0  3.9G   0% /proc/scsi
tmpfs           3.9G     0  3.9G   0% /sys/firmware
 

------------------------------------------------------------------------------------ 


Info-msg : Size description in '/data/'. 

8.0K	/data/2031018-mz18-activity-timestamp-csvs.tar.gz
44M	/data/2031018-mz18-assessment-media.tar.gz
4.0K	/data/2031018-mz18-gstudio_tools_logs.tar.gz
64K	/data/activity-timestamp-csvs
114M	/data/assessment-media
16K	/data/clixserver.tiss.edu
362M	/data/db
4.0K	/data/drop_database.sql
8.0K	/data/git-commit-details.log
4.0K	/data/gstudio-exported-users-analytics-csvs
36K	/data/gstudio-logs
8.0K	/data/local_settings.py
17G	/data/media
129M	/data/nginx-logs
504K	/data/pg_dump_all.sql
2.7M	/data/postgres-dump
2.6M	/data/qbank
670M	/data/rcs-repo
4.0K	/data/server_settings.py
44K	/data/system-heartbeat
 

------------------------------------------------------------------------------------ 


Info-msg : No of directories and files in '/data/media/'. 

No of directories : 4002 

No of files       : 9629 

 

------------------------------------------------------------------------------------ 


Info-msg : uptime (uptime). 

 14:01:07 up 19 min,  0 users,  load average: 0.20, 0.14, 0.17
 

------------------------------------------------------------------------------------ 


Info-msg : current process (uptime). 

USER       PID %CPU %MEM    VSZ   RSS TTY      STAT START   TIME COMMAND
root         1  0.0  0.0   4456   720 ?        Ss   13:42   0:00 /bin/sh -c /home/docker/code/scripts/initialize.sh  | sed -e "s/^/$(date +%Y%m%d-%H%M%S) :  /"  2>&1 | tee -a ${LOG_INSTALL_DOCKER}
root         6  0.0  0.0  18000  2856 ?        S    13:42   0:00 /bin/bash /home/docker/code/scripts/initialize.sh
root        12  0.0  0.0  10996  1396 ?        S    13:42   0:00 sed -e s/^/20180705-134258 :  /
root        13  0.0  0.0   4360  1440 ?        S    13:42   0:00 tee -a /root/DockerLogs/$(DATE_LOG)-gsd-install.log
root        15  8.8  2.4 408460 197096 ?       Sl   13:42   1:36 mongod --config /home/docker/code/confs/mongod.conf
root        17  0.0  0.0  23664  2120 ?        Ss   13:42   0:00 /usr/sbin/cron
postgres    36  0.0  0.2 244856 19172 ?        S    13:43   0:00 /usr/lib/postgresql/9.3/bin/postgres -D /var/lib/postgresql/9.3/main -c config_file=/etc/postgresql/9.3/main/postgresql.conf
postgres    65  0.0  0.0 244992  5620 ?        Ss   13:43   0:00 postgres: checkpointer process                                                                                              
postgres    66  0.0  0.0 244856  4560 ?        Ss   13:43   0:00 postgres: writer process                                                                                                    
postgres    67  0.0  0.0 244856  3368 ?        Ss   13:43   0:00 postgres: wal writer process                                                                                                
postgres    68  0.0  0.0 245732  5932 ?        Ss   13:43   0:00 postgres: autovacuum launcher process                                                                                       
postgres    69  0.0  0.0 100668  3696 ?        Ss   13:43   0:00 postgres: stats collector process                                                                                           
root       170  0.0  0.0  25356  2808 ?        Ss   13:43   0:00 /usr/lib/postfix/master
postfix    175  0.0  0.0  27420  2820 ?        S    13:43   0:00 pickup -l -t unix -u -c
postfix    176  0.0  0.0  27468  2876 ?        S    13:43   0:00 qmgr -l -t unix -u
root       184  0.0  0.0  61388  3044 ?        Ss   13:43   0:00 /usr/sbin/sshd
memcache   191  0.0  0.1 331484  8624 ?        Sl   13:43   0:00 /usr/bin/memcached -m 64 -p 11211 -u memcache -l 127.0.0.1
rabbitmq   220  0.0  0.0   7512    92 ?        S    13:43   0:00 /usr/lib/erlang/erts-5.10.4/bin/epmd -daemon
rabbitmq   247  0.0  0.0   4456   784 ?        S    13:43   0:00 /bin/sh /usr/sbin/rabbitmq-server
rabbitmq   291  0.6  1.1 2302856 92620 ?       Sl   13:43   0:06 /usr/lib/erlang/erts-5.10.4/bin/beam.smp -W w -K true -A30 -P 1048576 -- -root /usr/lib/erlang -progname erl -- -home /var/lib/rabbitmq -- -pa /usr/lib/rabbitmq/lib/rabbitmq_server-3.2.4/sbin/../ebin -noshell -noinput -s rabbit boot -sname rabbit@clixserver -boot start_sasl -kernel inet_default_connect_options [{nodelay,true}] -sasl errlog_type error -sasl sasl_error_logger false -rabbit error_logger {file,"/var/log/rabbitmq/rabbit@clixserver.log"} -rabbit sasl_error_logger {file,"/var/log/rabbitmq/rabbit@clixserver-sasl.log"} -rabbit enabled_plugins_file "/etc/rabbitmq/enabled_plugins" -rabbit plugins_dir "/usr/lib/rabbitmq/lib/rabbitmq_server-3.2.4/sbin/../plugins" -rabbit plugins_expand_dir "/var/lib/rabbitmq/mnesia/rabbit@clixserver-plugins-expand" -os_mon start_cpu_sup false -os_mon start_disksup false -os_mon start_memsup false -mnesia dir "/var/lib/rabbitmq/mnesia/rabbit@clixserver"
rabbitmq   378  0.0  0.0   7476   944 ?        Ss   13:43   0:00 inet_gethost 4
rabbitmq   379  0.0  0.0   9568  1688 ?        S    13:43   0:00 inet_gethost 4
root       381  0.1  0.6 186432 50192 ?        S    13:43   0:02 python manage.py celeryd -f /var/log/celeryd.log -l INFO
root       404  0.0  0.1  33152  9920 ?        S    13:43   0:00 python -m smtpd -n -c DebuggingServer localhost:1025
root       407  0.0  0.7 859096 56688 ?        Sl   13:43   0:00 python main.py
root       409  0.0  0.5 185784 42504 ?        S    13:43   0:00 python manage.py celeryd -f /var/log/celeryd.log -l INFO
root       410  0.0  0.5 185780 42512 ?        S    13:43   0:00 python manage.py celeryd -f /var/log/celeryd.log -l INFO
root       411  0.0  0.5 185780 42512 ?        S    13:43   0:00 python manage.py celeryd -f /var/log/celeryd.log -l INFO
root       412  0.0  0.5 185780 42520 ?        S    13:43   0:00 python manage.py celeryd -f /var/log/celeryd.log -l INFO
root       417  0.0  0.2  52492 17020 ?        S    13:43   0:00 /usr/bin/python /usr/bin/supervisord -n
root       432  0.0  0.0  32536  6492 ?        S    13:43   0:00 nginx: master process /usr/sbin/nginx
root       433  0.0  0.2  63412 20528 ?        S    13:43   0:00 /usr/local/bin/uwsgi --ini /home/docker/code/confs/uwsgi.ini
www-data   434  0.0  0.0  33248  6736 ?        S    13:43   0:00 nginx: worker process
www-data   435  0.0  0.0  33244  6784 ?        S    13:43   0:00 nginx: worker process
www-data   436  0.0  0.0  33448  6820 ?        S    13:43   0:00 nginx: worker process
www-data   437  0.0  0.0  33308  6564 ?        S    13:43   0:00 nginx: worker process
root       438  0.0  1.0 265116 86132 ?        S    13:43   0:01 /usr/local/bin/uwsgi --ini /home/docker/code/confs/uwsgi.ini
root       439  0.0  1.0 263024 84412 ?        S    13:43   0:00 /usr/local/bin/uwsgi --ini /home/docker/code/confs/uwsgi.ini
root       440  0.1  1.2 281652 103036 ?       S    13:43   0:01 /usr/local/bin/uwsgi --ini /home/docker/code/confs/uwsgi.ini
root       441  0.3  1.2 279972 101204 ?       S    13:43   0:03 /usr/local/bin/uwsgi --ini /home/docker/code/confs/uwsgi.ini
root       902  0.0  0.0  59648  3048 ?        S    14:01   0:00 /USR/SBIN/CRON
root       903  0.0  0.0   4456   688 ?        Ss   14:01   0:00 /bin/sh -c /home/docker/code/scripts/system-heartbeat.sh  > /tmp/cron-system-heartbeat.log
root       904  0.0  0.0   9588  2308 ?        S    14:01   0:00 /bin/bash /home/docker/code/scripts/system-heartbeat.sh
root       905  0.0  0.0   9600  2620 ?        S    14:01   0:00 /bin/bash /home/docker/code/scripts/system-heartbeat.sh
root       906  0.0  0.0   4360   652 ?        S    14:01   0:00 tee /data/system-heartbeat/system-heartbeat-20180705-140101.log
root       928  0.0  0.0  15580  2196 ?        R    14:01   0:00 ps aux
 

------------------------------------------------------------------------------------ 


