Info-msg : Checking directory existence. 

/data/system-heartbeat/ directory exists
Info-msg : hostname of server (hostname). 

clixserver.tiss.edu
 

------------------------------------------------------------------------------------ 


Info-msg : internal ip addresses of the system (ip address). 

 

------------------------------------------------------------------------------------ 


Info-msg : external ip addresses of the system (public ip address). 


 

------------------------------------------------------------------------------------ 


Info-msg : RAM details (free -h). 

             total       used       free     shared    buffers     cached
Mem:          7.7G       2.6G       5.2G        26M       515M       862M
-/+ buffers/cache:       1.2G       6.5G
Swap:         7.6G         0B       7.6G
 

------------------------------------------------------------------------------------ 


Info-msg : HDD details (df -h). 

Filesystem      Size  Used Avail Use% Mounted on
overlay         908G   55G  807G   7% /
tmpfs            64M     0   64M   0% /dev
tmpfs           3.9G     0  3.9G   0% /sys/fs/cgroup
/dev/sda3       908G   55G  807G   7% /data
shm              64M     0   64M   0% /dev/shm
tmpfs           3.9G     0  3.9G   0% /proc/scsi
tmpfs           3.9G     0  3.9G   0% /sys/firmware
 

------------------------------------------------------------------------------------ 


Info-msg : Size description in '/data/'. 

8.0K	/data/2031018-mz18-activity-timestamp-csvs.tar.gz
48M	/data/2031018-mz18-assessment-media.tar.gz
4.0K	/data/2031018-mz18-gstudio_tools_logs.tar.gz
64K	/data/activity-timestamp-csvs
125M	/data/assessment-media
16K	/data/clixserver.tiss.edu
366M	/data/db
4.0K	/data/drop_database.sql
8.0K	/data/git-commit-details.log
4.0K	/data/gstudio-exported-users-analytics-csvs
460K	/data/gstudio-logs
8.0K	/data/local_settings.py
17G	/data/media
251M	/data/nginx-logs
504K	/data/pg_dump_all.sql
2.7M	/data/postgres-dump
3.3M	/data/qbank
671M	/data/rcs-repo
4.0K	/data/server_settings.py
512K	/data/system-heartbeat
 

------------------------------------------------------------------------------------ 


Info-msg : No of directories and files in '/data/media/'. 

No of directories : 4002 

No of files       : 9629 

 

------------------------------------------------------------------------------------ 


Info-msg : uptime (uptime). 

 11:01:02 up  1:35,  0 users,  load average: 0.04, 0.07, 0.08
 

------------------------------------------------------------------------------------ 


Info-msg : current process (uptime). 

USER       PID %CPU %MEM    VSZ   RSS TTY      STAT START   TIME COMMAND
root         1  0.0  0.0   4456   684 ?        Ss   09:26   0:00 /bin/sh -c /home/docker/code/scripts/initialize.sh  | sed -e "s/^/$(date +%Y%m%d-%H%M%S) :  /"  2>&1 | tee -a ${LOG_INSTALL_DOCKER}
root         7  0.0  0.0  18000  2860 ?        S    09:26   0:00 /bin/bash /home/docker/code/scripts/initialize.sh
root         8  0.0  0.0  10996  1388 ?        S    09:26   0:00 sed -e s/^/20181109-092630 :  /
root         9  0.0  0.0   4360  1292 ?        S    09:26   0:00 tee -a /root/DockerLogs/$(DATE_LOG)-gsd-install.log
root        16  5.3  2.3 371556 188904 ?       Sl   09:26   5:05 mongod --config /home/docker/code/confs/mongod.conf
root        18  0.0  0.0  23664  2156 ?        Ss   09:26   0:00 /usr/sbin/cron
postgres    37  0.0  0.2 244856 19300 ?        S    09:26   0:00 /usr/lib/postgresql/9.3/bin/postgres -D /var/lib/postgresql/9.3/main -c config_file=/etc/postgresql/9.3/main/postgresql.conf
postgres    64  0.0  0.0 244856  3332 ?        Ss   09:26   0:00 postgres: checkpointer process                                                                                              
postgres    65  0.0  0.0 244856  4668 ?        Ss   09:26   0:00 postgres: writer process                                                                                                    
postgres    66  0.0  0.0 244856  3332 ?        Ss   09:26   0:00 postgres: wal writer process                                                                                                
postgres    67  0.0  0.0 245732  6132 ?        Ss   09:26   0:00 postgres: autovacuum launcher process                                                                                       
postgres    68  0.0  0.0 100820  3644 ?        Ss   09:26   0:00 postgres: stats collector process                                                                                           
root       171  0.0  0.0  25356  3000 ?        Ss   09:26   0:00 /usr/lib/postfix/master
postfix    176  0.0  0.0  27420  2880 ?        S    09:26   0:00 pickup -l -t unix -u -c
postfix    177  0.0  0.0  27468  2896 ?        S    09:26   0:00 qmgr -l -t unix -u
root       185  0.0  0.0  61388  3064 ?        Ss   09:26   0:00 /usr/sbin/sshd
memcache   192  0.0  0.0 131876  6032 ?        Sl   09:26   0:00 /usr/bin/memcached -m 64 -p 11211 -u memcache -l 127.0.0.1
rabbitmq   221  0.0  0.0   7512    92 ?        S    09:26   0:00 /usr/lib/erlang/erts-5.10.4/bin/epmd -daemon
rabbitmq   245  0.0  0.0   4456   780 ?        S    09:26   0:00 /bin/sh /usr/sbin/rabbitmq-server
rabbitmq   290  0.6  1.1 2303112 92844 ?       Sl   09:26   0:35 /usr/lib/erlang/erts-5.10.4/bin/beam.smp -W w -K true -A30 -P 1048576 -- -root /usr/lib/erlang -progname erl -- -home /var/lib/rabbitmq -- -pa /usr/lib/rabbitmq/lib/rabbitmq_server-3.2.4/sbin/../ebin -noshell -noinput -s rabbit boot -sname rabbit@clixserver -boot start_sasl -kernel inet_default_connect_options [{nodelay,true}] -sasl errlog_type error -sasl sasl_error_logger false -rabbit error_logger {file,"/var/log/rabbitmq/rabbit@clixserver.log"} -rabbit sasl_error_logger {file,"/var/log/rabbitmq/rabbit@clixserver-sasl.log"} -rabbit enabled_plugins_file "/etc/rabbitmq/enabled_plugins" -rabbit plugins_dir "/usr/lib/rabbitmq/lib/rabbitmq_server-3.2.4/sbin/../plugins" -rabbit plugins_expand_dir "/var/lib/rabbitmq/mnesia/rabbit@clixserver-plugins-expand" -os_mon start_cpu_sup false -os_mon start_disksup false -os_mon start_memsup false -mnesia dir "/var/lib/rabbitmq/mnesia/rabbit@clixserver"
root       376  0.1  0.6 186432 50136 ?        S    09:26   0:07 python manage.py celeryd -f /var/log/celeryd.log -l INFO
rabbitmq   383  0.0  0.0   7476   972 ?        Ss   09:26   0:00 inet_gethost 4
rabbitmq   392  0.0  0.0   9568  1612 ?        S    09:26   0:00 inet_gethost 4
root       405  0.0  0.1  33152 10016 ?        S    09:26   0:00 python -m smtpd -n -c DebuggingServer localhost:1025
root       408  0.0  0.6 859096 56536 ?        Sl   09:26   0:01 python main.py
root       413  0.0  0.5 185784 42504 ?        S    09:26   0:00 python manage.py celeryd -f /var/log/celeryd.log -l INFO
root       414  0.0  0.5 185780 42512 ?        S    09:26   0:00 python manage.py celeryd -f /var/log/celeryd.log -l INFO
root       415  0.0  0.5 185780 42512 ?        S    09:26   0:00 python manage.py celeryd -f /var/log/celeryd.log -l INFO
root       416  0.0  0.5 185780 42520 ?        S    09:26   0:00 python manage.py celeryd -f /var/log/celeryd.log -l INFO
root       418  0.0  0.2  52492 17108 ?        S    09:26   0:01 /usr/bin/python /usr/bin/supervisord -n
root       433  0.0  0.0  32536  6564 ?        S    09:26   0:00 nginx: master process /usr/sbin/nginx
root       434  0.0  0.2  63412 20516 ?        S    09:26   0:00 /usr/local/bin/uwsgi --ini /home/docker/code/confs/uwsgi.ini
www-data   435  0.0  0.0  32908  3888 ?        S    09:26   0:00 nginx: worker process
www-data   436  0.0  0.0  32908  3888 ?        S    09:26   0:00 nginx: worker process
www-data   437  0.0  0.0  32908  3888 ?        S    09:26   0:00 nginx: worker process
www-data   438  0.0  0.0  32908  3888 ?        S    09:26   0:00 nginx: worker process
root       439  0.0  0.1  63412 15876 ?        S    09:26   0:00 /usr/local/bin/uwsgi --ini /home/docker/code/confs/uwsgi.ini
root       440  0.0  0.1  63412 15876 ?        S    09:26   0:00 /usr/local/bin/uwsgi --ini /home/docker/code/confs/uwsgi.ini
root       441  0.0  0.1  63412 15876 ?        S    09:26   0:00 /usr/local/bin/uwsgi --ini /home/docker/code/confs/uwsgi.ini
root       442  0.0  0.1  63412 15876 ?        S    09:26   0:00 /usr/local/bin/uwsgi --ini /home/docker/code/confs/uwsgi.ini
root      2112  0.0  0.0  59648  2980 ?        S    11:01   0:00 /USR/SBIN/CRON
root      2113  0.0  0.0   4456   780 ?        Ss   11:01   0:00 /bin/sh -c /home/docker/code/scripts/system-heartbeat.sh  > /tmp/cron-system-heartbeat.log
root      2114  0.0  0.0   9588  2300 ?        S    11:01   0:00 /bin/bash /home/docker/code/scripts/system-heartbeat.sh
root      2115  0.0  0.0   9600  2536 ?        S    11:01   0:00 /bin/bash /home/docker/code/scripts/system-heartbeat.sh
root      2116  0.0  0.0   4360   676 ?        S    11:01   0:00 tee /data/system-heartbeat/system-heartbeat-20181109-110101.log
root      2137  0.0  0.0  15580  2204 ?        R    11:01   0:00 ps aux
 

------------------------------------------------------------------------------------ 


