Info-msg : Checking directory existence. 

/data/system-heartbeat/ directory exists
Info-msg : hostname of server (hostname). 

clixserver.tiss.edu
 

------------------------------------------------------------------------------------ 


Info-msg : internal ip addresses of the system (ip address). 

 

------------------------------------------------------------------------------------ 


Info-msg : external ip addresses of the system (public ip address). 


 

------------------------------------------------------------------------------------ 


Info-msg : RAM details (free -h). 

             total       used       free     shared    buffers     cached
Mem:          7.7G       2.5G       5.2G        19M       412M       660M
-/+ buffers/cache:       1.5G       6.3G
Swap:         7.6G         0B       7.6G
 

------------------------------------------------------------------------------------ 


Info-msg : HDD details (df -h). 

Filesystem      Size  Used Avail Use% Mounted on
overlay         908G   55G  807G   7% /
tmpfs            64M     0   64M   0% /dev
tmpfs           3.9G     0  3.9G   0% /sys/fs/cgroup
/dev/sda3       908G   55G  807G   7% /data
shm              64M     0   64M   0% /dev/shm
tmpfs           3.9G     0  3.9G   0% /proc/scsi
tmpfs           3.9G     0  3.9G   0% /sys/firmware
 

------------------------------------------------------------------------------------ 


Info-msg : Size description in '/data/'. 

8.0K	/data/2031018-mz18-activity-timestamp-csvs.tar.gz
44M	/data/2031018-mz18-assessment-media.tar.gz
4.0K	/data/2031018-mz18-gstudio_tools_logs.tar.gz
64K	/data/activity-timestamp-csvs
114M	/data/assessment-media
16K	/data/clixserver.tiss.edu
363M	/data/db
4.0K	/data/drop_database.sql
8.0K	/data/git-commit-details.log
4.0K	/data/gstudio-exported-users-analytics-csvs
44K	/data/gstudio-logs
8.0K	/data/local_settings.py
17G	/data/media
186M	/data/nginx-logs
504K	/data/pg_dump_all.sql
2.7M	/data/postgres-dump
4.0M	/data/qbank
671M	/data/rcs-repo
4.0K	/data/server_settings.py
56K	/data/system-heartbeat
 

------------------------------------------------------------------------------------ 


Info-msg : No of directories and files in '/data/media/'. 

No of directories : 4002 

No of files       : 9629 

 

------------------------------------------------------------------------------------ 


Info-msg : uptime (uptime). 

 12:01:08 up 30 min,  0 users,  load average: 0.18, 0.13, 0.18
 

------------------------------------------------------------------------------------ 


Info-msg : current process (uptime). 

USER       PID %CPU %MEM    VSZ   RSS TTY      STAT START   TIME COMMAND
root         1  0.0  0.0   4456   744 ?        Ss   11:31   0:00 /bin/sh -c /home/docker/code/scripts/initialize.sh  | sed -e "s/^/$(date +%Y%m%d-%H%M%S) :  /"  2>&1 | tee -a ${LOG_INSTALL_DOCKER}
root         7  0.0  0.0  18000  2840 ?        S    11:31   0:00 /bin/bash /home/docker/code/scripts/initialize.sh
root         8  0.0  0.0  10996  1512 ?        S    11:31   0:00 sed -e s/^/20180710-113154 :  /
root        10  0.0  0.0   4360  1320 ?        S    11:31   0:00 tee -a /root/DockerLogs/$(DATE_LOG)-gsd-install.log
root        16  7.4  2.7 430668 220544 ?       Sl   11:31   2:11 mongod --config /home/docker/code/confs/mongod.conf
root        18  0.0  0.0  23664  2124 ?        Ss   11:31   0:00 /usr/sbin/cron
postgres    37  0.0  0.2 244856 19300 ?        S    11:32   0:00 /usr/lib/postgresql/9.3/bin/postgres -D /var/lib/postgresql/9.3/main -c config_file=/etc/postgresql/9.3/main/postgresql.conf
postgres    67  0.0  0.0 244992  5484 ?        Ss   11:32   0:00 postgres: checkpointer process                                                                                              
postgres    68  0.0  0.0 244856  4700 ?        Ss   11:32   0:00 postgres: writer process                                                                                                    
postgres    69  0.0  0.0 244856  3380 ?        Ss   11:32   0:00 postgres: wal writer process                                                                                                
postgres    70  0.0  0.0 245732  6300 ?        Ss   11:32   0:00 postgres: autovacuum launcher process                                                                                       
postgres    71  0.0  0.0 100668  3564 ?        Ss   11:32   0:00 postgres: stats collector process                                                                                           
root       174  0.0  0.0  25356  2824 ?        Ss   11:32   0:00 /usr/lib/postfix/master
postfix    179  0.0  0.0  27420  2776 ?        S    11:32   0:00 pickup -l -t unix -u -c
postfix    180  0.0  0.0  27468  2864 ?        S    11:32   0:00 qmgr -l -t unix -u
root       188  0.0  0.0  61388  3116 ?        Ss   11:32   0:00 /usr/sbin/sshd
memcache   195  0.0  0.1 338644 15756 ?        Sl   11:32   0:00 /usr/bin/memcached -m 64 -p 11211 -u memcache -l 127.0.0.1
rabbitmq   224  0.0  0.0   7512    88 ?        S    11:32   0:00 /usr/lib/erlang/erts-5.10.4/bin/epmd -daemon
rabbitmq   248  0.0  0.0   4456   740 ?        S    11:32   0:00 /bin/sh /usr/sbin/rabbitmq-server
rabbitmq   293  0.6  1.1 2303624 93168 ?       Sl   11:32   0:11 /usr/lib/erlang/erts-5.10.4/bin/beam.smp -W w -K true -A30 -P 1048576 -- -root /usr/lib/erlang -progname erl -- -home /var/lib/rabbitmq -- -pa /usr/lib/rabbitmq/lib/rabbitmq_server-3.2.4/sbin/../ebin -noshell -noinput -s rabbit boot -sname rabbit@clixserver -boot start_sasl -kernel inet_default_connect_options [{nodelay,true}] -sasl errlog_type error -sasl sasl_error_logger false -rabbit error_logger {file,"/var/log/rabbitmq/rabbit@clixserver.log"} -rabbit sasl_error_logger {file,"/var/log/rabbitmq/rabbit@clixserver-sasl.log"} -rabbit enabled_plugins_file "/etc/rabbitmq/enabled_plugins" -rabbit plugins_dir "/usr/lib/rabbitmq/lib/rabbitmq_server-3.2.4/sbin/../plugins" -rabbit plugins_expand_dir "/var/lib/rabbitmq/mnesia/rabbit@clixserver-plugins-expand" -os_mon start_cpu_sup false -os_mon start_disksup false -os_mon start_memsup false -mnesia dir "/var/lib/rabbitmq/mnesia/rabbit@clixserver"
root       330  0.1  0.6 186432 50156 ?        S    11:32   0:02 python manage.py celeryd -f /var/log/celeryd.log -l INFO
rabbitmq   391  0.0  0.0   7476   896 ?        Ss   11:32   0:00 inet_gethost 4
rabbitmq   392  0.0  0.0   9568  1568 ?        S    11:32   0:00 inet_gethost 4
root       405  0.0  0.1  33152  9876 ?        S    11:32   0:00 python -m smtpd -n -c DebuggingServer localhost:1025
root       408  0.4  1.1 882692 93064 ?        Sl   11:32   0:07 python main.py
root       413  0.0  0.5 185784 42500 ?        S    11:32   0:00 python manage.py celeryd -f /var/log/celeryd.log -l INFO
root       414  0.0  0.5 185780 42508 ?        S    11:32   0:00 python manage.py celeryd -f /var/log/celeryd.log -l INFO
root       415  0.0  0.5 185780 42508 ?        S    11:32   0:00 python manage.py celeryd -f /var/log/celeryd.log -l INFO
root       416  0.0  0.5 185780 42516 ?        S    11:32   0:00 python manage.py celeryd -f /var/log/celeryd.log -l INFO
root       418  0.0  0.2  52492 16988 ?        S    11:32   0:00 /usr/bin/python /usr/bin/supervisord -n
root       433  0.0  0.0  32536  6508 ?        S    11:32   0:00 nginx: master process /usr/sbin/nginx
root       434  0.0  0.2  63412 20532 ?        S    11:32   0:00 /usr/local/bin/uwsgi --ini /home/docker/code/confs/uwsgi.ini
www-data   435  0.0  0.0  33052  6368 ?        S    11:32   0:00 nginx: worker process
www-data   436  0.0  0.0  33244  6372 ?        S    11:32   0:00 nginx: worker process
www-data   437  0.0  0.0  33244  6620 ?        S    11:32   0:00 nginx: worker process
www-data   438  0.0  0.0  33308  6416 ?        S    11:32   0:00 nginx: worker process
root       439  0.0  1.1 268484 89636 ?        S    11:32   0:00 /usr/local/bin/uwsgi --ini /home/docker/code/confs/uwsgi.ini
root       440  0.0  1.0 265808 86880 ?        S    11:32   0:00 /usr/local/bin/uwsgi --ini /home/docker/code/confs/uwsgi.ini
root       441  0.0  1.2 276264 97400 ?        S    11:32   0:01 /usr/local/bin/uwsgi --ini /home/docker/code/confs/uwsgi.ini
root       442  0.2  1.2 277932 99132 ?        S    11:32   0:03 /usr/local/bin/uwsgi --ini /home/docker/code/confs/uwsgi.ini
root      1688  0.0  0.0  59648  3068 ?        S    12:01   0:00 /USR/SBIN/CRON
root      1689  0.0  0.0   4456   764 ?        Ss   12:01   0:00 /bin/sh -c /home/docker/code/scripts/system-heartbeat.sh  > /tmp/cron-system-heartbeat.log
root      1690  0.0  0.0   9588  2340 ?        S    12:01   0:00 /bin/bash /home/docker/code/scripts/system-heartbeat.sh
root      1691  0.0  0.0   9600  2472 ?        S    12:01   0:00 /bin/bash /home/docker/code/scripts/system-heartbeat.sh
root      1692  0.0  0.0   4360   652 ?        S    12:01   0:00 tee /data/system-heartbeat/system-heartbeat-20180710-120101.log
root      1716  0.0  0.0  15580  2156 ?        R    12:01   0:00 ps aux
 

------------------------------------------------------------------------------------ 


