Info-msg : Checking directory existence. 

/data/system-heartbeat/ directory exists
Info-msg : hostname of server (hostname). 

clixserver.tiss.edu
 

------------------------------------------------------------------------------------ 


Info-msg : internal ip addresses of the system (ip address). 

 

------------------------------------------------------------------------------------ 


Info-msg : external ip addresses of the system (public ip address). 


 

------------------------------------------------------------------------------------ 


Info-msg : RAM details (free -h). 

             total       used       free     shared    buffers     cached
Mem:          7.7G       2.8G       4.9G       273M        69M       1.0G
-/+ buffers/cache:       1.7G       6.0G
Swap:         7.6G         0B       7.6G
 

------------------------------------------------------------------------------------ 


Info-msg : HDD details (df -h). 

Filesystem      Size  Used Avail Use% Mounted on
overlay         908G   55G  808G   7% /
tmpfs            64M     0   64M   0% /dev
tmpfs           3.9G     0  3.9G   0% /sys/fs/cgroup
/dev/sda3       908G   55G  808G   7% /data
shm              64M     0   64M   0% /dev/shm
tmpfs           3.9G     0  3.9G   0% /proc/scsi
tmpfs           3.9G     0  3.9G   0% /sys/firmware
 

------------------------------------------------------------------------------------ 


Info-msg : Size description in '/data/'. 

4.0K	/data/2031016-mz16-activity-timestamp-csvs.tar.gz
44M	/data/2031016-mz16-assessment-media.tar.gz
4.0K	/data/2031016-mz16-gstudio_tools_logs.tar.gz
64K	/data/activity-timestamp-csvs
114M	/data/assessment-media
16K	/data/clixserver.tiss.edu
361M	/data/db
4.0K	/data/drop_database.sql
8.0K	/data/git-commit-details.log
4.0K	/data/gstudio-exported-users-analytics-csvs
12K	/data/gstudio-logs
8.0K	/data/local_settings.py
17G	/data/media
1.1M	/data/nginx-logs
504K	/data/pg_dump_all.sql
2.7M	/data/postgres-dump
3.4M	/data/qbank
670M	/data/rcs-repo
4.0K	/data/server_settings.py
16K	/data/system-heartbeat
 

------------------------------------------------------------------------------------ 


Info-msg : No of directories and files in '/data/media/'. 

No of directories : 4002 

No of files       : 9629 

 

------------------------------------------------------------------------------------ 


Info-msg : uptime (uptime). 

 13:01:09 up 13 min,  0 users,  load average: 0.33, 0.32, 0.33
 

------------------------------------------------------------------------------------ 


Info-msg : current process (uptime). 

USER       PID %CPU %MEM    VSZ   RSS TTY      STAT START   TIME COMMAND
root         1  0.0  0.0   4456   676 ?        Ss   12:48   0:00 /bin/sh -c /home/docker/code/scripts/initialize.sh  | sed -e "s/^/$(date +%Y%m%d-%H%M%S) :  /"  2>&1 | tee -a ${LOG_INSTALL_DOCKER}
root         6  0.0  0.0  18000  2852 ?        S    12:48   0:00 /bin/bash /home/docker/code/scripts/initialize.sh
root         7  0.0  0.0  10996  1424 ?        S    12:48   0:00 sed -e s/^/20180608-124840 :  /
root         9  0.0  0.0   4360  1376 ?        S    12:48   0:00 tee -a /root/DockerLogs/$(DATE_LOG)-gsd-install.log
root        15  6.7  2.1 348628 170696 ?       Sl   12:48   0:50 mongod --config /home/docker/code/confs/mongod.conf
root        17  0.0  0.0  23664  2204 ?        Ss   12:48   0:00 /usr/sbin/cron
postgres    36  0.0  0.2 244856 19296 ?        S    12:48   0:00 /usr/lib/postgresql/9.3/bin/postgres -D /var/lib/postgresql/9.3/main -c config_file=/etc/postgresql/9.3/main/postgresql.conf
postgres    60  0.0  0.0 244856  3376 ?        Ss   12:48   0:00 postgres: checkpointer process                                                                                              
postgres    61  0.0  0.0 244856  4620 ?        Ss   12:48   0:00 postgres: writer process                                                                                                    
postgres    62  0.0  0.0 244856  3376 ?        Ss   12:48   0:00 postgres: wal writer process                                                                                                
postgres    63  0.0  0.0 245732  6028 ?        Ss   12:48   0:00 postgres: autovacuum launcher process                                                                                       
postgres    64  0.0  0.0 100668  3580 ?        Ss   12:48   0:00 postgres: stats collector process                                                                                           
root       167  0.0  0.0  25356  2700 ?        Ss   12:48   0:00 /usr/lib/postfix/master
postfix    172  0.0  0.0  27420  2760 ?        S    12:48   0:00 pickup -l -t unix -u -c
postfix    173  0.0  0.0  27468  2824 ?        S    12:48   0:00 qmgr -l -t unix -u
root       181  0.0  0.0  61388  3096 ?        Ss   12:48   0:00 /usr/sbin/sshd
memcache   188  0.0  0.0 330536  7924 ?        Sl   12:48   0:00 /usr/bin/memcached -m 64 -p 11211 -u memcache -l 127.0.0.1
rabbitmq   217  0.0  0.0   7512    88 ?        S    12:48   0:00 /usr/lib/erlang/erts-5.10.4/bin/epmd -daemon
rabbitmq   244  0.0  0.0   4456   696 ?        S    12:49   0:00 /bin/sh /usr/sbin/rabbitmq-server
rabbitmq   288  0.6  1.1 2303368 93004 ?       Sl   12:49   0:04 /usr/lib/erlang/erts-5.10.4/bin/beam.smp -W w -K true -A30 -P 1048576 -- -root /usr/lib/erlang -progname erl -- -home /var/lib/rabbitmq -- -pa /usr/lib/rabbitmq/lib/rabbitmq_server-3.2.4/sbin/../ebin -noshell -noinput -s rabbit boot -sname rabbit@clixserver -boot start_sasl -kernel inet_default_connect_options [{nodelay,true}] -sasl errlog_type error -sasl sasl_error_logger false -rabbit error_logger {file,"/var/log/rabbitmq/rabbit@clixserver.log"} -rabbit sasl_error_logger {file,"/var/log/rabbitmq/rabbit@clixserver-sasl.log"} -rabbit enabled_plugins_file "/etc/rabbitmq/enabled_plugins" -rabbit plugins_dir "/usr/lib/rabbitmq/lib/rabbitmq_server-3.2.4/sbin/../plugins" -rabbit plugins_expand_dir "/var/lib/rabbitmq/mnesia/rabbit@clixserver-plugins-expand" -os_mon start_cpu_sup false -os_mon start_disksup false -os_mon start_memsup false -mnesia dir "/var/lib/rabbitmq/mnesia/rabbit@clixserver"
rabbitmq   375  0.0  0.0   7476   928 ?        Ss   12:49   0:00 inet_gethost 4
rabbitmq   376  0.0  0.0   9568  1580 ?        S    12:49   0:00 inet_gethost 4
root       378  0.2  0.6 186428 50132 ?        S    12:49   0:01 python manage.py celeryd -f /var/log/celeryd.log -l INFO
root       403  0.0  0.1  33152 10016 ?        S    12:49   0:00 python -m smtpd -n -c DebuggingServer localhost:1025
root       406  0.0  0.6 859096 56532 ?        Sl   12:49   0:00 python main.py
root       412  0.0  0.2  52492 17000 ?        S    12:49   0:00 /usr/bin/python /usr/bin/supervisord -n
root       417  0.0  0.5 185780 42488 ?        S    12:49   0:00 python manage.py celeryd -f /var/log/celeryd.log -l INFO
root       418  0.0  0.5 185776 42492 ?        S    12:49   0:00 python manage.py celeryd -f /var/log/celeryd.log -l INFO
root       419  0.0  0.5 185776 42496 ?        S    12:49   0:00 python manage.py celeryd -f /var/log/celeryd.log -l INFO
root       420  0.0  0.5 185776 42504 ?        S    12:49   0:00 python manage.py celeryd -f /var/log/celeryd.log -l INFO
root       421  0.0  0.0  32536  6428 ?        S    12:49   0:00 nginx: master process /usr/sbin/nginx
root       422  0.0  0.2  63412 20500 ?        S    12:49   0:00 /usr/local/bin/uwsgi --ini /home/docker/code/confs/uwsgi.ini
root       423  0.0  0.1  63412 15868 ?        S    12:49   0:00 /usr/local/bin/uwsgi --ini /home/docker/code/confs/uwsgi.ini
root       424  0.1  1.2 282200 103564 ?       S    12:49   0:01 /usr/local/bin/uwsgi --ini /home/docker/code/confs/uwsgi.ini
root       425  0.1  1.2 281908 103376 ?       S    12:49   0:01 /usr/local/bin/uwsgi --ini /home/docker/code/confs/uwsgi.ini
root       426  0.1  1.2 281960 103336 ?       S    12:49   0:01 /usr/local/bin/uwsgi --ini /home/docker/code/confs/uwsgi.ini
www-data   427  0.0  0.0  33224  6272 ?        S    12:49   0:00 nginx: worker process
www-data   428  0.0  0.0  33024  6320 ?        S    12:49   0:00 nginx: worker process
www-data   429  0.0  0.0  33244  6444 ?        S    12:49   0:00 nginx: worker process
www-data   430  0.0  0.0  32908  3856 ?        S    12:49   0:00 nginx: worker process
root       643  0.0  0.0  59648  3048 ?        S    13:01   0:00 /USR/SBIN/CRON
root       644  0.0  0.0   4456   768 ?        Ss   13:01   0:00 /bin/sh -c /home/docker/code/scripts/system-heartbeat.sh  > /tmp/cron-system-heartbeat.log
root       645  0.0  0.0   9588  2252 ?        S    13:01   0:00 /bin/bash /home/docker/code/scripts/system-heartbeat.sh
root       646  0.0  0.0   9600  2408 ?        S    13:01   0:00 /bin/bash /home/docker/code/scripts/system-heartbeat.sh
root       647  0.0  0.0   4360   644 ?        S    13:01   0:00 tee /data/system-heartbeat/system-heartbeat-20180608-130101.log
root       670  0.0  0.0  15580  2204 ?        R    13:01   0:00 ps aux
 

------------------------------------------------------------------------------------ 


