Info-msg : Checking directory existence. 

/data/system-heartbeat/ directory exists
Info-msg : hostname of server (hostname). 

clixserver.tiss.edu
 

------------------------------------------------------------------------------------ 


Info-msg : internal ip addresses of the system (ip address). 

 

------------------------------------------------------------------------------------ 


Info-msg : external ip addresses of the system (public ip address). 


 

------------------------------------------------------------------------------------ 


Info-msg : RAM details (free -h). 

             total       used       free     shared    buffers     cached
Mem:          7.7G       3.2G       4.6G       156M       412M       877M
-/+ buffers/cache:       1.9G       5.8G
Swap:         7.6G         0B       7.6G
 

------------------------------------------------------------------------------------ 


Info-msg : HDD details (df -h). 

Filesystem      Size  Used Avail Use% Mounted on
overlay         908G   57G  806G   7% /
tmpfs            64M     0   64M   0% /dev
tmpfs           3.9G     0  3.9G   0% /sys/fs/cgroup
/dev/sda3       908G   57G  806G   7% /data
shm              64M     0   64M   0% /dev/shm
tmpfs           3.9G     0  3.9G   0% /proc/scsi
tmpfs           3.9G     0  3.9G   0% /sys/firmware
 

------------------------------------------------------------------------------------ 


Info-msg : Size description in '/data/'. 

8.0K	/data/2031016-mz16-activity-timestamp-csvs.tar.gz
44M	/data/2031016-mz16-assessment-media.tar.gz
8.0K	/data/2031016-mz16-gstudio_tools_logs.tar.gz
64K	/data/activity-timestamp-csvs
114M	/data/assessment-media
16K	/data/clixserver.tiss.edu
368M	/data/db
4.0K	/data/drop_database.sql
8.0K	/data/git-commit-details.log
4.0K	/data/gstudio-exported-users-analytics-csvs
76K	/data/gstudio-logs
124K	/data/gstudio_tools_logs
8.0K	/data/local_settings.py
17G	/data/media
1.8G	/data/nginx-logs
504K	/data/pg_dump_all.sql
2.7M	/data/postgres-dump
3.0M	/data/qbank
675M	/data/rcs-repo
4.0K	/data/server_settings.py
112K	/data/system-heartbeat
 

------------------------------------------------------------------------------------ 


Info-msg : No of directories and files in '/data/media/'. 

No of directories : 4002 

No of files       : 9629 

 

------------------------------------------------------------------------------------ 


Info-msg : uptime (uptime). 

 14:01:07 up 24 min,  0 users,  load average: 0.55, 0.58, 0.38
 

------------------------------------------------------------------------------------ 


Info-msg : current process (uptime). 

USER       PID %CPU %MEM    VSZ   RSS TTY      STAT START   TIME COMMAND
root         1  0.0  0.0   4456   744 ?        Ss   13:37   0:00 /bin/sh -c /home/docker/code/scripts/initialize.sh  | sed -e "s/^/$(date +%Y%m%d-%H%M%S) :  /"  2>&1 | tee -a ${LOG_INSTALL_DOCKER}
root         6  0.0  0.0  18000  2848 ?        S    13:37   0:00 /bin/bash /home/docker/code/scripts/initialize.sh
root        12  0.0  0.0  10996  1448 ?        S    13:37   0:00 sed -e s/^/20180828-133713 :  /
root        13  0.0  0.0   4360  1268 ?        S    13:37   0:00 tee -a /root/DockerLogs/$(DATE_LOG)-gsd-install.log
root        15 18.4  2.9 475840 236984 ?       Sl   13:37   4:24 mongod --config /home/docker/code/confs/mongod.conf
root        17  0.0  0.0  23664  2060 ?        Ss   13:37   0:00 /usr/sbin/cron
postgres    36  0.0  0.2 244856 19204 ?        S    13:37   0:00 /usr/lib/postgresql/9.3/bin/postgres -D /var/lib/postgresql/9.3/main -c config_file=/etc/postgresql/9.3/main/postgresql.conf
postgres    69  0.0  0.0 244992  5860 ?        Ss   13:37   0:00 postgres: checkpointer process                                                                                              
postgres    70  0.0  0.0 244856  4592 ?        Ss   13:37   0:00 postgres: writer process                                                                                                    
postgres    71  0.0  0.0 244856  3436 ?        Ss   13:37   0:00 postgres: wal writer process                                                                                                
postgres    72  0.0  0.0 245732  6056 ?        Ss   13:37   0:00 postgres: autovacuum launcher process                                                                                       
postgres    73  0.0  0.0 100668  3696 ?        Ss   13:37   0:00 postgres: stats collector process                                                                                           
root       176  0.0  0.0  25356  2872 ?        Ss   13:37   0:00 /usr/lib/postfix/master
postfix    181  0.0  0.0  27420  2808 ?        S    13:37   0:00 pickup -l -t unix -u -c
postfix    182  0.0  0.0  27468  2852 ?        S    13:37   0:00 qmgr -l -t unix -u
root       190  0.0  0.0  61388  3040 ?        Ss   13:37   0:00 /usr/sbin/sshd
memcache   197  0.0  0.2 339668 17036 ?        Sl   13:37   0:00 /usr/bin/memcached -m 64 -p 11211 -u memcache -l 127.0.0.1
rabbitmq   226  0.0  0.0   7512    92 ?        S    13:37   0:00 /usr/lib/erlang/erts-5.10.4/bin/epmd -daemon
rabbitmq   250  0.0  0.0   4456   688 ?        S    13:37   0:00 /bin/sh /usr/sbin/rabbitmq-server
rabbitmq   295  0.6  1.1 2303624 92576 ?       Sl   13:37   0:09 /usr/lib/erlang/erts-5.10.4/bin/beam.smp -W w -K true -A30 -P 1048576 -- -root /usr/lib/erlang -progname erl -- -home /var/lib/rabbitmq -- -pa /usr/lib/rabbitmq/lib/rabbitmq_server-3.2.4/sbin/../ebin -noshell -noinput -s rabbit boot -sname rabbit@clixserver -boot start_sasl -kernel inet_default_connect_options [{nodelay,true}] -sasl errlog_type error -sasl sasl_error_logger false -rabbit error_logger {file,"/var/log/rabbitmq/rabbit@clixserver.log"} -rabbit sasl_error_logger {file,"/var/log/rabbitmq/rabbit@clixserver-sasl.log"} -rabbit enabled_plugins_file "/etc/rabbitmq/enabled_plugins" -rabbit plugins_dir "/usr/lib/rabbitmq/lib/rabbitmq_server-3.2.4/sbin/../plugins" -rabbit plugins_expand_dir "/var/lib/rabbitmq/mnesia/rabbit@clixserver-plugins-expand" -os_mon start_cpu_sup false -os_mon start_disksup false -os_mon start_memsup false -mnesia dir "/var/lib/rabbitmq/mnesia/rabbit@clixserver"
root       332  0.1  0.6 186436 49972 ?        S    13:37   0:02 python manage.py celeryd -f /var/log/celeryd.log -l INFO
rabbitmq   393  0.0  0.0   7476   880 ?        Ss   13:37   0:00 inet_gethost 4
rabbitmq   394  0.0  0.0   9568  1588 ?        S    13:37   0:00 inet_gethost 4
root       407  0.0  0.1  33152 10016 ?        S    13:37   0:00 python -m smtpd -n -c DebuggingServer localhost:1025
root       410  1.6  1.2 887812 102476 ?       Sl   13:37   0:22 python main.py
root       412  0.0  0.5 185788 42472 ?        S    13:37   0:00 python manage.py celeryd -f /var/log/celeryd.log -l INFO
root       413  0.0  0.5 185784 42476 ?        S    13:37   0:00 python manage.py celeryd -f /var/log/celeryd.log -l INFO
root       414  0.0  0.5 185784 42480 ?        S    13:37   0:00 python manage.py celeryd -f /var/log/celeryd.log -l INFO
root       415  0.0  0.5 185784 42488 ?        S    13:37   0:00 python manage.py celeryd -f /var/log/celeryd.log -l INFO
root       420  0.0  0.2  52492 16968 ?        S    13:37   0:00 /usr/bin/python /usr/bin/supervisord -n
root       435  0.0  0.0  32536  6524 ?        S    13:37   0:00 nginx: master process /usr/sbin/nginx
root       436  0.0  0.2  63412 20548 ?        S    13:37   0:00 /usr/local/bin/uwsgi --ini /home/docker/code/confs/uwsgi.ini
www-data   437  0.0  0.0  33308  6508 ?        S    13:37   0:00 nginx: worker process
www-data   438  0.0  0.0  33264  6696 ?        S    13:37   0:00 nginx: worker process
www-data   439  0.0  0.0  33312  6780 ?        S    13:37   0:00 nginx: worker process
www-data   440  0.1  0.0  33528  6868 ?        S    13:37   0:01 nginx: worker process
root       441  0.3  1.2 279528 100796 ?       S    13:37   0:04 /usr/local/bin/uwsgi --ini /home/docker/code/confs/uwsgi.ini
root       442  0.3  1.2 279444 100680 ?       S    13:37   0:04 /usr/local/bin/uwsgi --ini /home/docker/code/confs/uwsgi.ini
root       443  0.4  1.2 279384 100620 ?       S    13:37   0:05 /usr/local/bin/uwsgi --ini /home/docker/code/confs/uwsgi.ini
root       444  0.8  1.2 280868 102224 ?       S    13:37   0:11 /usr/local/bin/uwsgi --ini /home/docker/code/confs/uwsgi.ini
root      3184  0.0  0.0  59648  3112 ?        S    14:01   0:00 /USR/SBIN/CRON
root      3185  0.0  0.0   4456   760 ?        Ss   14:01   0:00 /bin/sh -c /home/docker/code/scripts/system-heartbeat.sh  > /tmp/cron-system-heartbeat.log
root      3186  0.0  0.0   9588  2228 ?        S    14:01   0:00 /bin/bash /home/docker/code/scripts/system-heartbeat.sh
root      3187  0.0  0.0   9600  2472 ?        S    14:01   0:00 /bin/bash /home/docker/code/scripts/system-heartbeat.sh
root      3188  0.0  0.0   4360   748 ?        S    14:01   0:00 tee /data/system-heartbeat/system-heartbeat-20180828-140101.log
root      3245  0.0  0.0  15580  2140 ?        R    14:01   0:00 ps aux
 

------------------------------------------------------------------------------------ 


