Info-msg : Checking directory existence. 

/data/system-heartbeat/ directory exists
Info-msg : hostname of server (hostname). 

clixserver.tiss.edu
 

------------------------------------------------------------------------------------ 


Info-msg : internal ip addresses of the system (ip address). 

 

------------------------------------------------------------------------------------ 


Info-msg : external ip addresses of the system (public ip address). 


 

------------------------------------------------------------------------------------ 


Info-msg : RAM details (free -h). 

             total       used       free     shared    buffers     cached
Mem:          7.7G       2.7G       5.0G        77M       418M       793M
-/+ buffers/cache:       1.5G       6.2G
Swap:         7.6G         0B       7.6G
 

------------------------------------------------------------------------------------ 


Info-msg : HDD details (df -h). 

Filesystem      Size  Used Avail Use% Mounted on
overlay         908G   58G  804G   7% /
tmpfs            64M     0   64M   0% /dev
tmpfs           3.9G     0  3.9G   0% /sys/fs/cgroup
/dev/sda3       908G   58G  804G   7% /data
shm              64M     0   64M   0% /dev/shm
tmpfs           3.9G     0  3.9G   0% /proc/scsi
tmpfs           3.9G     0  3.9G   0% /sys/firmware
 

------------------------------------------------------------------------------------ 


Info-msg : Size description in '/data/'. 

8.0K	/data/2031016-mz16-activity-timestamp-csvs.tar.gz
69M	/data/2031016-mz16-assessment-media.tar.gz
8.0K	/data/2031016-mz16-gstudio_tools_logs.tar.gz
64K	/data/activity-timestamp-csvs
165M	/data/assessment-media
16K	/data/clixserver.tiss.edu
377M	/data/db
4.0K	/data/drop_database.sql
8.0K	/data/git-commit-details.log
4.0K	/data/gstudio-exported-users-analytics-csvs
244K	/data/gstudio-logs
124K	/data/gstudio_tools_logs
8.0K	/data/local_settings.py
17G	/data/media
2.7G	/data/nginx-logs
504K	/data/pg_dump_all.sql
2.7M	/data/postgres-dump
3.9M	/data/qbank
679M	/data/rcs-repo
4.0K	/data/server_settings.py
196K	/data/system-heartbeat
 

------------------------------------------------------------------------------------ 


Info-msg : No of directories and files in '/data/media/'. 

No of directories : 4011 

No of files       : 9719 

 

------------------------------------------------------------------------------------ 


Info-msg : uptime (uptime). 

 14:01:07 up 10 min,  0 users,  load average: 0.61, 0.79, 0.52
 

------------------------------------------------------------------------------------ 


Info-msg : current process (uptime). 

USER       PID %CPU %MEM    VSZ   RSS TTY      STAT START   TIME COMMAND
root         1  0.0  0.0   4456   724 ?        Ss   13:51   0:00 /bin/sh -c /home/docker/code/scripts/initialize.sh  | sed -e "s/^/$(date +%Y%m%d-%H%M%S) :  /"  2>&1 | tee -a ${LOG_INSTALL_DOCKER}
root         6  0.0  0.0  18000  2900 ?        S    13:51   0:00 /bin/bash /home/docker/code/scripts/initialize.sh
root         7  0.0  0.0  10996  1364 ?        S    13:51   0:00 sed -e s/^/20181031-135107 :  /
root         9  0.0  0.0   4360  1372 ?        S    13:51   0:00 tee -a /root/DockerLogs/$(DATE_LOG)-gsd-install.log
root        15 41.1  3.0 494008 243560 ?       Sl   13:51   4:07 mongod --config /home/docker/code/confs/mongod.conf
root        17  0.0  0.0  23664  2144 ?        Ss   13:51   0:00 /usr/sbin/cron
postgres    43  0.0  0.2 244856 19320 ?        S    13:51   0:00 /usr/lib/postgresql/9.3/bin/postgres -D /var/lib/postgresql/9.3/main -c config_file=/etc/postgresql/9.3/main/postgresql.conf
postgres    60  0.0  0.0 244992  5488 ?        Ss   13:51   0:00 postgres: checkpointer process                                                                                              
postgres    61  0.0  0.0 244856  4704 ?        Ss   13:51   0:00 postgres: writer process                                                                                                    
postgres    62  0.0  0.0 244856  3384 ?        Ss   13:51   0:00 postgres: wal writer process                                                                                                
postgres    63  0.0  0.0 245732  6304 ?        Ss   13:51   0:00 postgres: autovacuum launcher process                                                                                       
postgres    64  0.0  0.0 100668  3568 ?        Ss   13:51   0:00 postgres: stats collector process                                                                                           
root       167  0.0  0.0  25356  2724 ?        Ss   13:51   0:00 /usr/lib/postfix/master
postfix    172  0.0  0.0  27420  2776 ?        S    13:51   0:00 pickup -l -t unix -u -c
postfix    173  0.0  0.0  27468  2824 ?        S    13:51   0:00 qmgr -l -t unix -u
root       181  0.0  0.0  61388  3120 ?        Ss   13:51   0:00 /usr/sbin/sshd
memcache   188  0.0  0.1 333532 10672 ?        Sl   13:51   0:00 /usr/bin/memcached -m 64 -p 11211 -u memcache -l 127.0.0.1
rabbitmq   217  0.0  0.0   7512    92 ?        S    13:51   0:00 /usr/lib/erlang/erts-5.10.4/bin/epmd -daemon
rabbitmq   241  0.0  0.0   4456   684 ?        S    13:51   0:00 /bin/sh /usr/sbin/rabbitmq-server
rabbitmq   286  0.5  1.1 2303112 92872 ?       Sl   13:51   0:03 /usr/lib/erlang/erts-5.10.4/bin/beam.smp -W w -K true -A30 -P 1048576 -- -root /usr/lib/erlang -progname erl -- -home /var/lib/rabbitmq -- -pa /usr/lib/rabbitmq/lib/rabbitmq_server-3.2.4/sbin/../ebin -noshell -noinput -s rabbit boot -sname rabbit@clixserver -boot start_sasl -kernel inet_default_connect_options [{nodelay,true}] -sasl errlog_type error -sasl sasl_error_logger false -rabbit error_logger {file,"/var/log/rabbitmq/rabbit@clixserver.log"} -rabbit sasl_error_logger {file,"/var/log/rabbitmq/rabbit@clixserver-sasl.log"} -rabbit enabled_plugins_file "/etc/rabbitmq/enabled_plugins" -rabbit plugins_dir "/usr/lib/rabbitmq/lib/rabbitmq_server-3.2.4/sbin/../plugins" -rabbit plugins_expand_dir "/var/lib/rabbitmq/mnesia/rabbit@clixserver-plugins-expand" -os_mon start_cpu_sup false -os_mon start_disksup false -os_mon start_memsup false -mnesia dir "/var/lib/rabbitmq/mnesia/rabbit@clixserver"
root       323  0.1  0.6 186400 50104 ?        S    13:51   0:00 python manage.py celeryd -f /var/log/celeryd.log -l INFO
rabbitmq   388  0.0  0.0   7476   980 ?        Ss   13:51   0:00 inet_gethost 4
rabbitmq   393  0.0  0.0   9568  1548 ?        S    13:51   0:00 inet_gethost 4
root       398  0.0  0.5 185776 42572 ?        S    13:51   0:00 python manage.py celeryd -f /var/log/celeryd.log -l INFO
root       399  0.0  0.5 185776 42576 ?        S    13:51   0:00 python manage.py celeryd -f /var/log/celeryd.log -l INFO
root       400  0.0  0.5 185776 42576 ?        S    13:51   0:00 python manage.py celeryd -f /var/log/celeryd.log -l INFO
root       401  0.0  0.5 185776 42584 ?        S    13:51   0:00 python manage.py celeryd -f /var/log/celeryd.log -l INFO
root       402  0.0  0.1  33152  9876 ?        S    13:51   0:00 python -m smtpd -n -c DebuggingServer localhost:1025
root       405  3.3  1.1 881156 89640 ?        Sl   13:51   0:19 python main.py
root       411  0.0  0.2  52492 17072 ?        S    13:51   0:00 /usr/bin/python /usr/bin/supervisord -n
root       426  0.0  0.0  32536  6588 ?        S    13:51   0:00 nginx: master process /usr/sbin/nginx
root       427  0.0  0.2  63412 20532 ?        S    13:51   0:00 /usr/local/bin/uwsgi --ini /home/docker/code/confs/uwsgi.ini
www-data   428  0.0  0.0  33356  6620 ?        S    13:51   0:00 nginx: worker process
www-data   429  0.1  0.0  33396  6788 ?        S    13:51   0:00 nginx: worker process
www-data   430  0.0  0.0  33252  6752 ?        S    13:51   0:00 nginx: worker process
www-data   431  0.0  0.0  33244  6576 ?        S    13:51   0:00 nginx: worker process
root       432  0.8  1.2 279488 100944 ?       S    13:51   0:05 /usr/local/bin/uwsgi --ini /home/docker/code/confs/uwsgi.ini
root       433  0.8  1.2 279460 100960 ?       S    13:51   0:05 /usr/local/bin/uwsgi --ini /home/docker/code/confs/uwsgi.ini
root       434  0.8  1.2 279544 100976 ?       S    13:51   0:05 /usr/local/bin/uwsgi --ini /home/docker/code/confs/uwsgi.ini
root       435  2.1  1.2 279500 100940 ?       S    13:51   0:12 /usr/local/bin/uwsgi --ini /home/docker/code/confs/uwsgi.ini
root      3290  0.0  0.0  59648  2980 ?        S    14:01   0:00 /USR/SBIN/CRON
root      3291  0.0  0.0   4456   692 ?        Ss   14:01   0:00 /bin/sh -c /home/docker/code/scripts/system-heartbeat.sh  > /tmp/cron-system-heartbeat.log
root      3292  0.0  0.0   9588  2272 ?        S    14:01   0:00 /bin/bash /home/docker/code/scripts/system-heartbeat.sh
root      3293  0.0  0.0   9600  2472 ?        S    14:01   0:00 /bin/bash /home/docker/code/scripts/system-heartbeat.sh
root      3294  0.0  0.0   4360   648 ?        S    14:01   0:00 tee /data/system-heartbeat/system-heartbeat-20181031-140101.log
postgres  3309  0.0  0.1 246680 10728 ?        Ss   14:01   0:00 postgres: glab gstudio_psql 127.0.0.1(35244) idle                                                                           
root      3317  0.0  0.0  15580  2072 ?        R    14:01   0:00 ps aux
 

------------------------------------------------------------------------------------ 


