Info-msg : Checking directory existence. 

/data/system-heartbeat/ directory exists
Info-msg : hostname of server (hostname). 

clixserver.tiss.edu
 

------------------------------------------------------------------------------------ 


Info-msg : internal ip addresses of the system (ip address). 

 

------------------------------------------------------------------------------------ 


Info-msg : external ip addresses of the system (public ip address). 


 

------------------------------------------------------------------------------------ 


Info-msg : RAM details (free -h). 

             total       used       free     shared    buffers     cached
Mem:          7.7G       5.6G       2.1G       183M       531M       2.7G
-/+ buffers/cache:       2.3G       5.4G
Swap:         7.6G         0B       7.6G
 

------------------------------------------------------------------------------------ 


Info-msg : HDD details (df -h). 

Filesystem      Size  Used Avail Use% Mounted on
overlay         908G   56G  806G   7% /
tmpfs            64M     0   64M   0% /dev
tmpfs           3.9G     0  3.9G   0% /sys/fs/cgroup
/dev/sda3       908G   56G  806G   7% /data
shm              64M     0   64M   0% /dev/shm
tmpfs           3.9G     0  3.9G   0% /proc/scsi
tmpfs           3.9G     0  3.9G   0% /sys/firmware
 

------------------------------------------------------------------------------------ 


Info-msg : Size description in '/data/'. 

8.0K	/data/2031016-mz16-activity-timestamp-csvs.tar.gz
44M	/data/2031016-mz16-assessment-media.tar.gz
4.0K	/data/2031016-mz16-gstudio_tools_logs.tar.gz
64K	/data/activity-timestamp-csvs
114M	/data/assessment-media
16K	/data/clixserver.tiss.edu
364M	/data/db
4.0K	/data/drop_database.sql
8.0K	/data/git-commit-details.log
4.0K	/data/gstudio-exported-users-analytics-csvs
28K	/data/gstudio-logs
8.0K	/data/local_settings.py
17G	/data/media
1.5G	/data/nginx-logs
504K	/data/pg_dump_all.sql
2.7M	/data/postgres-dump
2.8M	/data/qbank
674M	/data/rcs-repo
4.0K	/data/server_settings.py
52K	/data/system-heartbeat
 

------------------------------------------------------------------------------------ 


Info-msg : No of directories and files in '/data/media/'. 

No of directories : 4002 

No of files       : 9629 

 

------------------------------------------------------------------------------------ 


Info-msg : uptime (uptime). 

 14:01:01 up  1:13,  0 users,  load average: 0.88, 0.59, 0.68
 

------------------------------------------------------------------------------------ 


Info-msg : current process (uptime). 

USER       PID %CPU %MEM    VSZ   RSS TTY      STAT START   TIME COMMAND
root         1  0.0  0.0   4456   668 ?        Ss   12:47   0:00 /bin/sh -c /home/docker/code/scripts/initialize.sh  | sed -e "s/^/$(date +%Y%m%d-%H%M%S) :  /"  2>&1 | tee -a ${LOG_INSTALL_DOCKER}
root         7  0.0  0.0  18000  2868 ?        S    12:47   0:00 /bin/bash /home/docker/code/scripts/initialize.sh
root        13  0.0  0.0  10996  1400 ?        S    12:47   0:00 sed -e s/^/20180627-124745 :  /
root        15  0.0  0.0   4360  1264 ?        S    12:47   0:00 tee -a /root/DockerLogs/$(DATE_LOG)-gsd-install.log
root        16 45.1  2.8 480980 232752 ?       Sl   12:47  33:03 mongod --config /home/docker/code/confs/mongod.conf
root        18  0.0  0.0  23664  2080 ?        Ss   12:47   0:00 /usr/sbin/cron
postgres    37  0.0  0.2 244856 19236 ?        S    12:47   0:01 /usr/lib/postgresql/9.3/bin/postgres -D /var/lib/postgresql/9.3/main -c config_file=/etc/postgresql/9.3/main/postgresql.conf
postgres    67  0.0  0.0 244992  5652 ?        Ss   12:47   0:00 postgres: checkpointer process                                                                                              
postgres    68  0.0  0.0 244856  4608 ?        Ss   12:47   0:00 postgres: writer process                                                                                                    
postgres    69  0.0  0.0 244856  3336 ?        Ss   12:47   0:00 postgres: wal writer process                                                                                                
postgres    70  0.0  0.0 245732  5940 ?        Ss   12:47   0:00 postgres: autovacuum launcher process                                                                                       
postgres    71  0.0  0.0 100820  3588 ?        Ss   12:47   0:00 postgres: stats collector process                                                                                           
root       174  0.0  0.0  25356  2956 ?        Ss   12:47   0:00 /usr/lib/postfix/master
postfix    179  0.0  0.0  27420  2812 ?        S    12:47   0:00 pickup -l -t unix -u -c
postfix    180  0.0  0.0  27468  2872 ?        S    12:47   0:00 qmgr -l -t unix -u
root       188  0.0  0.0  61388  3096 ?        Ss   12:47   0:00 /usr/sbin/sshd
rabbitmq   216  0.0  0.0   7512    92 ?        S    12:47   0:00 /usr/lib/erlang/erts-5.10.4/bin/epmd -daemon
rabbitmq   243  0.0  0.0   4456   768 ?        S    12:47   0:00 /bin/sh /usr/sbin/rabbitmq-server
rabbitmq   287  0.4  1.1 2303368 92672 ?       Sl   12:47   0:19 /usr/lib/erlang/erts-5.10.4/bin/beam.smp -W w -K true -A30 -P 1048576 -- -root /usr/lib/erlang -progname erl -- -home /var/lib/rabbitmq -- -pa /usr/lib/rabbitmq/lib/rabbitmq_server-3.2.4/sbin/../ebin -noshell -noinput -s rabbit boot -sname rabbit@clixserver -boot start_sasl -kernel inet_default_connect_options [{nodelay,true}] -sasl errlog_type error -sasl sasl_error_logger false -rabbit error_logger {file,"/var/log/rabbitmq/rabbit@clixserver.log"} -rabbit sasl_error_logger {file,"/var/log/rabbitmq/rabbit@clixserver-sasl.log"} -rabbit enabled_plugins_file "/etc/rabbitmq/enabled_plugins" -rabbit plugins_dir "/usr/lib/rabbitmq/lib/rabbitmq_server-3.2.4/sbin/../plugins" -rabbit plugins_expand_dir "/var/lib/rabbitmq/mnesia/rabbit@clixserver-plugins-expand" -os_mon start_cpu_sup false -os_mon start_disksup false -os_mon start_memsup false -mnesia dir "/var/lib/rabbitmq/mnesia/rabbit@clixserver"
rabbitmq   374  0.0  0.0   7476   924 ?        Ss   12:47   0:00 inet_gethost 4
rabbitmq   375  0.0  0.0   9568  1580 ?        S    12:47   0:00 inet_gethost 4
root       377  0.1  0.6 186436 50328 ?        S    12:47   0:04 python manage.py celeryd -f /var/log/celeryd.log -l INFO
root       400  0.0  0.1  33152  9980 ?        S    12:48   0:00 python -m smtpd -n -c DebuggingServer localhost:1025
root       402  0.0  0.5 185788 42508 ?        S    12:48   0:00 python manage.py celeryd -f /var/log/celeryd.log -l INFO
root       403  0.0  0.5 185784 42512 ?        S    12:48   0:00 python manage.py celeryd -f /var/log/celeryd.log -l INFO
root       404  0.0  0.5 185784 42516 ?        S    12:48   0:00 python manage.py celeryd -f /var/log/celeryd.log -l INFO
root       405  0.0  0.5 185784 42524 ?        S    12:48   0:00 python manage.py celeryd -f /var/log/celeryd.log -l INFO
root       407  0.0  0.6 859096 56532 ?        Sl   12:48   0:01 python main.py
root       413  0.0  0.2  52492 16952 ?        S    12:48   0:01 /usr/bin/python /usr/bin/supervisord -n
root       428  0.0  0.0  32536  6504 ?        S    12:48   0:00 nginx: master process /usr/sbin/nginx
root       429  0.0  0.2  63412 20516 ?        S    12:48   0:00 /usr/local/bin/uwsgi --ini /home/docker/code/confs/uwsgi.ini
www-data   430  0.1  0.0  33656  7100 ?        S    12:48   0:07 nginx: worker process
www-data   431  0.3  0.0  34308  7812 ?        S    12:48   0:16 nginx: worker process
www-data   432  0.2  0.0  34252  7564 ?        S    12:48   0:10 nginx: worker process
www-data   433  0.5  0.1  35396  8620 ?        S    12:48   0:23 nginx: worker process
root       434  0.9  1.2 278144 99220 ?        S    12:48   0:40 /usr/local/bin/uwsgi --ini /home/docker/code/confs/uwsgi.ini
root       435  0.9  1.2 280120 101332 ?       S    12:48   0:40 /usr/local/bin/uwsgi --ini /home/docker/code/confs/uwsgi.ini
root       436  0.9  1.2 279364 100476 ?       S    12:48   0:42 /usr/local/bin/uwsgi --ini /home/docker/code/confs/uwsgi.ini
root       437  1.8  1.2 279388 100592 ?       S    12:48   1:20 /usr/local/bin/uwsgi --ini /home/docker/code/confs/uwsgi.ini
postgres 13781  0.0  0.1 246680 10788 ?        Ss   14:01   0:00 postgres: glab gstudio_psql 127.0.0.1(53162) idle                                                                           
root     13782  0.0  0.0  59648  2996 ?        S    14:01   0:00 /USR/SBIN/CRON
root     13783  0.0  0.0   4456   756 ?        Ss   14:01   0:00 /bin/sh -c /home/docker/code/scripts/system-heartbeat.sh  > /tmp/cron-system-heartbeat.log
root     13784  0.0  0.0   9588  2312 ?        S    14:01   0:00 /bin/bash /home/docker/code/scripts/system-heartbeat.sh
root     13785  0.0  0.0   9600  2572 ?        S    14:01   0:00 /bin/bash /home/docker/code/scripts/system-heartbeat.sh
root     13786  0.0  0.0   4360   756 ?        S    14:01   0:00 tee /data/system-heartbeat/system-heartbeat-20180627-140101.log
root     13807  0.0  0.0  15580  2072 ?        R    14:01   0:00 ps aux
 

------------------------------------------------------------------------------------ 


