Info-msg : Checking directory existence. 

/data/system-heartbeat/ directory exists
Info-msg : hostname of server (hostname). 

clixserver.tiss.edu
 

------------------------------------------------------------------------------------ 


Info-msg : internal ip addresses of the system (ip address). 

 

------------------------------------------------------------------------------------ 


Info-msg : external ip addresses of the system (public ip address). 


 

------------------------------------------------------------------------------------ 


Info-msg : RAM details (free -h). 

             total       used       free     shared    buffers     cached
Mem:          7.7G       4.2G       3.5G       177M       526M       1.6G
-/+ buffers/cache:       2.1G       5.6G
Swap:         7.6G         0B       7.6G
 

------------------------------------------------------------------------------------ 


Info-msg : HDD details (df -h). 

Filesystem      Size  Used Avail Use% Mounted on
overlay         908G   57G  806G   7% /
tmpfs            64M     0   64M   0% /dev
tmpfs           3.9G     0  3.9G   0% /sys/fs/cgroup
/dev/sda3       908G   57G  806G   7% /data
shm              64M     0   64M   0% /dev/shm
tmpfs           3.9G     0  3.9G   0% /proc/scsi
tmpfs           3.9G     0  3.9G   0% /sys/firmware
 

------------------------------------------------------------------------------------ 


Info-msg : Size description in '/data/'. 

8.0K	/data/2031016-mz16-activity-timestamp-csvs.tar.gz
44M	/data/2031016-mz16-assessment-media.tar.gz
4.0K	/data/2031016-mz16-gstudio_tools_logs.tar.gz
64K	/data/activity-timestamp-csvs
114M	/data/assessment-media
16K	/data/clixserver.tiss.edu
366M	/data/db
4.0K	/data/drop_database.sql
8.0K	/data/git-commit-details.log
4.0K	/data/gstudio-exported-users-analytics-csvs
64K	/data/gstudio-logs
52K	/data/gstudio_tools_logs
8.0K	/data/local_settings.py
17G	/data/media
1.7G	/data/nginx-logs
504K	/data/pg_dump_all.sql
2.7M	/data/postgres-dump
3.4M	/data/qbank
674M	/data/rcs-repo
4.0K	/data/server_settings.py
100K	/data/system-heartbeat
 

------------------------------------------------------------------------------------ 


Info-msg : No of directories and files in '/data/media/'. 

No of directories : 4002 

No of files       : 9629 

 

------------------------------------------------------------------------------------ 


Info-msg : uptime (uptime). 

 13:01:01 up  2:12,  0 users,  load average: 0.50, 0.32, 0.29
 

------------------------------------------------------------------------------------ 


Info-msg : current process (uptime). 

USER       PID %CPU %MEM    VSZ   RSS TTY      STAT START   TIME COMMAND
root         1  0.0  0.0   4456   728 ?        Ss   10:49   0:00 /bin/sh -c /home/docker/code/scripts/initialize.sh  | sed -e "s/^/$(date +%Y%m%d-%H%M%S) :  /"  2>&1 | tee -a ${LOG_INSTALL_DOCKER}
root         7  0.0  0.0  18000  2836 ?        S    10:49   0:00 /bin/bash /home/docker/code/scripts/initialize.sh
root         8  0.0  0.0  10996  1332 ?        S    10:49   0:00 sed -e s/^/20180809-104926 :  /
root        10  0.0  0.0   4360  1272 ?        S    10:49   0:00 tee -a /root/DockerLogs/$(DATE_LOG)-gsd-install.log
root        16 15.8  3.1 477564 251600 ?       Sl   10:49  20:50 mongod --config /home/docker/code/confs/mongod.conf
root        18  0.0  0.0  23664  2136 ?        Ss   10:49   0:00 /usr/sbin/cron
postgres    37  0.0  0.2 244856 19164 ?        S    10:49   0:00 /usr/lib/postgresql/9.3/bin/postgres -D /var/lib/postgresql/9.3/main -c config_file=/etc/postgresql/9.3/main/postgresql.conf
postgres    67  0.0  0.0 244992  5292 ?        Ss   10:49   0:00 postgres: checkpointer process                                                                                              
postgres    68  0.0  0.0 244856  4616 ?        Ss   10:49   0:00 postgres: writer process                                                                                                    
postgres    69  0.0  0.0 244856  3276 ?        Ss   10:49   0:00 postgres: wal writer process                                                                                                
postgres    70  0.0  0.0 245732  6056 ?        Ss   10:49   0:00 postgres: autovacuum launcher process                                                                                       
postgres    71  0.0  0.0 100820  3584 ?        Ss   10:49   0:00 postgres: stats collector process                                                                                           
root       174  0.0  0.0  25356  2844 ?        Ss   10:49   0:00 /usr/lib/postfix/master
postfix    180  0.0  0.0  27468  2856 ?        S    10:49   0:00 qmgr -l -t unix -u
root       188  0.0  0.0  61388  3132 ?        Ss   10:49   0:00 /usr/sbin/sshd
rabbitmq   216  0.0  0.0   7512    88 ?        S    10:49   0:00 /usr/lib/erlang/erts-5.10.4/bin/epmd -daemon
rabbitmq   243  0.0  0.0   4456   688 ?        S    10:49   0:00 /bin/sh /usr/sbin/rabbitmq-server
rabbitmq   287  0.5  1.1 2303368 93240 ?       Sl   10:49   0:43 /usr/lib/erlang/erts-5.10.4/bin/beam.smp -W w -K true -A30 -P 1048576 -- -root /usr/lib/erlang -progname erl -- -home /var/lib/rabbitmq -- -pa /usr/lib/rabbitmq/lib/rabbitmq_server-3.2.4/sbin/../ebin -noshell -noinput -s rabbit boot -sname rabbit@clixserver -boot start_sasl -kernel inet_default_connect_options [{nodelay,true}] -sasl errlog_type error -sasl sasl_error_logger false -rabbit error_logger {file,"/var/log/rabbitmq/rabbit@clixserver.log"} -rabbit sasl_error_logger {file,"/var/log/rabbitmq/rabbit@clixserver-sasl.log"} -rabbit enabled_plugins_file "/etc/rabbitmq/enabled_plugins" -rabbit plugins_dir "/usr/lib/rabbitmq/lib/rabbitmq_server-3.2.4/sbin/../plugins" -rabbit plugins_expand_dir "/var/lib/rabbitmq/mnesia/rabbit@clixserver-plugins-expand" -os_mon start_cpu_sup false -os_mon start_disksup false -os_mon start_memsup false -mnesia dir "/var/lib/rabbitmq/mnesia/rabbit@clixserver"
rabbitmq   374  0.0  0.0   7476   880 ?        Ss   10:49   0:00 inet_gethost 4
rabbitmq   375  0.0  0.0   9568  1592 ?        S    10:49   0:00 inet_gethost 4
root       377  0.1  0.6 186436 50252 ?        S    10:49   0:09 python manage.py celeryd -f /var/log/celeryd.log -l INFO
root       400  0.0  0.1  33152  9968 ?        S    10:49   0:00 python -m smtpd -n -c DebuggingServer localhost:1025
root       403  0.7  1.2 884996 98116 ?        Sl   10:49   1:01 python main.py
root       408  0.0  0.5 185788 42496 ?        S    10:49   0:00 python manage.py celeryd -f /var/log/celeryd.log -l INFO
root       409  0.0  0.5 185784 42500 ?        S    10:49   0:00 python manage.py celeryd -f /var/log/celeryd.log -l INFO
root       410  0.0  0.5 185784 42504 ?        S    10:49   0:00 python manage.py celeryd -f /var/log/celeryd.log -l INFO
root       411  0.0  0.5 185784 42512 ?        S    10:49   0:00 python manage.py celeryd -f /var/log/celeryd.log -l INFO
root       413  0.0  0.2  52492 17004 ?        S    10:49   0:01 /usr/bin/python /usr/bin/supervisord -n
root       428  0.0  0.0  32536  6548 ?        S    10:49   0:00 nginx: master process /usr/sbin/nginx
root       429  0.0  0.2  63412 20540 ?        S    10:49   0:00 /usr/local/bin/uwsgi --ini /home/docker/code/confs/uwsgi.ini
www-data   430  0.0  0.0  33604  7040 ?        S    10:49   0:01 nginx: worker process
www-data   431  0.0  0.0  33480  6988 ?        S    10:49   0:03 nginx: worker process
www-data   432  0.0  0.0  33532  6784 ?        S    10:49   0:03 nginx: worker process
www-data   433  0.0  0.0  33496  7044 ?        S    10:49   0:04 nginx: worker process
root       434  0.1  1.2 283372 104532 ?       S    10:49   0:10 /usr/local/bin/uwsgi --ini /home/docker/code/confs/uwsgi.ini
root       435  0.0  1.2 283120 104280 ?       S    10:49   0:07 /usr/local/bin/uwsgi --ini /home/docker/code/confs/uwsgi.ini
root       436  0.8  1.3 284860 106144 ?       S    10:49   1:07 /usr/local/bin/uwsgi --ini /home/docker/code/confs/uwsgi.ini
root       437  0.2  1.2 278228 99664 ?        S    10:49   0:18 /usr/local/bin/uwsgi --ini /home/docker/code/confs/uwsgi.ini
postfix   9130  0.0  0.0  27420  2840 ?        S    12:25   0:00 pickup -l -t unix -u -c
root     13737  0.0  0.0  59648  3052 ?        S    13:01   0:00 /USR/SBIN/CRON
root     13738  0.0  0.0   4456   688 ?        Ss   13:01   0:00 /bin/sh -c /home/docker/code/scripts/system-heartbeat.sh  > /tmp/cron-system-heartbeat.log
root     13739  0.0  0.0   9588  2296 ?        S    13:01   0:00 /bin/bash /home/docker/code/scripts/system-heartbeat.sh
root     13740  0.0  0.0   9600  2536 ?        S    13:01   0:00 /bin/bash /home/docker/code/scripts/system-heartbeat.sh
root     13741  0.0  0.0   4360   676 ?        S    13:01   0:00 tee /data/system-heartbeat/system-heartbeat-20180809-130101.log
root     13762  0.0  0.0  15580  2068 ?        R    13:01   0:00 ps aux
 

------------------------------------------------------------------------------------ 


