Info-msg : Checking directory existence. 

/data/system-heartbeat/ directory exists
Info-msg : hostname of server (hostname). 

clixserver.tiss.edu
 

------------------------------------------------------------------------------------ 


Info-msg : internal ip addresses of the system (ip address). 

 

------------------------------------------------------------------------------------ 


Info-msg : external ip addresses of the system (public ip address). 


 

------------------------------------------------------------------------------------ 


Info-msg : RAM details (free -h). 

             total       used       free     shared    buffers     cached
Mem:          7.7G       3.8G       3.9G       191M       424M       1.2G
-/+ buffers/cache:       2.1G       5.6G
Swap:         7.6G         0B       7.6G
 

------------------------------------------------------------------------------------ 


Info-msg : HDD details (df -h). 

Filesystem      Size  Used Avail Use% Mounted on
overlay         908G   58G  805G   7% /
tmpfs            64M     0   64M   0% /dev
tmpfs           3.9G     0  3.9G   0% /sys/fs/cgroup
/dev/sda3       908G   58G  805G   7% /data
shm              64M     0   64M   0% /dev/shm
tmpfs           3.9G     0  3.9G   0% /proc/scsi
tmpfs           3.9G     0  3.9G   0% /sys/firmware
 

------------------------------------------------------------------------------------ 


Info-msg : Size description in '/data/'. 

8.0K	/data/2031016-mz16-activity-timestamp-csvs.tar.gz
69M	/data/2031016-mz16-assessment-media.tar.gz
8.0K	/data/2031016-mz16-gstudio_tools_logs.tar.gz
64K	/data/activity-timestamp-csvs
165M	/data/assessment-media
16K	/data/clixserver.tiss.edu
376M	/data/db
4.0K	/data/drop_database.sql
8.0K	/data/git-commit-details.log
4.0K	/data/gstudio-exported-users-analytics-csvs
224K	/data/gstudio-logs
124K	/data/gstudio_tools_logs
8.0K	/data/local_settings.py
17G	/data/media
2.4G	/data/nginx-logs
504K	/data/pg_dump_all.sql
2.7M	/data/postgres-dump
3.8M	/data/qbank
679M	/data/rcs-repo
4.0K	/data/server_settings.py
184K	/data/system-heartbeat
 

------------------------------------------------------------------------------------ 


Info-msg : No of directories and files in '/data/media/'. 

No of directories : 4011 

No of files       : 9719 

 

------------------------------------------------------------------------------------ 


Info-msg : uptime (uptime). 

 14:01:07 up 19 min,  0 users,  load average: 0.16, 0.60, 0.61
 

------------------------------------------------------------------------------------ 


Info-msg : current process (uptime). 

USER       PID %CPU %MEM    VSZ   RSS TTY      STAT START   TIME COMMAND
root         1  0.0  0.0   4456   688 ?        Ss   13:42   0:00 /bin/sh -c /home/docker/code/scripts/initialize.sh  | sed -e "s/^/$(date +%Y%m%d-%H%M%S) :  /"  2>&1 | tee -a ${LOG_INSTALL_DOCKER}
root         7  0.0  0.0  18000  2852 ?        S    13:42   0:00 /bin/bash /home/docker/code/scripts/initialize.sh
root        13  0.0  0.0  10996  1412 ?        S    13:42   0:00 sed -e s/^/20181024-134217 :  /
root        15  0.0  0.0   4360  1436 ?        S    13:42   0:00 tee -a /root/DockerLogs/$(DATE_LOG)-gsd-install.log
root        16 33.2  2.9 487148 240856 ?       Sl   13:42   6:14 mongod --config /home/docker/code/confs/mongod.conf
root        18  0.0  0.0  23664  2132 ?        Ss   13:42   0:00 /usr/sbin/cron
postgres    37  0.0  0.2 244856 19380 ?        S    13:42   0:00 /usr/lib/postgresql/9.3/bin/postgres -D /var/lib/postgresql/9.3/main -c config_file=/etc/postgresql/9.3/main/postgresql.conf
postgres    67  0.0  0.0 244992  5452 ?        Ss   13:42   0:00 postgres: checkpointer process                                                                                              
postgres    68  0.0  0.0 244856  4740 ?        Ss   13:42   0:00 postgres: writer process                                                                                                    
postgres    69  0.0  0.0 244856  3276 ?        Ss   13:42   0:00 postgres: wal writer process                                                                                                
postgres    70  0.0  0.0 245732  5940 ?        Ss   13:42   0:00 postgres: autovacuum launcher process                                                                                       
postgres    71  0.0  0.0 100668  3620 ?        Ss   13:42   0:00 postgres: stats collector process                                                                                           
root       174  0.0  0.0  25356  2724 ?        Ss   13:42   0:00 /usr/lib/postfix/master
postfix    179  0.0  0.0  27420  2764 ?        S    13:42   0:00 pickup -l -t unix -u -c
postfix    180  0.0  0.0  27468  2852 ?        S    13:42   0:00 qmgr -l -t unix -u
root       188  0.0  0.0  61388  3124 ?        Ss   13:42   0:00 /usr/sbin/sshd
memcache   195  0.0  0.1 336600 14252 ?        Sl   13:42   0:00 /usr/bin/memcached -m 64 -p 11211 -u memcache -l 127.0.0.1
rabbitmq   224  0.0  0.0   7512    92 ?        S    13:42   0:00 /usr/lib/erlang/erts-5.10.4/bin/epmd -daemon
rabbitmq   248  0.0  0.0   4456   776 ?        S    13:42   0:00 /bin/sh /usr/sbin/rabbitmq-server
rabbitmq   293  0.5  1.1 2303368 92800 ?       Sl   13:42   0:06 /usr/lib/erlang/erts-5.10.4/bin/beam.smp -W w -K true -A30 -P 1048576 -- -root /usr/lib/erlang -progname erl -- -home /var/lib/rabbitmq -- -pa /usr/lib/rabbitmq/lib/rabbitmq_server-3.2.4/sbin/../ebin -noshell -noinput -s rabbit boot -sname rabbit@clixserver -boot start_sasl -kernel inet_default_connect_options [{nodelay,true}] -sasl errlog_type error -sasl sasl_error_logger false -rabbit error_logger {file,"/var/log/rabbitmq/rabbit@clixserver.log"} -rabbit sasl_error_logger {file,"/var/log/rabbitmq/rabbit@clixserver-sasl.log"} -rabbit enabled_plugins_file "/etc/rabbitmq/enabled_plugins" -rabbit plugins_dir "/usr/lib/rabbitmq/lib/rabbitmq_server-3.2.4/sbin/../plugins" -rabbit plugins_expand_dir "/var/lib/rabbitmq/mnesia/rabbit@clixserver-plugins-expand" -os_mon start_cpu_sup false -os_mon start_disksup false -os_mon start_memsup false -mnesia dir "/var/lib/rabbitmq/mnesia/rabbit@clixserver"
root       330  0.1  0.6 186436 50008 ?        S    13:42   0:01 python manage.py celeryd -f /var/log/celeryd.log -l INFO
rabbitmq   391  0.0  0.0   7476   892 ?        Ss   13:42   0:00 inet_gethost 4
rabbitmq   392  0.0  0.0   9568  1636 ?        S    13:42   0:00 inet_gethost 4
root       405  0.0  0.1  33152  9772 ?        S    13:42   0:00 python -m smtpd -n -c DebuggingServer localhost:1025
root       408  2.2  1.1 881156 90208 ?        Sl   13:42   0:24 python main.py
root       410  0.0  0.5 185788 42416 ?        S    13:42   0:00 python manage.py celeryd -f /var/log/celeryd.log -l INFO
root       411  0.0  0.5 185784 42420 ?        S    13:42   0:00 python manage.py celeryd -f /var/log/celeryd.log -l INFO
root       412  0.0  0.5 185784 42424 ?        S    13:42   0:00 python manage.py celeryd -f /var/log/celeryd.log -l INFO
root       413  0.0  0.5 185784 42432 ?        S    13:42   0:00 python manage.py celeryd -f /var/log/celeryd.log -l INFO
root       418  0.0  0.2  52492 16984 ?        S    13:42   0:00 /usr/bin/python /usr/bin/supervisord -n
root       433  0.0  0.0  32536  6488 ?        S    13:42   0:00 nginx: master process /usr/sbin/nginx
root       434  0.0  0.2  63412 20540 ?        S    13:42   0:00 /usr/local/bin/uwsgi --ini /home/docker/code/confs/uwsgi.ini
www-data   435  0.0  0.0  33264  6424 ?        S    13:42   0:00 nginx: worker process
www-data   436  0.1  0.0  33660  6932 ?        S    13:42   0:01 nginx: worker process
www-data   437  0.1  0.0  33504  6916 ?        S    13:42   0:02 nginx: worker process
www-data   438  0.5  0.0  34708  7920 ?        S    13:42   0:06 nginx: worker process
root       439  1.0  1.2 279296 100732 ?       S    13:42   0:11 /usr/local/bin/uwsgi --ini /home/docker/code/confs/uwsgi.ini
root       440  0.7  1.2 278844 100248 ?       S    13:42   0:08 /usr/local/bin/uwsgi --ini /home/docker/code/confs/uwsgi.ini
root       441  0.6  1.2 276008 97404 ?        S    13:42   0:07 /usr/local/bin/uwsgi --ini /home/docker/code/confs/uwsgi.ini
root       442  1.9  1.2 280608 101812 ?       S    13:42   0:21 /usr/local/bin/uwsgi --ini /home/docker/code/confs/uwsgi.ini
root      7840  0.0  0.0  59648  3048 ?        S    14:01   0:00 /USR/SBIN/CRON
root      7841  0.0  0.0   4456   752 ?        Ss   14:01   0:00 /bin/sh -c /home/docker/code/scripts/system-heartbeat.sh  > /tmp/cron-system-heartbeat.log
root      7842  0.0  0.0   9588  2228 ?        S    14:01   0:00 /bin/bash /home/docker/code/scripts/system-heartbeat.sh
root      7843  0.0  0.0   9600  2408 ?        S    14:01   0:00 /bin/bash /home/docker/code/scripts/system-heartbeat.sh
root      7844  0.0  0.0   4360   664 ?        S    14:01   0:00 tee /data/system-heartbeat/system-heartbeat-20181024-140101.log
root      7867  0.0  0.0  15580  2044 ?        R    14:01   0:00 ps aux
 

------------------------------------------------------------------------------------ 


