Info-msg : Checking directory existence. 

/data/system-heartbeat/ directory exists
Info-msg : hostname of server (hostname). 

clixserver.tiss.edu
 

------------------------------------------------------------------------------------ 


Info-msg : internal ip addresses of the system (ip address). 

 

------------------------------------------------------------------------------------ 


Info-msg : external ip addresses of the system (public ip address). 

223.179.226.27
 

------------------------------------------------------------------------------------ 


Info-msg : RAM details (free -h). 

             total       used       free     shared    buffers     cached
Mem:          7.7G       4.4G       3.3G       231M       447M       2.0G
-/+ buffers/cache:       2.0G       5.8G
Swap:         7.6G         0B       7.6G
 

------------------------------------------------------------------------------------ 


Info-msg : HDD details (df -h). 

Filesystem      Size  Used Avail Use% Mounted on
overlay         908G   59G  804G   7% /
tmpfs            64M     0   64M   0% /dev
tmpfs           3.9G     0  3.9G   0% /sys/fs/cgroup
/dev/sda3       908G   59G  804G   7% /data
shm              64M     0   64M   0% /dev/shm
tmpfs           3.9G     0  3.9G   0% /proc/scsi
tmpfs           3.9G     0  3.9G   0% /sys/firmware
 

------------------------------------------------------------------------------------ 


Info-msg : Size description in '/data/'. 

8.0K	/data/2031016-mz16-activity-timestamp-csvs.tar.gz
69M	/data/2031016-mz16-assessment-media.tar.gz
8.0K	/data/2031016-mz16-gstudio_tools_logs.tar.gz
64K	/data/activity-timestamp-csvs
165M	/data/assessment-media
16K	/data/clixserver.tiss.edu
377M	/data/db
4.0K	/data/drop_database.sql
8.0K	/data/git-commit-details.log
4.0K	/data/gstudio-exported-users-analytics-csvs
268K	/data/gstudio-logs
124K	/data/gstudio_tools_logs
8.0K	/data/local_settings.py
17G	/data/media
2.8G	/data/nginx-logs
504K	/data/pg_dump_all.sql
2.7M	/data/postgres-dump
7.8M	/data/qbank
680M	/data/rcs-repo
4.0K	/data/server_settings.py
208K	/data/system-heartbeat
 

------------------------------------------------------------------------------------ 


Info-msg : No of directories and files in '/data/media/'. 

No of directories : 4011 

No of files       : 9719 

 

------------------------------------------------------------------------------------ 


Info-msg : uptime (uptime). 

 12:01:07 up 46 min,  0 users,  load average: 0.84, 0.73, 0.63
 

------------------------------------------------------------------------------------ 


Info-msg : current process (uptime). 

USER       PID %CPU %MEM    VSZ   RSS TTY      STAT START   TIME COMMAND
root         1  0.0  0.0   4456   712 ?        Ss   11:15   0:00 /bin/sh -c /home/docker/code/scripts/initialize.sh  | sed -e "s/^/$(date +%Y%m%d-%H%M%S) :  /"  2>&1 | tee -a ${LOG_INSTALL_DOCKER}
root         7  0.0  0.0  18000  2836 ?        S    11:15   0:00 /bin/bash /home/docker/code/scripts/initialize.sh
root        13  0.0  0.0  10996  1564 ?        S    11:15   0:00 sed -e s/^/20190118-111553 :  /
root        15  0.0  0.0   4360  1256 ?        S    11:15   0:00 tee -a /root/DockerLogs/$(DATE_LOG)-gsd-install.log
root        16  3.9  3.2 460464 264576 ?       Sl   11:15   1:47 mongod --config /home/docker/code/confs/mongod.conf
root        18  0.0  0.0  23664  2140 ?        Ss   11:15   0:00 /usr/sbin/cron
postgres    36  0.0  0.2 244856 19308 ?        S    11:15   0:00 /usr/lib/postgresql/9.3/bin/postgres -D /var/lib/postgresql/9.3/main -c config_file=/etc/postgresql/9.3/main/postgresql.conf
postgres    76  0.0  0.0 244992  4924 ?        Ss   11:15   0:00 postgres: checkpointer process                                                                                              
postgres    77  0.0  0.0 244856  4668 ?        Ss   11:15   0:00 postgres: writer process                                                                                                    
postgres    78  0.0  0.0 244856  3460 ?        Ss   11:15   0:00 postgres: wal writer process                                                                                                
postgres    79  0.0  0.0 245732  5924 ?        Ss   11:15   0:00 postgres: autovacuum launcher process                                                                                       
postgres    80  0.0  0.0 100820  3712 ?        Ss   11:15   0:00 postgres: stats collector process                                                                                           
root       183  0.0  0.0  25356  2740 ?        Ss   11:16   0:00 /usr/lib/postfix/master
postfix    188  0.0  0.0  27420  2740 ?        S    11:16   0:00 pickup -l -t unix -u -c
postfix    189  0.0  0.0  27468  2812 ?        S    11:16   0:00 qmgr -l -t unix -u
root       197  0.0  0.0  61388  3180 ?        Ss   11:16   0:00 /usr/sbin/sshd
rabbitmq   225  0.0  0.0   7512    92 ?        S    11:16   0:00 /usr/lib/erlang/erts-5.10.4/bin/epmd -daemon
rabbitmq   252  0.0  0.0   4456   672 ?        S    11:16   0:00 /bin/sh /usr/sbin/rabbitmq-server
rabbitmq   296  0.5  1.1 2303368 93084 ?       Sl   11:16   0:14 /usr/lib/erlang/erts-5.10.4/bin/beam.smp -W w -K true -A30 -P 1048576 -- -root /usr/lib/erlang -progname erl -- -home /var/lib/rabbitmq -- -pa /usr/lib/rabbitmq/lib/rabbitmq_server-3.2.4/sbin/../ebin -noshell -noinput -s rabbit boot -sname rabbit@clixserver -boot start_sasl -kernel inet_default_connect_options [{nodelay,true}] -sasl errlog_type error -sasl sasl_error_logger false -rabbit error_logger {file,"/var/log/rabbitmq/rabbit@clixserver.log"} -rabbit sasl_error_logger {file,"/var/log/rabbitmq/rabbit@clixserver-sasl.log"} -rabbit enabled_plugins_file "/etc/rabbitmq/enabled_plugins" -rabbit plugins_dir "/usr/lib/rabbitmq/lib/rabbitmq_server-3.2.4/sbin/../plugins" -rabbit plugins_expand_dir "/var/lib/rabbitmq/mnesia/rabbit@clixserver-plugins-expand" -os_mon start_cpu_sup false -os_mon start_disksup false -os_mon start_memsup false -mnesia dir "/var/lib/rabbitmq/mnesia/rabbit@clixserver"
rabbitmq   383  0.0  0.0   7476   920 ?        Ss   11:16   0:00 inet_gethost 4
rabbitmq   384  0.0  0.0   9568  1584 ?        S    11:16   0:00 inet_gethost 4
root       386  0.1  0.6 186436 50052 ?        S    11:16   0:03 python manage.py celeryd -f /var/log/celeryd.log -l INFO
root       408  0.0  0.5 185788 42500 ?        S    11:16   0:00 python manage.py celeryd -f /var/log/celeryd.log -l INFO
root       409  0.0  0.5 185784 42496 ?        S    11:16   0:00 python manage.py celeryd -f /var/log/celeryd.log -l INFO
root       410  0.0  0.5 185784 42508 ?        S    11:16   0:00 python manage.py celeryd -f /var/log/celeryd.log -l INFO
root       411  0.0  0.5 185784 42504 ?        S    11:16   0:00 python manage.py celeryd -f /var/log/celeryd.log -l INFO
root       426  0.0  0.1  33152 10012 ?        S    11:16   0:00 python -m smtpd -n -c DebuggingServer localhost:1025
root       429  0.0  0.6 859100 56524 ?        Sl   11:16   0:00 python main.py
root       435  0.0  0.2  52492 17056 ?        S    11:16   0:00 /usr/bin/python /usr/bin/supervisord -n
root       440  0.0  0.0  32536  6500 ?        S    11:16   0:00 nginx: master process /usr/sbin/nginx
root       441  0.0  0.2  63412 20528 ?        S    11:16   0:00 /usr/local/bin/uwsgi --ini /home/docker/code/confs/uwsgi.ini
root       442  0.0  0.1  63412 15796 ?        S    11:16   0:00 /usr/local/bin/uwsgi --ini /home/docker/code/confs/uwsgi.ini
root       443  0.0  0.1  63412 15796 ?        S    11:16   0:00 /usr/local/bin/uwsgi --ini /home/docker/code/confs/uwsgi.ini
root       444  0.0  0.1  63412 15796 ?        S    11:16   0:00 /usr/local/bin/uwsgi --ini /home/docker/code/confs/uwsgi.ini
root       445  0.0  0.1  63412 15796 ?        S    11:16   0:00 /usr/local/bin/uwsgi --ini /home/docker/code/confs/uwsgi.ini
www-data   446  0.0  0.0  32908  3840 ?        S    11:16   0:00 nginx: worker process
www-data   447  0.0  0.0  32908  3840 ?        S    11:16   0:00 nginx: worker process
www-data   448  0.0  0.0  32908  3840 ?        S    11:16   0:00 nginx: worker process
www-data   449  0.0  0.0  32908  3840 ?        S    11:16   0:00 nginx: worker process
root      1228  0.0  0.0  59648  2972 ?        S    12:01   0:00 /USR/SBIN/CRON
root      1229  0.0  0.0   4456   760 ?        Ss   12:01   0:00 /bin/sh -c /home/docker/code/scripts/system-heartbeat.sh  > /tmp/cron-system-heartbeat.log
root      1230  0.0  0.0   9588  2296 ?        S    12:01   0:00 /bin/bash /home/docker/code/scripts/system-heartbeat.sh
root      1231  0.0  0.0   9600  2536 ?        S    12:01   0:00 /bin/bash /home/docker/code/scripts/system-heartbeat.sh
root      1232  0.0  0.0   4360   640 ?        S    12:01   0:00 tee /data/system-heartbeat/system-heartbeat-20190118-120101.log
root      1255  0.0  0.0  15580  2100 ?        R    12:01   0:00 ps aux
 

------------------------------------------------------------------------------------ 


