Info-msg : Checking directory existence. 

/data/system-heartbeat/ directory exists
Info-msg : hostname of server (hostname). 

clixserver.tiss.edu
 

------------------------------------------------------------------------------------ 


Info-msg : internal ip addresses of the system (ip address). 

 

------------------------------------------------------------------------------------ 


Info-msg : external ip addresses of the system (public ip address). 


 

------------------------------------------------------------------------------------ 


Info-msg : RAM details (free -h). 

             total       used       free     shared    buffers     cached
Mem:          7.7G       4.3G       3.4G       183M       534M       1.5G
-/+ buffers/cache:       2.2G       5.5G
Swap:         7.6G         0B       7.6G
 

------------------------------------------------------------------------------------ 


Info-msg : HDD details (df -h). 

Filesystem      Size  Used Avail Use% Mounted on
overlay         908G   58G  805G   7% /
tmpfs            64M     0   64M   0% /dev
tmpfs           3.9G     0  3.9G   0% /sys/fs/cgroup
/dev/sda3       908G   58G  805G   7% /data
shm              64M     0   64M   0% /dev/shm
tmpfs           3.9G     0  3.9G   0% /proc/scsi
tmpfs           3.9G     0  3.9G   0% /sys/firmware
 

------------------------------------------------------------------------------------ 


Info-msg : Size description in '/data/'. 

8.0K	/data/2031016-mz16-activity-timestamp-csvs.tar.gz
69M	/data/2031016-mz16-assessment-media.tar.gz
8.0K	/data/2031016-mz16-gstudio_tools_logs.tar.gz
64K	/data/activity-timestamp-csvs
165M	/data/assessment-media
16K	/data/clixserver.tiss.edu
375M	/data/db
4.0K	/data/drop_database.sql
8.0K	/data/git-commit-details.log
4.0K	/data/gstudio-exported-users-analytics-csvs
204K	/data/gstudio-logs
124K	/data/gstudio_tools_logs
8.0K	/data/local_settings.py
17G	/data/media
2.3G	/data/nginx-logs
504K	/data/pg_dump_all.sql
2.7M	/data/postgres-dump
3.8M	/data/qbank
679M	/data/rcs-repo
4.0K	/data/server_settings.py
172K	/data/system-heartbeat
 

------------------------------------------------------------------------------------ 


Info-msg : No of directories and files in '/data/media/'. 

No of directories : 4011 

No of files       : 9719 

 

------------------------------------------------------------------------------------ 


Info-msg : uptime (uptime). 

 14:01:02 up  1:09,  0 users,  load average: 0.17, 0.32, 0.50
 

------------------------------------------------------------------------------------ 


Info-msg : current process (uptime). 

USER       PID %CPU %MEM    VSZ   RSS TTY      STAT START   TIME COMMAND
root         1  0.0  0.0   4456   732 ?        Ss   12:52   0:00 /bin/sh -c /home/docker/code/scripts/initialize.sh  | sed -e "s/^/$(date +%Y%m%d-%H%M%S) :  /"  2>&1 | tee -a ${LOG_INSTALL_DOCKER}
root         6  0.0  0.0  18000  2872 ?        S    12:52   0:00 /bin/bash /home/docker/code/scripts/initialize.sh
root        12  0.0  0.0  10996  1448 ?        S    12:52   0:00 sed -e s/^/20181022-125208 :  /
root        14  0.0  0.0   4360  1316 ?        S    12:52   0:00 tee -a /root/DockerLogs/$(DATE_LOG)-gsd-install.log
root        15 17.9  3.3 511944 270796 ?       Sl   12:52  12:21 mongod --config /home/docker/code/confs/mongod.conf
root        17  0.0  0.0  23664  2080 ?        Ss   12:52   0:00 /usr/sbin/cron
postgres    36  0.0  0.2 244856 19284 ?        S    12:52   0:01 /usr/lib/postgresql/9.3/bin/postgres -D /var/lib/postgresql/9.3/main -c config_file=/etc/postgresql/9.3/main/postgresql.conf
postgres    66  0.0  0.0 244992  5852 ?        Ss   12:52   0:00 postgres: checkpointer process                                                                                              
postgres    67  0.0  0.0 244856  4584 ?        Ss   12:52   0:00 postgres: writer process                                                                                                    
postgres    68  0.0  0.0 244856  3392 ?        Ss   12:52   0:00 postgres: wal writer process                                                                                                
postgres    69  0.0  0.0 245732  5996 ?        Ss   12:52   0:00 postgres: autovacuum launcher process                                                                                       
postgres    70  0.0  0.0 100820  3628 ?        Ss   12:52   0:00 postgres: stats collector process                                                                                           
root       173  0.0  0.0  25356  2944 ?        Ss   12:52   0:00 /usr/lib/postfix/master
postfix    178  0.0  0.0  27420  2872 ?        S    12:52   0:00 pickup -l -t unix -u -c
postfix    179  0.0  0.0  27468  2876 ?        S    12:52   0:00 qmgr -l -t unix -u
root       187  0.0  0.0  61388  3184 ?        Ss   12:52   0:00 /usr/sbin/sshd
memcache   194  0.0  0.1 336596 14172 ?        Sl   12:52   0:00 /usr/bin/memcached -m 64 -p 11211 -u memcache -l 127.0.0.1
rabbitmq   223  0.0  0.0   7512    92 ?        S    12:52   0:00 /usr/lib/erlang/erts-5.10.4/bin/epmd -daemon
rabbitmq   250  0.0  0.0   4456   756 ?        S    12:52   0:00 /bin/sh /usr/sbin/rabbitmq-server
rabbitmq   294  0.3  1.1 2303112 92884 ?       Sl   12:52   0:16 /usr/lib/erlang/erts-5.10.4/bin/beam.smp -W w -K true -A30 -P 1048576 -- -root /usr/lib/erlang -progname erl -- -home /var/lib/rabbitmq -- -pa /usr/lib/rabbitmq/lib/rabbitmq_server-3.2.4/sbin/../ebin -noshell -noinput -s rabbit boot -sname rabbit@clixserver -boot start_sasl -kernel inet_default_connect_options [{nodelay,true}] -sasl errlog_type error -sasl sasl_error_logger false -rabbit error_logger {file,"/var/log/rabbitmq/rabbit@clixserver.log"} -rabbit sasl_error_logger {file,"/var/log/rabbitmq/rabbit@clixserver-sasl.log"} -rabbit enabled_plugins_file "/etc/rabbitmq/enabled_plugins" -rabbit plugins_dir "/usr/lib/rabbitmq/lib/rabbitmq_server-3.2.4/sbin/../plugins" -rabbit plugins_expand_dir "/var/lib/rabbitmq/mnesia/rabbit@clixserver-plugins-expand" -os_mon start_cpu_sup false -os_mon start_disksup false -os_mon start_memsup false -mnesia dir "/var/lib/rabbitmq/mnesia/rabbit@clixserver"
rabbitmq   381  0.0  0.0   7476   992 ?        Ss   12:52   0:00 inet_gethost 4
rabbitmq   382  0.0  0.0   9568  1680 ?        S    12:52   0:00 inet_gethost 4
root       384  0.0  0.6 186400 50156 ?        S    12:52   0:00 python manage.py celeryd -f /var/log/celeryd.log -l INFO
root       406  0.0  0.5 185776 42576 ?        S    12:52   0:00 python manage.py celeryd -f /var/log/celeryd.log -l INFO
root       407  0.0  0.5 185776 42580 ?        S    12:52   0:00 python manage.py celeryd -f /var/log/celeryd.log -l INFO
root       408  0.0  0.5 185776 42584 ?        S    12:52   0:00 python manage.py celeryd -f /var/log/celeryd.log -l INFO
root       409  0.0  0.5 185776 42592 ?        S    12:52   0:00 python manage.py celeryd -f /var/log/celeryd.log -l INFO
root       422  0.0  0.1  33152  9816 ?        S    12:52   0:00 python -m smtpd -n -c DebuggingServer localhost:1025
root       425  0.0  1.0 880644 86560 ?        Sl   12:52   0:01 python main.py
root       431  0.0  0.2  52492 17080 ?        S    12:52   0:01 /usr/bin/python /usr/bin/supervisord -n
root       446  0.0  0.0  32536  6492 ?        S    12:52   0:00 nginx: master process /usr/sbin/nginx
root       447  0.0  0.2  63412 20528 ?        S    12:52   0:00 /usr/local/bin/uwsgi --ini /home/docker/code/confs/uwsgi.ini
www-data   448  0.0  0.0  33312  6640 ?        S    12:52   0:01 nginx: worker process
www-data   449  0.0  0.0  33452  6684 ?        S    12:52   0:01 nginx: worker process
www-data   450  0.0  0.0  33392  6784 ?        S    12:52   0:01 nginx: worker process
www-data   451  0.1  0.0  33516  6704 ?        S    12:52   0:04 nginx: worker process
root       452  0.3  1.2 280060 101284 ?       S    12:52   0:13 /usr/local/bin/uwsgi --ini /home/docker/code/confs/uwsgi.ini
root       453  0.3  1.3 287148 108424 ?       S    12:52   0:13 /usr/local/bin/uwsgi --ini /home/docker/code/confs/uwsgi.ini
root       454  0.5  1.3 286008 107492 ?       S    12:52   0:22 /usr/local/bin/uwsgi --ini /home/docker/code/confs/uwsgi.ini
root       455  1.4  1.3 287968 109476 ?       S    12:52   0:58 /usr/local/bin/uwsgi --ini /home/docker/code/confs/uwsgi.ini
root     10706  0.0  0.0  59648  2996 ?        S    14:01   0:00 /USR/SBIN/CRON
root     10707  0.0  0.0   4456   788 ?        Ss   14:01   0:00 /bin/sh -c /home/docker/code/scripts/system-heartbeat.sh  > /tmp/cron-system-heartbeat.log
root     10708  0.0  0.0   9588  2272 ?        S    14:01   0:00 /bin/bash /home/docker/code/scripts/system-heartbeat.sh
root     10709  0.0  0.0   9600  2476 ?        S    14:01   0:00 /bin/bash /home/docker/code/scripts/system-heartbeat.sh
root     10710  0.0  0.0   4360   672 ?        S    14:01   0:00 tee /data/system-heartbeat/system-heartbeat-20181022-140101.log
root     10731  0.0  0.0  15580  2108 ?        R    14:01   0:00 ps aux
 

------------------------------------------------------------------------------------ 


