Info-msg : Checking directory existence. 

/data/system-heartbeat/ directory exists
Info-msg : hostname of server (hostname). 

clixserver.tiss.edu
 

------------------------------------------------------------------------------------ 


Info-msg : internal ip addresses of the system (ip address). 

 

------------------------------------------------------------------------------------ 


Info-msg : external ip addresses of the system (public ip address). 


 

------------------------------------------------------------------------------------ 


Info-msg : RAM details (free -h). 

             total       used       free     shared    buffers     cached
Mem:          7.7G       3.6G       4.2G       154M       523M       1.2G
-/+ buffers/cache:       1.9G       5.8G
Swap:         7.6G         0B       7.6G
 

------------------------------------------------------------------------------------ 


Info-msg : HDD details (df -h). 

Filesystem      Size  Used Avail Use% Mounted on
overlay         908G   56G  806G   7% /
tmpfs            64M     0   64M   0% /dev
tmpfs           3.9G     0  3.9G   0% /sys/fs/cgroup
/dev/sda3       908G   56G  806G   7% /data
shm              64M     0   64M   0% /dev/shm
tmpfs           3.9G     0  3.9G   0% /proc/scsi
tmpfs           3.9G     0  3.9G   0% /sys/firmware
 

------------------------------------------------------------------------------------ 


Info-msg : Size description in '/data/'. 

8.0K	/data/2031017-mz17-activity-timestamp-csvs.tar.gz
102M	/data/2031017-mz17-assessment-media.tar.gz
4.0K	/data/2031017-mz17-gstudio_tools_logs.tar.gz
64K	/data/activity-timestamp-csvs
229M	/data/assessment-media
16K	/data/clixserver.tiss.edu
383M	/data/db
4.0K	/data/drop_database.sql
12K	/data/git-commit-details.log
3.8M	/data/gstudio-exported-users-analytics-csvs
28K	/data/gstudio-logs
48K	/data/gstudio_tools_logs
8.0K	/data/local_settings.py
17G	/data/media
1018M	/data/nginx-logs
504K	/data/pg_dump_all.sql
2.7M	/data/postgres-dump
3.6M	/data/qbank
673M	/data/rcs-repo
4.0K	/data/server_settings.py
268K	/data/system-heartbeat
 

------------------------------------------------------------------------------------ 


Info-msg : No of directories and files in '/data/media/'. 

No of directories : 4002 

No of files       : 9635 

 

------------------------------------------------------------------------------------ 


Info-msg : uptime (uptime). 

 20:01:22 up  1:02,  0 users,  load average: 0.52, 0.19, 0.19
 

------------------------------------------------------------------------------------ 


Info-msg : current process (uptime). 

USER       PID %CPU %MEM    VSZ   RSS TTY      STAT START   TIME COMMAND
root         1  0.0  0.0   4456   748 ?        Ss   19:00   0:00 /bin/sh -c /home/docker/code/scripts/initialize.sh  | sed -e "s/^/$(date +%Y%m%d-%H%M%S) :  /"  2>&1 | tee -a ${LOG_INSTALL_DOCKER}
root         8  0.0  0.0  18000  2808 ?        S    19:00   0:00 /bin/bash /home/docker/code/scripts/initialize.sh
root         9  0.0  0.0  10996  1344 ?        S    19:00   0:00 sed -e s/^/20181113-190010 :  /
root        10  0.0  0.0   4360  1252 ?        S    19:00   0:00 tee -a /root/DockerLogs/$(DATE_LOG)-gsd-install.log
root        17 29.7  3.8 577204 308796 ?       Sl   19:00  18:11 mongod --config /home/docker/code/confs/mongod.conf
root        19  0.0  0.0  23664  2116 ?        Ss   19:00   0:00 /usr/sbin/cron
postgres    45  0.0  0.2 244856 19140 ?        S    19:00   0:00 /usr/lib/postgresql/9.3/bin/postgres -D /var/lib/postgresql/9.3/main -c config_file=/etc/postgresql/9.3/main/postgresql.conf
postgres    68  0.0  0.0 244992  5228 ?        Ss   19:00   0:00 postgres: checkpointer process                                                                                              
postgres    69  0.0  0.0 244856  4608 ?        Ss   19:00   0:00 postgres: writer process                                                                                                    
postgres    70  0.0  0.0 244856  3272 ?        Ss   19:00   0:00 postgres: wal writer process                                                                                                
postgres    71  0.0  0.0 245732  5956 ?        Ss   19:00   0:00 postgres: autovacuum launcher process                                                                                       
postgres    72  0.0  0.0 100820  3584 ?        Ss   19:00   0:00 postgres: stats collector process                                                                                           
root       175  0.0  0.0  25356  3000 ?        Ss   19:00   0:00 /usr/lib/postfix/master
postfix    180  0.0  0.0  27420  2828 ?        S    19:00   0:00 pickup -l -t unix -u -c
postfix    181  0.0  0.0  27468  2788 ?        S    19:00   0:00 qmgr -l -t unix -u
root       189  0.0  0.0  61388  3188 ?        Ss   19:00   0:00 /usr/sbin/sshd
memcache   196  0.0  0.1 331484  9236 ?        Sl   19:00   0:00 /usr/bin/memcached -m 64 -p 11211 -u memcache -l 127.0.0.1
rabbitmq   225  0.0  0.0   7512    92 ?        S    19:00   0:00 /usr/lib/erlang/erts-5.10.4/bin/epmd -daemon
rabbitmq   249  0.0  0.0   4456   768 ?        S    19:00   0:00 /bin/sh /usr/sbin/rabbitmq-server
rabbitmq   294  0.5  1.1 2303368 93152 ?       Sl   19:00   0:20 /usr/lib/erlang/erts-5.10.4/bin/beam.smp -W w -K true -A30 -P 1048576 -- -root /usr/lib/erlang -progname erl -- -home /var/lib/rabbitmq -- -pa /usr/lib/rabbitmq/lib/rabbitmq_server-3.2.4/sbin/../ebin -noshell -noinput -s rabbit boot -sname rabbit@clixserver -boot start_sasl -kernel inet_default_connect_options [{nodelay,true}] -sasl errlog_type error -sasl sasl_error_logger false -rabbit error_logger {file,"/var/log/rabbitmq/rabbit@clixserver.log"} -rabbit sasl_error_logger {file,"/var/log/rabbitmq/rabbit@clixserver-sasl.log"} -rabbit enabled_plugins_file "/etc/rabbitmq/enabled_plugins" -rabbit plugins_dir "/usr/lib/rabbitmq/lib/rabbitmq_server-3.2.4/sbin/../plugins" -rabbit plugins_expand_dir "/var/lib/rabbitmq/mnesia/rabbit@clixserver-plugins-expand" -os_mon start_cpu_sup false -os_mon start_disksup false -os_mon start_memsup false -mnesia dir "/var/lib/rabbitmq/mnesia/rabbit@clixserver"
root       331  0.1  0.6 186428 50008 ?        S    19:00   0:04 python manage.py celeryd -f /var/log/celeryd.log -l INFO
rabbitmq   392  0.0  0.0   7476   944 ?        Ss   19:00   0:00 inet_gethost 4
rabbitmq   393  0.0  0.0   9568  1692 ?        S    19:00   0:00 inet_gethost 4
root       406  0.0  0.1  33152  9900 ?        S    19:00   0:00 python -m smtpd -n -c DebuggingServer localhost:1025
root       409  0.0  0.6 859096 56412 ?        Sl   19:00   0:00 python main.py
root       414  0.0  0.5 185780 42404 ?        S    19:00   0:00 python manage.py celeryd -f /var/log/celeryd.log -l INFO
root       415  0.0  0.5 185776 42408 ?        S    19:00   0:00 python manage.py celeryd -f /var/log/celeryd.log -l INFO
root       416  0.0  0.5 185776 42388 ?        S    19:00   0:00 python manage.py celeryd -f /var/log/celeryd.log -l INFO
root       417  0.0  0.5 185776 42404 ?        S    19:00   0:00 python manage.py celeryd -f /var/log/celeryd.log -l INFO
root       419  0.0  0.2  52492 17108 ?        S    19:00   0:00 /usr/bin/python /usr/bin/supervisord -n
root       434  0.0  0.0  32536  6416 ?        S    19:00   0:00 nginx: master process /usr/sbin/nginx
root       435  0.0  0.2  63412 20628 ?        S    19:00   0:00 /usr/local/bin/uwsgi --ini /home/docker/code/confs/uwsgi.ini
www-data   436  0.0  0.0  33552  6916 ?        S    19:00   0:00 nginx: worker process
www-data   437  0.0  0.0  33444  6720 ?        S    19:00   0:00 nginx: worker process
www-data   438  0.0  0.0  33484  6668 ?        S    19:00   0:00 nginx: worker process
www-data   439  0.0  0.0  33472  6748 ?        S    19:00   0:01 nginx: worker process
root       440  0.2  1.2 283132 104512 ?       S    19:00   0:08 /usr/local/bin/uwsgi --ini /home/docker/code/confs/uwsgi.ini
root       441  0.1  1.2 283660 104944 ?       S    19:00   0:07 /usr/local/bin/uwsgi --ini /home/docker/code/confs/uwsgi.ini
root       442  0.2  1.2 282920 104288 ?       S    19:00   0:07 /usr/local/bin/uwsgi --ini /home/docker/code/confs/uwsgi.ini
root       443  0.5  1.2 283684 105060 ?       S    19:00   0:20 /usr/local/bin/uwsgi --ini /home/docker/code/confs/uwsgi.ini
root      3536  0.0  0.0  59648  3016 ?        S    20:01   0:00 /USR/SBIN/CRON
root      3537  0.0  0.0   4456   676 ?        Ss   20:01   0:00 /bin/sh -c /home/docker/code/scripts/system-heartbeat.sh  > /tmp/cron-system-heartbeat.log
root      3538  0.0  0.0   9588  2296 ?        S    20:01   0:00 /bin/bash /home/docker/code/scripts/system-heartbeat.sh
root      3539  0.0  0.0   9600  2532 ?        S    20:01   0:00 /bin/bash /home/docker/code/scripts/system-heartbeat.sh
root      3540  0.0  0.0   4360   656 ?        S    20:01   0:00 tee /data/system-heartbeat/system-heartbeat-20181113-200101.log
postgres  3625  0.0  0.1 246680 10784 ?        Ss   20:01   0:00 postgres: glab gstudio_psql 127.0.0.1(41128) idle                                                                           
root      3636  0.0  0.0  15580  2208 ?        R    20:01   0:00 ps aux
 

------------------------------------------------------------------------------------ 


