Info-msg : Checking directory existence. 

/data/system-heartbeat/ directory created successfully
Info-msg : hostname of server (hostname). 

clixserver.tiss.edu
 

------------------------------------------------------------------------------------ 


Info-msg : internal ip addresses of the system (ip address). 

eth0- 172.18.0.2
 

------------------------------------------------------------------------------------ 


Info-msg : external ip addresses of the system (public ip address). 


 

------------------------------------------------------------------------------------ 


Info-msg : RAM details (free -h). 

             total       used       free     shared    buffers     cached
Mem:          7.7G       7.3G       456M       166M       677M       4.8G
-/+ buffers/cache:       1.8G       5.9G
Swap:         7.6G       2.3M       7.6G
 

------------------------------------------------------------------------------------ 


Info-msg : HDD details (df -h). 

Filesystem      Size  Used Avail Use% Mounted on
overlay         908G   39G  823G   5% /
tmpfs            64M     0   64M   0% /dev
tmpfs           3.9G     0  3.9G   0% /sys/fs/cgroup
/dev/sda3       908G   39G  823G   5% /data
shm              64M     0   64M   0% /dev/shm
tmpfs           3.9G     0  3.9G   0% /proc/scsi
tmpfs           3.9G     0  3.9G   0% /sys/firmware
 

------------------------------------------------------------------------------------ 


Info-msg : Size description in '/data/'. 

16K	/data/clixserver.tiss.edu
361M	/data/db
4.0K	/data/drop_database.sql
17G	/data/media
4.0K	/data/nginx-logs
504K	/data/pg_dump_all.sql
2.5M	/data/postgres-dump
1.9M	/data/qbank
670M	/data/rcs-repo
8.0K	/data/system-heartbeat
 

------------------------------------------------------------------------------------ 


Info-msg : No of directories and files in '/data/media/'. 

No of directories : 4002 

No of files       : 9629 

 

------------------------------------------------------------------------------------ 


Info-msg : uptime (uptime). 

 17:31:02 up 26 min,  0 users,  load average: 1.68, 1.70, 1.64
 

------------------------------------------------------------------------------------ 


Info-msg : current process (uptime). 

USER       PID %CPU %MEM    VSZ   RSS TTY      STAT START   TIME COMMAND
root         1  0.0  0.0   4456   740 ?        Ss   17:19   0:00 /bin/sh -c /home/docker/code/scripts/initialize.sh  | sed -e "s/^/$(date +%Y%m%d-%H%M%S) :  /"  2>&1 | tee -a ${LOG_INSTALL_DOCKER}
root         8  0.0  0.0  18000  2892 ?        S    17:19   0:00 /bin/bash /home/docker/code/scripts/initialize.sh
root         9  0.0  0.0  10996  1448 ?        S    17:19   0:00 sed -e s/^/20180814-171958 :  /
root        10  0.0  0.0   4360  1356 ?        S    17:19   0:00 tee -a /root/DockerLogs/$(DATE_LOG)-gsd-install.log
root        17 56.0  2.6 416120 210664 ?       Sl   17:19   6:11 mongod --config /home/docker/code/confs/mongod.conf
root        19  0.0  0.0  23664  2172 ?        Ss   17:19   0:00 /usr/sbin/cron
postgres    37  0.0  0.2 244856 19332 ?        S    17:19   0:00 /usr/lib/postgresql/9.3/bin/postgres -D /var/lib/postgresql/9.3/main -c config_file=/etc/postgresql/9.3/main/postgresql.conf
postgres    67  0.0  0.1 245000  8352 ?        Ss   17:20   0:00 postgres: checkpointer process                                                                                              
postgres    68  0.0  0.0 244856  4520 ?        Ss   17:20   0:00 postgres: writer process                                                                                                    
postgres    69  0.0  0.0 244856  3352 ?        Ss   17:20   0:00 postgres: wal writer process                                                                                                
postgres    70  0.0  0.0 245732  6288 ?        Ss   17:20   0:00 postgres: autovacuum launcher process                                                                                       
postgres    71  0.0  0.0 100820  3776 ?        Ss   17:20   0:00 postgres: stats collector process                                                                                           
root       226  0.0  0.0  25356  2808 ?        Ss   17:20   0:00 /usr/lib/postfix/master
postfix    232  0.0  0.0  27420  2832 ?        S    17:20   0:00 pickup -l -t unix -u -c
postfix    233  0.0  0.0  27468  2924 ?        S    17:20   0:00 qmgr -l -t unix -u
root       240  0.0  0.0  61388  3128 ?        Ss   17:20   0:00 /usr/sbin/sshd
memcache   247  0.0  0.0 197412  5588 ?        Sl   17:20   0:00 /usr/bin/memcached -m 64 -p 11211 -u memcache -l 127.0.0.1
rabbitmq   276  0.0  0.0   7512    88 ?        S    17:20   0:00 /usr/lib/erlang/erts-5.10.4/bin/epmd -daemon
rabbitmq   310  0.0  0.0   4456   788 ?        S    17:20   0:00 /bin/sh /usr/sbin/rabbitmq-server
rabbitmq   356  0.4  1.1 2303624 93260 ?       Sl   17:20   0:02 /usr/lib/erlang/erts-5.10.4/bin/beam.smp -W w -K true -A30 -P 1048576 -- -root /usr/lib/erlang -progname erl -- -home /var/lib/rabbitmq -- -pa /usr/lib/rabbitmq/lib/rabbitmq_server-3.2.4/sbin/../ebin -noshell -noinput -s rabbit boot -sname rabbit@clixserver -boot start_sasl -kernel inet_default_connect_options [{nodelay,true}] -sasl errlog_type error -sasl sasl_error_logger false -rabbit error_logger {file,"/var/log/rabbitmq/rabbit@clixserver.log"} -rabbit sasl_error_logger {file,"/var/log/rabbitmq/rabbit@clixserver-sasl.log"} -rabbit enabled_plugins_file "/etc/rabbitmq/enabled_plugins" -rabbit plugins_dir "/usr/lib/rabbitmq/lib/rabbitmq_server-3.2.4/sbin/../plugins" -rabbit plugins_expand_dir "/var/lib/rabbitmq/mnesia/rabbit@clixserver-plugins-expand" -os_mon start_cpu_sup false -os_mon start_disksup false -os_mon start_memsup false -mnesia dir "/var/lib/rabbitmq/mnesia/rabbit@clixserver"
root       401  0.1  0.6 186492 50552 ?        S    17:20   0:00 python manage.py celeryd -f /var/log/celeryd.log -l INFO
root       479  0.0  0.5 185780 42564 ?        S    17:20   0:00 python manage.py celeryd -f /var/log/celeryd.log -l INFO
root       480  0.0  0.5 185776 42568 ?        S    17:20   0:00 python manage.py celeryd -f /var/log/celeryd.log -l INFO
root       481  0.0  0.5 185776 42572 ?        S    17:20   0:00 python manage.py celeryd -f /var/log/celeryd.log -l INFO
root       482  0.0  0.5 185776 42576 ?        S    17:20   0:00 python manage.py celeryd -f /var/log/celeryd.log -l INFO
root       531  0.0  0.1  33152  9924 ?        S    17:20   0:00 python -m smtpd -n -c DebuggingServer localhost:1025
root       541  0.0  0.2  52484 16984 ?        S    17:20   0:00 /usr/bin/python /usr/bin/supervisord -n
rabbitmq   546  0.0  0.0   7476   952 ?        Ss   17:20   0:00 inet_gethost 4
rabbitmq   547  0.0  0.0   9568  1668 ?        S    17:20   0:00 inet_gethost 4
root       549  0.0  0.2  63412 20520 ?        S    17:20   0:00 /usr/local/bin/uwsgi --ini /home/docker/code/confs/uwsgi.ini
root       550  0.0  0.1  63412 15936 ?        S    17:20   0:00 /usr/local/bin/uwsgi --ini /home/docker/code/confs/uwsgi.ini
root       551  0.0  0.1  63412 15936 ?        S    17:20   0:00 /usr/local/bin/uwsgi --ini /home/docker/code/confs/uwsgi.ini
root       552  0.0  0.1  63412 15936 ?        S    17:20   0:00 /usr/local/bin/uwsgi --ini /home/docker/code/confs/uwsgi.ini
root       553  0.0  0.1  63412 15936 ?        S    17:20   0:00 /usr/local/bin/uwsgi --ini /home/docker/code/confs/uwsgi.ini
root     21819  0.5  0.0   4456   764 pts/0    Ss+  17:30   0:00 /bin/sh -c /home/docker/code/scripts/system-heartbeat.sh  > /tmp/cron-system-heartbeat.log
root     21826  0.0  0.0  18032  2780 pts/0    S+   17:30   0:00 /bin/bash /home/docker/code/scripts/system-heartbeat.sh
root     21827  0.0  0.0  18044  2528 pts/0    S+   17:30   0:00 /bin/bash /home/docker/code/scripts/system-heartbeat.sh
root     21828  0.0  0.0   4360   652 pts/0    S+   17:30   0:00 tee /data/system-heartbeat/system-heartbeat-20180814-173100.log
root     21851  0.0  0.0  15580  2104 pts/0    R+   17:31   0:00 ps aux
 

------------------------------------------------------------------------------------ 


