Info-msg : Checking directory existence. 

/data/system-heartbeat/ directory exists
Info-msg : hostname of server (hostname). 

clixserver.tiss.edu
 

------------------------------------------------------------------------------------ 


Info-msg : internal ip addresses of the system (ip address). 

 

------------------------------------------------------------------------------------ 


Info-msg : external ip addresses of the system (public ip address). 


 

------------------------------------------------------------------------------------ 


Info-msg : RAM details (free -h). 

             total       used       free     shared    buffers     cached
Mem:          7.7G       3.2G       4.5G       147M       532M       1.1G
-/+ buffers/cache:       1.5G       6.2G
Swap:         7.6G         0B       7.6G
 

------------------------------------------------------------------------------------ 


Info-msg : HDD details (df -h). 

Filesystem      Size  Used Avail Use% Mounted on
overlay         908G   56G  806G   7% /
tmpfs            64M     0   64M   0% /dev
tmpfs           3.9G     0  3.9G   0% /sys/fs/cgroup
/dev/sda3       908G   56G  806G   7% /data
shm              64M     0   64M   0% /dev/shm
tmpfs           3.9G     0  3.9G   0% /proc/scsi
tmpfs           3.9G     0  3.9G   0% /sys/firmware
 

------------------------------------------------------------------------------------ 


Info-msg : Size description in '/data/'. 

8.0K	/data/2031017-mz17-activity-timestamp-csvs.tar.gz
102M	/data/2031017-mz17-assessment-media.tar.gz
4.0K	/data/2031017-mz17-gstudio_tools_logs.tar.gz
64K	/data/activity-timestamp-csvs
229M	/data/assessment-media
16K	/data/clixserver.tiss.edu
380M	/data/db
4.0K	/data/drop_database.sql
12K	/data/git-commit-details.log
3.2M	/data/gstudio-exported-users-analytics-csvs
20K	/data/gstudio-logs
48K	/data/gstudio_tools_logs
8.0K	/data/local_settings.py
17G	/data/media
973M	/data/nginx-logs
504K	/data/pg_dump_all.sql
2.7M	/data/postgres-dump
4.2M	/data/qbank
673M	/data/rcs-repo
4.0K	/data/server_settings.py
232K	/data/system-heartbeat
 

------------------------------------------------------------------------------------ 


Info-msg : No of directories and files in '/data/media/'. 

No of directories : 4002 

No of files       : 9635 

 

------------------------------------------------------------------------------------ 


Info-msg : uptime (uptime). 

 20:01:21 up  2:09,  0 users,  load average: 0.10, 0.12, 0.12
 

------------------------------------------------------------------------------------ 


Info-msg : current process (uptime). 

USER       PID %CPU %MEM    VSZ   RSS TTY      STAT START   TIME COMMAND
root         1  0.0  0.0   4456   756 ?        Ss   17:52   0:00 /bin/sh -c /home/docker/code/scripts/initialize.sh  | sed -e "s/^/$(date +%Y%m%d-%H%M%S) :  /"  2>&1 | tee -a ${LOG_INSTALL_DOCKER}
root         7  0.0  0.0  18000  2780 ?        S    17:53   0:00 /bin/bash /home/docker/code/scripts/initialize.sh
root        13  0.0  0.0  10996  1512 ?        S    17:53   0:00 sed -e s/^/20181026-175305 :  /
root        14  0.0  0.0   4360  1320 ?        S    17:53   0:00 tee -a /root/DockerLogs/$(DATE_LOG)-gsd-install.log
root        16 21.4  3.7 514400 306540 ?       Sl   17:53  27:33 mongod --config /home/docker/code/confs/mongod.conf
root        18  0.0  0.0  23664  2084 ?        Ss   17:53   0:00 /usr/sbin/cron
postgres    37  0.0  0.2 244856 19180 ?        S    17:53   0:00 /usr/lib/postgresql/9.3/bin/postgres -D /var/lib/postgresql/9.3/main -c config_file=/etc/postgresql/9.3/main/postgresql.conf
postgres    67  0.0  0.0 244992  5200 ?        Ss   17:53   0:00 postgres: checkpointer process                                                                                              
postgres    68  0.0  0.0 244856  4460 ?        Ss   17:53   0:00 postgres: writer process                                                                                                    
postgres    69  0.0  0.0 244856  3240 ?        Ss   17:53   0:00 postgres: wal writer process                                                                                                
postgres    70  0.0  0.0 245732  6048 ?        Ss   17:53   0:00 postgres: autovacuum launcher process                                                                                       
postgres    71  0.0  0.0 100820  3780 ?        Ss   17:53   0:00 postgres: stats collector process                                                                                           
root       174  0.0  0.0  25356  2948 ?        Ss   17:53   0:00 /usr/lib/postfix/master
postfix    180  0.0  0.0  27468  2920 ?        S    17:53   0:00 qmgr -l -t unix -u
root       188  0.0  0.0  61388  3064 ?        Ss   17:53   0:00 /usr/sbin/sshd
memcache   195  0.0  0.0 262948  6104 ?        Sl   17:53   0:00 /usr/bin/memcached -m 64 -p 11211 -u memcache -l 127.0.0.1
rabbitmq   224  0.0  0.0   7512    88 ?        S    17:53   0:00 /usr/lib/erlang/erts-5.10.4/bin/epmd -daemon
rabbitmq   248  0.0  0.0   4456   680 ?        S    17:53   0:00 /bin/sh /usr/sbin/rabbitmq-server
rabbitmq   293  0.5  1.1 2303368 93136 ?       Sl   17:53   0:43 /usr/lib/erlang/erts-5.10.4/bin/beam.smp -W w -K true -A30 -P 1048576 -- -root /usr/lib/erlang -progname erl -- -home /var/lib/rabbitmq -- -pa /usr/lib/rabbitmq/lib/rabbitmq_server-3.2.4/sbin/../ebin -noshell -noinput -s rabbit boot -sname rabbit@clixserver -boot start_sasl -kernel inet_default_connect_options [{nodelay,true}] -sasl errlog_type error -sasl sasl_error_logger false -rabbit error_logger {file,"/var/log/rabbitmq/rabbit@clixserver.log"} -rabbit sasl_error_logger {file,"/var/log/rabbitmq/rabbit@clixserver-sasl.log"} -rabbit enabled_plugins_file "/etc/rabbitmq/enabled_plugins" -rabbit plugins_dir "/usr/lib/rabbitmq/lib/rabbitmq_server-3.2.4/sbin/../plugins" -rabbit plugins_expand_dir "/var/lib/rabbitmq/mnesia/rabbit@clixserver-plugins-expand" -os_mon start_cpu_sup false -os_mon start_disksup false -os_mon start_memsup false -mnesia dir "/var/lib/rabbitmq/mnesia/rabbit@clixserver"
root       330  0.1  0.6 186428 50088 ?        S    17:53   0:09 python manage.py celeryd -f /var/log/celeryd.log -l INFO
rabbitmq   402  0.0  0.0   7476   884 ?        Ss   17:53   0:00 inet_gethost 4
root       403  0.0  0.5 185780 42496 ?        S    17:53   0:00 python manage.py celeryd -f /var/log/celeryd.log -l INFO
root       404  0.0  0.5 185776 42500 ?        S    17:53   0:00 python manage.py celeryd -f /var/log/celeryd.log -l INFO
root       405  0.0  0.5 185776 42488 ?        S    17:53   0:00 python manage.py celeryd -f /var/log/celeryd.log -l INFO
root       406  0.0  0.5 185776 42492 ?        S    17:53   0:00 python manage.py celeryd -f /var/log/celeryd.log -l INFO
rabbitmq   407  0.0  0.0   9568  1596 ?        S    17:53   0:00 inet_gethost 4
root       420  0.0  0.1  33152 10020 ?        S    17:53   0:00 python -m smtpd -n -c DebuggingServer localhost:1025
root       423  0.0  0.7 859096 56652 ?        Sl   17:53   0:01 python main.py
root       429  0.0  0.2  52492 16948 ?        S    17:53   0:01 /usr/bin/python /usr/bin/supervisord -n
root       444  0.0  0.0  32536  6440 ?        S    17:53   0:00 nginx: master process /usr/sbin/nginx
root       445  0.0  0.2  63412 20616 ?        S    17:53   0:00 /usr/local/bin/uwsgi --ini /home/docker/code/confs/uwsgi.ini
www-data   446  0.0  0.0  32908  3900 ?        S    17:53   0:00 nginx: worker process
www-data   447  0.0  0.0  32908  3900 ?        S    17:53   0:00 nginx: worker process
www-data   448  0.0  0.0  32908  3900 ?        S    17:53   0:00 nginx: worker process
www-data   449  0.0  0.0  32908  3900 ?        S    17:53   0:00 nginx: worker process
root       450  0.0  0.1  63412 15720 ?        S    17:53   0:00 /usr/local/bin/uwsgi --ini /home/docker/code/confs/uwsgi.ini
root       451  0.0  0.1  63412 15720 ?        S    17:53   0:00 /usr/local/bin/uwsgi --ini /home/docker/code/confs/uwsgi.ini
root       452  0.0  0.1  63412 15720 ?        S    17:53   0:00 /usr/local/bin/uwsgi --ini /home/docker/code/confs/uwsgi.ini
root       453  0.0  0.1  63412 15720 ?        S    17:53   0:00 /usr/local/bin/uwsgi --ini /home/docker/code/confs/uwsgi.ini
postfix   2501  0.0  0.0  27420  2872 ?        S    19:29   0:00 pickup -l -t unix -u -c
root      2967  0.0  0.0  59648  3004 ?        S    20:01   0:00 /USR/SBIN/CRON
root      2968  0.0  0.0   4456   764 ?        Ss   20:01   0:00 /bin/sh -c /home/docker/code/scripts/system-heartbeat.sh  > /tmp/cron-system-heartbeat.log
root      2969  0.0  0.0   9588  2288 ?        S    20:01   0:00 /bin/bash /home/docker/code/scripts/system-heartbeat.sh
root      2970  0.0  0.0   9600  2528 ?        S    20:01   0:00 /bin/bash /home/docker/code/scripts/system-heartbeat.sh
root      2971  0.0  0.0   4360   644 ?        S    20:01   0:00 tee /data/system-heartbeat/system-heartbeat-20181026-200101.log
root      2997  0.0  0.0  15580  2072 ?        R    20:01   0:00 ps aux
 

------------------------------------------------------------------------------------ 


