Info-msg : Checking directory existence. 

/data/system-heartbeat/ directory exists
Info-msg : hostname of server (hostname). 

clixserver.tiss.edu
 

------------------------------------------------------------------------------------ 


Info-msg : internal ip addresses of the system (ip address). 

 

------------------------------------------------------------------------------------ 


Info-msg : external ip addresses of the system (public ip address). 


 

------------------------------------------------------------------------------------ 


Info-msg : RAM details (free -h). 

             total       used       free     shared    buffers     cached
Mem:          7.7G       3.8G       3.9G       207M       519M       1.2G
-/+ buffers/cache:       2.1G       5.6G
Swap:         7.6G         0B       7.6G
 

------------------------------------------------------------------------------------ 


Info-msg : HDD details (df -h). 

Filesystem      Size  Used Avail Use% Mounted on
overlay         908G   55G  807G   7% /
tmpfs            64M     0   64M   0% /dev
tmpfs           3.9G     0  3.9G   0% /sys/fs/cgroup
/dev/sda3       908G   55G  807G   7% /data
shm              64M     0   64M   0% /dev/shm
tmpfs           3.9G     0  3.9G   0% /proc/scsi
tmpfs           3.9G     0  3.9G   0% /sys/firmware
 

------------------------------------------------------------------------------------ 


Info-msg : Size description in '/data/'. 

8.0K	/data/2031017-mz17-activity-timestamp-csvs.tar.gz
44M	/data/2031017-mz17-assessment-media.tar.gz
4.0K	/data/2031017-mz17-gstudio_tools_logs.tar.gz
64K	/data/activity-timestamp-csvs
114M	/data/assessment-media
16K	/data/clixserver.tiss.edu
365M	/data/db
4.0K	/data/drop_database.sql
12K	/data/git-commit-details.log
1012K	/data/gstudio-exported-users-analytics-csvs
12K	/data/gstudio-logs
48K	/data/gstudio_tools_logs
8.0K	/data/local_settings.py
17G	/data/media
448M	/data/nginx-logs
504K	/data/pg_dump_all.sql
2.7M	/data/postgres-dump
2.9M	/data/qbank
671M	/data/rcs-repo
4.0K	/data/server_settings.py
88K	/data/system-heartbeat
 

------------------------------------------------------------------------------------ 


Info-msg : No of directories and files in '/data/media/'. 

No of directories : 4002 

No of files       : 9635 

 

------------------------------------------------------------------------------------ 


Info-msg : uptime (uptime). 

 16:01:22 up  1:11,  0 users,  load average: 0.53, 0.35, 0.24
 

------------------------------------------------------------------------------------ 


Info-msg : current process (uptime). 

USER       PID %CPU %MEM    VSZ   RSS TTY      STAT START   TIME COMMAND
root         1  0.0  0.0   4456   736 ?        Ss   14:51   0:00 /bin/sh -c /home/docker/code/scripts/initialize.sh  | sed -e "s/^/$(date +%Y%m%d-%H%M%S) :  /"  2>&1 | tee -a ${LOG_INSTALL_DOCKER}
root         7  0.0  0.0  18000  2796 ?        S    14:51   0:00 /bin/bash /home/docker/code/scripts/initialize.sh
root         8  0.0  0.0  10996  1332 ?        S    14:51   0:00 sed -e s/^/20181008-145105 :  /
root         9  0.0  0.0   4360  1236 ?        S    14:51   0:00 tee -a /root/DockerLogs/$(DATE_LOG)-gsd-install.log
root        16 18.3  2.8 445104 234412 ?       Sl   14:51  12:52 mongod --config /home/docker/code/confs/mongod.conf
root        18  0.0  0.0  23664  2124 ?        Ss   14:51   0:00 /usr/sbin/cron
postgres    36  0.0  0.2 244856 19236 ?        S    14:51   0:00 /usr/lib/postgresql/9.3/bin/postgres -D /var/lib/postgresql/9.3/main -c config_file=/etc/postgresql/9.3/main/postgresql.conf
postgres    73  0.0  0.0 244992  5424 ?        Ss   14:51   0:00 postgres: checkpointer process                                                                                              
postgres    74  0.0  0.0 244856  4624 ?        Ss   14:51   0:00 postgres: writer process                                                                                                    
postgres    75  0.0  0.0 244856  3300 ?        Ss   14:51   0:00 postgres: wal writer process                                                                                                
postgres    76  0.0  0.0 245732  6256 ?        Ss   14:51   0:00 postgres: autovacuum launcher process                                                                                       
postgres    77  0.0  0.0 100820  3652 ?        Ss   14:51   0:00 postgres: stats collector process                                                                                           
root       180  0.0  0.0  25356  2940 ?        Ss   14:51   0:00 /usr/lib/postfix/master
postfix    185  0.0  0.0  27420  2900 ?        S    14:51   0:00 pickup -l -t unix -u -c
postfix    186  0.0  0.0  27468  2820 ?        S    14:51   0:00 qmgr -l -t unix -u
root       194  0.0  0.0  61388  2996 ?        Ss   14:51   0:00 /usr/sbin/sshd
rabbitmq   222  0.0  0.0   7512    92 ?        S    14:51   0:00 /usr/lib/erlang/erts-5.10.4/bin/epmd -daemon
rabbitmq   249  0.0  0.0   4456   784 ?        S    14:51   0:00 /bin/sh /usr/sbin/rabbitmq-server
rabbitmq   293  0.5  1.1 2303368 93012 ?       Sl   14:51   0:22 /usr/lib/erlang/erts-5.10.4/bin/beam.smp -W w -K true -A30 -P 1048576 -- -root /usr/lib/erlang -progname erl -- -home /var/lib/rabbitmq -- -pa /usr/lib/rabbitmq/lib/rabbitmq_server-3.2.4/sbin/../ebin -noshell -noinput -s rabbit boot -sname rabbit@clixserver -boot start_sasl -kernel inet_default_connect_options [{nodelay,true}] -sasl errlog_type error -sasl sasl_error_logger false -rabbit error_logger {file,"/var/log/rabbitmq/rabbit@clixserver.log"} -rabbit sasl_error_logger {file,"/var/log/rabbitmq/rabbit@clixserver-sasl.log"} -rabbit enabled_plugins_file "/etc/rabbitmq/enabled_plugins" -rabbit plugins_dir "/usr/lib/rabbitmq/lib/rabbitmq_server-3.2.4/sbin/../plugins" -rabbit plugins_expand_dir "/var/lib/rabbitmq/mnesia/rabbit@clixserver-plugins-expand" -os_mon start_cpu_sup false -os_mon start_disksup false -os_mon start_memsup false -mnesia dir "/var/lib/rabbitmq/mnesia/rabbit@clixserver"
rabbitmq   380  0.0  0.0   7476   912 ?        Ss   14:51   0:00 inet_gethost 4
rabbitmq   381  0.0  0.0   9568  1572 ?        S    14:51   0:00 inet_gethost 4
root       383  0.1  0.6 186428 50192 ?        S    14:51   0:05 python manage.py celeryd -f /var/log/celeryd.log -l INFO
root       406  0.0  0.5 185780 42564 ?        S    14:51   0:00 python manage.py celeryd -f /var/log/celeryd.log -l INFO
root       407  0.0  0.5 185776 42568 ?        S    14:51   0:00 python manage.py celeryd -f /var/log/celeryd.log -l INFO
root       408  0.0  0.5 185776 42572 ?        S    14:51   0:00 python manage.py celeryd -f /var/log/celeryd.log -l INFO
root       409  0.0  0.5 185776 42576 ?        S    14:51   0:00 python manage.py celeryd -f /var/log/celeryd.log -l INFO
root       410  0.0  0.1  33152  9900 ?        S    14:51   0:00 python -m smtpd -n -c DebuggingServer localhost:1025
root       413  0.0  0.6 859096 56412 ?        Sl   14:51   0:00 python main.py
root       419  0.0  0.2  52492 16988 ?        S    14:51   0:00 /usr/bin/python /usr/bin/supervisord -n
root       434  0.0  0.0  32536  6432 ?        S    14:51   0:00 nginx: master process /usr/sbin/nginx
root       435  0.0  0.2  63412 20536 ?        S    14:51   0:00 /usr/local/bin/uwsgi --ini /home/docker/code/confs/uwsgi.ini
www-data   436  0.0  0.0  33324  6660 ?        S    14:51   0:00 nginx: worker process
www-data   437  0.0  0.0  33324  6672 ?        S    14:51   0:01 nginx: worker process
www-data   438  0.0  0.0  33324  6676 ?        S    14:51   0:00 nginx: worker process
www-data   439  0.0  0.0  33264  6472 ?        S    14:51   0:01 nginx: worker process
root       440  0.0  1.2 282720 103820 ?       S    14:51   0:02 /usr/local/bin/uwsgi --ini /home/docker/code/confs/uwsgi.ini
root       441  0.0  1.2 281676 102984 ?       S    14:51   0:01 /usr/local/bin/uwsgi --ini /home/docker/code/confs/uwsgi.ini
root       442  0.0  1.2 282900 104068 ?       S    14:51   0:03 /usr/local/bin/uwsgi --ini /home/docker/code/confs/uwsgi.ini
root       443  0.2  1.2 282172 102672 ?       R    14:51   0:09 /usr/local/bin/uwsgi --ini /home/docker/code/confs/uwsgi.ini
root      2066  0.0  0.0  59648  3024 ?        S    16:01   0:00 /USR/SBIN/CRON
root      2067  0.0  0.0   4456   780 ?        Ss   16:01   0:00 /bin/sh -c /home/docker/code/scripts/system-heartbeat.sh  > /tmp/cron-system-heartbeat.log
root      2068  0.0  0.0   9588  2340 ?        S    16:01   0:00 /bin/bash /home/docker/code/scripts/system-heartbeat.sh
root      2069  0.0  0.0   9600  2476 ?        S    16:01   0:00 /bin/bash /home/docker/code/scripts/system-heartbeat.sh
root      2070  0.0  0.0   4360   744 ?        S    16:01   0:00 tee /data/system-heartbeat/system-heartbeat-20181008-160101.log
postgres  2108  0.0  0.1 246680 10944 ?        Ss   16:01   0:00 postgres: glab gstudio_psql 127.0.0.1(56868) idle                                                                           
root      2116  0.0  0.0  15580  2104 ?        R    16:01   0:00 ps aux
 

------------------------------------------------------------------------------------ 


