Info-msg : Checking directory existence. 

/data/system-heartbeat/ directory exists
Info-msg : hostname of server (hostname). 

clixserver.tiss.edu
 

------------------------------------------------------------------------------------ 


Info-msg : internal ip addresses of the system (ip address). 

 

------------------------------------------------------------------------------------ 


Info-msg : external ip addresses of the system (public ip address). 


 

------------------------------------------------------------------------------------ 


Info-msg : RAM details (free -h). 

             total       used       free     shared    buffers     cached
Mem:          7.7G       2.3G       5.5G       141M       403M       711M
-/+ buffers/cache:       1.2G       6.5G
Swap:         7.6G         0B       7.6G
 

------------------------------------------------------------------------------------ 


Info-msg : HDD details (df -h). 

Filesystem      Size  Used Avail Use% Mounted on
overlay         908G   56G  806G   7% /
tmpfs            64M     0   64M   0% /dev
tmpfs           3.9G     0  3.9G   0% /sys/fs/cgroup
/dev/sda3       908G   56G  806G   7% /data
shm              64M     0   64M   0% /dev/shm
tmpfs           3.9G     0  3.9G   0% /proc/scsi
tmpfs           3.9G     0  3.9G   0% /sys/firmware
 

------------------------------------------------------------------------------------ 


Info-msg : Size description in '/data/'. 

8.0K	/data/2031017-mz17-activity-timestamp-csvs.tar.gz
103M	/data/2031017-mz17-assessment-media.tar.gz
4.0K	/data/2031017-mz17-gstudio_tools_logs.tar.gz
64K	/data/activity-timestamp-csvs
234M	/data/assessment-media
16K	/data/clixserver.tiss.edu
386M	/data/db
4.0K	/data/drop_database.sql
12K	/data/git-commit-details.log
4.1M	/data/gstudio-exported-users-analytics-csvs
28K	/data/gstudio-logs
48K	/data/gstudio_tools_logs
8.0K	/data/local_settings.py
17G	/data/media
1.1G	/data/nginx-logs
504K	/data/pg_dump_all.sql
2.7M	/data/postgres-dump
7.5M	/data/qbank
674M	/data/rcs-repo
4.0K	/data/server_settings.py
304K	/data/system-heartbeat
 

------------------------------------------------------------------------------------ 


Info-msg : No of directories and files in '/data/media/'. 

No of directories : 4002 

No of files       : 9635 

 

------------------------------------------------------------------------------------ 


Info-msg : uptime (uptime). 

 19:01:28 up 11 min,  0 users,  load average: 0.21, 0.23, 0.22
 

------------------------------------------------------------------------------------ 


Info-msg : current process (uptime). 

USER       PID %CPU %MEM    VSZ   RSS TTY      STAT START   TIME COMMAND
root         1  0.0  0.0   4456   668 ?        Ss   18:50   0:00 /bin/sh -c /home/docker/code/scripts/initialize.sh  | sed -e "s/^/$(date +%Y%m%d-%H%M%S) :  /"  2>&1 | tee -a ${LOG_INSTALL_DOCKER}
root         7  0.0  0.0  18000  2800 ?        S    18:50   0:00 /bin/bash /home/docker/code/scripts/initialize.sh
root         8  0.0  0.0  10996  1392 ?        S    18:50   0:00 sed -e s/^/20181121-185017 :  /
root         9  0.0  0.0   4360  1304 ?        S    18:50   0:00 tee -a /root/DockerLogs/$(DATE_LOG)-gsd-install.log
root        16  4.8  1.0 254212 85788 ?        Sl   18:50   0:32 mongod --config /home/docker/code/confs/mongod.conf
root        18  0.0  0.0  23664  2116 ?        Ss   18:50   0:00 /usr/sbin/cron
postgres    37  0.0  0.2 244856 19132 ?        S    18:50   0:00 /usr/lib/postgresql/9.3/bin/postgres -D /var/lib/postgresql/9.3/main -c config_file=/etc/postgresql/9.3/main/postgresql.conf
postgres    72  0.0  0.0 244856  3312 ?        Ss   18:50   0:00 postgres: checkpointer process                                                                                              
postgres    73  0.0  0.0 244856  4536 ?        Ss   18:50   0:00 postgres: writer process                                                                                                    
postgres    74  0.0  0.0 244856  3312 ?        Ss   18:50   0:00 postgres: wal writer process                                                                                                
postgres    75  0.0  0.0 245732  6092 ?        Ss   18:50   0:00 postgres: autovacuum launcher process                                                                                       
postgres    76  0.0  0.0 100668  3680 ?        Ss   18:50   0:00 postgres: stats collector process                                                                                           
root       179  0.0  0.0  25356  2724 ?        Ss   18:50   0:00 /usr/lib/postfix/master
postfix    184  0.0  0.0  27420  2828 ?        S    18:50   0:00 pickup -l -t unix -u -c
postfix    185  0.0  0.0  27468  2852 ?        S    18:50   0:00 qmgr -l -t unix -u
root       193  0.0  0.0  61388  3124 ?        Ss   18:50   0:00 /usr/sbin/sshd
memcache   200  0.0  0.0  63264  2600 ?        Sl   18:50   0:00 /usr/bin/memcached -m 64 -p 11211 -u memcache -l 127.0.0.1
rabbitmq   229  0.0  0.0   7512    88 ?        S    18:50   0:00 /usr/lib/erlang/erts-5.10.4/bin/epmd -daemon
rabbitmq   256  0.0  0.0   4456   676 ?        S    18:50   0:00 /bin/sh /usr/sbin/rabbitmq-server
rabbitmq   300  0.6  1.1 2303368 92992 ?       Sl   18:50   0:04 /usr/lib/erlang/erts-5.10.4/bin/beam.smp -W w -K true -A30 -P 1048576 -- -root /usr/lib/erlang -progname erl -- -home /var/lib/rabbitmq -- -pa /usr/lib/rabbitmq/lib/rabbitmq_server-3.2.4/sbin/../ebin -noshell -noinput -s rabbit boot -sname rabbit@clixserver -boot start_sasl -kernel inet_default_connect_options [{nodelay,true}] -sasl errlog_type error -sasl sasl_error_logger false -rabbit error_logger {file,"/var/log/rabbitmq/rabbit@clixserver.log"} -rabbit sasl_error_logger {file,"/var/log/rabbitmq/rabbit@clixserver-sasl.log"} -rabbit enabled_plugins_file "/etc/rabbitmq/enabled_plugins" -rabbit plugins_dir "/usr/lib/rabbitmq/lib/rabbitmq_server-3.2.4/sbin/../plugins" -rabbit plugins_expand_dir "/var/lib/rabbitmq/mnesia/rabbit@clixserver-plugins-expand" -os_mon start_cpu_sup false -os_mon start_disksup false -os_mon start_memsup false -mnesia dir "/var/lib/rabbitmq/mnesia/rabbit@clixserver"
rabbitmq   387  0.0  0.0   7476   888 ?        Ss   18:50   0:00 inet_gethost 4
rabbitmq   388  0.0  0.0   9568  1632 ?        S    18:50   0:00 inet_gethost 4
root       390  0.1  0.6 186400 50044 ?        S    18:50   0:00 python manage.py celeryd -f /var/log/celeryd.log -l INFO
root       413  0.0  0.1  33152  9908 ?        S    18:50   0:00 python -m smtpd -n -c DebuggingServer localhost:1025
root       416  0.0  0.6 859096 56412 ?        Sl   18:50   0:00 python main.py
root       422  0.0  0.5 185776 42504 ?        S    18:50   0:00 python manage.py celeryd -f /var/log/celeryd.log -l INFO
root       423  0.0  0.5 185776 42508 ?        S    18:50   0:00 python manage.py celeryd -f /var/log/celeryd.log -l INFO
root       424  0.0  0.5 185776 42508 ?        S    18:50   0:00 python manage.py celeryd -f /var/log/celeryd.log -l INFO
root       425  0.0  0.5 185776 42504 ?        S    18:50   0:00 python manage.py celeryd -f /var/log/celeryd.log -l INFO
root       426  0.0  0.2  52492 16936 ?        S    18:50   0:00 /usr/bin/python /usr/bin/supervisord -n
root       441  0.0  0.0  32536  6640 ?        S    18:50   0:00 nginx: master process /usr/sbin/nginx
root       442  0.0  0.2  63412 20604 ?        S    18:50   0:00 /usr/local/bin/uwsgi --ini /home/docker/code/confs/uwsgi.ini
www-data   443  0.0  0.0  32908  3904 ?        S    18:50   0:00 nginx: worker process
www-data   444  0.0  0.0  32908  3904 ?        S    18:50   0:00 nginx: worker process
www-data   445  0.0  0.0  32908  3904 ?        S    18:50   0:00 nginx: worker process
www-data   446  0.0  0.0  32908  3904 ?        S    18:50   0:00 nginx: worker process
root       447  0.0  0.1  63412 15684 ?        S    18:50   0:00 /usr/local/bin/uwsgi --ini /home/docker/code/confs/uwsgi.ini
root       448  0.0  0.1  63412 15684 ?        S    18:50   0:00 /usr/local/bin/uwsgi --ini /home/docker/code/confs/uwsgi.ini
root       449  0.0  0.1  63412 15684 ?        S    18:50   0:00 /usr/local/bin/uwsgi --ini /home/docker/code/confs/uwsgi.ini
root       450  0.0  0.1  63412 15684 ?        S    18:50   0:00 /usr/local/bin/uwsgi --ini /home/docker/code/confs/uwsgi.ini
root       593  0.0  0.0  59648  3052 ?        S    19:01   0:00 /USR/SBIN/CRON
root       594  0.0  0.0   4456   776 ?        Ss   19:01   0:00 /bin/sh -c /home/docker/code/scripts/system-heartbeat.sh  > /tmp/cron-system-heartbeat.log
root       595  0.0  0.0   9588  2308 ?        S    19:01   0:00 /bin/bash /home/docker/code/scripts/system-heartbeat.sh
root       596  0.0  0.0   9600  2616 ?        S    19:01   0:00 /bin/bash /home/docker/code/scripts/system-heartbeat.sh
root       597  0.0  0.0   4360   648 ?        S    19:01   0:00 tee /data/system-heartbeat/system-heartbeat-20181121-190101.log
root       622  0.0  0.0  15580  2148 ?        R    19:01   0:00 ps aux
 

------------------------------------------------------------------------------------ 


