Info-msg : Checking directory existence. 

/data/system-heartbeat/ directory exists
Info-msg : hostname of server (hostname). 

clixserver.tiss.edu
 

------------------------------------------------------------------------------------ 


Info-msg : internal ip addresses of the system (ip address). 

 

------------------------------------------------------------------------------------ 


Info-msg : external ip addresses of the system (public ip address). 


 

------------------------------------------------------------------------------------ 


Info-msg : RAM details (free -h). 

             total       used       free     shared    buffers     cached
Mem:          7.7G       3.2G       4.5G       142M       417M       1.0G
-/+ buffers/cache:       1.8G       5.9G
Swap:         7.6G         0B       7.6G
 

------------------------------------------------------------------------------------ 


Info-msg : HDD details (df -h). 

Filesystem      Size  Used Avail Use% Mounted on
overlay         908G   56G  806G   7% /
tmpfs            64M     0   64M   0% /dev
tmpfs           3.9G     0  3.9G   0% /sys/fs/cgroup
/dev/sda3       908G   56G  806G   7% /data
shm              64M     0   64M   0% /dev/shm
tmpfs           3.9G     0  3.9G   0% /proc/scsi
tmpfs           3.9G     0  3.9G   0% /sys/firmware
 

------------------------------------------------------------------------------------ 


Info-msg : Size description in '/data/'. 

8.0K	/data/2031017-mz17-activity-timestamp-csvs.tar.gz
102M	/data/2031017-mz17-assessment-media.tar.gz
4.0K	/data/2031017-mz17-gstudio_tools_logs.tar.gz
64K	/data/activity-timestamp-csvs
229M	/data/assessment-media
16K	/data/clixserver.tiss.edu
384M	/data/db
4.0K	/data/drop_database.sql
12K	/data/git-commit-details.log
3.8M	/data/gstudio-exported-users-analytics-csvs
28K	/data/gstudio-logs
48K	/data/gstudio_tools_logs
8.0K	/data/local_settings.py
17G	/data/media
1.1G	/data/nginx-logs
504K	/data/pg_dump_all.sql
2.7M	/data/postgres-dump
3.6M	/data/qbank
674M	/data/rcs-repo
4.0K	/data/server_settings.py
280K	/data/system-heartbeat
 

------------------------------------------------------------------------------------ 


Info-msg : No of directories and files in '/data/media/'. 

No of directories : 4002 

No of files       : 9635 

 

------------------------------------------------------------------------------------ 


Info-msg : uptime (uptime). 

 20:01:27 up 39 min,  0 users,  load average: 0.75, 0.68, 0.52
 

------------------------------------------------------------------------------------ 


Info-msg : current process (uptime). 

USER       PID %CPU %MEM    VSZ   RSS TTY      STAT START   TIME COMMAND
root         1  0.0  0.0   4456   684 ?        Ss   19:22   0:00 /bin/sh -c /home/docker/code/scripts/initialize.sh  | sed -e "s/^/$(date +%Y%m%d-%H%M%S) :  /"  2>&1 | tee -a ${LOG_INSTALL_DOCKER}
root         8  0.0  0.0  18000  2920 ?        S    19:22   0:00 /bin/bash /home/docker/code/scripts/initialize.sh
root         9  0.0  0.0  10996  1400 ?        S    19:22   0:00 sed -e s/^/20181115-192249 :  /
root        11  0.0  0.0   4360  1272 ?        S    19:22   0:00 tee -a /root/DockerLogs/$(DATE_LOG)-gsd-install.log
root        17 21.7  3.8 558456 311036 ?       Sl   19:22   8:23 mongod --config /home/docker/code/confs/mongod.conf
root        19  0.0  0.0  23664  2140 ?        Ss   19:22   0:00 /usr/sbin/cron
postgres    38  0.0  0.2 244856 19268 ?        S    19:22   0:00 /usr/lib/postgresql/9.3/bin/postgres -D /var/lib/postgresql/9.3/main -c config_file=/etc/postgresql/9.3/main/postgresql.conf
postgres    70  0.0  0.0 244992  5540 ?        Ss   19:23   0:00 postgres: checkpointer process                                                                                              
postgres    71  0.0  0.0 244856  4596 ?        Ss   19:23   0:00 postgres: writer process                                                                                                    
postgres    72  0.0  0.0 244856  3304 ?        Ss   19:23   0:00 postgres: wal writer process                                                                                                
postgres    73  0.0  0.0 245732  5972 ?        Ss   19:23   0:00 postgres: autovacuum launcher process                                                                                       
postgres    74  0.0  0.0 100668  3632 ?        Ss   19:23   0:00 postgres: stats collector process                                                                                           
root       177  0.0  0.0  25356  2892 ?        Ss   19:23   0:00 /usr/lib/postfix/master
postfix    182  0.0  0.0  27420  2788 ?        S    19:23   0:00 pickup -l -t unix -u -c
postfix    183  0.0  0.0  27468  2828 ?        S    19:23   0:00 qmgr -l -t unix -u
root       191  0.0  0.0  61388  3112 ?        Ss   19:23   0:00 /usr/sbin/sshd
memcache   198  0.0  0.1 333528 11084 ?        Sl   19:23   0:00 /usr/bin/memcached -m 64 -p 11211 -u memcache -l 127.0.0.1
rabbitmq   227  0.0  0.0   7512    88 ?        S    19:23   0:00 /usr/lib/erlang/erts-5.10.4/bin/epmd -daemon
rabbitmq   254  0.0  0.0   4456   696 ?        S    19:23   0:00 /bin/sh /usr/sbin/rabbitmq-server
rabbitmq   298  0.4  1.1 2303368 92880 ?       Sl   19:23   0:11 /usr/lib/erlang/erts-5.10.4/bin/beam.smp -W w -K true -A30 -P 1048576 -- -root /usr/lib/erlang -progname erl -- -home /var/lib/rabbitmq -- -pa /usr/lib/rabbitmq/lib/rabbitmq_server-3.2.4/sbin/../ebin -noshell -noinput -s rabbit boot -sname rabbit@clixserver -boot start_sasl -kernel inet_default_connect_options [{nodelay,true}] -sasl errlog_type error -sasl sasl_error_logger false -rabbit error_logger {file,"/var/log/rabbitmq/rabbit@clixserver.log"} -rabbit sasl_error_logger {file,"/var/log/rabbitmq/rabbit@clixserver-sasl.log"} -rabbit enabled_plugins_file "/etc/rabbitmq/enabled_plugins" -rabbit plugins_dir "/usr/lib/rabbitmq/lib/rabbitmq_server-3.2.4/sbin/../plugins" -rabbit plugins_expand_dir "/var/lib/rabbitmq/mnesia/rabbit@clixserver-plugins-expand" -os_mon start_cpu_sup false -os_mon start_disksup false -os_mon start_memsup false -mnesia dir "/var/lib/rabbitmq/mnesia/rabbit@clixserver"
rabbitmq   385  0.0  0.0   7476   964 ?        Ss   19:23   0:00 inet_gethost 4
rabbitmq   386  0.0  0.0   9568  1608 ?        S    19:23   0:00 inet_gethost 4
root       388  0.0  0.6 186400 50012 ?        S    19:23   0:00 python manage.py celeryd -f /var/log/celeryd.log -l INFO
root       411  0.0  0.1  33152  9920 ?        S    19:23   0:00 python -m smtpd -n -c DebuggingServer localhost:1025
root       414  2.3  1.2 890372 105164 ?       Sl   19:23   0:53 python main.py
root       419  0.0  0.5 185776 42504 ?        S    19:23   0:00 python manage.py celeryd -f /var/log/celeryd.log -l INFO
root       420  0.0  0.5 185776 42508 ?        S    19:23   0:00 python manage.py celeryd -f /var/log/celeryd.log -l INFO
root       421  0.0  0.5 185776 42512 ?        S    19:23   0:00 python manage.py celeryd -f /var/log/celeryd.log -l INFO
root       422  0.0  0.5 185776 42520 ?        S    19:23   0:00 python manage.py celeryd -f /var/log/celeryd.log -l INFO
root       424  0.0  0.2  52492 17120 ?        S    19:23   0:00 /usr/bin/python /usr/bin/supervisord -n
root       439  0.0  0.0  32536  6452 ?        S    19:23   0:00 nginx: master process /usr/sbin/nginx
root       440  0.0  0.2  63412 20492 ?        S    19:23   0:00 /usr/local/bin/uwsgi --ini /home/docker/code/confs/uwsgi.ini
www-data   441  0.0  0.0  33260  6772 ?        S    19:23   0:00 nginx: worker process
www-data   442  0.0  0.0  33388  6708 ?        S    19:23   0:00 nginx: worker process
www-data   443  0.0  0.0  33388  6708 ?        S    19:23   0:02 nginx: worker process
www-data   444  0.0  0.0  33244  6704 ?        S    19:23   0:01 nginx: worker process
root       445  0.3  1.2 279496 100804 ?       S    19:23   0:07 /usr/local/bin/uwsgi --ini /home/docker/code/confs/uwsgi.ini
root       446  0.1  1.2 279276 100444 ?       S    19:23   0:03 /usr/local/bin/uwsgi --ini /home/docker/code/confs/uwsgi.ini
root       447  0.3  1.2 279400 99960 ?        S    19:23   0:08 /usr/local/bin/uwsgi --ini /home/docker/code/confs/uwsgi.ini
root       448  1.3  1.2 280292 101256 ?       S    19:23   0:31 /usr/local/bin/uwsgi --ini /home/docker/code/confs/uwsgi.ini
root     11990  0.0  0.0  59648  2976 ?        S    20:01   0:00 /USR/SBIN/CRON
root     11991  0.0  0.0   4456   772 ?        Ss   20:01   0:00 /bin/sh -c /home/docker/code/scripts/system-heartbeat.sh  > /tmp/cron-system-heartbeat.log
root     11992  0.0  0.0   9588  2256 ?        S    20:01   0:00 /bin/bash /home/docker/code/scripts/system-heartbeat.sh
root     11993  0.0  0.0   9600  2412 ?        S    20:01   0:00 /bin/bash /home/docker/code/scripts/system-heartbeat.sh
root     11994  0.0  0.0   4360   752 ?        S    20:01   0:00 tee /data/system-heartbeat/system-heartbeat-20181115-200101.log
rabbitmq 12365  0.0  0.0   4212   728 ?        R    20:01   0:00 /usr/lib/erlang/erts-5.10.4/bin/child_setup false . exec /bin/sh -s unix:cmd 2>&1 3:1048575 22:1 23:0 -
root     12367  0.0  0.0  15580  2208 ?        R    20:01   0:00 ps aux
 

------------------------------------------------------------------------------------ 


