Info-msg : Checking directory existence. 

/data/system-heartbeat/ directory exists
Info-msg : hostname of server (hostname). 

clixserver.tiss.edu
 

------------------------------------------------------------------------------------ 


Info-msg : internal ip addresses of the system (ip address). 

 

------------------------------------------------------------------------------------ 


Info-msg : external ip addresses of the system (public ip address). 


 

------------------------------------------------------------------------------------ 


Info-msg : RAM details (free -h). 

             total       used       free     shared    buffers     cached
Mem:          7.7G       7.5G       200M       175M       668M       4.9G
-/+ buffers/cache:       2.0G       5.7G
Swap:         7.6G        12M       7.6G
 

------------------------------------------------------------------------------------ 


Info-msg : HDD details (df -h). 

Filesystem      Size  Used Avail Use% Mounted on
overlay         908G   56G  806G   7% /
tmpfs            64M     0   64M   0% /dev
tmpfs           3.9G     0  3.9G   0% /sys/fs/cgroup
/dev/sda3       908G   56G  806G   7% /data
shm              64M     0   64M   0% /dev/shm
tmpfs           3.9G     0  3.9G   0% /proc/scsi
tmpfs           3.9G     0  3.9G   0% /sys/firmware
 

------------------------------------------------------------------------------------ 


Info-msg : Size description in '/data/'. 

8.0K	/data/2031017-mz17-activity-timestamp-csvs.tar.gz
103M	/data/2031017-mz17-assessment-media.tar.gz
4.0K	/data/2031017-mz17-gstudio_tools_logs.tar.gz
64K	/data/activity-timestamp-csvs
234M	/data/assessment-media
16K	/data/clixserver.tiss.edu
385M	/data/db
4.0K	/data/drop_database.sql
12K	/data/git-commit-details.log
3.8M	/data/gstudio-exported-users-analytics-csvs
28K	/data/gstudio-logs
48K	/data/gstudio_tools_logs
8.0K	/data/local_settings.py
17G	/data/media
1.1G	/data/nginx-logs
504K	/data/pg_dump_all.sql
2.7M	/data/postgres-dump
4.9M	/data/qbank
674M	/data/rcs-repo
4.0K	/data/server_settings.py
292K	/data/system-heartbeat
 

------------------------------------------------------------------------------------ 


Info-msg : No of directories and files in '/data/media/'. 

No of directories : 4002 

No of files       : 9635 

 

------------------------------------------------------------------------------------ 


Info-msg : uptime (uptime). 

 20:01:22 up 55 min,  0 users,  load average: 0.16, 0.08, 0.14
 

------------------------------------------------------------------------------------ 


Info-msg : current process (uptime). 

USER       PID %CPU %MEM    VSZ   RSS TTY      STAT START   TIME COMMAND
root         1  0.0  0.0   4456   624 ?        Ss   19:06   0:00 /bin/sh -c /home/docker/code/scripts/initialize.sh  | sed -e "s/^/$(date +%Y%m%d-%H%M%S) :  /"  2>&1 | tee -a ${LOG_INSTALL_DOCKER}
root         7  0.0  0.0  18000  2676 ?        S    19:06   0:00 /bin/bash /home/docker/code/scripts/initialize.sh
root        13  0.0  0.0  10996  1304 ?        S    19:06   0:00 sed -e s/^/20181120-190641 :  /
root        14  0.0  0.0   4360  1200 ?        S    19:06   0:00 tee -a /root/DockerLogs/$(DATE_LOG)-gsd-install.log
root        16  5.5  2.5 397016 205104 ?       Sl   19:06   3:00 mongod --config /home/docker/code/confs/mongod.conf
root        18  0.0  0.0  23664  2064 ?        Ss   19:06   0:00 /usr/sbin/cron
postgres    37  0.0  0.2 244856 19252 ?        S    19:06   0:00 /usr/lib/postgresql/9.3/bin/postgres -D /var/lib/postgresql/9.3/main -c config_file=/etc/postgresql/9.3/main/postgresql.conf
postgres    70  0.0  0.0 244992  5676 ?        Ss   19:06   0:00 postgres: checkpointer process                                                                                              
postgres    71  0.0  0.0 244856  4640 ?        Ss   19:06   0:00 postgres: writer process                                                                                                    
postgres    72  0.0  0.0 244856  3448 ?        Ss   19:06   0:00 postgres: wal writer process                                                                                                
postgres    73  0.0  0.0 245732  6144 ?        Ss   19:06   0:00 postgres: autovacuum launcher process                                                                                       
postgres    74  0.0  0.0 100820  3748 ?        Ss   19:06   0:00 postgres: stats collector process                                                                                           
root       177  0.0  0.0  25356  2900 ?        Ss   19:06   0:00 /usr/lib/postfix/master
postfix    182  0.0  0.0  27420  2860 ?        S    19:06   0:00 pickup -l -t unix -u -c
postfix    183  0.0  0.0  27468  2884 ?        S    19:06   0:00 qmgr -l -t unix -u
root       191  0.0  0.0  61388  3164 ?        Ss   19:06   0:00 /usr/sbin/sshd
memcache   198  0.0  0.1 331484  8728 ?        Sl   19:06   0:00 /usr/bin/memcached -m 64 -p 11211 -u memcache -l 127.0.0.1
rabbitmq   227  0.0  0.0   7512    88 ?        S    19:06   0:00 /usr/lib/erlang/erts-5.10.4/bin/epmd -daemon
rabbitmq   251  0.0  0.0   4456   688 ?        S    19:06   0:00 /bin/sh /usr/sbin/rabbitmq-server
rabbitmq   296  0.5  1.1 2302856 92396 ?       Sl   19:06   0:16 /usr/lib/erlang/erts-5.10.4/bin/beam.smp -W w -K true -A30 -P 1048576 -- -root /usr/lib/erlang -progname erl -- -home /var/lib/rabbitmq -- -pa /usr/lib/rabbitmq/lib/rabbitmq_server-3.2.4/sbin/../ebin -noshell -noinput -s rabbit boot -sname rabbit@clixserver -boot start_sasl -kernel inet_default_connect_options [{nodelay,true}] -sasl errlog_type error -sasl sasl_error_logger false -rabbit error_logger {file,"/var/log/rabbitmq/rabbit@clixserver.log"} -rabbit sasl_error_logger {file,"/var/log/rabbitmq/rabbit@clixserver-sasl.log"} -rabbit enabled_plugins_file "/etc/rabbitmq/enabled_plugins" -rabbit plugins_dir "/usr/lib/rabbitmq/lib/rabbitmq_server-3.2.4/sbin/../plugins" -rabbit plugins_expand_dir "/var/lib/rabbitmq/mnesia/rabbit@clixserver-plugins-expand" -os_mon start_cpu_sup false -os_mon start_disksup false -os_mon start_memsup false -mnesia dir "/var/lib/rabbitmq/mnesia/rabbit@clixserver"
root       333  0.0  0.6 186400 50092 ?        S    19:06   0:00 python manage.py celeryd -f /var/log/celeryd.log -l INFO
rabbitmq   394  0.0  0.0   7476   880 ?        Ss   19:07   0:00 inet_gethost 4
rabbitmq   395  0.0  0.0   9568  1592 ?        S    19:07   0:00 inet_gethost 4
root       408  0.0  0.1  33152  9768 ?        S    19:07   0:00 python -m smtpd -n -c DebuggingServer localhost:1025
root       411  0.0  0.6 859096 56524 ?        Sl   19:07   0:00 python main.py
root       413  0.0  0.5 185776 42508 ?        S    19:07   0:00 python manage.py celeryd -f /var/log/celeryd.log -l INFO
root       414  0.0  0.5 185776 42512 ?        S    19:07   0:00 python manage.py celeryd -f /var/log/celeryd.log -l INFO
root       415  0.0  0.5 185776 42516 ?        S    19:07   0:00 python manage.py celeryd -f /var/log/celeryd.log -l INFO
root       416  0.0  0.5 185776 42524 ?        S    19:07   0:00 python manage.py celeryd -f /var/log/celeryd.log -l INFO
root       421  0.0  0.2  52492 17044 ?        S    19:07   0:00 /usr/bin/python /usr/bin/supervisord -n
root       426  0.0  0.0  32536  6424 ?        S    19:07   0:00 nginx: master process /usr/sbin/nginx
root       427  0.0  0.2  63412 20532 ?        S    19:07   0:00 /usr/local/bin/uwsgi --ini /home/docker/code/confs/uwsgi.ini
root       428  0.0  1.0 265168 86508 ?        S    19:07   0:00 /usr/local/bin/uwsgi --ini /home/docker/code/confs/uwsgi.ini
root       429  0.0  1.0 263264 84480 ?        S    19:07   0:00 /usr/local/bin/uwsgi --ini /home/docker/code/confs/uwsgi.ini
root       430  0.0  1.2 282056 103184 ?       S    19:07   0:01 /usr/local/bin/uwsgi --ini /home/docker/code/confs/uwsgi.ini
root       431  0.0  1.2 281768 103132 ?       S    19:07   0:01 /usr/local/bin/uwsgi --ini /home/docker/code/confs/uwsgi.ini
www-data   432  0.0  0.0  33308  6480 ?        S    19:07   0:00 nginx: worker process
www-data   433  0.0  0.0  33244  6396 ?        S    19:07   0:00 nginx: worker process
www-data   434  0.0  0.0  32980  6436 ?        S    19:07   0:00 nginx: worker process
www-data   435  0.0  0.0  33244  6476 ?        S    19:07   0:00 nginx: worker process
root      1793  0.0  0.0  59648  2972 ?        S    20:01   0:00 /USR/SBIN/CRON
root      1794  0.0  0.0   4456   764 ?        Ss   20:01   0:00 /bin/sh -c /home/docker/code/scripts/system-heartbeat.sh  > /tmp/cron-system-heartbeat.log
root      1795  0.0  0.0   9588  2372 ?        S    20:01   0:00 /bin/bash /home/docker/code/scripts/system-heartbeat.sh
root      1796  0.0  0.0   9600  2544 ?        S    20:01   0:00 /bin/bash /home/docker/code/scripts/system-heartbeat.sh
root      1797  0.0  0.0   4360   744 ?        S    20:01   0:00 tee /data/system-heartbeat/system-heartbeat-20181120-200101.log
root      1823  0.0  0.0  15580  2148 ?        R    20:01   0:00 ps aux
 

------------------------------------------------------------------------------------ 


