Info-msg : Checking directory existence. 

/data/system-heartbeat/ directory exists
Info-msg : hostname of server (hostname). 

clixserver.tiss.edu
 

------------------------------------------------------------------------------------ 


Info-msg : internal ip addresses of the system (ip address). 

 

------------------------------------------------------------------------------------ 


Info-msg : external ip addresses of the system (public ip address). 


 

------------------------------------------------------------------------------------ 


Info-msg : RAM details (free -h). 

             total       used       free     shared    buffers     cached
Mem:          7.7G       3.2G       4.5G       150M       412M       1.1G
-/+ buffers/cache:       1.7G       6.0G
Swap:         7.6G         0B       7.6G
 

------------------------------------------------------------------------------------ 


Info-msg : HDD details (df -h). 

Filesystem      Size  Used Avail Use% Mounted on
overlay         908G   56G  807G   7% /
tmpfs            64M     0   64M   0% /dev
tmpfs           3.9G     0  3.9G   0% /sys/fs/cgroup
/dev/sda3       908G   56G  807G   7% /data
shm              64M     0   64M   0% /dev/shm
tmpfs           3.9G     0  3.9G   0% /proc/scsi
tmpfs           3.9G     0  3.9G   0% /sys/firmware
 

------------------------------------------------------------------------------------ 


Info-msg : Size description in '/data/'. 

8.0K	/data/2031017-mz17-activity-timestamp-csvs.tar.gz
75M	/data/2031017-mz17-assessment-media.tar.gz
4.0K	/data/2031017-mz17-gstudio_tools_logs.tar.gz
64K	/data/activity-timestamp-csvs
178M	/data/assessment-media
16K	/data/clixserver.tiss.edu
370M	/data/db
4.0K	/data/drop_database.sql
12K	/data/git-commit-details.log
1.4M	/data/gstudio-exported-users-analytics-csvs
12K	/data/gstudio-logs
48K	/data/gstudio_tools_logs
8.0K	/data/local_settings.py
17G	/data/media
705M	/data/nginx-logs
504K	/data/pg_dump_all.sql
2.7M	/data/postgres-dump
3.0M	/data/qbank
672M	/data/rcs-repo
4.0K	/data/server_settings.py
112K	/data/system-heartbeat
 

------------------------------------------------------------------------------------ 


Info-msg : No of directories and files in '/data/media/'. 

No of directories : 4002 

No of files       : 9635 

 

------------------------------------------------------------------------------------ 


Info-msg : uptime (uptime). 

 20:01:29 up 48 min,  0 users,  load average: 0.66, 0.28, 0.23
 

------------------------------------------------------------------------------------ 


Info-msg : current process (uptime). 

USER       PID %CPU %MEM    VSZ   RSS TTY      STAT START   TIME COMMAND
root         1  0.0  0.0   4456   720 ?        Ss   19:13   0:00 /bin/sh -c /home/docker/code/scripts/initialize.sh  | sed -e "s/^/$(date +%Y%m%d-%H%M%S) :  /"  2>&1 | tee -a ${LOG_INSTALL_DOCKER}
root         7  0.0  0.0  18000  2848 ?        S    19:14   0:00 /bin/bash /home/docker/code/scripts/initialize.sh
root        13  0.0  0.0  10996  1444 ?        S    19:14   0:00 sed -e s/^/20181011-191403 :  /
root        14  0.0  0.0   4360  1264 ?        S    19:14   0:00 tee -a /root/DockerLogs/$(DATE_LOG)-gsd-install.log
root        16 11.8  3.0 525340 246692 ?       Sl   19:14   5:36 mongod --config /home/docker/code/confs/mongod.conf
root        18  0.0  0.0  23664  2140 ?        Ss   19:14   0:00 /usr/sbin/cron
postgres    37  0.0  0.2 244856 19336 ?        S    19:14   0:00 /usr/lib/postgresql/9.3/bin/postgres -D /var/lib/postgresql/9.3/main -c config_file=/etc/postgresql/9.3/main/postgresql.conf
postgres    67  0.0  0.0 244992  5476 ?        Ss   19:14   0:00 postgres: checkpointer process                                                                                              
postgres    68  0.0  0.0 244856  4676 ?        Ss   19:14   0:00 postgres: writer process                                                                                                    
postgres    69  0.0  0.0 244856  3216 ?        Ss   19:14   0:00 postgres: wal writer process                                                                                                
postgres    70  0.0  0.0 245732  5976 ?        Ss   19:14   0:00 postgres: autovacuum launcher process                                                                                       
postgres    71  0.0  0.0 100820  3592 ?        Ss   19:14   0:00 postgres: stats collector process                                                                                           
root       174  0.0  0.0  25356  2804 ?        Ss   19:14   0:00 /usr/lib/postfix/master
postfix    179  0.0  0.0  27420  2788 ?        S    19:14   0:00 pickup -l -t unix -u -c
postfix    180  0.0  0.0  27468  2924 ?        S    19:14   0:00 qmgr -l -t unix -u
root       188  0.0  0.0  61388  3084 ?        Ss   19:14   0:00 /usr/sbin/sshd
memcache   195  0.0  0.1 332504 10088 ?        Sl   19:14   0:00 /usr/bin/memcached -m 64 -p 11211 -u memcache -l 127.0.0.1
rabbitmq   224  0.0  0.0   7512    88 ?        S    19:14   0:00 /usr/lib/erlang/erts-5.10.4/bin/epmd -daemon
rabbitmq   248  0.0  0.0   4456   740 ?        S    19:14   0:00 /bin/sh /usr/sbin/rabbitmq-server
rabbitmq   293  0.5  1.1 2302856 92812 ?       Sl   19:14   0:16 /usr/lib/erlang/erts-5.10.4/bin/beam.smp -W w -K true -A30 -P 1048576 -- -root /usr/lib/erlang -progname erl -- -home /var/lib/rabbitmq -- -pa /usr/lib/rabbitmq/lib/rabbitmq_server-3.2.4/sbin/../ebin -noshell -noinput -s rabbit boot -sname rabbit@clixserver -boot start_sasl -kernel inet_default_connect_options [{nodelay,true}] -sasl errlog_type error -sasl sasl_error_logger false -rabbit error_logger {file,"/var/log/rabbitmq/rabbit@clixserver.log"} -rabbit sasl_error_logger {file,"/var/log/rabbitmq/rabbit@clixserver-sasl.log"} -rabbit enabled_plugins_file "/etc/rabbitmq/enabled_plugins" -rabbit plugins_dir "/usr/lib/rabbitmq/lib/rabbitmq_server-3.2.4/sbin/../plugins" -rabbit plugins_expand_dir "/var/lib/rabbitmq/mnesia/rabbit@clixserver-plugins-expand" -os_mon start_cpu_sup false -os_mon start_disksup false -os_mon start_memsup false -mnesia dir "/var/lib/rabbitmq/mnesia/rabbit@clixserver"
rabbitmq   380  0.0  0.0   7476   964 ?        Ss   19:14   0:00 inet_gethost 4
rabbitmq   381  0.0  0.0   9568  1616 ?        S    19:14   0:00 inet_gethost 4
root       383  0.1  0.6 186428 49960 ?        S    19:14   0:04 python manage.py celeryd -f /var/log/celeryd.log -l INFO
root       405  0.0  0.5 185780 42468 ?        S    19:14   0:00 python manage.py celeryd -f /var/log/celeryd.log -l INFO
root       406  0.0  0.5 185776 42472 ?        S    19:14   0:00 python manage.py celeryd -f /var/log/celeryd.log -l INFO
root       407  0.0  0.5 185776 42476 ?        S    19:14   0:00 python manage.py celeryd -f /var/log/celeryd.log -l INFO
root       408  0.0  0.5 185776 42480 ?        S    19:14   0:00 python manage.py celeryd -f /var/log/celeryd.log -l INFO
root       432  0.0  0.1  33152  9860 ?        S    19:14   0:00 python -m smtpd -n -c DebuggingServer localhost:1025
root       435  0.0  0.6 859096 56540 ?        Sl   19:14   0:00 python main.py
root       441  0.0  0.2  52492 17000 ?        S    19:14   0:00 /usr/bin/python /usr/bin/supervisord -n
root       458  0.0  0.0  32536  6524 ?        S    19:14   0:00 nginx: master process /usr/sbin/nginx
root       459  0.0  0.2  63412 20544 ?        S    19:14   0:00 /usr/local/bin/uwsgi --ini /home/docker/code/confs/uwsgi.ini
www-data   460  0.0  0.0  33248  6688 ?        S    19:14   0:00 nginx: worker process
www-data   461  0.0  0.0  33232  6680 ?        S    19:14   0:00 nginx: worker process
www-data   462  0.0  0.0  33372  6668 ?        S    19:14   0:02 nginx: worker process
www-data   463  0.3  0.0  33668  6940 ?        S    19:14   0:09 nginx: worker process
root       464  0.1  1.2 279160 100420 ?       S    19:14   0:04 /usr/local/bin/uwsgi --ini /home/docker/code/confs/uwsgi.ini
root       465  0.1  1.2 279380 100512 ?       S    19:14   0:03 /usr/local/bin/uwsgi --ini /home/docker/code/confs/uwsgi.ini
root       466  0.1  1.2 277904 99156 ?        S    19:14   0:04 /usr/local/bin/uwsgi --ini /home/docker/code/confs/uwsgi.ini
root       467  0.4  1.2 279128 100192 ?       S    19:14   0:11 /usr/local/bin/uwsgi --ini /home/docker/code/confs/uwsgi.ini
root      3082  0.0  0.0  59648  2940 ?        S    20:01   0:00 /USR/SBIN/CRON
root      3083  0.0  0.0   4456   768 ?        Ss   20:01   0:00 /bin/sh -c /home/docker/code/scripts/system-heartbeat.sh  > /tmp/cron-system-heartbeat.log
root      3084  0.0  0.0   9588  2308 ?        S    20:01   0:00 /bin/bash /home/docker/code/scripts/system-heartbeat.sh
root      3085  0.0  0.0   9600  2616 ?        S    20:01   0:00 /bin/bash /home/docker/code/scripts/system-heartbeat.sh
root      3086  0.0  0.0   4360   644 ?        S    20:01   0:00 tee /data/system-heartbeat/system-heartbeat-20181011-200101.log
postgres  3290  0.0  0.1 246688 10884 ?        Ss   20:01   0:00 postgres: glab gstudio_psql 127.0.0.1(40490) idle                                                                           
root      3292  0.0  0.0  15580  2144 ?        R    20:01   0:00 ps aux
 

------------------------------------------------------------------------------------ 


