Info-msg : Checking directory existence. 

/data/system-heartbeat/ directory exists
Info-msg : hostname of server (hostname). 

clixserver.tiss.edu
 

------------------------------------------------------------------------------------ 


Info-msg : internal ip addresses of the system (ip address). 

 

------------------------------------------------------------------------------------ 


Info-msg : external ip addresses of the system (public ip address). 


 

------------------------------------------------------------------------------------ 


Info-msg : RAM details (free -h). 

             total       used       free     shared    buffers     cached
Mem:          7.7G       2.1G       5.6G        95M        63M       800M
-/+ buffers/cache:       1.3G       6.4G
Swap:         7.6G         0B       7.6G
 

------------------------------------------------------------------------------------ 


Info-msg : HDD details (df -h). 

Filesystem      Size  Used Avail Use% Mounted on
overlay         908G   60G  802G   7% /
tmpfs            64M     0   64M   0% /dev
tmpfs           3.9G     0  3.9G   0% /sys/fs/cgroup
/dev/sda3       908G   60G  802G   7% /data
shm              64M     0   64M   0% /dev/shm
tmpfs           3.9G     0  3.9G   0% /proc/scsi
tmpfs           3.9G     0  3.9G   0% /sys/firmware
 

------------------------------------------------------------------------------------ 


Info-msg : Size description in '/data/'. 

4.0K	/data/2031006-mz6-activity-timestamp-csvs.tar.gz
44M	/data/2031006-mz6-assessment-media.tar.gz
4.0K	/data/2031006-mz6-gstudio_tools_logs.tar.gz
64K	/data/activity-timestamp-csvs
114M	/data/assessment-media
16K	/data/clixserver.tiss.edu
361M	/data/db
4.0K	/data/drop_database.sql
12K	/data/git-commit-details.log
4.0K	/data/gstudio-exported-users-analytics-csvs
12K	/data/gstudio-logs
8.0K	/data/local_settings.py
17G	/data/media
34M	/data/nginx-logs
504K	/data/pg_dump_all.sql
2.7M	/data/postgres-dump
4.1M	/data/qbank
670M	/data/rcs-repo
4.0K	/data/server_settings.py
16K	/data/system-heartbeat
 

------------------------------------------------------------------------------------ 


Info-msg : No of directories and files in '/data/media/'. 

No of directories : 4002 

No of files       : 9629 

 

------------------------------------------------------------------------------------ 


Info-msg : uptime (uptime). 

 12:01:11 up 19 min,  0 users,  load average: 0.17, 0.22, 0.27
 

------------------------------------------------------------------------------------ 


Info-msg : current process (uptime). 

USER       PID %CPU %MEM    VSZ   RSS TTY      STAT START   TIME COMMAND
root         1  0.0  0.0   4456   732 ?        Ss   11:42   0:00 /bin/sh -c /home/docker/code/scripts/initialize.sh  | sed -e "s/^/$(date +%Y%m%d-%H%M%S) :  /"  2>&1 | tee -a ${LOG_INSTALL_DOCKER}
root         6  0.0  0.0  18000  2868 ?        S    11:42   0:00 /bin/bash /home/docker/code/scripts/initialize.sh
root        12  0.0  0.0  10996  1408 ?        S    11:42   0:00 sed -e s/^/20180614-114220 :  /
root        14  0.0  0.0   4360  1376 ?        S    11:42   0:00 tee -a /root/DockerLogs/$(DATE_LOG)-gsd-install.log
root        15 15.0  2.6 425660 212592 ?       Sl   11:42   2:49 mongod --config /home/docker/code/confs/mongod.conf
root        17  0.0  0.0  23664  2144 ?        Ss   11:42   0:00 /usr/sbin/cron
postgres    35  0.0  0.2 244856 19300 ?        S    11:42   0:00 /usr/lib/postgresql/9.3/bin/postgres -D /var/lib/postgresql/9.3/main -c config_file=/etc/postgresql/9.3/main/postgresql.conf
postgres    72  0.0  0.0 244856  3248 ?        Ss   11:42   0:00 postgres: checkpointer process                                                                                              
postgres    73  0.0  0.0 244856  4592 ?        Ss   11:42   0:00 postgres: writer process                                                                                                    
postgres    74  0.0  0.0 244856  3248 ?        Ss   11:42   0:00 postgres: wal writer process                                                                                                
postgres    75  0.0  0.0 245732  6008 ?        Ss   11:42   0:00 postgres: autovacuum launcher process                                                                                       
postgres    76  0.0  0.0 100668  3700 ?        Ss   11:42   0:00 postgres: stats collector process                                                                                           
root       179  0.0  0.0  25356  2860 ?        Ss   11:42   0:00 /usr/lib/postfix/master
postfix    184  0.0  0.0  27420  2768 ?        S    11:42   0:00 pickup -l -t unix -u -c
postfix    185  0.0  0.0  27468  2812 ?        S    11:42   0:00 qmgr -l -t unix -u
root       193  0.0  0.0  61388  3128 ?        Ss   11:42   0:00 /usr/sbin/sshd
rabbitmq   221  0.0  0.0   7512    92 ?        S    11:42   0:00 /usr/lib/erlang/erts-5.10.4/bin/epmd -daemon
rabbitmq   245  0.0  0.0   4456   740 ?        S    11:42   0:00 /bin/sh /usr/sbin/rabbitmq-server
rabbitmq   290  0.5  1.1 2303624 93540 ?       Sl   11:42   0:06 /usr/lib/erlang/erts-5.10.4/bin/beam.smp -W w -K true -A30 -P 1048576 -- -root /usr/lib/erlang -progname erl -- -home /var/lib/rabbitmq -- -pa /usr/lib/rabbitmq/lib/rabbitmq_server-3.2.4/sbin/../ebin -noshell -noinput -s rabbit boot -sname rabbit@clixserver -boot start_sasl -kernel inet_default_connect_options [{nodelay,true}] -sasl errlog_type error -sasl sasl_error_logger false -rabbit error_logger {file,"/var/log/rabbitmq/rabbit@clixserver.log"} -rabbit sasl_error_logger {file,"/var/log/rabbitmq/rabbit@clixserver-sasl.log"} -rabbit enabled_plugins_file "/etc/rabbitmq/enabled_plugins" -rabbit plugins_dir "/usr/lib/rabbitmq/lib/rabbitmq_server-3.2.4/sbin/../plugins" -rabbit plugins_expand_dir "/var/lib/rabbitmq/mnesia/rabbit@clixserver-plugins-expand" -os_mon start_cpu_sup false -os_mon start_disksup false -os_mon start_memsup false -mnesia dir "/var/lib/rabbitmq/mnesia/rabbit@clixserver"
root       327  0.1  0.6 186436 49972 ?        S    11:42   0:01 python manage.py celeryd -f /var/log/celeryd.log -l INFO
rabbitmq   388  0.0  0.0   7476   972 ?        Ss   11:42   0:00 inet_gethost 4
rabbitmq   389  0.0  0.0   9568  1668 ?        S    11:42   0:00 inet_gethost 4
root       402  0.0  0.1  33152  9768 ?        S    11:42   0:00 python -m smtpd -n -c DebuggingServer localhost:1025
root       405  0.5  1.0 880132 87060 ?        Sl   11:42   0:06 python main.py
root       407  0.0  0.5 185788 42500 ?        S    11:42   0:00 python manage.py celeryd -f /var/log/celeryd.log -l INFO
root       408  0.0  0.5 185784 42504 ?        S    11:42   0:00 python manage.py celeryd -f /var/log/celeryd.log -l INFO
root       409  0.0  0.5 185784 42508 ?        S    11:42   0:00 python manage.py celeryd -f /var/log/celeryd.log -l INFO
root       410  0.0  0.5 185784 42516 ?        S    11:42   0:00 python manage.py celeryd -f /var/log/celeryd.log -l INFO
root       415  0.0  0.2  52492 16960 ?        S    11:42   0:00 /usr/bin/python /usr/bin/supervisord -n
root       430  0.0  0.0  32536  6476 ?        S    11:42   0:00 nginx: master process /usr/sbin/nginx
root       431  0.0  0.2  63412 20564 ?        S    11:42   0:00 /usr/local/bin/uwsgi --ini /home/docker/code/confs/uwsgi.ini
www-data   432  0.0  0.0  33336  6668 ?        S    11:42   0:00 nginx: worker process
www-data   433  0.0  0.0  33472  6636 ?        S    11:42   0:01 nginx: worker process
www-data   434  0.0  0.0  33396  6708 ?        S    11:42   0:00 nginx: worker process
www-data   435  0.0  0.0  33508  6620 ?        S    11:42   0:00 nginx: worker process
root       436  0.2  1.2 278880 100104 ?       S    11:42   0:03 /usr/local/bin/uwsgi --ini /home/docker/code/confs/uwsgi.ini
root       437  0.1  1.2 281660 102944 ?       S    11:42   0:01 /usr/local/bin/uwsgi --ini /home/docker/code/confs/uwsgi.ini
root       438  0.1  1.2 281532 102864 ?       S    11:42   0:02 /usr/local/bin/uwsgi --ini /home/docker/code/confs/uwsgi.ini
root       439  0.7  1.2 280184 101576 ?       S    11:42   0:08 /usr/local/bin/uwsgi --ini /home/docker/code/confs/uwsgi.ini
root      1144  0.0  0.0  59648  2940 ?        S    12:01   0:00 /USR/SBIN/CRON
root      1145  0.0  0.0   4456   784 ?        Ss   12:01   0:00 /bin/sh -c /home/docker/code/scripts/system-heartbeat.sh  > /tmp/cron-system-heartbeat.log
root      1146  0.0  0.0   9588  2268 ?        S    12:01   0:00 /bin/bash /home/docker/code/scripts/system-heartbeat.sh
root      1147  0.0  0.0   9600  2472 ?        S    12:01   0:00 /bin/bash /home/docker/code/scripts/system-heartbeat.sh
root      1148  0.0  0.0   4360   656 ?        S    12:01   0:00 tee /data/system-heartbeat/system-heartbeat-20180614-120101.log
root      1171  0.0  0.0  15580  2124 ?        R    12:01   0:00 ps aux
 

------------------------------------------------------------------------------------ 


