Info-msg : Checking directory existence. 

/data/system-heartbeat/ directory created successfully
Info-msg : hostname of server (hostname). 

clixserver.tiss.edu
 

------------------------------------------------------------------------------------ 


Info-msg : internal ip addresses of the system (ip address). 

eth0- 172.18.0.2
 

------------------------------------------------------------------------------------ 


Info-msg : external ip addresses of the system (public ip address). 


 

------------------------------------------------------------------------------------ 


Info-msg : RAM details (free -h). 

             total       used       free     shared    buffers     cached
Mem:          7.7G       7.2G       482M       256M       706M       4.5G
-/+ buffers/cache:       2.0G       5.7G
Swap:         7.6G       5.0M       7.6G
 

------------------------------------------------------------------------------------ 


Info-msg : HDD details (df -h). 

Filesystem      Size  Used Avail Use% Mounted on
overlay         908G   39G  823G   5% /
tmpfs            64M     0   64M   0% /dev
tmpfs           3.9G     0  3.9G   0% /sys/fs/cgroup
/dev/sda3       908G   39G  823G   5% /data
shm              64M     0   64M   0% /dev/shm
tmpfs           3.9G     0  3.9G   0% /proc/scsi
tmpfs           3.9G     0  3.9G   0% /sys/firmware
 

------------------------------------------------------------------------------------ 


Info-msg : Size description in '/data/'. 

16K	/data/clixserver.tiss.edu
361M	/data/db
4.0K	/data/drop_database.sql
17G	/data/media
4.0K	/data/nginx-logs
504K	/data/pg_dump_all.sql
2.5M	/data/postgres-dump
1.6M	/data/qbank
670M	/data/rcs-repo
8.0K	/data/system-heartbeat
 

------------------------------------------------------------------------------------ 


Info-msg : No of directories and files in '/data/media/'. 

No of directories : 4002 

No of files       : 9629 

 

------------------------------------------------------------------------------------ 


Info-msg : uptime (uptime). 

 11:26:10 up 32 min,  0 users,  load average: 1.60, 1.84, 1.96
 

------------------------------------------------------------------------------------ 


Info-msg : current process (uptime). 

USER       PID %CPU %MEM    VSZ   RSS TTY      STAT START   TIME COMMAND
root         1  0.0  0.0   4456   760 ?        Ss   11:14   0:00 /bin/sh -c /home/docker/code/scripts/initialize.sh  | sed -e "s/^/$(date +%Y%m%d-%H%M%S) :  /"  2>&1 | tee -a ${LOG_INSTALL_DOCKER}
root         7  0.0  0.0  18000  2948 ?        S    11:14   0:00 /bin/bash /home/docker/code/scripts/initialize.sh
root         8  0.0  0.0  10996  1516 ?        S    11:14   0:00 sed -e s/^/20180614-111447 :  /
root         9  0.0  0.0   4360  1272 ?        S    11:14   0:00 tee -a /root/DockerLogs/$(DATE_LOG)-gsd-install.log
root        16 54.7  2.6 419176 210648 ?       Sl   11:14   6:14 mongod --config /home/docker/code/confs/mongod.conf
root        18  0.0  0.0  23664  2172 ?        Ss   11:14   0:00 /usr/sbin/cron
postgres    36  0.0  0.2 244856 19448 ?        S    11:14   0:00 /usr/lib/postgresql/9.3/bin/postgres -D /var/lib/postgresql/9.3/main -c config_file=/etc/postgresql/9.3/main/postgresql.conf
postgres    66  0.0  0.0 245000  5756 ?        Ss   11:14   0:00 postgres: checkpointer process                                                                                              
postgres    67  0.0  0.0 244856  4540 ?        Ss   11:14   0:00 postgres: writer process                                                                                                    
postgres    68  0.0  0.0 244856  3292 ?        Ss   11:14   0:00 postgres: wal writer process                                                                                                
postgres    69  0.0  0.0 245732  6052 ?        Ss   11:14   0:00 postgres: autovacuum launcher process                                                                                       
postgres    70  0.0  0.0 100820  3588 ?        Ss   11:14   0:00 postgres: stats collector process                                                                                           
root       173  0.0  0.0  25356  2760 ?        Ss   11:14   0:00 /usr/lib/postfix/master
postfix    180  0.0  0.0  27420  2780 ?        S    11:14   0:00 pickup -l -t unix -u -c
postfix    181  0.0  0.0  27468  2836 ?        S    11:14   0:00 qmgr -l -t unix -u
root       187  0.0  0.0  61388  3096 ?        Ss   11:14   0:00 /usr/sbin/sshd
memcache   194  0.0  0.0 197412  5532 ?        Sl   11:14   0:00 /usr/bin/memcached -m 64 -p 11211 -u memcache -l 127.0.0.1
rabbitmq   223  0.0  0.0   7512    92 ?        S    11:14   0:00 /usr/lib/erlang/erts-5.10.4/bin/epmd -daemon
rabbitmq   247  0.0  0.0   4456   692 ?        S    11:14   0:00 /bin/sh /usr/sbin/rabbitmq-server
rabbitmq   292  0.4  1.1 2303624 92588 ?       Sl   11:14   0:02 /usr/lib/erlang/erts-5.10.4/bin/beam.smp -W w -K true -A30 -P 1048576 -- -root /usr/lib/erlang -progname erl -- -home /var/lib/rabbitmq -- -pa /usr/lib/rabbitmq/lib/rabbitmq_server-3.2.4/sbin/../ebin -noshell -noinput -s rabbit boot -sname rabbit@clixserver -boot start_sasl -kernel inet_default_connect_options [{nodelay,true}] -sasl errlog_type error -sasl sasl_error_logger false -rabbit error_logger {file,"/var/log/rabbitmq/rabbit@clixserver.log"} -rabbit sasl_error_logger {file,"/var/log/rabbitmq/rabbit@clixserver-sasl.log"} -rabbit enabled_plugins_file "/etc/rabbitmq/enabled_plugins" -rabbit plugins_dir "/usr/lib/rabbitmq/lib/rabbitmq_server-3.2.4/sbin/../plugins" -rabbit plugins_expand_dir "/var/lib/rabbitmq/mnesia/rabbit@clixserver-plugins-expand" -os_mon start_cpu_sup false -os_mon start_disksup false -os_mon start_memsup false -mnesia dir "/var/lib/rabbitmq/mnesia/rabbit@clixserver"
root       329  0.1  0.6 186504 50228 ?        S    11:14   0:00 python manage.py celeryd -f /var/log/celeryd.log -l INFO
root       397  0.0  0.5 185792 42480 ?        S    11:14   0:00 python manage.py celeryd -f /var/log/celeryd.log -l INFO
root       398  0.0  0.5 185788 42484 ?        S    11:14   0:00 python manage.py celeryd -f /var/log/celeryd.log -l INFO
root       399  0.0  0.5 185788 42488 ?        S    11:14   0:00 python manage.py celeryd -f /var/log/celeryd.log -l INFO
root       400  0.0  0.5 185788 42496 ?        S    11:14   0:00 python manage.py celeryd -f /var/log/celeryd.log -l INFO
root       413  0.0  0.1  33152  9772 ?        S    11:14   0:00 python -m smtpd -n -c DebuggingServer localhost:1025
root       422  0.0  0.2  52484 17108 ?        S    11:14   0:00 /usr/bin/python /usr/bin/supervisord -n
rabbitmq   431  0.0  0.0   7476   888 ?        Ss   11:14   0:00 inet_gethost 4
rabbitmq   432  0.0  0.0   9568  1628 ?        S    11:14   0:00 inet_gethost 4
root       434  0.0  0.2  63412 20628 ?        S    11:14   0:00 /usr/local/bin/uwsgi --ini /home/docker/code/confs/uwsgi.ini
root       435  0.0  0.1  63412 15748 ?        S    11:14   0:00 /usr/local/bin/uwsgi --ini /home/docker/code/confs/uwsgi.ini
root       436  0.0  0.1  63412 15748 ?        S    11:14   0:00 /usr/local/bin/uwsgi --ini /home/docker/code/confs/uwsgi.ini
root       437  0.0  0.1  63412 15748 ?        S    11:14   0:00 /usr/local/bin/uwsgi --ini /home/docker/code/confs/uwsgi.ini
root       438  0.0  0.1  63412 15748 ?        S    11:14   0:00 /usr/local/bin/uwsgi --ini /home/docker/code/confs/uwsgi.ini
root     21809  0.3  0.0   4456   764 pts/0    Ss+  11:26   0:00 /bin/sh -c /home/docker/code/scripts/system-heartbeat.sh  > /tmp/cron-system-heartbeat.log
root     21815  0.0  0.0  18032  2868 pts/0    S+   11:26   0:00 /bin/bash /home/docker/code/scripts/system-heartbeat.sh
root     21816  0.0  0.0  18044  2676 pts/0    S+   11:26   0:00 /bin/bash /home/docker/code/scripts/system-heartbeat.sh
root     21817  0.0  0.0   4360   644 pts/0    S+   11:26   0:00 tee /data/system-heartbeat/system-heartbeat-20180614-112607.log
root     21839  0.0  0.0  15580  2036 pts/0    R+   11:26   0:00 ps aux
 

------------------------------------------------------------------------------------ 


