Info-msg : Checking directory existence. 

/data/system-heartbeat/ directory exists
Info-msg : hostname of server (hostname). 

clixserver.tiss.edu
 

------------------------------------------------------------------------------------ 


Info-msg : internal ip addresses of the system (ip address). 

 

------------------------------------------------------------------------------------ 


Info-msg : external ip addresses of the system (public ip address). 


 

------------------------------------------------------------------------------------ 


Info-msg : RAM details (free -h). 

             total       used       free     shared    buffers     cached
Mem:          7.7G       6.1G       1.6G       617M       542M       2.3G
-/+ buffers/cache:       3.3G       4.5G
Swap:         7.6G         0B       7.6G
 

------------------------------------------------------------------------------------ 


Info-msg : HDD details (df -h). 

Filesystem      Size  Used Avail Use% Mounted on
overlay         908G   62G  800G   8% /
tmpfs            64M     0   64M   0% /dev
tmpfs           3.9G     0  3.9G   0% /sys/fs/cgroup
/dev/sda3       908G   62G  800G   8% /data
shm              64M     0   64M   0% /dev/shm
tmpfs           3.9G     0  3.9G   0% /proc/scsi
tmpfs           3.9G     0  3.9G   0% /sys/firmware
 

------------------------------------------------------------------------------------ 


Info-msg : Size description in '/data/'. 

8.0K	/data/2031006-mz6-activity-timestamp-csvs.tar.gz
45M	/data/2031006-mz6-assessment-media.tar.gz
4.0K	/data/2031006-mz6-gstudio_tools_logs.tar.gz
64K	/data/activity-timestamp-csvs
128M	/data/assessment-media
16K	/data/clixserver.tiss.edu
368M	/data/db
4.0K	/data/drop_database.sql
12K	/data/git-commit-details.log
4.0K	/data/gstudio-exported-users-analytics-csvs
72K	/data/gstudio-logs
8.0K	/data/local_settings.py
17G	/data/media
1.7G	/data/nginx-logs
504K	/data/pg_dump_all.sql
2.7M	/data/postgres-dump
3.0M	/data/qbank
672M	/data/rcs-repo
4.0K	/data/server_settings.py
100K	/data/system-heartbeat
 

------------------------------------------------------------------------------------ 


Info-msg : No of directories and files in '/data/media/'. 

No of directories : 4007 

No of files       : 9671 

 

------------------------------------------------------------------------------------ 


Info-msg : uptime (uptime). 

 14:01:02 up  1:31,  0 users,  load average: 0.85, 1.58, 1.61
 

------------------------------------------------------------------------------------ 


Info-msg : current process (uptime). 

USER       PID %CPU %MEM    VSZ   RSS TTY      STAT START   TIME COMMAND
root         1  0.0  0.0   4456   684 ?        Ss   12:30   0:00 /bin/sh -c /home/docker/code/scripts/initialize.sh  | sed -e "s/^/$(date +%Y%m%d-%H%M%S) :  /"  2>&1 | tee -a ${LOG_INSTALL_DOCKER}
root         9  0.0  0.0  18000  2796 ?        S    12:30   0:00 /bin/bash /home/docker/code/scripts/initialize.sh
root        15  0.0  0.0  10996  1400 ?        S    12:30   0:00 sed -e s/^/20181113-123020 :  /
root        17  0.0  0.0   4360  1308 ?        S    12:30   0:00 tee -a /root/DockerLogs/$(DATE_LOG)-gsd-install.log
root        18 28.3  3.1 525012 255968 ?       Sl   12:30  25:42 mongod --config /home/docker/code/confs/mongod.conf
root        20  0.0  0.0  23664  2148 ?        Ss   12:30   0:00 /usr/sbin/cron
postgres    39  0.0  0.2 244856 19156 ?        S    12:30   0:01 /usr/lib/postgresql/9.3/bin/postgres -D /var/lib/postgresql/9.3/main -c config_file=/etc/postgresql/9.3/main/postgresql.conf
postgres    75  0.0  0.0 244992  5664 ?        Ss   12:30   0:00 postgres: checkpointer process                                                                                              
postgres    76  0.0  0.0 244856  4508 ?        Ss   12:30   0:00 postgres: writer process                                                                                                    
postgres    77  0.0  0.0 244856  3356 ?        Ss   12:30   0:00 postgres: wal writer process                                                                                                
postgres    78  0.0  0.0 245732  6068 ?        Ss   12:30   0:00 postgres: autovacuum launcher process                                                                                       
postgres    79  0.0  0.0 100820  3780 ?        Ss   12:30   0:00 postgres: stats collector process                                                                                           
root       182  0.0  0.0  25356  2964 ?        Ss   12:30   0:00 /usr/lib/postfix/master
postfix    187  0.0  0.0  27420  2916 ?        S    12:30   0:00 pickup -l -t unix -u -c
postfix    188  0.0  0.0  27468  2920 ?        S    12:30   0:00 qmgr -l -t unix -u
root       196  0.0  0.0  61388  3144 ?        Ss   12:30   0:00 /usr/sbin/sshd
memcache   203  0.0  0.2 340696 18464 ?        Sl   12:30   0:01 /usr/bin/memcached -m 64 -p 11211 -u memcache -l 127.0.0.1
rabbitmq   232  0.0  0.0   7512    92 ?        S    12:30   0:00 /usr/lib/erlang/erts-5.10.4/bin/epmd -daemon
rabbitmq   256  0.0  0.0   4456   688 ?        S    12:30   0:00 /bin/sh /usr/sbin/rabbitmq-server
rabbitmq   301  0.3  1.1 2302856 92748 ?       Sl   12:30   0:20 /usr/lib/erlang/erts-5.10.4/bin/beam.smp -W w -K true -A30 -P 1048576 -- -root /usr/lib/erlang -progname erl -- -home /var/lib/rabbitmq -- -pa /usr/lib/rabbitmq/lib/rabbitmq_server-3.2.4/sbin/../ebin -noshell -noinput -s rabbit boot -sname rabbit@clixserver -boot start_sasl -kernel inet_default_connect_options [{nodelay,true}] -sasl errlog_type error -sasl sasl_error_logger false -rabbit error_logger {file,"/var/log/rabbitmq/rabbit@clixserver.log"} -rabbit sasl_error_logger {file,"/var/log/rabbitmq/rabbit@clixserver-sasl.log"} -rabbit enabled_plugins_file "/etc/rabbitmq/enabled_plugins" -rabbit plugins_dir "/usr/lib/rabbitmq/lib/rabbitmq_server-3.2.4/sbin/../plugins" -rabbit plugins_expand_dir "/var/lib/rabbitmq/mnesia/rabbit@clixserver-plugins-expand" -os_mon start_cpu_sup false -os_mon start_disksup false -os_mon start_memsup false -mnesia dir "/var/lib/rabbitmq/mnesia/rabbit@clixserver"
root       338  0.0  0.6 186432 50208 ?        S    12:30   0:04 python manage.py celeryd -f /var/log/celeryd.log -l INFO
rabbitmq   410  0.0  0.0   7476   948 ?        Ss   12:30   0:00 inet_gethost 4
rabbitmq   412  0.0  0.0   9568  1692 ?        S    12:30   0:00 inet_gethost 4
root       413  0.0  0.1  33152  9900 ?        S    12:30   0:00 python -m smtpd -n -c DebuggingServer localhost:1025
root       416  1.0  1.3 891272 112176 ?       Sl   12:30   0:58 python main.py
root       418  0.0  0.5 185784 42564 ?        S    12:30   0:00 python manage.py celeryd -f /var/log/celeryd.log -l INFO
root       419  0.0  0.5 185780 42568 ?        S    12:30   0:00 python manage.py celeryd -f /var/log/celeryd.log -l INFO
root       420  0.0  0.5 185780 42572 ?        S    12:30   0:00 python manage.py celeryd -f /var/log/celeryd.log -l INFO
root       421  0.0  0.5 185780 42580 ?        S    12:30   0:00 python manage.py celeryd -f /var/log/celeryd.log -l INFO
root       426  0.0  0.2  52492 17004 ?        S    12:30   0:01 /usr/bin/python /usr/bin/supervisord -n
root       441  0.0  0.0  32536  6428 ?        S    12:30   0:00 nginx: master process /usr/sbin/nginx
root       442  0.0  0.2  63412 20616 ?        S    12:30   0:00 /usr/local/bin/uwsgi --ini /home/docker/code/confs/uwsgi.ini
www-data   443  0.0  0.0  33376  6660 ?        S    12:30   0:02 nginx: worker process
www-data   444  0.0  0.0  33468  6744 ?        S    12:30   0:04 nginx: worker process
www-data   445  0.1  0.0  33672  6892 ?        S    12:30   0:06 nginx: worker process
www-data   446  0.1  0.0  34076  7364 ?        S    12:30   0:08 nginx: worker process
root       447  0.6  1.4 293620 115584 ?       S    12:30   0:36 /usr/local/bin/uwsgi --ini /home/docker/code/confs/uwsgi.ini
root       448  0.9  1.3 286624 108588 ?       S    12:30   0:49 /usr/local/bin/uwsgi --ini /home/docker/code/confs/uwsgi.ini
root       449  1.2  1.3 285988 107100 ?       S    12:30   1:07 /usr/local/bin/uwsgi --ini /home/docker/code/confs/uwsgi.ini
root       450  2.1  1.3 289032 110904 ?       S    12:30   1:55 /usr/local/bin/uwsgi --ini /home/docker/code/confs/uwsgi.ini
root     29066  0.0  0.0  59648  3048 ?        S    14:01   0:00 /USR/SBIN/CRON
root     29067  0.0  0.0   4456   856 ?        Ss   14:01   0:00 /bin/sh -c /home/docker/code/scripts/system-heartbeat.sh  > /tmp/cron-system-heartbeat.log
root     29068  0.0  0.0   9588  2296 ?        S    14:01   0:00 /bin/bash /home/docker/code/scripts/system-heartbeat.sh
root     29069  0.0  0.0   9600  2536 ?        S    14:01   0:00 /bin/bash /home/docker/code/scripts/system-heartbeat.sh
root     29070  0.0  0.0   4360   748 ?        S    14:01   0:00 tee /data/system-heartbeat/system-heartbeat-20181113-140101.log
postgres 29084  0.0  0.1 246688 11144 ?        Ss   14:01   0:00 postgres: glab gstudio_psql 127.0.0.1(53106) idle                                                                           
root     29092  0.0  0.0  15580  2128 ?        R    14:01   0:00 ps aux
 

------------------------------------------------------------------------------------ 


