Info-msg : Checking directory existence. 

/data/system-heartbeat/ directory exists
Info-msg : hostname of server (hostname). 

clixserver.tiss.edu
 

------------------------------------------------------------------------------------ 


Info-msg : internal ip addresses of the system (ip address). 

 

------------------------------------------------------------------------------------ 


Info-msg : external ip addresses of the system (public ip address). 


 

------------------------------------------------------------------------------------ 


Info-msg : RAM details (free -h). 

             total       used       free     shared    buffers     cached
Mem:          7.7G       4.4G       3.3G       214M       522M       1.8G
-/+ buffers/cache:       2.0G       5.7G
Swap:         7.6G         0B       7.6G
 

------------------------------------------------------------------------------------ 


Info-msg : HDD details (df -h). 

Filesystem      Size  Used Avail Use% Mounted on
overlay         908G   61G  802G   7% /
tmpfs            64M     0   64M   0% /dev
tmpfs           3.9G     0  3.9G   0% /sys/fs/cgroup
/dev/sda3       908G   61G  802G   7% /data
shm              64M     0   64M   0% /dev/shm
tmpfs           3.9G     0  3.9G   0% /proc/scsi
tmpfs           3.9G     0  3.9G   0% /sys/firmware
 

------------------------------------------------------------------------------------ 


Info-msg : Size description in '/data/'. 

8.0K	/data/2031006-mz6-activity-timestamp-csvs.tar.gz
44M	/data/2031006-mz6-assessment-media.tar.gz
4.0K	/data/2031006-mz6-gstudio_tools_logs.tar.gz
64K	/data/activity-timestamp-csvs
114M	/data/assessment-media
16K	/data/clixserver.tiss.edu
362M	/data/db
4.0K	/data/drop_database.sql
12K	/data/git-commit-details.log
4.0K	/data/gstudio-exported-users-analytics-csvs
32K	/data/gstudio-logs
8.0K	/data/local_settings.py
17G	/data/media
142M	/data/nginx-logs
504K	/data/pg_dump_all.sql
2.7M	/data/postgres-dump
2.4M	/data/qbank
670M	/data/rcs-repo
4.0K	/data/server_settings.py
52K	/data/system-heartbeat
 

------------------------------------------------------------------------------------ 


Info-msg : No of directories and files in '/data/media/'. 

No of directories : 4002 

No of files       : 9629 

 

------------------------------------------------------------------------------------ 


Info-msg : uptime (uptime). 

 14:01:02 up  1:02,  0 users,  load average: 0.23, 0.17, 0.18
 

------------------------------------------------------------------------------------ 


Info-msg : current process (uptime). 

USER       PID %CPU %MEM    VSZ   RSS TTY      STAT START   TIME COMMAND
root         1  0.0  0.0   4456   764 ?        Ss   12:59   0:00 /bin/sh -c /home/docker/code/scripts/initialize.sh  | sed -e "s/^/$(date +%Y%m%d-%H%M%S) :  /"  2>&1 | tee -a ${LOG_INSTALL_DOCKER}
root         6  0.0  0.0  18000  2852 ?        S    12:59   0:00 /bin/bash /home/docker/code/scripts/initialize.sh
root        12  0.0  0.0  10996  1400 ?        S    12:59   0:00 sed -e s/^/20180711-125926 :  /
root        14  0.0  0.0   4360  1372 ?        S    12:59   0:00 tee -a /root/DockerLogs/$(DATE_LOG)-gsd-install.log
root        15 18.3  3.0 472980 247036 ?       Sl   12:59  11:19 mongod --config /home/docker/code/confs/mongod.conf
root        17  0.0  0.0  23664  2068 ?        Ss   12:59   0:00 /usr/sbin/cron
postgres    36  0.0  0.2 244856 19296 ?        S    12:59   0:00 /usr/lib/postgresql/9.3/bin/postgres -D /var/lib/postgresql/9.3/main -c config_file=/etc/postgresql/9.3/main/postgresql.conf
postgres    66  0.0  0.0 244856  3312 ?        Ss   12:59   0:00 postgres: checkpointer process                                                                                              
postgres    67  0.0  0.0 244856  4656 ?        Ss   12:59   0:00 postgres: writer process                                                                                                    
postgres    68  0.0  0.0 244856  3312 ?        Ss   12:59   0:00 postgres: wal writer process                                                                                                
postgres    69  0.0  0.0 245732  6176 ?        Ss   12:59   0:00 postgres: autovacuum launcher process                                                                                       
postgres    70  0.0  0.0 100820  3788 ?        Ss   12:59   0:00 postgres: stats collector process                                                                                           
root       173  0.0  0.0  25356  2960 ?        Ss   12:59   0:00 /usr/lib/postfix/master
postfix    178  0.0  0.0  27420  2856 ?        S    12:59   0:00 pickup -l -t unix -u -c
postfix    179  0.0  0.0  27468  2848 ?        S    12:59   0:00 qmgr -l -t unix -u
root       187  0.0  0.0  61388  3012 ?        Ss   12:59   0:00 /usr/sbin/sshd
memcache   194  0.0  0.2 338644 16212 ?        Sl   12:59   0:00 /usr/bin/memcached -m 64 -p 11211 -u memcache -l 127.0.0.1
rabbitmq   223  0.0  0.0   7512    88 ?        S    12:59   0:00 /usr/lib/erlang/erts-5.10.4/bin/epmd -daemon
rabbitmq   247  0.0  0.0   4456   692 ?        S    12:59   0:00 /bin/sh /usr/sbin/rabbitmq-server
rabbitmq   292  0.5  1.1 2303368 93184 ?       Sl   12:59   0:20 /usr/lib/erlang/erts-5.10.4/bin/beam.smp -W w -K true -A30 -P 1048576 -- -root /usr/lib/erlang -progname erl -- -home /var/lib/rabbitmq -- -pa /usr/lib/rabbitmq/lib/rabbitmq_server-3.2.4/sbin/../ebin -noshell -noinput -s rabbit boot -sname rabbit@clixserver -boot start_sasl -kernel inet_default_connect_options [{nodelay,true}] -sasl errlog_type error -sasl sasl_error_logger false -rabbit error_logger {file,"/var/log/rabbitmq/rabbit@clixserver.log"} -rabbit sasl_error_logger {file,"/var/log/rabbitmq/rabbit@clixserver-sasl.log"} -rabbit enabled_plugins_file "/etc/rabbitmq/enabled_plugins" -rabbit plugins_dir "/usr/lib/rabbitmq/lib/rabbitmq_server-3.2.4/sbin/../plugins" -rabbit plugins_expand_dir "/var/lib/rabbitmq/mnesia/rabbit@clixserver-plugins-expand" -os_mon start_cpu_sup false -os_mon start_disksup false -os_mon start_memsup false -mnesia dir "/var/lib/rabbitmq/mnesia/rabbit@clixserver"
root       329  0.1  0.6 186440 50112 ?        S    12:59   0:04 python manage.py celeryd -f /var/log/celeryd.log -l INFO
root       401  0.0  0.1  33152  9896 ?        S    12:59   0:00 python -m smtpd -n -c DebuggingServer localhost:1025
root       404  1.9  1.2 889092 104488 ?       Sl   12:59   1:11 python main.py
root       411  0.0  0.2  52492 17060 ?        S    12:59   0:00 /usr/bin/python /usr/bin/supervisord -n
rabbitmq   412  0.0  0.0   7476   896 ?        Ss   12:59   0:00 inet_gethost 4
root       413  0.0  0.5 185792 42504 ?        S    12:59   0:00 python manage.py celeryd -f /var/log/celeryd.log -l INFO
root       414  0.0  0.5 185788 42508 ?        S    12:59   0:00 python manage.py celeryd -f /var/log/celeryd.log -l INFO
root       415  0.0  0.5 185788 42512 ?        S    12:59   0:00 python manage.py celeryd -f /var/log/celeryd.log -l INFO
root       416  0.0  0.5 185788 42520 ?        S    12:59   0:00 python manage.py celeryd -f /var/log/celeryd.log -l INFO
rabbitmq   419  0.0  0.0   9568  1696 ?        S    12:59   0:00 inet_gethost 4
root       432  0.0  0.0  32536  6620 ?        S    12:59   0:00 nginx: master process /usr/sbin/nginx
root       433  0.0  0.2  63412 20476 ?        S    12:59   0:00 /usr/local/bin/uwsgi --ini /home/docker/code/confs/uwsgi.ini
www-data   434  0.0  0.0  33424  6744 ?        S    12:59   0:01 nginx: worker process
www-data   435  0.0  0.0  33448  6768 ?        S    12:59   0:01 nginx: worker process
www-data   436  0.1  0.0  33436  6864 ?        S    12:59   0:03 nginx: worker process
www-data   437  0.0  0.0  33596  7044 ?        S    12:59   0:02 nginx: worker process
root       438  0.3  1.2 280096 100504 ?       S    12:59   0:12 /usr/local/bin/uwsgi --ini /home/docker/code/confs/uwsgi.ini
root       439  0.3  1.2 280272 101580 ?       R    12:59   0:11 /usr/local/bin/uwsgi --ini /home/docker/code/confs/uwsgi.ini
root       440  0.3  1.2 279088 100164 ?       S    12:59   0:13 /usr/local/bin/uwsgi --ini /home/docker/code/confs/uwsgi.ini
root       441  0.8  1.2 279440 100332 ?       S    12:59   0:30 /usr/local/bin/uwsgi --ini /home/docker/code/confs/uwsgi.ini
root      6129  0.0  0.0  59648  3084 ?        S    14:01   0:00 /USR/SBIN/CRON
root      6130  0.0  0.0   4456   764 ?        Ss   14:01   0:00 /bin/sh -c /home/docker/code/scripts/system-heartbeat.sh  > /tmp/cron-system-heartbeat.log
root      6131  0.0  0.0   9588  2252 ?        S    14:01   0:00 /bin/bash /home/docker/code/scripts/system-heartbeat.sh
root      6132  0.0  0.0   9600  2408 ?        S    14:01   0:00 /bin/bash /home/docker/code/scripts/system-heartbeat.sh
root      6133  0.0  0.0   4360   748 ?        S    14:01   0:00 tee /data/system-heartbeat/system-heartbeat-20180711-140101.log
root      6154  0.0  0.0  15580  2152 ?        R    14:01   0:00 ps aux
 

------------------------------------------------------------------------------------ 


