Info-msg : Checking directory existence. 

/data/system-heartbeat/ directory exists
Info-msg : hostname of server (hostname). 

clixserver.tiss.edu
 

------------------------------------------------------------------------------------ 


Info-msg : internal ip addresses of the system (ip address). 

 

------------------------------------------------------------------------------------ 


Info-msg : external ip addresses of the system (public ip address). 

103.119.240.3
 

------------------------------------------------------------------------------------ 


Info-msg : RAM details (free -h). 

             total       used       free     shared    buffers     cached
Mem:          7.5G       4.9G       2.6G       216M       485M       2.5G
-/+ buffers/cache:       2.0G       5.5G
Swap:         7.6G       1.0M       7.6G
 

------------------------------------------------------------------------------------ 


Info-msg : HDD details (df -h). 

Filesystem      Size  Used Avail Use% Mounted on
overlay         908G   55G  807G   7% /
tmpfs            64M     0   64M   0% /dev
tmpfs           3.8G     0  3.8G   0% /sys/fs/cgroup
/dev/sda3       908G   55G  807G   7% /data
shm              64M     0   64M   0% /dev/shm
tmpfs           3.8G     0  3.8G   0% /proc/scsi
tmpfs           3.8G     0  3.8G   0% /sys/firmware
 

------------------------------------------------------------------------------------ 


Info-msg : Size description in '/data/'. 

8.0K	/data/2031007-mz7-activity-timestamp-csvs.tar.gz
44M	/data/2031007-mz7-assessment-media.tar.gz
4.0K	/data/2031007-mz7-gstudio_tools_logs.tar.gz
64K	/data/activity-timestamp-csvs
114M	/data/assessment-media
16K	/data/clixserver.tiss.edu
361M	/data/db
4.0K	/data/drop_database.sql
12K	/data/git-commit-details.log
340K	/data/gstudio-exported-users-analytics-csvs
8.0K	/data/gstudio-logs
8.0K	/data/local_settings.py
17G	/data/media
9.2M	/data/nginx-logs
504K	/data/pg_dump_all.sql
2.7M	/data/postgres-dump
20M	/data/qbank
670M	/data/rcs-repo
4.0K	/data/server_settings.py
20K	/data/system-heartbeat
 

------------------------------------------------------------------------------------ 


Info-msg : No of directories and files in '/data/media/'. 

No of directories : 4002 

No of files       : 9629 

 

------------------------------------------------------------------------------------ 


Info-msg : uptime (uptime). 

 14:01:02 up  2:11,  0 users,  load average: 0.01, 0.06, 0.08
 

------------------------------------------------------------------------------------ 


Info-msg : current process (uptime). 

USER       PID %CPU %MEM    VSZ   RSS TTY      STAT START   TIME COMMAND
root         1  0.0  0.0   4456    72 ?        Ss   12:23   0:00 /bin/sh -c /home/docker/code/scripts/initialize.sh  | sed -e "s/^/$(date +%Y%m%d-%H%M%S) :  /"  2>&1 | tee -a ${LOG_INSTALL_DOCKER}
root         8  0.0  0.0  18000   272 ?        S    12:23   0:00 /bin/bash /home/docker/code/scripts/initialize.sh
root         9  0.0  0.0  10996   116 ?        S    12:23   0:00 sed -e s/^/20180813-122314 :  /
root        10  0.0  0.0   4360    88 ?        S    12:23   0:00 tee -a /root/DockerLogs/$(DATE_LOG)-gsd-install.log
root        17  9.8  2.9 437952 232084 ?       Sl   12:23   9:35 mongod --config /home/docker/code/confs/mongod.conf
root        19  0.0  0.0  23664  1416 ?        Ss   12:23   0:00 /usr/sbin/cron
postgres    37  0.0  0.1 244856 13224 ?        S    12:23   0:00 /usr/lib/postgresql/9.3/bin/postgres -D /var/lib/postgresql/9.3/main -c config_file=/etc/postgresql/9.3/main/postgresql.conf
postgres    58  0.0  0.0 244856  1248 ?        Ss   12:23   0:00 postgres: checkpointer process                                                                                              
postgres    59  0.0  0.0 244856  2168 ?        Ss   12:23   0:00 postgres: writer process                                                                                                    
postgres    60  0.0  0.0 244856  1248 ?        Ss   12:23   0:00 postgres: wal writer process                                                                                                
postgres    61  0.0  0.0 245732  4980 ?        Ss   12:23   0:00 postgres: autovacuum launcher process                                                                                       
postgres    62  0.0  0.0 100820  3336 ?        Ss   12:23   0:00 postgres: stats collector process                                                                                           
root       165  0.0  0.0  25356  1292 ?        Ss   12:23   0:00 /usr/lib/postfix/master
postfix    171  0.0  0.0  27468   292 ?        S    12:23   0:00 qmgr -l -t unix -u
root       179  0.0  0.0  61388   688 ?        Ss   12:23   0:00 /usr/sbin/sshd
memcache   186  0.0  0.1 335576 11344 ?        Sl   12:23   0:00 /usr/bin/memcached -m 64 -p 11211 -u memcache -l 127.0.0.1
rabbitmq   215  0.0  0.0   7512    92 ?        S    12:23   0:00 /usr/lib/erlang/erts-5.10.4/bin/epmd -daemon
rabbitmq   242  0.0  0.0   4456    76 ?        S    12:23   0:00 /bin/sh /usr/sbin/rabbitmq-server
rabbitmq   286  0.5  1.1 2303624 92000 ?       Sl   12:23   0:31 /usr/lib/erlang/erts-5.10.4/bin/beam.smp -W w -K true -A30 -P 1048576 -- -root /usr/lib/erlang -progname erl -- -home /var/lib/rabbitmq -- -pa /usr/lib/rabbitmq/lib/rabbitmq_server-3.2.4/sbin/../ebin -noshell -noinput -s rabbit boot -sname rabbit@clixserver -boot start_sasl -kernel inet_default_connect_options [{nodelay,true}] -sasl errlog_type error -sasl sasl_error_logger false -rabbit error_logger {file,"/var/log/rabbitmq/rabbit@clixserver.log"} -rabbit sasl_error_logger {file,"/var/log/rabbitmq/rabbit@clixserver-sasl.log"} -rabbit enabled_plugins_file "/etc/rabbitmq/enabled_plugins" -rabbit plugins_dir "/usr/lib/rabbitmq/lib/rabbitmq_server-3.2.4/sbin/../plugins" -rabbit plugins_expand_dir "/var/lib/rabbitmq/mnesia/rabbit@clixserver-plugins-expand" -os_mon start_cpu_sup false -os_mon start_disksup false -os_mon start_memsup false -mnesia dir "/var/lib/rabbitmq/mnesia/rabbit@clixserver"
rabbitmq   373  0.0  0.0   7476    84 ?        Ss   12:23   0:00 inet_gethost 4
rabbitmq   374  0.0  0.0   9568   132 ?        S    12:23   0:00 inet_gethost 4
root       376  0.1  0.5 186432 42080 ?        S    12:23   0:06 python manage.py celeryd -f /var/log/celeryd.log -l INFO
root       398  0.0  0.4 185784 39120 ?        S    12:23   0:00 python manage.py celeryd -f /var/log/celeryd.log -l INFO
root       399  0.0  0.4 185780 39124 ?        S    12:23   0:00 python manage.py celeryd -f /var/log/celeryd.log -l INFO
root       400  0.0  0.4 185780 39128 ?        S    12:23   0:00 python manage.py celeryd -f /var/log/celeryd.log -l INFO
root       401  0.0  0.4 185780 39136 ?        S    12:23   0:00 python manage.py celeryd -f /var/log/celeryd.log -l INFO
root       403  0.0  0.0  33152  4000 ?        S    12:23   0:00 python -m smtpd -n -c DebuggingServer localhost:1025
root       406  0.0  0.6 859096 47656 ?        Sl   12:23   0:00 python main.py
root       412  0.0  0.1  52492 13512 ?        S    12:23   0:01 /usr/bin/python /usr/bin/supervisord -n
root       427  0.0  0.0  32536  2508 ?        S    12:23   0:00 nginx: master process /usr/sbin/nginx
root       428  0.0  0.1  63412 12628 ?        S    12:23   0:00 /usr/local/bin/uwsgi --ini /home/docker/code/confs/uwsgi.ini
www-data   429  0.0  0.0  33364  6188 ?        S    12:23   0:00 nginx: worker process
www-data   430  0.0  0.0  33240  6108 ?        S    12:23   0:00 nginx: worker process
www-data   431  0.0  0.0  33244  6144 ?        S    12:23   0:00 nginx: worker process
www-data   432  0.0  0.0  33244  6492 ?        S    12:23   0:00 nginx: worker process
root       433  0.0  1.3 281260 101984 ?       S    12:23   0:01 /usr/local/bin/uwsgi --ini /home/docker/code/confs/uwsgi.ini
root       434  0.0  0.9 254672 75588 ?        S    12:23   0:00 /usr/local/bin/uwsgi --ini /home/docker/code/confs/uwsgi.ini
root       435  0.0  1.3 281812 102812 ?       S    12:23   0:03 /usr/local/bin/uwsgi --ini /home/docker/code/confs/uwsgi.ini
root       436  0.1  1.3 281424 102280 ?       S    12:23   0:06 /usr/local/bin/uwsgi --ini /home/docker/code/confs/uwsgi.ini
root      2361  0.0  0.0  59648  3056 ?        S    14:01   0:00 /USR/SBIN/CRON
root      2362  0.0  0.0   4456   756 ?        Ss   14:01   0:00 /bin/sh -c /home/docker/code/scripts/system-heartbeat.sh  > /tmp/cron-system-heartbeat.log
root      2363  0.0  0.0   9588  2212 ?        S    14:01   0:00 /bin/bash /home/docker/code/scripts/system-heartbeat.sh
root      2364  0.0  0.0   9600  2472 ?        S    14:01   0:00 /bin/bash /home/docker/code/scripts/system-heartbeat.sh
root      2365  0.0  0.0   4360   660 ?        S    14:01   0:00 tee /data/system-heartbeat/system-heartbeat-20180813-140101.log
root      2386  0.0  0.0  15580  2120 ?        R    14:01   0:00 ps aux
 

------------------------------------------------------------------------------------ 


