Info-msg : Checking directory existence. 

/data/system-heartbeat/ directory exists
Info-msg : hostname of server (hostname). 

clixserver.tiss.edu
 

------------------------------------------------------------------------------------ 


Info-msg : internal ip addresses of the system (ip address). 

 

------------------------------------------------------------------------------------ 


Info-msg : external ip addresses of the system (public ip address). 

103.119.240.10
 

------------------------------------------------------------------------------------ 


Info-msg : RAM details (free -h). 

             total       used       free     shared    buffers     cached
Mem:          7.5G       3.8G       3.7G       226M       234M       1.6G
-/+ buffers/cache:       2.0G       5.5G
Swap:         7.6G         0B       7.6G
 

------------------------------------------------------------------------------------ 


Info-msg : HDD details (df -h). 

Filesystem      Size  Used Avail Use% Mounted on
overlay         908G   57G  805G   7% /
tmpfs            64M     0   64M   0% /dev
tmpfs           3.8G     0  3.8G   0% /sys/fs/cgroup
/dev/sda3       908G   57G  805G   7% /data
shm              64M     0   64M   0% /dev/shm
tmpfs           3.8G     0  3.8G   0% /proc/scsi
tmpfs           3.8G     0  3.8G   0% /sys/firmware
 

------------------------------------------------------------------------------------ 


Info-msg : Size description in '/data/'. 

8.0K	/data/2031007-mz7-activity-timestamp-csvs.tar.gz
44M	/data/2031007-mz7-assessment-media.tar.gz
4.0K	/data/2031007-mz7-gstudio_tools_logs.tar.gz
64K	/data/activity-timestamp-csvs
114M	/data/assessment-media
16K	/data/clixserver.tiss.edu
376M	/data/db
4.0K	/data/drop_database.sql
12K	/data/git-commit-details.log
5.2M	/data/gstudio-exported-users-analytics-csvs
32K	/data/gstudio-logs
48K	/data/gstudio_tools_logs
8.0K	/data/local_settings.py
17G	/data/media
176M	/data/nginx-logs
504K	/data/pg_dump_all.sql
2.8M	/data/postgres-dump
3.2M	/data/qbank
676M	/data/rcs-repo
4.0K	/data/server_settings.py
392K	/data/system-heartbeat
 

------------------------------------------------------------------------------------ 


Info-msg : No of directories and files in '/data/media/'. 

No of directories : 4003 

No of files       : 9635 

 

------------------------------------------------------------------------------------ 


Info-msg : uptime (uptime). 

 15:01:02 up  1:38,  0 users,  load average: 0.10, 0.06, 0.09
 

------------------------------------------------------------------------------------ 


Info-msg : current process (uptime). 

USER       PID %CPU %MEM    VSZ   RSS TTY      STAT START   TIME COMMAND
root         1  0.0  0.0   4456   728 ?        Ss   13:23   0:00 /bin/sh -c /home/docker/code/scripts/initialize.sh  | sed -e "s/^/$(date +%Y%m%d-%H%M%S) :  /"  2>&1 | tee -a ${LOG_INSTALL_DOCKER}
root         7  0.0  0.0  18000  2836 ?        S    13:23   0:00 /bin/bash /home/docker/code/scripts/initialize.sh
root         8  0.0  0.0  10996  1348 ?        S    13:23   0:00 sed -e s/^/20190318-132343 :  /
root        10  0.0  0.0   4360  1272 ?        S    13:23   0:00 tee -a /root/DockerLogs/$(DATE_LOG)-gsd-install.log
root        16 12.6  3.8 566072 302744 ?       Sl   13:23  12:21 mongod --config /home/docker/code/confs/mongod.conf
root        18  0.0  0.0  23664  2144 ?        Ss   13:23   0:00 /usr/sbin/cron
postgres    44  0.0  0.2 244856 19212 ?        S    13:23   0:00 /usr/lib/postgresql/9.3/bin/postgres -D /var/lib/postgresql/9.3/main -c config_file=/etc/postgresql/9.3/main/postgresql.conf
postgres    61  0.0  0.0 244992  5124 ?        Ss   13:23   0:00 postgres: checkpointer process                                                                                              
postgres    62  0.0  0.0 244856  4512 ?        Ss   13:23   0:00 postgres: writer process                                                                                                    
postgres    63  0.0  0.0 244856  3332 ?        Ss   13:23   0:00 postgres: wal writer process                                                                                                
postgres    64  0.0  0.0 245732  5976 ?        Ss   13:23   0:00 postgres: autovacuum launcher process                                                                                       
postgres    65  0.0  0.0 100820  3648 ?        Ss   13:23   0:00 postgres: stats collector process                                                                                           
root       168  0.0  0.0  25356  2972 ?        Ss   13:23   0:00 /usr/lib/postfix/master
postfix    174  0.0  0.0  27468  2884 ?        S    13:23   0:00 qmgr -l -t unix -u
root       182  0.0  0.0  61388  3076 ?        Ss   13:23   0:00 /usr/sbin/sshd
memcache   189  0.0  0.2 342736 20264 ?        Sl   13:23   0:00 /usr/bin/memcached -m 64 -p 11211 -u memcache -l 127.0.0.1
rabbitmq   218  0.0  0.0   7512    88 ?        S    13:23   0:00 /usr/lib/erlang/erts-5.10.4/bin/epmd -daemon
rabbitmq   242  0.0  0.0   4456   784 ?        S    13:23   0:00 /bin/sh /usr/sbin/rabbitmq-server
rabbitmq   287  0.5  1.1 2303624 93164 ?       Sl   13:23   0:31 /usr/lib/erlang/erts-5.10.4/bin/beam.smp -W w -K true -A30 -P 1048576 -- -root /usr/lib/erlang -progname erl -- -home /var/lib/rabbitmq -- -pa /usr/lib/rabbitmq/lib/rabbitmq_server-3.2.4/sbin/../ebin -noshell -noinput -s rabbit boot -sname rabbit@clixserver -boot start_sasl -kernel inet_default_connect_options [{nodelay,true}] -sasl errlog_type error -sasl sasl_error_logger false -rabbit error_logger {file,"/var/log/rabbitmq/rabbit@clixserver.log"} -rabbit sasl_error_logger {file,"/var/log/rabbitmq/rabbit@clixserver-sasl.log"} -rabbit enabled_plugins_file "/etc/rabbitmq/enabled_plugins" -rabbit plugins_dir "/usr/lib/rabbitmq/lib/rabbitmq_server-3.2.4/sbin/../plugins" -rabbit plugins_expand_dir "/var/lib/rabbitmq/mnesia/rabbit@clixserver-plugins-expand" -os_mon start_cpu_sup false -os_mon start_disksup false -os_mon start_memsup false -mnesia dir "/var/lib/rabbitmq/mnesia/rabbit@clixserver"
root       324  0.1  0.6 186448 49920 ?        S    13:23   0:06 python manage.py celeryd -f /var/log/celeryd.log -l INFO
rabbitmq   393  0.0  0.0   7476   972 ?        Ss   13:23   0:00 inet_gethost 4
rabbitmq   396  0.0  0.0   9568  1668 ?        S    13:23   0:00 inet_gethost 4
root       399  0.0  0.1  33152  9968 ?        S    13:23   0:00 python -m smtpd -n -c DebuggingServer localhost:1025
root       402  0.0  1.1 882180 91688 ?        Sl   13:23   0:03 python main.py
root       407  0.0  0.5 185800 42480 ?        S    13:23   0:00 python manage.py celeryd -f /var/log/celeryd.log -l INFO
root       408  0.0  0.5 185796 42484 ?        S    13:23   0:00 python manage.py celeryd -f /var/log/celeryd.log -l INFO
root       409  0.0  0.5 185796 42480 ?        S    13:23   0:00 python manage.py celeryd -f /var/log/celeryd.log -l INFO
root       410  0.0  0.5 185796 42488 ?        S    13:23   0:00 python manage.py celeryd -f /var/log/celeryd.log -l INFO
root       412  0.0  0.2  52492 17060 ?        S    13:23   0:01 /usr/bin/python /usr/bin/supervisord -n
root       427  0.0  0.0  32536  6576 ?        S    13:23   0:00 nginx: master process /usr/sbin/nginx
root       428  0.0  0.2  63412 20484 ?        S    13:23   0:00 /usr/local/bin/uwsgi --ini /home/docker/code/confs/uwsgi.ini
www-data   429  0.0  0.0  33368  6696 ?        S    13:23   0:00 nginx: worker process
www-data   430  0.0  0.0  33464  6660 ?        S    13:23   0:00 nginx: worker process
www-data   431  0.0  0.0  33248  6840 ?        S    13:23   0:00 nginx: worker process
www-data   432  0.0  0.0  33240  6716 ?        S    13:23   0:00 nginx: worker process
root       433  0.0  1.2 279852 101052 ?       S    13:23   0:02 /usr/local/bin/uwsgi --ini /home/docker/code/confs/uwsgi.ini
root       434  0.0  1.2 279560 100680 ?       S    13:23   0:03 /usr/local/bin/uwsgi --ini /home/docker/code/confs/uwsgi.ini
root       435  0.0  1.2 278804 100264 ?       S    13:23   0:02 /usr/local/bin/uwsgi --ini /home/docker/code/confs/uwsgi.ini
root       436  0.3  1.3 281236 102404 ?       S    13:23   0:18 /usr/local/bin/uwsgi --ini /home/docker/code/confs/uwsgi.ini
root      3389  0.0  0.0  59648  3048 ?        S    15:01   0:00 /USR/SBIN/CRON
root      3390  0.0  0.0   4456   760 ?        Ss   15:01   0:00 /bin/sh -c /home/docker/code/scripts/system-heartbeat.sh  > /tmp/cron-system-heartbeat.log
root      3391  0.0  0.0   9588  2272 ?        S    15:01   0:00 /bin/bash /home/docker/code/scripts/system-heartbeat.sh
root      3392  0.0  0.0   9600  2472 ?        S    15:01   0:00 /bin/bash /home/docker/code/scripts/system-heartbeat.sh
root      3393  0.0  0.0   4360   744 ?        S    15:01   0:00 tee /data/system-heartbeat/system-heartbeat-20190318-150101.log
postgres  3404  0.0  0.1 246188 10716 ?        Ss   15:01   0:00 postgres: glab gstudio_psql 127.0.0.1(57598) idle                                                                           
root      3431  0.0  0.0  15580  2032 ?        R    15:01   0:00 ps aux
 

------------------------------------------------------------------------------------ 


