Info-msg : Checking directory existence. 

/data/system-heartbeat/ directory exists
Info-msg : hostname of server (hostname). 

clixserver.tiss.edu
 

------------------------------------------------------------------------------------ 


Info-msg : internal ip addresses of the system (ip address). 

 

------------------------------------------------------------------------------------ 


Info-msg : external ip addresses of the system (public ip address). 

103.119.240.10
 

------------------------------------------------------------------------------------ 


Info-msg : RAM details (free -h). 

             total       used       free     shared    buffers     cached
Mem:          7.5G       3.1G       4.4G       211M       424M       1.2G
-/+ buffers/cache:       1.5G       6.0G
Swap:         7.6G         0B       7.6G
 

------------------------------------------------------------------------------------ 


Info-msg : HDD details (df -h). 

Filesystem      Size  Used Avail Use% Mounted on
overlay         908G   57G  805G   7% /
tmpfs            64M     0   64M   0% /dev
tmpfs           3.8G     0  3.8G   0% /sys/fs/cgroup
/dev/sda3       908G   57G  805G   7% /data
shm              64M     0   64M   0% /dev/shm
tmpfs           3.8G     0  3.8G   0% /proc/scsi
tmpfs           3.8G     0  3.8G   0% /sys/firmware
 

------------------------------------------------------------------------------------ 


Info-msg : Size description in '/data/'. 

8.0K	/data/2031007-mz7-activity-timestamp-csvs.tar.gz
44M	/data/2031007-mz7-assessment-media.tar.gz
4.0K	/data/2031007-mz7-gstudio_tools_logs.tar.gz
64K	/data/activity-timestamp-csvs
114M	/data/assessment-media
16K	/data/clixserver.tiss.edu
376M	/data/db
4.0K	/data/drop_database.sql
12K	/data/git-commit-details.log
5.4M	/data/gstudio-exported-users-analytics-csvs
32K	/data/gstudio-logs
48K	/data/gstudio_tools_logs
8.0K	/data/local_settings.py
17G	/data/media
181M	/data/nginx-logs
504K	/data/pg_dump_all.sql
2.8M	/data/postgres-dump
4.5M	/data/qbank
676M	/data/rcs-repo
4.0K	/data/server_settings.py
404K	/data/system-heartbeat
 

------------------------------------------------------------------------------------ 


Info-msg : No of directories and files in '/data/media/'. 

No of directories : 4003 

No of files       : 9635 

 

------------------------------------------------------------------------------------ 


Info-msg : uptime (uptime). 

 15:01:10 up 27 min,  0 users,  load average: 0.24, 0.12, 0.24
 

------------------------------------------------------------------------------------ 


Info-msg : current process (uptime). 

USER       PID %CPU %MEM    VSZ   RSS TTY      STAT START   TIME COMMAND
root         1  0.0  0.0   4456   828 ?        Ss   14:34   0:00 /bin/sh -c /home/docker/code/scripts/initialize.sh  | sed -e "s/^/$(date +%Y%m%d-%H%M%S) :  /"  2>&1 | tee -a ${LOG_INSTALL_DOCKER}
root         7  0.0  0.0  18000  2788 ?        S    14:34   0:00 /bin/bash /home/docker/code/scripts/initialize.sh
root         8  0.0  0.0  10996  1344 ?        S    14:34   0:00 sed -e s/^/20190319-143423 :  /
root        10  0.0  0.0   4360  1304 ?        S    14:34   0:00 tee -a /root/DockerLogs/$(DATE_LOG)-gsd-install.log
root        16  4.2  1.1 254216 86512 ?        Sl   14:34   1:08 mongod --config /home/docker/code/confs/mongod.conf
root        18  0.0  0.0  23664  2204 ?        Ss   14:34   0:00 /usr/sbin/cron
postgres    37  0.0  0.2 244856 19216 ?        S    14:34   0:00 /usr/lib/postgresql/9.3/bin/postgres -D /var/lib/postgresql/9.3/main -c config_file=/etc/postgresql/9.3/main/postgresql.conf
postgres    67  0.0  0.0 244992  4976 ?        Ss   14:34   0:00 postgres: checkpointer process                                                                                              
postgres    68  0.0  0.0 244856  4604 ?        Ss   14:34   0:00 postgres: writer process                                                                                                    
postgres    69  0.0  0.0 244856  3504 ?        Ss   14:34   0:00 postgres: wal writer process                                                                                                
postgres    70  0.0  0.0 245732  6056 ?        Ss   14:34   0:00 postgres: autovacuum launcher process                                                                                       
postgres    71  0.0  0.0 100668  3696 ?        Ss   14:34   0:00 postgres: stats collector process                                                                                           
root       174  0.0  0.0  25356  2736 ?        Ss   14:34   0:00 /usr/lib/postfix/master
postfix    179  0.0  0.0  27420  2824 ?        S    14:34   0:00 pickup -l -t unix -u -c
postfix    180  0.0  0.0  27468  2796 ?        S    14:34   0:00 qmgr -l -t unix -u
root       188  0.0  0.0  61388  3012 ?        Ss   14:34   0:00 /usr/sbin/sshd
rabbitmq   216  0.0  0.0   7512    88 ?        S    14:34   0:00 /usr/lib/erlang/erts-5.10.4/bin/epmd -daemon
rabbitmq   243  0.0  0.0   4456   860 ?        S    14:34   0:00 /bin/sh /usr/sbin/rabbitmq-server
rabbitmq   287  0.6  1.1 2303880 92724 ?       Sl   14:34   0:09 /usr/lib/erlang/erts-5.10.4/bin/beam.smp -W w -K true -A30 -P 1048576 -- -root /usr/lib/erlang -progname erl -- -home /var/lib/rabbitmq -- -pa /usr/lib/rabbitmq/lib/rabbitmq_server-3.2.4/sbin/../ebin -noshell -noinput -s rabbit boot -sname rabbit@clixserver -boot start_sasl -kernel inet_default_connect_options [{nodelay,true}] -sasl errlog_type error -sasl sasl_error_logger false -rabbit error_logger {file,"/var/log/rabbitmq/rabbit@clixserver.log"} -rabbit sasl_error_logger {file,"/var/log/rabbitmq/rabbit@clixserver-sasl.log"} -rabbit enabled_plugins_file "/etc/rabbitmq/enabled_plugins" -rabbit plugins_dir "/usr/lib/rabbitmq/lib/rabbitmq_server-3.2.4/sbin/../plugins" -rabbit plugins_expand_dir "/var/lib/rabbitmq/mnesia/rabbit@clixserver-plugins-expand" -os_mon start_cpu_sup false -os_mon start_disksup false -os_mon start_memsup false -mnesia dir "/var/lib/rabbitmq/mnesia/rabbit@clixserver"
rabbitmq   374  0.0  0.0   7476   912 ?        Ss   14:34   0:00 inet_gethost 4
rabbitmq   375  0.0  0.0   9568  1576 ?        S    14:34   0:00 inet_gethost 4
root       377  0.1  0.6 186432 50140 ?        S    14:34   0:02 python manage.py celeryd -f /var/log/celeryd.log -l INFO
root       400  0.0  0.1  33152  9900 ?        S    14:34   0:00 python -m smtpd -n -c DebuggingServer localhost:1025
root       402  0.0  0.5 185784 42624 ?        S    14:34   0:00 python manage.py celeryd -f /var/log/celeryd.log -l INFO
root       403  0.0  0.5 185780 42628 ?        S    14:34   0:00 python manage.py celeryd -f /var/log/celeryd.log -l INFO
root       404  0.0  0.5 185780 42632 ?        S    14:34   0:00 python manage.py celeryd -f /var/log/celeryd.log -l INFO
root       405  0.0  0.5 185780 42636 ?        S    14:34   0:00 python manage.py celeryd -f /var/log/celeryd.log -l INFO
root       407  0.0  0.7 859096 56628 ?        Sl   14:34   0:00 python main.py
root       413  0.0  0.2  52492 16904 ?        S    14:34   0:00 /usr/bin/python /usr/bin/supervisord -n
root       428  0.0  0.0  32536  6576 ?        S    14:34   0:00 nginx: master process /usr/sbin/nginx
root       429  0.0  0.2  63412 20484 ?        S    14:34   0:00 /usr/local/bin/uwsgi --ini /home/docker/code/confs/uwsgi.ini
www-data   430  0.0  0.0  32908  3900 ?        S    14:34   0:00 nginx: worker process
www-data   431  0.0  0.0  32908  5700 ?        S    14:34   0:00 nginx: worker process
www-data   432  0.0  0.0  32908  5708 ?        S    14:34   0:00 nginx: worker process
www-data   433  0.0  0.0  32908  3900 ?        S    14:34   0:00 nginx: worker process
root       434  0.0  0.2  63412 15732 ?        S    14:34   0:00 /usr/local/bin/uwsgi --ini /home/docker/code/confs/uwsgi.ini
root       435  0.0  0.2  63412 15732 ?        S    14:34   0:00 /usr/local/bin/uwsgi --ini /home/docker/code/confs/uwsgi.ini
root       436  0.0  0.2  63412 15732 ?        S    14:34   0:00 /usr/local/bin/uwsgi --ini /home/docker/code/confs/uwsgi.ini
root       437  0.0  0.2  63412 15732 ?        S    14:34   0:00 /usr/local/bin/uwsgi --ini /home/docker/code/confs/uwsgi.ini
root       795  0.0  0.0  59648  2996 ?        S    15:01   0:00 /USR/SBIN/CRON
root       796  0.0  0.0   4456   688 ?        Ss   15:01   0:00 /bin/sh -c /home/docker/code/scripts/system-heartbeat.sh  > /tmp/cron-system-heartbeat.log
root       797  0.0  0.0   9588  2304 ?        S    15:01   0:00 /bin/bash /home/docker/code/scripts/system-heartbeat.sh
root       798  0.0  0.0   9600  2620 ?        S    15:01   0:00 /bin/bash /home/docker/code/scripts/system-heartbeat.sh
root       799  0.0  0.0   4360   644 ?        S    15:01   0:00 tee /data/system-heartbeat/system-heartbeat-20190319-150101.log
root       823  0.0  0.0  15580  2172 ?        R    15:01   0:00 ps aux
 

------------------------------------------------------------------------------------ 


