Info-msg : Checking directory existence. 

/data/system-heartbeat/ directory exists
Info-msg : hostname of server (hostname). 

clixserver.tiss.edu
 

------------------------------------------------------------------------------------ 


Info-msg : internal ip addresses of the system (ip address). 

 

------------------------------------------------------------------------------------ 


Info-msg : external ip addresses of the system (public ip address). 


 

------------------------------------------------------------------------------------ 


Info-msg : RAM details (free -h). 

             total       used       free     shared    buffers     cached
Mem:          7.5G       3.7G       3.7G       346M       423M       1.4G
-/+ buffers/cache:       1.9G       5.5G
Swap:         7.6G         0B       7.6G
 

------------------------------------------------------------------------------------ 


Info-msg : HDD details (df -h). 

Filesystem      Size  Used Avail Use% Mounted on
overlay         908G   56G  807G   7% /
tmpfs            64M     0   64M   0% /dev
tmpfs           3.8G     0  3.8G   0% /sys/fs/cgroup
/dev/sda3       908G   56G  807G   7% /data
shm              64M     0   64M   0% /dev/shm
tmpfs           3.8G     0  3.8G   0% /proc/scsi
tmpfs           3.8G     0  3.8G   0% /sys/firmware
 

------------------------------------------------------------------------------------ 


Info-msg : Size description in '/data/'. 

8.0K	/data/2031007-mz7-activity-timestamp-csvs.tar.gz
44M	/data/2031007-mz7-assessment-media.tar.gz
4.0K	/data/2031007-mz7-gstudio_tools_logs.tar.gz
64K	/data/activity-timestamp-csvs
114M	/data/assessment-media
16K	/data/clixserver.tiss.edu
365M	/data/db
4.0K	/data/drop_database.sql
12K	/data/git-commit-details.log
1.5M	/data/gstudio-exported-users-analytics-csvs
12K	/data/gstudio-logs
20K	/data/gstudio_tools_logs
8.0K	/data/local_settings.py
17G	/data/media
64M	/data/nginx-logs
504K	/data/pg_dump_all.sql
2.7M	/data/postgres-dump
3.7M	/data/qbank
670M	/data/rcs-repo
4.0K	/data/server_settings.py
104K	/data/system-heartbeat
 

------------------------------------------------------------------------------------ 


Info-msg : No of directories and files in '/data/media/'. 

No of directories : 4002 

No of files       : 9629 

 

------------------------------------------------------------------------------------ 


Info-msg : uptime (uptime). 

 16:01:08 up 28 min,  0 users,  load average: 0.48, 0.36, 0.41
 

------------------------------------------------------------------------------------ 


Info-msg : current process (uptime). 

USER       PID %CPU %MEM    VSZ   RSS TTY      STAT START   TIME COMMAND
root         1  0.0  0.0   4456   740 ?        Ss   15:33   0:00 /bin/sh -c /home/docker/code/scripts/initialize.sh  | sed -e "s/^/$(date +%Y%m%d-%H%M%S) :  /"  2>&1 | tee -a ${LOG_INSTALL_DOCKER}
root         7  0.0  0.0  18000  2848 ?        S    15:33   0:00 /bin/bash /home/docker/code/scripts/initialize.sh
root        13  0.0  0.0  10996  1452 ?        S    15:33   0:00 sed -e s/^/20180830-153337 :  /
root        15  0.0  0.0   4360  1304 ?        S    15:33   0:00 tee -a /root/DockerLogs/$(DATE_LOG)-gsd-install.log
root        16  7.7  2.7 431476 215100 ?       Sl   15:33   2:07 mongod --config /home/docker/code/confs/mongod.conf
root        18  0.0  0.0  23664  2204 ?        Ss   15:33   0:00 /usr/sbin/cron
postgres    37  0.0  0.2 244856 19240 ?        S    15:33   0:00 /usr/lib/postgresql/9.3/bin/postgres -D /var/lib/postgresql/9.3/main -c config_file=/etc/postgresql/9.3/main/postgresql.conf
postgres    67  0.0  0.0 244992  5672 ?        Ss   15:33   0:00 postgres: checkpointer process                                                                                              
postgres    68  0.0  0.0 244856  4624 ?        Ss   15:33   0:00 postgres: writer process                                                                                                    
postgres    69  0.0  0.0 244856  3380 ?        Ss   15:33   0:00 postgres: wal writer process                                                                                                
postgres    70  0.0  0.0 245732  6072 ?        Ss   15:33   0:00 postgres: autovacuum launcher process                                                                                       
postgres    71  0.0  0.0 100668  3704 ?        Ss   15:33   0:00 postgres: stats collector process                                                                                           
root       174  0.0  0.0  25356  2824 ?        Ss   15:33   0:00 /usr/lib/postfix/master
postfix    179  0.0  0.0  27420  2856 ?        S    15:33   0:00 pickup -l -t unix -u -c
postfix    180  0.0  0.0  27468  2892 ?        S    15:33   0:00 qmgr -l -t unix -u
root       188  0.0  0.0  61388  3044 ?        Ss   15:33   0:00 /usr/sbin/sshd
memcache   195  0.0  0.1 332504  9632 ?        Sl   15:33   0:00 /usr/bin/memcached -m 64 -p 11211 -u memcache -l 127.0.0.1
rabbitmq   224  0.0  0.0   7512    88 ?        S    15:33   0:00 /usr/lib/erlang/erts-5.10.4/bin/epmd -daemon
rabbitmq   248  0.0  0.0   4456   856 ?        S    15:33   0:00 /bin/sh /usr/sbin/rabbitmq-server
rabbitmq   293  0.5  1.1 2303112 92964 ?       Sl   15:33   0:08 /usr/lib/erlang/erts-5.10.4/bin/beam.smp -W w -K true -A30 -P 1048576 -- -root /usr/lib/erlang -progname erl -- -home /var/lib/rabbitmq -- -pa /usr/lib/rabbitmq/lib/rabbitmq_server-3.2.4/sbin/../ebin -noshell -noinput -s rabbit boot -sname rabbit@clixserver -boot start_sasl -kernel inet_default_connect_options [{nodelay,true}] -sasl errlog_type error -sasl sasl_error_logger false -rabbit error_logger {file,"/var/log/rabbitmq/rabbit@clixserver.log"} -rabbit sasl_error_logger {file,"/var/log/rabbitmq/rabbit@clixserver-sasl.log"} -rabbit enabled_plugins_file "/etc/rabbitmq/enabled_plugins" -rabbit plugins_dir "/usr/lib/rabbitmq/lib/rabbitmq_server-3.2.4/sbin/../plugins" -rabbit plugins_expand_dir "/var/lib/rabbitmq/mnesia/rabbit@clixserver-plugins-expand" -os_mon start_cpu_sup false -os_mon start_disksup false -os_mon start_memsup false -mnesia dir "/var/lib/rabbitmq/mnesia/rabbit@clixserver"
root       330  0.1  0.6 186432 50132 ?        S    15:33   0:02 python manage.py celeryd -f /var/log/celeryd.log -l INFO
rabbitmq   391  0.0  0.0   7476   984 ?        Ss   15:33   0:00 inet_gethost 4
rabbitmq   392  0.0  0.0   9568  1548 ?        S    15:33   0:00 inet_gethost 4
root       405  0.0  0.1  33152  9860 ?        S    15:33   0:00 python -m smtpd -n -c DebuggingServer localhost:1025
root       408  0.3  1.1 880644 88832 ?        Sl   15:33   0:05 python main.py
root       413  0.0  0.5 185784 42504 ?        S    15:33   0:00 python manage.py celeryd -f /var/log/celeryd.log -l INFO
root       414  0.0  0.5 185780 42508 ?        S    15:33   0:00 python manage.py celeryd -f /var/log/celeryd.log -l INFO
root       415  0.0  0.5 185780 42512 ?        S    15:33   0:00 python manage.py celeryd -f /var/log/celeryd.log -l INFO
root       416  0.0  0.5 185780 42516 ?        S    15:33   0:00 python manage.py celeryd -f /var/log/celeryd.log -l INFO
root       418  0.0  0.2  52492 16936 ?        S    15:33   0:00 /usr/bin/python /usr/bin/supervisord -n
root       433  0.0  0.0  32536  6524 ?        S    15:33   0:00 nginx: master process /usr/sbin/nginx
root       434  0.0  0.2  63412 20536 ?        S    15:33   0:00 /usr/local/bin/uwsgi --ini /home/docker/code/confs/uwsgi.ini
www-data   435  0.0  0.0  33224  6376 ?        S    15:33   0:00 nginx: worker process
www-data   436  0.0  0.0  33244  6752 ?        S    15:33   0:00 nginx: worker process
www-data   437  0.0  0.0  32908  5724 ?        S    15:33   0:00 nginx: worker process
www-data   438  0.0  0.0  33356  6620 ?        S    15:33   0:00 nginx: worker process
root       439  0.0  0.2  63412 15824 ?        S    15:33   0:00 /usr/local/bin/uwsgi --ini /home/docker/code/confs/uwsgi.ini
root       440  0.0  1.1 269912 91188 ?        S    15:33   0:01 /usr/local/bin/uwsgi --ini /home/docker/code/confs/uwsgi.ini
root       441  0.0  1.1 269340 90432 ?        S    15:33   0:01 /usr/local/bin/uwsgi --ini /home/docker/code/confs/uwsgi.ini
root       442  0.3  1.2 277548 98744 ?        S    15:33   0:05 /usr/local/bin/uwsgi --ini /home/docker/code/confs/uwsgi.ini
root      1841  0.0  0.0  59648  3048 ?        S    16:01   0:00 /USR/SBIN/CRON
root      1842  0.0  0.0   4456   852 ?        Ss   16:01   0:00 /bin/sh -c /home/docker/code/scripts/system-heartbeat.sh  > /tmp/cron-system-heartbeat.log
root      1843  0.0  0.0   9588  2260 ?        S    16:01   0:00 /bin/bash /home/docker/code/scripts/system-heartbeat.sh
root      1844  0.0  0.0   9600  2412 ?        S    16:01   0:00 /bin/bash /home/docker/code/scripts/system-heartbeat.sh
root      1845  0.0  0.0   4360   640 ?        S    16:01   0:00 tee /data/system-heartbeat/system-heartbeat-20180830-160101.log
root      1906  0.0  0.0  15580  2124 ?        R    16:01   0:00 ps aux
 

------------------------------------------------------------------------------------ 


