Info-msg : Checking directory existence. 

/data/system-heartbeat/ directory exists
Info-msg : hostname of server (hostname). 

clixserver.tiss.edu
 

------------------------------------------------------------------------------------ 


Info-msg : internal ip addresses of the system (ip address). 

 

------------------------------------------------------------------------------------ 


Info-msg : external ip addresses of the system (public ip address). 

103.119.240.3
 

------------------------------------------------------------------------------------ 


Info-msg : RAM details (free -h). 

             total       used       free     shared    buffers     cached
Mem:          7.5G       4.0G       3.5G       259M       741M       1.2G
-/+ buffers/cache:       2.0G       5.4G
Swap:         7.6G         0B       7.6G
 

------------------------------------------------------------------------------------ 


Info-msg : HDD details (df -h). 

Filesystem      Size  Used Avail Use% Mounted on
overlay         908G   55G  807G   7% /
tmpfs            64M     0   64M   0% /dev
tmpfs           3.8G     0  3.8G   0% /sys/fs/cgroup
/dev/sda3       908G   55G  807G   7% /data
shm              64M     0   64M   0% /dev/shm
tmpfs           3.8G     0  3.8G   0% /proc/scsi
tmpfs           3.8G     0  3.8G   0% /sys/firmware
 

------------------------------------------------------------------------------------ 


Info-msg : Size description in '/data/'. 

8.0K	/data/2031007-mz7-activity-timestamp-csvs.tar.gz
44M	/data/2031007-mz7-assessment-media.tar.gz
4.0K	/data/2031007-mz7-gstudio_tools_logs.tar.gz
64K	/data/activity-timestamp-csvs
114M	/data/assessment-media
16K	/data/clixserver.tiss.edu
362M	/data/db
4.0K	/data/drop_database.sql
12K	/data/git-commit-details.log
516K	/data/gstudio-exported-users-analytics-csvs
8.0K	/data/gstudio-logs
8.0K	/data/local_settings.py
17G	/data/media
13M	/data/nginx-logs
504K	/data/pg_dump_all.sql
2.7M	/data/postgres-dump
2.1M	/data/qbank
670M	/data/rcs-repo
4.0K	/data/server_settings.py
32K	/data/system-heartbeat
 

------------------------------------------------------------------------------------ 


Info-msg : No of directories and files in '/data/media/'. 

No of directories : 4002 

No of files       : 9629 

 

------------------------------------------------------------------------------------ 


Info-msg : uptime (uptime). 

 15:01:04 up 42 min,  0 users,  load average: 0.19, 0.19, 0.25
 

------------------------------------------------------------------------------------ 


Info-msg : current process (uptime). 

USER       PID %CPU %MEM    VSZ   RSS TTY      STAT START   TIME COMMAND
root         1  0.0  0.0   4456   712 ?        Ss   14:18   0:00 /bin/sh -c /home/docker/code/scripts/initialize.sh  | sed -e "s/^/$(date +%Y%m%d-%H%M%S) :  /"  2>&1 | tee -a ${LOG_INSTALL_DOCKER}
root         8  0.0  0.0  18000  2792 ?        S    14:19   0:00 /bin/bash /home/docker/code/scripts/initialize.sh
root        14  0.0  0.0  10996  1444 ?        S    14:19   0:00 sed -e s/^/20180816-141908 :  /
root        16  0.0  0.0   4360  1308 ?        S    14:19   0:00 tee -a /root/DockerLogs/$(DATE_LOG)-gsd-install.log
root        17  4.3  2.3 365940 186632 ?       Sl   14:19   1:49 mongod --config /home/docker/code/confs/mongod.conf
root        19  0.0  0.0  23664  2204 ?        Ss   14:19   0:00 /usr/sbin/cron
postgres    38  0.0  0.2 244856 19228 ?        S    14:19   0:00 /usr/lib/postgresql/9.3/bin/postgres -D /var/lib/postgresql/9.3/main -c config_file=/etc/postgresql/9.3/main/postgresql.conf
postgres    77  0.0  0.0 244856  3324 ?        Ss   14:19   0:00 postgres: checkpointer process                                                                                              
postgres    78  0.0  0.0 244856  4544 ?        Ss   14:19   0:00 postgres: writer process                                                                                                    
postgres    79  0.0  0.0 244856  3324 ?        Ss   14:19   0:00 postgres: wal writer process                                                                                                
postgres    80  0.0  0.0 245732  6144 ?        Ss   14:19   0:00 postgres: autovacuum launcher process                                                                                       
postgres    81  0.0  0.0 100820  3744 ?        Ss   14:19   0:00 postgres: stats collector process                                                                                           
root       184  0.0  0.0  25356  2728 ?        Ss   14:19   0:00 /usr/lib/postfix/master
postfix    189  0.0  0.0  27420  2764 ?        S    14:19   0:00 pickup -l -t unix -u -c
postfix    190  0.0  0.0  27468  2884 ?        S    14:19   0:00 qmgr -l -t unix -u
root       198  0.0  0.0  61388  3116 ?        Ss   14:19   0:00 /usr/sbin/sshd
memcache   205  0.0  0.1 331484  8652 ?        Sl   14:19   0:00 /usr/bin/memcached -m 64 -p 11211 -u memcache -l 127.0.0.1
rabbitmq   234  0.0  0.0   7512    88 ?        S    14:19   0:00 /usr/lib/erlang/erts-5.10.4/bin/epmd -daemon
rabbitmq   261  0.0  0.0   4456   784 ?        S    14:19   0:00 /bin/sh /usr/sbin/rabbitmq-server
rabbitmq   305  0.4  1.1 2303624 93052 ?       Sl   14:19   0:10 /usr/lib/erlang/erts-5.10.4/bin/beam.smp -W w -K true -A30 -P 1048576 -- -root /usr/lib/erlang -progname erl -- -home /var/lib/rabbitmq -- -pa /usr/lib/rabbitmq/lib/rabbitmq_server-3.2.4/sbin/../ebin -noshell -noinput -s rabbit boot -sname rabbit@clixserver -boot start_sasl -kernel inet_default_connect_options [{nodelay,true}] -sasl errlog_type error -sasl sasl_error_logger false -rabbit error_logger {file,"/var/log/rabbitmq/rabbit@clixserver.log"} -rabbit sasl_error_logger {file,"/var/log/rabbitmq/rabbit@clixserver-sasl.log"} -rabbit enabled_plugins_file "/etc/rabbitmq/enabled_plugins" -rabbit plugins_dir "/usr/lib/rabbitmq/lib/rabbitmq_server-3.2.4/sbin/../plugins" -rabbit plugins_expand_dir "/var/lib/rabbitmq/mnesia/rabbit@clixserver-plugins-expand" -os_mon start_cpu_sup false -os_mon start_disksup false -os_mon start_memsup false -mnesia dir "/var/lib/rabbitmq/mnesia/rabbit@clixserver"
rabbitmq   392  0.0  0.0   7476   920 ?        Ss   14:19   0:00 inet_gethost 4
rabbitmq   393  0.0  0.0   9568  1580 ?        S    14:19   0:00 inet_gethost 4
root       395  0.0  0.6 186412 50120 ?        S    14:19   0:00 python manage.py celeryd -f /var/log/celeryd.log -l INFO
root       418  0.0  0.1  33152  9896 ?        S    14:19   0:00 python -m smtpd -n -c DebuggingServer localhost:1025
root       421  0.0  0.7 859096 56448 ?        Sl   14:19   0:00 python main.py
root       426  0.0  0.5 185788 42508 ?        S    14:19   0:00 python manage.py celeryd -f /var/log/celeryd.log -l INFO
root       427  0.0  0.5 185788 42512 ?        S    14:19   0:00 python manage.py celeryd -f /var/log/celeryd.log -l INFO
root       428  0.0  0.5 185788 42516 ?        S    14:19   0:00 python manage.py celeryd -f /var/log/celeryd.log -l INFO
root       429  0.0  0.5 185788 42524 ?        S    14:19   0:00 python manage.py celeryd -f /var/log/celeryd.log -l INFO
root       431  0.0  0.2  52492 17008 ?        S    14:19   0:00 /usr/bin/python /usr/bin/supervisord -n
root       436  0.0  0.0  32536  6548 ?        S    14:19   0:00 nginx: master process /usr/sbin/nginx
root       437  0.0  0.2  63412 20516 ?        S    14:19   0:00 /usr/local/bin/uwsgi --ini /home/docker/code/confs/uwsgi.ini
www-data   438  0.0  0.0  32908  5560 ?        S    14:19   0:00 nginx: worker process
www-data   439  0.0  0.0  32908  6328 ?        S    14:19   0:00 nginx: worker process
www-data   440  0.0  0.0  33348  6272 ?        S    14:19   0:00 nginx: worker process
www-data   441  0.0  0.0  33224  6328 ?        S    14:19   0:00 nginx: worker process
root       453  0.0  0.2  63412 15716 ?        S    14:19   0:00 /usr/local/bin/uwsgi --ini /home/docker/code/confs/uwsgi.ini
root       454  0.0  1.3 281652 103012 ?       S    14:19   0:01 /usr/local/bin/uwsgi --ini /home/docker/code/confs/uwsgi.ini
root       455  0.0  1.1 265096 86436 ?        S    14:19   0:00 /usr/local/bin/uwsgi --ini /home/docker/code/confs/uwsgi.ini
root       456  0.0  1.3 282000 103320 ?       S    14:19   0:01 /usr/local/bin/uwsgi --ini /home/docker/code/confs/uwsgi.ini
root      1222  0.0  0.0  59648  2996 ?        S    15:01   0:00 /USR/SBIN/CRON
root      1223  0.0  0.0   4456   740 ?        Ss   15:01   0:00 /bin/sh -c /home/docker/code/scripts/system-heartbeat.sh  > /tmp/cron-system-heartbeat.log
root      1224  0.0  0.0   9588  2336 ?        S    15:01   0:00 /bin/bash /home/docker/code/scripts/system-heartbeat.sh
root      1225  0.0  0.0   9600  2472 ?        S    15:01   0:00 /bin/bash /home/docker/code/scripts/system-heartbeat.sh
root      1226  0.0  0.0   4360   752 ?        S    15:01   0:00 tee /data/system-heartbeat/system-heartbeat-20180816-150101.log
root      1249  0.0  0.0  15580  2028 ?        R    15:01   0:00 ps aux
 

------------------------------------------------------------------------------------ 


