Info-msg : Checking directory existence. 

/data/system-heartbeat/ directory exists
Info-msg : hostname of server (hostname). 

clixserver.tiss.edu
 

------------------------------------------------------------------------------------ 


Info-msg : internal ip addresses of the system (ip address). 

 

------------------------------------------------------------------------------------ 


Info-msg : external ip addresses of the system (public ip address). 

103.119.240.10
 

------------------------------------------------------------------------------------ 


Info-msg : RAM details (free -h). 

             total       used       free     shared    buffers     cached
Mem:          7.5G       3.7G       3.8G       232M       443M       1.7G
-/+ buffers/cache:       1.6G       5.9G
Swap:         7.6G         0B       7.6G
 

------------------------------------------------------------------------------------ 


Info-msg : HDD details (df -h). 

Filesystem      Size  Used Avail Use% Mounted on
overlay         908G   57G  806G   7% /
tmpfs            64M     0   64M   0% /dev
tmpfs           3.8G     0  3.8G   0% /sys/fs/cgroup
/dev/sda3       908G   57G  806G   7% /data
shm              64M     0   64M   0% /dev/shm
tmpfs           3.8G     0  3.8G   0% /proc/scsi
tmpfs           3.8G     0  3.8G   0% /sys/firmware
 

------------------------------------------------------------------------------------ 


Info-msg : Size description in '/data/'. 

8.0K	/data/2031007-mz7-activity-timestamp-csvs.tar.gz
44M	/data/2031007-mz7-assessment-media.tar.gz
4.0K	/data/2031007-mz7-gstudio_tools_logs.tar.gz
64K	/data/activity-timestamp-csvs
114M	/data/assessment-media
16K	/data/clixserver.tiss.edu
371M	/data/db
4.0K	/data/drop_database.sql
12K	/data/git-commit-details.log
3.8M	/data/gstudio-exported-users-analytics-csvs
28K	/data/gstudio-logs
48K	/data/gstudio_tools_logs
8.0K	/data/local_settings.py
17G	/data/media
130M	/data/nginx-logs
504K	/data/pg_dump_all.sql
2.7M	/data/postgres-dump
3.3M	/data/qbank
670M	/data/rcs-repo
4.0K	/data/server_settings.py
284K	/data/system-heartbeat
 

------------------------------------------------------------------------------------ 


Info-msg : No of directories and files in '/data/media/'. 

No of directories : 4002 

No of files       : 9629 

 

------------------------------------------------------------------------------------ 


Info-msg : uptime (uptime). 

 14:01:13 up 35 min,  0 users,  load average: 0.16, 0.22, 0.37
 

------------------------------------------------------------------------------------ 


Info-msg : current process (uptime). 

USER       PID %CPU %MEM    VSZ   RSS TTY      STAT START   TIME COMMAND
root         1  0.0  0.0   4456   768 ?        Ss   13:26   0:00 /bin/sh -c /home/docker/code/scripts/initialize.sh  | sed -e "s/^/$(date +%Y%m%d-%H%M%S) :  /"  2>&1 | tee -a ${LOG_INSTALL_DOCKER}
root         8  0.0  0.0  18000  2892 ?        S    13:26   0:00 /bin/bash /home/docker/code/scripts/initialize.sh
root         9  0.0  0.0  10996  1412 ?        S    13:26   0:00 sed -e s/^/20190308-133058 :  /
root        11  0.0  0.0   4360  1304 ?        S    13:26   0:00 tee -a /root/DockerLogs/$(DATE_LOG)-gsd-install.log
root        17  3.3  1.1 257288 88896 ?        Sl   13:26   1:09 mongod --config /home/docker/code/confs/mongod.conf
root        19  0.0  0.0  23664  2076 ?        Ss   13:26   0:00 /usr/sbin/cron
postgres    38  0.0  0.2 244856 19284 ?        S    13:26   0:00 /usr/lib/postgresql/9.3/bin/postgres -D /var/lib/postgresql/9.3/main -c config_file=/etc/postgresql/9.3/main/postgresql.conf
postgres    86  0.0  0.0 244856  3400 ?        Ss   13:26   0:00 postgres: checkpointer process                                                                                              
postgres    87  0.0  0.0 244856  4564 ?        Ss   13:26   0:00 postgres: writer process                                                                                                    
postgres    88  0.0  0.0 244856  3400 ?        Ss   13:26   0:00 postgres: wal writer process                                                                                                
postgres    89  0.0  0.0 245732  5908 ?        Ss   13:26   0:00 postgres: autovacuum launcher process                                                                                       
postgres    90  0.0  0.0 100668  3612 ?        Ss   13:26   0:00 postgres: stats collector process                                                                                           
root       193  0.0  0.0  25356  2912 ?        Ss   13:26   0:00 /usr/lib/postfix/master
postfix    198  0.0  0.0  27420  2748 ?        S    13:26   0:00 pickup -l -t unix -u -c
postfix    199  0.0  0.0  27468  2844 ?        S    13:26   0:00 qmgr -l -t unix -u
root       207  0.0  0.0  61388  3068 ?        Ss   13:26   0:00 /usr/sbin/sshd
memcache   214  0.0  0.0  63264  2640 ?        Sl   13:26   0:00 /usr/bin/memcached -m 64 -p 11211 -u memcache -l 127.0.0.1
rabbitmq   243  0.0  0.0   7512    92 ?        S    13:26   0:00 /usr/lib/erlang/erts-5.10.4/bin/epmd -daemon
rabbitmq   270  0.0  0.0   4456   852 ?        S    13:26   0:00 /bin/sh /usr/sbin/rabbitmq-server
rabbitmq   314  0.5  1.1 2303372 93312 ?       Sl   13:26   0:10 /usr/lib/erlang/erts-5.10.4/bin/beam.smp -W w -K true -A30 -P 1048576 -- -root /usr/lib/erlang -progname erl -- -home /var/lib/rabbitmq -- -pa /usr/lib/rabbitmq/lib/rabbitmq_server-3.2.4/sbin/../ebin -noshell -noinput -s rabbit boot -sname rabbit@clixserver -boot start_sasl -kernel inet_default_connect_options [{nodelay,true}] -sasl errlog_type error -sasl sasl_error_logger false -rabbit error_logger {file,"/var/log/rabbitmq/rabbit@clixserver.log"} -rabbit sasl_error_logger {file,"/var/log/rabbitmq/rabbit@clixserver-sasl.log"} -rabbit enabled_plugins_file "/etc/rabbitmq/enabled_plugins" -rabbit plugins_dir "/usr/lib/rabbitmq/lib/rabbitmq_server-3.2.4/sbin/../plugins" -rabbit plugins_expand_dir "/var/lib/rabbitmq/mnesia/rabbit@clixserver-plugins-expand" -os_mon start_cpu_sup false -os_mon start_disksup false -os_mon start_memsup false -mnesia dir "/var/lib/rabbitmq/mnesia/rabbit@clixserver"
rabbitmq   401  0.0  0.0   7476   912 ?        Ss   13:27   0:00 inet_gethost 4
rabbitmq   402  0.0  0.0   9568  1580 ?        S    13:27   0:00 inet_gethost 4
root       404  0.0  0.6 186412 49944 ?        S    13:27   0:00 python manage.py celeryd -f /var/log/celeryd.log -l INFO
root       429  0.0  0.1  33152  9864 ?        S    13:27   0:00 python -m smtpd -n -c DebuggingServer localhost:1025
root       432  0.0  0.7 859096 56500 ?        Sl   13:27   0:00 python main.py
root       438  0.0  0.2  52492 16976 ?        S    13:27   0:00 /usr/bin/python /usr/bin/supervisord -n
root       439  0.0  0.5 185792 42432 ?        S    13:27   0:00 python manage.py celeryd -f /var/log/celeryd.log -l INFO
root       440  0.0  0.5 185792 42436 ?        S    13:27   0:00 python manage.py celeryd -f /var/log/celeryd.log -l INFO
root       441  0.0  0.5 185792 42440 ?        S    13:27   0:00 python manage.py celeryd -f /var/log/celeryd.log -l INFO
root       442  0.0  0.5 185792 42448 ?        S    13:27   0:00 python manage.py celeryd -f /var/log/celeryd.log -l INFO
root       458  0.0  0.0  32536  6508 ?        S    13:27   0:00 nginx: master process /usr/sbin/nginx
root       459  0.0  0.2  63412 20688 ?        S    13:27   0:00 /usr/local/bin/uwsgi --ini /home/docker/code/confs/uwsgi.ini
www-data   461  0.0  0.0  32908  3992 ?        S    13:27   0:00 nginx: worker process
www-data   462  0.0  0.0  32908  3992 ?        S    13:27   0:00 nginx: worker process
www-data   463  0.0  0.0  32908  3992 ?        S    13:27   0:00 nginx: worker process
www-data   464  0.0  0.0  32908  3992 ?        S    13:27   0:00 nginx: worker process
root       465  0.0  0.2  63412 15768 ?        S    13:27   0:00 /usr/local/bin/uwsgi --ini /home/docker/code/confs/uwsgi.ini
root       466  0.0  0.2  63412 15768 ?        S    13:27   0:00 /usr/local/bin/uwsgi --ini /home/docker/code/confs/uwsgi.ini
root       467  0.0  0.2  63412 15768 ?        S    13:27   0:00 /usr/local/bin/uwsgi --ini /home/docker/code/confs/uwsgi.ini
root       468  0.0  0.2  63412 15768 ?        S    13:27   0:00 /usr/local/bin/uwsgi --ini /home/docker/code/confs/uwsgi.ini
root       917  0.0  0.0  59648  3056 ?        S    14:01   0:00 /USR/SBIN/CRON
root       918  0.0  0.0   4456   696 ?        Ss   14:01   0:00 /bin/sh -c /home/docker/code/scripts/system-heartbeat.sh  > /tmp/cron-system-heartbeat.log
root       919  0.0  0.0   9588  2304 ?        S    14:01   0:00 /bin/bash /home/docker/code/scripts/system-heartbeat.sh
root       920  0.0  0.0   9600  2608 ?        S    14:01   0:00 /bin/bash /home/docker/code/scripts/system-heartbeat.sh
root       921  0.0  0.0   4360   640 ?        S    14:01   0:00 tee /data/system-heartbeat/system-heartbeat-20190308-140101.log
root       944  0.0  0.0  15580  2068 ?        R    14:01   0:00 ps aux
 

------------------------------------------------------------------------------------ 


