Info-msg : Checking directory existence. 

/data/system-heartbeat/ directory exists
Info-msg : hostname of server (hostname). 

clixserver.tiss.edu
 

------------------------------------------------------------------------------------ 


Info-msg : internal ip addresses of the system (ip address). 

 

------------------------------------------------------------------------------------ 


Info-msg : external ip addresses of the system (public ip address). 


 

------------------------------------------------------------------------------------ 


Info-msg : RAM details (free -h). 

             total       used       free     shared    buffers     cached
Mem:          7.5G       5.0G       2.4G       765M       541M       2.1G
-/+ buffers/cache:       2.4G       5.0G
Swap:         7.6G         0B       7.6G
 

------------------------------------------------------------------------------------ 


Info-msg : HDD details (df -h). 

Filesystem      Size  Used Avail Use% Mounted on
overlay         908G   56G  806G   7% /
tmpfs            64M     0   64M   0% /dev
tmpfs           3.8G     0  3.8G   0% /sys/fs/cgroup
/dev/sda3       908G   56G  806G   7% /data
shm              64M     0   64M   0% /dev/shm
tmpfs           3.8G     0  3.8G   0% /proc/scsi
tmpfs           3.8G     0  3.8G   0% /sys/firmware
 

------------------------------------------------------------------------------------ 


Info-msg : Size description in '/data/'. 

8.0K	/data/2031007-mz7-activity-timestamp-csvs.tar.gz
44M	/data/2031007-mz7-assessment-media.tar.gz
4.0K	/data/2031007-mz7-gstudio_tools_logs.tar.gz
64K	/data/activity-timestamp-csvs
114M	/data/assessment-media
16K	/data/clixserver.tiss.edu
368M	/data/db
4.0K	/data/drop_database.sql
12K	/data/git-commit-details.log
2.7M	/data/gstudio-exported-users-analytics-csvs
20K	/data/gstudio-logs
32K	/data/gstudio_tools_logs
8.0K	/data/local_settings.py
17G	/data/media
118M	/data/nginx-logs
504K	/data/pg_dump_all.sql
2.7M	/data/postgres-dump
4.5M	/data/qbank
670M	/data/rcs-repo
4.0K	/data/server_settings.py
200K	/data/system-heartbeat
 

------------------------------------------------------------------------------------ 


Info-msg : No of directories and files in '/data/media/'. 

No of directories : 4002 

No of files       : 9629 

 

------------------------------------------------------------------------------------ 


Info-msg : uptime (uptime). 

 15:01:02 up  1:52,  0 users,  load average: 0.25, 0.53, 0.89
 

------------------------------------------------------------------------------------ 


Info-msg : current process (uptime). 

USER       PID %CPU %MEM    VSZ   RSS TTY      STAT START   TIME COMMAND
root         1  0.0  0.0   4456   720 ?        Ss   13:09   0:00 /bin/sh -c /home/docker/code/scripts/initialize.sh  | sed -e "s/^/$(date +%Y%m%d-%H%M%S) :  /"  2>&1 | tee -a ${LOG_INSTALL_DOCKER}
root         8  0.0  0.0  18000  2824 ?        S    13:09   0:00 /bin/bash /home/docker/code/scripts/initialize.sh
root        14  0.0  0.0  10996  1476 ?        S    13:09   0:00 sed -e s/^/20180910-130921 :  /
root        16  0.0  0.0   4360  1372 ?        S    13:09   0:00 tee -a /root/DockerLogs/$(DATE_LOG)-gsd-install.log
root        17 12.3  3.5 481688 275312 ?       Sl   13:09  13:46 mongod --config /home/docker/code/confs/mongod.conf
root        19  0.0  0.0  23664  2132 ?        Ss   13:09   0:00 /usr/sbin/cron
postgres    38  0.0  0.2 244856 19268 ?        S    13:09   0:00 /usr/lib/postgresql/9.3/bin/postgres -D /var/lib/postgresql/9.3/main -c config_file=/etc/postgresql/9.3/main/postgresql.conf
postgres    80  0.0  0.0 245000  5536 ?        Ss   13:09   0:00 postgres: checkpointer process                                                                                              
postgres    81  0.0  0.0 244856  4596 ?        Ss   13:09   0:00 postgres: writer process                                                                                                    
postgres    82  0.0  0.0 244856  3304 ?        Ss   13:09   0:00 postgres: wal writer process                                                                                                
postgres    83  0.0  0.0 245732  6008 ?        Ss   13:09   0:00 postgres: autovacuum launcher process                                                                                       
postgres    84  0.0  0.0 100820  3724 ?        Ss   13:09   0:00 postgres: stats collector process                                                                                           
root       187  0.0  0.0  25356  2956 ?        Ss   13:09   0:00 /usr/lib/postfix/master
postfix    193  0.0  0.0  27468  2896 ?        S    13:09   0:00 qmgr -l -t unix -u
root       201  0.0  0.0  61388  3172 ?        Ss   13:09   0:00 /usr/sbin/sshd
rabbitmq   229  0.0  0.0   7512    88 ?        S    13:09   0:00 /usr/lib/erlang/erts-5.10.4/bin/epmd -daemon
rabbitmq   253  0.0  0.0   4456   680 ?        S    13:09   0:00 /bin/sh /usr/sbin/rabbitmq-server
rabbitmq   298  0.4  1.1 2303112 92760 ?       Sl   13:09   0:28 /usr/lib/erlang/erts-5.10.4/bin/beam.smp -W w -K true -A30 -P 1048576 -- -root /usr/lib/erlang -progname erl -- -home /var/lib/rabbitmq -- -pa /usr/lib/rabbitmq/lib/rabbitmq_server-3.2.4/sbin/../ebin -noshell -noinput -s rabbit boot -sname rabbit@clixserver -boot start_sasl -kernel inet_default_connect_options [{nodelay,true}] -sasl errlog_type error -sasl sasl_error_logger false -rabbit error_logger {file,"/var/log/rabbitmq/rabbit@clixserver.log"} -rabbit sasl_error_logger {file,"/var/log/rabbitmq/rabbit@clixserver-sasl.log"} -rabbit enabled_plugins_file "/etc/rabbitmq/enabled_plugins" -rabbit plugins_dir "/usr/lib/rabbitmq/lib/rabbitmq_server-3.2.4/sbin/../plugins" -rabbit plugins_expand_dir "/var/lib/rabbitmq/mnesia/rabbit@clixserver-plugins-expand" -os_mon start_cpu_sup false -os_mon start_disksup false -os_mon start_memsup false -mnesia dir "/var/lib/rabbitmq/mnesia/rabbit@clixserver"
root       335  0.0  0.6 186452 50280 ?        S    13:09   0:06 python manage.py celeryd -f /var/log/celeryd.log -l INFO
rabbitmq   406  0.0  0.0   7476   912 ?        Ss   13:09   0:00 inet_gethost 4
rabbitmq   407  0.0  0.0   9568  1576 ?        S    13:09   0:00 inet_gethost 4
root       410  0.0  0.1  33152  9864 ?        S    13:09   0:00 python -m smtpd -n -c DebuggingServer localhost:1025
root       413  0.1  1.1 882436 92220 ?        Sl   13:09   0:09 python main.py
root       418  0.0  0.5 185796 42520 ?        S    13:09   0:00 python manage.py celeryd -f /var/log/celeryd.log -l INFO
root       419  0.0  0.5 185796 42520 ?        S    13:09   0:00 python manage.py celeryd -f /var/log/celeryd.log -l INFO
root       420  0.0  0.5 185796 42524 ?        S    13:09   0:00 python manage.py celeryd -f /var/log/celeryd.log -l INFO
root       421  0.0  0.5 185796 42532 ?        S    13:09   0:00 python manage.py celeryd -f /var/log/celeryd.log -l INFO
root       423  0.0  0.2  52492 16988 ?        S    13:09   0:01 /usr/bin/python /usr/bin/supervisord -n
root       438  0.0  0.0  32536  6484 ?        S    13:09   0:00 nginx: master process /usr/sbin/nginx
root       439  0.0  0.2  63412 20564 ?        S    13:09   0:00 /usr/local/bin/uwsgi --ini /home/docker/code/confs/uwsgi.ini
www-data   440  0.0  0.0  33240  6588 ?        S    13:09   0:00 nginx: worker process
www-data   441  0.0  0.0  33252  6608 ?        S    13:09   0:00 nginx: worker process
www-data   442  0.0  0.0  33348  6320 ?        S    13:09   0:00 nginx: worker process
www-data   443  0.0  0.0  33448  6756 ?        S    13:09   0:00 nginx: worker process
root       444  0.0  1.1 270428 91700 ?        S    13:09   0:02 /usr/local/bin/uwsgi --ini /home/docker/code/confs/uwsgi.ini
root       445  0.0  1.3 282704 103916 ?       S    13:09   0:02 /usr/local/bin/uwsgi --ini /home/docker/code/confs/uwsgi.ini
root       446  0.0  1.2 277244 98312 ?        S    13:09   0:04 /usr/local/bin/uwsgi --ini /home/docker/code/confs/uwsgi.ini
root       447  0.2  1.3 283684 105036 ?       S    13:09   0:15 /usr/local/bin/uwsgi --ini /home/docker/code/confs/uwsgi.ini
postfix   4595  0.0  0.0  27420  2820 ?        S    14:46   0:00 pickup -l -t unix -u -c
root      4891  0.0  0.0  59648  2972 ?        S    15:01   0:00 /USR/SBIN/CRON
root      4892  0.0  0.0   4456   740 ?        Ss   15:01   0:00 /bin/sh -c /home/docker/code/scripts/system-heartbeat.sh  > /tmp/cron-system-heartbeat.log
root      4893  0.0  0.0   9588  2344 ?        S    15:01   0:00 /bin/bash /home/docker/code/scripts/system-heartbeat.sh
root      4894  0.0  0.0   9600  2472 ?        S    15:01   0:00 /bin/bash /home/docker/code/scripts/system-heartbeat.sh
root      4895  0.0  0.0   4360   692 ?        S    15:01   0:00 tee /data/system-heartbeat/system-heartbeat-20180910-150101.log
root      4916  0.0  0.0  15580  2072 ?        R    15:01   0:00 ps aux
 

------------------------------------------------------------------------------------ 


