Info-msg : Checking directory existence. 

/data/system-heartbeat/ directory exists
Info-msg : hostname of server (hostname). 

clixserver.tiss.edu
 

------------------------------------------------------------------------------------ 


Info-msg : internal ip addresses of the system (ip address). 

 

------------------------------------------------------------------------------------ 


Info-msg : external ip addresses of the system (public ip address). 

103.119.240.10
 

------------------------------------------------------------------------------------ 


Info-msg : RAM details (free -h). 

             total       used       free     shared    buffers     cached
Mem:          7.5G       2.8G       4.7G       270M        68M       1.1G
-/+ buffers/cache:       1.6G       5.8G
Swap:         7.6G         0B       7.6G
 

------------------------------------------------------------------------------------ 


Info-msg : HDD details (df -h). 

Filesystem      Size  Used Avail Use% Mounted on
overlay         908G   57G  806G   7% /
tmpfs            64M     0   64M   0% /dev
tmpfs           3.8G     0  3.8G   0% /sys/fs/cgroup
/dev/sda3       908G   57G  806G   7% /data
shm              64M     0   64M   0% /dev/shm
tmpfs           3.8G     0  3.8G   0% /proc/scsi
tmpfs           3.8G     0  3.8G   0% /sys/firmware
 

------------------------------------------------------------------------------------ 


Info-msg : Size description in '/data/'. 

8.0K	/data/2031007-mz7-activity-timestamp-csvs.tar.gz
44M	/data/2031007-mz7-assessment-media.tar.gz
4.0K	/data/2031007-mz7-gstudio_tools_logs.tar.gz
64K	/data/activity-timestamp-csvs
114M	/data/assessment-media
16K	/data/clixserver.tiss.edu
373M	/data/db
4.0K	/data/drop_database.sql
12K	/data/git-commit-details.log
4.5M	/data/gstudio-exported-users-analytics-csvs
32K	/data/gstudio-logs
48K	/data/gstudio_tools_logs
8.0K	/data/local_settings.py
17G	/data/media
130M	/data/nginx-logs
504K	/data/pg_dump_all.sql
2.7M	/data/postgres-dump
6.4M	/data/qbank
670M	/data/rcs-repo
4.0K	/data/server_settings.py
344K	/data/system-heartbeat
 

------------------------------------------------------------------------------------ 


Info-msg : No of directories and files in '/data/media/'. 

No of directories : 4002 

No of files       : 9629 

 

------------------------------------------------------------------------------------ 


Info-msg : uptime (uptime). 

 11:01:14 up 9 min,  0 users,  load average: 1.93, 1.01, 0.54
 

------------------------------------------------------------------------------------ 


Info-msg : current process (uptime). 

USER       PID %CPU %MEM    VSZ   RSS TTY      STAT START   TIME COMMAND
root         1  0.0  0.0   4456   724 ?        Ss   10:52   0:00 /bin/sh -c /home/docker/code/scripts/initialize.sh  | sed -e "s/^/$(date +%Y%m%d-%H%M%S) :  /"  2>&1 | tee -a ${LOG_INSTALL_DOCKER}
root         7  0.0  0.0  18000  2776 ?        S    10:52   0:00 /bin/bash /home/docker/code/scripts/initialize.sh
root        13  0.0  0.0  10996  1444 ?        S    10:52   0:00 sed -e s/^/20190311-105205 :  /
root        15  0.0  0.0   4360  1312 ?        S    10:52   0:00 tee -a /root/DockerLogs/$(DATE_LOG)-gsd-install.log
root        16  4.1  1.0 253868 85732 ?        Sl   10:52   0:22 mongod --config /home/docker/code/confs/mongod.conf
root        18  0.0  0.0  23664  2076 ?        Ss   10:52   0:00 /usr/sbin/cron
postgres    37  0.0  0.2 244856 19324 ?        S    10:52   0:00 /usr/lib/postgresql/9.3/bin/postgres -D /var/lib/postgresql/9.3/main -c config_file=/etc/postgresql/9.3/main/postgresql.conf
postgres    66  0.0  0.0 244856  3276 ?        Ss   10:52   0:00 postgres: checkpointer process                                                                                              
postgres    67  0.0  0.0 244856  4732 ?        Ss   10:52   0:00 postgres: writer process                                                                                                    
postgres    68  0.0  0.0 244856  3276 ?        Ss   10:52   0:00 postgres: wal writer process                                                                                                
postgres    69  0.0  0.0 245732  5984 ?        Ss   10:52   0:00 postgres: autovacuum launcher process                                                                                       
postgres    70  0.0  0.0 100668  3540 ?        Ss   10:52   0:00 postgres: stats collector process                                                                                           
root       173  0.0  0.0  25356  2728 ?        Ss   10:52   0:00 /usr/lib/postfix/master
postfix    178  0.0  0.0  27420  2868 ?        S    10:52   0:00 pickup -l -t unix -u -c
postfix    179  0.0  0.0  27468  2884 ?        S    10:52   0:00 qmgr -l -t unix -u
root       187  0.0  0.0  61388  3132 ?        Ss   10:52   0:00 /usr/sbin/sshd
memcache   194  0.0  0.0  63264  2564 ?        Sl   10:52   0:00 /usr/bin/memcached -m 64 -p 11211 -u memcache -l 127.0.0.1
rabbitmq   223  0.0  0.0   7512    92 ?        S    10:52   0:00 /usr/lib/erlang/erts-5.10.4/bin/epmd -daemon
rabbitmq   247  0.0  0.0   4456   772 ?        S    10:52   0:00 /bin/sh /usr/sbin/rabbitmq-server
rabbitmq   292  0.6  1.1 2303368 92404 ?       Sl   10:52   0:03 /usr/lib/erlang/erts-5.10.4/bin/beam.smp -W w -K true -A30 -P 1048576 -- -root /usr/lib/erlang -progname erl -- -home /var/lib/rabbitmq -- -pa /usr/lib/rabbitmq/lib/rabbitmq_server-3.2.4/sbin/../ebin -noshell -noinput -s rabbit boot -sname rabbit@clixserver -boot start_sasl -kernel inet_default_connect_options [{nodelay,true}] -sasl errlog_type error -sasl sasl_error_logger false -rabbit error_logger {file,"/var/log/rabbitmq/rabbit@clixserver.log"} -rabbit sasl_error_logger {file,"/var/log/rabbitmq/rabbit@clixserver-sasl.log"} -rabbit enabled_plugins_file "/etc/rabbitmq/enabled_plugins" -rabbit plugins_dir "/usr/lib/rabbitmq/lib/rabbitmq_server-3.2.4/sbin/../plugins" -rabbit plugins_expand_dir "/var/lib/rabbitmq/mnesia/rabbit@clixserver-plugins-expand" -os_mon start_cpu_sup false -os_mon start_disksup false -os_mon start_memsup false -mnesia dir "/var/lib/rabbitmq/mnesia/rabbit@clixserver"
root       329  0.1  0.6 186480 50092 ?        S    10:52   0:01 python manage.py celeryd -f /var/log/celeryd.log -l INFO
root       398  0.0  0.5 185784 42500 ?        S    10:52   0:00 python manage.py celeryd -f /var/log/celeryd.log -l INFO
root       399  0.0  0.5 185780 42504 ?        S    10:52   0:00 python manage.py celeryd -f /var/log/celeryd.log -l INFO
root       400  0.0  0.5 185780 42508 ?        S    10:52   0:00 python manage.py celeryd -f /var/log/celeryd.log -l INFO
root       401  0.0  0.5 185780 42512 ?        S    10:52   0:00 python manage.py celeryd -f /var/log/celeryd.log -l INFO
root       402  0.0  0.1  33152  9876 ?        S    10:52   0:00 python -m smtpd -n -c DebuggingServer localhost:1025
root       405  0.0  0.7 859096 56528 ?        Sl   10:52   0:00 python main.py
root       411  0.0  0.2  52492 16920 ?        S    10:52   0:00 /usr/bin/python /usr/bin/supervisord -n
rabbitmq   420  0.0  0.0   7476   960 ?        Ss   10:52   0:00 inet_gethost 4
rabbitmq   431  0.0  0.0   9568  1664 ?        S    10:52   0:00 inet_gethost 4
root       432  0.0  0.0  32536  6416 ?        S    10:52   0:00 nginx: master process /usr/sbin/nginx
root       433  0.0  0.2  63412 20540 ?        S    10:52   0:00 /usr/local/bin/uwsgi --ini /home/docker/code/confs/uwsgi.ini
www-data   434  0.0  0.0  32908  4000 ?        S    10:52   0:00 nginx: worker process
www-data   435  0.0  0.0  32908  4000 ?        S    10:52   0:00 nginx: worker process
www-data   436  0.0  0.0  32908  4000 ?        S    10:52   0:00 nginx: worker process
www-data   437  0.0  0.0  32908  4000 ?        S    10:52   0:00 nginx: worker process
root       438  0.0  0.2  63412 15932 ?        S    10:52   0:00 /usr/local/bin/uwsgi --ini /home/docker/code/confs/uwsgi.ini
root       439  0.0  0.2  63412 15932 ?        S    10:52   0:00 /usr/local/bin/uwsgi --ini /home/docker/code/confs/uwsgi.ini
root       440  0.0  0.2  63412 15932 ?        S    10:52   0:00 /usr/local/bin/uwsgi --ini /home/docker/code/confs/uwsgi.ini
root       441  0.0  0.2  63412 15932 ?        S    10:52   0:00 /usr/local/bin/uwsgi --ini /home/docker/code/confs/uwsgi.ini
root       558  0.0  0.0  59648  3056 ?        S    11:01   0:00 /USR/SBIN/CRON
root       559  0.0  0.0   4456   772 ?        Ss   11:01   0:00 /bin/sh -c /home/docker/code/scripts/system-heartbeat.sh  > /tmp/cron-system-heartbeat.log
root       560  0.0  0.0   9588  2308 ?        S    11:01   0:00 /bin/bash /home/docker/code/scripts/system-heartbeat.sh
root       561  0.0  0.0   9600  2568 ?        S    11:01   0:00 /bin/bash /home/docker/code/scripts/system-heartbeat.sh
root       562  0.0  0.0   4360   648 ?        S    11:01   0:00 tee /data/system-heartbeat/system-heartbeat-20190311-110101.log
root       586  0.0  0.0  15580  2112 ?        R    11:01   0:00 ps aux
 

------------------------------------------------------------------------------------ 


