Info-msg : Checking directory existence. 

/data/system-heartbeat/ directory exists
Info-msg : hostname of server (hostname). 

clixserver.tiss.edu
 

------------------------------------------------------------------------------------ 


Info-msg : internal ip addresses of the system (ip address). 

 

------------------------------------------------------------------------------------ 


Info-msg : external ip addresses of the system (public ip address). 


 

------------------------------------------------------------------------------------ 


Info-msg : RAM details (free -h). 

             total       used       free     shared    buffers     cached
Mem:          7.5G       2.2G       5.3G       208M        67M       885M
-/+ buffers/cache:       1.3G       6.2G
Swap:         7.6G         0B       7.6G
 

------------------------------------------------------------------------------------ 


Info-msg : HDD details (df -h). 

Filesystem      Size  Used Avail Use% Mounted on
overlay         908G   57G  805G   7% /
tmpfs            64M     0   64M   0% /dev
tmpfs           3.8G     0  3.8G   0% /sys/fs/cgroup
/dev/sda3       908G   57G  805G   7% /data
shm              64M     0   64M   0% /dev/shm
tmpfs           3.8G     0  3.8G   0% /proc/scsi
tmpfs           3.8G     0  3.8G   0% /sys/firmware
 

------------------------------------------------------------------------------------ 


Info-msg : Size description in '/data/'. 

8.0K	/data/2031007-mz7-activity-timestamp-csvs.tar.gz
44M	/data/2031007-mz7-assessment-media.tar.gz
4.0K	/data/2031007-mz7-gstudio_tools_logs.tar.gz
64K	/data/activity-timestamp-csvs
114M	/data/assessment-media
16K	/data/clixserver.tiss.edu
374M	/data/db
4.0K	/data/drop_database.sql
12K	/data/git-commit-details.log
4.9M	/data/gstudio-exported-users-analytics-csvs
32K	/data/gstudio-logs
48K	/data/gstudio_tools_logs
8.0K	/data/local_settings.py
17G	/data/media
130M	/data/nginx-logs
504K	/data/pg_dump_all.sql
2.7M	/data/postgres-dump
2.3M	/data/qbank
670M	/data/rcs-repo
4.0K	/data/server_settings.py
368K	/data/system-heartbeat
 

------------------------------------------------------------------------------------ 


Info-msg : No of directories and files in '/data/media/'. 

No of directories : 4002 

No of files       : 9629 

 

------------------------------------------------------------------------------------ 


Info-msg : uptime (uptime). 

 12:01:10 up 2 min,  0 users,  load average: 1.36, 1.21, 0.51
 

------------------------------------------------------------------------------------ 


Info-msg : current process (uptime). 

USER       PID %CPU %MEM    VSZ   RSS TTY      STAT START   TIME COMMAND
root         1  0.0  0.0   4456   840 ?        Ss   11:59   0:00 /bin/sh -c /home/docker/code/scripts/initialize.sh  | sed -e "s/^/$(date +%Y%m%d-%H%M%S) :  /"  2>&1 | tee -a ${LOG_INSTALL_DOCKER}
root         9  0.0  0.0  18000  2812 ?        S    11:59   0:00 /bin/bash /home/docker/code/scripts/initialize.sh
root        15  0.0  0.0  10996  1416 ?        S    11:59   0:00 sed -e s/^/20190318-115919 :  /
root        17  0.0  0.0   4360  1312 ?        S    11:59   0:00 tee -a /root/DockerLogs/$(DATE_LOG)-gsd-install.log
root        18  3.6  1.1 255232 87636 ?        Sl   11:59   0:03 mongod --config /home/docker/code/confs/mongod.conf
root        20  0.0  0.0  23664  2200 ?        Ss   11:59   0:00 /usr/sbin/cron
postgres    39  0.0  0.2 244856 19276 ?        S    11:59   0:00 /usr/lib/postgresql/9.3/bin/postgres -D /var/lib/postgresql/9.3/main -c config_file=/etc/postgresql/9.3/main/postgresql.conf
postgres    72  0.0  0.0 244856  3208 ?        Ss   11:59   0:00 postgres: checkpointer process                                                                                              
postgres    73  0.0  0.0 244856  4488 ?        Ss   11:59   0:00 postgres: writer process                                                                                                    
postgres    74  0.0  0.0 244856  3208 ?        Ss   11:59   0:00 postgres: wal writer process                                                                                                
postgres    75  0.0  0.0 245732  5944 ?        Ss   11:59   0:00 postgres: autovacuum launcher process                                                                                       
postgres    76  0.0  0.0 100668  3392 ?        Ss   11:59   0:00 postgres: stats collector process                                                                                           
root       179  0.0  0.0  25356  2732 ?        Ss   11:59   0:00 /usr/lib/postfix/master
postfix    184  0.0  0.0  27420  2764 ?        S    11:59   0:00 pickup -l -t unix -u -c
postfix    185  0.0  0.0  27468  2792 ?        S    11:59   0:00 qmgr -l -t unix -u
root       193  0.0  0.0  61388  3060 ?        Ss   11:59   0:00 /usr/sbin/sshd
memcache   200  0.0  0.0  63264  2716 ?        Sl   11:59   0:00 /usr/bin/memcached -m 64 -p 11211 -u memcache -l 127.0.0.1
rabbitmq   229  0.0  0.0   7512    92 ?        S    11:59   0:00 /usr/lib/erlang/erts-5.10.4/bin/epmd -daemon
rabbitmq   253  0.2  0.0   4456   852 ?        S    11:59   0:00 /bin/sh /usr/sbin/rabbitmq-server
rabbitmq   298  1.4  1.1 2305672 93696 ?       Sl   11:59   0:01 /usr/lib/erlang/erts-5.10.4/bin/beam.smp -W w -K true -A30 -P 1048576 -- -root /usr/lib/erlang -progname erl -- -home /var/lib/rabbitmq -- -pa /usr/lib/rabbitmq/lib/rabbitmq_server-3.2.4/sbin/../ebin -noshell -noinput -s rabbit boot -sname rabbit@clixserver -boot start_sasl -kernel inet_default_connect_options [{nodelay,true}] -sasl errlog_type error -sasl sasl_error_logger false -rabbit error_logger {file,"/var/log/rabbitmq/rabbit@clixserver.log"} -rabbit sasl_error_logger {file,"/var/log/rabbitmq/rabbit@clixserver-sasl.log"} -rabbit enabled_plugins_file "/etc/rabbitmq/enabled_plugins" -rabbit plugins_dir "/usr/lib/rabbitmq/lib/rabbitmq_server-3.2.4/sbin/../plugins" -rabbit plugins_expand_dir "/var/lib/rabbitmq/mnesia/rabbit@clixserver-plugins-expand" -os_mon start_cpu_sup false -os_mon start_disksup false -os_mon start_memsup false -mnesia dir "/var/lib/rabbitmq/mnesia/rabbit@clixserver"
root       335  0.8  0.6 186404 50128 ?        S    11:59   0:00 python manage.py celeryd -f /var/log/celeryd.log -l INFO
rabbitmq   406  0.2  0.0   7476   980 ?        Ss   11:59   0:00 inet_gethost 4
rabbitmq   407  0.0  0.0   9568  1548 ?        S    11:59   0:00 inet_gethost 4
root       410  0.0  0.1  33152  9916 ?        S    11:59   0:00 python -m smtpd -n -c DebuggingServer localhost:1025
root       413  0.5  0.7 859096 56548 ?        Sl   11:59   0:00 python main.py
root       418  0.0  0.5 185780 42576 ?        S    11:59   0:00 python manage.py celeryd -f /var/log/celeryd.log -l INFO
root       419  0.0  0.5 185780 42580 ?        S    11:59   0:00 python manage.py celeryd -f /var/log/celeryd.log -l INFO
root       420  0.0  0.5 185780 42584 ?        S    11:59   0:00 python manage.py celeryd -f /var/log/celeryd.log -l INFO
root       421  0.0  0.5 185780 42592 ?        S    11:59   0:00 python manage.py celeryd -f /var/log/celeryd.log -l INFO
root       423  0.1  0.2  52492 16808 ?        S    11:59   0:00 /usr/bin/python /usr/bin/supervisord -n
root       438  0.0  0.0  32536  6492 ?        S    11:59   0:00 nginx: master process /usr/sbin/nginx
root       439  0.0  0.2  63412 20524 ?        S    11:59   0:00 /usr/local/bin/uwsgi --ini /home/docker/code/confs/uwsgi.ini
www-data   440  0.0  0.0  32908  3860 ?        S    11:59   0:00 nginx: worker process
www-data   441  0.0  0.0  32908  3860 ?        S    11:59   0:00 nginx: worker process
www-data   442  0.0  0.0  32908  3860 ?        S    11:59   0:00 nginx: worker process
www-data   443  0.0  0.0  32908  3860 ?        S    11:59   0:00 nginx: worker process
root       444  0.0  0.2  63412 15904 ?        S    11:59   0:00 /usr/local/bin/uwsgi --ini /home/docker/code/confs/uwsgi.ini
root       445  0.0  0.2  63412 15904 ?        S    11:59   0:00 /usr/local/bin/uwsgi --ini /home/docker/code/confs/uwsgi.ini
root       446  0.0  0.2  63412 15904 ?        S    11:59   0:00 /usr/local/bin/uwsgi --ini /home/docker/code/confs/uwsgi.ini
root       447  0.0  0.2  63412 15904 ?        S    11:59   0:00 /usr/local/bin/uwsgi --ini /home/docker/code/confs/uwsgi.ini
root       463  0.0  0.0  59648  2976 ?        S    12:01   0:00 /USR/SBIN/CRON
root       464  0.0  0.0   4456   784 ?        Ss   12:01   0:00 /bin/sh -c /home/docker/code/scripts/system-heartbeat.sh  > /tmp/cron-system-heartbeat.log
root       465  0.0  0.0   9588  2300 ?        S    12:01   0:00 /bin/bash /home/docker/code/scripts/system-heartbeat.sh
root       466  0.0  0.0   9600  2612 ?        S    12:01   0:00 /bin/bash /home/docker/code/scripts/system-heartbeat.sh
root       467  0.0  0.0   4360   672 ?        S    12:01   0:00 tee /data/system-heartbeat/system-heartbeat-20190318-120101.log
root       491  0.0  0.0  15580  2108 ?        R    12:01   0:00 ps aux
 

------------------------------------------------------------------------------------ 


