Info-msg : Checking directory existence. 

/data/system-heartbeat/ directory exists
Info-msg : hostname of server (hostname). 

clixserver.tiss.edu
 

------------------------------------------------------------------------------------ 


Info-msg : internal ip addresses of the system (ip address). 

 

------------------------------------------------------------------------------------ 


Info-msg : external ip addresses of the system (public ip address). 


 

------------------------------------------------------------------------------------ 


Info-msg : RAM details (free -h). 

             total       used       free     shared    buffers     cached
Mem:          7.5G       1.6G       5.9G        73M       111M       679M
-/+ buffers/cache:       806M       6.7G
Swap:         7.6G         0B       7.6G
 

------------------------------------------------------------------------------------ 


Info-msg : HDD details (df -h). 

Filesystem      Size  Used Avail Use% Mounted on
overlay         908G   56G  806G   7% /
tmpfs            64M     0   64M   0% /dev
tmpfs           3.8G     0  3.8G   0% /sys/fs/cgroup
/dev/sda3       908G   56G  806G   7% /data
shm              64M     0   64M   0% /dev/shm
tmpfs           3.8G     0  3.8G   0% /proc/scsi
tmpfs           3.8G     0  3.8G   0% /sys/firmware
 

------------------------------------------------------------------------------------ 


Info-msg : Size description in '/data/'. 

8.0K	/data/2031007-mz7-activity-timestamp-csvs.tar.gz
44M	/data/2031007-mz7-assessment-media.tar.gz
4.0K	/data/2031007-mz7-gstudio_tools_logs.tar.gz
64K	/data/activity-timestamp-csvs
114M	/data/assessment-media
16K	/data/clixserver.tiss.edu
370M	/data/db
4.0K	/data/drop_database.sql
12K	/data/git-commit-details.log
3.3M	/data/gstudio-exported-users-analytics-csvs
20K	/data/gstudio-logs
48K	/data/gstudio_tools_logs
8.0K	/data/local_settings.py
17G	/data/media
130M	/data/nginx-logs
504K	/data/pg_dump_all.sql
2.7M	/data/postgres-dump
3.2M	/data/qbank
670M	/data/rcs-repo
4.0K	/data/server_settings.py
248K	/data/system-heartbeat
 

------------------------------------------------------------------------------------ 


Info-msg : No of directories and files in '/data/media/'. 

No of directories : 4002 

No of files       : 9629 

 

------------------------------------------------------------------------------------ 


Info-msg : uptime (uptime). 

 13:01:12 up 5 min,  0 users,  load average: 0.49, 0.48, 0.27
 

------------------------------------------------------------------------------------ 


Info-msg : current process (uptime). 

USER       PID %CPU %MEM    VSZ   RSS TTY      STAT START   TIME COMMAND
root         1  0.0  0.0   4456   740 ?        Ss   12:56   0:00 /bin/sh -c /home/docker/code/scripts/initialize.sh  | sed -e "s/^/$(date +%Y%m%d-%H%M%S) :  /"  2>&1 | tee -a ${LOG_INSTALL_DOCKER}
root         7  0.0  0.0  18000  2780 ?        S    12:56   0:00 /bin/bash /home/docker/code/scripts/initialize.sh
root        13  0.0  0.0  10996  1412 ?        S    12:56   0:00 sed -e s/^/20181205-125616 :  /
root        15  0.0  0.0   4360  1288 ?        S    12:56   0:00 tee -a /root/DockerLogs/$(DATE_LOG)-gsd-install.log
root        16  4.3  1.1 257272 89080 ?        Sl   12:56   0:12 mongod --config /home/docker/code/confs/mongod.conf
root        18  0.0  0.0  23664  2076 ?        Ss   12:56   0:00 /usr/sbin/cron
postgres    37  0.0  0.2 244856 19332 ?        S    12:56   0:00 /usr/lib/postgresql/9.3/bin/postgres -D /var/lib/postgresql/9.3/main -c config_file=/etc/postgresql/9.3/main/postgresql.conf
postgres    64  0.0  0.0 244856  3280 ?        Ss   12:56   0:00 postgres: checkpointer process                                                                                              
postgres    65  0.0  0.0 244856  4548 ?        Ss   12:56   0:00 postgres: writer process                                                                                                    
postgres    66  0.0  0.0 244856  3280 ?        Ss   12:56   0:00 postgres: wal writer process                                                                                                
postgres    67  0.0  0.0 245732  5760 ?        Ss   12:56   0:00 postgres: autovacuum launcher process                                                                                       
postgres    68  0.0  0.0 100668  3532 ?        Ss   12:56   0:00 postgres: stats collector process                                                                                           
root       171  0.0  0.0  25356  2808 ?        Ss   12:56   0:00 /usr/lib/postfix/master
postfix    176  0.0  0.0  27420  2776 ?        S    12:56   0:00 pickup -l -t unix -u -c
postfix    177  0.0  0.0  27468  2912 ?        S    12:56   0:00 qmgr -l -t unix -u
root       185  0.0  0.0  61388  3104 ?        Ss   12:56   0:00 /usr/sbin/sshd
memcache   192  0.0  0.0  63264  2616 ?        Sl   12:56   0:00 /usr/bin/memcached -m 64 -p 11211 -u memcache -l 127.0.0.1
rabbitmq   221  0.0  0.0   7512    88 ?        S    12:56   0:00 /usr/lib/erlang/erts-5.10.4/bin/epmd -daemon
rabbitmq   248  0.0  0.0   4456   788 ?        S    12:56   0:00 /bin/sh /usr/sbin/rabbitmq-server
rabbitmq   292  0.8  1.2 2306952 94100 ?       Sl   12:56   0:02 /usr/lib/erlang/erts-5.10.4/bin/beam.smp -W w -K true -A30 -P 1048576 -- -root /usr/lib/erlang -progname erl -- -home /var/lib/rabbitmq -- -pa /usr/lib/rabbitmq/lib/rabbitmq_server-3.2.4/sbin/../ebin -noshell -noinput -s rabbit boot -sname rabbit@clixserver -boot start_sasl -kernel inet_default_connect_options [{nodelay,true}] -sasl errlog_type error -sasl sasl_error_logger false -rabbit error_logger {file,"/var/log/rabbitmq/rabbit@clixserver.log"} -rabbit sasl_error_logger {file,"/var/log/rabbitmq/rabbit@clixserver-sasl.log"} -rabbit enabled_plugins_file "/etc/rabbitmq/enabled_plugins" -rabbit plugins_dir "/usr/lib/rabbitmq/lib/rabbitmq_server-3.2.4/sbin/../plugins" -rabbit plugins_expand_dir "/var/lib/rabbitmq/mnesia/rabbit@clixserver-plugins-expand" -os_mon start_cpu_sup false -os_mon start_disksup false -os_mon start_memsup false -mnesia dir "/var/lib/rabbitmq/mnesia/rabbit@clixserver"
rabbitmq   379  0.0  0.0   7476   888 ?        Ss   12:56   0:00 inet_gethost 4
rabbitmq   380  0.0  0.0   9568  1636 ?        S    12:56   0:00 inet_gethost 4
root       382  0.4  0.6 186448 50240 ?        S    12:56   0:01 python manage.py celeryd -f /var/log/celeryd.log -l INFO
root       405  0.0  0.1  33152  9936 ?        S    12:56   0:00 python -m smtpd -n -c DebuggingServer localhost:1025
root       408  0.1  0.7 859096 56536 ?        Sl   12:56   0:00 python main.py
root       410  0.0  0.5 185800 42580 ?        S    12:56   0:00 python manage.py celeryd -f /var/log/celeryd.log -l INFO
root       411  0.0  0.5 185796 42584 ?        S    12:56   0:00 python manage.py celeryd -f /var/log/celeryd.log -l INFO
root       412  0.0  0.5 185796 42588 ?        S    12:56   0:00 python manage.py celeryd -f /var/log/celeryd.log -l INFO
root       413  0.0  0.5 185796 42596 ?        S    12:56   0:00 python manage.py celeryd -f /var/log/celeryd.log -l INFO
root       418  0.0  0.2  52492 17104 ?        S    12:56   0:00 /usr/bin/python /usr/bin/supervisord -n
root       433  0.0  0.0  32536  6360 ?        S    12:56   0:00 nginx: master process /usr/sbin/nginx
root       434  0.0  0.2  63412 20544 ?        S    12:56   0:00 /usr/local/bin/uwsgi --ini /home/docker/code/confs/uwsgi.ini
www-data   435  0.0  0.0  32908  3996 ?        S    12:56   0:00 nginx: worker process
www-data   436  0.0  0.0  32908  3996 ?        S    12:56   0:00 nginx: worker process
www-data   437  0.0  0.0  32908  3996 ?        S    12:56   0:00 nginx: worker process
www-data   438  0.0  0.0  32908  3996 ?        S    12:56   0:00 nginx: worker process
root       439  0.0  0.2  63412 15812 ?        S    12:56   0:00 /usr/local/bin/uwsgi --ini /home/docker/code/confs/uwsgi.ini
root       440  0.0  0.2  63412 15812 ?        S    12:56   0:00 /usr/local/bin/uwsgi --ini /home/docker/code/confs/uwsgi.ini
root       441  0.0  0.2  63412 15812 ?        S    12:56   0:00 /usr/local/bin/uwsgi --ini /home/docker/code/confs/uwsgi.ini
root       442  0.0  0.2  63412 15812 ?        S    12:56   0:00 /usr/local/bin/uwsgi --ini /home/docker/code/confs/uwsgi.ini
root       501  0.0  0.0  59648  3052 ?        S    13:01   0:00 /USR/SBIN/CRON
root       502  0.0  0.0   4456   760 ?        Ss   13:01   0:00 /bin/sh -c /home/docker/code/scripts/system-heartbeat.sh  > /tmp/cron-system-heartbeat.log
root       503  0.0  0.0   9588  2272 ?        S    13:01   0:00 /bin/bash /home/docker/code/scripts/system-heartbeat.sh
root       504  0.0  0.0   9600  2472 ?        S    13:01   0:00 /bin/bash /home/docker/code/scripts/system-heartbeat.sh
root       505  0.0  0.0   4360   636 ?        S    13:01   0:00 tee /data/system-heartbeat/system-heartbeat-20181205-130101.log
rabbitmq   528  0.0  0.0   4212   732 ?        R    13:01   0:00 /usr/lib/erlang/erts-5.10.4/bin/child_setup false . exec /bin/sh -s unix:cmd 2>&1 3:1048575 22:1 23:0 -
root       529  0.0  0.0  15580  2208 ?        R    13:01   0:00 ps aux
 

------------------------------------------------------------------------------------ 


