Info-msg : Checking directory existence. 

/data/system-heartbeat/ directory exists
Info-msg : hostname of server (hostname). 

clixserver.tiss.edu
 

------------------------------------------------------------------------------------ 


Info-msg : internal ip addresses of the system (ip address). 

 

------------------------------------------------------------------------------------ 


Info-msg : external ip addresses of the system (public ip address). 


 

------------------------------------------------------------------------------------ 


Info-msg : RAM details (free -h). 

             total       used       free     shared    buffers     cached
Mem:          7.7G       3.5G       4.2G       195M       461M       1.2G
-/+ buffers/cache:       1.8G       5.9G
Swap:         7.6G       1.0M       7.6G
 

------------------------------------------------------------------------------------ 


Info-msg : HDD details (df -h). 

Filesystem      Size  Used Avail Use% Mounted on
overlay         908G   55G  808G   7% /
tmpfs            64M     0   64M   0% /dev
tmpfs           3.9G     0  3.9G   0% /sys/fs/cgroup
/dev/sda3       908G   55G  808G   7% /data
shm              64M     0   64M   0% /dev/shm
tmpfs           3.9G     0  3.9G   0% /proc/scsi
tmpfs           3.9G     0  3.9G   0% /sys/firmware
 

------------------------------------------------------------------------------------ 


Info-msg : Size description in '/data/'. 

4.0K	/data/2031028-mz28-activity-timestamp-csvs.tar.gz
44M	/data/2031028-mz28-assessment-media.tar.gz
4.0K	/data/2031028-mz28-gstudio_tools_logs.tar.gz
64K	/data/activity-timestamp-csvs
114M	/data/assessment-media
16K	/data/clixserver.tiss.edu
361M	/data/db
4.0K	/data/drop_database.sql
12K	/data/git-commit-details.log
172K	/data/gstudio-exported-users-analytics-csvs
8.0K	/data/gstudio-logs
8.0K	/data/local_settings.py
17G	/data/media
29M	/data/nginx-logs
504K	/data/pg_dump_all.sql
2.7M	/data/postgres-dump
3.8M	/data/qbank
670M	/data/rcs-repo
4.0K	/data/server_settings.py
20K	/data/system-heartbeat
 

------------------------------------------------------------------------------------ 


Info-msg : No of directories and files in '/data/media/'. 

No of directories : 4002 

No of files       : 9629 

 

------------------------------------------------------------------------------------ 


Info-msg : uptime (uptime). 

 18:01:03 up  1:04,  0 users,  load average: 0.21, 0.23, 0.55
 

------------------------------------------------------------------------------------ 


Info-msg : current process (uptime). 

USER       PID %CPU %MEM    VSZ   RSS TTY      STAT START   TIME COMMAND
root         1  0.0  0.0   4456    72 ?        Ss   17:30   0:00 /bin/sh -c /home/docker/code/scripts/initialize.sh  | sed -e "s/^/$(date +%Y%m%d-%H%M%S) :  /"  2>&1 | tee -a ${LOG_INSTALL_DOCKER}
root         7  0.0  0.0  18000   264 ?        S    17:30   0:00 /bin/bash /home/docker/code/scripts/initialize.sh
root         8  0.0  0.0  10996   116 ?        S    17:30   0:00 sed -e s/^/20180625-173010 :  /
root         9  0.0  0.0   4360    96 ?        S    17:30   0:00 tee -a /root/DockerLogs/$(DATE_LOG)-gsd-install.log
root        16  8.5  2.4 413368 197648 ?       Sl   17:30   2:38 mongod --config /home/docker/code/confs/mongod.conf
root        18  0.0  0.0  23664   212 ?        Ss   17:30   0:00 /usr/sbin/cron
postgres    37  0.0  0.1 244856 13236 ?        S    17:30   0:00 /usr/lib/postgresql/9.3/bin/postgres -D /var/lib/postgresql/9.3/main -c config_file=/etc/postgresql/9.3/main/postgresql.conf
postgres    57  0.0  0.0 244856  1248 ?        Ss   17:30   0:00 postgres: checkpointer process                                                                                              
postgres    58  0.0  0.0 244856  3196 ?        Ss   17:30   0:00 postgres: writer process                                                                                                    
postgres    59  0.0  0.0 244856  1248 ?        Ss   17:30   0:00 postgres: wal writer process                                                                                                
postgres    60  0.0  0.0 245732  5008 ?        Ss   17:30   0:00 postgres: autovacuum launcher process                                                                                       
postgres    61  0.0  0.0 100668  3172 ?        Ss   17:30   0:00 postgres: stats collector process                                                                                           
root       164  0.0  0.0  25356   280 ?        Ss   17:30   0:00 /usr/lib/postfix/master
postfix    169  0.0  0.0  27420   288 ?        S    17:30   0:00 pickup -l -t unix -u -c
postfix    170  0.0  0.0  27468   300 ?        S    17:30   0:00 qmgr -l -t unix -u
root       178  0.0  0.0  61388   692 ?        Ss   17:30   0:00 /usr/sbin/sshd
memcache   185  0.0  0.1 332504  8344 ?        Sl   17:30   0:00 /usr/bin/memcached -m 64 -p 11211 -u memcache -l 127.0.0.1
rabbitmq   214  0.0  0.0   7512    92 ?        S    17:30   0:00 /usr/lib/erlang/erts-5.10.4/bin/epmd -daemon
rabbitmq   241  0.0  0.0   4456    72 ?        S    17:30   0:00 /bin/sh /usr/sbin/rabbitmq-server
rabbitmq   285  0.5  1.1 2303624 90668 ?       Sl   17:30   0:09 /usr/lib/erlang/erts-5.10.4/bin/beam.smp -W w -K true -A30 -P 1048576 -- -root /usr/lib/erlang -progname erl -- -home /var/lib/rabbitmq -- -pa /usr/lib/rabbitmq/lib/rabbitmq_server-3.2.4/sbin/../ebin -noshell -noinput -s rabbit boot -sname rabbit@clixserver -boot start_sasl -kernel inet_default_connect_options [{nodelay,true}] -sasl errlog_type error -sasl sasl_error_logger false -rabbit error_logger {file,"/var/log/rabbitmq/rabbit@clixserver.log"} -rabbit sasl_error_logger {file,"/var/log/rabbitmq/rabbit@clixserver-sasl.log"} -rabbit enabled_plugins_file "/etc/rabbitmq/enabled_plugins" -rabbit plugins_dir "/usr/lib/rabbitmq/lib/rabbitmq_server-3.2.4/sbin/../plugins" -rabbit plugins_expand_dir "/var/lib/rabbitmq/mnesia/rabbit@clixserver-plugins-expand" -os_mon start_cpu_sup false -os_mon start_disksup false -os_mon start_memsup false -mnesia dir "/var/lib/rabbitmq/mnesia/rabbit@clixserver"
rabbitmq   372  0.0  0.0   7476    84 ?        Ss   17:30   0:00 inet_gethost 4
rabbitmq   373  0.0  0.0   9568   132 ?        S    17:30   0:00 inet_gethost 4
root       375  0.0  0.4 186400 39664 ?        S    17:30   0:00 python manage.py celeryd -f /var/log/celeryd.log -l INFO
root       398  0.0  0.4 185776 39132 ?        S    17:30   0:00 python manage.py celeryd -f /var/log/celeryd.log -l INFO
root       399  0.0  0.4 185776 39136 ?        S    17:30   0:00 python manage.py celeryd -f /var/log/celeryd.log -l INFO
root       400  0.0  0.4 185776 39140 ?        S    17:30   0:00 python manage.py celeryd -f /var/log/celeryd.log -l INFO
root       401  0.0  0.4 185776 39148 ?        S    17:30   0:00 python manage.py celeryd -f /var/log/celeryd.log -l INFO
root       402  0.0  0.0  33152  4004 ?        S    17:30   0:00 python -m smtpd -n -c DebuggingServer localhost:1025
root       405  0.2  1.0 880132 85660 ?        Sl   17:30   0:05 python main.py
root       411  0.0  0.1  52492 13400 ?        S    17:30   0:00 /usr/bin/python /usr/bin/supervisord -n
root       426  0.0  0.0  32536  2512 ?        S    17:30   0:00 nginx: master process /usr/sbin/nginx
root       427  0.0  0.1  63412 12632 ?        S    17:30   0:00 /usr/local/bin/uwsgi --ini /home/docker/code/confs/uwsgi.ini
www-data   428  0.0  0.0  33380  6420 ?        S    17:30   0:00 nginx: worker process
www-data   429  0.0  0.0  33704  6940 ?        S    17:30   0:01 nginx: worker process
www-data   430  0.0  0.0  33588  6716 ?        S    17:30   0:00 nginx: worker process
www-data   431  0.1  0.0  33492  6528 ?        S    17:30   0:02 nginx: worker process
root       432  0.1  1.2 282272 102868 ?       S    17:30   0:03 /usr/local/bin/uwsgi --ini /home/docker/code/confs/uwsgi.ini
root       433  0.0  1.2 282020 102800 ?       S    17:30   0:01 /usr/local/bin/uwsgi --ini /home/docker/code/confs/uwsgi.ini
root       434  0.1  1.2 280140 100840 ?       S    17:30   0:03 /usr/local/bin/uwsgi --ini /home/docker/code/confs/uwsgi.ini
root       435  0.6  1.2 281448 102152 ?       S    17:30   0:11 /usr/local/bin/uwsgi --ini /home/docker/code/confs/uwsgi.ini
root      1245  0.0  0.0  59648  2936 ?        S    18:01   0:00 /USR/SBIN/CRON
root      1246  0.0  0.0   4456   860 ?        Ss   18:01   0:00 /bin/sh -c /home/docker/code/scripts/system-heartbeat.sh  > /tmp/cron-system-heartbeat.log
root      1247  0.0  0.0   9588  2288 ?        S    18:01   0:00 /bin/bash /home/docker/code/scripts/system-heartbeat.sh
root      1248  0.0  0.0   9600  2544 ?        S    18:01   0:00 /bin/bash /home/docker/code/scripts/system-heartbeat.sh
root      1249  0.0  0.0   4360   660 ?        S    18:01   0:00 tee /data/system-heartbeat/system-heartbeat-20180625-180101.log
root      1270  0.0  0.0  15580  2140 ?        R    18:01   0:00 ps aux
 

------------------------------------------------------------------------------------ 


