Info-msg : Checking directory existence. 

/data/system-heartbeat/ directory created successfully
Info-msg : hostname of server (hostname). 

clixserver.tiss.edu
 

------------------------------------------------------------------------------------ 


Info-msg : internal ip addresses of the system (ip address). 

eth0- 172.18.0.2
 

------------------------------------------------------------------------------------ 


Info-msg : external ip addresses of the system (public ip address). 


 

------------------------------------------------------------------------------------ 


Info-msg : RAM details (free -h). 

             total       used       free     shared    buffers     cached
Mem:          7.7G       7.4G       351M       243M       670M       4.8G
-/+ buffers/cache:       1.9G       5.8G
Swap:         7.6G       780K       7.6G
 

------------------------------------------------------------------------------------ 


Info-msg : HDD details (df -h). 

Filesystem      Size  Used Avail Use% Mounted on
overlay         908G   39G  823G   5% /
tmpfs            64M     0   64M   0% /dev
tmpfs           3.9G     0  3.9G   0% /sys/fs/cgroup
/dev/sda3       908G   39G  823G   5% /data
shm              64M     0   64M   0% /dev/shm
tmpfs           3.9G     0  3.9G   0% /proc/scsi
tmpfs           3.9G     0  3.9G   0% /sys/firmware
 

------------------------------------------------------------------------------------ 


Info-msg : Size description in '/data/'. 

4.0K	/data/2031028-mz28-activity-timestamp-csvs.tar.gz
44M	/data/2031028-mz28-assessment-media.tar.gz
4.0K	/data/2031028-mz28-gstudio_tools_logs.tar.gz
114M	/data/assessment-media
16K	/data/clixserver.tiss.edu
361M	/data/db
4.0K	/data/drop_database.sql
12K	/data/git-commit-details.log
8.0K	/data/local_settings.py
17G	/data/media
4.0K	/data/nginx-logs
504K	/data/pg_dump_all.sql
2.0M	/data/postgres-dump
2.8M	/data/qbank
670M	/data/rcs-repo
4.0K	/data/server_settings.py
8.0K	/data/system-heartbeat
 

------------------------------------------------------------------------------------ 


Info-msg : No of directories and files in '/data/media/'. 

No of directories : 4002 

No of files       : 9629 

 

------------------------------------------------------------------------------------ 


Info-msg : uptime (uptime). 

 17:22:42 up 26 min,  0 users,  load average: 1.67, 1.78, 1.70
 

------------------------------------------------------------------------------------ 


Info-msg : current process (uptime). 

USER       PID %CPU %MEM    VSZ   RSS TTY      STAT START   TIME COMMAND
root         1  0.0  0.0   4456   684 ?        Ss   17:11   0:00 /bin/sh -c /home/docker/code/scripts/initialize.sh  | sed -e "s/^/$(date +%Y%m%d-%H%M%S) :  /"  2>&1 | tee -a ${LOG_INSTALL_DOCKER}
root         8  0.0  0.0  18000  2964 ?        S    17:11   0:00 /bin/bash /home/docker/code/scripts/initialize.sh
root         9  0.0  0.0  10996  1584 ?        S    17:11   0:00 sed -e s/^/20180625-171141 :  /
root        10  0.0  0.0   4360  1360 ?        S    17:11   0:00 tee -a /root/DockerLogs/$(DATE_LOG)-gsd-install.log
root        17 55.5  2.6 427356 215696 ?       Sl   17:11   6:07 mongod --config /home/docker/code/confs/mongod.conf
root        19  0.0  0.0  23664  2216 ?        Ss   17:11   0:00 /usr/sbin/cron
postgres    37  0.0  0.2 244856 19532 ?        S    17:11   0:00 /usr/lib/postgresql/9.3/bin/postgres -D /var/lib/postgresql/9.3/main -c config_file=/etc/postgresql/9.3/main/postgresql.conf
postgres    67  0.0  0.0 245000  5888 ?        Ss   17:11   0:00 postgres: checkpointer process                                                                                              
postgres    68  0.0  0.0 244856  4608 ?        Ss   17:11   0:00 postgres: writer process                                                                                                    
postgres    69  0.0  0.0 244856  3352 ?        Ss   17:11   0:00 postgres: wal writer process                                                                                                
postgres    70  0.0  0.0 245732  5936 ?        Ss   17:11   0:00 postgres: autovacuum launcher process                                                                                       
postgres    71  0.0  0.0 100820  3648 ?        Ss   17:11   0:00 postgres: stats collector process                                                                                           
root       174  0.0  0.0  25356  2808 ?        Ss   17:11   0:00 /usr/lib/postfix/master
postfix    180  0.0  0.0  27420  2792 ?        S    17:11   0:00 pickup -l -t unix -u -c
postfix    181  0.0  0.0  27468  2884 ?        S    17:11   0:00 qmgr -l -t unix -u
root       188  0.0  0.0  61388  3064 ?        Ss   17:11   0:00 /usr/sbin/sshd
memcache   195  0.0  0.0 197412  5548 ?        Sl   17:11   0:00 /usr/bin/memcached -m 64 -p 11211 -u memcache -l 127.0.0.1
rabbitmq   224  0.0  0.0   7512    92 ?        S    17:11   0:00 /usr/lib/erlang/erts-5.10.4/bin/epmd -daemon
rabbitmq   248  0.0  0.0   4456   692 ?        S    17:11   0:00 /bin/sh /usr/sbin/rabbitmq-server
rabbitmq   293  0.3  1.1 2303624 93456 ?       Sl   17:11   0:02 /usr/lib/erlang/erts-5.10.4/bin/beam.smp -W w -K true -A30 -P 1048576 -- -root /usr/lib/erlang -progname erl -- -home /var/lib/rabbitmq -- -pa /usr/lib/rabbitmq/lib/rabbitmq_server-3.2.4/sbin/../ebin -noshell -noinput -s rabbit boot -sname rabbit@clixserver -boot start_sasl -kernel inet_default_connect_options [{nodelay,true}] -sasl errlog_type error -sasl sasl_error_logger false -rabbit error_logger {file,"/var/log/rabbitmq/rabbit@clixserver.log"} -rabbit sasl_error_logger {file,"/var/log/rabbitmq/rabbit@clixserver-sasl.log"} -rabbit enabled_plugins_file "/etc/rabbitmq/enabled_plugins" -rabbit plugins_dir "/usr/lib/rabbitmq/lib/rabbitmq_server-3.2.4/sbin/../plugins" -rabbit plugins_expand_dir "/var/lib/rabbitmq/mnesia/rabbit@clixserver-plugins-expand" -os_mon start_cpu_sup false -os_mon start_disksup false -os_mon start_memsup false -mnesia dir "/var/lib/rabbitmq/mnesia/rabbit@clixserver"
root       330  0.0  0.6 186460 50108 ?        S    17:11   0:00 python manage.py celeryd -f /var/log/celeryd.log -l INFO
root       398  0.0  0.5 185776 42412 ?        S    17:11   0:00 python manage.py celeryd -f /var/log/celeryd.log -l INFO
root       399  0.0  0.5 185776 42416 ?        S    17:11   0:00 python manage.py celeryd -f /var/log/celeryd.log -l INFO
root       400  0.0  0.5 185776 42372 ?        S    17:11   0:00 python manage.py celeryd -f /var/log/celeryd.log -l INFO
root       401  0.0  0.5 185776 42364 ?        S    17:11   0:00 python manage.py celeryd -f /var/log/celeryd.log -l INFO
root       417  0.0  0.1  33152  9776 ?        S    17:11   0:00 python -m smtpd -n -c DebuggingServer localhost:1025
root       426  0.0  0.2  52484 16968 ?        S    17:11   0:00 /usr/bin/python /usr/bin/supervisord -n
rabbitmq   432  0.0  0.0   7476   880 ?        Ss   17:11   0:00 inet_gethost 4
rabbitmq   433  0.0  0.0   9568  1656 ?        S    17:11   0:00 inet_gethost 4
root       435  0.0  0.2  63412 20544 ?        S    17:11   0:00 /usr/local/bin/uwsgi --ini /home/docker/code/confs/uwsgi.ini
root       436  0.0  0.1  63412 15724 ?        S    17:11   0:00 /usr/local/bin/uwsgi --ini /home/docker/code/confs/uwsgi.ini
root       437  0.0  0.1  63412 15724 ?        S    17:11   0:00 /usr/local/bin/uwsgi --ini /home/docker/code/confs/uwsgi.ini
root       438  0.0  0.1  63412 15724 ?        S    17:11   0:00 /usr/local/bin/uwsgi --ini /home/docker/code/confs/uwsgi.ini
root       439  0.0  0.1  63412 15724 ?        S    17:11   0:00 /usr/local/bin/uwsgi --ini /home/docker/code/confs/uwsgi.ini
root     21813  0.5  0.0   4456   768 pts/0    Ss+  17:22   0:00 /bin/sh -c /home/docker/code/scripts/system-heartbeat.sh  > /tmp/cron-system-heartbeat.log
root     21820  0.0  0.0  18032  2864 pts/0    S+   17:22   0:00 /bin/bash /home/docker/code/scripts/system-heartbeat.sh
root     21821  0.0  0.0  18044  2580 pts/0    S+   17:22   0:00 /bin/bash /home/docker/code/scripts/system-heartbeat.sh
root     21822  0.0  0.0   4360   676 pts/0    S+   17:22   0:00 tee /data/system-heartbeat/system-heartbeat-20180625-172239.log
root     21844  0.0  0.0  15580  2204 pts/0    R+   17:22   0:00 ps aux
 

------------------------------------------------------------------------------------ 


