Info-msg : Checking directory existence. 

/data/system-heartbeat/ directory exists
Info-msg : hostname of server (hostname). 

clixserver.tiss.edu
 

------------------------------------------------------------------------------------ 


Info-msg : internal ip addresses of the system (ip address). 

 

------------------------------------------------------------------------------------ 


Info-msg : external ip addresses of the system (public ip address). 


 

------------------------------------------------------------------------------------ 


Info-msg : RAM details (free -h). 

             total       used       free     shared    buffers     cached
Mem:          7.7G       1.9G       5.8G        18M       405M       561M
-/+ buffers/cache:       989M       6.8G
Swap:         7.6G         0B       7.6G
 

------------------------------------------------------------------------------------ 


Info-msg : HDD details (df -h). 

Filesystem      Size  Used Avail Use% Mounted on
overlay         908G   55G  808G   7% /
tmpfs            64M     0   64M   0% /dev
tmpfs           3.9G     0  3.9G   0% /sys/fs/cgroup
/dev/sda3       908G   55G  808G   7% /data
shm              64M     0   64M   0% /dev/shm
tmpfs           3.9G     0  3.9G   0% /proc/scsi
tmpfs           3.9G     0  3.9G   0% /sys/firmware
 

------------------------------------------------------------------------------------ 


Info-msg : Size description in '/data/'. 

8.0K	/data/2031028-mz28-activity-timestamp-csvs.tar.gz
44M	/data/2031028-mz28-assessment-media.tar.gz
4.0K	/data/2031028-mz28-gstudio_tools_logs.tar.gz
64K	/data/activity-timestamp-csvs
114M	/data/assessment-media
16K	/data/clixserver.tiss.edu
362M	/data/db
4.0K	/data/drop_database.sql
12K	/data/git-commit-details.log
340K	/data/gstudio-exported-users-analytics-csvs
8.0K	/data/gstudio-logs
8.0K	/data/local_settings.py
17G	/data/media
47M	/data/nginx-logs
504K	/data/pg_dump_all.sql
2.7M	/data/postgres-dump
2.6M	/data/qbank
670M	/data/rcs-repo
4.0K	/data/server_settings.py
32K	/data/system-heartbeat
 

------------------------------------------------------------------------------------ 


Info-msg : No of directories and files in '/data/media/'. 

No of directories : 4002 

No of files       : 9629 

 

------------------------------------------------------------------------------------ 


Info-msg : uptime (uptime). 

 17:01:07 up 7 min,  0 users,  load average: 0.19, 0.34, 0.23
 

------------------------------------------------------------------------------------ 


Info-msg : current process (uptime). 

USER       PID %CPU %MEM    VSZ   RSS TTY      STAT START   TIME COMMAND
root         1  0.0  0.0   4456   728 ?        Ss   16:54   0:00 /bin/sh -c /home/docker/code/scripts/initialize.sh  | sed -e "s/^/$(date +%Y%m%d-%H%M%S) :  /"  2>&1 | tee -a ${LOG_INSTALL_DOCKER}
root         8  0.0  0.0  18000  2804 ?        S    16:54   0:00 /bin/bash /home/docker/code/scripts/initialize.sh
root        14  0.0  0.0  10996  1348 ?        S    16:54   0:00 sed -e s/^/20180710-165447 :  /
root        16  0.0  0.0   4360  1308 ?        S    16:54   0:00 tee -a /root/DockerLogs/$(DATE_LOG)-gsd-install.log
root        17  4.8  1.0 255220 87524 ?        Sl   16:54   0:18 mongod --config /home/docker/code/confs/mongod.conf
root        19  0.0  0.0  23664  2136 ?        Ss   16:54   0:00 /usr/sbin/cron
postgres    38  0.0  0.2 244856 19268 ?        S    16:54   0:00 /usr/lib/postgresql/9.3/bin/postgres -D /var/lib/postgresql/9.3/main -c config_file=/etc/postgresql/9.3/main/postgresql.conf
postgres    64  0.0  0.0 244856  3344 ?        Ss   16:54   0:00 postgres: checkpointer process                                                                                              
postgres    65  0.0  0.0 244856  4536 ?        Ss   16:54   0:00 postgres: writer process                                                                                                    
postgres    66  0.0  0.0 244856  3344 ?        Ss   16:54   0:00 postgres: wal writer process                                                                                                
postgres    67  0.0  0.0 245732  5792 ?        Ss   16:54   0:00 postgres: autovacuum launcher process                                                                                       
postgres    68  0.0  0.0 100668  3472 ?        Ss   16:54   0:00 postgres: stats collector process                                                                                           
root       171  0.0  0.0  25356  2816 ?        Ss   16:54   0:00 /usr/lib/postfix/master
postfix    176  0.0  0.0  27420  2860 ?        S    16:54   0:00 pickup -l -t unix -u -c
postfix    177  0.0  0.0  27468  2804 ?        S    16:54   0:00 qmgr -l -t unix -u
root       185  0.0  0.0  61388  3180 ?        Ss   16:54   0:00 /usr/sbin/sshd
rabbitmq   213  0.0  0.0   7512    92 ?        S    16:54   0:00 /usr/lib/erlang/erts-5.10.4/bin/epmd -daemon
rabbitmq   240  0.0  0.0   4456   680 ?        S    16:54   0:00 /bin/sh /usr/sbin/rabbitmq-server
rabbitmq   284  0.7  1.1 2303624 92796 ?       Sl   16:54   0:02 /usr/lib/erlang/erts-5.10.4/bin/beam.smp -W w -K true -A30 -P 1048576 -- -root /usr/lib/erlang -progname erl -- -home /var/lib/rabbitmq -- -pa /usr/lib/rabbitmq/lib/rabbitmq_server-3.2.4/sbin/../ebin -noshell -noinput -s rabbit boot -sname rabbit@clixserver -boot start_sasl -kernel inet_default_connect_options [{nodelay,true}] -sasl errlog_type error -sasl sasl_error_logger false -rabbit error_logger {file,"/var/log/rabbitmq/rabbit@clixserver.log"} -rabbit sasl_error_logger {file,"/var/log/rabbitmq/rabbit@clixserver-sasl.log"} -rabbit enabled_plugins_file "/etc/rabbitmq/enabled_plugins" -rabbit plugins_dir "/usr/lib/rabbitmq/lib/rabbitmq_server-3.2.4/sbin/../plugins" -rabbit plugins_expand_dir "/var/lib/rabbitmq/mnesia/rabbit@clixserver-plugins-expand" -os_mon start_cpu_sup false -os_mon start_disksup false -os_mon start_memsup false -mnesia dir "/var/lib/rabbitmq/mnesia/rabbit@clixserver"
rabbitmq   371  0.0  0.0   7476   996 ?        Ss   16:55   0:00 inet_gethost 4
rabbitmq   372  0.0  0.0   9568  1684 ?        S    16:55   0:00 inet_gethost 4
root       374  0.4  0.6 186396 49956 ?        S    16:55   0:01 python manage.py celeryd -f /var/log/celeryd.log -l INFO
root       397  0.0  0.1  33152  9984 ?        S    16:55   0:00 python -m smtpd -n -c DebuggingServer localhost:1025
root       400  0.1  0.7 859096 56652 ?        Sl   16:55   0:00 python main.py
root       405  0.0  0.5 185776 42468 ?        S    16:55   0:00 python manage.py celeryd -f /var/log/celeryd.log -l INFO
root       406  0.0  0.5 185776 42476 ?        S    16:55   0:00 python manage.py celeryd -f /var/log/celeryd.log -l INFO
root       407  0.0  0.5 185776 42476 ?        S    16:55   0:00 python manage.py celeryd -f /var/log/celeryd.log -l INFO
root       408  0.0  0.5 185776 42480 ?        S    16:55   0:00 python manage.py celeryd -f /var/log/celeryd.log -l INFO
root       410  0.0  0.2  52492 17088 ?        S    16:55   0:00 /usr/bin/python /usr/bin/supervisord -n
root       425  0.0  0.0  32536  6640 ?        S    16:55   0:00 nginx: master process /usr/sbin/nginx
root       426  0.0  0.2  63412 20524 ?        S    16:55   0:00 /usr/local/bin/uwsgi --ini /home/docker/code/confs/uwsgi.ini
www-data   427  0.0  0.0  32908  3900 ?        S    16:55   0:00 nginx: worker process
www-data   428  0.0  0.0  32908  3900 ?        S    16:55   0:00 nginx: worker process
www-data   429  0.0  0.0  32908  3900 ?        S    16:55   0:00 nginx: worker process
www-data   430  0.0  0.0  32908  3900 ?        S    16:55   0:00 nginx: worker process
root       431  0.0  0.1  63412 15936 ?        S    16:55   0:00 /usr/local/bin/uwsgi --ini /home/docker/code/confs/uwsgi.ini
root       432  0.0  0.1  63412 15936 ?        S    16:55   0:00 /usr/local/bin/uwsgi --ini /home/docker/code/confs/uwsgi.ini
root       433  0.0  0.1  63412 15936 ?        S    16:55   0:00 /usr/local/bin/uwsgi --ini /home/docker/code/confs/uwsgi.ini
root       434  0.0  0.1  63412 15936 ?        S    16:55   0:00 /usr/local/bin/uwsgi --ini /home/docker/code/confs/uwsgi.ini
root       516  0.0  0.0  59648  3048 ?        S    17:01   0:00 /USR/SBIN/CRON
root       517  0.0  0.0   4456   752 ?        Ss   17:01   0:00 /bin/sh -c /home/docker/code/scripts/system-heartbeat.sh  > /tmp/cron-system-heartbeat.log
root       518  0.0  0.0   9588  2296 ?        S    17:01   0:00 /bin/bash /home/docker/code/scripts/system-heartbeat.sh
root       519  0.0  0.0   9600  2536 ?        S    17:01   0:00 /bin/bash /home/docker/code/scripts/system-heartbeat.sh
root       520  0.0  0.0   4360   644 ?        S    17:01   0:00 tee /data/system-heartbeat/system-heartbeat-20180710-170101.log
root       541  0.0  0.0  15580  2156 ?        R    17:01   0:00 ps aux
 

------------------------------------------------------------------------------------ 


