Info-msg : Checking directory existence. 

/data/system-heartbeat/ directory exists
Info-msg : hostname of server (hostname). 

clixserver.tiss.edu
 

------------------------------------------------------------------------------------ 


Info-msg : internal ip addresses of the system (ip address). 

 

------------------------------------------------------------------------------------ 


Info-msg : external ip addresses of the system (public ip address). 


 

------------------------------------------------------------------------------------ 


Info-msg : RAM details (free -h). 

             total       used       free     shared    buffers     cached
Mem:          7.7G       3.2G       4.5G       215M       413M       931M
-/+ buffers/cache:       1.9G       5.8G
Swap:         7.6G         0B       7.6G
 

------------------------------------------------------------------------------------ 


Info-msg : HDD details (df -h). 

Filesystem      Size  Used Avail Use% Mounted on
overlay         908G   55G  807G   7% /
tmpfs            64M     0   64M   0% /dev
tmpfs           3.9G     0  3.9G   0% /sys/fs/cgroup
/dev/sda3       908G   55G  807G   7% /data
shm              64M     0   64M   0% /dev/shm
tmpfs           3.9G     0  3.9G   0% /proc/scsi
tmpfs           3.9G     0  3.9G   0% /sys/firmware
 

------------------------------------------------------------------------------------ 


Info-msg : Size description in '/data/'. 

8.0K	/data/2031025-mz25-activity-timestamp-csvs.tar.gz
44M	/data/2031025-mz25-assessment-media.tar.gz
4.0K	/data/2031025-mz25-gstudio_tools_logs.tar.gz
64K	/data/activity-timestamp-csvs
114M	/data/assessment-media
16K	/data/clixserver.tiss.edu
364M	/data/db
4.0K	/data/drop_database.sql
12K	/data/git-commit-details.log
796K	/data/gstudio-exported-users-analytics-csvs
8.0K	/data/gstudio-logs
8.0K	/data/local_settings.py
17G	/data/media
58M	/data/nginx-logs
504K	/data/pg_dump_all.sql
2.7M	/data/postgres-dump
2.3M	/data/qbank
671M	/data/rcs-repo
4.0K	/data/server_settings.py
64K	/data/system-heartbeat
 

------------------------------------------------------------------------------------ 


Info-msg : No of directories and files in '/data/media/'. 

No of directories : 4002 

No of files       : 9629 

 

------------------------------------------------------------------------------------ 


Info-msg : uptime (uptime). 

 22:01:08 up 45 min,  0 users,  load average: 0.25, 0.14, 0.16
 

------------------------------------------------------------------------------------ 


Info-msg : current process (uptime). 

USER       PID %CPU %MEM    VSZ   RSS TTY      STAT START   TIME COMMAND
root         1  0.0  0.0   4456   724 ?        Ss   21:16   0:00 /bin/sh -c /home/docker/code/scripts/initialize.sh  | sed -e "s/^/$(date +%Y%m%d-%H%M%S) :  /"  2>&1 | tee -a ${LOG_INSTALL_DOCKER}
root         7  0.0  0.0  18000  2860 ?        S    21:16   0:00 /bin/bash /home/docker/code/scripts/initialize.sh
root         8  0.0  0.0  10996  1404 ?        S    21:16   0:00 sed -e s/^/20181031-211606 :  /
root        10  0.0  0.0   4360  1336 ?        S    21:16   0:00 tee -a /root/DockerLogs/$(DATE_LOG)-gsd-install.log
root        16 14.2  2.8 469784 232832 ?       Sl   21:16   6:26 mongod --config /home/docker/code/confs/mongod.conf
root        18  0.0  0.0  23664  2208 ?        Ss   21:16   0:00 /usr/sbin/cron
postgres    37  0.0  0.2 244856 19268 ?        S    21:16   0:00 /usr/lib/postgresql/9.3/bin/postgres -D /var/lib/postgresql/9.3/main -c config_file=/etc/postgresql/9.3/main/postgresql.conf
postgres    66  0.0  0.0 244992  5664 ?        Ss   21:16   0:00 postgres: checkpointer process                                                                                              
postgres    67  0.0  0.0 244856  4568 ?        Ss   21:16   0:00 postgres: writer process                                                                                                    
postgres    68  0.0  0.0 244856  3424 ?        Ss   21:16   0:00 postgres: wal writer process                                                                                                
postgres    69  0.0  0.0 245732  5992 ?        Ss   21:16   0:00 postgres: autovacuum launcher process                                                                                       
postgres    70  0.0  0.0 100820  3784 ?        Ss   21:16   0:00 postgres: stats collector process                                                                                           
root       173  0.0  0.0  25356  2892 ?        Ss   21:16   0:00 /usr/lib/postfix/master
postfix    178  0.0  0.0  27420  2840 ?        S    21:16   0:00 pickup -l -t unix -u -c
postfix    179  0.0  0.0  27468  2756 ?        S    21:16   0:00 qmgr -l -t unix -u
root       187  0.0  0.0  61388  3072 ?        Ss   21:16   0:00 /usr/sbin/sshd
memcache   194  0.0  0.1 334556 11872 ?        Sl   21:16   0:00 /usr/bin/memcached -m 64 -p 11211 -u memcache -l 127.0.0.1
rabbitmq   223  0.0  0.0   7512    92 ?        S    21:16   0:00 /usr/lib/erlang/erts-5.10.4/bin/epmd -daemon
rabbitmq   250  0.0  0.0   4456   688 ?        S    21:16   0:00 /bin/sh /usr/sbin/rabbitmq-server
rabbitmq   294  0.5  1.1 2304904 92808 ?       Sl   21:16   0:15 /usr/lib/erlang/erts-5.10.4/bin/beam.smp -W w -K true -A30 -P 1048576 -- -root /usr/lib/erlang -progname erl -- -home /var/lib/rabbitmq -- -pa /usr/lib/rabbitmq/lib/rabbitmq_server-3.2.4/sbin/../ebin -noshell -noinput -s rabbit boot -sname rabbit@clixserver -boot start_sasl -kernel inet_default_connect_options [{nodelay,true}] -sasl errlog_type error -sasl sasl_error_logger false -rabbit error_logger {file,"/var/log/rabbitmq/rabbit@clixserver.log"} -rabbit sasl_error_logger {file,"/var/log/rabbitmq/rabbit@clixserver-sasl.log"} -rabbit enabled_plugins_file "/etc/rabbitmq/enabled_plugins" -rabbit plugins_dir "/usr/lib/rabbitmq/lib/rabbitmq_server-3.2.4/sbin/../plugins" -rabbit plugins_expand_dir "/var/lib/rabbitmq/mnesia/rabbit@clixserver-plugins-expand" -os_mon start_cpu_sup false -os_mon start_disksup false -os_mon start_memsup false -mnesia dir "/var/lib/rabbitmq/mnesia/rabbit@clixserver"
rabbitmq   381  0.0  0.0   7476   972 ?        Ss   21:16   0:00 inet_gethost 4
rabbitmq   382  0.0  0.0   9568  1612 ?        S    21:16   0:00 inet_gethost 4
root       384  0.1  0.6 186396 50056 ?        S    21:16   0:03 python manage.py celeryd -f /var/log/celeryd.log -l INFO
root       407  0.0  0.1  33152  9984 ?        S    21:16   0:00 python -m smtpd -n -c DebuggingServer localhost:1025
root       410  0.0  1.0 880132 86228 ?        Sl   21:16   0:01 python main.py
root       415  0.0  0.5 185776 42404 ?        S    21:16   0:00 python manage.py celeryd -f /var/log/celeryd.log -l INFO
root       416  0.0  0.5 185776 42412 ?        S    21:16   0:00 python manage.py celeryd -f /var/log/celeryd.log -l INFO
root       417  0.0  0.5 185776 42412 ?        S    21:16   0:00 python manage.py celeryd -f /var/log/celeryd.log -l INFO
root       418  0.0  0.5 185776 42416 ?        S    21:16   0:00 python manage.py celeryd -f /var/log/celeryd.log -l INFO
root       420  0.0  0.2  52492 16980 ?        S    21:16   0:00 /usr/bin/python /usr/bin/supervisord -n
root       435  0.0  0.0  32536  6448 ?        S    21:16   0:00 nginx: master process /usr/sbin/nginx
root       436  0.0  0.2  63412 20508 ?        S    21:16   0:00 /usr/local/bin/uwsgi --ini /home/docker/code/confs/uwsgi.ini
www-data   437  0.0  0.0  33356  6548 ?        S    21:16   0:00 nginx: worker process
www-data   438  0.0  0.0  33264  6716 ?        S    21:16   0:00 nginx: worker process
www-data   439  0.0  0.0  33480  6760 ?        S    21:16   0:01 nginx: worker process
www-data   440  0.0  0.0  33308  6748 ?        S    21:16   0:00 nginx: worker process
root       441  0.3  1.2 282676 103944 ?       S    21:16   0:09 /usr/local/bin/uwsgi --ini /home/docker/code/confs/uwsgi.ini
root       442  0.1  1.2 283076 104372 ?       S    21:16   0:04 /usr/local/bin/uwsgi --ini /home/docker/code/confs/uwsgi.ini
root       443  0.3  1.3 283588 104884 ?       S    21:16   0:08 /usr/local/bin/uwsgi --ini /home/docker/code/confs/uwsgi.ini
root       444  0.9  1.3 283728 105048 ?       S    21:16   0:24 /usr/local/bin/uwsgi --ini /home/docker/code/confs/uwsgi.ini
root      5439  0.0  0.0  59648  3052 ?        S    22:01   0:00 /USR/SBIN/CRON
root      5440  0.0  0.0   4456   772 ?        Ss   22:01   0:00 /bin/sh -c /home/docker/code/scripts/system-heartbeat.sh  > /tmp/cron-system-heartbeat.log
root      5441  0.0  0.0   9588  2344 ?        S    22:01   0:00 /bin/bash /home/docker/code/scripts/system-heartbeat.sh
root      5442  0.0  0.0   9600  2472 ?        S    22:01   0:00 /bin/bash /home/docker/code/scripts/system-heartbeat.sh
root      5443  0.0  0.0   4360   672 ?        S    22:01   0:00 tee /data/system-heartbeat/system-heartbeat-20181031-220101.log
root      5467  0.0  0.0  15580  2072 ?        R    22:01   0:00 ps aux
 

------------------------------------------------------------------------------------ 


