Info-msg : Checking directory existence. 

/data/system-heartbeat/ directory exists
Info-msg : hostname of server (hostname). 

clixserver.tiss.edu
 

------------------------------------------------------------------------------------ 


Info-msg : internal ip addresses of the system (ip address). 

 

------------------------------------------------------------------------------------ 


Info-msg : external ip addresses of the system (public ip address). 


 

------------------------------------------------------------------------------------ 


Info-msg : RAM details (free -h). 

             total       used       free     shared    buffers     cached
Mem:          7.7G       3.4G       4.2G       258M       414M       1.1G
-/+ buffers/cache:       2.0G       5.7G
Swap:         7.6G         0B       7.6G
 

------------------------------------------------------------------------------------ 


Info-msg : HDD details (df -h). 

Filesystem      Size  Used Avail Use% Mounted on
overlay         908G   55G  807G   7% /
tmpfs            64M     0   64M   0% /dev
tmpfs           3.9G     0  3.9G   0% /sys/fs/cgroup
/dev/sda3       908G   55G  807G   7% /data
shm              64M     0   64M   0% /dev/shm
tmpfs           3.9G     0  3.9G   0% /proc/scsi
tmpfs           3.9G     0  3.9G   0% /sys/firmware
 

------------------------------------------------------------------------------------ 


Info-msg : Size description in '/data/'. 

8.0K	/data/2031025-mz25-activity-timestamp-csvs.tar.gz
44M	/data/2031025-mz25-assessment-media.tar.gz
4.0K	/data/2031025-mz25-gstudio_tools_logs.tar.gz
64K	/data/activity-timestamp-csvs
114M	/data/assessment-media
16K	/data/clixserver.tiss.edu
365M	/data/db
4.0K	/data/drop_database.sql
12K	/data/git-commit-details.log
1.2M	/data/gstudio-exported-users-analytics-csvs
12K	/data/gstudio-logs
8.0K	/data/local_settings.py
17G	/data/media
73M	/data/nginx-logs
504K	/data/pg_dump_all.sql
2.7M	/data/postgres-dump
2.4M	/data/qbank
671M	/data/rcs-repo
4.0K	/data/server_settings.py
88K	/data/system-heartbeat
 

------------------------------------------------------------------------------------ 


Info-msg : No of directories and files in '/data/media/'. 

No of directories : 4002 

No of files       : 9629 

 

------------------------------------------------------------------------------------ 


Info-msg : uptime (uptime). 

 21:01:13 up 26 min,  0 users,  load average: 3.41, 1.31, 0.74
 

------------------------------------------------------------------------------------ 


Info-msg : current process (uptime). 

USER       PID %CPU %MEM    VSZ   RSS TTY      STAT START   TIME COMMAND
root         1  0.0  0.0   4456   756 ?        Ss   20:35   0:00 /bin/sh -c /home/docker/code/scripts/initialize.sh  | sed -e "s/^/$(date +%Y%m%d-%H%M%S) :  /"  2>&1 | tee -a ${LOG_INSTALL_DOCKER}
root         8  0.0  0.0  18000  2832 ?        S    20:35   0:00 /bin/bash /home/docker/code/scripts/initialize.sh
root         9  0.0  0.0  10996  1332 ?        S    20:35   0:00 sed -e s/^/20181109-203524 :  /
root        11  0.0  0.0   4360  1320 ?        S    20:35   0:00 tee -a /root/DockerLogs/$(DATE_LOG)-gsd-install.log
root        17 32.2  2.7 439988 217028 ?       Sl   20:35   8:19 mongod --config /home/docker/code/confs/mongod.conf
root        19  0.0  0.0  23664  2028 ?        Ss   20:35   0:00 /usr/sbin/cron
postgres    37  0.0  0.2 244856 19272 ?        S    20:35   0:00 /usr/lib/postgresql/9.3/bin/postgres -D /var/lib/postgresql/9.3/main -c config_file=/etc/postgresql/9.3/main/postgresql.conf
postgres    71  0.0  0.0 244992  5676 ?        Ss   20:35   0:00 postgres: checkpointer process                                                                                              
postgres    72  0.0  0.0 244856  4628 ?        Ss   20:35   0:00 postgres: writer process                                                                                                    
postgres    73  0.0  0.0 244856  3384 ?        Ss   20:35   0:00 postgres: wal writer process                                                                                                
postgres    74  0.0  0.0 245732  6040 ?        Ss   20:35   0:00 postgres: autovacuum launcher process                                                                                       
postgres    75  0.0  0.0 100668  3656 ?        Ss   20:35   0:00 postgres: stats collector process                                                                                           
root       178  0.0  0.0  25356  2728 ?        Ss   20:35   0:00 /usr/lib/postfix/master
postfix    183  0.0  0.0  27420  2744 ?        S    20:35   0:00 pickup -l -t unix -u -c
postfix    184  0.0  0.0  27468  2824 ?        S    20:35   0:00 qmgr -l -t unix -u
root       192  0.0  0.0  61388  3068 ?        Ss   20:35   0:00 /usr/sbin/sshd
memcache   199  0.0  0.1 333524 11188 ?        Sl   20:35   0:00 /usr/bin/memcached -m 64 -p 11211 -u memcache -l 127.0.0.1
rabbitmq   228  0.0  0.0   7512    92 ?        S    20:35   0:00 /usr/lib/erlang/erts-5.10.4/bin/epmd -daemon
rabbitmq   255  0.0  0.0   4456   692 ?        S    20:35   0:00 /bin/sh /usr/sbin/rabbitmq-server
rabbitmq   299  0.3  1.1 2303624 92828 ?       Sl   20:35   0:06 /usr/lib/erlang/erts-5.10.4/bin/beam.smp -W w -K true -A30 -P 1048576 -- -root /usr/lib/erlang -progname erl -- -home /var/lib/rabbitmq -- -pa /usr/lib/rabbitmq/lib/rabbitmq_server-3.2.4/sbin/../ebin -noshell -noinput -s rabbit boot -sname rabbit@clixserver -boot start_sasl -kernel inet_default_connect_options [{nodelay,true}] -sasl errlog_type error -sasl sasl_error_logger false -rabbit error_logger {file,"/var/log/rabbitmq/rabbit@clixserver.log"} -rabbit sasl_error_logger {file,"/var/log/rabbitmq/rabbit@clixserver-sasl.log"} -rabbit enabled_plugins_file "/etc/rabbitmq/enabled_plugins" -rabbit plugins_dir "/usr/lib/rabbitmq/lib/rabbitmq_server-3.2.4/sbin/../plugins" -rabbit plugins_expand_dir "/var/lib/rabbitmq/mnesia/rabbit@clixserver-plugins-expand" -os_mon start_cpu_sup false -os_mon start_disksup false -os_mon start_memsup false -mnesia dir "/var/lib/rabbitmq/mnesia/rabbit@clixserver"
rabbitmq   386  0.0  0.0   7476   976 ?        Ss   20:35   0:00 inet_gethost 4
rabbitmq   387  0.0  0.0   9568  1616 ?        S    20:35   0:00 inet_gethost 4
root       389  0.0  0.6 186400 50100 ?        S    20:35   0:01 python manage.py celeryd -f /var/log/celeryd.log -l INFO
root       412  0.0  0.1  33152  9764 ?        S    20:35   0:00 python -m smtpd -n -c DebuggingServer localhost:1025
root       415  0.0  0.7 859096 56540 ?        Sl   20:35   0:00 python main.py
root       417  0.0  0.5 185776 42560 ?        S    20:35   0:00 python manage.py celeryd -f /var/log/celeryd.log -l INFO
root       418  0.0  0.5 185776 42576 ?        S    20:35   0:00 python manage.py celeryd -f /var/log/celeryd.log -l INFO
root       419  0.0  0.5 185776 42564 ?        S    20:35   0:00 python manage.py celeryd -f /var/log/celeryd.log -l INFO
root       420  0.0  0.5 185776 42592 ?        S    20:35   0:00 python manage.py celeryd -f /var/log/celeryd.log -l INFO
root       425  0.0  0.2  52492 17052 ?        S    20:35   0:00 /usr/bin/python /usr/bin/supervisord -n
root       440  0.0  0.0  32536  6404 ?        S    20:35   0:00 nginx: master process /usr/sbin/nginx
root       441  0.0  0.2  63412 20576 ?        S    20:35   0:00 /usr/local/bin/uwsgi --ini /home/docker/code/confs/uwsgi.ini
www-data   442  0.0  0.0  33236  6628 ?        S    20:35   0:00 nginx: worker process
www-data   443  0.0  0.0  33504  6880 ?        S    20:35   0:00 nginx: worker process
www-data   444  0.0  0.0  33260  6752 ?        S    20:35   0:00 nginx: worker process
www-data   445  0.0  0.0  33356  6500 ?        S    20:35   0:00 nginx: worker process
root       446  0.6  1.2 279460 100768 ?       S    20:35   0:09 /usr/local/bin/uwsgi --ini /home/docker/code/confs/uwsgi.ini
root       447  0.6  1.2 279276 100572 ?       S    20:35   0:09 /usr/local/bin/uwsgi --ini /home/docker/code/confs/uwsgi.ini
root       448  0.8  1.2 282072 103136 ?       S    20:35   0:13 /usr/local/bin/uwsgi --ini /home/docker/code/confs/uwsgi.ini
root       449  1.3  1.2 282016 103208 ?       S    20:35   0:19 /usr/local/bin/uwsgi --ini /home/docker/code/confs/uwsgi.ini
root      1495  0.0  0.0  59648  3000 ?        S    21:01   0:00 /USR/SBIN/CRON
root      1496  0.0  0.0   4456   744 ?        Ss   21:01   0:00 /bin/sh -c /home/docker/code/scripts/system-heartbeat.sh  > /tmp/cron-system-heartbeat.log
root      1497  0.0  0.0   9588  2272 ?        S    21:01   0:00 /bin/bash /home/docker/code/scripts/system-heartbeat.sh
root      1498  0.0  0.0   9600  2472 ?        S    21:01   0:00 /bin/bash /home/docker/code/scripts/system-heartbeat.sh
root      1499  0.0  0.0   4360   640 ?        S    21:01   0:00 tee /data/system-heartbeat/system-heartbeat-20181109-210101.log
postgres  1710  0.0  0.1 246188 10552 ?        Ss   21:01   0:00 postgres: glab gstudio_psql 127.0.0.1(38896) idle                                                                           
postgres  1725  0.0  0.1 246188 10552 ?        Ss   21:01   0:00 postgres: glab gstudio_psql 127.0.0.1(38902) idle                                                                           
postgres  1740  0.0  0.1 246184 10612 ?        Ss   21:01   0:00 postgres: glab gstudio_psql 127.0.0.1(38910) idle                                                                           
postgres  1743  0.0  0.1 246188 10560 ?        Ss   21:01   0:00 postgres: glab gstudio_psql 127.0.0.1(38914) idle                                                                           
root      1752  0.0  0.0  15580  2148 ?        R    21:01   0:00 ps aux
 

------------------------------------------------------------------------------------ 


