Info-msg : Checking directory existence. 

/data/system-heartbeat/ directory exists
Info-msg : hostname of server (hostname). 

clixserver.tiss.edu
 

------------------------------------------------------------------------------------ 


Info-msg : internal ip addresses of the system (ip address). 

 

------------------------------------------------------------------------------------ 


Info-msg : external ip addresses of the system (public ip address). 


 

------------------------------------------------------------------------------------ 


Info-msg : RAM details (free -h). 

             total       used       free     shared    buffers     cached
Mem:          7.7G       7.3G       335M       259M       2.0G       3.5G
-/+ buffers/cache:       1.8G       5.8G
Swap:         7.6G        10M       7.6G
 

------------------------------------------------------------------------------------ 


Info-msg : HDD details (df -h). 

Filesystem      Size  Used Avail Use% Mounted on
overlay         908G   55G  807G   7% /
tmpfs            64M     0   64M   0% /dev
tmpfs           3.9G     0  3.9G   0% /sys/fs/cgroup
/dev/sda3       908G   55G  807G   7% /data
shm              64M     0   64M   0% /dev/shm
tmpfs           3.9G     0  3.9G   0% /proc/scsi
tmpfs           3.9G     0  3.9G   0% /sys/firmware
 

------------------------------------------------------------------------------------ 


Info-msg : Size description in '/data/'. 

8.0K	/data/2031025-mz25-activity-timestamp-csvs.tar.gz
44M	/data/2031025-mz25-assessment-media.tar.gz
4.0K	/data/2031025-mz25-gstudio_tools_logs.tar.gz
64K	/data/activity-timestamp-csvs
115M	/data/assessment-media
16K	/data/clixserver.tiss.edu
368M	/data/db
4.0K	/data/drop_database.sql
12K	/data/git-commit-details.log
1.4M	/data/gstudio-exported-users-analytics-csvs
12K	/data/gstudio-logs
12K	/data/gstudio_tools_logs
8.0K	/data/local_settings.py
17G	/data/media
164M	/data/nginx-logs
504K	/data/pg_dump_all.sql
2.7M	/data/postgres-dump
11M	/data/qbank
671M	/data/rcs-repo
4.0K	/data/server_settings.py
100K	/data/system-heartbeat
 

------------------------------------------------------------------------------------ 


Info-msg : No of directories and files in '/data/media/'. 

No of directories : 4002 

No of files       : 9629 

 

------------------------------------------------------------------------------------ 


Info-msg : uptime (uptime). 

 22:01:02 up 45 min,  0 users,  load average: 0.58, 1.71, 1.51
 

------------------------------------------------------------------------------------ 


Info-msg : current process (uptime). 

USER       PID %CPU %MEM    VSZ   RSS TTY      STAT START   TIME COMMAND
root         1  0.0  0.0   4456   752 ?        Ss   21:15   0:00 /bin/sh -c /home/docker/code/scripts/initialize.sh  | sed -e "s/^/$(date +%Y%m%d-%H%M%S) :  /"  2>&1 | tee -a ${LOG_INSTALL_DOCKER}
root         8  0.0  0.0  18000  2664 ?        S    21:15   0:00 /bin/bash /home/docker/code/scripts/initialize.sh
root        14  0.0  0.0  10996  1268 ?        S    21:15   0:00 sed -e s/^/20181121-211536 :  /
root        15  0.0  0.0   4360  1232 ?        S    21:15   0:00 tee -a /root/DockerLogs/$(DATE_LOG)-gsd-install.log
root        17  4.4  2.4 382332 194924 ?       Sl   21:15   2:01 mongod --config /home/docker/code/confs/mongod.conf
root        19  0.0  0.0  23664  1988 ?        Ss   21:15   0:00 /usr/sbin/cron
postgres    38  0.0  0.2 244856 19132 ?        S    21:15   0:00 /usr/lib/postgresql/9.3/bin/postgres -D /var/lib/postgresql/9.3/main -c config_file=/etc/postgresql/9.3/main/postgresql.conf
postgres    68  0.0  0.0 244992  5280 ?        Ss   21:15   0:00 postgres: checkpointer process                                                                                              
postgres    69  0.0  0.0 244856  4604 ?        Ss   21:15   0:00 postgres: writer process                                                                                                    
postgres    70  0.0  0.0 244856  3444 ?        Ss   21:15   0:00 postgres: wal writer process                                                                                                
postgres    71  0.0  0.0 245732  6112 ?        Ss   21:15   0:00 postgres: autovacuum launcher process                                                                                       
postgres    72  0.0  0.0 100820  3788 ?        Ss   21:15   0:00 postgres: stats collector process                                                                                           
root       175  0.0  0.0  25356  2728 ?        Ss   21:15   0:00 /usr/lib/postfix/master
postfix    180  0.0  0.0  27420  2776 ?        S    21:15   0:00 pickup -l -t unix -u -c
postfix    181  0.0  0.0  27468  2832 ?        S    21:15   0:00 qmgr -l -t unix -u
root       189  0.0  0.0  61388  3092 ?        Ss   21:15   0:00 /usr/sbin/sshd
memcache   196  0.0  0.0 265000  7636 ?        Sl   21:15   0:00 /usr/bin/memcached -m 64 -p 11211 -u memcache -l 127.0.0.1
rabbitmq   225  0.0  0.0   7512    92 ?        S    21:15   0:00 /usr/lib/erlang/erts-5.10.4/bin/epmd -daemon
rabbitmq   249  0.0  0.0   4456   856 ?        S    21:15   0:00 /bin/sh /usr/sbin/rabbitmq-server
rabbitmq   294  0.5  1.1 2303112 92344 ?       Sl   21:15   0:14 /usr/lib/erlang/erts-5.10.4/bin/beam.smp -W w -K true -A30 -P 1048576 -- -root /usr/lib/erlang -progname erl -- -home /var/lib/rabbitmq -- -pa /usr/lib/rabbitmq/lib/rabbitmq_server-3.2.4/sbin/../ebin -noshell -noinput -s rabbit boot -sname rabbit@clixserver -boot start_sasl -kernel inet_default_connect_options [{nodelay,true}] -sasl errlog_type error -sasl sasl_error_logger false -rabbit error_logger {file,"/var/log/rabbitmq/rabbit@clixserver.log"} -rabbit sasl_error_logger {file,"/var/log/rabbitmq/rabbit@clixserver-sasl.log"} -rabbit enabled_plugins_file "/etc/rabbitmq/enabled_plugins" -rabbit plugins_dir "/usr/lib/rabbitmq/lib/rabbitmq_server-3.2.4/sbin/../plugins" -rabbit plugins_expand_dir "/var/lib/rabbitmq/mnesia/rabbit@clixserver-plugins-expand" -os_mon start_cpu_sup false -os_mon start_disksup false -os_mon start_memsup false -mnesia dir "/var/lib/rabbitmq/mnesia/rabbit@clixserver"
root       331  0.1  0.6 186396 49988 ?        S    21:15   0:03 python manage.py celeryd -f /var/log/celeryd.log -l INFO
root       404  0.0  0.1  33152  9692 ?        S    21:16   0:00 python -m smtpd -n -c DebuggingServer localhost:1025
rabbitmq   406  0.0  0.0   7476   896 ?        Ss   21:16   0:00 inet_gethost 4
root       408  0.0  0.7 859096 56352 ?        Sl   21:16   0:00 python main.py
rabbitmq   410  0.0  0.0   9568  1568 ?        S    21:16   0:00 inet_gethost 4
root       414  0.0  0.5 185776 42412 ?        S    21:16   0:00 python manage.py celeryd -f /var/log/celeryd.log -l INFO
root       415  0.0  0.5 185776 42420 ?        S    21:16   0:00 python manage.py celeryd -f /var/log/celeryd.log -l INFO
root       416  0.0  0.5 185776 42420 ?        S    21:16   0:00 python manage.py celeryd -f /var/log/celeryd.log -l INFO
root       417  0.0  0.5 185776 42424 ?        S    21:16   0:00 python manage.py celeryd -f /var/log/celeryd.log -l INFO
root       419  0.0  0.2  52492 16984 ?        S    21:16   0:00 /usr/bin/python /usr/bin/supervisord -n
root       434  0.0  0.0  32536  6404 ?        S    21:16   0:00 nginx: master process /usr/sbin/nginx
root       435  0.0  0.2  63412 20340 ?        S    21:16   0:00 /usr/local/bin/uwsgi --ini /home/docker/code/confs/uwsgi.ini
www-data   436  0.0  0.0  33244  6428 ?        S    21:16   0:00 nginx: worker process
www-data   437  0.0  0.0  32908  5668 ?        S    21:16   0:00 nginx: worker process
www-data   438  0.0  0.0  32908  5932 ?        S    21:16   0:00 nginx: worker process
www-data   439  0.0  0.0  32908  5664 ?        S    21:16   0:00 nginx: worker process
root       440  0.0  0.1  63412 15568 ?        S    21:16   0:00 /usr/local/bin/uwsgi --ini /home/docker/code/confs/uwsgi.ini
root       441  0.0  1.2 281940 103096 ?       S    21:16   0:01 /usr/local/bin/uwsgi --ini /home/docker/code/confs/uwsgi.ini
root       442  0.0  0.1  63412 15568 ?        S    21:16   0:00 /usr/local/bin/uwsgi --ini /home/docker/code/confs/uwsgi.ini
root       443  0.0  1.0 261420 82416 ?        S    21:16   0:01 /usr/local/bin/uwsgi --ini /home/docker/code/confs/uwsgi.ini
root      1444  0.0  0.0  59648  3028 ?        S    22:01   0:00 /USR/SBIN/CRON
root      1446  0.0  0.0   4456   732 ?        Ss   22:01   0:00 /bin/sh -c /home/docker/code/scripts/system-heartbeat.sh  > /tmp/cron-system-heartbeat.log
root      1447  0.0  0.0   9588  2264 ?        S    22:01   0:00 /bin/bash /home/docker/code/scripts/system-heartbeat.sh
root      1448  0.0  0.0   9600  2480 ?        S    22:01   0:00 /bin/bash /home/docker/code/scripts/system-heartbeat.sh
root      1449  0.0  0.0   4360   672 ?        S    22:01   0:00 tee /data/system-heartbeat/system-heartbeat-20181121-220101.log
root      1471  0.0  0.0  15580  2128 ?        R    22:01   0:00 ps aux
 

------------------------------------------------------------------------------------ 


