Info-msg : Checking directory existence. 

/data/system-heartbeat/ directory exists
Info-msg : hostname of server (hostname). 

clixserver.tiss.edu
 

------------------------------------------------------------------------------------ 


Info-msg : internal ip addresses of the system (ip address). 

 

------------------------------------------------------------------------------------ 


Info-msg : external ip addresses of the system (public ip address). 

157.40.161.203
 

------------------------------------------------------------------------------------ 


Info-msg : RAM details (free -h). 

             total       used       free     shared    buffers     cached
Mem:          7.7G       3.3G       4.4G       290M       456M       1.2G
-/+ buffers/cache:       1.6G       6.1G
Swap:         7.6G       1.0M       7.6G
 

------------------------------------------------------------------------------------ 


Info-msg : HDD details (df -h). 

Filesystem      Size  Used Avail Use% Mounted on
overlay         908G   55G  808G   7% /
tmpfs            64M     0   64M   0% /dev
tmpfs           3.9G     0  3.9G   0% /sys/fs/cgroup
/dev/sda3       908G   55G  808G   7% /data
shm              64M     0   64M   0% /dev/shm
tmpfs           3.9G     0  3.9G   0% /proc/scsi
tmpfs           3.9G     0  3.9G   0% /sys/firmware
 

------------------------------------------------------------------------------------ 


Info-msg : Size description in '/data/'. 

8.0K	/data/2031025-mz25-activity-timestamp-csvs.tar.gz
44M	/data/2031025-mz25-assessment-media.tar.gz
4.0K	/data/2031025-mz25-gstudio_tools_logs.tar.gz
64K	/data/activity-timestamp-csvs
114M	/data/assessment-media
16K	/data/clixserver.tiss.edu
361M	/data/db
4.0K	/data/drop_database.sql
12K	/data/git-commit-details.log
340K	/data/gstudio-exported-users-analytics-csvs
8.0K	/data/gstudio-logs
8.0K	/data/local_settings.py
17G	/data/media
8.0K	/data/nginx-logs
504K	/data/pg_dump_all.sql
2.7M	/data/postgres-dump
2.0M	/data/qbank
670M	/data/rcs-repo
4.0K	/data/server_settings.py
28K	/data/system-heartbeat
 

------------------------------------------------------------------------------------ 


Info-msg : No of directories and files in '/data/media/'. 

No of directories : 4002 

No of files       : 9629 

 

------------------------------------------------------------------------------------ 


Info-msg : uptime (uptime). 

 14:01:12 up  1:05,  0 users,  load average: 0.33, 0.60, 0.94
 

------------------------------------------------------------------------------------ 


Info-msg : current process (uptime). 

USER       PID %CPU %MEM    VSZ   RSS TTY      STAT START   TIME COMMAND
root         1  0.0  0.0   4456    76 ?        Ss   13:29   0:00 /bin/sh -c /home/docker/code/scripts/initialize.sh  | sed -e "s/^/$(date +%Y%m%d-%H%M%S) :  /"  2>&1 | tee -a ${LOG_INSTALL_DOCKER}
root         8  0.0  0.0  18000   688 ?        S    13:29   0:00 /bin/bash /home/docker/code/scripts/initialize.sh
root         9  0.0  0.0  10996   144 ?        S    13:29   0:00 sed -e s/^/20181005-185532 :  /
root        10  0.0  0.0   4360   412 ?        S    13:29   0:00 tee -a /root/DockerLogs/$(DATE_LOG)-gsd-install.log
root        17 18.5  2.5 402096 203928 ?       Sl   13:29   5:53 mongod --config /home/docker/code/confs/mongod.conf
root        19  0.0  0.0  23664   700 ?        Ss   13:29   0:00 /usr/sbin/cron
postgres    38  0.0  0.1 244856 12872 ?        S    13:29   0:00 /usr/lib/postgresql/9.3/bin/postgres -D /var/lib/postgresql/9.3/main -c config_file=/etc/postgresql/9.3/main/postgresql.conf
postgres    58  0.0  0.0 244992  6124 ?        Ss   13:29   0:00 postgres: checkpointer process                                                                                              
postgres    59  0.0  0.0 244856  2468 ?        Ss   13:29   0:00 postgres: writer process                                                                                                    
postgres    60  0.0  0.0 244856  1236 ?        Ss   13:29   0:00 postgres: wal writer process                                                                                                
postgres    61  0.0  0.0 245732  4548 ?        Ss   13:29   0:00 postgres: autovacuum launcher process                                                                                       
postgres    62  0.0  0.0 100820  2620 ?        Ss   13:29   0:00 postgres: stats collector process                                                                                           
root       165  0.0  0.0  25356  1172 ?        Ss   13:29   0:00 /usr/lib/postfix/master
postfix    170  0.0  0.0  27420   768 ?        S    13:29   0:00 pickup -l -t unix -u -c
postfix    171  0.0  0.0  27468   688 ?        S    13:29   0:00 qmgr -l -t unix -u
root       179  0.0  0.0  61388  1104 ?        Ss   13:29   0:00 /usr/sbin/sshd
memcache   186  0.0  0.0 131876  4348 ?        Sl   13:29   0:00 /usr/bin/memcached -m 64 -p 11211 -u memcache -l 127.0.0.1
rabbitmq   215  0.0  0.0   7512    92 ?        S    13:29   0:00 /usr/lib/erlang/erts-5.10.4/bin/epmd -daemon
rabbitmq   242  0.0  0.0   4456    68 ?        S    13:29   0:00 /bin/sh /usr/sbin/rabbitmq-server
rabbitmq   286  0.5  1.1 2303368 90532 ?       Sl   13:29   0:09 /usr/lib/erlang/erts-5.10.4/bin/beam.smp -W w -K true -A30 -P 1048576 -- -root /usr/lib/erlang -progname erl -- -home /var/lib/rabbitmq -- -pa /usr/lib/rabbitmq/lib/rabbitmq_server-3.2.4/sbin/../ebin -noshell -noinput -s rabbit boot -sname rabbit@clixserver -boot start_sasl -kernel inet_default_connect_options [{nodelay,true}] -sasl errlog_type error -sasl sasl_error_logger false -rabbit error_logger {file,"/var/log/rabbitmq/rabbit@clixserver.log"} -rabbit sasl_error_logger {file,"/var/log/rabbitmq/rabbit@clixserver-sasl.log"} -rabbit enabled_plugins_file "/etc/rabbitmq/enabled_plugins" -rabbit plugins_dir "/usr/lib/rabbitmq/lib/rabbitmq_server-3.2.4/sbin/../plugins" -rabbit plugins_expand_dir "/var/lib/rabbitmq/mnesia/rabbit@clixserver-plugins-expand" -os_mon start_cpu_sup false -os_mon start_disksup false -os_mon start_memsup false -mnesia dir "/var/lib/rabbitmq/mnesia/rabbit@clixserver"
rabbitmq   373  0.0  0.0   7476    80 ?        Ss   13:29   0:00 inet_gethost 4
rabbitmq   374  0.0  0.0   9568   416 ?        S    13:29   0:00 inet_gethost 4
root       376  0.1  0.5 186428 41496 ?        S    13:29   0:02 python manage.py celeryd -f /var/log/celeryd.log -l INFO
root       399  0.0  0.0  33152  5596 ?        S    13:29   0:00 python -m smtpd -n -c DebuggingServer localhost:1025
root       402  0.0  0.6 859092 49140 ?        Sl   13:29   0:00 python main.py
root       406  0.0  0.5 185780 40636 ?        S    13:29   0:00 python manage.py celeryd -f /var/log/celeryd.log -l INFO
root       407  0.0  0.5 185776 40640 ?        S    13:29   0:00 python manage.py celeryd -f /var/log/celeryd.log -l INFO
root       408  0.0  0.5 185776 40644 ?        S    13:29   0:00 python manage.py celeryd -f /var/log/celeryd.log -l INFO
root       409  0.0  0.5 185776 40652 ?        S    13:29   0:00 python manage.py celeryd -f /var/log/celeryd.log -l INFO
root       412  0.0  0.1  52492 12192 ?        S    13:29   0:00 /usr/bin/python /usr/bin/supervisord -n
root       427  0.0  0.0  32536  3024 ?        S    13:29   0:00 nginx: master process /usr/sbin/nginx
root       428  0.0  0.1  63412 13232 ?        S    13:29   0:00 /usr/local/bin/uwsgi --ini /home/docker/code/confs/uwsgi.ini
www-data   429  0.0  0.0  32908  2584 ?        S    13:29   0:00 nginx: worker process
www-data   430  0.0  0.0  32908  2584 ?        S    13:29   0:00 nginx: worker process
www-data   431  0.0  0.0  32908  2584 ?        S    13:29   0:00 nginx: worker process
www-data   432  0.0  0.0  32908  2616 ?        S    13:29   0:00 nginx: worker process
root       433  0.0  0.1  63412 12020 ?        S    13:29   0:00 /usr/local/bin/uwsgi --ini /home/docker/code/confs/uwsgi.ini
root       434  0.0  0.1  63412 12020 ?        S    13:29   0:00 /usr/local/bin/uwsgi --ini /home/docker/code/confs/uwsgi.ini
root       435  0.0  0.1  63412 12020 ?        S    13:29   0:00 /usr/local/bin/uwsgi --ini /home/docker/code/confs/uwsgi.ini
root       436  0.0  0.1  63412 12020 ?        S    13:29   0:00 /usr/local/bin/uwsgi --ini /home/docker/code/confs/uwsgi.ini
root      1204  0.0  0.0  59648  3036 ?        S    14:01   0:00 /USR/SBIN/CRON
root      1205  0.0  0.0   4456   768 ?        Ss   14:01   0:00 /bin/sh -c /home/docker/code/scripts/system-heartbeat.sh  > /tmp/cron-system-heartbeat.log
root      1206  0.0  0.0   9588  2292 ?        S    14:01   0:00 /bin/bash /home/docker/code/scripts/system-heartbeat.sh
root      1207  0.0  0.0   9600  2600 ?        S    14:01   0:00 /bin/bash /home/docker/code/scripts/system-heartbeat.sh
root      1208  0.0  0.0   4360   752 ?        S    14:01   0:00 tee /data/system-heartbeat/system-heartbeat-20181005-140101.log
root      1231  0.0  0.0  15580  2096 ?        R    14:01   0:00 ps aux
 

------------------------------------------------------------------------------------ 


