Info-msg : Checking directory existence. 

/data/system-heartbeat/ directory exists
Info-msg : hostname of server (hostname). 

clixserver.tiss.edu
 

------------------------------------------------------------------------------------ 


Info-msg : internal ip addresses of the system (ip address). 

 

------------------------------------------------------------------------------------ 


Info-msg : external ip addresses of the system (public ip address). 


 

------------------------------------------------------------------------------------ 


Info-msg : RAM details (free -h). 

             total       used       free     shared    buffers     cached
Mem:          7.7G       3.1G       4.6G       210M       412M       932M
-/+ buffers/cache:       1.8G       5.9G
Swap:         7.6G         0B       7.6G
 

------------------------------------------------------------------------------------ 


Info-msg : HDD details (df -h). 

Filesystem      Size  Used Avail Use% Mounted on
overlay         908G   55G  807G   7% /
tmpfs            64M     0   64M   0% /dev
tmpfs           3.9G     0  3.9G   0% /sys/fs/cgroup
/dev/sda3       908G   55G  807G   7% /data
shm              64M     0   64M   0% /dev/shm
tmpfs           3.9G     0  3.9G   0% /proc/scsi
tmpfs           3.9G     0  3.9G   0% /sys/firmware
 

------------------------------------------------------------------------------------ 


Info-msg : Size description in '/data/'. 

8.0K	/data/2031025-mz25-activity-timestamp-csvs.tar.gz
44M	/data/2031025-mz25-assessment-media.tar.gz
4.0K	/data/2031025-mz25-gstudio_tools_logs.tar.gz
64K	/data/activity-timestamp-csvs
114M	/data/assessment-media
16K	/data/clixserver.tiss.edu
362M	/data/db
4.0K	/data/drop_database.sql
12K	/data/git-commit-details.log
516K	/data/gstudio-exported-users-analytics-csvs
8.0K	/data/gstudio-logs
8.0K	/data/local_settings.py
17G	/data/media
31M	/data/nginx-logs
504K	/data/pg_dump_all.sql
2.7M	/data/postgres-dump
2.0M	/data/qbank
670M	/data/rcs-repo
4.0K	/data/server_settings.py
40K	/data/system-heartbeat
 

------------------------------------------------------------------------------------ 


Info-msg : No of directories and files in '/data/media/'. 

No of directories : 4002 

No of files       : 9629 

 

------------------------------------------------------------------------------------ 


Info-msg : uptime (uptime). 

 14:01:08 up 50 min,  0 users,  load average: 0.19, 0.38, 0.36
 

------------------------------------------------------------------------------------ 


Info-msg : current process (uptime). 

USER       PID %CPU %MEM    VSZ   RSS TTY      STAT START   TIME COMMAND
root         1  0.0  0.0   4456   724 ?        Ss   13:11   0:00 /bin/sh -c /home/docker/code/scripts/initialize.sh  | sed -e "s/^/$(date +%Y%m%d-%H%M%S) :  /"  2>&1 | tee -a ${LOG_INSTALL_DOCKER}
root         8  0.0  0.0  18000  2856 ?        S    13:11   0:00 /bin/bash /home/docker/code/scripts/initialize.sh
root        14  0.0  0.0  10996  1420 ?        S    13:11   0:00 sed -e s/^/20181011-131106 :  /
root        15  0.0  0.0   4360  1344 ?        S    13:11   0:00 tee -a /root/DockerLogs/$(DATE_LOG)-gsd-install.log
root        17 14.6  2.7 428740 220704 ?       Sl   13:11   7:18 mongod --config /home/docker/code/confs/mongod.conf
root        19  0.0  0.0  23664  2104 ?        Ss   13:11   0:00 /usr/sbin/cron
postgres    38  0.0  0.2 244856 19400 ?        S    13:11   0:00 /usr/lib/postgresql/9.3/bin/postgres -D /var/lib/postgresql/9.3/main -c config_file=/etc/postgresql/9.3/main/postgresql.conf
postgres    65  0.0  0.0 245000  5372 ?        Ss   13:11   0:00 postgres: checkpointer process                                                                                              
postgres    66  0.0  0.0 244856  4664 ?        Ss   13:11   0:00 postgres: writer process                                                                                                    
postgres    67  0.0  0.0 244856  3156 ?        Ss   13:11   0:00 postgres: wal writer process                                                                                                
postgres    68  0.0  0.0 245732  5880 ?        Ss   13:11   0:00 postgres: autovacuum launcher process                                                                                       
postgres    69  0.0  0.0 100820  3636 ?        Ss   13:11   0:00 postgres: stats collector process                                                                                           
root       172  0.0  0.0  25356  2948 ?        Ss   13:11   0:00 /usr/lib/postfix/master
postfix    177  0.0  0.0  27420  2876 ?        S    13:11   0:00 pickup -l -t unix -u -c
postfix    178  0.0  0.0  27468  2832 ?        S    13:11   0:00 qmgr -l -t unix -u
root       186  0.0  0.0  61388  3176 ?        Ss   13:11   0:00 /usr/sbin/sshd
memcache   193  0.0  0.1 331484  8648 ?        Sl   13:11   0:00 /usr/bin/memcached -m 64 -p 11211 -u memcache -l 127.0.0.1
rabbitmq   222  0.0  0.0   7512    92 ?        S    13:11   0:00 /usr/lib/erlang/erts-5.10.4/bin/epmd -daemon
rabbitmq   249  0.0  0.0   4456   856 ?        S    13:11   0:00 /bin/sh /usr/sbin/rabbitmq-server
rabbitmq   293  0.5  1.1 2303628 93016 ?       Sl   13:11   0:15 /usr/lib/erlang/erts-5.10.4/bin/beam.smp -W w -K true -A30 -P 1048576 -- -root /usr/lib/erlang -progname erl -- -home /var/lib/rabbitmq -- -pa /usr/lib/rabbitmq/lib/rabbitmq_server-3.2.4/sbin/../ebin -noshell -noinput -s rabbit boot -sname rabbit@clixserver -boot start_sasl -kernel inet_default_connect_options [{nodelay,true}] -sasl errlog_type error -sasl sasl_error_logger false -rabbit error_logger {file,"/var/log/rabbitmq/rabbit@clixserver.log"} -rabbit sasl_error_logger {file,"/var/log/rabbitmq/rabbit@clixserver-sasl.log"} -rabbit enabled_plugins_file "/etc/rabbitmq/enabled_plugins" -rabbit plugins_dir "/usr/lib/rabbitmq/lib/rabbitmq_server-3.2.4/sbin/../plugins" -rabbit plugins_expand_dir "/var/lib/rabbitmq/mnesia/rabbit@clixserver-plugins-expand" -os_mon start_cpu_sup false -os_mon start_disksup false -os_mon start_memsup false -mnesia dir "/var/lib/rabbitmq/mnesia/rabbit@clixserver"
rabbitmq   380  0.0  0.0   7476   992 ?        Ss   13:11   0:00 inet_gethost 4
rabbitmq   381  0.0  0.0   9568  1676 ?        S    13:11   0:00 inet_gethost 4
root       383  0.0  0.6 186400 50128 ?        S    13:11   0:01 python manage.py celeryd -f /var/log/celeryd.log -l INFO
root       406  0.0  0.1  33152  9716 ?        S    13:11   0:00 python -m smtpd -n -c DebuggingServer localhost:1025
root       409  0.0  0.6 859096 56532 ?        Sl   13:11   0:00 python main.py
root       414  0.0  0.5 185776 42508 ?        S    13:11   0:00 python manage.py celeryd -f /var/log/celeryd.log -l INFO
root       415  0.0  0.5 185776 42512 ?        S    13:11   0:00 python manage.py celeryd -f /var/log/celeryd.log -l INFO
root       416  0.0  0.5 185776 42516 ?        S    13:11   0:00 python manage.py celeryd -f /var/log/celeryd.log -l INFO
root       417  0.0  0.5 185776 42524 ?        S    13:11   0:00 python manage.py celeryd -f /var/log/celeryd.log -l INFO
root       419  0.0  0.2  52492 16948 ?        S    13:11   0:00 /usr/bin/python /usr/bin/supervisord -n
root       434  0.0  0.0  32536  6572 ?        S    13:11   0:00 nginx: master process /usr/sbin/nginx
root       435  0.0  0.2  63412 20520 ?        S    13:11   0:00 /usr/local/bin/uwsgi --ini /home/docker/code/confs/uwsgi.ini
www-data   436  0.0  0.0  33356  6784 ?        S    13:11   0:00 nginx: worker process
www-data   437  0.0  0.0  33388  6828 ?        S    13:11   0:01 nginx: worker process
www-data   438  0.0  0.0  33376  6724 ?        S    13:11   0:00 nginx: worker process
www-data   439  0.0  0.0  33516  6936 ?        S    13:11   0:01 nginx: worker process
root       440  0.3  1.2 281228 102524 ?       S    13:11   0:09 /usr/local/bin/uwsgi --ini /home/docker/code/confs/uwsgi.ini
root       441  0.2  1.2 281668 102992 ?       S    13:11   0:07 /usr/local/bin/uwsgi --ini /home/docker/code/confs/uwsgi.ini
root       442  0.3  1.2 283496 104788 ?       S    13:11   0:11 /usr/local/bin/uwsgi --ini /home/docker/code/confs/uwsgi.ini
root       443  1.0  1.2 283788 105008 ?       S    13:11   0:32 /usr/local/bin/uwsgi --ini /home/docker/code/confs/uwsgi.ini
root      3251  0.0  0.0  59648  3064 ?        S    14:01   0:00 /USR/SBIN/CRON
root      3252  0.0  0.0   4456   680 ?        Ss   14:01   0:00 /bin/sh -c /home/docker/code/scripts/system-heartbeat.sh  > /tmp/cron-system-heartbeat.log
root      3253  0.0  0.0   9588  2256 ?        S    14:01   0:00 /bin/bash /home/docker/code/scripts/system-heartbeat.sh
root      3254  0.0  0.0   9600  2408 ?        S    14:01   0:00 /bin/bash /home/docker/code/scripts/system-heartbeat.sh
root      3255  0.0  0.0   4360   696 ?        S    14:01   0:00 tee /data/system-heartbeat/system-heartbeat-20181011-140101.log
root      3278  0.0  0.0  15580  2204 ?        R    14:01   0:00 ps aux
 

------------------------------------------------------------------------------------ 


