Info-msg : Checking directory existence. 

/data/system-heartbeat/ directory exists
Info-msg : hostname of server (hostname). 

clixserver.tiss.edu
 

------------------------------------------------------------------------------------ 


Info-msg : internal ip addresses of the system (ip address). 

 

------------------------------------------------------------------------------------ 


Info-msg : external ip addresses of the system (public ip address). 


 

------------------------------------------------------------------------------------ 


Info-msg : RAM details (free -h). 

             total       used       free     shared    buffers     cached
Mem:          7.5G       2.1G       5.3G       220M        71M       885M
-/+ buffers/cache:       1.2G       6.3G
Swap:         7.6G         0B       7.6G
 

------------------------------------------------------------------------------------ 


Info-msg : HDD details (df -h). 

Filesystem      Size  Used Avail Use% Mounted on
overlay         908G   55G  807G   7% /
tmpfs            64M     0   64M   0% /dev
tmpfs           3.8G     0  3.8G   0% /sys/fs/cgroup
/dev/sda3       908G   55G  807G   7% /data
shm              64M     0   64M   0% /dev/shm
tmpfs           3.8G     0  3.8G   0% /proc/scsi
tmpfs           3.8G     0  3.8G   0% /sys/firmware
 

------------------------------------------------------------------------------------ 


Info-msg : Size description in '/data/'. 

8.0K	/data/2031007-mz7-activity-timestamp-csvs.tar.gz
44M	/data/2031007-mz7-assessment-media.tar.gz
4.0K	/data/2031007-mz7-gstudio_tools_logs.tar.gz
64K	/data/activity-timestamp-csvs
114M	/data/assessment-media
16K	/data/clixserver.tiss.edu
362M	/data/db
4.0K	/data/drop_database.sql
12K	/data/git-commit-details.log
516K	/data/gstudio-exported-users-analytics-csvs
8.0K	/data/gstudio-logs
8.0K	/data/local_settings.py
17G	/data/media
13M	/data/nginx-logs
504K	/data/pg_dump_all.sql
2.7M	/data/postgres-dump
2.1M	/data/qbank
670M	/data/rcs-repo
4.0K	/data/server_settings.py
44K	/data/system-heartbeat
 

------------------------------------------------------------------------------------ 


Info-msg : No of directories and files in '/data/media/'. 

No of directories : 4002 

No of files       : 9629 

 

------------------------------------------------------------------------------------ 


Info-msg : uptime (uptime). 

 10:01:11 up 2 min,  0 users,  load average: 1.62, 1.15, 0.48
 

------------------------------------------------------------------------------------ 


Info-msg : current process (uptime). 

USER       PID %CPU %MEM    VSZ   RSS TTY      STAT START   TIME COMMAND
root         1  0.0  0.0   4456   824 ?        Ss   09:59   0:00 /bin/sh -c /home/docker/code/scripts/initialize.sh  | sed -e "s/^/$(date +%Y%m%d-%H%M%S) :  /"  2>&1 | tee -a ${LOG_INSTALL_DOCKER}
root         8  0.0  0.0  18000  2800 ?        S    09:59   0:00 /bin/bash /home/docker/code/scripts/initialize.sh
root        14  0.0  0.0  10996  1472 ?        S    09:59   0:00 sed -e s/^/20180824-095926 :  /
root        16  0.0  0.0   4360  1400 ?        S    09:59   0:00 tee -a /root/DockerLogs/$(DATE_LOG)-gsd-install.log
root        17  3.5  1.0 253176 85220 ?        Sl   09:59   0:03 mongod --config /home/docker/code/confs/mongod.conf
root        19  0.0  0.0  23664  2200 ?        Ss   09:59   0:00 /usr/sbin/cron
postgres    38  0.0  0.2 244856 19200 ?        S    09:59   0:00 /usr/lib/postgresql/9.3/bin/postgres -D /var/lib/postgresql/9.3/main -c config_file=/etc/postgresql/9.3/main/postgresql.conf
postgres    67  0.0  0.0 244856  3304 ?        Ss   09:59   0:00 postgres: checkpointer process                                                                                              
postgres    68  0.0  0.0 244856  4620 ?        Ss   09:59   0:00 postgres: writer process                                                                                                    
postgres    69  0.0  0.0 244856  3304 ?        Ss   09:59   0:00 postgres: wal writer process                                                                                                
postgres    70  0.0  0.0 245732  6072 ?        Ss   09:59   0:00 postgres: autovacuum launcher process                                                                                       
postgres    71  0.0  0.0 100668  3672 ?        Ss   09:59   0:00 postgres: stats collector process                                                                                           
root       174  0.0  0.0  25356  2716 ?        Ss   09:59   0:00 /usr/lib/postfix/master
postfix    179  0.0  0.0  27420  2816 ?        S    09:59   0:00 pickup -l -t unix -u -c
postfix    180  0.0  0.0  27468  2924 ?        S    09:59   0:00 qmgr -l -t unix -u
root       188  0.0  0.0  61388  3136 ?        Ss   09:59   0:00 /usr/sbin/sshd
rabbitmq   216  0.0  0.0   7512    92 ?        S    09:59   0:00 /usr/lib/erlang/erts-5.10.4/bin/epmd -daemon
rabbitmq   243  0.2  0.0   4456   764 ?        S    09:59   0:00 /bin/sh /usr/sbin/rabbitmq-server
rabbitmq   287  1.3  1.1 2303880 93028 ?       Sl   09:59   0:01 /usr/lib/erlang/erts-5.10.4/bin/beam.smp -W w -K true -A30 -P 1048576 -- -root /usr/lib/erlang -progname erl -- -home /var/lib/rabbitmq -- -pa /usr/lib/rabbitmq/lib/rabbitmq_server-3.2.4/sbin/../ebin -noshell -noinput -s rabbit boot -sname rabbit@clixserver -boot start_sasl -kernel inet_default_connect_options [{nodelay,true}] -sasl errlog_type error -sasl sasl_error_logger false -rabbit error_logger {file,"/var/log/rabbitmq/rabbit@clixserver.log"} -rabbit sasl_error_logger {file,"/var/log/rabbitmq/rabbit@clixserver-sasl.log"} -rabbit enabled_plugins_file "/etc/rabbitmq/enabled_plugins" -rabbit plugins_dir "/usr/lib/rabbitmq/lib/rabbitmq_server-3.2.4/sbin/../plugins" -rabbit plugins_expand_dir "/var/lib/rabbitmq/mnesia/rabbit@clixserver-plugins-expand" -os_mon start_cpu_sup false -os_mon start_disksup false -os_mon start_memsup false -mnesia dir "/var/lib/rabbitmq/mnesia/rabbit@clixserver"
rabbitmq   374  0.2  0.0   7476   880 ?        Ss   09:59   0:00 inet_gethost 4
rabbitmq   375  0.0  0.0   9568  1592 ?        S    09:59   0:00 inet_gethost 4
root       377  1.0  0.6 186440 50128 ?        S    09:59   0:00 python manage.py celeryd -f /var/log/celeryd.log -l INFO
root       400  0.0  0.1  33152  9812 ?        S    09:59   0:00 python -m smtpd -n -c DebuggingServer localhost:1025
root       403  0.4  0.7 859096 56448 ?        Sl   09:59   0:00 python main.py
root       409  0.1  0.2  52492 16832 ?        S    09:59   0:00 /usr/bin/python /usr/bin/supervisord -n
root       410  0.0  0.5 185788 42500 ?        S    09:59   0:00 python manage.py celeryd -f /var/log/celeryd.log -l INFO
root       411  0.0  0.5 185784 42508 ?        S    09:59   0:00 python manage.py celeryd -f /var/log/celeryd.log -l INFO
root       412  0.0  0.5 185784 42500 ?        S    09:59   0:00 python manage.py celeryd -f /var/log/celeryd.log -l INFO
root       413  0.0  0.5 185784 42504 ?        S    09:59   0:00 python manage.py celeryd -f /var/log/celeryd.log -l INFO
root       428  0.0  0.0  32536  6440 ?        S    09:59   0:00 nginx: master process /usr/sbin/nginx
root       429  0.0  0.2  63412 20520 ?        S    09:59   0:00 /usr/local/bin/uwsgi --ini /home/docker/code/confs/uwsgi.ini
www-data   430  0.0  0.0  32908  3984 ?        S    09:59   0:00 nginx: worker process
www-data   431  0.0  0.0  32908  3984 ?        S    09:59   0:00 nginx: worker process
www-data   432  0.0  0.0  32908  3984 ?        S    09:59   0:00 nginx: worker process
www-data   433  0.0  0.0  32908  3984 ?        S    09:59   0:00 nginx: worker process
root       434  0.0  0.2  63412 15720 ?        S    09:59   0:00 /usr/local/bin/uwsgi --ini /home/docker/code/confs/uwsgi.ini
root       435  0.0  0.2  63412 15720 ?        S    09:59   0:00 /usr/local/bin/uwsgi --ini /home/docker/code/confs/uwsgi.ini
root       436  0.0  0.2  63412 15720 ?        S    09:59   0:00 /usr/local/bin/uwsgi --ini /home/docker/code/confs/uwsgi.ini
root       437  0.0  0.2  63412 15720 ?        S    09:59   0:00 /usr/local/bin/uwsgi --ini /home/docker/code/confs/uwsgi.ini
root       454  0.0  0.0  59648  2984 ?        S    10:01   0:00 /USR/SBIN/CRON
root       455  0.0  0.0   4456   776 ?        Ss   10:01   0:00 /bin/sh -c /home/docker/code/scripts/system-heartbeat.sh  > /tmp/cron-system-heartbeat.log
root       456  0.0  0.0   9588  2232 ?        S    10:01   0:00 /bin/bash /home/docker/code/scripts/system-heartbeat.sh
root       457  0.0  0.0   9600  2472 ?        S    10:01   0:00 /bin/bash /home/docker/code/scripts/system-heartbeat.sh
root       458  0.0  0.0   4360   752 ?        S    10:01   0:00 tee /data/system-heartbeat/system-heartbeat-20180824-100102.log
root       481  0.0  0.0  15580  2136 ?        R    10:01   0:00 ps aux
 

------------------------------------------------------------------------------------ 


