Info-msg : Checking directory existence. 

/data/system-heartbeat/ directory exists
Info-msg : hostname of server (hostname). 

clixserver.tiss.edu
 

------------------------------------------------------------------------------------ 


Info-msg : internal ip addresses of the system (ip address). 

 

------------------------------------------------------------------------------------ 


Info-msg : external ip addresses of the system (public ip address). 


 

------------------------------------------------------------------------------------ 


Info-msg : RAM details (free -h). 

             total       used       free     shared    buffers     cached
Mem:          7.5G       4.5G       2.9G       740M       434M       2.1G
-/+ buffers/cache:       2.0G       5.5G
Swap:         7.6G         0B       7.6G
 

------------------------------------------------------------------------------------ 


Info-msg : HDD details (df -h). 

Filesystem      Size  Used Avail Use% Mounted on
overlay         908G   56G  807G   7% /
tmpfs            64M     0   64M   0% /dev
tmpfs           3.8G     0  3.8G   0% /sys/fs/cgroup
/dev/sda3       908G   56G  807G   7% /data
shm              64M     0   64M   0% /dev/shm
tmpfs           3.8G     0  3.8G   0% /proc/scsi
tmpfs           3.8G     0  3.8G   0% /sys/firmware
 

------------------------------------------------------------------------------------ 


Info-msg : Size description in '/data/'. 

8.0K	/data/2031007-mz7-activity-timestamp-csvs.tar.gz
44M	/data/2031007-mz7-assessment-media.tar.gz
4.0K	/data/2031007-mz7-gstudio_tools_logs.tar.gz
64K	/data/activity-timestamp-csvs
114M	/data/assessment-media
16K	/data/clixserver.tiss.edu
364M	/data/db
4.0K	/data/drop_database.sql
12K	/data/git-commit-details.log
1.3M	/data/gstudio-exported-users-analytics-csvs
12K	/data/gstudio-logs
20K	/data/gstudio_tools_logs
8.0K	/data/local_settings.py
17G	/data/media
48M	/data/nginx-logs
504K	/data/pg_dump_all.sql
2.7M	/data/postgres-dump
2.6M	/data/qbank
670M	/data/rcs-repo
4.0K	/data/server_settings.py
92K	/data/system-heartbeat
 

------------------------------------------------------------------------------------ 


Info-msg : No of directories and files in '/data/media/'. 

No of directories : 4002 

No of files       : 9629 

 

------------------------------------------------------------------------------------ 


Info-msg : uptime (uptime). 

 16:01:07 up 58 min,  0 users,  load average: 0.75, 0.36, 0.38
 

------------------------------------------------------------------------------------ 


Info-msg : current process (uptime). 

USER       PID %CPU %MEM    VSZ   RSS TTY      STAT START   TIME COMMAND
root         1  0.0  0.0   4456   680 ?        Ss   15:03   0:00 /bin/sh -c /home/docker/code/scripts/initialize.sh  | sed -e "s/^/$(date +%Y%m%d-%H%M%S) :  /"  2>&1 | tee -a ${LOG_INSTALL_DOCKER}
root         7  0.0  0.0  18000  2880 ?        S    15:03   0:00 /bin/bash /home/docker/code/scripts/initialize.sh
root        13  0.0  0.0  10996  1432 ?        S    15:03   0:00 sed -e s/^/20180829-150314 :  /
root        15  0.0  0.0   4360  1328 ?        S    15:03   0:00 tee -a /root/DockerLogs/$(DATE_LOG)-gsd-install.log
root        16 15.5  3.1 457412 245740 ?       Sl   15:03   8:58 mongod --config /home/docker/code/confs/mongod.conf
root        18  0.0  0.0  23664  2060 ?        Ss   15:03   0:00 /usr/sbin/cron
postgres    37  0.0  0.2 244856 19188 ?        S    15:03   0:00 /usr/lib/postgresql/9.3/bin/postgres -D /var/lib/postgresql/9.3/main -c config_file=/etc/postgresql/9.3/main/postgresql.conf
postgres    67  0.0  0.0 244992  5324 ?        Ss   15:03   0:00 postgres: checkpointer process                                                                                              
postgres    68  0.0  0.0 244856  4592 ?        Ss   15:03   0:00 postgres: writer process                                                                                                    
postgres    69  0.0  0.0 244856  3368 ?        Ss   15:03   0:00 postgres: wal writer process                                                                                                
postgres    70  0.0  0.0 245732  6248 ?        Ss   15:03   0:00 postgres: autovacuum launcher process                                                                                       
postgres    71  0.0  0.0 100820  3848 ?        Ss   15:03   0:00 postgres: stats collector process                                                                                           
root       174  0.0  0.0  25356  2948 ?        Ss   15:03   0:00 /usr/lib/postfix/master
postfix    179  0.0  0.0  27420  2832 ?        S    15:03   0:00 pickup -l -t unix -u -c
postfix    180  0.0  0.0  27468  2920 ?        S    15:03   0:00 qmgr -l -t unix -u
root       188  0.0  0.0  61388  3076 ?        Ss   15:03   0:00 /usr/sbin/sshd
memcache   195  0.0  0.1 332504  9780 ?        Sl   15:03   0:00 /usr/bin/memcached -m 64 -p 11211 -u memcache -l 127.0.0.1
rabbitmq   224  0.0  0.0   7512    92 ?        S    15:03   0:00 /usr/lib/erlang/erts-5.10.4/bin/epmd -daemon
rabbitmq   251  0.0  0.0   4456   756 ?        S    15:03   0:00 /bin/sh /usr/sbin/rabbitmq-server
rabbitmq   295  0.4  1.1 2303624 93192 ?       Sl   15:03   0:16 /usr/lib/erlang/erts-5.10.4/bin/beam.smp -W w -K true -A30 -P 1048576 -- -root /usr/lib/erlang -progname erl -- -home /var/lib/rabbitmq -- -pa /usr/lib/rabbitmq/lib/rabbitmq_server-3.2.4/sbin/../ebin -noshell -noinput -s rabbit boot -sname rabbit@clixserver -boot start_sasl -kernel inet_default_connect_options [{nodelay,true}] -sasl errlog_type error -sasl sasl_error_logger false -rabbit error_logger {file,"/var/log/rabbitmq/rabbit@clixserver.log"} -rabbit sasl_error_logger {file,"/var/log/rabbitmq/rabbit@clixserver-sasl.log"} -rabbit enabled_plugins_file "/etc/rabbitmq/enabled_plugins" -rabbit plugins_dir "/usr/lib/rabbitmq/lib/rabbitmq_server-3.2.4/sbin/../plugins" -rabbit plugins_expand_dir "/var/lib/rabbitmq/mnesia/rabbit@clixserver-plugins-expand" -os_mon start_cpu_sup false -os_mon start_disksup false -os_mon start_memsup false -mnesia dir "/var/lib/rabbitmq/mnesia/rabbit@clixserver"
rabbitmq   382  0.0  0.0   7476   884 ?        Ss   15:03   0:00 inet_gethost 4
rabbitmq   383  0.0  0.0   9568  1592 ?        S    15:03   0:00 inet_gethost 4
root       385  0.1  0.6 186448 50104 ?        S    15:03   0:04 python manage.py celeryd -f /var/log/celeryd.log -l INFO
root       408  0.0  0.1  33152  9900 ?        S    15:03   0:00 python -m smtpd -n -c DebuggingServer localhost:1025
root       411  0.3  1.1 882180 92432 ?        Sl   15:03   0:11 python main.py
root       413  0.0  0.5 185800 42424 ?        S    15:03   0:00 python manage.py celeryd -f /var/log/celeryd.log -l INFO
root       414  0.0  0.5 185796 42428 ?        S    15:03   0:00 python manage.py celeryd -f /var/log/celeryd.log -l INFO
root       415  0.0  0.5 185796 42432 ?        S    15:03   0:00 python manage.py celeryd -f /var/log/celeryd.log -l INFO
root       416  0.0  0.5 185796 42440 ?        S    15:03   0:00 python manage.py celeryd -f /var/log/celeryd.log -l INFO
root       421  0.0  0.2  52492 16860 ?        S    15:03   0:00 /usr/bin/python /usr/bin/supervisord -n
root       436  0.0  0.0  32536  6456 ?        S    15:03   0:00 nginx: master process /usr/sbin/nginx
root       437  0.0  0.2  63412 20608 ?        S    15:03   0:00 /usr/local/bin/uwsgi --ini /home/docker/code/confs/uwsgi.ini
www-data   438  0.0  0.0  33224  6404 ?        S    15:03   0:00 nginx: worker process
www-data   439  0.0  0.0  33352  6848 ?        S    15:03   0:00 nginx: worker process
www-data   440  0.0  0.0  33308  6792 ?        S    15:03   0:00 nginx: worker process
www-data   441  0.0  0.0  33236  6752 ?        S    15:03   0:00 nginx: worker process
root       442  0.0  0.2  63412 15688 ?        S    15:03   0:00 /usr/local/bin/uwsgi --ini /home/docker/code/confs/uwsgi.ini
root       443  0.0  1.2 276180 97624 ?        S    15:03   0:01 /usr/local/bin/uwsgi --ini /home/docker/code/confs/uwsgi.ini
root       444  0.0  1.2 279508 100720 ?       S    15:03   0:02 /usr/local/bin/uwsgi --ini /home/docker/code/confs/uwsgi.ini
root       445  0.2  1.2 279248 100652 ?       S    15:03   0:09 /usr/local/bin/uwsgi --ini /home/docker/code/confs/uwsgi.ini
root      3408  0.0  0.0  59648  3060 ?        S    16:01   0:00 /USR/SBIN/CRON
root      3409  0.0  0.0   4456   784 ?        Ss   16:01   0:00 /bin/sh -c /home/docker/code/scripts/system-heartbeat.sh  > /tmp/cron-system-heartbeat.log
root      3410  0.0  0.0   9588  2304 ?        S    16:01   0:00 /bin/bash /home/docker/code/scripts/system-heartbeat.sh
root      3411  0.0  0.0   9600  2608 ?        S    16:01   0:00 /bin/bash /home/docker/code/scripts/system-heartbeat.sh
root      3412  0.0  0.0   4360   744 ?        S    16:01   0:00 tee /data/system-heartbeat/system-heartbeat-20180829-160101.log
root      3433  0.0  0.0  15580  2160 ?        R    16:01   0:00 ps aux
 

------------------------------------------------------------------------------------ 


