Info-msg : Checking directory existence. 

/data/system-heartbeat/ directory exists
Info-msg : hostname of server (hostname). 

clixserver.tiss.edu
 

------------------------------------------------------------------------------------ 


Info-msg : internal ip addresses of the system (ip address). 

 

------------------------------------------------------------------------------------ 


Info-msg : external ip addresses of the system (public ip address). 


 

------------------------------------------------------------------------------------ 


Info-msg : RAM details (free -h). 

             total       used       free     shared    buffers     cached
Mem:          7.5G       3.5G       4.0G       307M       425M       1.4G
-/+ buffers/cache:       1.7G       5.8G
Swap:         7.6G         0B       7.6G
 

------------------------------------------------------------------------------------ 


Info-msg : HDD details (df -h). 

Filesystem      Size  Used Avail Use% Mounted on
overlay         908G   56G  806G   7% /
tmpfs            64M     0   64M   0% /dev
tmpfs           3.8G     0  3.8G   0% /sys/fs/cgroup
/dev/sda3       908G   56G  806G   7% /data
shm              64M     0   64M   0% /dev/shm
tmpfs           3.8G     0  3.8G   0% /proc/scsi
tmpfs           3.8G     0  3.8G   0% /sys/firmware
 

------------------------------------------------------------------------------------ 


Info-msg : Size description in '/data/'. 

8.0K	/data/2031007-mz7-activity-timestamp-csvs.tar.gz
44M	/data/2031007-mz7-assessment-media.tar.gz
4.0K	/data/2031007-mz7-gstudio_tools_logs.tar.gz
64K	/data/activity-timestamp-csvs
114M	/data/assessment-media
16K	/data/clixserver.tiss.edu
370M	/data/db
4.0K	/data/drop_database.sql
12K	/data/git-commit-details.log
3.2M	/data/gstudio-exported-users-analytics-csvs
20K	/data/gstudio-logs
48K	/data/gstudio_tools_logs
8.0K	/data/local_settings.py
17G	/data/media
130M	/data/nginx-logs
504K	/data/pg_dump_all.sql
2.7M	/data/postgres-dump
3.2M	/data/qbank
670M	/data/rcs-repo
4.0K	/data/server_settings.py
236K	/data/system-heartbeat
 

------------------------------------------------------------------------------------ 


Info-msg : No of directories and files in '/data/media/'. 

No of directories : 4002 

No of files       : 9629 

 

------------------------------------------------------------------------------------ 


Info-msg : uptime (uptime). 

 12:01:06 up 55 min,  0 users,  load average: 0.21, 0.15, 0.10
 

------------------------------------------------------------------------------------ 


Info-msg : current process (uptime). 

USER       PID %CPU %MEM    VSZ   RSS TTY      STAT START   TIME COMMAND
root         1  0.0  0.0   4456   764 ?        Ss   11:05   0:00 /bin/sh -c /home/docker/code/scripts/initialize.sh  | sed -e "s/^/$(date +%Y%m%d-%H%M%S) :  /"  2>&1 | tee -a ${LOG_INSTALL_DOCKER}
root         8  0.0  0.0  18000  2880 ?        S    11:05   0:00 /bin/bash /home/docker/code/scripts/initialize.sh
root        14  0.0  0.0  10996  1392 ?        S    11:06   0:00 sed -e s/^/20180917-110601 :  /
root        16  0.0  0.0   4360  1372 ?        S    11:06   0:00 tee -a /root/DockerLogs/$(DATE_LOG)-gsd-install.log
root        17  4.9  2.3 372428 187344 ?       Sl   11:06   2:42 mongod --config /home/docker/code/confs/mongod.conf
root        19  0.0  0.0  23664  2124 ?        Ss   11:06   0:00 /usr/sbin/cron
postgres    38  0.0  0.2 244856 19308 ?        S    11:06   0:00 /usr/lib/postgresql/9.3/bin/postgres -D /var/lib/postgresql/9.3/main -c config_file=/etc/postgresql/9.3/main/postgresql.conf
postgres    74  0.0  0.0 244992  5220 ?        Ss   11:06   0:00 postgres: checkpointer process                                                                                              
postgres    75  0.0  0.0 244856  4484 ?        Ss   11:06   0:00 postgres: writer process                                                                                                    
postgres    76  0.0  0.0 244856  3152 ?        Ss   11:06   0:00 postgres: wal writer process                                                                                                
postgres    77  0.0  0.0 245732  5900 ?        Ss   11:06   0:00 postgres: autovacuum launcher process                                                                                       
postgres    78  0.0  0.0 100820  3632 ?        Ss   11:06   0:00 postgres: stats collector process                                                                                           
root       181  0.0  0.0  25356  2972 ?        Ss   11:06   0:00 /usr/lib/postfix/master
postfix    186  0.0  0.0  27420  2884 ?        S    11:06   0:00 pickup -l -t unix -u -c
postfix    187  0.0  0.0  27468  2848 ?        S    11:06   0:00 qmgr -l -t unix -u
root       195  0.0  0.0  61388  3056 ?        Ss   11:06   0:00 /usr/sbin/sshd
memcache   202  0.0  0.0 198436  6596 ?        Sl   11:06   0:00 /usr/bin/memcached -m 64 -p 11211 -u memcache -l 127.0.0.1
rabbitmq   231  0.0  0.0   7512    88 ?        S    11:06   0:00 /usr/lib/erlang/erts-5.10.4/bin/epmd -daemon
rabbitmq   258  0.0  0.0   4456   856 ?        S    11:06   0:00 /bin/sh /usr/sbin/rabbitmq-server
rabbitmq   302  0.5  1.1 2304904 93144 ?       Sl   11:06   0:19 /usr/lib/erlang/erts-5.10.4/bin/beam.smp -W w -K true -A30 -P 1048576 -- -root /usr/lib/erlang -progname erl -- -home /var/lib/rabbitmq -- -pa /usr/lib/rabbitmq/lib/rabbitmq_server-3.2.4/sbin/../ebin -noshell -noinput -s rabbit boot -sname rabbit@clixserver -boot start_sasl -kernel inet_default_connect_options [{nodelay,true}] -sasl errlog_type error -sasl sasl_error_logger false -rabbit error_logger {file,"/var/log/rabbitmq/rabbit@clixserver.log"} -rabbit sasl_error_logger {file,"/var/log/rabbitmq/rabbit@clixserver-sasl.log"} -rabbit enabled_plugins_file "/etc/rabbitmq/enabled_plugins" -rabbit plugins_dir "/usr/lib/rabbitmq/lib/rabbitmq_server-3.2.4/sbin/../plugins" -rabbit plugins_expand_dir "/var/lib/rabbitmq/mnesia/rabbit@clixserver-plugins-expand" -os_mon start_cpu_sup false -os_mon start_disksup false -os_mon start_memsup false -mnesia dir "/var/lib/rabbitmq/mnesia/rabbit@clixserver"
rabbitmq   389  0.0  0.0   7476   960 ?        Ss   11:06   0:00 inet_gethost 4
rabbitmq   390  0.0  0.0   9568  1608 ?        S    11:06   0:00 inet_gethost 4
root       392  0.1  0.6 186432 50028 ?        S    11:06   0:04 python manage.py celeryd -f /var/log/celeryd.log -l INFO
root       415  0.0  0.1  33152  9984 ?        S    11:06   0:00 python -m smtpd -n -c DebuggingServer localhost:1025
root       418  0.0  0.7 859096 56440 ?        Sl   11:06   0:00 python main.py
root       423  0.0  0.5 185784 42500 ?        S    11:06   0:00 python manage.py celeryd -f /var/log/celeryd.log -l INFO
root       424  0.0  0.5 185780 42504 ?        S    11:06   0:00 python manage.py celeryd -f /var/log/celeryd.log -l INFO
root       425  0.0  0.5 185780 42508 ?        S    11:06   0:00 python manage.py celeryd -f /var/log/celeryd.log -l INFO
root       426  0.0  0.5 185780 42512 ?        S    11:06   0:00 python manage.py celeryd -f /var/log/celeryd.log -l INFO
root       428  0.0  0.2  52492 16964 ?        S    11:06   0:00 /usr/bin/python /usr/bin/supervisord -n
root       443  0.0  0.0  32536  6576 ?        S    11:06   0:00 nginx: master process /usr/sbin/nginx
root       444  0.0  0.2  63412 20512 ?        S    11:06   0:00 /usr/local/bin/uwsgi --ini /home/docker/code/confs/uwsgi.ini
www-data   445  0.0  0.0  32908  5768 ?        S    11:06   0:00 nginx: worker process
www-data   446  0.0  0.0  33140  6336 ?        S    11:06   0:00 nginx: worker process
www-data   447  0.0  0.0  32908  5768 ?        S    11:06   0:00 nginx: worker process
www-data   448  0.0  0.0  32908  6480 ?        S    11:06   0:00 nginx: worker process
root       449  0.0  0.2  63412 15936 ?        S    11:06   0:00 /usr/local/bin/uwsgi --ini /home/docker/code/confs/uwsgi.ini
root       450  0.0  0.2  63412 15936 ?        S    11:06   0:00 /usr/local/bin/uwsgi --ini /home/docker/code/confs/uwsgi.ini
root       451  0.0  1.0 260408 81288 ?        S    11:06   0:00 /usr/local/bin/uwsgi --ini /home/docker/code/confs/uwsgi.ini
root       452  0.0  1.0 262392 83524 ?        S    11:06   0:00 /usr/local/bin/uwsgi --ini /home/docker/code/confs/uwsgi.ini
root      1557  0.0  0.0  59648  3040 ?        S    12:01   0:00 /USR/SBIN/CRON
root      1558  0.0  0.0   4456   788 ?        Ss   12:01   0:00 /bin/sh -c /home/docker/code/scripts/system-heartbeat.sh  > /tmp/cron-system-heartbeat.log
root      1559  0.0  0.0   9588  2304 ?        S    12:01   0:00 /bin/bash /home/docker/code/scripts/system-heartbeat.sh
root      1560  0.0  0.0   9600  2616 ?        S    12:01   0:00 /bin/bash /home/docker/code/scripts/system-heartbeat.sh
root      1561  0.0  0.0   4360   752 ?        S    12:01   0:00 tee /data/system-heartbeat/system-heartbeat-20180917-120101.log
root      1584  0.0  0.0  15580  2072 ?        R    12:01   0:00 ps aux
 

------------------------------------------------------------------------------------ 


