Info-msg : Checking directory existence. 

/data/system-heartbeat/ directory exists
Info-msg : hostname of server (hostname). 

clixserver.tiss.edu
 

------------------------------------------------------------------------------------ 


Info-msg : internal ip addresses of the system (ip address). 

 

------------------------------------------------------------------------------------ 


Info-msg : external ip addresses of the system (public ip address). 


 

------------------------------------------------------------------------------------ 


Info-msg : RAM details (free -h). 

             total       used       free     shared    buffers     cached
Mem:          7.5G       1.6G       5.8G        18M        74M       659M
-/+ buffers/cache:       947M       6.5G
Swap:         7.6G         0B       7.6G
 

------------------------------------------------------------------------------------ 


Info-msg : HDD details (df -h). 

Filesystem      Size  Used Avail Use% Mounted on
overlay         908G   55G  807G   7% /
tmpfs            64M     0   64M   0% /dev
tmpfs           3.8G     0  3.8G   0% /sys/fs/cgroup
/dev/sda3       908G   55G  807G   7% /data
shm              64M     0   64M   0% /dev/shm
tmpfs           3.8G     0  3.8G   0% /proc/scsi
tmpfs           3.8G     0  3.8G   0% /sys/firmware
 

------------------------------------------------------------------------------------ 


Info-msg : Size description in '/data/'. 

8.0K	/data/2031007-mz7-activity-timestamp-csvs.tar.gz
44M	/data/2031007-mz7-assessment-media.tar.gz
4.0K	/data/2031007-mz7-gstudio_tools_logs.tar.gz
64K	/data/activity-timestamp-csvs
114M	/data/assessment-media
16K	/data/clixserver.tiss.edu
362M	/data/db
4.0K	/data/drop_database.sql
12K	/data/git-commit-details.log
620K	/data/gstudio-exported-users-analytics-csvs
8.0K	/data/gstudio-logs
8.0K	/data/local_settings.py
17G	/data/media
15M	/data/nginx-logs
504K	/data/pg_dump_all.sql
2.7M	/data/postgres-dump
2.1M	/data/qbank
670M	/data/rcs-repo
4.0K	/data/server_settings.py
56K	/data/system-heartbeat
 

------------------------------------------------------------------------------------ 


Info-msg : No of directories and files in '/data/media/'. 

No of directories : 4002 

No of files       : 9629 

 

------------------------------------------------------------------------------------ 


Info-msg : uptime (uptime). 

 12:01:10 up 5 min,  0 users,  load average: 0.42, 0.64, 0.36
 

------------------------------------------------------------------------------------ 


Info-msg : current process (uptime). 

USER       PID %CPU %MEM    VSZ   RSS TTY      STAT START   TIME COMMAND
root         1  0.0  0.0   4456   680 ?        Ss   11:56   0:00 /bin/sh -c /home/docker/code/scripts/initialize.sh  | sed -e "s/^/$(date +%Y%m%d-%H%M%S) :  /"  2>&1 | tee -a ${LOG_INSTALL_DOCKER}
root         7  0.0  0.0  18000  2888 ?        S    11:56   0:00 /bin/bash /home/docker/code/scripts/initialize.sh
root         8  0.0  0.0  10996  1332 ?        S    11:56   0:00 sed -e s/^/20180824-115650 :  /
root        10  0.0  0.0   4360  1376 ?        S    11:56   0:00 tee -a /root/DockerLogs/$(DATE_LOG)-gsd-install.log
root        16  7.1  2.1 344404 170080 ?       Sl   11:56   0:18 mongod --config /home/docker/code/confs/mongod.conf
root        18  0.0  0.0  23664  2072 ?        Ss   11:56   0:00 /usr/sbin/cron
postgres    36  0.0  0.2 244856 19336 ?        S    11:56   0:00 /usr/lib/postgresql/9.3/bin/postgres -D /var/lib/postgresql/9.3/main -c config_file=/etc/postgresql/9.3/main/postgresql.conf
postgres    65  0.0  0.0 244856  3204 ?        Ss   11:56   0:00 postgres: checkpointer process                                                                                              
postgres    66  0.0  0.0 244856  4600 ?        Ss   11:56   0:00 postgres: writer process                                                                                                    
postgres    67  0.0  0.0 244856  3204 ?        Ss   11:56   0:00 postgres: wal writer process                                                                                                
postgres    68  0.0  0.0 245732  6020 ?        Ss   11:56   0:00 postgres: autovacuum launcher process                                                                                       
postgres    69  0.0  0.0 100668  3520 ?        Ss   11:56   0:00 postgres: stats collector process                                                                                           
root       172  0.0  0.0  25356  2880 ?        Ss   11:56   0:00 /usr/lib/postfix/master
postfix    177  0.0  0.0  27420  2776 ?        S    11:56   0:00 pickup -l -t unix -u -c
postfix    178  0.0  0.0  27468  2872 ?        S    11:56   0:00 qmgr -l -t unix -u
root       186  0.0  0.0  61388  3116 ?        Ss   11:56   0:00 /usr/sbin/sshd
memcache   193  0.0  0.1 265948  8476 ?        Sl   11:56   0:00 /usr/bin/memcached -m 64 -p 11211 -u memcache -l 127.0.0.1
rabbitmq   222  0.0  0.0   7512    88 ?        S    11:57   0:00 /usr/lib/erlang/erts-5.10.4/bin/epmd -daemon
rabbitmq   247  0.1  0.0   4456   776 ?        S    11:57   0:00 /bin/sh /usr/sbin/rabbitmq-server
rabbitmq   291  0.8  1.1 2303624 92768 ?       Sl   11:57   0:02 /usr/lib/erlang/erts-5.10.4/bin/beam.smp -W w -K true -A30 -P 1048576 -- -root /usr/lib/erlang -progname erl -- -home /var/lib/rabbitmq -- -pa /usr/lib/rabbitmq/lib/rabbitmq_server-3.2.4/sbin/../ebin -noshell -noinput -s rabbit boot -sname rabbit@clixserver -boot start_sasl -kernel inet_default_connect_options [{nodelay,true}] -sasl errlog_type error -sasl sasl_error_logger false -rabbit error_logger {file,"/var/log/rabbitmq/rabbit@clixserver.log"} -rabbit sasl_error_logger {file,"/var/log/rabbitmq/rabbit@clixserver-sasl.log"} -rabbit enabled_plugins_file "/etc/rabbitmq/enabled_plugins" -rabbit plugins_dir "/usr/lib/rabbitmq/lib/rabbitmq_server-3.2.4/sbin/../plugins" -rabbit plugins_expand_dir "/var/lib/rabbitmq/mnesia/rabbit@clixserver-plugins-expand" -os_mon start_cpu_sup false -os_mon start_disksup false -os_mon start_memsup false -mnesia dir "/var/lib/rabbitmq/mnesia/rabbit@clixserver"
root       328  0.3  0.6 186440 49940 ?        S    11:57   0:00 python manage.py celeryd -f /var/log/celeryd.log -l INFO
rabbitmq   399  0.0  0.0   7476   996 ?        Ss   11:57   0:00 inet_gethost 4
rabbitmq   401  0.0  0.0   9568  1680 ?        S    11:57   0:00 inet_gethost 4
root       403  0.0  0.1  33152  9924 ?        S    11:57   0:00 python -m smtpd -n -c DebuggingServer localhost:1025
root       406  0.1  0.7 859096 56556 ?        Sl   11:57   0:00 python main.py
root       411  0.0  0.5 185788 42468 ?        S    11:57   0:00 python manage.py celeryd -f /var/log/celeryd.log -l INFO
root       412  0.0  0.5 185784 42476 ?        S    11:57   0:00 python manage.py celeryd -f /var/log/celeryd.log -l INFO
root       413  0.0  0.5 185784 42480 ?        S    11:57   0:00 python manage.py celeryd -f /var/log/celeryd.log -l INFO
root       414  0.0  0.5 185784 42488 ?        S    11:57   0:00 python manage.py celeryd -f /var/log/celeryd.log -l INFO
root       416  0.0  0.2  52492 17068 ?        S    11:57   0:00 /usr/bin/python /usr/bin/supervisord -n
root       431  0.0  0.0  32536  6528 ?        S    11:57   0:00 nginx: master process /usr/sbin/nginx
root       432  0.0  0.2  63412 20508 ?        S    11:57   0:00 /usr/local/bin/uwsgi --ini /home/docker/code/confs/uwsgi.ini
www-data   433  0.0  0.0  32908  3960 ?        S    11:57   0:00 nginx: worker process
www-data   434  0.0  0.0  32908  5836 ?        S    11:57   0:00 nginx: worker process
www-data   435  0.0  0.0  33040  6460 ?        S    11:57   0:00 nginx: worker process
www-data   436  0.0  0.0  32908  6432 ?        S    11:57   0:00 nginx: worker process
root       437  0.0  0.2  63412 15832 ?        S    11:57   0:00 /usr/local/bin/uwsgi --ini /home/docker/code/confs/uwsgi.ini
root       438  0.0  0.2  63412 15832 ?        S    11:57   0:00 /usr/local/bin/uwsgi --ini /home/docker/code/confs/uwsgi.ini
root       439  0.0  0.2  63412 15832 ?        S    11:57   0:00 /usr/local/bin/uwsgi --ini /home/docker/code/confs/uwsgi.ini
root       440  0.3  1.1 266032 87280 ?        S    11:57   0:00 /usr/local/bin/uwsgi --ini /home/docker/code/confs/uwsgi.ini
root       507  0.0  0.0  59648  2996 ?        S    12:01   0:00 /USR/SBIN/CRON
root       508  0.0  0.0   4456   676 ?        Ss   12:01   0:00 /bin/sh -c /home/docker/code/scripts/system-heartbeat.sh  > /tmp/cron-system-heartbeat.log
root       509  0.0  0.0   9588  2300 ?        S    12:01   0:00 /bin/bash /home/docker/code/scripts/system-heartbeat.sh
root       510  0.0  0.0   9600  2608 ?        S    12:01   0:00 /bin/bash /home/docker/code/scripts/system-heartbeat.sh
root       511  0.0  0.0   4360   740 ?        S    12:01   0:00 tee /data/system-heartbeat/system-heartbeat-20180824-120101.log
root       534  0.0  0.0  15580  2164 ?        R    12:01   0:00 ps aux
 

------------------------------------------------------------------------------------ 


