Info-msg : Checking directory existence. 

/data/system-heartbeat/ directory exists
Info-msg : hostname of server (hostname). 

clixserver.tiss.edu
 

------------------------------------------------------------------------------------ 


Info-msg : internal ip addresses of the system (ip address). 

 

------------------------------------------------------------------------------------ 


Info-msg : external ip addresses of the system (public ip address). 


 

------------------------------------------------------------------------------------ 


Info-msg : RAM details (free -h). 

             total       used       free     shared    buffers     cached
Mem:          7.7G       4.4G       3.3G       366M       533M       1.7G
-/+ buffers/cache:       2.2G       5.5G
Swap:         7.6G         0B       7.6G
 

------------------------------------------------------------------------------------ 


Info-msg : HDD details (df -h). 

Filesystem      Size  Used Avail Use% Mounted on
overlay         908G   55G  807G   7% /
tmpfs            64M     0   64M   0% /dev
tmpfs           3.9G     0  3.9G   0% /sys/fs/cgroup
/dev/sda3       908G   55G  807G   7% /data
shm              64M     0   64M   0% /dev/shm
tmpfs           3.9G     0  3.9G   0% /proc/scsi
tmpfs           3.9G     0  3.9G   0% /sys/firmware
 

------------------------------------------------------------------------------------ 


Info-msg : Size description in '/data/'. 

8.0K	/data/2031014-mz14-activity-timestamp-csvs.tar.gz
44M	/data/2031014-mz14-assessment-media.tar.gz
4.0K	/data/2031014-mz14-gstudio_tools_logs.tar.gz
64K	/data/activity-timestamp-csvs
114M	/data/assessment-media
16K	/data/clixserver.tiss.edu
363M	/data/db
4.0K	/data/drop_database.sql
12K	/data/git-commit-details.log
4.0K	/data/gstudio-exported-users-analytics-csvs
44K	/data/gstudio-logs
12K	/data/gstudio_tools_logs
8.0K	/data/local_settings.py
17G	/data/media
184M	/data/nginx-logs
504K	/data/pg_dump_all.sql
2.7M	/data/postgres-dump
3.0M	/data/qbank
671M	/data/rcs-repo
4.0K	/data/server_settings.py
52K	/data/system-heartbeat
 

------------------------------------------------------------------------------------ 


Info-msg : No of directories and files in '/data/media/'. 

No of directories : 4002 

No of files       : 9629 

 

------------------------------------------------------------------------------------ 


Info-msg : uptime (uptime). 

 13:01:02 up  1:22,  0 users,  load average: 1.05, 1.05, 0.94
 

------------------------------------------------------------------------------------ 


Info-msg : current process (uptime). 

USER       PID %CPU %MEM    VSZ   RSS TTY      STAT START   TIME COMMAND
root         1  0.0  0.0   4456   720 ?        Ss   11:39   0:00 /bin/sh -c /home/docker/code/scripts/initialize.sh  | sed -e "s/^/$(date +%Y%m%d-%H%M%S) :  /"  2>&1 | tee -a ${LOG_INSTALL_DOCKER}
root         8  0.0  0.0  18000  2864 ?        S    11:39   0:00 /bin/bash /home/docker/code/scripts/initialize.sh
root        14  0.0  0.0  10996  1556 ?        S    11:39   0:00 sed -e s/^/20180628-113945 :  /
root        16  0.0  0.0   4360  1404 ?        S    11:39   0:00 tee -a /root/DockerLogs/$(DATE_LOG)-gsd-install.log
root        17 27.4  2.8 484728 231112 ?       Sl   11:39  22:17 mongod --config /home/docker/code/confs/mongod.conf
root        19  0.0  0.0  23664  2128 ?        Ss   11:39   0:00 /usr/sbin/cron
postgres    38  0.0  0.2 244856 19348 ?        S    11:39   0:00 /usr/lib/postgresql/9.3/bin/postgres -D /var/lib/postgresql/9.3/main -c config_file=/etc/postgresql/9.3/main/postgresql.conf
postgres    71  0.0  0.0 245000  5508 ?        Ss   11:40   0:00 postgres: checkpointer process                                                                                              
postgres    72  0.0  0.0 244856  4592 ?        Ss   11:40   0:00 postgres: writer process                                                                                                    
postgres    73  0.0  0.0 244856  3244 ?        Ss   11:40   0:00 postgres: wal writer process                                                                                                
postgres    74  0.0  0.0 245732  6112 ?        Ss   11:40   0:00 postgres: autovacuum launcher process                                                                                       
postgres    75  0.0  0.0 100820  3728 ?        Ss   11:40   0:00 postgres: stats collector process                                                                                           
root       178  0.0  0.0  25356  2880 ?        Ss   11:40   0:00 /usr/lib/postfix/master
postfix    183  0.0  0.0  27420  2844 ?        S    11:40   0:00 pickup -l -t unix -u -c
postfix    184  0.0  0.0  27468  2848 ?        S    11:40   0:00 qmgr -l -t unix -u
root       192  0.0  0.0  61388  3120 ?        Ss   11:40   0:00 /usr/sbin/sshd
rabbitmq   220  0.0  0.0   7512    92 ?        S    11:40   0:00 /usr/lib/erlang/erts-5.10.4/bin/epmd -daemon
rabbitmq   247  0.0  0.0   4456   752 ?        S    11:40   0:00 /bin/sh /usr/sbin/rabbitmq-server
rabbitmq   291  0.5  1.1 2303624 92796 ?       Sl   11:40   0:25 /usr/lib/erlang/erts-5.10.4/bin/beam.smp -W w -K true -A30 -P 1048576 -- -root /usr/lib/erlang -progname erl -- -home /var/lib/rabbitmq -- -pa /usr/lib/rabbitmq/lib/rabbitmq_server-3.2.4/sbin/../ebin -noshell -noinput -s rabbit boot -sname rabbit@clixserver -boot start_sasl -kernel inet_default_connect_options [{nodelay,true}] -sasl errlog_type error -sasl sasl_error_logger false -rabbit error_logger {file,"/var/log/rabbitmq/rabbit@clixserver.log"} -rabbit sasl_error_logger {file,"/var/log/rabbitmq/rabbit@clixserver-sasl.log"} -rabbit enabled_plugins_file "/etc/rabbitmq/enabled_plugins" -rabbit plugins_dir "/usr/lib/rabbitmq/lib/rabbitmq_server-3.2.4/sbin/../plugins" -rabbit plugins_expand_dir "/var/lib/rabbitmq/mnesia/rabbit@clixserver-plugins-expand" -os_mon start_cpu_sup false -os_mon start_disksup false -os_mon start_memsup false -mnesia dir "/var/lib/rabbitmq/mnesia/rabbit@clixserver"
rabbitmq   378  0.0  0.0   7476   960 ?        Ss   11:40   0:00 inet_gethost 4
rabbitmq   379  0.0  0.0   9568  1604 ?        S    11:40   0:00 inet_gethost 4
root       381  0.1  0.6 186432 50024 ?        S    11:40   0:05 python manage.py celeryd -f /var/log/celeryd.log -l INFO
root       404  0.0  0.1  33152  9888 ?        S    11:40   0:00 python -m smtpd -n -c DebuggingServer localhost:1025
root       407  0.6  1.1 881668 92260 ?        Sl   11:40   0:30 python main.py
root       412  0.0  0.5 185784 42472 ?        S    11:40   0:00 python manage.py celeryd -f /var/log/celeryd.log -l INFO
root       413  0.0  0.5 185780 42476 ?        S    11:40   0:00 python manage.py celeryd -f /var/log/celeryd.log -l INFO
root       414  0.0  0.5 185780 42480 ?        S    11:40   0:00 python manage.py celeryd -f /var/log/celeryd.log -l INFO
root       415  0.0  0.5 185780 42488 ?        S    11:40   0:00 python manage.py celeryd -f /var/log/celeryd.log -l INFO
root       417  0.0  0.2  52492 16828 ?        S    11:40   0:01 /usr/bin/python /usr/bin/supervisord -n
root       432  0.0  0.0  32536  6536 ?        S    11:40   0:00 nginx: master process /usr/sbin/nginx
root       433  0.0  0.2  63412 20532 ?        S    11:40   0:00 /usr/local/bin/uwsgi --ini /home/docker/code/confs/uwsgi.ini
www-data   434  0.0  0.0  33328  6728 ?        S    11:40   0:02 nginx: worker process
www-data   435  0.0  0.0  33232  6648 ?        S    11:40   0:01 nginx: worker process
www-data   436  0.0  0.0  33480  6876 ?        S    11:40   0:04 nginx: worker process
www-data   437  0.0  0.0  33500  6656 ?        S    11:40   0:03 nginx: worker process
root       438  0.5  1.2 281456 102780 ?       S    11:40   0:24 /usr/local/bin/uwsgi --ini /home/docker/code/confs/uwsgi.ini
root       439  0.3  1.2 280884 102324 ?       S    11:40   0:18 /usr/local/bin/uwsgi --ini /home/docker/code/confs/uwsgi.ini
root       440  0.5  1.2 280844 102236 ?       S    11:40   0:25 /usr/local/bin/uwsgi --ini /home/docker/code/confs/uwsgi.ini
root       441  1.3  1.2 283648 104996 ?       S    11:40   1:04 /usr/local/bin/uwsgi --ini /home/docker/code/confs/uwsgi.ini
root     18042  0.0  0.0  59648  3048 ?        S    13:01   0:00 /USR/SBIN/CRON
root     18043  0.0  0.0   4456   788 ?        Ss   13:01   0:00 /bin/sh -c /home/docker/code/scripts/system-heartbeat.sh  > /tmp/cron-system-heartbeat.log
root     18044  0.0  0.0   9588  2344 ?        S    13:01   0:00 /bin/bash /home/docker/code/scripts/system-heartbeat.sh
root     18045  0.0  0.0   9600  2480 ?        S    13:01   0:00 /bin/bash /home/docker/code/scripts/system-heartbeat.sh
root     18046  0.0  0.0   4360   652 ?        S    13:01   0:00 tee /data/system-heartbeat/system-heartbeat-20180628-130101.log
root     18067  0.0  0.0  15580  2196 ?        R    13:01   0:00 ps aux
 

------------------------------------------------------------------------------------ 


