Info-msg : Checking directory existence. 

/data/system-heartbeat/ directory exists
Info-msg : hostname of server (hostname). 

clixserver.tiss.edu
 

------------------------------------------------------------------------------------ 


Info-msg : internal ip addresses of the system (ip address). 

 

------------------------------------------------------------------------------------ 


Info-msg : external ip addresses of the system (public ip address). 


 

------------------------------------------------------------------------------------ 


Info-msg : RAM details (free -h). 

             total       used       free     shared    buffers     cached
Mem:          7.7G       2.8G       4.9G        96M       427M       881M
-/+ buffers/cache:       1.5G       6.2G
Swap:         7.6G         0B       7.6G
 

------------------------------------------------------------------------------------ 


Info-msg : HDD details (df -h). 

Filesystem      Size  Used Avail Use% Mounted on
overlay         908G   56G  807G   7% /
tmpfs            64M     0   64M   0% /dev
tmpfs           3.9G     0  3.9G   0% /sys/fs/cgroup
/dev/sda3       908G   56G  807G   7% /data
shm              64M     0   64M   0% /dev/shm
tmpfs           3.9G     0  3.9G   0% /proc/scsi
tmpfs           3.9G     0  3.9G   0% /sys/firmware
 

------------------------------------------------------------------------------------ 


Info-msg : Size description in '/data/'. 

8.0K	/data/2031014-mz14-activity-timestamp-csvs.tar.gz
44M	/data/2031014-mz14-assessment-media.tar.gz
24K	/data/2031014-mz14-gstudio_tools_logs.tar.gz
64K	/data/activity-timestamp-csvs
116M	/data/assessment-media
16K	/data/clixserver.tiss.edu
366M	/data/db
4.0K	/data/drop_database.sql
12K	/data/git-commit-details.log
4.0K	/data/gstudio-exported-users-analytics-csvs
144K	/data/gstudio-logs
348K	/data/gstudio_tools_logs
8.0K	/data/local_settings.py
17G	/data/media
443M	/data/nginx-logs
504K	/data/pg_dump_all.sql
2.7M	/data/postgres-dump
4.6M	/data/qbank
672M	/data/rcs-repo
4.0K	/data/server_settings.py
148K	/data/system-heartbeat
 

------------------------------------------------------------------------------------ 


Info-msg : No of directories and files in '/data/media/'. 

No of directories : 4002 

No of files       : 9629 

 

------------------------------------------------------------------------------------ 


Info-msg : uptime (uptime). 

 14:01:08 up 36 min,  0 users,  load average: 0.30, 0.18, 0.28
 

------------------------------------------------------------------------------------ 


Info-msg : current process (uptime). 

USER       PID %CPU %MEM    VSZ   RSS TTY      STAT START   TIME COMMAND
root         1  0.0  0.0   4456   716 ?        Ss   13:24   0:00 /bin/sh -c /home/docker/code/scripts/initialize.sh  | sed -e "s/^/$(date +%Y%m%d-%H%M%S) :  /"  2>&1 | tee -a ${LOG_INSTALL_DOCKER}
root         8  0.0  0.0  18000  2800 ?        S    13:24   0:00 /bin/bash /home/docker/code/scripts/initialize.sh
root        14  0.0  0.0  10996  1492 ?        S    13:24   0:00 sed -e s/^/20181017-132453 :  /
root        16  0.0  0.0   4360  1316 ?        S    13:24   0:00 tee -a /root/DockerLogs/$(DATE_LOG)-gsd-install.log
root        17 16.7  2.8 453292 229624 ?       Sl   13:24   6:04 mongod --config /home/docker/code/confs/mongod.conf
root        19  0.0  0.0  23664  2076 ?        Ss   13:24   0:00 /usr/sbin/cron
postgres    38  0.0  0.2 244856 19264 ?        S    13:25   0:00 /usr/lib/postgresql/9.3/bin/postgres -D /var/lib/postgresql/9.3/main -c config_file=/etc/postgresql/9.3/main/postgresql.conf
postgres    74  0.0  0.0 244992  5752 ?        Ss   13:25   0:00 postgres: checkpointer process                                                                                              
postgres    75  0.0  0.0 244856  4540 ?        Ss   13:25   0:00 postgres: writer process                                                                                                    
postgres    76  0.0  0.0 244856  3332 ?        Ss   13:25   0:00 postgres: wal writer process                                                                                                
postgres    77  0.0  0.0 245732  5940 ?        Ss   13:25   0:00 postgres: autovacuum launcher process                                                                                       
postgres    78  0.0  0.0 100668  3540 ?        Ss   13:25   0:00 postgres: stats collector process                                                                                           
root       181  0.0  0.0  25356  2728 ?        Ss   13:25   0:00 /usr/lib/postfix/master
postfix    186  0.0  0.0  27420  2776 ?        S    13:25   0:00 pickup -l -t unix -u -c
postfix    187  0.0  0.0  27468  2876 ?        S    13:25   0:00 qmgr -l -t unix -u
root       195  0.0  0.0  61388  3028 ?        Ss   13:25   0:00 /usr/sbin/sshd
memcache   202  0.0  0.2 338644 16296 ?        Sl   13:25   0:00 /usr/bin/memcached -m 64 -p 11211 -u memcache -l 127.0.0.1
rabbitmq   231  0.0  0.0   7512    88 ?        S    13:25   0:00 /usr/lib/erlang/erts-5.10.4/bin/epmd -daemon
rabbitmq   258  0.0  0.0   4456   756 ?        S    13:25   0:00 /bin/sh /usr/sbin/rabbitmq-server
rabbitmq   302  0.4  1.1 2303112 92612 ?       Sl   13:25   0:09 /usr/lib/erlang/erts-5.10.4/bin/beam.smp -W w -K true -A30 -P 1048576 -- -root /usr/lib/erlang -progname erl -- -home /var/lib/rabbitmq -- -pa /usr/lib/rabbitmq/lib/rabbitmq_server-3.2.4/sbin/../ebin -noshell -noinput -s rabbit boot -sname rabbit@clixserver -boot start_sasl -kernel inet_default_connect_options [{nodelay,true}] -sasl errlog_type error -sasl sasl_error_logger false -rabbit error_logger {file,"/var/log/rabbitmq/rabbit@clixserver.log"} -rabbit sasl_error_logger {file,"/var/log/rabbitmq/rabbit@clixserver-sasl.log"} -rabbit enabled_plugins_file "/etc/rabbitmq/enabled_plugins" -rabbit plugins_dir "/usr/lib/rabbitmq/lib/rabbitmq_server-3.2.4/sbin/../plugins" -rabbit plugins_expand_dir "/var/lib/rabbitmq/mnesia/rabbit@clixserver-plugins-expand" -os_mon start_cpu_sup false -os_mon start_disksup false -os_mon start_memsup false -mnesia dir "/var/lib/rabbitmq/mnesia/rabbit@clixserver"
rabbitmq   389  0.0  0.0   7476   972 ?        Ss   13:25   0:00 inet_gethost 4
rabbitmq   390  0.0  0.0   9568  1672 ?        S    13:25   0:00 inet_gethost 4
root       392  0.0  0.6 186396 50096 ?        S    13:25   0:00 python manage.py celeryd -f /var/log/celeryd.log -l INFO
root       415  0.0  0.1  33152  9964 ?        S    13:25   0:00 python -m smtpd -n -c DebuggingServer localhost:1025
root       418  0.0  1.0 880644 86244 ?        Sl   13:25   0:01 python main.py
root       420  0.0  0.5 185772 42500 ?        S    13:25   0:00 python manage.py celeryd -f /var/log/celeryd.log -l INFO
root       421  0.0  0.5 185772 42500 ?        S    13:25   0:00 python manage.py celeryd -f /var/log/celeryd.log -l INFO
root       422  0.0  0.5 185772 42504 ?        S    13:25   0:00 python manage.py celeryd -f /var/log/celeryd.log -l INFO
root       423  0.0  0.5 185772 42512 ?        S    13:25   0:00 python manage.py celeryd -f /var/log/celeryd.log -l INFO
root       428  0.0  0.2  52492 16964 ?        S    13:25   0:00 /usr/bin/python /usr/bin/supervisord -n
root       443  0.0  0.0  32536  6508 ?        S    13:25   0:00 nginx: master process /usr/sbin/nginx
root       444  0.0  0.2  63412 20580 ?        S    13:25   0:00 /usr/local/bin/uwsgi --ini /home/docker/code/confs/uwsgi.ini
www-data   445  0.0  0.0  33376  6740 ?        S    13:25   0:00 nginx: worker process
www-data   446  0.0  0.0  33356  6584 ?        S    13:25   0:00 nginx: worker process
www-data   447  0.0  0.0  33628  6908 ?        S    13:25   0:01 nginx: worker process
www-data   448  0.0  0.0  33368  6604 ?        S    13:25   0:00 nginx: worker process
root       449  0.2  1.2 283648 104792 ?       S    13:25   0:06 /usr/local/bin/uwsgi --ini /home/docker/code/confs/uwsgi.ini
root       450  0.2  1.2 278680 100048 ?       S    13:25   0:04 /usr/local/bin/uwsgi --ini /home/docker/code/confs/uwsgi.ini
root       451  0.5  1.2 282524 103848 ?       S    13:25   0:10 /usr/local/bin/uwsgi --ini /home/docker/code/confs/uwsgi.ini
root       452  0.9  1.2 283392 104576 ?       S    13:25   0:20 /usr/local/bin/uwsgi --ini /home/docker/code/confs/uwsgi.ini
root      3360  0.0  0.0  59648  3000 ?        S    14:01   0:00 /USR/SBIN/CRON
root      3361  0.0  0.0   4456   784 ?        Ss   14:01   0:00 /bin/sh -c /home/docker/code/scripts/system-heartbeat.sh  > /tmp/cron-system-heartbeat.log
root      3362  0.0  0.0   9588  2268 ?        S    14:01   0:00 /bin/bash /home/docker/code/scripts/system-heartbeat.sh
root      3363  0.0  0.0   9600  2472 ?        S    14:01   0:00 /bin/bash /home/docker/code/scripts/system-heartbeat.sh
root      3364  0.0  0.0   4360   676 ?        S    14:01   0:00 tee /data/system-heartbeat/system-heartbeat-20181017-140101.log
root      3387  0.0  0.0  15580  2116 ?        R    14:01   0:00 ps aux
 

------------------------------------------------------------------------------------ 


