Info-msg : Checking directory existence. 

/data/system-heartbeat/ directory exists
Info-msg : hostname of server (hostname). 

clixserver.tiss.edu
 

------------------------------------------------------------------------------------ 


Info-msg : internal ip addresses of the system (ip address). 

 

------------------------------------------------------------------------------------ 


Info-msg : external ip addresses of the system (public ip address). 


 

------------------------------------------------------------------------------------ 


Info-msg : RAM details (free -h). 

             total       used       free     shared    buffers     cached
Mem:          7.7G       3.6G       4.1G       255M        97M       1.3G
-/+ buffers/cache:       2.3G       5.4G
Swap:         7.6G         0B       7.6G
 

------------------------------------------------------------------------------------ 


Info-msg : HDD details (df -h). 

Filesystem      Size  Used Avail Use% Mounted on
overlay         908G   56G  807G   7% /
tmpfs            64M     0   64M   0% /dev
tmpfs           3.9G     0  3.9G   0% /sys/fs/cgroup
/dev/sda3       908G   56G  807G   7% /data
shm              64M     0   64M   0% /dev/shm
tmpfs           3.9G     0  3.9G   0% /proc/scsi
tmpfs           3.9G     0  3.9G   0% /sys/firmware
 

------------------------------------------------------------------------------------ 


Info-msg : Size description in '/data/'. 

8.0K	/data/2031014-mz14-activity-timestamp-csvs.tar.gz
44M	/data/2031014-mz14-assessment-media.tar.gz
24K	/data/2031014-mz14-gstudio_tools_logs.tar.gz
64K	/data/activity-timestamp-csvs
116M	/data/assessment-media
16K	/data/clixserver.tiss.edu
365M	/data/db
4.0K	/data/drop_database.sql
12K	/data/git-commit-details.log
4.0K	/data/gstudio-exported-users-analytics-csvs
128K	/data/gstudio-logs
348K	/data/gstudio_tools_logs
8.0K	/data/local_settings.py
17G	/data/media
422M	/data/nginx-logs
504K	/data/pg_dump_all.sql
2.7M	/data/postgres-dump
3.0M	/data/qbank
672M	/data/rcs-repo
4.0K	/data/server_settings.py
136K	/data/system-heartbeat
 

------------------------------------------------------------------------------------ 


Info-msg : No of directories and files in '/data/media/'. 

No of directories : 4002 

No of files       : 9629 

 

------------------------------------------------------------------------------------ 


Info-msg : uptime (uptime). 

 14:01:09 up 48 min,  0 users,  load average: 0.67, 0.64, 0.70
 

------------------------------------------------------------------------------------ 


Info-msg : current process (uptime). 

USER       PID %CPU %MEM    VSZ   RSS TTY      STAT START   TIME COMMAND
root         1  0.0  0.0   4456   720 ?        Ss   13:13   0:00 /bin/sh -c /home/docker/code/scripts/initialize.sh  | sed -e "s/^/$(date +%Y%m%d-%H%M%S) :  /"  2>&1 | tee -a ${LOG_INSTALL_DOCKER}
root         6  0.0  0.0  18000  2800 ?        S    13:13   0:00 /bin/bash /home/docker/code/scripts/initialize.sh
root         7  0.0  0.0  10996  1496 ?        S    13:13   0:00 sed -e s/^/20181010-131306 :  /
root         9  0.0  0.0   4360  1292 ?        S    13:13   0:00 tee -a /root/DockerLogs/$(DATE_LOG)-gsd-install.log
root        15 11.3  2.8 457428 229408 ?       Sl   13:13   5:26 mongod --config /home/docker/code/confs/mongod.conf
root        17  0.0  0.0  23664  2128 ?        Ss   13:13   0:00 /usr/sbin/cron
postgres    36  0.0  0.2 244856 19152 ?        S    13:13   0:00 /usr/lib/postgresql/9.3/bin/postgres -D /var/lib/postgresql/9.3/main -c config_file=/etc/postgresql/9.3/main/postgresql.conf
postgres    69  0.0  0.0 244968  5472 ?        Ss   13:13   0:00 postgres: checkpointer process                                                                                              
postgres    70  0.0  0.0 244856  4536 ?        Ss   13:13   0:00 postgres: writer process                                                                                                    
postgres    71  0.0  0.0 244856  3264 ?        Ss   13:13   0:00 postgres: wal writer process                                                                                                
postgres    72  0.0  0.0 245732  5976 ?        Ss   13:13   0:00 postgres: autovacuum launcher process                                                                                       
postgres    73  0.0  0.0 100820  3624 ?        Ss   13:13   0:00 postgres: stats collector process                                                                                           
root       176  0.0  0.0  25356  2880 ?        Ss   13:13   0:00 /usr/lib/postfix/master
postfix    181  0.0  0.0  27420  2744 ?        S    13:13   0:00 pickup -l -t unix -u -c
postfix    182  0.0  0.0  27468  2844 ?        S    13:13   0:00 qmgr -l -t unix -u
root       190  0.0  0.0  61388  3024 ?        Ss   13:13   0:00 /usr/sbin/sshd
memcache   197  0.0  0.1 333528 11216 ?        Sl   13:13   0:00 /usr/bin/memcached -m 64 -p 11211 -u memcache -l 127.0.0.1
rabbitmq   226  0.0  0.0   7512    88 ?        S    13:13   0:00 /usr/lib/erlang/erts-5.10.4/bin/epmd -daemon
rabbitmq   250  0.0  0.0   4456   688 ?        S    13:13   0:00 /bin/sh /usr/sbin/rabbitmq-server
rabbitmq   295  0.4  1.1 2303624 92944 ?       Sl   13:13   0:13 /usr/lib/erlang/erts-5.10.4/bin/beam.smp -W w -K true -A30 -P 1048576 -- -root /usr/lib/erlang -progname erl -- -home /var/lib/rabbitmq -- -pa /usr/lib/rabbitmq/lib/rabbitmq_server-3.2.4/sbin/../ebin -noshell -noinput -s rabbit boot -sname rabbit@clixserver -boot start_sasl -kernel inet_default_connect_options [{nodelay,true}] -sasl errlog_type error -sasl sasl_error_logger false -rabbit error_logger {file,"/var/log/rabbitmq/rabbit@clixserver.log"} -rabbit sasl_error_logger {file,"/var/log/rabbitmq/rabbit@clixserver-sasl.log"} -rabbit enabled_plugins_file "/etc/rabbitmq/enabled_plugins" -rabbit plugins_dir "/usr/lib/rabbitmq/lib/rabbitmq_server-3.2.4/sbin/../plugins" -rabbit plugins_expand_dir "/var/lib/rabbitmq/mnesia/rabbit@clixserver-plugins-expand" -os_mon start_cpu_sup false -os_mon start_disksup false -os_mon start_memsup false -mnesia dir "/var/lib/rabbitmq/mnesia/rabbit@clixserver"
root       332  0.1  0.6 186432 50236 ?        S    13:13   0:03 python manage.py celeryd -f /var/log/celeryd.log -l INFO
root       405  0.0  0.1  33152 10012 ?        S    13:13   0:00 python -m smtpd -n -c DebuggingServer localhost:1025
root       408  0.1  1.0 880388 87744 ?        Sl   13:13   0:03 python main.py
rabbitmq   410  0.0  0.0   7476   880 ?        Ss   13:13   0:00 inet_gethost 4
rabbitmq   414  0.0  0.0   9568  1592 ?        S    13:13   0:00 inet_gethost 4
root       416  0.0  0.2  52492 17060 ?        S    13:13   0:00 /usr/bin/python /usr/bin/supervisord -n
root       417  0.0  0.5 185784 42572 ?        S    13:13   0:00 python manage.py celeryd -f /var/log/celeryd.log -l INFO
root       418  0.0  0.5 185780 42576 ?        S    13:13   0:00 python manage.py celeryd -f /var/log/celeryd.log -l INFO
root       419  0.0  0.5 185780 42560 ?        S    13:13   0:00 python manage.py celeryd -f /var/log/celeryd.log -l INFO
root       420  0.0  0.5 185780 42564 ?        S    13:13   0:00 python manage.py celeryd -f /var/log/celeryd.log -l INFO
root       435  0.0  0.0  32536  6512 ?        S    13:13   0:00 nginx: master process /usr/sbin/nginx
root       436  0.0  0.2  63412 20544 ?        S    13:13   0:00 /usr/local/bin/uwsgi --ini /home/docker/code/confs/uwsgi.ini
www-data   437  0.0  0.0  33308  6728 ?        S    13:13   0:00 nginx: worker process
www-data   438  0.0  0.0  33384  6740 ?        S    13:13   0:00 nginx: worker process
www-data   439  0.0  0.0  33372  6620 ?        S    13:13   0:01 nginx: worker process
www-data   440  0.0  0.0  33420  6660 ?        S    13:13   0:00 nginx: worker process
root       441  0.0  1.2 283400 104464 ?       S    13:13   0:02 /usr/local/bin/uwsgi --ini /home/docker/code/confs/uwsgi.ini
root       442  0.1  1.2 283400 104496 ?       S    13:13   0:04 /usr/local/bin/uwsgi --ini /home/docker/code/confs/uwsgi.ini
root       443  0.2  1.2 283136 104320 ?       S    13:13   0:08 /usr/local/bin/uwsgi --ini /home/docker/code/confs/uwsgi.ini
root       444  0.6  1.2 283696 104824 ?       S    13:13   0:19 /usr/local/bin/uwsgi --ini /home/docker/code/confs/uwsgi.ini
root      6492  0.0  0.0  59648  3040 ?        S    14:01   0:00 /USR/SBIN/CRON
root      6493  0.0  0.0   4456   684 ?        Ss   14:01   0:00 /bin/sh -c /home/docker/code/scripts/system-heartbeat.sh  > /tmp/cron-system-heartbeat.log
root      6494  0.0  0.0   9588  2252 ?        S    14:01   0:00 /bin/bash /home/docker/code/scripts/system-heartbeat.sh
root      6495  0.0  0.0   9600  2408 ?        S    14:01   0:00 /bin/bash /home/docker/code/scripts/system-heartbeat.sh
root      6496  0.0  0.0   4360   636 ?        S    14:01   0:00 tee /data/system-heartbeat/system-heartbeat-20181010-140101.log
root      6519  0.0  0.0  15580  2076 ?        R    14:01   0:00 ps aux
 

------------------------------------------------------------------------------------ 


