Info-msg : Checking directory existence. 

/data/system-heartbeat/ directory exists
Info-msg : hostname of server (hostname). 

clixserver.tiss.edu
 

------------------------------------------------------------------------------------ 


Info-msg : internal ip addresses of the system (ip address). 

 

------------------------------------------------------------------------------------ 


Info-msg : external ip addresses of the system (public ip address). 


 

------------------------------------------------------------------------------------ 


Info-msg : RAM details (free -h). 

             total       used       free     shared    buffers     cached
Mem:          7.7G       3.4G       4.3G       220M       224M       1.4G
-/+ buffers/cache:       1.7G       6.0G
Swap:         7.6G         0B       7.6G
 

------------------------------------------------------------------------------------ 


Info-msg : HDD details (df -h). 

Filesystem      Size  Used Avail Use% Mounted on
overlay         908G   55G  807G   7% /
tmpfs            64M     0   64M   0% /dev
tmpfs           3.9G     0  3.9G   0% /sys/fs/cgroup
/dev/sda3       908G   55G  807G   7% /data
shm              64M     0   64M   0% /dev/shm
tmpfs           3.9G     0  3.9G   0% /proc/scsi
tmpfs           3.9G     0  3.9G   0% /sys/firmware
 

------------------------------------------------------------------------------------ 


Info-msg : Size description in '/data/'. 

8.0K	/data/2031014-mz14-activity-timestamp-csvs.tar.gz
44M	/data/2031014-mz14-assessment-media.tar.gz
4.0K	/data/2031014-mz14-gstudio_tools_logs.tar.gz
64K	/data/activity-timestamp-csvs
114M	/data/assessment-media
16K	/data/clixserver.tiss.edu
361M	/data/db
4.0K	/data/drop_database.sql
12K	/data/git-commit-details.log
4.0K	/data/gstudio-exported-users-analytics-csvs
28K	/data/gstudio-logs
12K	/data/gstudio_tools_logs
8.0K	/data/local_settings.py
17G	/data/media
91M	/data/nginx-logs
504K	/data/pg_dump_all.sql
2.7M	/data/postgres-dump
2.6M	/data/qbank
670M	/data/rcs-repo
4.0K	/data/server_settings.py
28K	/data/system-heartbeat
 

------------------------------------------------------------------------------------ 


Info-msg : No of directories and files in '/data/media/'. 

No of directories : 4002 

No of files       : 9629 

 

------------------------------------------------------------------------------------ 


Info-msg : uptime (uptime). 

 14:01:01 up  1:00,  0 users,  load average: 0.14, 0.28, 0.39
 

------------------------------------------------------------------------------------ 


Info-msg : current process (uptime). 

USER       PID %CPU %MEM    VSZ   RSS TTY      STAT START   TIME COMMAND
root         1  0.0  0.0   4456   772 ?        Ss   13:52   0:00 /bin/sh -c /home/docker/code/scripts/initialize.sh  | sed -e "s/^/$(date +%Y%m%d-%H%M%S) :  /"  2>&1 | tee -a ${LOG_INSTALL_DOCKER}
root         6  0.0  0.0  18000  2956 ?        S    13:52   0:00 /bin/bash /home/docker/code/scripts/initialize.sh
root         7  0.0  0.0  10996  1524 ?        S    13:52   0:00 sed -e s/^/20180611-135224 :  /
root         8  0.0  0.0   4360  1320 ?        S    13:52   0:00 tee -a /root/DockerLogs/$(DATE_LOG)-gsd-install.log
root        15 10.7  2.4 408228 197908 ?       Sl   13:52   0:55 mongod --config /home/docker/code/confs/mongod.conf
root        17  0.0  0.0  23664  2148 ?        Ss   13:52   0:00 /usr/sbin/cron
postgres    35  0.0  0.2 244856 19284 ?        S    13:52   0:00 /usr/lib/postgresql/9.3/bin/postgres -D /var/lib/postgresql/9.3/main -c config_file=/etc/postgresql/9.3/main/postgresql.conf
postgres    56  0.0  0.0 244992  5312 ?        Ss   13:52   0:00 postgres: checkpointer process                                                                                              
postgres    57  0.0  0.0 244856  4636 ?        Ss   13:52   0:00 postgres: writer process                                                                                                    
postgres    58  0.0  0.0 244856  3416 ?        Ss   13:52   0:00 postgres: wal writer process                                                                                                
postgres    59  0.0  0.0 245732  6092 ?        Ss   13:52   0:00 postgres: autovacuum launcher process                                                                                       
postgres    60  0.0  0.0 100668  3744 ?        Ss   13:52   0:00 postgres: stats collector process                                                                                           
root       163  0.0  0.0  25356  2824 ?        Ss   13:52   0:00 /usr/lib/postfix/master
postfix    170  0.0  0.0  27420  2784 ?        S    13:52   0:00 pickup -l -t unix -u -c
postfix    171  0.0  0.0  27468  2892 ?        S    13:52   0:00 qmgr -l -t unix -u
root       177  0.0  0.0  61388  3132 ?        Ss   13:52   0:00 /usr/sbin/sshd
memcache   184  0.0  0.1 331484  8736 ?        Sl   13:52   0:00 /usr/bin/memcached -m 64 -p 11211 -u memcache -l 127.0.0.1
rabbitmq   213  0.0  0.0   7512    92 ?        S    13:52   0:00 /usr/lib/erlang/erts-5.10.4/bin/epmd -daemon
rabbitmq   237  0.0  0.0   4456   688 ?        S    13:52   0:00 /bin/sh /usr/sbin/rabbitmq-server
rabbitmq   282  0.6  1.1 2305672 93864 ?       Sl   13:52   0:03 /usr/lib/erlang/erts-5.10.4/bin/beam.smp -W w -K true -A30 -P 1048576 -- -root /usr/lib/erlang -progname erl -- -home /var/lib/rabbitmq -- -pa /usr/lib/rabbitmq/lib/rabbitmq_server-3.2.4/sbin/../ebin -noshell -noinput -s rabbit boot -sname rabbit@clixserver -boot start_sasl -kernel inet_default_connect_options [{nodelay,true}] -sasl errlog_type error -sasl sasl_error_logger false -rabbit error_logger {file,"/var/log/rabbitmq/rabbit@clixserver.log"} -rabbit sasl_error_logger {file,"/var/log/rabbitmq/rabbit@clixserver-sasl.log"} -rabbit enabled_plugins_file "/etc/rabbitmq/enabled_plugins" -rabbit plugins_dir "/usr/lib/rabbitmq/lib/rabbitmq_server-3.2.4/sbin/../plugins" -rabbit plugins_expand_dir "/var/lib/rabbitmq/mnesia/rabbit@clixserver-plugins-expand" -os_mon start_cpu_sup false -os_mon start_disksup false -os_mon start_memsup false -mnesia dir "/var/lib/rabbitmq/mnesia/rabbit@clixserver"
root       319  0.1  0.6 186480 50204 ?        S    13:52   0:00 python manage.py celeryd -f /var/log/celeryd.log -l INFO
root       388  0.0  0.1  33152  9996 ?        S    13:52   0:00 python -m smtpd -n -c DebuggingServer localhost:1025
root       395  0.0  0.5 185784 42408 ?        S    13:52   0:00 python manage.py celeryd -f /var/log/celeryd.log -l INFO
root       396  0.0  0.5 185780 42412 ?        S    13:52   0:00 python manage.py celeryd -f /var/log/celeryd.log -l INFO
root       397  0.0  0.5 185780 42416 ?        S    13:52   0:00 python manage.py celeryd -f /var/log/celeryd.log -l INFO
root       398  0.0  0.5 185780 42424 ?        S    13:52   0:00 python manage.py celeryd -f /var/log/celeryd.log -l INFO
root       401  0.0  0.2  52492 17024 ?        S    13:52   0:00 /usr/bin/python /usr/bin/supervisord -n
root       420  0.0  0.0  32536  6556 ?        S    13:52   0:00 nginx: master process /usr/sbin/nginx
root       421  0.0  0.2  63412 20552 ?        S    13:52   0:00 /usr/local/bin/uwsgi --ini /home/docker/code/confs/uwsgi.ini
www-data   422  0.0  0.0  33244  6524 ?        S    13:52   0:00 nginx: worker process
www-data   423  0.0  0.0  32908  6500 ?        S    13:52   0:00 nginx: worker process
www-data   424  0.0  0.0  32908  6328 ?        S    13:52   0:00 nginx: worker process
www-data   425  0.0  0.0  33324  6832 ?        S    13:52   0:00 nginx: worker process
rabbitmq   426  0.0  0.0   7476   972 ?        Ss   13:52   0:00 inet_gethost 4
root       427  0.1  1.1 268380 89740 ?        S    13:52   0:00 /usr/local/bin/uwsgi --ini /home/docker/code/confs/uwsgi.ini
root       428  0.1  1.0 263140 84232 ?        S    13:52   0:00 /usr/local/bin/uwsgi --ini /home/docker/code/confs/uwsgi.ini
root       429  0.0  0.9 254516 75668 ?        S    13:52   0:00 /usr/local/bin/uwsgi --ini /home/docker/code/confs/uwsgi.ini
root       430  0.4  1.1 270220 91592 ?        S    13:52   0:02 /usr/local/bin/uwsgi --ini /home/docker/code/confs/uwsgi.ini
rabbitmq   431  0.0  0.0   9568  1672 ?        S    13:52   0:00 inet_gethost 4
root      1021  0.0  0.0  19440  4692 pts/0    Ss+  13:58   0:00 bash
root      1087  0.1  0.2 233820 22272 pts/0    T    13:59   0:00 emacs main.py
root      1109  0.4  0.2 233816 22740 pts/0    T    14:00   0:00 emacs main.py
root      1130  0.0  0.0  59648  2948 ?        S    14:01   0:00 /USR/SBIN/CRON
root      1131  0.0  0.0   4456   736 ?        Ss   14:01   0:00 /bin/sh -c /home/docker/code/scripts/system-heartbeat.sh  > /tmp/cron-system-heartbeat.log
root      1132  0.0  0.0   9588  2268 ?        S    14:01   0:00 /bin/bash /home/docker/code/scripts/system-heartbeat.sh
root      1133  0.0  0.0   9600  2484 ?        S    14:01   0:00 /bin/bash /home/docker/code/scripts/system-heartbeat.sh
root      1134  0.0  0.0   4360   648 ?        S    14:01   0:00 tee /data/system-heartbeat/system-heartbeat-20180611-140101.log
root      1155  0.0  0.0  15580  2072 ?        R    14:01   0:00 ps aux
 

------------------------------------------------------------------------------------ 


