Info-msg : Checking directory existence. 

/data/system-heartbeat/ directory exists
Info-msg : hostname of server (hostname). 

clixserver.tiss.edu
 

------------------------------------------------------------------------------------ 


Info-msg : internal ip addresses of the system (ip address). 

 

------------------------------------------------------------------------------------ 


Info-msg : external ip addresses of the system (public ip address). 


 

------------------------------------------------------------------------------------ 


Info-msg : RAM details (free -h). 

             total       used       free     shared    buffers     cached
Mem:          7.7G       4.5G       3.2G       385M       524M       1.6G
-/+ buffers/cache:       2.3G       5.4G
Swap:         7.6G         0B       7.6G
 

------------------------------------------------------------------------------------ 


Info-msg : HDD details (df -h). 

Filesystem      Size  Used Avail Use% Mounted on
overlay         908G   55G  807G   7% /
tmpfs            64M     0   64M   0% /dev
tmpfs           3.9G     0  3.9G   0% /sys/fs/cgroup
/dev/sda3       908G   55G  807G   7% /data
shm              64M     0   64M   0% /dev/shm
tmpfs           3.9G     0  3.9G   0% /proc/scsi
tmpfs           3.9G     0  3.9G   0% /sys/firmware
 

------------------------------------------------------------------------------------ 


Info-msg : Size description in '/data/'. 

8.0K	/data/2031014-mz14-activity-timestamp-csvs.tar.gz
44M	/data/2031014-mz14-assessment-media.tar.gz
4.0K	/data/2031014-mz14-gstudio_tools_logs.tar.gz
64K	/data/activity-timestamp-csvs
114M	/data/assessment-media
16K	/data/clixserver.tiss.edu
364M	/data/db
4.0K	/data/drop_database.sql
12K	/data/git-commit-details.log
4.0K	/data/gstudio-exported-users-analytics-csvs
56K	/data/gstudio-logs
184K	/data/gstudio_tools_logs
8.0K	/data/local_settings.py
17G	/data/media
310M	/data/nginx-logs
504K	/data/pg_dump_all.sql
2.7M	/data/postgres-dump
2.3M	/data/qbank
671M	/data/rcs-repo
4.0K	/data/server_settings.py
76K	/data/system-heartbeat
 

------------------------------------------------------------------------------------ 


Info-msg : No of directories and files in '/data/media/'. 

No of directories : 4002 

No of files       : 9629 

 

------------------------------------------------------------------------------------ 


Info-msg : uptime (uptime). 

 14:01:02 up  1:16,  0 users,  load average: 0.66, 0.86, 0.89
 

------------------------------------------------------------------------------------ 


Info-msg : current process (uptime). 

USER       PID %CPU %MEM    VSZ   RSS TTY      STAT START   TIME COMMAND
root         1  0.0  0.0   4456   824 ?        Ss   12:45   0:00 /bin/sh -c /home/docker/code/scripts/initialize.sh  | sed -e "s/^/$(date +%Y%m%d-%H%M%S) :  /"  2>&1 | tee -a ${LOG_INSTALL_DOCKER}
root         6  0.0  0.0  18000  2800 ?        S    12:45   0:00 /bin/bash /home/docker/code/scripts/initialize.sh
root         7  0.0  0.0  10996  1492 ?        S    12:45   0:00 sed -e s/^/20180704-124527 :  /
root        14  0.0  0.0   4360  1368 ?        S    12:45   0:00 tee -a /root/DockerLogs/$(DATE_LOG)-gsd-install.log
root        15 11.3  2.9 456084 236836 ?       Sl   12:45   8:32 mongod --config /home/docker/code/confs/mongod.conf
root        17  0.0  0.0  23664  2212 ?        Ss   12:45   0:00 /usr/sbin/cron
postgres    36  0.0  0.2 244856 19276 ?        S    12:45   0:01 /usr/lib/postgresql/9.3/bin/postgres -D /var/lib/postgresql/9.3/main -c config_file=/etc/postgresql/9.3/main/postgresql.conf
postgres    72  0.0  0.0 244992  5672 ?        Ss   12:45   0:00 postgres: checkpointer process                                                                                              
postgres    73  0.0  0.0 244856  4528 ?        Ss   12:45   0:00 postgres: writer process                                                                                                    
postgres    74  0.0  0.0 244856  3336 ?        Ss   12:45   0:00 postgres: wal writer process                                                                                                
postgres    75  0.0  0.0 245732  5884 ?        Ss   12:45   0:00 postgres: autovacuum launcher process                                                                                       
postgres    76  0.0  0.0 100820  3572 ?        Ss   12:45   0:00 postgres: stats collector process                                                                                           
root       179  0.0  0.0  25356  2920 ?        Ss   12:45   0:00 /usr/lib/postfix/master
postfix    184  0.0  0.0  27420  2876 ?        S    12:45   0:00 pickup -l -t unix -u -c
postfix    185  0.0  0.0  27468  2788 ?        S    12:45   0:00 qmgr -l -t unix -u
root       193  0.0  0.0  61388  3120 ?        Ss   12:45   0:00 /usr/sbin/sshd
memcache   200  0.0  0.2 339668 17044 ?        Sl   12:45   0:00 /usr/bin/memcached -m 64 -p 11211 -u memcache -l 127.0.0.1
rabbitmq   229  0.0  0.0   7512    88 ?        S    12:45   0:00 /usr/lib/erlang/erts-5.10.4/bin/epmd -daemon
rabbitmq   253  0.0  0.0   4456   760 ?        S    12:45   0:00 /bin/sh /usr/sbin/rabbitmq-server
rabbitmq   298  0.5  1.1 2303624 92304 ?       Sl   12:45   0:23 /usr/lib/erlang/erts-5.10.4/bin/beam.smp -W w -K true -A30 -P 1048576 -- -root /usr/lib/erlang -progname erl -- -home /var/lib/rabbitmq -- -pa /usr/lib/rabbitmq/lib/rabbitmq_server-3.2.4/sbin/../ebin -noshell -noinput -s rabbit boot -sname rabbit@clixserver -boot start_sasl -kernel inet_default_connect_options [{nodelay,true}] -sasl errlog_type error -sasl sasl_error_logger false -rabbit error_logger {file,"/var/log/rabbitmq/rabbit@clixserver.log"} -rabbit sasl_error_logger {file,"/var/log/rabbitmq/rabbit@clixserver-sasl.log"} -rabbit enabled_plugins_file "/etc/rabbitmq/enabled_plugins" -rabbit plugins_dir "/usr/lib/rabbitmq/lib/rabbitmq_server-3.2.4/sbin/../plugins" -rabbit plugins_expand_dir "/var/lib/rabbitmq/mnesia/rabbit@clixserver-plugins-expand" -os_mon start_cpu_sup false -os_mon start_disksup false -os_mon start_memsup false -mnesia dir "/var/lib/rabbitmq/mnesia/rabbit@clixserver"
root       335  0.1  0.6 186432 50264 ?        S    12:45   0:05 python manage.py celeryd -f /var/log/celeryd.log -l INFO
rabbitmq   396  0.0  0.0   7476   996 ?        Ss   12:45   0:00 inet_gethost 4
rabbitmq   397  0.0  0.0   9568  1680 ?        S    12:45   0:00 inet_gethost 4
root       410  0.0  0.1  33152  9904 ?        S    12:45   0:00 python -m smtpd -n -c DebuggingServer localhost:1025
root       413  0.0  1.0 880900 87328 ?        Sl   12:45   0:01 python main.py
root       415  0.0  0.5 185784 42568 ?        S    12:45   0:00 python manage.py celeryd -f /var/log/celeryd.log -l INFO
root       416  0.0  0.5 185780 42568 ?        S    12:45   0:00 python manage.py celeryd -f /var/log/celeryd.log -l INFO
root       417  0.0  0.5 185780 42576 ?        S    12:45   0:00 python manage.py celeryd -f /var/log/celeryd.log -l INFO
root       418  0.0  0.5 185780 42584 ?        S    12:45   0:00 python manage.py celeryd -f /var/log/celeryd.log -l INFO
root       423  0.0  0.2  52492 16988 ?        S    12:45   0:01 /usr/bin/python /usr/bin/supervisord -n
root       438  0.0  0.0  32536  6508 ?        S    12:45   0:00 nginx: master process /usr/sbin/nginx
root       439  0.0  0.2  63412 20524 ?        S    12:45   0:00 /usr/local/bin/uwsgi --ini /home/docker/code/confs/uwsgi.ini
www-data   440  0.0  0.0  33500  7032 ?        S    12:45   0:01 nginx: worker process
www-data   441  0.0  0.0  33540  7056 ?        S    12:45   0:02 nginx: worker process
www-data   442  0.0  0.0  33624  7196 ?        S    12:45   0:04 nginx: worker process
www-data   443  0.1  0.0  34328  7864 ?        S    12:45   0:07 nginx: worker process
root       444  0.1  1.2 282768 103808 ?       S    12:45   0:07 /usr/local/bin/uwsgi --ini /home/docker/code/confs/uwsgi.ini
root       445  0.1  1.2 283628 104588 ?       S    12:45   0:05 /usr/local/bin/uwsgi --ini /home/docker/code/confs/uwsgi.ini
root       446  0.2  1.2 283664 104628 ?       S    12:45   0:09 /usr/local/bin/uwsgi --ini /home/docker/code/confs/uwsgi.ini
root       447  0.6  1.2 283692 104632 ?       S    12:45   0:28 /usr/local/bin/uwsgi --ini /home/docker/code/confs/uwsgi.ini
root      5891  0.0  0.0  59648  2984 ?        S    14:01   0:00 /USR/SBIN/CRON
root      5892  0.0  0.0   4456   788 ?        Ss   14:01   0:00 /bin/sh -c /home/docker/code/scripts/system-heartbeat.sh  > /tmp/cron-system-heartbeat.log
root      5893  0.0  0.0   9588  2308 ?        S    14:01   0:00 /bin/bash /home/docker/code/scripts/system-heartbeat.sh
root      5894  0.0  0.0   9600  2616 ?        S    14:01   0:00 /bin/bash /home/docker/code/scripts/system-heartbeat.sh
root      5895  0.0  0.0   4360   696 ?        S    14:01   0:00 tee /data/system-heartbeat/system-heartbeat-20180704-140101.log
root      5916  0.0  0.0  15580  2072 ?        R    14:01   0:00 ps aux
 

------------------------------------------------------------------------------------ 


