Info-msg : Checking directory existence. 

/data/system-heartbeat/ directory exists
Info-msg : hostname of server (hostname). 

clixserver.tiss.edu
 

------------------------------------------------------------------------------------ 


Info-msg : internal ip addresses of the system (ip address). 

 

------------------------------------------------------------------------------------ 


Info-msg : external ip addresses of the system (public ip address). 


 

------------------------------------------------------------------------------------ 


Info-msg : RAM details (free -h). 

             total       used       free     shared    buffers     cached
Mem:          7.7G       2.6G       5.1G       213M        75M       908M
-/+ buffers/cache:       1.7G       6.1G
Swap:         7.6G         0B       7.6G
 

------------------------------------------------------------------------------------ 


Info-msg : HDD details (df -h). 

Filesystem      Size  Used Avail Use% Mounted on
overlay         908G   55G  807G   7% /
tmpfs            64M     0   64M   0% /dev
tmpfs           3.9G     0  3.9G   0% /sys/fs/cgroup
/dev/sda3       908G   55G  807G   7% /data
shm              64M     0   64M   0% /dev/shm
tmpfs           3.9G     0  3.9G   0% /proc/scsi
tmpfs           3.9G     0  3.9G   0% /sys/firmware
 

------------------------------------------------------------------------------------ 


Info-msg : Size description in '/data/'. 

8.0K	/data/2031014-mz14-activity-timestamp-csvs.tar.gz
44M	/data/2031014-mz14-assessment-media.tar.gz
4.0K	/data/2031014-mz14-gstudio_tools_logs.tar.gz
64K	/data/activity-timestamp-csvs
114M	/data/assessment-media
16K	/data/clixserver.tiss.edu
361M	/data/db
4.0K	/data/drop_database.sql
12K	/data/git-commit-details.log
4.0K	/data/gstudio-exported-users-analytics-csvs
12K	/data/gstudio-logs
8.0K	/data/local_settings.py
17G	/data/media
8.5M	/data/nginx-logs
504K	/data/pg_dump_all.sql
2.7M	/data/postgres-dump
3.7M	/data/qbank
670M	/data/rcs-repo
4.0K	/data/server_settings.py
8.0K	/data/system-heartbeat
 

------------------------------------------------------------------------------------ 


Info-msg : No of directories and files in '/data/media/'. 

No of directories : 4002 

No of files       : 9629 

 

------------------------------------------------------------------------------------ 


Info-msg : uptime (uptime). 

 18:01:10 up 4 min,  0 users,  load average: 0.59, 0.68, 0.36
 

------------------------------------------------------------------------------------ 


Info-msg : current process (uptime). 

USER       PID %CPU %MEM    VSZ   RSS TTY      STAT START   TIME COMMAND
root         1  0.0  0.0   4456   736 ?        Ss   17:56   0:00 /bin/sh -c /home/docker/code/scripts/initialize.sh  | sed -e "s/^/$(date +%Y%m%d-%H%M%S) :  /"  2>&1 | tee -a ${LOG_INSTALL_DOCKER}
root         7  0.0  0.0  18000  2828 ?        S    17:56   0:00 /bin/bash /home/docker/code/scripts/initialize.sh
root        13  0.0  0.0  10996  1380 ?        S    17:56   0:00 sed -e s/^/20180611-175658 :  /
root        15  0.0  0.0   4360  1308 ?        S    17:56   0:00 tee -a /root/DockerLogs/$(DATE_LOG)-gsd-install.log
root        16 16.0  2.4 388788 194432 ?       Sl   17:57   0:40 mongod --config /home/docker/code/confs/mongod.conf
root        18  0.0  0.0  23664  2204 ?        Ss   17:57   0:00 /usr/sbin/cron
postgres    37  0.0  0.2 244856 19272 ?        S    17:57   0:00 /usr/lib/postgresql/9.3/bin/postgres -D /var/lib/postgresql/9.3/main -c config_file=/etc/postgresql/9.3/main/postgresql.conf
postgres    70  0.0  0.0 244856  3264 ?        Ss   17:57   0:00 postgres: checkpointer process                                                                                              
postgres    71  0.0  0.0 244856  4544 ?        Ss   17:57   0:00 postgres: writer process                                                                                                    
postgres    72  0.0  0.0 244856  3264 ?        Ss   17:57   0:00 postgres: wal writer process                                                                                                
postgres    73  0.0  0.0 245732  6056 ?        Ss   17:57   0:00 postgres: autovacuum launcher process                                                                                       
postgres    74  0.0  0.0 100668  3464 ?        Ss   17:57   0:00 postgres: stats collector process                                                                                           
root       177  0.0  0.0  25356  2756 ?        Ss   17:57   0:00 /usr/lib/postfix/master
postfix    182  0.0  0.0  27420  2760 ?        S    17:57   0:00 pickup -l -t unix -u -c
postfix    183  0.0  0.0  27468  2880 ?        S    17:57   0:00 qmgr -l -t unix -u
root       191  0.0  0.0  61388  3164 ?        Ss   17:57   0:00 /usr/sbin/sshd
memcache   198  0.0  0.1 331484  8396 ?        Sl   17:57   0:00 /usr/bin/memcached -m 64 -p 11211 -u memcache -l 127.0.0.1
rabbitmq   227  0.0  0.0   7512    92 ?        S    17:57   0:00 /usr/lib/erlang/erts-5.10.4/bin/epmd -daemon
rabbitmq   251  0.1  0.0   4456   676 ?        S    17:57   0:00 /bin/sh /usr/sbin/rabbitmq-server
rabbitmq   296  0.8  1.1 2303884 92560 ?       Sl   17:57   0:01 /usr/lib/erlang/erts-5.10.4/bin/beam.smp -W w -K true -A30 -P 1048576 -- -root /usr/lib/erlang -progname erl -- -home /var/lib/rabbitmq -- -pa /usr/lib/rabbitmq/lib/rabbitmq_server-3.2.4/sbin/../ebin -noshell -noinput -s rabbit boot -sname rabbit@clixserver -boot start_sasl -kernel inet_default_connect_options [{nodelay,true}] -sasl errlog_type error -sasl sasl_error_logger false -rabbit error_logger {file,"/var/log/rabbitmq/rabbit@clixserver.log"} -rabbit sasl_error_logger {file,"/var/log/rabbitmq/rabbit@clixserver-sasl.log"} -rabbit enabled_plugins_file "/etc/rabbitmq/enabled_plugins" -rabbit plugins_dir "/usr/lib/rabbitmq/lib/rabbitmq_server-3.2.4/sbin/../plugins" -rabbit plugins_expand_dir "/var/lib/rabbitmq/mnesia/rabbit@clixserver-plugins-expand" -os_mon start_cpu_sup false -os_mon start_disksup false -os_mon start_memsup false -mnesia dir "/var/lib/rabbitmq/mnesia/rabbit@clixserver"
root       332  0.3  0.6 186396 49928 ?        S    17:57   0:00 python manage.py celeryd -f /var/log/celeryd.log -l INFO
rabbitmq   394  0.1  0.0   7476   984 ?        Ss   17:57   0:00 inet_gethost 4
rabbitmq   395  0.0  0.0   9568  1556 ?        S    17:57   0:00 inet_gethost 4
root       408  0.0  0.1  33152  9892 ?        S    17:57   0:00 python -m smtpd -n -c DebuggingServer localhost:1025
root       411  0.2  0.6 859096 56540 ?        Sl   17:57   0:00 python main.py
root       416  0.0  0.5 185772 42504 ?        S    17:57   0:00 python manage.py celeryd -f /var/log/celeryd.log -l INFO
root       417  0.0  0.5 185772 42508 ?        S    17:57   0:00 python manage.py celeryd -f /var/log/celeryd.log -l INFO
root       418  0.0  0.5 185772 42500 ?        S    17:57   0:00 python manage.py celeryd -f /var/log/celeryd.log -l INFO
root       419  0.0  0.5 185772 42512 ?        S    17:57   0:00 python manage.py celeryd -f /var/log/celeryd.log -l INFO
root       421  0.0  0.2  52492 16996 ?        S    17:57   0:00 /usr/bin/python /usr/bin/supervisord -n
root       436  0.0  0.0  32536  6500 ?        S    17:57   0:00 nginx: master process /usr/sbin/nginx
root       437  0.0  0.2  63412 20516 ?        S    17:57   0:00 /usr/local/bin/uwsgi --ini /home/docker/code/confs/uwsgi.ini
www-data   438  0.0  0.0  33436  6640 ?        S    17:57   0:00 nginx: worker process
www-data   439  0.1  0.0  33344  6660 ?        S    17:57   0:00 nginx: worker process
www-data   440  0.1  0.0  33368  6624 ?        S    17:57   0:00 nginx: worker process
www-data   441  0.1  0.0  33324  6476 ?        S    17:57   0:00 nginx: worker process
root       442  0.3  1.0 262984 84256 ?        S    17:57   0:00 /usr/local/bin/uwsgi --ini /home/docker/code/confs/uwsgi.ini
root       443  0.6  1.2 282056 103216 ?       S    17:57   0:01 /usr/local/bin/uwsgi --ini /home/docker/code/confs/uwsgi.ini
root       444  0.3  1.0 260400 81328 ?        S    17:57   0:00 /usr/local/bin/uwsgi --ini /home/docker/code/confs/uwsgi.ini
root       445  1.2  1.2 282540 103684 ?       S    17:57   0:02 /usr/local/bin/uwsgi --ini /home/docker/code/confs/uwsgi.ini
root       549  0.1  0.0  19464  4716 pts/0    Ss   17:59   0:00 bash
root       651  0.3  0.2 233820 22340 pts/0    S+   18:00   0:00 emacs gstudio/gnowsys-ndf/qbank-lite/main.py
root       665  0.0  0.0  59648  2948 ?        S    18:01   0:00 /USR/SBIN/CRON
root       666  0.0  0.0   4456   696 ?        Ss   18:01   0:00 /bin/sh -c /home/docker/code/scripts/system-heartbeat.sh  > /tmp/cron-system-heartbeat.log
root       667  0.0  0.0   9588  2344 ?        S    18:01   0:00 /bin/bash /home/docker/code/scripts/system-heartbeat.sh
root       668  0.0  0.0   9600  2492 ?        S    18:01   0:00 /bin/bash /home/docker/code/scripts/system-heartbeat.sh
root       669  0.0  0.0   4360   652 ?        S    18:01   0:00 tee /data/system-heartbeat/system-heartbeat-20180611-180101.log
root       693  0.0  0.0  15580  2148 ?        R    18:01   0:00 ps aux
 

------------------------------------------------------------------------------------ 


