Info-msg : Checking directory existence. 

/data/system-heartbeat/ directory exists
Info-msg : hostname of server (hostname). 

clixserver.tiss.edu
 

------------------------------------------------------------------------------------ 


Info-msg : internal ip addresses of the system (ip address). 

 

------------------------------------------------------------------------------------ 


Info-msg : external ip addresses of the system (public ip address). 


 

------------------------------------------------------------------------------------ 


Info-msg : RAM details (free -h). 

             total       used       free     shared    buffers     cached
Mem:          7.7G       2.6G       5.1G       105M       511M       906M
-/+ buffers/cache:       1.2G       6.5G
Swap:         7.6G         0B       7.6G
 

------------------------------------------------------------------------------------ 


Info-msg : HDD details (df -h). 

Filesystem      Size  Used Avail Use% Mounted on
overlay         908G   55G  808G   7% /
tmpfs            64M     0   64M   0% /dev
tmpfs           3.9G     0  3.9G   0% /sys/fs/cgroup
/dev/sda3       908G   55G  808G   7% /data
shm              64M     0   64M   0% /dev/shm
tmpfs           3.9G     0  3.9G   0% /proc/scsi
tmpfs           3.9G     0  3.9G   0% /sys/firmware
 

------------------------------------------------------------------------------------ 


Info-msg : Size description in '/data/'. 

8.0K	/data/2031004-mz4-activity-timestamp-csvs.tar.gz
44M	/data/2031004-mz4-assessment-media.tar.gz
4.0K	/data/2031004-mz4-gstudio_tools_logs.tar.gz
64K	/data/activity-timestamp-csvs
114M	/data/assessment-media
16K	/data/clixserver.tiss.edu
364M	/data/db
4.0K	/data/drop_database.sql
12K	/data/git-commit-details.log
1.4M	/data/gstudio-exported-users-analytics-csvs
12K	/data/gstudio-logs
8.0K	/data/local_settings.py
17G	/data/media
57M	/data/nginx-logs
504K	/data/pg_dump_all.sql
2.7M	/data/postgres-dump
2.7M	/data/qbank
670M	/data/rcs-repo
4.0K	/data/server_settings.py
104K	/data/system-heartbeat
 

------------------------------------------------------------------------------------ 


Info-msg : No of directories and files in '/data/media/'. 

No of directories : 4002 

No of files       : 9629 

 

------------------------------------------------------------------------------------ 


Info-msg : uptime (uptime). 

 10:01:01 up  1:07,  0 users,  load average: 0.12, 0.08, 0.08
 

------------------------------------------------------------------------------------ 


Info-msg : current process (uptime). 

USER       PID %CPU %MEM    VSZ   RSS TTY      STAT START   TIME COMMAND
root         1  0.0  0.0   4456   676 ?        Ss   08:53   0:00 /bin/sh -c /home/docker/code/scripts/initialize.sh  | sed -e "s/^/$(date +%Y%m%d-%H%M%S) :  /"  2>&1 | tee -a ${LOG_INSTALL_DOCKER}
root         7  0.0  0.0  18000  2864 ?        S    08:53   0:00 /bin/bash /home/docker/code/scripts/initialize.sh
root         8  0.0  0.0  10996  1448 ?        S    08:53   0:00 sed -e s/^/20180710-085358 :  /
root        10  0.0  0.0   4360  1288 ?        S    08:53   0:00 tee -a /root/DockerLogs/$(DATE_LOG)-gsd-install.log
root        16 11.6  2.8 421764 230592 ?       Sl   08:53   7:50 mongod --config /home/docker/code/confs/mongod.conf
root        18  0.0  0.0  23664  2148 ?        Ss   08:53   0:00 /usr/sbin/cron
postgres    44  0.0  0.2 244856 19188 ?        S    08:54   0:00 /usr/lib/postgresql/9.3/bin/postgres -D /var/lib/postgresql/9.3/main -c config_file=/etc/postgresql/9.3/main/postgresql.conf
postgres    60  0.0  0.0 244856  3432 ?        Ss   08:54   0:00 postgres: checkpointer process                                                                                              
postgres    61  0.0  0.0 244856  4536 ?        Ss   08:54   0:00 postgres: writer process                                                                                                    
postgres    62  0.0  0.0 244856  3432 ?        Ss   08:54   0:00 postgres: wal writer process                                                                                                
postgres    63  0.0  0.0 245732  6172 ?        Ss   08:54   0:00 postgres: autovacuum launcher process                                                                                       
postgres    64  0.0  0.0 100820  3712 ?        Ss   08:54   0:00 postgres: stats collector process                                                                                           
root       167  0.0  0.0  25356  2868 ?        Ss   08:54   0:00 /usr/lib/postfix/master
postfix    172  0.0  0.0  27420  2860 ?        S    08:54   0:00 pickup -l -t unix -u -c
postfix    173  0.0  0.0  27468  2880 ?        S    08:54   0:00 qmgr -l -t unix -u
root       181  0.0  0.0  61388  3120 ?        Ss   08:54   0:00 /usr/sbin/sshd
memcache   188  0.0  0.0 131876  6072 ?        Sl   08:54   0:00 /usr/bin/memcached -m 64 -p 11211 -u memcache -l 127.0.0.1
rabbitmq   217  0.0  0.0   7512    88 ?        S    08:54   0:00 /usr/lib/erlang/erts-5.10.4/bin/epmd -daemon
rabbitmq   241  0.0  0.0   4456   740 ?        S    08:54   0:00 /bin/sh /usr/sbin/rabbitmq-server
rabbitmq   286  0.5  1.1 2303112 93044 ?       Sl   08:54   0:21 /usr/lib/erlang/erts-5.10.4/bin/beam.smp -W w -K true -A30 -P 1048576 -- -root /usr/lib/erlang -progname erl -- -home /var/lib/rabbitmq -- -pa /usr/lib/rabbitmq/lib/rabbitmq_server-3.2.4/sbin/../ebin -noshell -noinput -s rabbit boot -sname rabbit@clixserver -boot start_sasl -kernel inet_default_connect_options [{nodelay,true}] -sasl errlog_type error -sasl sasl_error_logger false -rabbit error_logger {file,"/var/log/rabbitmq/rabbit@clixserver.log"} -rabbit sasl_error_logger {file,"/var/log/rabbitmq/rabbit@clixserver-sasl.log"} -rabbit enabled_plugins_file "/etc/rabbitmq/enabled_plugins" -rabbit plugins_dir "/usr/lib/rabbitmq/lib/rabbitmq_server-3.2.4/sbin/../plugins" -rabbit plugins_expand_dir "/var/lib/rabbitmq/mnesia/rabbit@clixserver-plugins-expand" -os_mon start_cpu_sup false -os_mon start_disksup false -os_mon start_memsup false -mnesia dir "/var/lib/rabbitmq/mnesia/rabbit@clixserver"
root       323  0.0  0.6 186432 50196 ?        S    08:54   0:00 python manage.py celeryd -f /var/log/celeryd.log -l INFO
rabbitmq   384  0.0  0.0   7476   948 ?        Ss   08:54   0:00 inet_gethost 4
rabbitmq   385  0.0  0.0   9568  1696 ?        S    08:54   0:00 inet_gethost 4
root       398  0.0  0.1  33152  9892 ?        S    08:54   0:00 python -m smtpd -n -c DebuggingServer localhost:1025
root       401  0.0  0.6 859096 56544 ?        Sl   08:54   0:00 python main.py
root       407  0.0  0.2  52492 16816 ?        S    08:54   0:01 /usr/bin/python /usr/bin/supervisord -n
root       410  0.0  0.5 185784 42560 ?        S    08:54   0:00 python manage.py celeryd -f /var/log/celeryd.log -l INFO
root       411  0.0  0.5 185780 42564 ?        S    08:54   0:00 python manage.py celeryd -f /var/log/celeryd.log -l INFO
root       412  0.0  0.5 185780 42568 ?        S    08:54   0:00 python manage.py celeryd -f /var/log/celeryd.log -l INFO
root       413  0.0  0.5 185780 42576 ?        S    08:54   0:00 python manage.py celeryd -f /var/log/celeryd.log -l INFO
root       426  0.0  0.0  32536  6508 ?        S    08:54   0:00 nginx: master process /usr/sbin/nginx
root       427  0.0  0.2  63412 20540 ?        S    08:54   0:00 /usr/local/bin/uwsgi --ini /home/docker/code/confs/uwsgi.ini
www-data   428  0.0  0.0  32908  4024 ?        S    08:54   0:00 nginx: worker process
www-data   429  0.0  0.0  32908  4024 ?        S    08:54   0:00 nginx: worker process
www-data   430  0.0  0.0  32908  4024 ?        S    08:54   0:00 nginx: worker process
www-data   431  0.0  0.0  32908  4024 ?        S    08:54   0:00 nginx: worker process
root       432  0.0  0.1  63412 15828 ?        S    08:54   0:00 /usr/local/bin/uwsgi --ini /home/docker/code/confs/uwsgi.ini
root       433  0.0  0.1  63412 15828 ?        S    08:54   0:00 /usr/local/bin/uwsgi --ini /home/docker/code/confs/uwsgi.ini
root       434  0.0  0.1  63412 15828 ?        S    08:54   0:00 /usr/local/bin/uwsgi --ini /home/docker/code/confs/uwsgi.ini
root       435  0.0  0.1  63412 15828 ?        S    08:54   0:00 /usr/local/bin/uwsgi --ini /home/docker/code/confs/uwsgi.ini
root      1728  0.0  0.0  59648  3056 ?        S    10:01   0:00 /USR/SBIN/CRON
root      1729  0.0  0.0   4456   780 ?        Ss   10:01   0:00 /bin/sh -c /home/docker/code/scripts/system-heartbeat.sh  > /tmp/cron-system-heartbeat.log
root      1730  0.0  0.0   9588  2288 ?        S    10:01   0:00 /bin/bash /home/docker/code/scripts/system-heartbeat.sh
root      1731  0.0  0.0   9600  2528 ?        S    10:01   0:00 /bin/bash /home/docker/code/scripts/system-heartbeat.sh
root      1732  0.0  0.0   4360   656 ?        S    10:01   0:00 tee /data/system-heartbeat/system-heartbeat-20180710-100101.log
root      1753  0.0  0.0  15580  2152 ?        R    10:01   0:00 ps aux
 

------------------------------------------------------------------------------------ 


