Info-msg : Checking directory existence. 

/data/system-heartbeat/ directory exists
Info-msg : hostname of server (hostname). 

clixserver.tiss.edu
 

------------------------------------------------------------------------------------ 


Info-msg : internal ip addresses of the system (ip address). 

 

------------------------------------------------------------------------------------ 


Info-msg : external ip addresses of the system (public ip address). 


 

------------------------------------------------------------------------------------ 


Info-msg : RAM details (free -h). 

             total       used       free     shared    buffers     cached
Mem:          7.7G       2.0G       5.7G        98M       410M       658M
-/+ buffers/cache:       1.0G       6.7G
Swap:         7.6G         0B       7.6G
 

------------------------------------------------------------------------------------ 


Info-msg : HDD details (df -h). 

Filesystem      Size  Used Avail Use% Mounted on
overlay         908G   56G  807G   7% /
tmpfs            64M     0   64M   0% /dev
tmpfs           3.9G     0  3.9G   0% /sys/fs/cgroup
/dev/sda3       908G   56G  807G   7% /data
shm              64M     0   64M   0% /dev/shm
tmpfs           3.9G     0  3.9G   0% /proc/scsi
tmpfs           3.9G     0  3.9G   0% /sys/firmware
 

------------------------------------------------------------------------------------ 


Info-msg : Size description in '/data/'. 

8.0K	/data/2031004-mz4-activity-timestamp-csvs.tar.gz
44M	/data/2031004-mz4-assessment-media.tar.gz
4.0K	/data/2031004-mz4-gstudio_tools_logs.tar.gz
64K	/data/activity-timestamp-csvs
114M	/data/assessment-media
16K	/data/clixserver.tiss.edu
368M	/data/db
4.0K	/data/drop_database.sql
12K	/data/git-commit-details.log
1.9M	/data/gstudio-exported-users-analytics-csvs
16K	/data/gstudio-logs
24K	/data/gstudio_tools_logs
8.0K	/data/local_settings.py
17G	/data/media
884M	/data/nginx-logs
504K	/data/pg_dump_all.sql
2.7M	/data/postgres-dump
3.6M	/data/qbank
673M	/data/rcs-repo
4.0K	/data/server_settings.py
140K	/data/system-heartbeat
 

------------------------------------------------------------------------------------ 


Info-msg : No of directories and files in '/data/media/'. 

No of directories : 4002 

No of files       : 9629 

 

------------------------------------------------------------------------------------ 


Info-msg : uptime (uptime). 

 12:01:07 up 26 min,  0 users,  load average: 0.17, 0.11, 0.16
 

------------------------------------------------------------------------------------ 


Info-msg : current process (uptime). 

USER       PID %CPU %MEM    VSZ   RSS TTY      STAT START   TIME COMMAND
root         1  0.0  0.0   4456   680 ?        Ss   11:35   0:00 /bin/sh -c /home/docker/code/scripts/initialize.sh  | sed -e "s/^/$(date +%Y%m%d-%H%M%S) :  /"  2>&1 | tee -a ${LOG_INSTALL_DOCKER}
root         8  0.0  0.0  18000  2868 ?        S    11:35   0:00 /bin/bash /home/docker/code/scripts/initialize.sh
root        14  0.0  0.0  10996  1388 ?        S    11:35   0:00 sed -e s/^/20181109-113523 :  /
root        16  0.0  0.0   4360  1272 ?        S    11:35   0:00 tee -a /root/DockerLogs/$(DATE_LOG)-gsd-install.log
root        17  4.9  1.1 258320 89548 ?        Sl   11:35   1:16 mongod --config /home/docker/code/confs/mongod.conf
root        19  0.0  0.0  23664  2208 ?        Ss   11:35   0:00 /usr/sbin/cron
postgres    38  0.0  0.2 244856 19336 ?        S    11:35   0:00 /usr/lib/postgresql/9.3/bin/postgres -D /var/lib/postgresql/9.3/main -c config_file=/etc/postgresql/9.3/main/postgresql.conf
postgres    78  0.0  0.0 244856  3216 ?        Ss   11:35   0:00 postgres: checkpointer process                                                                                              
postgres    79  0.0  0.0 244856  4644 ?        Ss   11:35   0:00 postgres: writer process                                                                                                    
postgres    80  0.0  0.0 244856  3216 ?        Ss   11:35   0:00 postgres: wal writer process                                                                                                
postgres    81  0.0  0.0 245732  5924 ?        Ss   11:35   0:00 postgres: autovacuum launcher process                                                                                       
postgres    82  0.0  0.0 100668  3524 ?        Ss   11:35   0:00 postgres: stats collector process                                                                                           
root       185  0.0  0.0  25356  2892 ?        Ss   11:35   0:00 /usr/lib/postfix/master
postfix    190  0.0  0.0  27420  2816 ?        S    11:35   0:00 pickup -l -t unix -u -c
postfix    191  0.0  0.0  27468  2892 ?        S    11:35   0:00 qmgr -l -t unix -u
root       199  0.0  0.0  61388  3160 ?        Ss   11:35   0:00 /usr/sbin/sshd
memcache   206  0.0  0.0  63264  2640 ?        Sl   11:35   0:00 /usr/bin/memcached -m 64 -p 11211 -u memcache -l 127.0.0.1
rabbitmq   235  0.0  0.0   7512    92 ?        S    11:35   0:00 /usr/lib/erlang/erts-5.10.4/bin/epmd -daemon
rabbitmq   262  0.0  0.0   4456   692 ?        S    11:35   0:00 /bin/sh /usr/sbin/rabbitmq-server
rabbitmq   306  0.5  1.1 2303368 92912 ?       Sl   11:35   0:09 /usr/lib/erlang/erts-5.10.4/bin/beam.smp -W w -K true -A30 -P 1048576 -- -root /usr/lib/erlang -progname erl -- -home /var/lib/rabbitmq -- -pa /usr/lib/rabbitmq/lib/rabbitmq_server-3.2.4/sbin/../ebin -noshell -noinput -s rabbit boot -sname rabbit@clixserver -boot start_sasl -kernel inet_default_connect_options [{nodelay,true}] -sasl errlog_type error -sasl sasl_error_logger false -rabbit error_logger {file,"/var/log/rabbitmq/rabbit@clixserver.log"} -rabbit sasl_error_logger {file,"/var/log/rabbitmq/rabbit@clixserver-sasl.log"} -rabbit enabled_plugins_file "/etc/rabbitmq/enabled_plugins" -rabbit plugins_dir "/usr/lib/rabbitmq/lib/rabbitmq_server-3.2.4/sbin/../plugins" -rabbit plugins_expand_dir "/var/lib/rabbitmq/mnesia/rabbit@clixserver-plugins-expand" -os_mon start_cpu_sup false -os_mon start_disksup false -os_mon start_memsup false -mnesia dir "/var/lib/rabbitmq/mnesia/rabbit@clixserver"
rabbitmq   393  0.0  0.0   7476   972 ?        Ss   11:35   0:00 inet_gethost 4
rabbitmq   394  0.0  0.0   9568  1616 ?        S    11:35   0:00 inet_gethost 4
root       396  0.0  0.6 186400 50096 ?        S    11:35   0:00 python manage.py celeryd -f /var/log/celeryd.log -l INFO
root       419  0.0  0.1  33152  9904 ?        S    11:35   0:00 python -m smtpd -n -c DebuggingServer localhost:1025
root       422  0.0  0.6 859096 56316 ?        Sl   11:35   0:00 python main.py
root       427  0.0  0.5 185776 42496 ?        S    11:35   0:00 python manage.py celeryd -f /var/log/celeryd.log -l INFO
root       428  0.0  0.5 185776 42500 ?        S    11:35   0:00 python manage.py celeryd -f /var/log/celeryd.log -l INFO
root       429  0.0  0.5 185776 42500 ?        S    11:35   0:00 python manage.py celeryd -f /var/log/celeryd.log -l INFO
root       430  0.0  0.5 185776 42512 ?        S    11:35   0:00 python manage.py celeryd -f /var/log/celeryd.log -l INFO
root       432  0.0  0.2  52492 16836 ?        S    11:35   0:00 /usr/bin/python /usr/bin/supervisord -n
root       447  0.0  0.0  32536  6564 ?        S    11:35   0:00 nginx: master process /usr/sbin/nginx
root       448  0.0  0.2  63412 20508 ?        S    11:35   0:00 /usr/local/bin/uwsgi --ini /home/docker/code/confs/uwsgi.ini
www-data   449  0.0  0.0  32908  4028 ?        S    11:35   0:00 nginx: worker process
www-data   450  0.0  0.0  32908  4028 ?        S    11:35   0:00 nginx: worker process
www-data   451  0.0  0.0  32908  4028 ?        S    11:35   0:00 nginx: worker process
www-data   452  0.0  0.0  32908  4028 ?        S    11:35   0:00 nginx: worker process
root       453  0.0  0.1  63412 15936 ?        S    11:35   0:00 /usr/local/bin/uwsgi --ini /home/docker/code/confs/uwsgi.ini
root       454  0.0  0.1  63412 15936 ?        S    11:35   0:00 /usr/local/bin/uwsgi --ini /home/docker/code/confs/uwsgi.ini
root       455  0.0  0.1  63412 15936 ?        S    11:35   0:00 /usr/local/bin/uwsgi --ini /home/docker/code/confs/uwsgi.ini
root       456  0.0  0.1  63412 15936 ?        S    11:35   0:00 /usr/local/bin/uwsgi --ini /home/docker/code/confs/uwsgi.ini
root       800  0.0  0.0  59648  2948 ?        S    12:01   0:00 /USR/SBIN/CRON
root       801  0.0  0.0   4456   856 ?        Ss   12:01   0:00 /bin/sh -c /home/docker/code/scripts/system-heartbeat.sh  > /tmp/cron-system-heartbeat.log
root       802  0.0  0.0   9588  2256 ?        S    12:01   0:00 /bin/bash /home/docker/code/scripts/system-heartbeat.sh
root       803  0.0  0.0   9600  2408 ?        S    12:01   0:00 /bin/bash /home/docker/code/scripts/system-heartbeat.sh
root       804  0.0  0.0   4360   748 ?        S    12:01   0:00 tee /data/system-heartbeat/system-heartbeat-20181109-120101.log
root       827  0.0  0.0  15580  2124 ?        R    12:01   0:00 ps aux
 

------------------------------------------------------------------------------------ 


