Info-msg : Checking directory existence. 

/data/system-heartbeat/ directory exists
Info-msg : hostname of server (hostname). 

clixserver.tiss.edu
 

------------------------------------------------------------------------------------ 


Info-msg : internal ip addresses of the system (ip address). 

 

------------------------------------------------------------------------------------ 


Info-msg : external ip addresses of the system (public ip address). 


 

------------------------------------------------------------------------------------ 


Info-msg : RAM details (free -h). 

             total       used       free     shared    buffers     cached
Mem:          7.7G       4.4G       3.3G       783M       434M       1.7G
-/+ buffers/cache:       2.3G       5.4G
Swap:         7.6G         0B       7.6G
 

------------------------------------------------------------------------------------ 


Info-msg : HDD details (df -h). 

Filesystem      Size  Used Avail Use% Mounted on
overlay         908G   55G  807G   7% /
tmpfs            64M     0   64M   0% /dev
tmpfs           3.9G     0  3.9G   0% /sys/fs/cgroup
/dev/sda3       908G   55G  807G   7% /data
shm              64M     0   64M   0% /dev/shm
tmpfs           3.9G     0  3.9G   0% /proc/scsi
tmpfs           3.9G     0  3.9G   0% /sys/firmware
 

------------------------------------------------------------------------------------ 


Info-msg : Size description in '/data/'. 

8.0K	/data/2031004-mz4-activity-timestamp-csvs.tar.gz
44M	/data/2031004-mz4-assessment-media.tar.gz
4.0K	/data/2031004-mz4-gstudio_tools_logs.tar.gz
64K	/data/activity-timestamp-csvs
114M	/data/assessment-media
16K	/data/clixserver.tiss.edu
366M	/data/db
4.0K	/data/drop_database.sql
12K	/data/git-commit-details.log
1.7M	/data/gstudio-exported-users-analytics-csvs
16K	/data/gstudio-logs
24K	/data/gstudio_tools_logs
8.0K	/data/local_settings.py
17G	/data/media
108M	/data/nginx-logs
504K	/data/pg_dump_all.sql
2.7M	/data/postgres-dump
2.8M	/data/qbank
673M	/data/rcs-repo
4.0K	/data/server_settings.py
128K	/data/system-heartbeat
 

------------------------------------------------------------------------------------ 


Info-msg : No of directories and files in '/data/media/'. 

No of directories : 4002 

No of files       : 9629 

 

------------------------------------------------------------------------------------ 


Info-msg : uptime (uptime). 

 12:01:09 up 43 min,  0 users,  load average: 2.28, 2.67, 1.87
 

------------------------------------------------------------------------------------ 


Info-msg : current process (uptime). 

USER       PID %CPU %MEM    VSZ   RSS TTY      STAT START   TIME COMMAND
root         1  0.0  0.0   4456   680 ?        Ss   11:18   0:00 /bin/sh -c /home/docker/code/scripts/initialize.sh  | sed -e "s/^/$(date +%Y%m%d-%H%M%S) :  /"  2>&1 | tee -a ${LOG_INSTALL_DOCKER}
root         8  0.0  0.0  18000  2788 ?        S    11:18   0:00 /bin/bash /home/docker/code/scripts/initialize.sh
root        14  0.0  0.0  10996  1500 ?        S    11:18   0:00 sed -e s/^/20181018-111818 :  /
root        16  0.0  0.0   4360  1436 ?        S    11:18   0:00 tee -a /root/DockerLogs/$(DATE_LOG)-gsd-install.log
root        17 45.4  2.9 491920 236468 ?       Sl   11:18  19:27 mongod --config /home/docker/code/confs/mongod.conf
root        19  0.0  0.0  23664  2136 ?        Ss   11:18   0:00 /usr/sbin/cron
postgres    38  0.0  0.2 244856 19288 ?        S    11:18   0:00 /usr/lib/postgresql/9.3/bin/postgres -D /var/lib/postgresql/9.3/main -c config_file=/etc/postgresql/9.3/main/postgresql.conf
postgres    74  0.0  0.0 245000  5472 ?        Ss   11:18   0:00 postgres: checkpointer process                                                                                              
postgres    75  0.0  0.0 244856  4684 ?        Ss   11:18   0:00 postgres: writer process                                                                                                    
postgres    76  0.0  0.0 244856  3368 ?        Ss   11:18   0:00 postgres: wal writer process                                                                                                
postgres    77  0.0  0.0 245732  6304 ?        Ss   11:18   0:00 postgres: autovacuum launcher process                                                                                       
postgres    78  0.0  0.0 100820  3848 ?        Ss   11:18   0:00 postgres: stats collector process                                                                                           
root       181  0.0  0.0  25356  2804 ?        Ss   11:18   0:00 /usr/lib/postfix/master
postfix    186  0.0  0.0  27420  2816 ?        S    11:18   0:00 pickup -l -t unix -u -c
postfix    187  0.0  0.0  27468  2832 ?        S    11:18   0:00 qmgr -l -t unix -u
root       195  0.0  0.0  61388  3160 ?        Ss   11:18   0:00 /usr/sbin/sshd
memcache   202  0.0  0.1 332508  9888 ?        Sl   11:18   0:00 /usr/bin/memcached -m 64 -p 11211 -u memcache -l 127.0.0.1
rabbitmq   231  0.0  0.0   7512    92 ?        S    11:18   0:00 /usr/lib/erlang/erts-5.10.4/bin/epmd -daemon
rabbitmq   255  0.0  0.0   4456   684 ?        S    11:18   0:00 /bin/sh /usr/sbin/rabbitmq-server
rabbitmq   300  0.4  1.1 2303368 93016 ?       Sl   11:18   0:11 /usr/lib/erlang/erts-5.10.4/bin/beam.smp -W w -K true -A30 -P 1048576 -- -root /usr/lib/erlang -progname erl -- -home /var/lib/rabbitmq -- -pa /usr/lib/rabbitmq/lib/rabbitmq_server-3.2.4/sbin/../ebin -noshell -noinput -s rabbit boot -sname rabbit@clixserver -boot start_sasl -kernel inet_default_connect_options [{nodelay,true}] -sasl errlog_type error -sasl sasl_error_logger false -rabbit error_logger {file,"/var/log/rabbitmq/rabbit@clixserver.log"} -rabbit sasl_error_logger {file,"/var/log/rabbitmq/rabbit@clixserver-sasl.log"} -rabbit enabled_plugins_file "/etc/rabbitmq/enabled_plugins" -rabbit plugins_dir "/usr/lib/rabbitmq/lib/rabbitmq_server-3.2.4/sbin/../plugins" -rabbit plugins_expand_dir "/var/lib/rabbitmq/mnesia/rabbit@clixserver-plugins-expand" -os_mon start_cpu_sup false -os_mon start_disksup false -os_mon start_memsup false -mnesia dir "/var/lib/rabbitmq/mnesia/rabbit@clixserver"
root       337  0.0  0.6 186400 49952 ?        S    11:18   0:00 python manage.py celeryd -f /var/log/celeryd.log -l INFO
rabbitmq   398  0.0  0.0   7476   892 ?        Ss   11:18   0:00 inet_gethost 4
rabbitmq   399  0.0  0.0   9568  1636 ?        S    11:18   0:00 inet_gethost 4
root       412  0.0  0.1  33152  9764 ?        S    11:18   0:00 python -m smtpd -n -c DebuggingServer localhost:1025
root       415  0.0  0.6 859096 56464 ?        Sl   11:18   0:00 python main.py
root       420  0.0  0.5 185776 42504 ?        S    11:18   0:00 python manage.py celeryd -f /var/log/celeryd.log -l INFO
root       421  0.0  0.5 185776 42508 ?        S    11:18   0:00 python manage.py celeryd -f /var/log/celeryd.log -l INFO
root       422  0.0  0.5 185776 42512 ?        S    11:18   0:00 python manage.py celeryd -f /var/log/celeryd.log -l INFO
root       423  0.0  0.5 185776 42520 ?        S    11:18   0:00 python manage.py celeryd -f /var/log/celeryd.log -l INFO
root       425  0.0  0.2  52492 17000 ?        S    11:18   0:00 /usr/bin/python /usr/bin/supervisord -n
root       440  0.0  0.0  32536  6524 ?        S    11:18   0:00 nginx: master process /usr/sbin/nginx
root       441  0.0  0.2  63412 20476 ?        S    11:18   0:00 /usr/local/bin/uwsgi --ini /home/docker/code/confs/uwsgi.ini
www-data   442  0.0  0.0  33256  6656 ?        S    11:18   0:00 nginx: worker process
www-data   443  0.0  0.0  33268  6704 ?        S    11:18   0:00 nginx: worker process
www-data   444  0.0  0.0  33436  6724 ?        S    11:18   0:01 nginx: worker process
www-data   445  0.0  0.0  33364  6736 ?        S    11:18   0:00 nginx: worker process
root       446  1.0  1.1 275052 96276 ?        S    11:18   0:27 /usr/local/bin/uwsgi --ini /home/docker/code/confs/uwsgi.ini
root       447  1.1  1.1 274320 95636 ?        S    11:18   0:28 /usr/local/bin/uwsgi --ini /home/docker/code/confs/uwsgi.ini
root       448  1.4  1.2 276156 97444 ?        S    11:18   0:36 /usr/local/bin/uwsgi --ini /home/docker/code/confs/uwsgi.ini
root       449  1.9  1.1 275804 97024 ?        S    11:18   0:49 /usr/local/bin/uwsgi --ini /home/docker/code/confs/uwsgi.ini
root     29290  0.0  0.0  59648  3048 ?        S    12:01   0:00 /USR/SBIN/CRON
root     29291  0.0  0.0   4456   736 ?        Ss   12:01   0:00 /bin/sh -c /home/docker/code/scripts/system-heartbeat.sh  > /tmp/cron-system-heartbeat.log
root     29292  0.0  0.0   9588  2348 ?        S    12:01   0:00 /bin/bash /home/docker/code/scripts/system-heartbeat.sh
root     29293  0.0  0.0   9600  2472 ?        S    12:01   0:00 /bin/bash /home/docker/code/scripts/system-heartbeat.sh
root     29294  0.0  0.0   4360   648 ?        D    12:01   0:00 tee /data/system-heartbeat/system-heartbeat-20181018-120101.log
postgres 29447  0.0  0.1 246188 10656 ?        Ss   12:01   0:00 postgres: glab gstudio_psql 127.0.0.1(38572) idle                                                                           
root     29479  0.0  0.0  15580  2208 ?        R    12:01   0:00 ps aux
 

------------------------------------------------------------------------------------ 


