Info-msg : Checking directory existence. 

/data/system-heartbeat/ directory exists
Info-msg : hostname of server (hostname). 

clixserver.tiss.edu
 

------------------------------------------------------------------------------------ 


Info-msg : internal ip addresses of the system (ip address). 

 

------------------------------------------------------------------------------------ 


Info-msg : external ip addresses of the system (public ip address). 


 

------------------------------------------------------------------------------------ 


Info-msg : RAM details (free -h). 

             total       used       free     shared    buffers     cached
Mem:          7.7G       2.9G       4.8G       106M       757M       917M
-/+ buffers/cache:       1.3G       6.4G
Swap:         7.6G         0B       7.6G
 

------------------------------------------------------------------------------------ 


Info-msg : HDD details (df -h). 

Filesystem      Size  Used Avail Use% Mounted on
overlay         908G   55G  808G   7% /
tmpfs            64M     0   64M   0% /dev
tmpfs           3.9G     0  3.9G   0% /sys/fs/cgroup
/dev/sda3       908G   55G  808G   7% /data
shm              64M     0   64M   0% /dev/shm
tmpfs           3.9G     0  3.9G   0% /proc/scsi
tmpfs           3.9G     0  3.9G   0% /sys/firmware
 

------------------------------------------------------------------------------------ 


Info-msg : Size description in '/data/'. 

8.0K	/data/2031004-mz4-activity-timestamp-csvs.tar.gz
44M	/data/2031004-mz4-assessment-media.tar.gz
4.0K	/data/2031004-mz4-gstudio_tools_logs.tar.gz
64K	/data/activity-timestamp-csvs
114M	/data/assessment-media
16K	/data/clixserver.tiss.edu
363M	/data/db
4.0K	/data/drop_database.sql
12K	/data/git-commit-details.log
1.1M	/data/gstudio-exported-users-analytics-csvs
12K	/data/gstudio-logs
8.0K	/data/local_settings.py
17G	/data/media
57M	/data/nginx-logs
504K	/data/pg_dump_all.sql
2.7M	/data/postgres-dump
3.3M	/data/qbank
670M	/data/rcs-repo
4.0K	/data/server_settings.py
80K	/data/system-heartbeat
 

------------------------------------------------------------------------------------ 


Info-msg : No of directories and files in '/data/media/'. 

No of directories : 4002 

No of files       : 9629 

 

------------------------------------------------------------------------------------ 


Info-msg : uptime (uptime). 

 14:01:02 up  4:21,  0 users,  load average: 0.03, 0.05, 0.08
 

------------------------------------------------------------------------------------ 


Info-msg : current process (uptime). 

USER       PID %CPU %MEM    VSZ   RSS TTY      STAT START   TIME COMMAND
root         1  0.0  0.0   4456   744 ?        Ss   09:40   0:00 /bin/sh -c /home/docker/code/scripts/initialize.sh  | sed -e "s/^/$(date +%Y%m%d-%H%M%S) :  /"  2>&1 | tee -a ${LOG_INSTALL_DOCKER}
root         8  0.0  0.0  18000  2860 ?        S    09:40   0:00 /bin/bash /home/docker/code/scripts/initialize.sh
root        14  0.0  0.0  10996  1528 ?        S    09:40   0:00 sed -e s/^/20180709-094022 :  /
root        16  0.0  0.0   4360  1368 ?        S    09:40   0:00 tee -a /root/DockerLogs/$(DATE_LOG)-gsd-install.log
root        17 12.6  3.0 438928 249592 ?       Sl   09:40  32:54 mongod --config /home/docker/code/confs/mongod.conf
root        19  0.0  0.0  23664  2212 ?        Ss   09:40   0:00 /usr/sbin/cron
postgres    41  0.0  0.2 244856 19228 ?        S    09:40   0:00 /usr/lib/postgresql/9.3/bin/postgres -D /var/lib/postgresql/9.3/main -c config_file=/etc/postgresql/9.3/main/postgresql.conf
postgres    65  0.0  0.0 244856  3440 ?        Ss   09:40   0:00 postgres: checkpointer process                                                                                              
postgres    66  0.0  0.0 244856  4596 ?        Ss   09:40   0:00 postgres: writer process                                                                                                    
postgres    67  0.0  0.0 244856  3440 ?        Ss   09:40   0:00 postgres: wal writer process                                                                                                
postgres    68  0.0  0.0 245732  6112 ?        Ss   09:40   0:00 postgres: autovacuum launcher process                                                                                       
postgres    69  0.0  0.0 100820  3740 ?        Ss   09:40   0:01 postgres: stats collector process                                                                                           
root       172  0.0  0.0  25356  2980 ?        Ss   09:40   0:00 /usr/lib/postfix/master
postfix    178  0.0  0.0  27468  2880 ?        S    09:40   0:00 qmgr -l -t unix -u
root       186  0.0  0.0  61388  3184 ?        Ss   09:40   0:00 /usr/sbin/sshd
rabbitmq   214  0.0  0.0   7512    92 ?        S    09:40   0:00 /usr/lib/erlang/erts-5.10.4/bin/epmd -daemon
rabbitmq   241  0.0  0.0   4456   684 ?        S    09:40   0:00 /bin/sh /usr/sbin/rabbitmq-server
rabbitmq   285  0.5  1.1 2303368 92668 ?       Sl   09:40   1:22 /usr/lib/erlang/erts-5.10.4/bin/beam.smp -W w -K true -A30 -P 1048576 -- -root /usr/lib/erlang -progname erl -- -home /var/lib/rabbitmq -- -pa /usr/lib/rabbitmq/lib/rabbitmq_server-3.2.4/sbin/../ebin -noshell -noinput -s rabbit boot -sname rabbit@clixserver -boot start_sasl -kernel inet_default_connect_options [{nodelay,true}] -sasl errlog_type error -sasl sasl_error_logger false -rabbit error_logger {file,"/var/log/rabbitmq/rabbit@clixserver.log"} -rabbit sasl_error_logger {file,"/var/log/rabbitmq/rabbit@clixserver-sasl.log"} -rabbit enabled_plugins_file "/etc/rabbitmq/enabled_plugins" -rabbit plugins_dir "/usr/lib/rabbitmq/lib/rabbitmq_server-3.2.4/sbin/../plugins" -rabbit plugins_expand_dir "/var/lib/rabbitmq/mnesia/rabbit@clixserver-plugins-expand" -os_mon start_cpu_sup false -os_mon start_disksup false -os_mon start_memsup false -mnesia dir "/var/lib/rabbitmq/mnesia/rabbit@clixserver"
rabbitmq   372  0.0  0.0   7476   900 ?        Ss   09:40   0:00 inet_gethost 4
rabbitmq   373  0.0  0.0   9568  1568 ?        S    09:40   0:00 inet_gethost 4
root       375  0.0  0.6 186400 49920 ?        S    09:40   0:01 python manage.py celeryd -f /var/log/celeryd.log -l INFO
root       398  0.0  0.1  33152  9920 ?        S    09:40   0:00 python -m smtpd -n -c DebuggingServer localhost:1025
root       401  0.0  0.6 859096 56536 ?        Sl   09:40   0:02 python main.py
root       407  0.0  0.2  52492 16932 ?        S    09:40   0:03 /usr/bin/python /usr/bin/supervisord -n
root       408  0.0  0.5 185776 42492 ?        S    09:40   0:00 python manage.py celeryd -f /var/log/celeryd.log -l INFO
root       409  0.0  0.5 185776 42496 ?        S    09:40   0:00 python manage.py celeryd -f /var/log/celeryd.log -l INFO
root       410  0.0  0.5 185776 42500 ?        S    09:40   0:00 python manage.py celeryd -f /var/log/celeryd.log -l INFO
root       411  0.0  0.5 185776 42508 ?        S    09:40   0:00 python manage.py celeryd -f /var/log/celeryd.log -l INFO
root       426  0.0  0.0  32536  6552 ?        S    09:40   0:00 nginx: master process /usr/sbin/nginx
root       427  0.0  0.2  63412 20532 ?        S    09:40   0:00 /usr/local/bin/uwsgi --ini /home/docker/code/confs/uwsgi.ini
www-data   428  0.0  0.0  32908  3936 ?        S    09:40   0:00 nginx: worker process
www-data   429  0.0  0.0  32908  3936 ?        S    09:40   0:00 nginx: worker process
www-data   430  0.0  0.0  32908  3936 ?        S    09:40   0:00 nginx: worker process
www-data   431  0.0  0.0  32908  3936 ?        S    09:40   0:00 nginx: worker process
root       432  0.0  0.1  63412 15720 ?        S    09:40   0:00 /usr/local/bin/uwsgi --ini /home/docker/code/confs/uwsgi.ini
root       433  0.0  0.1  63412 15720 ?        S    09:40   0:00 /usr/local/bin/uwsgi --ini /home/docker/code/confs/uwsgi.ini
root       434  0.0  0.1  63412 15720 ?        S    09:40   0:00 /usr/local/bin/uwsgi --ini /home/docker/code/confs/uwsgi.ini
root       435  0.0  0.1  63412 15720 ?        S    09:40   0:00 /usr/local/bin/uwsgi --ini /home/docker/code/confs/uwsgi.ini
postfix   4243  0.0  0.0  27420  2884 ?        S    12:54   0:00 pickup -l -t unix -u -c
root      5549  0.0  0.0  59648  3048 ?        S    14:01   0:00 /USR/SBIN/CRON
root      5550  0.0  0.0   4456   680 ?        Ss   14:01   0:00 /bin/sh -c /home/docker/code/scripts/system-heartbeat.sh  > /tmp/cron-system-heartbeat.log
root      5551  0.0  0.0   9588  2248 ?        S    14:01   0:00 /bin/bash /home/docker/code/scripts/system-heartbeat.sh
root      5552  0.0  0.0   9600  2408 ?        S    14:01   0:00 /bin/bash /home/docker/code/scripts/system-heartbeat.sh
root      5553  0.0  0.0   4360   696 ?        S    14:01   0:00 tee /data/system-heartbeat/system-heartbeat-20180709-140101.log
root      5574  0.0  0.0  15580  2124 ?        R    14:01   0:00 ps aux
 

------------------------------------------------------------------------------------ 


