Info-msg : Checking directory existence. 

/data/system-heartbeat/ directory exists
Info-msg : hostname of server (hostname). 

clixserver.tiss.edu
 

------------------------------------------------------------------------------------ 


Info-msg : internal ip addresses of the system (ip address). 

 

------------------------------------------------------------------------------------ 


Info-msg : external ip addresses of the system (public ip address). 


 

------------------------------------------------------------------------------------ 


Info-msg : RAM details (free -h). 

             total       used       free     shared    buffers     cached
Mem:          7.7G       2.9G       4.8G       212M       446M       679M
-/+ buffers/cache:       1.8G       5.9G
Swap:         7.6G       9.3M       7.6G
 

------------------------------------------------------------------------------------ 


Info-msg : HDD details (df -h). 

Filesystem      Size  Used Avail Use% Mounted on
overlay         908G   55G  808G   7% /
tmpfs            64M     0   64M   0% /dev
tmpfs           3.9G     0  3.9G   0% /sys/fs/cgroup
/dev/sda3       908G   55G  808G   7% /data
shm              64M     0   64M   0% /dev/shm
tmpfs           3.9G     0  3.9G   0% /proc/scsi
tmpfs           3.9G     0  3.9G   0% /sys/firmware
 

------------------------------------------------------------------------------------ 


Info-msg : Size description in '/data/'. 

4.0K	/data/2031004-mz4-activity-timestamp-csvs.tar.gz
44M	/data/2031004-mz4-assessment-media.tar.gz
4.0K	/data/2031004-mz4-gstudio_tools_logs.tar.gz
64K	/data/activity-timestamp-csvs
114M	/data/assessment-media
16K	/data/clixserver.tiss.edu
361M	/data/db
4.0K	/data/drop_database.sql
12K	/data/git-commit-details.log
172K	/data/gstudio-exported-users-analytics-csvs
8.0K	/data/gstudio-logs
8.0K	/data/local_settings.py
17G	/data/media
29M	/data/nginx-logs
504K	/data/pg_dump_all.sql
2.7M	/data/postgres-dump
2.7M	/data/qbank
670M	/data/rcs-repo
4.0K	/data/server_settings.py
20K	/data/system-heartbeat
 

------------------------------------------------------------------------------------ 


Info-msg : No of directories and files in '/data/media/'. 

No of directories : 4002 

No of files       : 9629 

 

------------------------------------------------------------------------------------ 


Info-msg : uptime (uptime). 

 14:01:03 up  1:01,  0 users,  load average: 0.58, 0.97, 1.43
 

------------------------------------------------------------------------------------ 


Info-msg : current process (uptime). 

USER       PID %CPU %MEM    VSZ   RSS TTY      STAT START   TIME COMMAND
root         1  0.0  0.0   4456     0 ?        Ss   13:42   0:00 /bin/sh -c /home/docker/code/scripts/initialize.sh  | sed -e "s/^/$(date +%Y%m%d-%H%M%S) :  /"  2>&1 | tee -a ${LOG_INSTALL_DOCKER}
root         8  0.0  0.0  18000   424 ?        S    13:42   0:00 /bin/bash /home/docker/code/scripts/initialize.sh
root         9  0.0  0.0  10996     0 ?        S    13:42   0:00 sed -e s/^/20180626-134216 :  /
root        10  0.0  0.0   4360   232 ?        S    13:42   0:00 tee -a /root/DockerLogs/$(DATE_LOG)-gsd-install.log
root        17  9.9  2.3 415412 192564 ?       Sl   13:42   1:51 mongod --config /home/docker/code/confs/mongod.conf
root        19  0.0  0.0  23664   376 ?        Ss   13:42   0:00 /usr/sbin/cron
postgres    38  0.0  0.1 244856 12868 ?        S    13:42   0:00 /usr/lib/postgresql/9.3/bin/postgres -D /var/lib/postgresql/9.3/main -c config_file=/etc/postgresql/9.3/main/postgresql.conf
postgres    58  0.0  0.0 244856  1240 ?        Ss   13:42   0:00 postgres: checkpointer process                                                                                              
postgres    59  0.0  0.0 244856  2420 ?        Ss   13:42   0:00 postgres: writer process                                                                                                    
postgres    60  0.0  0.0 244856  1332 ?        Ss   13:42   0:00 postgres: wal writer process                                                                                                
postgres    61  0.0  0.0 245732  4712 ?        Ss   13:42   0:00 postgres: autovacuum launcher process                                                                                       
postgres    62  0.0  0.0 100668  2612 ?        Ss   13:42   0:00 postgres: stats collector process                                                                                           
root       165  0.0  0.0  25356   636 ?        Ss   13:42   0:00 /usr/lib/postfix/master
postfix    170  0.0  0.0  27420   632 ?        S    13:42   0:00 pickup -l -t unix -u -c
postfix    171  0.0  0.0  27468   628 ?        S    13:42   0:00 qmgr -l -t unix -u
root       179  0.0  0.0  61388   996 ?        Ss   13:42   0:00 /usr/sbin/sshd
memcache   186  0.0  0.0 332504  7564 ?        Sl   13:42   0:00 /usr/bin/memcached -m 64 -p 11211 -u memcache -l 127.0.0.1
rabbitmq   215  0.0  0.0   7512    88 ?        S    13:42   0:00 /usr/lib/erlang/erts-5.10.4/bin/epmd -daemon
rabbitmq   242  0.0  0.0   4456    76 ?        S    13:42   0:00 /bin/sh /usr/sbin/rabbitmq-server
rabbitmq   286  0.4  1.1 2303368 90016 ?       Sl   13:42   0:05 /usr/lib/erlang/erts-5.10.4/bin/beam.smp -W w -K true -A30 -P 1048576 -- -root /usr/lib/erlang -progname erl -- -home /var/lib/rabbitmq -- -pa /usr/lib/rabbitmq/lib/rabbitmq_server-3.2.4/sbin/../ebin -noshell -noinput -s rabbit boot -sname rabbit@clixserver -boot start_sasl -kernel inet_default_connect_options [{nodelay,true}] -sasl errlog_type error -sasl sasl_error_logger false -rabbit error_logger {file,"/var/log/rabbitmq/rabbit@clixserver.log"} -rabbit sasl_error_logger {file,"/var/log/rabbitmq/rabbit@clixserver-sasl.log"} -rabbit enabled_plugins_file "/etc/rabbitmq/enabled_plugins" -rabbit plugins_dir "/usr/lib/rabbitmq/lib/rabbitmq_server-3.2.4/sbin/../plugins" -rabbit plugins_expand_dir "/var/lib/rabbitmq/mnesia/rabbit@clixserver-plugins-expand" -os_mon start_cpu_sup false -os_mon start_disksup false -os_mon start_memsup false -mnesia dir "/var/lib/rabbitmq/mnesia/rabbit@clixserver"
rabbitmq   373  0.0  0.0   7476    80 ?        Ss   13:42   0:00 inet_gethost 4
rabbitmq   374  0.0  0.0   9568   340 ?        S    13:42   0:00 inet_gethost 4
root       376  0.0  0.5 186400 40528 ?        S    13:42   0:00 python manage.py celeryd -f /var/log/celeryd.log -l INFO
root       398  0.0  0.4 185776 39928 ?        S    13:42   0:00 python manage.py celeryd -f /var/log/celeryd.log -l INFO
root       399  0.0  0.4 185776 39932 ?        S    13:42   0:00 python manage.py celeryd -f /var/log/celeryd.log -l INFO
root       400  0.0  0.4 185776 39936 ?        S    13:42   0:00 python manage.py celeryd -f /var/log/celeryd.log -l INFO
root       401  0.0  0.4 185776 39944 ?        S    13:42   0:00 python manage.py celeryd -f /var/log/celeryd.log -l INFO
root       403  0.0  0.0  33152  4864 ?        S    13:42   0:00 python -m smtpd -n -c DebuggingServer localhost:1025
root       406  0.3  1.0 880388 85916 ?        Sl   13:42   0:03 python main.py
root       412  0.0  0.1  52492 11444 ?        S    13:42   0:00 /usr/bin/python /usr/bin/supervisord -n
root       427  0.0  0.0  32536  2620 ?        S    13:42   0:00 nginx: master process /usr/sbin/nginx
root       428  0.0  0.1  63412 13056 ?        S    13:42   0:00 /usr/local/bin/uwsgi --ini /home/docker/code/confs/uwsgi.ini
www-data   429  0.0  0.0  33340  4224 ?        S    13:42   0:00 nginx: worker process
www-data   430  0.0  0.0  33464  5492 ?        S    13:42   0:00 nginx: worker process
www-data   431  0.1  0.0  33356  5100 ?        S    13:42   0:01 nginx: worker process
www-data   432  0.1  0.0  33372  5128 ?        S    13:42   0:01 nginx: worker process
root       433  0.2  1.2 282184 97888 ?        S    13:42   0:02 /usr/local/bin/uwsgi --ini /home/docker/code/confs/uwsgi.ini
root       434  0.3  1.1 280720 95188 ?        S    13:42   0:03 /usr/local/bin/uwsgi --ini /home/docker/code/confs/uwsgi.ini
root       435  0.2  1.2 282180 97928 ?        S    13:42   0:03 /usr/local/bin/uwsgi --ini /home/docker/code/confs/uwsgi.ini
root       436  0.8  1.1 280960 96780 ?        S    13:42   0:09 /usr/local/bin/uwsgi --ini /home/docker/code/confs/uwsgi.ini
root      1057  0.0  0.0  59648  2940 ?        S    14:01   0:00 /USR/SBIN/CRON
root      1058  0.0  0.0   4456   856 ?        Ss   14:01   0:00 /bin/sh -c /home/docker/code/scripts/system-heartbeat.sh  > /tmp/cron-system-heartbeat.log
root      1059  0.0  0.0   9588  2296 ?        S    14:01   0:00 /bin/bash /home/docker/code/scripts/system-heartbeat.sh
root      1060  0.0  0.0   9600  2456 ?        S    14:01   0:00 /bin/bash /home/docker/code/scripts/system-heartbeat.sh
root      1061  0.0  0.0   4360   652 ?        S    14:01   0:00 tee /data/system-heartbeat/system-heartbeat-20180626-140101.log
root      1082  0.0  0.0  15580  2160 ?        R    14:01   0:00 ps aux
 

------------------------------------------------------------------------------------ 


