Info-msg : Checking directory existence. 

/data/system-heartbeat/ directory created successfully
Info-msg : hostname of server (hostname). 

clixserver.tiss.edu
 

------------------------------------------------------------------------------------ 


Info-msg : internal ip addresses of the system (ip address). 

eth0- 172.18.0.2
 

------------------------------------------------------------------------------------ 


Info-msg : external ip addresses of the system (public ip address). 


 

------------------------------------------------------------------------------------ 


Info-msg : RAM details (free -h). 

             total       used       free     shared    buffers     cached
Mem:          7.7G       7.3G       475M       226M       667M       4.6G
-/+ buffers/cache:       2.0G       5.7G
Swap:         7.6G       524K       7.6G
 

------------------------------------------------------------------------------------ 


Info-msg : HDD details (df -h). 

Filesystem      Size  Used Avail Use% Mounted on
overlay         908G   39G  823G   5% /
tmpfs            64M     0   64M   0% /dev
tmpfs           3.9G     0  3.9G   0% /sys/fs/cgroup
/dev/sda3       908G   39G  823G   5% /data
shm              64M     0   64M   0% /dev/shm
tmpfs           3.9G     0  3.9G   0% /proc/scsi
tmpfs           3.9G     0  3.9G   0% /sys/firmware
 

------------------------------------------------------------------------------------ 


Info-msg : Size description in '/data/'. 

16K	/data/clixserver.tiss.edu
361M	/data/db
4.0K	/data/drop_database.sql
17G	/data/media
4.0K	/data/nginx-logs
504K	/data/pg_dump_all.sql
2.5M	/data/postgres-dump
670M	/data/rcs-repo
8.0K	/data/system-heartbeat
 

------------------------------------------------------------------------------------ 


Info-msg : No of directories and files in '/data/media/'. 

No of directories : 4002 

No of files       : 9629 

 

------------------------------------------------------------------------------------ 


Info-msg : uptime (uptime). 

 13:34:44 up 34 min,  0 users,  load average: 2.08, 1.82, 1.84
 

------------------------------------------------------------------------------------ 


Info-msg : current process (uptime). 

USER       PID %CPU %MEM    VSZ   RSS TTY      STAT START   TIME COMMAND
root         1  0.0  0.0   4456   788 ?        Ss   13:23   0:00 /bin/sh -c /home/docker/code/scripts/initialize.sh  | sed -e "s/^/$(date +%Y%m%d-%H%M%S) :  /"  2>&1 | tee -a ${LOG_INSTALL_DOCKER}
root         8  0.0  0.0  18000  2932 ?        S    13:23   0:00 /bin/bash /home/docker/code/scripts/initialize.sh
root         9  0.0  0.0  10996  1380 ?        S    13:23   0:00 sed -e s/^/20180626-132339 :  /
root        10  0.0  0.0   4360  1348 ?        S    13:23   0:00 tee -a /root/DockerLogs/$(DATE_LOG)-gsd-install.log
root        17 55.7  2.4 398672 195452 ?       Sl   13:23   6:10 mongod --config /home/docker/code/confs/mongod.conf
root        19  0.0  0.0  23664  2120 ?        Ss   13:23   0:00 /usr/sbin/cron
postgres    37  0.0  0.2 244856 19416 ?        S    13:23   0:00 /usr/lib/postgresql/9.3/bin/postgres -D /var/lib/postgresql/9.3/main -c config_file=/etc/postgresql/9.3/main/postgresql.conf
postgres    67  0.0  0.0 245000  5188 ?        Ss   13:23   0:00 postgres: checkpointer process                                                                                              
postgres    68  0.0  0.0 244856  4572 ?        Ss   13:23   0:00 postgres: writer process                                                                                                    
postgres    69  0.0  0.0 244856  3348 ?        Ss   13:23   0:00 postgres: wal writer process                                                                                                
postgres    70  0.0  0.0 245732  6140 ?        Ss   13:23   0:00 postgres: autovacuum launcher process                                                                                       
postgres    71  0.0  0.0 100668  3616 ?        Ss   13:23   0:00 postgres: stats collector process                                                                                           
root       174  0.0  0.0  25356  2920 ?        Ss   13:23   0:00 /usr/lib/postfix/master
postfix    181  0.0  0.0  27420  2840 ?        S    13:23   0:00 pickup -l -t unix -u -c
postfix    182  0.0  0.0  27468  2804 ?        S    13:23   0:00 qmgr -l -t unix -u
root       188  0.0  0.0  61388  3112 ?        Ss   13:23   0:00 /usr/sbin/sshd
memcache   195  0.0  0.0 197412  5488 ?        Sl   13:23   0:00 /usr/bin/memcached -m 64 -p 11211 -u memcache -l 127.0.0.1
rabbitmq   224  0.0  0.0   7512    92 ?        S    13:23   0:00 /usr/lib/erlang/erts-5.10.4/bin/epmd -daemon
rabbitmq   248  0.0  0.0   4456   792 ?        S    13:23   0:00 /bin/sh /usr/sbin/rabbitmq-server
rabbitmq   293  0.3  1.1 2303372 92940 ?       Sl   13:23   0:02 /usr/lib/erlang/erts-5.10.4/bin/beam.smp -W w -K true -A30 -P 1048576 -- -root /usr/lib/erlang -progname erl -- -home /var/lib/rabbitmq -- -pa /usr/lib/rabbitmq/lib/rabbitmq_server-3.2.4/sbin/../ebin -noshell -noinput -s rabbit boot -sname rabbit@clixserver -boot start_sasl -kernel inet_default_connect_options [{nodelay,true}] -sasl errlog_type error -sasl sasl_error_logger false -rabbit error_logger {file,"/var/log/rabbitmq/rabbit@clixserver.log"} -rabbit sasl_error_logger {file,"/var/log/rabbitmq/rabbit@clixserver-sasl.log"} -rabbit enabled_plugins_file "/etc/rabbitmq/enabled_plugins" -rabbit plugins_dir "/usr/lib/rabbitmq/lib/rabbitmq_server-3.2.4/sbin/../plugins" -rabbit plugins_expand_dir "/var/lib/rabbitmq/mnesia/rabbit@clixserver-plugins-expand" -os_mon start_cpu_sup false -os_mon start_disksup false -os_mon start_memsup false -mnesia dir "/var/lib/rabbitmq/mnesia/rabbit@clixserver"
root       330  0.0  0.6 186608 50244 ?        S    13:23   0:00 python manage.py celeryd -f /var/log/celeryd.log -l INFO
root       398  0.0  0.5 185776 42392 ?        S    13:23   0:00 python manage.py celeryd -f /var/log/celeryd.log -l INFO
root       399  0.0  0.5 185776 42464 ?        S    13:23   0:00 python manage.py celeryd -f /var/log/celeryd.log -l INFO
root       400  0.0  0.5 185776 42500 ?        S    13:23   0:00 python manage.py celeryd -f /var/log/celeryd.log -l INFO
root       401  0.0  0.5 185776 42508 ?        S    13:23   0:00 python manage.py celeryd -f /var/log/celeryd.log -l INFO
root       414  0.0  0.1  33152  9892 ?        S    13:23   0:00 python -m smtpd -n -c DebuggingServer localhost:1025
root       423  0.0  0.2  52484 17000 ?        S    13:23   0:00 /usr/bin/python /usr/bin/supervisord -n
rabbitmq   432  0.0  0.0   7476   900 ?        Ss   13:23   0:00 inet_gethost 4
rabbitmq   433  0.0  0.0   9568  1704 ?        S    13:23   0:00 inet_gethost 4
root       435  0.0  0.2  63412 20564 ?        S    13:23   0:00 /usr/local/bin/uwsgi --ini /home/docker/code/confs/uwsgi.ini
root       436  0.0  0.1  63412 15772 ?        S    13:23   0:00 /usr/local/bin/uwsgi --ini /home/docker/code/confs/uwsgi.ini
root       437  0.0  0.1  63412 15772 ?        S    13:23   0:00 /usr/local/bin/uwsgi --ini /home/docker/code/confs/uwsgi.ini
root       438  0.0  0.1  63412 15772 ?        S    13:23   0:00 /usr/local/bin/uwsgi --ini /home/docker/code/confs/uwsgi.ini
root       439  0.0  0.1  63412 15772 ?        S    13:23   0:00 /usr/local/bin/uwsgi --ini /home/docker/code/confs/uwsgi.ini
root     21694  0.5  0.0   4456   680 pts/0    Ss+  13:34   0:00 /bin/sh -c /home/docker/code/scripts/system-heartbeat.sh  > /tmp/cron-system-heartbeat.log
root     21701  0.0  0.0  18032  2692 pts/0    S+   13:34   0:00 /bin/bash /home/docker/code/scripts/system-heartbeat.sh
root     21702  0.0  0.0  18044  2456 pts/0    S+   13:34   0:00 /bin/bash /home/docker/code/scripts/system-heartbeat.sh
root     21703  0.0  0.0   4360   740 pts/0    S+   13:34   0:00 tee /data/system-heartbeat/system-heartbeat-20180626-133441.log
rabbitmq 21719  0.0  0.0   4212   640 ?        R    13:34   0:00 /usr/lib/erlang/erts-5.10.4/bin/child_setup false . exec /bin/sh -s unix:cmd 2>&1 3:1048575 22:1 23:0 -
root     21727  0.0  0.0  15580  2036 pts/0    R+   13:34   0:00 ps aux
 

------------------------------------------------------------------------------------ 


