Info-msg : Checking directory existence. 

/data/system-heartbeat/ directory exists
Info-msg : hostname of server (hostname). 

clixserver.tiss.edu
 

------------------------------------------------------------------------------------ 


Info-msg : internal ip addresses of the system (ip address). 

 

------------------------------------------------------------------------------------ 


Info-msg : external ip addresses of the system (public ip address). 


 

------------------------------------------------------------------------------------ 


Info-msg : RAM details (free -h). 

             total       used       free     shared    buffers     cached
Mem:          7.7G       2.0G       5.7G        96M       404M       640M
-/+ buffers/cache:       991M       6.7G
Swap:         7.6G         0B       7.6G
 

------------------------------------------------------------------------------------ 


Info-msg : HDD details (df -h). 

Filesystem      Size  Used Avail Use% Mounted on
overlay         908G   55G  808G   7% /
tmpfs            64M     0   64M   0% /dev
tmpfs           3.9G     0  3.9G   0% /sys/fs/cgroup
/dev/sda3       908G   55G  808G   7% /data
shm              64M     0   64M   0% /dev/shm
tmpfs           3.9G     0  3.9G   0% /proc/scsi
tmpfs           3.9G     0  3.9G   0% /sys/firmware
 

------------------------------------------------------------------------------------ 


Info-msg : Size description in '/data/'. 

8.0K	/data/2031004-mz4-activity-timestamp-csvs.tar.gz
44M	/data/2031004-mz4-assessment-media.tar.gz
4.0K	/data/2031004-mz4-gstudio_tools_logs.tar.gz
64K	/data/activity-timestamp-csvs
114M	/data/assessment-media
16K	/data/clixserver.tiss.edu
364M	/data/db
4.0K	/data/drop_database.sql
12K	/data/git-commit-details.log
1.6M	/data/gstudio-exported-users-analytics-csvs
12K	/data/gstudio-logs
8.0K	/data/local_settings.py
17G	/data/media
57M	/data/nginx-logs
504K	/data/pg_dump_all.sql
2.7M	/data/postgres-dump
3.8M	/data/qbank
670M	/data/rcs-repo
4.0K	/data/server_settings.py
116K	/data/system-heartbeat
 

------------------------------------------------------------------------------------ 


Info-msg : No of directories and files in '/data/media/'. 

No of directories : 4002 

No of files       : 9629 

 

------------------------------------------------------------------------------------ 


Info-msg : uptime (uptime). 

 13:01:06 up 24 min,  0 users,  load average: 0.24, 0.16, 0.16
 

------------------------------------------------------------------------------------ 


Info-msg : current process (uptime). 

USER       PID %CPU %MEM    VSZ   RSS TTY      STAT START   TIME COMMAND
root         1  0.0  0.0   4456   744 ?        Ss   12:37   0:00 /bin/sh -c /home/docker/code/scripts/initialize.sh  | sed -e "s/^/$(date +%Y%m%d-%H%M%S) :  /"  2>&1 | tee -a ${LOG_INSTALL_DOCKER}
root         8  0.0  0.0  18000  2788 ?        S    12:37   0:00 /bin/bash /home/docker/code/scripts/initialize.sh
root         9  0.0  0.0  10996  1548 ?        S    12:37   0:00 sed -e s/^/20180711-123734 :  /
root        16  0.0  0.0   4360  1264 ?        S    12:37   0:00 tee -a /root/DockerLogs/$(DATE_LOG)-gsd-install.log
root        17  4.9  1.0 256948 87840 ?        Sl   12:37   1:09 mongod --config /home/docker/code/confs/mongod.conf
root        19  0.0  0.0  23664  2192 ?        Ss   12:37   0:00 /usr/sbin/cron
postgres    45  0.0  0.2 244856 19320 ?        S    12:37   0:00 /usr/lib/postgresql/9.3/bin/postgres -D /var/lib/postgresql/9.3/main -c config_file=/etc/postgresql/9.3/main/postgresql.conf
postgres    61  0.0  0.0 244856  3316 ?        Ss   12:37   0:00 postgres: checkpointer process                                                                                              
postgres    62  0.0  0.0 244856  4712 ?        Ss   12:37   0:00 postgres: writer process                                                                                                    
postgres    63  0.0  0.0 244856  3316 ?        Ss   12:37   0:00 postgres: wal writer process                                                                                                
postgres    64  0.0  0.0 245732  6144 ?        Ss   12:37   0:00 postgres: autovacuum launcher process                                                                                       
postgres    65  0.0  0.0 100668  3680 ?        Ss   12:37   0:00 postgres: stats collector process                                                                                           
root       168  0.0  0.0  25356  2804 ?        Ss   12:37   0:00 /usr/lib/postfix/master
postfix    173  0.0  0.0  27420  2864 ?        S    12:37   0:00 pickup -l -t unix -u -c
postfix    174  0.0  0.0  27468  2876 ?        S    12:37   0:00 qmgr -l -t unix -u
root       182  0.0  0.0  61388  3188 ?        Ss   12:37   0:00 /usr/sbin/sshd
memcache   189  0.0  0.0  63264  2656 ?        Sl   12:37   0:00 /usr/bin/memcached -m 64 -p 11211 -u memcache -l 127.0.0.1
rabbitmq   218  0.0  0.0   7512    88 ?        S    12:37   0:00 /usr/lib/erlang/erts-5.10.4/bin/epmd -daemon
rabbitmq   245  0.0  0.0   4456   764 ?        S    12:37   0:00 /bin/sh /usr/sbin/rabbitmq-server
rabbitmq   289  0.5  1.1 2303368 92688 ?       Sl   12:37   0:08 /usr/lib/erlang/erts-5.10.4/bin/beam.smp -W w -K true -A30 -P 1048576 -- -root /usr/lib/erlang -progname erl -- -home /var/lib/rabbitmq -- -pa /usr/lib/rabbitmq/lib/rabbitmq_server-3.2.4/sbin/../ebin -noshell -noinput -s rabbit boot -sname rabbit@clixserver -boot start_sasl -kernel inet_default_connect_options [{nodelay,true}] -sasl errlog_type error -sasl sasl_error_logger false -rabbit error_logger {file,"/var/log/rabbitmq/rabbit@clixserver.log"} -rabbit sasl_error_logger {file,"/var/log/rabbitmq/rabbit@clixserver-sasl.log"} -rabbit enabled_plugins_file "/etc/rabbitmq/enabled_plugins" -rabbit plugins_dir "/usr/lib/rabbitmq/lib/rabbitmq_server-3.2.4/sbin/../plugins" -rabbit plugins_expand_dir "/var/lib/rabbitmq/mnesia/rabbit@clixserver-plugins-expand" -os_mon start_cpu_sup false -os_mon start_disksup false -os_mon start_memsup false -mnesia dir "/var/lib/rabbitmq/mnesia/rabbit@clixserver"
rabbitmq   376  0.0  0.0   7476   932 ?        Ss   12:37   0:00 inet_gethost 4
rabbitmq   377  0.0  0.0   9568  1588 ?        S    12:37   0:00 inet_gethost 4
root       379  0.0  0.6 186432 50004 ?        S    12:37   0:00 python manage.py celeryd -f /var/log/celeryd.log -l INFO
root       402  0.0  0.1  33152  9940 ?        S    12:37   0:00 python -m smtpd -n -c DebuggingServer localhost:1025
root       405  0.0  0.7 859096 56708 ?        Sl   12:37   0:00 python main.py
root       411  0.0  0.2  52492 16984 ?        S    12:37   0:00 /usr/bin/python /usr/bin/supervisord -n
root       412  0.0  0.5 185784 42496 ?        S    12:37   0:00 python manage.py celeryd -f /var/log/celeryd.log -l INFO
root       413  0.0  0.5 185780 42496 ?        S    12:37   0:00 python manage.py celeryd -f /var/log/celeryd.log -l INFO
root       414  0.0  0.5 185780 42488 ?        S    12:37   0:00 python manage.py celeryd -f /var/log/celeryd.log -l INFO
root       415  0.0  0.5 185780 42504 ?        S    12:37   0:00 python manage.py celeryd -f /var/log/celeryd.log -l INFO
root       430  0.0  0.0  32536  6496 ?        S    12:37   0:00 nginx: master process /usr/sbin/nginx
root       431  0.0  0.2  63412 20540 ?        S    12:37   0:00 /usr/local/bin/uwsgi --ini /home/docker/code/confs/uwsgi.ini
www-data   432  0.0  0.0  32908  4076 ?        S    12:37   0:00 nginx: worker process
www-data   433  0.0  0.0  32908  4076 ?        S    12:37   0:00 nginx: worker process
www-data   434  0.0  0.0  32908  4076 ?        S    12:37   0:00 nginx: worker process
www-data   435  0.0  0.0  32908  4076 ?        S    12:37   0:00 nginx: worker process
root       436  0.0  0.1  63412 15868 ?        S    12:37   0:00 /usr/local/bin/uwsgi --ini /home/docker/code/confs/uwsgi.ini
root       437  0.0  0.1  63412 15868 ?        S    12:37   0:00 /usr/local/bin/uwsgi --ini /home/docker/code/confs/uwsgi.ini
root       438  0.0  0.1  63412 15868 ?        S    12:37   0:00 /usr/local/bin/uwsgi --ini /home/docker/code/confs/uwsgi.ini
root       439  0.0  0.1  63412 15868 ?        S    12:37   0:00 /usr/local/bin/uwsgi --ini /home/docker/code/confs/uwsgi.ini
root       755  0.0  0.0  59648  2936 ?        S    13:01   0:00 /USR/SBIN/CRON
root       756  0.0  0.0   4456   796 ?        Ss   13:01   0:00 /bin/sh -c /home/docker/code/scripts/system-heartbeat.sh  > /tmp/cron-system-heartbeat.log
root       757  0.0  0.0   9588  2344 ?        S    13:01   0:00 /bin/bash /home/docker/code/scripts/system-heartbeat.sh
root       758  0.0  0.0   9600  2472 ?        S    13:01   0:00 /bin/bash /home/docker/code/scripts/system-heartbeat.sh
root       759  0.0  0.0   4360   740 ?        S    13:01   0:00 tee /data/system-heartbeat/system-heartbeat-20180711-130101.log
root       782  0.0  0.0  15580  2072 ?        R    13:01   0:00 ps aux
 

------------------------------------------------------------------------------------ 


