Info-msg : Checking directory existence. 

/data/system-heartbeat/ directory exists
Info-msg : hostname of server (hostname). 

clixserver.tiss.edu
 

------------------------------------------------------------------------------------ 


Info-msg : internal ip addresses of the system (ip address). 

 

------------------------------------------------------------------------------------ 


Info-msg : external ip addresses of the system (public ip address). 

223.231.71.158
 

------------------------------------------------------------------------------------ 


Info-msg : RAM details (free -h). 

             total       used       free     shared    buffers     cached
Mem:          7.7G       3.5G       4.2G       241M       428M       1.1G
-/+ buffers/cache:       2.0G       5.7G
Swap:         7.6G         0B       7.6G
 

------------------------------------------------------------------------------------ 


Info-msg : HDD details (df -h). 

Filesystem      Size  Used Avail Use% Mounted on
overlay         908G   63G  799G   8% /
tmpfs            64M     0   64M   0% /dev
tmpfs           3.9G     0  3.9G   0% /sys/fs/cgroup
/dev/sda3       908G   63G  799G   8% /data
shm              64M     0   64M   0% /dev/shm
tmpfs           3.9G     0  3.9G   0% /proc/scsi
tmpfs           3.9G     0  3.9G   0% /sys/firmware
 

------------------------------------------------------------------------------------ 


Info-msg : Size description in '/data/'. 

8.0K	/data/2031006-mz6-activity-timestamp-csvs.tar.gz
45M	/data/2031006-mz6-assessment-media.tar.gz
4.0K	/data/2031006-mz6-gstudio_tools_logs.tar.gz
64K	/data/activity-timestamp-csvs
128M	/data/assessment-media
16K	/data/clixserver.tiss.edu
369M	/data/db
4.0K	/data/drop_database.sql
12K	/data/git-commit-details.log
4.0K	/data/gstudio-exported-users-analytics-csvs
96K	/data/gstudio-logs
8.0K	/data/local_settings.py
17G	/data/media
1.8G	/data/nginx-logs
504K	/data/pg_dump_all.sql
2.7M	/data/postgres-dump
2.2M	/data/qbank
672M	/data/rcs-repo
4.0K	/data/server_settings.py
124K	/data/system-heartbeat
 

------------------------------------------------------------------------------------ 


Info-msg : No of directories and files in '/data/media/'. 

No of directories : 4010 

No of files       : 9701 

 

------------------------------------------------------------------------------------ 


Info-msg : uptime (uptime). 

 13:01:14 up 15 min,  0 users,  load average: 0.37, 0.48, 0.51
 

------------------------------------------------------------------------------------ 


Info-msg : current process (uptime). 

USER       PID %CPU %MEM    VSZ   RSS TTY      STAT START   TIME COMMAND
root         1  0.0  0.0   4456   720 ?        Ss   12:46   0:00 /bin/sh -c /home/docker/code/scripts/initialize.sh  | sed -e "s/^/$(date +%Y%m%d-%H%M%S) :  /"  2>&1 | tee -a ${LOG_INSTALL_DOCKER}
root         6  0.0  0.0  18000  2880 ?        S    12:46   0:00 /bin/bash /home/docker/code/scripts/initialize.sh
root        12  0.0  0.0  10996  1396 ?        S    12:46   0:00 sed -e s/^/20190124-124643 :  /
root        14  0.0  0.0   4360  1308 ?        S    12:46   0:00 tee -a /root/DockerLogs/$(DATE_LOG)-gsd-install.log
root        15  8.5  2.1 348844 170408 ?       Sl   12:46   1:14 mongod --config /home/docker/code/confs/mongod.conf
root        17  0.0  0.0  23664  2208 ?        Ss   12:46   0:00 /usr/sbin/cron
postgres    36  0.0  0.2 244856 19192 ?        S    12:46   0:00 /usr/lib/postgresql/9.3/bin/postgres -D /var/lib/postgresql/9.3/main -c config_file=/etc/postgresql/9.3/main/postgresql.conf
postgres    69  0.0  0.0 244856  3504 ?        Ss   12:46   0:00 postgres: checkpointer process                                                                                              
postgres    70  0.0  0.0 244856  4600 ?        Ss   12:46   0:00 postgres: writer process                                                                                                    
postgres    71  0.0  0.0 244856  3504 ?        Ss   12:46   0:00 postgres: wal writer process                                                                                                
postgres    72  0.0  0.0 245732  6056 ?        Ss   12:46   0:00 postgres: autovacuum launcher process                                                                                       
postgres    73  0.0  0.0 100668  3680 ?        Ss   12:46   0:00 postgres: stats collector process                                                                                           
root       176  0.0  0.0  25356  2864 ?        Ss   12:46   0:00 /usr/lib/postfix/master
postfix    181  0.0  0.0  27420  2768 ?        S    12:46   0:00 pickup -l -t unix -u -c
postfix    182  0.0  0.0  27468  2892 ?        S    12:46   0:00 qmgr -l -t unix -u
root       190  0.0  0.0  61388  3076 ?        Ss   12:46   0:00 /usr/sbin/sshd
memcache   197  0.0  0.0 330536  7688 ?        Sl   12:46   0:00 /usr/bin/memcached -m 64 -p 11211 -u memcache -l 127.0.0.1
rabbitmq   226  0.0  0.0   7512    88 ?        S    12:46   0:00 /usr/lib/erlang/erts-5.10.4/bin/epmd -daemon
rabbitmq   250  0.0  0.0   4456   684 ?        S    12:46   0:00 /bin/sh /usr/sbin/rabbitmq-server
rabbitmq   295  0.6  1.1 2303880 93140 ?       Sl   12:46   0:05 /usr/lib/erlang/erts-5.10.4/bin/beam.smp -W w -K true -A30 -P 1048576 -- -root /usr/lib/erlang -progname erl -- -home /var/lib/rabbitmq -- -pa /usr/lib/rabbitmq/lib/rabbitmq_server-3.2.4/sbin/../ebin -noshell -noinput -s rabbit boot -sname rabbit@clixserver -boot start_sasl -kernel inet_default_connect_options [{nodelay,true}] -sasl errlog_type error -sasl sasl_error_logger false -rabbit error_logger {file,"/var/log/rabbitmq/rabbit@clixserver.log"} -rabbit sasl_error_logger {file,"/var/log/rabbitmq/rabbit@clixserver-sasl.log"} -rabbit enabled_plugins_file "/etc/rabbitmq/enabled_plugins" -rabbit plugins_dir "/usr/lib/rabbitmq/lib/rabbitmq_server-3.2.4/sbin/../plugins" -rabbit plugins_expand_dir "/var/lib/rabbitmq/mnesia/rabbit@clixserver-plugins-expand" -os_mon start_cpu_sup false -os_mon start_disksup false -os_mon start_memsup false -mnesia dir "/var/lib/rabbitmq/mnesia/rabbit@clixserver"
root       332  0.2  0.6 186432 50208 ?        S    12:46   0:01 python manage.py celeryd -f /var/log/celeryd.log -l INFO
rabbitmq   393  0.0  0.0   7476   888 ?        Ss   12:47   0:00 inet_gethost 4
rabbitmq   394  0.0  0.0   9568  1632 ?        S    12:47   0:00 inet_gethost 4
root       407  0.0  0.1  33152  9920 ?        S    12:47   0:00 python -m smtpd -n -c DebuggingServer localhost:1025
root       410  0.0  0.6 859092 56520 ?        Sl   12:47   0:00 python main.py
root       416  0.0  0.2  52492 16980 ?        S    12:47   0:00 /usr/bin/python /usr/bin/supervisord -n
root       417  0.0  0.5 185784 42624 ?        S    12:47   0:00 python manage.py celeryd -f /var/log/celeryd.log -l INFO
root       418  0.0  0.5 185780 42628 ?        S    12:47   0:00 python manage.py celeryd -f /var/log/celeryd.log -l INFO
root       419  0.0  0.5 185780 42632 ?        S    12:47   0:00 python manage.py celeryd -f /var/log/celeryd.log -l INFO
root       420  0.0  0.5 185780 42640 ?        S    12:47   0:00 python manage.py celeryd -f /var/log/celeryd.log -l INFO
root       435  0.0  0.0  32536  6492 ?        S    12:47   0:00 nginx: master process /usr/sbin/nginx
root       436  0.0  0.2  63412 20484 ?        S    12:47   0:00 /usr/local/bin/uwsgi --ini /home/docker/code/confs/uwsgi.ini
www-data   437  0.0  0.0  33236  6316 ?        S    12:47   0:00 nginx: worker process
www-data   438  0.0  0.0  33252  6404 ?        S    12:47   0:00 nginx: worker process
www-data   439  0.0  0.0  33224  6552 ?        S    12:47   0:00 nginx: worker process
www-data   440  0.0  0.0  33356  6840 ?        S    12:47   0:00 nginx: worker process
root       441  0.1  1.2 281944 103340 ?       S    12:47   0:01 /usr/local/bin/uwsgi --ini /home/docker/code/confs/uwsgi.ini
root       442  0.1  1.0 262964 84072 ?        S    12:47   0:00 /usr/local/bin/uwsgi --ini /home/docker/code/confs/uwsgi.ini
root       443  0.5  1.2 282508 103736 ?       S    12:47   0:04 /usr/local/bin/uwsgi --ini /home/docker/code/confs/uwsgi.ini
root       444  0.9  1.2 282188 103512 ?       S    12:47   0:08 /usr/local/bin/uwsgi --ini /home/docker/code/confs/uwsgi.ini
root       748  0.0  0.0  59648  3048 ?        S    13:01   0:00 /USR/SBIN/CRON
root       749  0.0  0.0   4456   772 ?        Ss   13:01   0:00 /bin/sh -c /home/docker/code/scripts/system-heartbeat.sh  > /tmp/cron-system-heartbeat.log
root       750  0.0  0.0   9588  2336 ?        S    13:01   0:00 /bin/bash /home/docker/code/scripts/system-heartbeat.sh
root       751  0.0  0.0   9600  2472 ?        S    13:01   0:00 /bin/bash /home/docker/code/scripts/system-heartbeat.sh
root       752  0.0  0.0   4360   652 ?        S    13:01   0:00 tee /data/system-heartbeat/system-heartbeat-20190124-130101.log
root       777  0.0  0.0  15580  2164 ?        R    13:01   0:00 ps aux
 

------------------------------------------------------------------------------------ 


