Info-msg : Checking directory existence. 

/data/system-heartbeat/ directory exists
Info-msg : hostname of server (hostname). 

clixserver.tiss.edu
 

------------------------------------------------------------------------------------ 


Info-msg : internal ip addresses of the system (ip address). 

 

------------------------------------------------------------------------------------ 


Info-msg : external ip addresses of the system (public ip address). 


 

------------------------------------------------------------------------------------ 


Info-msg : RAM details (free -h). 

             total       used       free     shared    buffers     cached
Mem:          7.7G       2.5G       5.2G       251M        82M       1.0G
-/+ buffers/cache:       1.4G       6.3G
Swap:         7.6G         0B       7.6G
 

------------------------------------------------------------------------------------ 


Info-msg : HDD details (df -h). 

Filesystem      Size  Used Avail Use% Mounted on
overlay         908G   63G  799G   8% /
tmpfs            64M     0   64M   0% /dev
tmpfs           3.9G     0  3.9G   0% /sys/fs/cgroup
/dev/sda3       908G   63G  799G   8% /data
shm              64M     0   64M   0% /dev/shm
tmpfs           3.9G     0  3.9G   0% /proc/scsi
tmpfs           3.9G     0  3.9G   0% /sys/firmware
 

------------------------------------------------------------------------------------ 


Info-msg : Size description in '/data/'. 

8.0K	/data/2031006-mz6-activity-timestamp-csvs.tar.gz
45M	/data/2031006-mz6-assessment-media.tar.gz
4.0K	/data/2031006-mz6-gstudio_tools_logs.tar.gz
64K	/data/activity-timestamp-csvs
128M	/data/assessment-media
16K	/data/clixserver.tiss.edu
369M	/data/db
4.0K	/data/drop_database.sql
12K	/data/git-commit-details.log
4.0K	/data/gstudio-exported-users-analytics-csvs
108K	/data/gstudio-logs
8.0K	/data/local_settings.py
17G	/data/media
1.8G	/data/nginx-logs
504K	/data/pg_dump_all.sql
2.7M	/data/postgres-dump
2.6M	/data/qbank
672M	/data/rcs-repo
4.0K	/data/server_settings.py
136K	/data/system-heartbeat
 

------------------------------------------------------------------------------------ 


Info-msg : No of directories and files in '/data/media/'. 

No of directories : 4010 

No of files       : 9701 

 

------------------------------------------------------------------------------------ 


Info-msg : uptime (uptime). 

 14:01:23 up 6 min,  0 users,  load average: 0.44, 0.89, 0.58
 

------------------------------------------------------------------------------------ 


Info-msg : current process (uptime). 

USER       PID %CPU %MEM    VSZ   RSS TTY      STAT START   TIME COMMAND
root         1  0.0  0.0   4456   728 ?        Ss   13:55   0:00 /bin/sh -c /home/docker/code/scripts/initialize.sh  | sed -e "s/^/$(date +%Y%m%d-%H%M%S) :  /"  2>&1 | tee -a ${LOG_INSTALL_DOCKER}
root         6  0.0  0.0  18000  2872 ?        S    13:55   0:00 /bin/bash /home/docker/code/scripts/initialize.sh
root        12  0.0  0.0  10996  1404 ?        S    13:55   0:00 sed -e s/^/20190124-135513 :  /
root        14  0.0  0.0   4360  1304 ?        S    13:55   0:00 tee -a /root/DockerLogs/$(DATE_LOG)-gsd-install.log
root        15  4.2  1.0 255924 87168 ?        Sl   13:55   0:15 mongod --config /home/docker/code/confs/mongod.conf
root        17  0.0  0.0  23664  2136 ?        Ss   13:55   0:00 /usr/sbin/cron
postgres    43  0.0  0.2 244856 19352 ?        S    13:55   0:00 /usr/lib/postgresql/9.3/bin/postgres -D /var/lib/postgresql/9.3/main -c config_file=/etc/postgresql/9.3/main/postgresql.conf
postgres   178  0.0  0.0 244856  3320 ?        Ss   13:55   0:00 postgres: checkpointer process                                                                                              
postgres   179  0.0  0.0 244856  4716 ?        Ss   13:55   0:00 postgres: writer process                                                                                                    
postgres   180  0.0  0.0 244856  3320 ?        Ss   13:55   0:00 postgres: wal writer process                                                                                                
postgres   181  0.0  0.0 245732  6084 ?        Ss   13:55   0:00 postgres: autovacuum launcher process                                                                                       
postgres   182  0.0  0.0 100532  3604 ?        Ss   13:55   0:00 postgres: stats collector process                                                                                           
root       183  0.0  0.0  25356  2912 ?        Ss   13:55   0:00 /usr/lib/postfix/master
postfix    188  0.0  0.0  27420  2860 ?        S    13:55   0:00 pickup -l -t unix -u -c
postfix    189  0.0  0.0  27468  2892 ?        S    13:55   0:00 qmgr -l -t unix -u
root       197  0.0  0.0  61388  3176 ?        Ss   13:55   0:00 /usr/sbin/sshd
rabbitmq   225  0.0  0.0   7512    88 ?        S    13:55   0:00 /usr/lib/erlang/erts-5.10.4/bin/epmd -daemon
rabbitmq   252  0.0  0.0   4456   856 ?        S    13:55   0:00 /bin/sh /usr/sbin/rabbitmq-server
rabbitmq   296  0.7  1.1 2302856 92524 ?       Sl   13:55   0:02 /usr/lib/erlang/erts-5.10.4/bin/beam.smp -W w -K true -A30 -P 1048576 -- -root /usr/lib/erlang -progname erl -- -home /var/lib/rabbitmq -- -pa /usr/lib/rabbitmq/lib/rabbitmq_server-3.2.4/sbin/../ebin -noshell -noinput -s rabbit boot -sname rabbit@clixserver -boot start_sasl -kernel inet_default_connect_options [{nodelay,true}] -sasl errlog_type error -sasl sasl_error_logger false -rabbit error_logger {file,"/var/log/rabbitmq/rabbit@clixserver.log"} -rabbit sasl_error_logger {file,"/var/log/rabbitmq/rabbit@clixserver-sasl.log"} -rabbit enabled_plugins_file "/etc/rabbitmq/enabled_plugins" -rabbit plugins_dir "/usr/lib/rabbitmq/lib/rabbitmq_server-3.2.4/sbin/../plugins" -rabbit plugins_expand_dir "/var/lib/rabbitmq/mnesia/rabbit@clixserver-plugins-expand" -os_mon start_cpu_sup false -os_mon start_disksup false -os_mon start_memsup false -mnesia dir "/var/lib/rabbitmq/mnesia/rabbit@clixserver"
rabbitmq   384  0.0  0.0   7476   972 ?        Ss   13:55   0:00 inet_gethost 4
rabbitmq   385  0.0  0.0   9568  1608 ?        S    13:55   0:00 inet_gethost 4
root       387  0.3  0.6 186432 49956 ?        S    13:55   0:01 python manage.py celeryd -f /var/log/celeryd.log -l INFO
root       410  0.0  0.1  33152  9932 ?        S    13:56   0:00 python -m smtpd -n -c DebuggingServer localhost:1025
root       413  0.1  0.6 859096 56520 ?        Sl   13:56   0:00 python main.py
root       415  0.0  0.5 185784 42412 ?        S    13:56   0:00 python manage.py celeryd -f /var/log/celeryd.log -l INFO
root       416  0.0  0.5 185780 42416 ?        S    13:56   0:00 python manage.py celeryd -f /var/log/celeryd.log -l INFO
root       417  0.0  0.5 185780 42420 ?        S    13:56   0:00 python manage.py celeryd -f /var/log/celeryd.log -l INFO
root       418  0.0  0.5 185780 42428 ?        S    13:56   0:00 python manage.py celeryd -f /var/log/celeryd.log -l INFO
root       424  0.0  0.2  52492 17016 ?        S    13:56   0:00 /usr/bin/python /usr/bin/supervisord -n
root       430  0.0  0.0  32536  6396 ?        S    13:56   0:00 nginx: master process /usr/sbin/nginx
root       431  0.0  0.2  63412 20476 ?        S    13:56   0:00 /usr/local/bin/uwsgi --ini /home/docker/code/confs/uwsgi.ini
www-data   442  0.0  0.0  32908  3928 ?        S    13:56   0:00 nginx: worker process
www-data   443  0.0  0.0  32908  3928 ?        S    13:56   0:00 nginx: worker process
www-data   444  0.0  0.0  32908  3928 ?        S    13:56   0:00 nginx: worker process
www-data   445  0.0  0.0  32908  3928 ?        S    13:56   0:00 nginx: worker process
root       446  0.0  0.1  63412 15744 ?        S    13:56   0:00 /usr/local/bin/uwsgi --ini /home/docker/code/confs/uwsgi.ini
root       447  0.0  0.1  63412 15744 ?        S    13:56   0:00 /usr/local/bin/uwsgi --ini /home/docker/code/confs/uwsgi.ini
root       448  0.0  0.1  63412 15744 ?        S    13:56   0:00 /usr/local/bin/uwsgi --ini /home/docker/code/confs/uwsgi.ini
root       449  0.0  0.1  63412 15744 ?        S    13:56   0:00 /usr/local/bin/uwsgi --ini /home/docker/code/confs/uwsgi.ini
root       511  0.0  0.0  59648  3048 ?        S    14:01   0:00 /USR/SBIN/CRON
root       512  0.0  0.0   4456   680 ?        Ss   14:01   0:00 /bin/sh -c /home/docker/code/scripts/system-heartbeat.sh  > /tmp/cron-system-heartbeat.log
root       513  0.0  0.0   9588  2296 ?        S    14:01   0:00 /bin/bash /home/docker/code/scripts/system-heartbeat.sh
root       514  0.0  0.0   9600  2536 ?        S    14:01   0:00 /bin/bash /home/docker/code/scripts/system-heartbeat.sh
root       515  0.0  0.0   4360   700 ?        S    14:01   0:00 tee /data/system-heartbeat/system-heartbeat-20190124-140101.log
root       540  0.0  0.0  15580  2204 ?        R    14:01   0:00 ps aux
 

------------------------------------------------------------------------------------ 


