Info-msg : Checking directory existence. 

/data/system-heartbeat/ directory exists
Info-msg : hostname of server (hostname). 

clixserver.tiss.edu
 

------------------------------------------------------------------------------------ 


Info-msg : internal ip addresses of the system (ip address). 

 

------------------------------------------------------------------------------------ 


Info-msg : external ip addresses of the system (public ip address). 


 

------------------------------------------------------------------------------------ 


Info-msg : RAM details (free -h). 

             total       used       free     shared    buffers     cached
Mem:          7.7G       2.2G       5.5G        18M       409M       643M
-/+ buffers/cache:       1.2G       6.5G
Swap:         7.6G         0B       7.6G
 

------------------------------------------------------------------------------------ 


Info-msg : HDD details (df -h). 

Filesystem      Size  Used Avail Use% Mounted on
overlay         908G   55G  807G   7% /
tmpfs            64M     0   64M   0% /dev
tmpfs           3.9G     0  3.9G   0% /sys/fs/cgroup
/dev/sda3       908G   55G  807G   7% /data
shm              64M     0   64M   0% /dev/shm
tmpfs           3.9G     0  3.9G   0% /proc/scsi
tmpfs           3.9G     0  3.9G   0% /sys/firmware
 

------------------------------------------------------------------------------------ 


Info-msg : Size description in '/data/'. 

4.0K	/data/2031005-mz5-activity-timestamp-csvs.tar.gz
44M	/data/2031005-mz5-assessment-media.tar.gz
4.0K	/data/2031005-mz5-gstudio_tools_logs.tar.gz
20K	/data/activity-timestamp-csvs
114M	/data/assessment-media
16K	/data/clixserver.tiss.edu
364M	/data/db
4.0K	/data/drop_database.sql
12K	/data/git-commit-details.log
1.2M	/data/gstudio-exported-users-analytics-csvs
12K	/data/gstudio-logs
92K	/data/gstudio_tools_logs
8.0K	/data/local_settings.py
17G	/data/media
92M	/data/nginx-logs
504K	/data/pg_dump_all.sql
2.2M	/data/postgres-dump
3.1M	/data/qbank
672M	/data/rcs-repo
4.0K	/data/server_settings.py
88K	/data/system-heartbeat
 

------------------------------------------------------------------------------------ 


Info-msg : No of directories and files in '/data/media/'. 

No of directories : 4002 

No of files       : 9629 

 

------------------------------------------------------------------------------------ 


Info-msg : uptime (uptime). 

 20:01:07 up 31 min,  0 users,  load average: 0.28, 0.19, 0.15
 

------------------------------------------------------------------------------------ 


Info-msg : current process (uptime). 

USER       PID %CPU %MEM    VSZ   RSS TTY      STAT START   TIME COMMAND
root         1  0.0  0.0   4456   672 ?        Ss   19:30   0:00 /bin/sh -c /home/docker/code/scripts/initialize.sh  | sed -e "s/^/$(date +%Y%m%d-%H%M%S) :  /"  2>&1 | tee -a ${LOG_INSTALL_DOCKER}
root         8  0.0  0.0  18000  2788 ?        S    19:30   0:00 /bin/bash /home/docker/code/scripts/initialize.sh
root         9  0.0  0.0  10996  1448 ?        S    19:30   0:00 sed -e s/^/20180711-193018 :  /
root        10  0.0  0.0   4360  1264 ?        S    19:30   0:00 tee -a /root/DockerLogs/$(DATE_LOG)-gsd-install.log
root        17  5.6  2.0 345752 169696 ?       Sl   19:30   1:45 mongod --config /home/docker/code/confs/mongod.conf
root        19  0.0  0.0  23664  2144 ?        Ss   19:30   0:00 /usr/sbin/cron
postgres    38  0.0  0.2 244856 19324 ?        S    19:30   0:00 /usr/lib/postgresql/9.3/bin/postgres -D /var/lib/postgresql/9.3/main -c config_file=/etc/postgresql/9.3/main/postgresql.conf
postgres    64  0.0  0.0 244992  5220 ?        Ss   19:30   0:00 postgres: checkpointer process                                                                                              
postgres    65  0.0  0.0 244856  4488 ?        Ss   19:30   0:00 postgres: writer process                                                                                                    
postgres    66  0.0  0.0 244856  3156 ?        Ss   19:30   0:00 postgres: wal writer process                                                                                                
postgres    67  0.0  0.0 245732  5868 ?        Ss   19:30   0:00 postgres: autovacuum launcher process                                                                                       
postgres    68  0.0  0.0 100668  3544 ?        Ss   19:30   0:00 postgres: stats collector process                                                                                           
root       171  0.0  0.0  25356  2908 ?        Ss   19:30   0:00 /usr/lib/postfix/master
postfix    176  0.0  0.0  27420  2784 ?        S    19:30   0:00 pickup -l -t unix -u -c
postfix    177  0.0  0.0  27468  2872 ?        S    19:30   0:00 qmgr -l -t unix -u
root       185  0.0  0.0  61388  3188 ?        Ss   19:30   0:00 /usr/sbin/sshd
memcache   192  0.0  0.0 330536  7656 ?        Sl   19:30   0:00 /usr/bin/memcached -m 64 -p 11211 -u memcache -l 127.0.0.1
rabbitmq   221  0.0  0.0   7512    88 ?        S    19:30   0:00 /usr/lib/erlang/erts-5.10.4/bin/epmd -daemon
rabbitmq   245  0.0  0.0   4456   788 ?        S    19:30   0:00 /bin/sh /usr/sbin/rabbitmq-server
rabbitmq   290  0.6  1.1 2303624 92868 ?       Sl   19:30   0:11 /usr/lib/erlang/erts-5.10.4/bin/beam.smp -W w -K true -A30 -P 1048576 -- -root /usr/lib/erlang -progname erl -- -home /var/lib/rabbitmq -- -pa /usr/lib/rabbitmq/lib/rabbitmq_server-3.2.4/sbin/../ebin -noshell -noinput -s rabbit boot -sname rabbit@clixserver -boot start_sasl -kernel inet_default_connect_options [{nodelay,true}] -sasl errlog_type error -sasl sasl_error_logger false -rabbit error_logger {file,"/var/log/rabbitmq/rabbit@clixserver.log"} -rabbit sasl_error_logger {file,"/var/log/rabbitmq/rabbit@clixserver-sasl.log"} -rabbit enabled_plugins_file "/etc/rabbitmq/enabled_plugins" -rabbit plugins_dir "/usr/lib/rabbitmq/lib/rabbitmq_server-3.2.4/sbin/../plugins" -rabbit plugins_expand_dir "/var/lib/rabbitmq/mnesia/rabbit@clixserver-plugins-expand" -os_mon start_cpu_sup false -os_mon start_disksup false -os_mon start_memsup false -mnesia dir "/var/lib/rabbitmq/mnesia/rabbit@clixserver"
root       327  0.1  0.6 186436 50012 ?        S    19:30   0:03 python manage.py celeryd -f /var/log/celeryd.log -l INFO
rabbitmq   388  0.0  0.0   7476   928 ?        Ss   19:30   0:00 inet_gethost 4
rabbitmq   389  0.0  0.0   9568  1584 ?        S    19:30   0:00 inet_gethost 4
root       402  0.0  0.1  33152  9712 ?        S    19:30   0:00 python -m smtpd -n -c DebuggingServer localhost:1025
root       404  0.0  0.5 185788 42412 ?        S    19:30   0:00 python manage.py celeryd -f /var/log/celeryd.log -l INFO
root       405  0.0  0.5 185784 42412 ?        S    19:30   0:00 python manage.py celeryd -f /var/log/celeryd.log -l INFO
root       406  0.0  0.5 185784 42416 ?        S    19:30   0:00 python manage.py celeryd -f /var/log/celeryd.log -l INFO
root       408  0.0  0.5 185784 42424 ?        S    19:30   0:00 python manage.py celeryd -f /var/log/celeryd.log -l INFO
root       409  0.0  0.6 859096 56512 ?        Sl   19:30   0:00 python main.py
root       415  0.0  0.2  52492 16980 ?        S    19:30   0:00 /usr/bin/python /usr/bin/supervisord -n
root       430  0.0  0.0  32536  6512 ?        S    19:30   0:00 nginx: master process /usr/sbin/nginx
root       431  0.0  0.2  63412 20540 ?        S    19:30   0:00 /usr/local/bin/uwsgi --ini /home/docker/code/confs/uwsgi.ini
www-data   432  0.0  0.0  33236  6504 ?        S    19:30   0:00 nginx: worker process
www-data   433  0.0  0.0  33224  6316 ?        S    19:30   0:00 nginx: worker process
www-data   434  0.0  0.0  33348  6612 ?        S    19:30   0:00 nginx: worker process
www-data   435  0.0  0.0  33244  6412 ?        S    19:30   0:00 nginx: worker process
root       436  0.0  1.0 263004 84312 ?        S    19:30   0:00 /usr/local/bin/uwsgi --ini /home/docker/code/confs/uwsgi.ini
root       437  0.0  0.1  63412 15816 ?        S    19:30   0:00 /usr/local/bin/uwsgi --ini /home/docker/code/confs/uwsgi.ini
root       438  0.0  0.1  63412 15816 ?        S    19:30   0:00 /usr/local/bin/uwsgi --ini /home/docker/code/confs/uwsgi.ini
root       439  0.1  1.2 282220 103416 ?       S    19:30   0:02 /usr/local/bin/uwsgi --ini /home/docker/code/confs/uwsgi.ini
root       913  0.0  0.0  59648  3056 ?        S    20:01   0:00 /USR/SBIN/CRON
root       914  0.0  0.0   4456   764 ?        Ss   20:01   0:00 /bin/sh -c /home/docker/code/scripts/system-heartbeat.sh  > /tmp/cron-system-heartbeat.log
root       915  0.0  0.0   9588  2348 ?        S    20:01   0:00 /bin/bash /home/docker/code/scripts/system-heartbeat.sh
root       916  0.0  0.0   9600  2472 ?        S    20:01   0:00 /bin/bash /home/docker/code/scripts/system-heartbeat.sh
root       917  0.0  0.0   4360   668 ?        S    20:01   0:00 tee /data/system-heartbeat/system-heartbeat-20180711-200101.log
root       938  0.0  0.0  15580  2132 ?        R    20:01   0:00 ps aux
 

------------------------------------------------------------------------------------ 


