Info-msg : Checking directory existence. 

/data/system-heartbeat/ directory exists
Info-msg : hostname of server (hostname). 

clixserver.tiss.edu
 

------------------------------------------------------------------------------------ 


Info-msg : internal ip addresses of the system (ip address). 

 

------------------------------------------------------------------------------------ 


Info-msg : external ip addresses of the system (public ip address). 


 

------------------------------------------------------------------------------------ 


Info-msg : RAM details (free -h). 

             total       used       free     shared    buffers     cached
Mem:          7.7G       1.4G       6.3G        83M        65M       577M
-/+ buffers/cache:       792M       6.9G
Swap:         7.6G         0B       7.6G
 

------------------------------------------------------------------------------------ 


Info-msg : HDD details (df -h). 

Filesystem      Size  Used Avail Use% Mounted on
overlay         908G   55G  807G   7% /
tmpfs            64M     0   64M   0% /dev
tmpfs           3.9G     0  3.9G   0% /sys/fs/cgroup
/dev/sda3       908G   55G  807G   7% /data
shm              64M     0   64M   0% /dev/shm
tmpfs           3.9G     0  3.9G   0% /proc/scsi
tmpfs           3.9G     0  3.9G   0% /sys/firmware
 

------------------------------------------------------------------------------------ 


Info-msg : Size description in '/data/'. 

4.0K	/data/2031005-mz5-activity-timestamp-csvs.tar.gz
44M	/data/2031005-mz5-assessment-media.tar.gz
4.0K	/data/2031005-mz5-gstudio_tools_logs.tar.gz
20K	/data/activity-timestamp-csvs
114M	/data/assessment-media
16K	/data/clixserver.tiss.edu
366M	/data/db
4.0K	/data/drop_database.sql
12K	/data/git-commit-details.log
1.7M	/data/gstudio-exported-users-analytics-csvs
12K	/data/gstudio-logs
92K	/data/gstudio_tools_logs
8.0K	/data/local_settings.py
17G	/data/media
121M	/data/nginx-logs
504K	/data/pg_dump_all.sql
2.2M	/data/postgres-dump
5.1M	/data/qbank
673M	/data/rcs-repo
4.0K	/data/server_settings.py
124K	/data/system-heartbeat
 

------------------------------------------------------------------------------------ 


Info-msg : No of directories and files in '/data/media/'. 

No of directories : 4002 

No of files       : 9629 

 

------------------------------------------------------------------------------------ 


Info-msg : uptime (uptime). 

 19:01:31 up 4 min,  0 users,  load average: 0.39, 0.62, 0.31
 

------------------------------------------------------------------------------------ 


Info-msg : current process (uptime). 

USER       PID %CPU %MEM    VSZ   RSS TTY      STAT START   TIME COMMAND
root         1  0.0  0.0   4456   676 ?        Ss   18:58   0:00 /bin/sh -c /home/docker/code/scripts/initialize.sh  | sed -e "s/^/$(date +%Y%m%d-%H%M%S) :  /"  2>&1 | tee -a ${LOG_INSTALL_DOCKER}
root         7  0.0  0.0  18000  2784 ?        S    18:58   0:00 /bin/bash /home/docker/code/scripts/initialize.sh
root        13  0.0  0.0  10996  1376 ?        S    18:58   0:00 sed -e s/^/20180829-185806 :  /
root        14  0.0  0.0   4360  1368 ?        S    18:58   0:00 tee -a /root/DockerLogs/$(DATE_LOG)-gsd-install.log
root        16  4.6  1.0 254204 86592 ?        Sl   18:58   0:09 mongod --config /home/docker/code/confs/mongod.conf
root        18  0.0  0.0  23664  2116 ?        Ss   18:58   0:00 /usr/sbin/cron
postgres    37  0.0  0.2 244856 19264 ?        S    18:58   0:00 /usr/lib/postgresql/9.3/bin/postgres -D /var/lib/postgresql/9.3/main -c config_file=/etc/postgresql/9.3/main/postgresql.conf
postgres    64  0.0  0.0 244856  3216 ?        Ss   18:58   0:00 postgres: checkpointer process                                                                                              
postgres    65  0.0  0.0 244856  4556 ?        Ss   18:58   0:00 postgres: writer process                                                                                                    
postgres    66  0.0  0.0 244856  3216 ?        Ss   18:58   0:00 postgres: wal writer process                                                                                                
postgres    67  0.0  0.0 245732  5900 ?        Ss   18:58   0:00 postgres: autovacuum launcher process                                                                                       
postgres    68  0.0  0.0 100668  3460 ?        Ss   18:58   0:00 postgres: stats collector process                                                                                           
root       171  0.0  0.0  25356  2756 ?        Ss   18:58   0:00 /usr/lib/postfix/master
postfix    176  0.0  0.0  27420  2828 ?        S    18:58   0:00 pickup -l -t unix -u -c
postfix    177  0.0  0.0  27468  2848 ?        S    18:58   0:00 qmgr -l -t unix -u
root       185  0.0  0.0  61388  3072 ?        Ss   18:58   0:00 /usr/sbin/sshd
memcache   192  0.0  0.0  63264  2556 ?        Sl   18:58   0:00 /usr/bin/memcached -m 64 -p 11211 -u memcache -l 127.0.0.1
rabbitmq   221  0.0  0.0   7512    88 ?        S    18:58   0:00 /usr/lib/erlang/erts-5.10.4/bin/epmd -daemon
rabbitmq   245  0.1  0.0   4456   784 ?        S    18:58   0:00 /bin/sh /usr/sbin/rabbitmq-server
rabbitmq   290  1.0  1.1 2303368 93036 ?       Sl   18:58   0:01 /usr/lib/erlang/erts-5.10.4/bin/beam.smp -W w -K true -A30 -P 1048576 -- -root /usr/lib/erlang -progname erl -- -home /var/lib/rabbitmq -- -pa /usr/lib/rabbitmq/lib/rabbitmq_server-3.2.4/sbin/../ebin -noshell -noinput -s rabbit boot -sname rabbit@clixserver -boot start_sasl -kernel inet_default_connect_options [{nodelay,true}] -sasl errlog_type error -sasl sasl_error_logger false -rabbit error_logger {file,"/var/log/rabbitmq/rabbit@clixserver.log"} -rabbit sasl_error_logger {file,"/var/log/rabbitmq/rabbit@clixserver-sasl.log"} -rabbit enabled_plugins_file "/etc/rabbitmq/enabled_plugins" -rabbit plugins_dir "/usr/lib/rabbitmq/lib/rabbitmq_server-3.2.4/sbin/../plugins" -rabbit plugins_expand_dir "/var/lib/rabbitmq/mnesia/rabbit@clixserver-plugins-expand" -os_mon start_cpu_sup false -os_mon start_disksup false -os_mon start_memsup false -mnesia dir "/var/lib/rabbitmq/mnesia/rabbit@clixserver"
root       327  0.5  0.6 186436 50224 ?        S    18:58   0:00 python manage.py celeryd -f /var/log/celeryd.log -l INFO
rabbitmq   388  0.1  0.0   7476   992 ?        Ss   18:58   0:00 inet_gethost 4
rabbitmq   389  0.0  0.0   9568  1676 ?        S    18:58   0:00 inet_gethost 4
root       402  0.0  0.1  33152  9908 ?        S    18:58   0:00 python -m smtpd -n -c DebuggingServer localhost:1025
root       405  0.2  0.6 859096 56444 ?        Sl   18:58   0:00 python main.py
root       410  0.0  0.5 185788 42568 ?        S    18:58   0:00 python manage.py celeryd -f /var/log/celeryd.log -l INFO
root       411  0.0  0.5 185784 42568 ?        S    18:58   0:00 python manage.py celeryd -f /var/log/celeryd.log -l INFO
root       412  0.0  0.5 185784 42572 ?        S    18:58   0:00 python manage.py celeryd -f /var/log/celeryd.log -l INFO
root       413  0.0  0.5 185784 42580 ?        S    18:58   0:00 python manage.py celeryd -f /var/log/celeryd.log -l INFO
root       415  0.0  0.2  52492 16992 ?        S    18:58   0:00 /usr/bin/python /usr/bin/supervisord -n
root       430  0.0  0.0  32536  6508 ?        S    18:58   0:00 nginx: master process /usr/sbin/nginx
root       431  0.0  0.2  63412 20524 ?        S    18:58   0:00 /usr/local/bin/uwsgi --ini /home/docker/code/confs/uwsgi.ini
www-data   432  0.0  0.0  32908  3840 ?        S    18:58   0:00 nginx: worker process
www-data   433  0.0  0.0  32908  3840 ?        S    18:58   0:00 nginx: worker process
www-data   434  0.0  0.0  32908  3840 ?        S    18:58   0:00 nginx: worker process
www-data   435  0.0  0.0  32908  3840 ?        S    18:58   0:00 nginx: worker process
root       436  0.0  0.1  63412 15904 ?        S    18:58   0:00 /usr/local/bin/uwsgi --ini /home/docker/code/confs/uwsgi.ini
root       437  0.0  0.1  63412 15904 ?        S    18:58   0:00 /usr/local/bin/uwsgi --ini /home/docker/code/confs/uwsgi.ini
root       438  0.0  0.1  63412 15904 ?        S    18:58   0:00 /usr/local/bin/uwsgi --ini /home/docker/code/confs/uwsgi.ini
root       439  0.0  0.1  63412 15904 ?        S    18:58   0:00 /usr/local/bin/uwsgi --ini /home/docker/code/confs/uwsgi.ini
root       472  0.0  0.0  59648  3064 ?        S    19:01   0:00 /USR/SBIN/CRON
root       473  0.0  0.0   4456   768 ?        Ss   19:01   0:00 /bin/sh -c /home/docker/code/scripts/system-heartbeat.sh  > /tmp/cron-system-heartbeat.log
root       474  0.0  0.0   9588  2320 ?        S    19:01   0:00 /bin/bash /home/docker/code/scripts/system-heartbeat.sh
root       475  0.0  0.0   9600  2576 ?        S    19:01   0:00 /bin/bash /home/docker/code/scripts/system-heartbeat.sh
root       476  0.0  0.0   4360   656 ?        S    19:01   0:00 tee /data/system-heartbeat/system-heartbeat-20180829-190101.log
root       504  0.0  0.0  15580  2160 ?        R    19:01   0:00 ps aux
 

------------------------------------------------------------------------------------ 


