Info-msg : Checking directory existence. 

/data/system-heartbeat/ directory exists
Info-msg : hostname of server (hostname). 

clixserver.tiss.edu
 

------------------------------------------------------------------------------------ 


Info-msg : internal ip addresses of the system (ip address). 

 

------------------------------------------------------------------------------------ 


Info-msg : external ip addresses of the system (public ip address). 


 

------------------------------------------------------------------------------------ 


Info-msg : RAM details (free -h). 

             total       used       free     shared    buffers     cached
Mem:          7.7G       7.5G       250M       230M       672M       4.7G
-/+ buffers/cache:       2.1G       5.6G
Swap:         7.6G       268K       7.6G
 

------------------------------------------------------------------------------------ 


Info-msg : HDD details (df -h). 

Filesystem      Size  Used Avail Use% Mounted on
overlay         908G   39G  823G   5% /
tmpfs            64M     0   64M   0% /dev
tmpfs           3.9G     0  3.9G   0% /sys/fs/cgroup
/dev/sda3       908G   39G  823G   5% /data
shm              64M     0   64M   0% /dev/shm
tmpfs           3.9G     0  3.9G   0% /proc/scsi
tmpfs           3.9G     0  3.9G   0% /sys/firmware
 

------------------------------------------------------------------------------------ 


Info-msg : Size description in '/data/'. 

16K	/data/clixserver.tiss.edu
361M	/data/db
4.0K	/data/drop_database.sql
88K	/data/gstudio-exported-users-analytics-csvs
4.0K	/data/gstudio-logs
17G	/data/media
4.0K	/data/nginx-logs
504K	/data/pg_dump_all.sql
2.5M	/data/postgres-dump
670M	/data/rcs-repo
16K	/data/system-heartbeat
 

------------------------------------------------------------------------------------ 


Info-msg : No of directories and files in '/data/media/'. 

No of directories : 4002 

No of files       : 9629 

 

------------------------------------------------------------------------------------ 


Info-msg : uptime (uptime). 

 17:01:22 up 29 min,  0 users,  load average: 1.36, 1.55, 1.66
 

------------------------------------------------------------------------------------ 


Info-msg : current process (uptime). 

USER       PID %CPU %MEM    VSZ   RSS TTY      STAT START   TIME COMMAND
root         1  0.0  0.0   4456   784 ?        Ss   16:46   0:00 /bin/sh -c /home/docker/code/scripts/initialize.sh  | sed -e "s/^/$(date +%Y%m%d-%H%M%S) :  /"  2>&1 | tee -a ${LOG_INSTALL_DOCKER}
root         8  0.0  0.0  18000  2928 ?        S    16:46   0:00 /bin/bash /home/docker/code/scripts/initialize.sh
root         9  0.0  0.0  10996  1476 ?        S    16:46   0:00 sed -e s/^/20180626-164611 :  /
root        10  0.0  0.0   4360  1400 ?        S    16:46   0:00 tee -a /root/DockerLogs/$(DATE_LOG)-gsd-install.log
root        17 64.7  2.4 398668 201428 ?       Sl   16:46   9:49 mongod --config /home/docker/code/confs/mongod.conf
root        19  0.0  0.0  23664  2184 ?        Ss   16:46   0:00 /usr/sbin/cron
postgres    37  0.0  0.2 244856 19500 ?        S    16:46   0:00 /usr/lib/postgresql/9.3/bin/postgres -D /var/lib/postgresql/9.3/main -c config_file=/etc/postgresql/9.3/main/postgresql.conf
postgres    58  0.0  0.0 245000  5428 ?        Ss   16:46   0:00 postgres: checkpointer process                                                                                              
postgres    59  0.0  0.0 244856  4648 ?        Ss   16:46   0:00 postgres: writer process                                                                                                    
postgres    60  0.0  0.0 244856  3216 ?        Ss   16:46   0:00 postgres: wal writer process                                                                                                
postgres    61  0.0  0.0 245732  5996 ?        Ss   16:46   0:00 postgres: autovacuum launcher process                                                                                       
postgres    62  0.0  0.0 100668  3476 ?        Ss   16:46   0:00 postgres: stats collector process                                                                                           
root       165  0.0  0.0  25356  2728 ?        Ss   16:46   0:00 /usr/lib/postfix/master
postfix    171  0.0  0.0  27420  2832 ?        S    16:46   0:00 pickup -l -t unix -u -c
postfix    173  0.0  0.0  27468  2876 ?        S    16:46   0:00 qmgr -l -t unix -u
root       179  0.0  0.0  61388  3156 ?        Ss   16:46   0:00 /usr/sbin/sshd
memcache   186  0.0  0.0 262948  5672 ?        Sl   16:46   0:00 /usr/bin/memcached -m 64 -p 11211 -u memcache -l 127.0.0.1
rabbitmq   215  0.0  0.0   7512    88 ?        S    16:46   0:00 /usr/lib/erlang/erts-5.10.4/bin/epmd -daemon
rabbitmq   239  0.0  0.0   4456   736 ?        S    16:46   0:00 /bin/sh /usr/sbin/rabbitmq-server
rabbitmq   284  0.4  1.1 2303880 93052 ?       Sl   16:46   0:03 /usr/lib/erlang/erts-5.10.4/bin/beam.smp -W w -K true -A30 -P 1048576 -- -root /usr/lib/erlang -progname erl -- -home /var/lib/rabbitmq -- -pa /usr/lib/rabbitmq/lib/rabbitmq_server-3.2.4/sbin/../ebin -noshell -noinput -s rabbit boot -sname rabbit@clixserver -boot start_sasl -kernel inet_default_connect_options [{nodelay,true}] -sasl errlog_type error -sasl sasl_error_logger false -rabbit error_logger {file,"/var/log/rabbitmq/rabbit@clixserver.log"} -rabbit sasl_error_logger {file,"/var/log/rabbitmq/rabbit@clixserver-sasl.log"} -rabbit enabled_plugins_file "/etc/rabbitmq/enabled_plugins" -rabbit plugins_dir "/usr/lib/rabbitmq/lib/rabbitmq_server-3.2.4/sbin/../plugins" -rabbit plugins_expand_dir "/var/lib/rabbitmq/mnesia/rabbit@clixserver-plugins-expand" -os_mon start_cpu_sup false -os_mon start_disksup false -os_mon start_memsup false -mnesia dir "/var/lib/rabbitmq/mnesia/rabbit@clixserver"
root       321  0.0  0.6 186496 50504 ?        S    16:46   0:00 python manage.py celeryd -f /var/log/celeryd.log -l INFO
root       389  0.0  0.5 185784 42564 ?        S    16:46   0:00 python manage.py celeryd -f /var/log/celeryd.log -l INFO
root       390  0.0  0.5 185780 42572 ?        S    16:46   0:00 python manage.py celeryd -f /var/log/celeryd.log -l INFO
root       391  0.0  0.5 185780 42572 ?        S    16:46   0:00 python manage.py celeryd -f /var/log/celeryd.log -l INFO
root       392  0.0  0.5 185780 42580 ?        S    16:46   0:00 python manage.py celeryd -f /var/log/celeryd.log -l INFO
root       406  0.0  0.1  33152  9892 ?        S    16:46   0:00 python -m smtpd -n -c DebuggingServer localhost:1025
root       415  0.0  0.2  52484 17116 ?        S    16:46   0:00 /usr/bin/python /usr/bin/supervisord -n
rabbitmq   423  0.0  0.0   7476   952 ?        Ss   16:46   0:00 inet_gethost 4
rabbitmq   424  0.0  0.0   9568  1664 ?        S    16:46   0:00 inet_gethost 4
root       426  0.0  0.2  63412 20628 ?        S    16:46   0:00 /usr/local/bin/uwsgi --ini /home/docker/code/confs/uwsgi.ini
root       427  0.0  0.1  63412 15748 ?        S    16:46   0:00 /usr/local/bin/uwsgi --ini /home/docker/code/confs/uwsgi.ini
root       428  0.0  0.1  63412 15748 ?        S    16:46   0:00 /usr/local/bin/uwsgi --ini /home/docker/code/confs/uwsgi.ini
root       429  0.0  0.1  63412 15748 ?        S    16:46   0:00 /usr/local/bin/uwsgi --ini /home/docker/code/confs/uwsgi.ini
root       430  0.0  0.1  63412 15748 ?        S    16:46   0:00 /usr/local/bin/uwsgi --ini /home/docker/code/confs/uwsgi.ini
root     21724  0.0  0.0   4456   780 pts/0    Ss+  16:57   0:00 /bin/sh -c /home/docker/code/scripts/analytics.sh  > /tmp/cron-analytics.log
root     21731  0.0  0.0  17972  2812 pts/0    S+   16:57   0:00 /bin/bash /home/docker/code/scripts/analytics.sh
root     21732  5.6  0.9 242624 79452 pts/0    S+   16:57   0:12 /usr/bin/python /home/docker/code/gstudio/gnowsys-ndf/manage.py export_users_analytics
postgres 21742  0.0  0.1 246196 10428 ?        Ss   16:57   0:00 postgres: glab gstudio_psql 127.0.0.1(36254) idle                                                                           
root     21790  0.0  0.0  59648  3016 ?        S    17:01   0:00 /USR/SBIN/CRON
root     21791  0.0  0.0   4456   764 ?        Ss   17:01   0:00 /bin/sh -c /home/docker/code/scripts/system-heartbeat.sh  > /tmp/cron-system-heartbeat.log
root     21792  0.0  0.0   9588  2340 ?        S    17:01   0:00 /bin/bash /home/docker/code/scripts/system-heartbeat.sh
root     21793  0.0  0.0   9600  2476 ?        S    17:01   0:00 /bin/bash /home/docker/code/scripts/system-heartbeat.sh
root     21794  0.0  0.0   4360   640 ?        S    17:01   0:00 tee /data/system-heartbeat/system-heartbeat-20180626-170101.log
root     21820  0.0  0.0  15580  2036 ?        R    17:01   0:00 ps aux
 

------------------------------------------------------------------------------------ 


