Info-msg : Checking directory existence. 

/data/system-heartbeat/ directory exists
Info-msg : hostname of server (hostname). 

clixserver.tiss.edu
 

------------------------------------------------------------------------------------ 


Info-msg : internal ip addresses of the system (ip address). 

 

------------------------------------------------------------------------------------ 


Info-msg : external ip addresses of the system (public ip address). 


 

------------------------------------------------------------------------------------ 


Info-msg : RAM details (free -h). 

             total       used       free     shared    buffers     cached
Mem:          7.7G       7.3G       393M       215M       673M       4.7G
-/+ buffers/cache:       1.9G       5.8G
Swap:         7.6G        12K       7.6G
 

------------------------------------------------------------------------------------ 


Info-msg : HDD details (df -h). 

Filesystem      Size  Used Avail Use% Mounted on
overlay         908G   39G  823G   5% /
tmpfs            64M     0   64M   0% /dev
tmpfs           3.9G     0  3.9G   0% /sys/fs/cgroup
/dev/sda3       908G   39G  823G   5% /data
shm              64M     0   64M   0% /dev/shm
tmpfs           3.9G     0  3.9G   0% /proc/scsi
tmpfs           3.9G     0  3.9G   0% /sys/firmware
 

------------------------------------------------------------------------------------ 


Info-msg : Size description in '/data/'. 

4.0K	/data/2031030-mz30-activity-timestamp-csvs.tar.gz
44M	/data/2031030-mz30-assessment-media.tar.gz
4.0K	/data/2031030-mz30-gstudio_tools_logs.tar.gz
64K	/data/activity-timestamp-csvs
114M	/data/assessment-media
16K	/data/clixserver.tiss.edu
361M	/data/db
4.0K	/data/drop_database.sql
12K	/data/git-commit-details.log
172K	/data/gstudio-exported-users-analytics-csvs
8.0K	/data/gstudio-logs
8.0K	/data/local_settings.py
17G	/data/media
8.0K	/data/nginx-logs
504K	/data/pg_dump_all.sql
2.7M	/data/postgres-dump
2.2M	/data/qbank
670M	/data/rcs-repo
4.0K	/data/server_settings.py
16K	/data/system-heartbeat
 

------------------------------------------------------------------------------------ 


Info-msg : No of directories and files in '/data/media/'. 

No of directories : 4002 

No of files       : 9629 

 

------------------------------------------------------------------------------------ 


Info-msg : uptime (uptime). 

 23:01:01 up 36 min,  0 users,  load average: 0.21, 0.81, 1.26
 

------------------------------------------------------------------------------------ 


Info-msg : current process (uptime). 

USER       PID %CPU %MEM    VSZ   RSS TTY      STAT START   TIME COMMAND
root         1  0.0  0.0   4456   676 ?        Ss   22:58   0:00 /bin/sh -c /home/docker/code/scripts/initialize.sh  | sed -e "s/^/$(date +%Y%m%d-%H%M%S) :  /"  2>&1 | tee -a ${LOG_INSTALL_DOCKER}
root         9  0.0  0.0  18000  2940 ?        S    22:58   0:00 /bin/bash /home/docker/code/scripts/initialize.sh
root        10  0.0  0.0  10996  1436 ?        S    22:58   0:00 sed -e s/^/20180629-225817 :  /
root        11  0.0  0.0   4360  1408 ?        S    22:58   0:00 tee -a /root/DockerLogs/$(DATE_LOG)-gsd-install.log
root        18  4.1  1.1 257280 88932 ?        Sl   22:58   0:06 mongod --config /home/docker/code/confs/mongod.conf
root        20  0.0  0.0  23664  2092 ?        Ss   22:58   0:00 /usr/sbin/cron
postgres    39  0.0  0.2 244856 19380 ?        S    22:58   0:00 /usr/lib/postgresql/9.3/bin/postgres -D /var/lib/postgresql/9.3/main -c config_file=/etc/postgresql/9.3/main/postgresql.conf
postgres    59  0.0  0.0 244856  3348 ?        Ss   22:58   0:00 postgres: checkpointer process                                                                                              
postgres    60  0.0  0.0 244856  4568 ?        Ss   22:58   0:00 postgres: writer process                                                                                                    
postgres    61  0.0  0.0 244856  3348 ?        Ss   22:58   0:00 postgres: wal writer process                                                                                                
postgres    62  0.0  0.0 245732  6244 ?        Ss   22:58   0:00 postgres: autovacuum launcher process                                                                                       
postgres    63  0.0  0.0 100668  3720 ?        Ss   22:58   0:00 postgres: stats collector process                                                                                           
root       166  0.0  0.0  25356  2764 ?        Ss   22:58   0:00 /usr/lib/postfix/master
postfix    171  0.0  0.0  27420  2756 ?        S    22:58   0:00 pickup -l -t unix -u -c
postfix    172  0.0  0.0  27468  2880 ?        S    22:58   0:00 qmgr -l -t unix -u
root       180  0.0  0.0  61388  3036 ?        Ss   22:58   0:00 /usr/sbin/sshd
memcache   187  0.0  0.0  63264  2584 ?        Sl   22:58   0:00 /usr/bin/memcached -m 64 -p 11211 -u memcache -l 127.0.0.1
rabbitmq   216  0.0  0.0   7512    88 ?        S    22:58   0:00 /usr/lib/erlang/erts-5.10.4/bin/epmd -daemon
rabbitmq   243  0.1  0.0   4456   788 ?        S    22:58   0:00 /bin/sh /usr/sbin/rabbitmq-server
rabbitmq   287  1.0  1.1 2302856 93168 ?       Sl   22:58   0:01 /usr/lib/erlang/erts-5.10.4/bin/beam.smp -W w -K true -A30 -P 1048576 -- -root /usr/lib/erlang -progname erl -- -home /var/lib/rabbitmq -- -pa /usr/lib/rabbitmq/lib/rabbitmq_server-3.2.4/sbin/../ebin -noshell -noinput -s rabbit boot -sname rabbit@clixserver -boot start_sasl -kernel inet_default_connect_options [{nodelay,true}] -sasl errlog_type error -sasl sasl_error_logger false -rabbit error_logger {file,"/var/log/rabbitmq/rabbit@clixserver.log"} -rabbit sasl_error_logger {file,"/var/log/rabbitmq/rabbit@clixserver-sasl.log"} -rabbit enabled_plugins_file "/etc/rabbitmq/enabled_plugins" -rabbit plugins_dir "/usr/lib/rabbitmq/lib/rabbitmq_server-3.2.4/sbin/../plugins" -rabbit plugins_expand_dir "/var/lib/rabbitmq/mnesia/rabbit@clixserver-plugins-expand" -os_mon start_cpu_sup false -os_mon start_disksup false -os_mon start_memsup false -mnesia dir "/var/lib/rabbitmq/mnesia/rabbit@clixserver"
rabbitmq   374  0.1  0.0   7476   916 ?        Ss   22:58   0:00 inet_gethost 4
rabbitmq   375  0.0  0.0   9568  1580 ?        S    22:58   0:00 inet_gethost 4
root       377  0.3  0.6 186440 50232 ?        S    22:58   0:00 python manage.py celeryd -f /var/log/celeryd.log -l INFO
root       400  0.0  0.1  33152  9996 ?        S    22:58   0:00 python -m smtpd -n -c DebuggingServer localhost:1025
root       403  0.1  0.7 859096 56584 ?        Sl   22:58   0:00 python main.py
root       409  0.0  0.2  52492 16960 ?        S    22:58   0:00 /usr/bin/python /usr/bin/supervisord -n
root       410  0.0  0.5 185792 42512 ?        S    22:58   0:00 python manage.py celeryd -f /var/log/celeryd.log -l INFO
root       411  0.0  0.5 185788 42516 ?        S    22:58   0:00 python manage.py celeryd -f /var/log/celeryd.log -l INFO
root       412  0.0  0.5 185788 42516 ?        S    22:58   0:00 python manage.py celeryd -f /var/log/celeryd.log -l INFO
root       413  0.0  0.5 185788 42524 ?        S    22:58   0:00 python manage.py celeryd -f /var/log/celeryd.log -l INFO
root       428  0.0  0.0  32536  6404 ?        S    22:58   0:00 nginx: master process /usr/sbin/nginx
root       429  0.0  0.2  63412 20532 ?        S    22:58   0:00 /usr/local/bin/uwsgi --ini /home/docker/code/confs/uwsgi.ini
www-data   430  0.0  0.0  32908  3952 ?        S    22:58   0:00 nginx: worker process
www-data   431  0.0  0.0  32908  3952 ?        S    22:58   0:00 nginx: worker process
www-data   432  0.0  0.0  32908  3952 ?        S    22:58   0:00 nginx: worker process
www-data   433  0.0  0.0  32908  3952 ?        S    22:58   0:00 nginx: worker process
root       434  0.0  0.1  63412 15900 ?        S    22:58   0:00 /usr/local/bin/uwsgi --ini /home/docker/code/confs/uwsgi.ini
root       435  0.0  0.1  63412 15900 ?        S    22:58   0:00 /usr/local/bin/uwsgi --ini /home/docker/code/confs/uwsgi.ini
root       436  0.0  0.1  63412 15900 ?        S    22:58   0:00 /usr/local/bin/uwsgi --ini /home/docker/code/confs/uwsgi.ini
root       437  0.0  0.1  63412 15900 ?        S    22:58   0:00 /usr/local/bin/uwsgi --ini /home/docker/code/confs/uwsgi.ini
root       472  0.0  0.0  59648  3044 ?        S    23:01   0:00 /USR/SBIN/CRON
root       473  0.0  0.0   4456   720 ?        Ss   23:01   0:00 /bin/sh -c /home/docker/code/scripts/system-heartbeat.sh  > /tmp/cron-system-heartbeat.log
root       474  0.0  0.0   9588  2344 ?        S    23:01   0:00 /bin/bash /home/docker/code/scripts/system-heartbeat.sh
root       475  0.0  0.0   9600  2472 ?        S    23:01   0:00 /bin/bash /home/docker/code/scripts/system-heartbeat.sh
root       476  0.0  0.0   4360   640 ?        S    23:01   0:00 tee /data/system-heartbeat/system-heartbeat-20180629-230101.log
root       497  0.0  0.0  15580  2124 ?        R    23:01   0:00 ps aux
 

------------------------------------------------------------------------------------ 


