Info-msg : Checking directory existence. 

/data/system-heartbeat/ directory exists
Info-msg : hostname of server (hostname). 

clixserver.tiss.edu
 

------------------------------------------------------------------------------------ 


Info-msg : internal ip addresses of the system (ip address). 

 

------------------------------------------------------------------------------------ 


Info-msg : external ip addresses of the system (public ip address). 


 

------------------------------------------------------------------------------------ 


Info-msg : RAM details (free -h). 

             total       used       free     shared    buffers     cached
Mem:          7.7G       3.9G       3.7G       219M       525M       1.4G
-/+ buffers/cache:       2.0G       5.7G
Swap:         7.6G         0B       7.6G
 

------------------------------------------------------------------------------------ 


Info-msg : HDD details (df -h). 

Filesystem      Size  Used Avail Use% Mounted on
overlay         908G   55G  808G   7% /
tmpfs            64M     0   64M   0% /dev
tmpfs           3.9G     0  3.9G   0% /sys/fs/cgroup
/dev/sda3       908G   55G  808G   7% /data
shm              64M     0   64M   0% /dev/shm
tmpfs           3.9G     0  3.9G   0% /proc/scsi
tmpfs           3.9G     0  3.9G   0% /sys/firmware
 

------------------------------------------------------------------------------------ 


Info-msg : Size description in '/data/'. 

8.0K	/data/2031030-mz30-activity-timestamp-csvs.tar.gz
44M	/data/2031030-mz30-assessment-media.tar.gz
4.0K	/data/2031030-mz30-gstudio_tools_logs.tar.gz
64K	/data/activity-timestamp-csvs
114M	/data/assessment-media
16K	/data/clixserver.tiss.edu
363M	/data/db
4.0K	/data/drop_database.sql
12K	/data/git-commit-details.log
704K	/data/gstudio-exported-users-analytics-csvs
8.0K	/data/gstudio-logs
8.0K	/data/local_settings.py
17G	/data/media
53M	/data/nginx-logs
504K	/data/pg_dump_all.sql
2.7M	/data/postgres-dump
3.3M	/data/qbank
670M	/data/rcs-repo
4.0K	/data/server_settings.py
64K	/data/system-heartbeat
 

------------------------------------------------------------------------------------ 


Info-msg : No of directories and files in '/data/media/'. 

No of directories : 4002 

No of files       : 9629 

 

------------------------------------------------------------------------------------ 


Info-msg : uptime (uptime). 

 21:01:21 up  1:48,  0 users,  load average: 0.18, 0.22, 0.19
 

------------------------------------------------------------------------------------ 


Info-msg : current process (uptime). 

USER       PID %CPU %MEM    VSZ   RSS TTY      STAT START   TIME COMMAND
root         1  0.0  0.0   4456   712 ?        Ss   19:13   0:00 /bin/sh -c /home/docker/code/scripts/initialize.sh  | sed -e "s/^/$(date +%Y%m%d-%H%M%S) :  /"  2>&1 | tee -a ${LOG_INSTALL_DOCKER}
root         8  0.0  0.0  18000  2884 ?        S    19:13   0:00 /bin/bash /home/docker/code/scripts/initialize.sh
root        14  0.0  0.0  10996  1468 ?        S    19:13   0:00 sed -e s/^/20180809-191356 :  /
root        16  0.0  0.0   4360  1312 ?        S    19:13   0:00 tee -a /root/DockerLogs/$(DATE_LOG)-gsd-install.log
root        17 12.0  2.8 445156 228824 ?       Sl   19:13  12:55 mongod --config /home/docker/code/confs/mongod.conf
root        19  0.0  0.0  23664  2212 ?        Ss   19:13   0:00 /usr/sbin/cron
postgres    38  0.0  0.2 244856 19168 ?        S    19:14   0:00 /usr/lib/postgresql/9.3/bin/postgres -D /var/lib/postgresql/9.3/main -c config_file=/etc/postgresql/9.3/main/postgresql.conf
postgres    68  0.0  0.0 244992  5640 ?        Ss   19:14   0:00 postgres: checkpointer process                                                                                              
postgres    69  0.0  0.0 244856  4516 ?        Ss   19:14   0:00 postgres: writer process                                                                                                    
postgres    70  0.0  0.0 244856  3364 ?        Ss   19:14   0:00 postgres: wal writer process                                                                                                
postgres    71  0.0  0.0 245732  6128 ?        Ss   19:14   0:00 postgres: autovacuum launcher process                                                                                       
postgres    72  0.0  0.0 100820  3724 ?        Ss   19:14   0:00 postgres: stats collector process                                                                                           
root       175  0.0  0.0  25356  2940 ?        Ss   19:14   0:00 /usr/lib/postfix/master
postfix    181  0.0  0.0  27468  2804 ?        S    19:14   0:00 qmgr -l -t unix -u
root       189  0.0  0.0  61388  3136 ?        Ss   19:14   0:00 /usr/sbin/sshd
memcache   196  0.0  0.1 335580 12964 ?        Sl   19:14   0:00 /usr/bin/memcached -m 64 -p 11211 -u memcache -l 127.0.0.1
rabbitmq   225  0.0  0.0   7512    92 ?        S    19:14   0:00 /usr/lib/erlang/erts-5.10.4/bin/epmd -daemon
rabbitmq   252  0.0  0.0   4456   732 ?        S    19:14   0:00 /bin/sh /usr/sbin/rabbitmq-server
rabbitmq   296  0.4  1.1 2303112 92740 ?       Sl   19:14   0:31 /usr/lib/erlang/erts-5.10.4/bin/beam.smp -W w -K true -A30 -P 1048576 -- -root /usr/lib/erlang -progname erl -- -home /var/lib/rabbitmq -- -pa /usr/lib/rabbitmq/lib/rabbitmq_server-3.2.4/sbin/../ebin -noshell -noinput -s rabbit boot -sname rabbit@clixserver -boot start_sasl -kernel inet_default_connect_options [{nodelay,true}] -sasl errlog_type error -sasl sasl_error_logger false -rabbit error_logger {file,"/var/log/rabbitmq/rabbit@clixserver.log"} -rabbit sasl_error_logger {file,"/var/log/rabbitmq/rabbit@clixserver-sasl.log"} -rabbit enabled_plugins_file "/etc/rabbitmq/enabled_plugins" -rabbit plugins_dir "/usr/lib/rabbitmq/lib/rabbitmq_server-3.2.4/sbin/../plugins" -rabbit plugins_expand_dir "/var/lib/rabbitmq/mnesia/rabbit@clixserver-plugins-expand" -os_mon start_cpu_sup false -os_mon start_disksup false -os_mon start_memsup false -mnesia dir "/var/lib/rabbitmq/mnesia/rabbit@clixserver"
rabbitmq   383  0.0  0.0   7476   976 ?        Ss   19:14   0:00 inet_gethost 4
rabbitmq   384  0.0  0.0   9568  1672 ?        S    19:14   0:00 inet_gethost 4
root       386  0.0  0.6 186400 50136 ?        S    19:14   0:00 python manage.py celeryd -f /var/log/celeryd.log -l INFO
root       409  0.0  0.1  33152  9816 ?        S    19:14   0:00 python -m smtpd -n -c DebuggingServer localhost:1025
root       412  0.0  0.7 859096 56460 ?        Sl   19:14   0:00 python main.py
root       417  0.0  0.5 185776 42572 ?        S    19:14   0:00 python manage.py celeryd -f /var/log/celeryd.log -l INFO
root       418  0.0  0.5 185776 42576 ?        S    19:14   0:00 python manage.py celeryd -f /var/log/celeryd.log -l INFO
root       419  0.0  0.5 185776 42580 ?        S    19:14   0:00 python manage.py celeryd -f /var/log/celeryd.log -l INFO
root       420  0.0  0.5 185776 42588 ?        S    19:14   0:00 python manage.py celeryd -f /var/log/celeryd.log -l INFO
root       422  0.0  0.2  52492 16940 ?        S    19:14   0:01 /usr/bin/python /usr/bin/supervisord -n
root       437  0.0  0.0  32536  6472 ?        S    19:14   0:00 nginx: master process /usr/sbin/nginx
root       438  0.0  0.2  63412 20604 ?        S    19:14   0:00 /usr/local/bin/uwsgi --ini /home/docker/code/confs/uwsgi.ini
www-data   439  0.0  0.0  33392  6756 ?        S    19:14   0:00 nginx: worker process
www-data   440  0.0  0.0  33396  7036 ?        S    19:14   0:01 nginx: worker process
www-data   441  0.0  0.0  33376  6752 ?        S    19:14   0:03 nginx: worker process
www-data   442  0.0  0.0  33652  7024 ?        S    19:14   0:02 nginx: worker process
root       443  0.1  1.2 281460 102988 ?       S    19:14   0:07 /usr/local/bin/uwsgi --ini /home/docker/code/confs/uwsgi.ini
root       444  0.0  1.2 282308 103660 ?       S    19:14   0:04 /usr/local/bin/uwsgi --ini /home/docker/code/confs/uwsgi.ini
root       445  0.1  1.2 281772 103236 ?       S    19:14   0:09 /usr/local/bin/uwsgi --ini /home/docker/code/confs/uwsgi.ini
root       446  0.5  1.2 282040 103624 ?       S    19:14   0:33 /usr/local/bin/uwsgi --ini /home/docker/code/confs/uwsgi.ini
postfix   2631  0.0  0.0  27420  2820 ?        S    20:52   0:00 pickup -l -t unix -u -c
root      3089  0.0  0.0  59648  2996 ?        S    21:01   0:00 /USR/SBIN/CRON
root      3090  0.0  0.0   4456   788 ?        Ss   21:01   0:00 /bin/sh -c /home/docker/code/scripts/system-heartbeat.sh  > /tmp/cron-system-heartbeat.log
root      3091  0.0  0.0   9588  2228 ?        S    21:01   0:00 /bin/bash /home/docker/code/scripts/system-heartbeat.sh
root      3092  0.0  0.0   9600  2468 ?        S    21:01   0:00 /bin/bash /home/docker/code/scripts/system-heartbeat.sh
root      3093  0.0  0.0   4360   660 ?        S    21:01   0:00 tee /data/system-heartbeat/system-heartbeat-20180809-210101.log
root      3133  0.0  0.0  15580  2164 ?        R    21:01   0:00 ps aux
 

------------------------------------------------------------------------------------ 


