Info-msg : Checking directory existence. 

/data/system-heartbeat/ directory exists
Info-msg : hostname of server (hostname). 

clixserver.tiss.edu
 

------------------------------------------------------------------------------------ 


Info-msg : internal ip addresses of the system (ip address). 

 

------------------------------------------------------------------------------------ 


Info-msg : external ip addresses of the system (public ip address). 


 

------------------------------------------------------------------------------------ 


Info-msg : RAM details (free -h). 

             total       used       free     shared    buffers     cached
Mem:          7.7G       3.6G       4.1G       238M       772M       1.0G
-/+ buffers/cache:       1.9G       5.8G
Swap:         7.6G         0B       7.6G
 

------------------------------------------------------------------------------------ 


Info-msg : HDD details (df -h). 

Filesystem      Size  Used Avail Use% Mounted on
overlay         908G   55G  808G   7% /
tmpfs            64M     0   64M   0% /dev
tmpfs           3.9G     0  3.9G   0% /sys/fs/cgroup
/dev/sda3       908G   55G  808G   7% /data
shm              64M     0   64M   0% /dev/shm
tmpfs           3.9G     0  3.9G   0% /proc/scsi
tmpfs           3.9G     0  3.9G   0% /sys/firmware
 

------------------------------------------------------------------------------------ 


Info-msg : Size description in '/data/'. 

8.0K	/data/2031030-mz30-activity-timestamp-csvs.tar.gz
44M	/data/2031030-mz30-assessment-media.tar.gz
4.0K	/data/2031030-mz30-gstudio_tools_logs.tar.gz
64K	/data/activity-timestamp-csvs
114M	/data/assessment-media
16K	/data/clixserver.tiss.edu
361M	/data/db
4.0K	/data/drop_database.sql
12K	/data/git-commit-details.log
340K	/data/gstudio-exported-users-analytics-csvs
8.0K	/data/gstudio-logs
8.0K	/data/local_settings.py
17G	/data/media
556K	/data/nginx-logs
504K	/data/pg_dump_all.sql
2.7M	/data/postgres-dump
1.7M	/data/qbank
670M	/data/rcs-repo
4.0K	/data/server_settings.py
28K	/data/system-heartbeat
 

------------------------------------------------------------------------------------ 


Info-msg : No of directories and files in '/data/media/'. 

No of directories : 4002 

No of files       : 9629 

 

------------------------------------------------------------------------------------ 


Info-msg : uptime (uptime). 

 23:01:02 up 24 min,  0 users,  load average: 0.11, 0.14, 0.23
 

------------------------------------------------------------------------------------ 


Info-msg : current process (uptime). 

USER       PID %CPU %MEM    VSZ   RSS TTY      STAT START   TIME COMMAND
root         1  0.0  0.0   4456   724 ?        Ss   22:36   0:00 /bin/sh -c /home/docker/code/scripts/initialize.sh  | sed -e "s/^/$(date +%Y%m%d-%H%M%S) :  /"  2>&1 | tee -a ${LOG_INSTALL_DOCKER}
root         9  0.0  0.0  18000  2884 ?        S    22:37   0:00 /bin/bash /home/docker/code/scripts/initialize.sh
root        15  0.0  0.0  10996  1492 ?        S    22:37   0:00 sed -e s/^/20180723-223703 :  /
root        17  0.0  0.0   4360  1308 ?        S    22:37   0:00 tee -a /root/DockerLogs/$(DATE_LOG)-gsd-install.log
root        18  5.1  2.0 336212 161340 ?       Sl   22:37   1:13 mongod --config /home/docker/code/confs/mongod.conf
root        20  0.0  0.0  23664  2056 ?        Ss   22:37   0:00 /usr/sbin/cron
postgres    39  0.0  0.2 244856 19272 ?        S    22:37   0:00 /usr/lib/postgresql/9.3/bin/postgres -D /var/lib/postgresql/9.3/main -c config_file=/etc/postgresql/9.3/main/postgresql.conf
postgres    69  0.0  0.0 244856  3280 ?        Ss   22:37   0:00 postgres: checkpointer process                                                                                              
postgres    70  0.0  0.0 244856  4684 ?        Ss   22:37   0:00 postgres: writer process                                                                                                    
postgres    71  0.0  0.0 244856  3280 ?        Ss   22:37   0:00 postgres: wal writer process                                                                                                
postgres    72  0.0  0.0 245732  5840 ?        Ss   22:37   0:00 postgres: autovacuum launcher process                                                                                       
postgres    73  0.0  0.0 100668  3484 ?        Ss   22:37   0:00 postgres: stats collector process                                                                                           
root       176  0.0  0.0  25356  2912 ?        Ss   22:37   0:00 /usr/lib/postfix/master
postfix    181  0.0  0.0  27420  2732 ?        S    22:37   0:00 pickup -l -t unix -u -c
postfix    182  0.0  0.0  27468  2844 ?        S    22:37   0:00 qmgr -l -t unix -u
root       190  0.0  0.0  61388  3108 ?        Ss   22:37   0:00 /usr/sbin/sshd
memcache   197  0.0  0.0 198436  6616 ?        Sl   22:37   0:00 /usr/bin/memcached -m 64 -p 11211 -u memcache -l 127.0.0.1
rabbitmq   226  0.0  0.0   7512    88 ?        S    22:37   0:00 /usr/lib/erlang/erts-5.10.4/bin/epmd -daemon
rabbitmq   250  0.0  0.0   4456   764 ?        S    22:37   0:00 /bin/sh /usr/sbin/rabbitmq-server
rabbitmq   295  0.5  1.1 2303112 92628 ?       Sl   22:37   0:08 /usr/lib/erlang/erts-5.10.4/bin/beam.smp -W w -K true -A30 -P 1048576 -- -root /usr/lib/erlang -progname erl -- -home /var/lib/rabbitmq -- -pa /usr/lib/rabbitmq/lib/rabbitmq_server-3.2.4/sbin/../ebin -noshell -noinput -s rabbit boot -sname rabbit@clixserver -boot start_sasl -kernel inet_default_connect_options [{nodelay,true}] -sasl errlog_type error -sasl sasl_error_logger false -rabbit error_logger {file,"/var/log/rabbitmq/rabbit@clixserver.log"} -rabbit sasl_error_logger {file,"/var/log/rabbitmq/rabbit@clixserver-sasl.log"} -rabbit enabled_plugins_file "/etc/rabbitmq/enabled_plugins" -rabbit plugins_dir "/usr/lib/rabbitmq/lib/rabbitmq_server-3.2.4/sbin/../plugins" -rabbit plugins_expand_dir "/var/lib/rabbitmq/mnesia/rabbit@clixserver-plugins-expand" -os_mon start_cpu_sup false -os_mon start_disksup false -os_mon start_memsup false -mnesia dir "/var/lib/rabbitmq/mnesia/rabbit@clixserver"
root       332  0.1  0.6 186428 50188 ?        S    22:37   0:02 python manage.py celeryd -f /var/log/celeryd.log -l INFO
rabbitmq   393  0.0  0.0   7476   888 ?        Ss   22:37   0:00 inet_gethost 4
rabbitmq   394  0.0  0.0   9568  1632 ?        S    22:37   0:00 inet_gethost 4
root       407  0.0  0.1  33152  9988 ?        S    22:37   0:00 python -m smtpd -n -c DebuggingServer localhost:1025
root       410  0.0  0.7 859096 56504 ?        Sl   22:37   0:00 python main.py
root       414  0.0  0.5 185780 42556 ?        S    22:37   0:00 python manage.py celeryd -f /var/log/celeryd.log -l INFO
root       415  0.0  0.5 185776 42560 ?        S    22:37   0:00 python manage.py celeryd -f /var/log/celeryd.log -l INFO
root       416  0.0  0.5 185776 42564 ?        S    22:37   0:00 python manage.py celeryd -f /var/log/celeryd.log -l INFO
root       417  0.0  0.5 185776 42572 ?        S    22:37   0:00 python manage.py celeryd -f /var/log/celeryd.log -l INFO
root       420  0.0  0.2  52492 17088 ?        S    22:37   0:00 /usr/bin/python /usr/bin/supervisord -n
root       435  0.0  0.0  32536  6392 ?        S    22:37   0:00 nginx: master process /usr/sbin/nginx
root       436  0.0  0.2  63412 20524 ?        S    22:37   0:00 /usr/local/bin/uwsgi --ini /home/docker/code/confs/uwsgi.ini
www-data   437  0.0  0.0  32908  3956 ?        S    22:37   0:00 nginx: worker process
www-data   438  0.0  0.0  33052  5772 ?        S    22:37   0:00 nginx: worker process
www-data   439  0.0  0.0  32908  3956 ?        S    22:37   0:00 nginx: worker process
www-data   440  0.0  0.0  32908  6424 ?        S    22:37   0:00 nginx: worker process
root       441  0.0  1.0 260400 81400 ?        S    22:37   0:00 /usr/local/bin/uwsgi --ini /home/docker/code/confs/uwsgi.ini
root       442  0.0  0.1  63412 15816 ?        S    22:37   0:00 /usr/local/bin/uwsgi --ini /home/docker/code/confs/uwsgi.ini
root       443  0.0  0.1  63412 15816 ?        S    22:37   0:00 /usr/local/bin/uwsgi --ini /home/docker/code/confs/uwsgi.ini
root       444  0.0  1.0 262372 83636 ?        S    22:37   0:00 /usr/local/bin/uwsgi --ini /home/docker/code/confs/uwsgi.ini
root       791  0.0  0.0  59648  2988 ?        S    23:01   0:00 /USR/SBIN/CRON
root       792  0.0  0.0   4456   688 ?        Ss   23:01   0:00 /bin/sh -c /home/docker/code/scripts/system-heartbeat.sh  > /tmp/cron-system-heartbeat.log
root       793  0.0  0.0   9588  2304 ?        S    23:01   0:00 /bin/bash /home/docker/code/scripts/system-heartbeat.sh
root       794  0.0  0.0   9600  2612 ?        S    23:01   0:00 /bin/bash /home/docker/code/scripts/system-heartbeat.sh
root       795  0.0  0.0   4360   652 ?        S    23:01   0:00 tee /data/system-heartbeat/system-heartbeat-20180723-230101.log
root       816  0.0  0.0  15580  2116 ?        R    23:01   0:00 ps aux
 

------------------------------------------------------------------------------------ 


