Info-msg : Checking directory existence. 

/data/system-heartbeat/ directory exists
Info-msg : hostname of server (hostname). 

clixserver.tiss.edu
 

------------------------------------------------------------------------------------ 


Info-msg : internal ip addresses of the system (ip address). 

 

------------------------------------------------------------------------------------ 


Info-msg : external ip addresses of the system (public ip address). 


 

------------------------------------------------------------------------------------ 


Info-msg : RAM details (free -h). 

             total       used       free     shared    buffers     cached
Mem:          7.7G       2.8G       4.9G       208M       406M       858M
-/+ buffers/cache:       1.6G       6.2G
Swap:         7.6G         0B       7.6G
 

------------------------------------------------------------------------------------ 


Info-msg : HDD details (df -h). 

Filesystem      Size  Used Avail Use% Mounted on
overlay         908G   57G  805G   7% /
tmpfs            64M     0   64M   0% /dev
tmpfs           3.9G     0  3.9G   0% /sys/fs/cgroup
/dev/sda3       908G   57G  805G   7% /data
shm              64M     0   64M   0% /dev/shm
tmpfs           3.9G     0  3.9G   0% /proc/scsi
tmpfs           3.9G     0  3.9G   0% /sys/firmware
 

------------------------------------------------------------------------------------ 


Info-msg : Size description in '/data/'. 

8.0K	/data/2031022-mz22-activity-timestamp-csvs.tar.gz
44M	/data/2031022-mz22-assessment-media.tar.gz
4.0K	/data/2031022-mz22-gstudio_tools_logs.tar.gz
64K	/data/activity-timestamp-csvs
114M	/data/assessment-media
16K	/data/clixserver.tiss.edu
371M	/data/db
4.0K	/data/drop_database.sql
12K	/data/git-commit-details.log
2.1M	/data/gstudio-exported-users-analytics-csvs
36K	/data/gstudio-logs
8.0K	/data/local_settings.py
17G	/data/media
1.9G	/data/nginx-logs
504K	/data/pg_dump_all.sql
2.7M	/data/postgres-dump
2.6M	/data/qbank
673M	/data/rcs-repo
4.0K	/data/server_settings.py
164K	/data/system-heartbeat
 

------------------------------------------------------------------------------------ 


Info-msg : No of directories and files in '/data/media/'. 

No of directories : 4002 

No of files       : 9629 

 

------------------------------------------------------------------------------------ 


Info-msg : uptime (uptime). 

 09:01:29 up 14 min,  0 users,  load average: 0.28, 0.29, 0.26
 

------------------------------------------------------------------------------------ 


Info-msg : current process (uptime). 

USER       PID %CPU %MEM    VSZ   RSS TTY      STAT START   TIME COMMAND
root         1  0.0  0.0   4456   728 ?        Ss   08:47   0:00 /bin/sh -c /home/docker/code/scripts/initialize.sh  | sed -e "s/^/$(date +%Y%m%d-%H%M%S) :  /"  2>&1 | tee -a ${LOG_INSTALL_DOCKER}
root         8  0.0  0.0  18000  2872 ?        S    08:47   0:00 /bin/bash /home/docker/code/scripts/initialize.sh
root        14  0.0  0.0  10996  1372 ?        S    08:47   0:00 sed -e s/^/20180914-084759 :  /
root        15  0.0  0.0   4360  1304 ?        S    08:47   0:00 tee -a /root/DockerLogs/$(DATE_LOG)-gsd-install.log
root        17  6.2  1.9 336220 160704 ?       Sl   08:48   0:50 mongod --config /home/docker/code/confs/mongod.conf
root        19  0.0  0.0  23664  2128 ?        Ss   08:48   0:00 /usr/sbin/cron
postgres    38  0.0  0.2 244856 19272 ?        S    08:48   0:00 /usr/lib/postgresql/9.3/bin/postgres -D /var/lib/postgresql/9.3/main -c config_file=/etc/postgresql/9.3/main/postgresql.conf
postgres    68  0.0  0.0 244856  3304 ?        Ss   08:48   0:00 postgres: checkpointer process                                                                                              
postgres    69  0.0  0.0 244856  4524 ?        Ss   08:48   0:00 postgres: writer process                                                                                                    
postgres    70  0.0  0.0 244856  3304 ?        Ss   08:48   0:00 postgres: wal writer process                                                                                                
postgres    71  0.0  0.0 245732  6144 ?        Ss   08:48   0:00 postgres: autovacuum launcher process                                                                                       
postgres    72  0.0  0.0 100668  3756 ?        Ss   08:48   0:00 postgres: stats collector process                                                                                           
root       175  0.0  0.0  25356  2804 ?        Ss   08:48   0:00 /usr/lib/postfix/master
postfix    180  0.0  0.0  27420  2740 ?        S    08:48   0:00 pickup -l -t unix -u -c
postfix    181  0.0  0.0  27468  2860 ?        S    08:48   0:00 qmgr -l -t unix -u
root       189  0.0  0.0  61388  3080 ?        Ss   08:48   0:00 /usr/sbin/sshd
memcache   196  0.0  0.0 198436  6644 ?        Sl   08:48   0:00 /usr/bin/memcached -m 64 -p 11211 -u memcache -l 127.0.0.1
rabbitmq   225  0.0  0.0   7512    92 ?        S    08:48   0:00 /usr/lib/erlang/erts-5.10.4/bin/epmd -daemon
rabbitmq   252  0.0  0.0   4456   740 ?        S    08:48   0:00 /bin/sh /usr/sbin/rabbitmq-server
rabbitmq   296  0.6  1.1 2303368 93220 ?       Sl   08:48   0:05 /usr/lib/erlang/erts-5.10.4/bin/beam.smp -W w -K true -A30 -P 1048576 -- -root /usr/lib/erlang -progname erl -- -home /var/lib/rabbitmq -- -pa /usr/lib/rabbitmq/lib/rabbitmq_server-3.2.4/sbin/../ebin -noshell -noinput -s rabbit boot -sname rabbit@clixserver -boot start_sasl -kernel inet_default_connect_options [{nodelay,true}] -sasl errlog_type error -sasl sasl_error_logger false -rabbit error_logger {file,"/var/log/rabbitmq/rabbit@clixserver.log"} -rabbit sasl_error_logger {file,"/var/log/rabbitmq/rabbit@clixserver-sasl.log"} -rabbit enabled_plugins_file "/etc/rabbitmq/enabled_plugins" -rabbit plugins_dir "/usr/lib/rabbitmq/lib/rabbitmq_server-3.2.4/sbin/../plugins" -rabbit plugins_expand_dir "/var/lib/rabbitmq/mnesia/rabbit@clixserver-plugins-expand" -os_mon start_cpu_sup false -os_mon start_disksup false -os_mon start_memsup false -mnesia dir "/var/lib/rabbitmq/mnesia/rabbit@clixserver"
rabbitmq   383  0.0  0.0   7476   976 ?        Ss   08:48   0:00 inet_gethost 4
rabbitmq   384  0.0  0.0   9568  1672 ?        S    08:48   0:00 inet_gethost 4
root       386  0.2  0.6 186440 49992 ?        S    08:48   0:01 python manage.py celeryd -f /var/log/celeryd.log -l INFO
root       409  0.0  0.1  33152  9720 ?        S    08:48   0:00 python -m smtpd -n -c DebuggingServer localhost:1025
root       412  0.0  0.7 859096 56652 ?        Sl   08:48   0:00 python main.py
root       418  0.0  0.2  52492 16980 ?        S    08:48   0:00 /usr/bin/python /usr/bin/supervisord -n
root       419  0.0  0.5 185792 42476 ?        S    08:48   0:00 python manage.py celeryd -f /var/log/celeryd.log -l INFO
root       420  0.0  0.5 185788 42480 ?        S    08:48   0:00 python manage.py celeryd -f /var/log/celeryd.log -l INFO
root       421  0.0  0.5 185788 42484 ?        S    08:48   0:00 python manage.py celeryd -f /var/log/celeryd.log -l INFO
root       422  0.0  0.5 185788 42492 ?        S    08:48   0:00 python manage.py celeryd -f /var/log/celeryd.log -l INFO
root       437  0.0  0.0  32536  6448 ?        S    08:48   0:00 nginx: master process /usr/sbin/nginx
root       438  0.0  0.2  63412 20556 ?        S    08:48   0:00 /usr/local/bin/uwsgi --ini /home/docker/code/confs/uwsgi.ini
www-data   439  0.0  0.0  32908  3988 ?        S    08:48   0:00 nginx: worker process
www-data   440  0.0  0.0  32908  6320 ?        S    08:48   0:00 nginx: worker process
www-data   441  0.0  0.0  32908  3988 ?        S    08:48   0:00 nginx: worker process
www-data   442  0.0  0.0  32908  3988 ?        S    08:48   0:00 nginx: worker process
root       443  0.1  1.0 260400 81292 ?        S    08:48   0:00 /usr/local/bin/uwsgi --ini /home/docker/code/confs/uwsgi.ini
root       444  0.0  0.1  63412 15812 ?        S    08:48   0:00 /usr/local/bin/uwsgi --ini /home/docker/code/confs/uwsgi.ini
root       445  0.0  0.1  63412 15812 ?        S    08:48   0:00 /usr/local/bin/uwsgi --ini /home/docker/code/confs/uwsgi.ini
root       446  0.0  1.0 262388 83544 ?        S    08:48   0:00 /usr/local/bin/uwsgi --ini /home/docker/code/confs/uwsgi.ini
root       643  0.0  0.0  59648  3052 ?        S    09:01   0:00 /USR/SBIN/CRON
root       644  0.0  0.0   4456   692 ?        Ss   09:01   0:00 /bin/sh -c /home/docker/code/scripts/system-heartbeat.sh  > /tmp/cron-system-heartbeat.log
root       645  0.0  0.0   9588  2256 ?        S    09:01   0:00 /bin/bash /home/docker/code/scripts/system-heartbeat.sh
root       646  0.0  0.0   9600  2408 ?        S    09:01   0:00 /bin/bash /home/docker/code/scripts/system-heartbeat.sh
root       647  0.0  0.0   4360   648 ?        S    09:01   0:00 tee /data/system-heartbeat/system-heartbeat-20180914-090102.log
root       675  0.0  0.0  15580  2172 ?        R    09:01   0:00 ps aux
 

------------------------------------------------------------------------------------ 


