Info-msg : Checking directory existence. 

/data/system-heartbeat/ directory exists
Info-msg : hostname of server (hostname). 

clixserver.tiss.edu
 

------------------------------------------------------------------------------------ 


Info-msg : internal ip addresses of the system (ip address). 

 

------------------------------------------------------------------------------------ 


Info-msg : external ip addresses of the system (public ip address). 


 

------------------------------------------------------------------------------------ 


Info-msg : RAM details (free -h). 

             total       used       free     shared    buffers     cached
Mem:          7.7G       4.3G       3.3G       284M       427M       1.2G
-/+ buffers/cache:       2.7G       5.0G
Swap:         7.6G         0B       7.6G
 

------------------------------------------------------------------------------------ 


Info-msg : HDD details (df -h). 

Filesystem      Size  Used Avail Use% Mounted on
overlay         908G   57G  805G   7% /
tmpfs            64M     0   64M   0% /dev
tmpfs           3.9G     0  3.9G   0% /sys/fs/cgroup
/dev/sda3       908G   57G  805G   7% /data
shm              64M     0   64M   0% /dev/shm
tmpfs           3.9G     0  3.9G   0% /proc/scsi
tmpfs           3.9G     0  3.9G   0% /sys/firmware
 

------------------------------------------------------------------------------------ 


Info-msg : Size description in '/data/'. 

8.0K	/data/2031030-mz30-activity-timestamp-csvs.tar.gz
45M	/data/2031030-mz30-assessment-media.tar.gz
36K	/data/2031030-mz30-gstudio_tools_logs.tar.gz
64K	/data/activity-timestamp-csvs
117M	/data/assessment-media
16K	/data/clixserver.tiss.edu
532M	/data/db
4.0K	/data/drop_database.sql
12K	/data/git-commit-details.log
38M	/data/gstudio-exported-users-analytics-csvs
372K	/data/gstudio-logs
616K	/data/gstudio_tools_logs
8.0K	/data/local_settings.py
17G	/data/media
1.4G	/data/nginx-logs
504K	/data/pg_dump_all.sql
2.7M	/data/postgres-dump
8.6M	/data/qbank
675M	/data/rcs-repo
4.0K	/data/server_settings.py
2.3M	/data/system-heartbeat
 

------------------------------------------------------------------------------------ 


Info-msg : No of directories and files in '/data/media/'. 

No of directories : 4007 

No of files       : 9671 

 

------------------------------------------------------------------------------------ 


Info-msg : uptime (uptime). 

 13:01:30 up 12 min,  0 users,  load average: 1.33, 0.79, 0.53
 

------------------------------------------------------------------------------------ 


Info-msg : current process (uptime). 

USER       PID %CPU %MEM    VSZ   RSS TTY      STAT START   TIME COMMAND
root         1  0.0  0.0   4456   732 ?        Ss   12:49   0:00 /bin/sh -c /home/docker/code/scripts/initialize.sh  | sed -e "s/^/$(date +%Y%m%d-%H%M%S) :  /"  2>&1 | tee -a ${LOG_INSTALL_DOCKER}
root         8  0.0  0.0  18000  2824 ?        S    12:49   0:00 /bin/bash /home/docker/code/scripts/initialize.sh
root        14  0.0  0.0  10996  1432 ?        S    12:49   0:00 sed -e s/^/20190124-124912 :  /
root        15  0.0  0.0   4360  1368 ?        S    12:49   0:00 tee -a /root/DockerLogs/$(DATE_LOG)-gsd-install.log
root        17 20.1 12.5 1326768 1007536 ?     Sl   12:49   2:28 mongod --config /home/docker/code/confs/mongod.conf
root        19  0.0  0.0  23664  2184 ?        Ss   12:49   0:00 /usr/sbin/cron
postgres    38  0.0  0.2 244856 19148 ?        S    12:49   0:00 /usr/lib/postgresql/9.3/bin/postgres -D /var/lib/postgresql/9.3/main -c config_file=/etc/postgresql/9.3/main/postgresql.conf
postgres    71  0.0  0.0 244992  5280 ?        Ss   12:49   0:00 postgres: checkpointer process                                                                                              
postgres    72  0.0  0.0 244856  4600 ?        Ss   12:49   0:00 postgres: writer process                                                                                                    
postgres    73  0.0  0.0 244856  3380 ?        Ss   12:49   0:00 postgres: wal writer process                                                                                                
postgres    74  0.0  0.0 245732  5968 ?        Ss   12:49   0:00 postgres: autovacuum launcher process                                                                                       
postgres    75  0.0  0.0 100668  3648 ?        Ss   12:49   0:00 postgres: stats collector process                                                                                           
root       178  0.0  0.0  25356  2780 ?        Ss   12:49   0:00 /usr/lib/postfix/master
postfix    183  0.0  0.0  27420  2744 ?        S    12:49   0:00 pickup -l -t unix -u -c
postfix    184  0.0  0.0  27468  2896 ?        S    12:49   0:00 qmgr -l -t unix -u
root       192  0.0  0.0  61388  3088 ?        Ss   12:49   0:00 /usr/sbin/sshd
rabbitmq   220  0.0  0.0   7512    92 ?        S    12:49   0:00 /usr/lib/erlang/erts-5.10.4/bin/epmd -daemon
rabbitmq   244  0.0  0.0   4456   792 ?        S    12:49   0:00 /bin/sh /usr/sbin/rabbitmq-server
rabbitmq   289  0.5  1.1 2303112 93200 ?       Sl   12:49   0:04 /usr/lib/erlang/erts-5.10.4/bin/beam.smp -W w -K true -A30 -P 1048576 -- -root /usr/lib/erlang -progname erl -- -home /var/lib/rabbitmq -- -pa /usr/lib/rabbitmq/lib/rabbitmq_server-3.2.4/sbin/../ebin -noshell -noinput -s rabbit boot -sname rabbit@clixserver -boot start_sasl -kernel inet_default_connect_options [{nodelay,true}] -sasl errlog_type error -sasl sasl_error_logger false -rabbit error_logger {file,"/var/log/rabbitmq/rabbit@clixserver.log"} -rabbit sasl_error_logger {file,"/var/log/rabbitmq/rabbit@clixserver-sasl.log"} -rabbit enabled_plugins_file "/etc/rabbitmq/enabled_plugins" -rabbit plugins_dir "/usr/lib/rabbitmq/lib/rabbitmq_server-3.2.4/sbin/../plugins" -rabbit plugins_expand_dir "/var/lib/rabbitmq/mnesia/rabbit@clixserver-plugins-expand" -os_mon start_cpu_sup false -os_mon start_disksup false -os_mon start_memsup false -mnesia dir "/var/lib/rabbitmq/mnesia/rabbit@clixserver"
root       375  0.2  0.6 186440 50080 ?        S    12:49   0:01 python manage.py celeryd -f /var/log/celeryd.log -l INFO
rabbitmq   382  0.0  0.0   7476   976 ?        Ss   12:49   0:00 inet_gethost 4
rabbitmq   391  0.0  0.0   9568  1668 ?        S    12:49   0:00 inet_gethost 4
root       404  0.0  0.1  33152  9716 ?        S    12:49   0:00 python -m smtpd -n -c DebuggingServer localhost:1025
root       407  0.0  0.7 859096 56560 ?        Sl   12:49   0:00 python main.py
root       412  0.0  0.5 185792 42512 ?        S    12:49   0:00 python manage.py celeryd -f /var/log/celeryd.log -l INFO
root       413  0.0  0.5 185788 42516 ?        S    12:49   0:00 python manage.py celeryd -f /var/log/celeryd.log -l INFO
root       414  0.0  0.5 185788 42516 ?        S    12:49   0:00 python manage.py celeryd -f /var/log/celeryd.log -l INFO
root       415  0.0  0.5 185788 42524 ?        S    12:49   0:00 python manage.py celeryd -f /var/log/celeryd.log -l INFO
root       417  0.0  0.2  52492 16976 ?        S    12:49   0:00 /usr/bin/python /usr/bin/supervisord -n
root       432  0.0  0.0  32536  6480 ?        S    12:49   0:00 nginx: master process /usr/sbin/nginx
root       433  0.0  0.2  63412 20620 ?        S    12:49   0:00 /usr/local/bin/uwsgi --ini /home/docker/code/confs/uwsgi.ini
root       434  0.3  1.2 279128 100236 ?       R    12:49   0:02 /usr/local/bin/uwsgi --ini /home/docker/code/confs/uwsgi.ini
root       435  0.2  1.2 279460 100580 ?       S    12:49   0:02 /usr/local/bin/uwsgi --ini /home/docker/code/confs/uwsgi.ini
root       436  0.4  1.2 279440 100840 ?       S    12:49   0:03 /usr/local/bin/uwsgi --ini /home/docker/code/confs/uwsgi.ini
root       437  0.6  1.2 279216 100436 ?       S    12:49   0:04 /usr/local/bin/uwsgi --ini /home/docker/code/confs/uwsgi.ini
www-data   438  0.0  0.0  33308  6452 ?        S    12:49   0:00 nginx: worker process
www-data   439  0.0  0.0  33264  6380 ?        S    12:49   0:00 nginx: worker process
www-data   440  0.0  0.0  33268  6668 ?        S    12:49   0:00 nginx: worker process
www-data   441  0.0  0.0  33356  6496 ?        S    12:49   0:00 nginx: worker process
root       819  0.0  0.0  59648  2992 ?        S    13:01   0:00 /USR/SBIN/CRON
root       822  0.0  0.0   4456   692 ?        Ss   13:01   0:00 /bin/sh -c /home/docker/code/scripts/system-heartbeat.sh  > /tmp/cron-system-heartbeat.log
root       823  0.0  0.0   9588  2308 ?        S    13:01   0:00 /bin/bash /home/docker/code/scripts/system-heartbeat.sh
root       824  0.0  0.0   9600  2624 ?        S    13:01   0:00 /bin/bash /home/docker/code/scripts/system-heartbeat.sh
root       825  0.0  0.0   4360   700 ?        S    13:01   0:00 tee /data/system-heartbeat/system-heartbeat-20190124-130102.log
postgres   864  0.0  0.1 246680 10896 ?        Ss   13:01   0:00 postgres: glab gstudio_psql 127.0.0.1(49876) idle                                                                           
root       892  0.0  0.0  15580  2148 ?        R    13:01   0:00 ps aux
 

------------------------------------------------------------------------------------ 


