Info-msg : Checking directory existence. 

/data/system-heartbeat/ directory exists
Info-msg : hostname of server (hostname). 

clixserver.tiss.edu
 

------------------------------------------------------------------------------------ 


Info-msg : internal ip addresses of the system (ip address). 

 

------------------------------------------------------------------------------------ 


Info-msg : external ip addresses of the system (public ip address). 


 

------------------------------------------------------------------------------------ 


Info-msg : RAM details (free -h). 

             total       used       free     shared    buffers     cached
Mem:          7.7G       4.6G       3.0G       215M       446M       1.5G
-/+ buffers/cache:       2.7G       5.0G
Swap:         7.6G         0B       7.6G
 

------------------------------------------------------------------------------------ 


Info-msg : HDD details (df -h). 

Filesystem      Size  Used Avail Use% Mounted on
overlay         908G   57G  805G   7% /
tmpfs            64M     0   64M   0% /dev
tmpfs           3.9G     0  3.9G   0% /sys/fs/cgroup
/dev/sda3       908G   57G  805G   7% /data
shm              64M     0   64M   0% /dev/shm
tmpfs           3.9G     0  3.9G   0% /proc/scsi
tmpfs           3.9G     0  3.9G   0% /sys/firmware
 

------------------------------------------------------------------------------------ 


Info-msg : Size description in '/data/'. 

8.0K	/data/2031030-mz30-activity-timestamp-csvs.tar.gz
45M	/data/2031030-mz30-assessment-media.tar.gz
36K	/data/2031030-mz30-gstudio_tools_logs.tar.gz
64K	/data/activity-timestamp-csvs
117M	/data/assessment-media
16K	/data/clixserver.tiss.edu
531M	/data/db
4.0K	/data/drop_database.sql
12K	/data/git-commit-details.log
37M	/data/gstudio-exported-users-analytics-csvs
372K	/data/gstudio-logs
616K	/data/gstudio_tools_logs
8.0K	/data/local_settings.py
17G	/data/media
1.3G	/data/nginx-logs
504K	/data/pg_dump_all.sql
2.7M	/data/postgres-dump
2.1M	/data/qbank
675M	/data/rcs-repo
4.0K	/data/server_settings.py
2.3M	/data/system-heartbeat
 

------------------------------------------------------------------------------------ 


Info-msg : No of directories and files in '/data/media/'. 

No of directories : 4007 

No of files       : 9671 

 

------------------------------------------------------------------------------------ 


Info-msg : uptime (uptime). 

 13:01:27 up 57 min,  0 users,  load average: 0.11, 0.08, 0.15
 

------------------------------------------------------------------------------------ 


Info-msg : current process (uptime). 

USER       PID %CPU %MEM    VSZ   RSS TTY      STAT START   TIME COMMAND
root         1  0.0  0.0   4456   668 ?        Ss   12:04   0:00 /bin/sh -c /home/docker/code/scripts/initialize.sh  | sed -e "s/^/$(date +%Y%m%d-%H%M%S) :  /"  2>&1 | tee -a ${LOG_INSTALL_DOCKER}
root         8  0.0  0.0  18000  2844 ?        S    12:04   0:00 /bin/bash /home/docker/code/scripts/initialize.sh
root        14  0.0  0.0  10996  1492 ?        S    12:04   0:00 sed -e s/^/20190117-120430 :  /
root        16  0.0  0.0   4360  1312 ?        S    12:04   0:00 tee -a /root/DockerLogs/$(DATE_LOG)-gsd-install.log
root        17 32.0 12.8 1337196 1031512 ?     Sl   12:04  18:14 mongod --config /home/docker/code/confs/mongod.conf
root        19  0.0  0.0  23664  2072 ?        Ss   12:04   0:00 /usr/sbin/cron
postgres    38  0.0  0.2 244856 19380 ?        S    12:04   0:00 /usr/lib/postgresql/9.3/bin/postgres -D /var/lib/postgresql/9.3/main -c config_file=/etc/postgresql/9.3/main/postgresql.conf
postgres    68  0.0  0.0 244856  3280 ?        Ss   12:04   0:00 postgres: checkpointer process                                                                                              
postgres    69  0.0  0.0 244856  4548 ?        Ss   12:04   0:00 postgres: writer process                                                                                                    
postgres    70  0.0  0.0 244856  3280 ?        Ss   12:04   0:00 postgres: wal writer process                                                                                                
postgres    71  0.0  0.0 245732  5860 ?        Ss   12:04   0:00 postgres: autovacuum launcher process                                                                                       
postgres    72  0.0  0.0 100820  3640 ?        Ss   12:04   0:00 postgres: stats collector process                                                                                           
root       175  0.0  0.0  25356  2980 ?        Ss   12:04   0:00 /usr/lib/postfix/master
postfix    180  0.0  0.0  27420  2884 ?        S    12:04   0:00 pickup -l -t unix -u -c
postfix    181  0.0  0.0  27468  2916 ?        S    12:04   0:00 qmgr -l -t unix -u
root       189  0.0  0.0  61388  3124 ?        Ss   12:04   0:00 /usr/sbin/sshd
memcache   196  0.0  0.1 334552 11776 ?        Sl   12:04   0:00 /usr/bin/memcached -m 64 -p 11211 -u memcache -l 127.0.0.1
rabbitmq   225  0.0  0.0   7512    88 ?        S    12:04   0:00 /usr/lib/erlang/erts-5.10.4/bin/epmd -daemon
rabbitmq   252  0.0  0.0   4456   692 ?        S    12:04   0:00 /bin/sh /usr/sbin/rabbitmq-server
rabbitmq   296  0.5  1.1 2303368 92900 ?       Sl   12:04   0:17 /usr/lib/erlang/erts-5.10.4/bin/beam.smp -W w -K true -A30 -P 1048576 -- -root /usr/lib/erlang -progname erl -- -home /var/lib/rabbitmq -- -pa /usr/lib/rabbitmq/lib/rabbitmq_server-3.2.4/sbin/../ebin -noshell -noinput -s rabbit boot -sname rabbit@clixserver -boot start_sasl -kernel inet_default_connect_options [{nodelay,true}] -sasl errlog_type error -sasl sasl_error_logger false -rabbit error_logger {file,"/var/log/rabbitmq/rabbit@clixserver.log"} -rabbit sasl_error_logger {file,"/var/log/rabbitmq/rabbit@clixserver-sasl.log"} -rabbit enabled_plugins_file "/etc/rabbitmq/enabled_plugins" -rabbit plugins_dir "/usr/lib/rabbitmq/lib/rabbitmq_server-3.2.4/sbin/../plugins" -rabbit plugins_expand_dir "/var/lib/rabbitmq/mnesia/rabbit@clixserver-plugins-expand" -os_mon start_cpu_sup false -os_mon start_disksup false -os_mon start_memsup false -mnesia dir "/var/lib/rabbitmq/mnesia/rabbit@clixserver"
rabbitmq   383  0.0  0.0   7476   976 ?        Ss   12:04   0:00 inet_gethost 4
rabbitmq   384  0.0  0.0   9568  1608 ?        S    12:04   0:00 inet_gethost 4
root       386  0.1  0.6 186428 50108 ?        S    12:04   0:04 python manage.py celeryd -f /var/log/celeryd.log -l INFO
root       409  0.0  0.1  33152 10012 ?        S    12:04   0:00 python -m smtpd -n -c DebuggingServer localhost:1025
root       412  0.0  1.0 879876 85948 ?        Sl   12:04   0:01 python main.py
root       417  0.0  0.5 185780 42496 ?        S    12:04   0:00 python manage.py celeryd -f /var/log/celeryd.log -l INFO
root       418  0.0  0.5 185776 42500 ?        S    12:04   0:00 python manage.py celeryd -f /var/log/celeryd.log -l INFO
root       419  0.0  0.5 185776 42504 ?        S    12:04   0:00 python manage.py celeryd -f /var/log/celeryd.log -l INFO
root       421  0.0  0.5 185776 42512 ?        S    12:04   0:00 python manage.py celeryd -f /var/log/celeryd.log -l INFO
root       422  0.0  0.2  52492 16968 ?        S    12:04   0:00 /usr/bin/python /usr/bin/supervisord -n
root       437  0.0  0.0  32536  6488 ?        S    12:04   0:00 nginx: master process /usr/sbin/nginx
root       438  0.0  0.2  63412 20528 ?        S    12:04   0:00 /usr/local/bin/uwsgi --ini /home/docker/code/confs/uwsgi.ini
root       439  0.0  1.2 278508 99860 ?        S    12:04   0:01 /usr/local/bin/uwsgi --ini /home/docker/code/confs/uwsgi.ini
root       440  0.0  1.2 282024 103412 ?       S    12:04   0:01 /usr/local/bin/uwsgi --ini /home/docker/code/confs/uwsgi.ini
root       441  0.0  1.0 265156 86460 ?        S    12:04   0:00 /usr/local/bin/uwsgi --ini /home/docker/code/confs/uwsgi.ini
root       442  0.1  1.2 279408 100364 ?       S    12:04   0:04 /usr/local/bin/uwsgi --ini /home/docker/code/confs/uwsgi.ini
www-data   443  0.0  0.0  33244  6556 ?        S    12:04   0:00 nginx: worker process
www-data   444  0.0  0.0  33040  6372 ?        S    12:04   0:00 nginx: worker process
www-data   445  0.0  0.0  33264  6720 ?        S    12:04   0:00 nginx: worker process
www-data   446  0.0  0.0  33236  6464 ?        S    12:04   0:00 nginx: worker process
root      1876  0.0  0.0  59648  3040 ?        S    13:01   0:00 /USR/SBIN/CRON
root      1877  0.0  0.0   4456   764 ?        Ss   13:01   0:00 /bin/sh -c /home/docker/code/scripts/system-heartbeat.sh  > /tmp/cron-system-heartbeat.log
root      1878  0.0  0.0   9588  2316 ?        S    13:01   0:00 /bin/bash /home/docker/code/scripts/system-heartbeat.sh
root      1879  0.0  0.0   9600  2632 ?        S    13:01   0:00 /bin/bash /home/docker/code/scripts/system-heartbeat.sh
root      1880  0.0  0.0   4360   748 ?        S    13:01   0:00 tee /data/system-heartbeat/system-heartbeat-20190117-130101.log
root      1907  0.0  0.0  15580  2152 ?        R    13:01   0:00 ps aux
 

------------------------------------------------------------------------------------ 


