Info-msg : Checking directory existence. 

/data/system-heartbeat/ directory exists
Info-msg : hostname of server (hostname). 

clixserver.tiss.edu
 

------------------------------------------------------------------------------------ 


Info-msg : internal ip addresses of the system (ip address). 

 

------------------------------------------------------------------------------------ 


Info-msg : external ip addresses of the system (public ip address). 


 

------------------------------------------------------------------------------------ 


Info-msg : RAM details (free -h). 

             total       used       free     shared    buffers     cached
Mem:          7.7G       3.6G       4.1G        27M       420M       918M
-/+ buffers/cache:       2.2G       5.4G
Swap:         7.6G         0B       7.6G
 

------------------------------------------------------------------------------------ 


Info-msg : HDD details (df -h). 

Filesystem      Size  Used Avail Use% Mounted on
overlay         908G   56G  806G   7% /
tmpfs            64M     0   64M   0% /dev
tmpfs           3.9G     0  3.9G   0% /sys/fs/cgroup
/dev/sda3       908G   56G  806G   7% /data
shm              64M     0   64M   0% /dev/shm
tmpfs           3.9G     0  3.9G   0% /proc/scsi
tmpfs           3.9G     0  3.9G   0% /sys/firmware
 

------------------------------------------------------------------------------------ 


Info-msg : Size description in '/data/'. 

8.0K	/data/2031030-mz30-activity-timestamp-csvs.tar.gz
45M	/data/2031030-mz30-assessment-media.tar.gz
4.0K	/data/2031030-mz30-gstudio_tools_logs.tar.gz
64K	/data/activity-timestamp-csvs
117M	/data/assessment-media
16K	/data/clixserver.tiss.edu
520M	/data/db
4.0K	/data/drop_database.sql
12K	/data/git-commit-details.log
36M	/data/gstudio-exported-users-analytics-csvs
356K	/data/gstudio-logs
68K	/data/gstudio_tools_logs
8.0K	/data/local_settings.py
17G	/data/media
920M	/data/nginx-logs
504K	/data/pg_dump_all.sql
2.7M	/data/postgres-dump
4.7M	/data/qbank
673M	/data/rcs-repo
4.0K	/data/server_settings.py
2.2M	/data/system-heartbeat
 

------------------------------------------------------------------------------------ 


Info-msg : No of directories and files in '/data/media/'. 

No of directories : 4002 

No of files       : 9629 

 

------------------------------------------------------------------------------------ 


Info-msg : uptime (uptime). 

 21:01:27 up 45 min,  0 users,  load average: 0.24, 0.27, 0.32
 

------------------------------------------------------------------------------------ 


Info-msg : current process (uptime). 

USER       PID %CPU %MEM    VSZ   RSS TTY      STAT START   TIME COMMAND
root         1  0.0  0.0   4456   744 ?        Ss   20:16   0:00 /bin/sh -c /home/docker/code/scripts/initialize.sh  | sed -e "s/^/$(date +%Y%m%d-%H%M%S) :  /"  2>&1 | tee -a ${LOG_INSTALL_DOCKER}
root         8  0.0  0.0  18000  2788 ?        S    20:16   0:00 /bin/bash /home/docker/code/scripts/initialize.sh
root         9  0.0  0.0  10996  1508 ?        S    20:16   0:00 sed -e s/^/20181011-201657 :  /
root        11  0.0  0.0   4360  1308 ?        S    20:16   0:00 tee -a /root/DockerLogs/$(DATE_LOG)-gsd-install.log
root        17 19.6 12.3 1373908 996148 ?      Sl   20:16   8:45 mongod --config /home/docker/code/confs/mongod.conf
root        19  0.0  0.0  23664  2144 ?        Ss   20:16   0:00 /usr/sbin/cron
postgres    39  0.0  0.2 244856 19268 ?        S    20:17   0:00 /usr/lib/postgresql/9.3/bin/postgres -D /var/lib/postgresql/9.3/main -c config_file=/etc/postgresql/9.3/main/postgresql.conf
postgres    74  0.0  0.0 244992  5384 ?        Ss   20:17   0:00 postgres: checkpointer process                                                                                              
postgres    75  0.0  0.0 244856  4664 ?        Ss   20:17   0:00 postgres: writer process                                                                                                    
postgres    76  0.0  0.0 244856  3332 ?        Ss   20:17   0:00 postgres: wal writer process                                                                                                
postgres    77  0.0  0.0 245732  6116 ?        Ss   20:17   0:00 postgres: autovacuum launcher process                                                                                       
postgres    78  0.0  0.0 100820  3708 ?        Ss   20:17   0:00 postgres: stats collector process                                                                                           
root       181  0.0  0.0  25356  2804 ?        Ss   20:17   0:00 /usr/lib/postfix/master
postfix    186  0.0  0.0  27420  2836 ?        S    20:17   0:00 pickup -l -t unix -u -c
postfix    187  0.0  0.0  27468  2820 ?        S    20:17   0:00 qmgr -l -t unix -u
root       195  0.0  0.0  61388  3196 ?        Ss   20:17   0:00 /usr/sbin/sshd
memcache   202  0.0  0.2 341712 19404 ?        Sl   20:17   0:00 /usr/bin/memcached -m 64 -p 11211 -u memcache -l 127.0.0.1
rabbitmq   231  0.0  0.0   7512    88 ?        S    20:17   0:00 /usr/lib/erlang/erts-5.10.4/bin/epmd -daemon
rabbitmq   255  0.0  0.0   4456   768 ?        S    20:17   0:00 /bin/sh /usr/sbin/rabbitmq-server
rabbitmq   300  0.5  1.1 2303116 92972 ?       Sl   20:17   0:14 /usr/lib/erlang/erts-5.10.4/bin/beam.smp -W w -K true -A30 -P 1048576 -- -root /usr/lib/erlang -progname erl -- -home /var/lib/rabbitmq -- -pa /usr/lib/rabbitmq/lib/rabbitmq_server-3.2.4/sbin/../ebin -noshell -noinput -s rabbit boot -sname rabbit@clixserver -boot start_sasl -kernel inet_default_connect_options [{nodelay,true}] -sasl errlog_type error -sasl sasl_error_logger false -rabbit error_logger {file,"/var/log/rabbitmq/rabbit@clixserver.log"} -rabbit sasl_error_logger {file,"/var/log/rabbitmq/rabbit@clixserver-sasl.log"} -rabbit enabled_plugins_file "/etc/rabbitmq/enabled_plugins" -rabbit plugins_dir "/usr/lib/rabbitmq/lib/rabbitmq_server-3.2.4/sbin/../plugins" -rabbit plugins_expand_dir "/var/lib/rabbitmq/mnesia/rabbit@clixserver-plugins-expand" -os_mon start_cpu_sup false -os_mon start_disksup false -os_mon start_memsup false -mnesia dir "/var/lib/rabbitmq/mnesia/rabbit@clixserver"
root       337  0.1  0.6 186440 49920 ?        S    20:17   0:03 python manage.py celeryd -f /var/log/celeryd.log -l INFO
rabbitmq   398  0.0  0.0   7476   876 ?        Ss   20:17   0:00 inet_gethost 4
rabbitmq   399  0.0  0.0   9568  1588 ?        S    20:17   0:00 inet_gethost 4
root       411  0.0  0.5 185792 42500 ?        S    20:17   0:00 python manage.py celeryd -f /var/log/celeryd.log -l INFO
root       412  0.0  0.5 185788 42500 ?        S    20:17   0:00 python manage.py celeryd -f /var/log/celeryd.log -l INFO
root       413  0.0  0.5 185788 42496 ?        S    20:17   0:00 python manage.py celeryd -f /var/log/celeryd.log -l INFO
root       414  0.0  0.5 185788 42512 ?        S    20:17   0:00 python manage.py celeryd -f /var/log/celeryd.log -l INFO
root       440  0.0  0.1  33152  9996 ?        S    20:17   0:00 python -m smtpd -n -c DebuggingServer localhost:1025
root       443  2.2  1.2 888836 103592 ?       Sl   20:17   1:00 python main.py
root       449  0.0  0.2  52492 16856 ?        S    20:17   0:00 /usr/bin/python /usr/bin/supervisord -n
root       464  0.0  0.0  32536  6584 ?        S    20:17   0:00 nginx: master process /usr/sbin/nginx
root       465  0.0  0.2  63412 20532 ?        S    20:17   0:00 /usr/local/bin/uwsgi --ini /home/docker/code/confs/uwsgi.ini
root       466  0.2  1.2 280048 101156 ?       S    20:17   0:07 /usr/local/bin/uwsgi --ini /home/docker/code/confs/uwsgi.ini
root       467  0.2  1.2 279068 100116 ?       S    20:17   0:06 /usr/local/bin/uwsgi --ini /home/docker/code/confs/uwsgi.ini
root       468  0.2  1.2 279652 101080 ?       S    20:17   0:06 /usr/local/bin/uwsgi --ini /home/docker/code/confs/uwsgi.ini
root       469  0.8  1.2 279712 100900 ?       S    20:17   0:23 /usr/local/bin/uwsgi --ini /home/docker/code/confs/uwsgi.ini
www-data   470  0.0  0.0  33484  6764 ?        S    20:17   0:01 nginx: worker process
www-data   471  0.0  0.0  33388  6856 ?        S    20:17   0:01 nginx: worker process
www-data   472  0.0  0.0  33468  6792 ?        S    20:17   0:01 nginx: worker process
www-data   473  0.0  0.0  33468  6716 ?        S    20:17   0:02 nginx: worker process
root      8106  0.0  0.0  59648  2980 ?        S    21:01   0:00 /USR/SBIN/CRON
root      8107  0.0  0.0   4456   784 ?        Ss   21:01   0:00 /bin/sh -c /home/docker/code/scripts/system-heartbeat.sh  > /tmp/cron-system-heartbeat.log
root      8108  0.0  0.0   9588  2312 ?        S    21:01   0:00 /bin/bash /home/docker/code/scripts/system-heartbeat.sh
root      8109  0.0  0.0   9600  2624 ?        S    21:01   0:00 /bin/bash /home/docker/code/scripts/system-heartbeat.sh
root      8110  0.0  0.0   4360   632 ?        S    21:01   0:00 tee /data/system-heartbeat/system-heartbeat-20181011-210101.log
root      8136  0.0  0.0  15580  2044 ?        R    21:01   0:00 ps aux
 

------------------------------------------------------------------------------------ 


