Info-msg : Checking directory existence. 

/data/system-heartbeat/ directory exists
Info-msg : hostname of server (hostname). 

clixserver.tiss.edu
 

------------------------------------------------------------------------------------ 


Info-msg : internal ip addresses of the system (ip address). 

 

------------------------------------------------------------------------------------ 


Info-msg : external ip addresses of the system (public ip address). 


 

------------------------------------------------------------------------------------ 


Info-msg : RAM details (free -h). 

             total       used       free     shared    buffers     cached
Mem:          7.7G       3.2G       4.4G        27M       559M       1.0G
-/+ buffers/cache:       1.7G       6.0G
Swap:         7.6G         0B       7.6G
 

------------------------------------------------------------------------------------ 


Info-msg : HDD details (df -h). 

Filesystem      Size  Used Avail Use% Mounted on
overlay         908G   55G  807G   7% /
tmpfs            64M     0   64M   0% /dev
tmpfs           3.9G     0  3.9G   0% /sys/fs/cgroup
/dev/sda3       908G   55G  807G   7% /data
shm              64M     0   64M   0% /dev/shm
tmpfs           3.9G     0  3.9G   0% /proc/scsi
tmpfs           3.9G     0  3.9G   0% /sys/firmware
 

------------------------------------------------------------------------------------ 


Info-msg : Size description in '/data/'. 

8.0K	/data/2031030-mz30-activity-timestamp-csvs.tar.gz
45M	/data/2031030-mz30-assessment-media.tar.gz
4.0K	/data/2031030-mz30-gstudio_tools_logs.tar.gz
64K	/data/activity-timestamp-csvs
117M	/data/assessment-media
16K	/data/clixserver.tiss.edu
372M	/data/db
4.0K	/data/drop_database.sql
12K	/data/git-commit-details.log
2.1M	/data/gstudio-exported-users-analytics-csvs
28K	/data/gstudio-logs
68K	/data/gstudio_tools_logs
8.0K	/data/local_settings.py
17G	/data/media
855M	/data/nginx-logs
504K	/data/pg_dump_all.sql
2.7M	/data/postgres-dump
3.7M	/data/qbank
673M	/data/rcs-repo
4.0K	/data/server_settings.py
148K	/data/system-heartbeat
 

------------------------------------------------------------------------------------ 


Info-msg : No of directories and files in '/data/media/'. 

No of directories : 4002 

No of files       : 9629 

 

------------------------------------------------------------------------------------ 


Info-msg : uptime (uptime). 

 23:01:22 up  3:01,  0 users,  load average: 0.08, 0.06, 0.09
 

------------------------------------------------------------------------------------ 


Info-msg : current process (uptime). 

USER       PID %CPU %MEM    VSZ   RSS TTY      STAT START   TIME COMMAND
root         1  0.0  0.0   4456   724 ?        Ss   20:01   0:00 /bin/sh -c /home/docker/code/scripts/initialize.sh  | sed -e "s/^/$(date +%Y%m%d-%H%M%S) :  /"  2>&1 | tee -a ${LOG_INSTALL_DOCKER}
root         8  0.0  0.0  18000  2832 ?        S    20:01   0:00 /bin/bash /home/docker/code/scripts/initialize.sh
root        14  0.0  0.0  10996  1436 ?        S    20:01   0:00 sed -e s/^/20180920-200118 :  /
root        16  0.0  0.0   4360  1312 ?        S    20:01   0:00 tee -a /root/DockerLogs/$(DATE_LOG)-gsd-install.log
root        17 29.3  3.8 564056 305916 ?       Sl   20:01  52:45 mongod --config /home/docker/code/confs/mongod.conf
root        19  0.0  0.0  23664  2148 ?        Ss   20:01   0:00 /usr/sbin/cron
postgres    37  0.0  0.2 244856 19160 ?        S    20:01   0:00 /usr/lib/postgresql/9.3/bin/postgres -D /var/lib/postgresql/9.3/main -c config_file=/etc/postgresql/9.3/main/postgresql.conf
postgres    68  0.0  0.0 244992  5420 ?        Ss   20:01   0:00 postgres: checkpointer process                                                                                              
postgres    69  0.0  0.0 244856  4692 ?        Ss   20:01   0:00 postgres: writer process                                                                                                    
postgres    70  0.0  0.0 244856  3376 ?        Ss   20:01   0:00 postgres: wal writer process                                                                                                
postgres    71  0.0  0.0 245732  6324 ?        Ss   20:01   0:00 postgres: autovacuum launcher process                                                                                       
postgres    72  0.0  0.0 100820  3784 ?        Ss   20:01   0:00 postgres: stats collector process                                                                                           
root       175  0.0  0.0  25356  2940 ?        Ss   20:01   0:00 /usr/lib/postfix/master
postfix    181  0.0  0.0  27468  2800 ?        S    20:01   0:00 qmgr -l -t unix -u
root       189  0.0  0.0  61388  3188 ?        Ss   20:01   0:00 /usr/sbin/sshd
memcache   196  0.0  0.1 334552 12040 ?        Sl   20:01   0:01 /usr/bin/memcached -m 64 -p 11211 -u memcache -l 127.0.0.1
rabbitmq   225  0.0  0.0   7512    92 ?        S    20:01   0:00 /usr/lib/erlang/erts-5.10.4/bin/epmd -daemon
rabbitmq   249  0.0  0.0   4456   856 ?        S    20:01   0:00 /bin/sh /usr/sbin/rabbitmq-server
rabbitmq   294  0.5  1.1 2303880 92668 ?       Sl   20:01   0:56 /usr/lib/erlang/erts-5.10.4/bin/beam.smp -W w -K true -A30 -P 1048576 -- -root /usr/lib/erlang -progname erl -- -home /var/lib/rabbitmq -- -pa /usr/lib/rabbitmq/lib/rabbitmq_server-3.2.4/sbin/../ebin -noshell -noinput -s rabbit boot -sname rabbit@clixserver -boot start_sasl -kernel inet_default_connect_options [{nodelay,true}] -sasl errlog_type error -sasl sasl_error_logger false -rabbit error_logger {file,"/var/log/rabbitmq/rabbit@clixserver.log"} -rabbit sasl_error_logger {file,"/var/log/rabbitmq/rabbit@clixserver-sasl.log"} -rabbit enabled_plugins_file "/etc/rabbitmq/enabled_plugins" -rabbit plugins_dir "/usr/lib/rabbitmq/lib/rabbitmq_server-3.2.4/sbin/../plugins" -rabbit plugins_expand_dir "/var/lib/rabbitmq/mnesia/rabbit@clixserver-plugins-expand" -os_mon start_cpu_sup false -os_mon start_disksup false -os_mon start_memsup false -mnesia dir "/var/lib/rabbitmq/mnesia/rabbit@clixserver"
root       331  0.1  0.6 186496 50376 ?        S    20:01   0:11 python manage.py celeryd -f /var/log/celeryd.log -l INFO
root       400  0.0  0.1  33152  9864 ?        S    20:01   0:00 python -m smtpd -n -c DebuggingServer localhost:1025
root       403  0.3  1.1 882440 92980 ?        Sl   20:01   0:35 python main.py
root       409  0.0  0.2  52492 17112 ?        S    20:01   0:02 /usr/bin/python /usr/bin/supervisord -n
root       414  0.0  0.5 185792 42516 ?        S    20:01   0:00 python manage.py celeryd -f /var/log/celeryd.log -l INFO
root       415  0.0  0.5 185788 42520 ?        S    20:01   0:00 python manage.py celeryd -f /var/log/celeryd.log -l INFO
root       416  0.0  0.5 185788 42520 ?        S    20:01   0:00 python manage.py celeryd -f /var/log/celeryd.log -l INFO
root       417  0.0  0.5 185788 42528 ?        S    20:01   0:00 python manage.py celeryd -f /var/log/celeryd.log -l INFO
rabbitmq   422  0.0  0.0   7476   964 ?        Ss   20:01   0:00 inet_gethost 4
rabbitmq   433  0.0  0.0   9568  1668 ?        S    20:01   0:00 inet_gethost 4
root       434  0.0  0.0  32536  6508 ?        S    20:01   0:00 nginx: master process /usr/sbin/nginx
root       435  0.0  0.2  63412 20512 ?        S    20:01   0:00 /usr/local/bin/uwsgi --ini /home/docker/code/confs/uwsgi.ini
www-data   436  0.0  0.0  33336  6700 ?        S    20:01   0:01 nginx: worker process
www-data   437  0.0  0.0  33252  6584 ?        S    20:01   0:01 nginx: worker process
www-data   438  0.0  0.0  33328  6656 ?        S    20:01   0:01 nginx: worker process
www-data   439  0.0  0.0  33568  6900 ?        S    20:01   0:03 nginx: worker process
root       440  0.1  1.2 281680 102700 ?       S    20:01   0:16 /usr/local/bin/uwsgi --ini /home/docker/code/confs/uwsgi.ini
root       441  0.1  1.2 278900 99864 ?        S    20:01   0:19 /usr/local/bin/uwsgi --ini /home/docker/code/confs/uwsgi.ini
root       442  0.2  1.2 279284 100256 ?       S    20:01   0:25 /usr/local/bin/uwsgi --ini /home/docker/code/confs/uwsgi.ini
root       443  0.7  1.2 281404 102596 ?       S    20:01   1:18 /usr/local/bin/uwsgi --ini /home/docker/code/confs/uwsgi.ini
postfix  18388  0.0  0.0  27420  2816 ?        S    21:38   0:00 pickup -l -t unix -u -c
root     24114  0.0  0.0  59648  3052 ?        S    23:01   0:00 /USR/SBIN/CRON
root     24115  0.0  0.0   4456   692 ?        Ss   23:01   0:00 /bin/sh -c /home/docker/code/scripts/system-heartbeat.sh  > /tmp/cron-system-heartbeat.log
root     24116  0.0  0.0   9588  2232 ?        S    23:01   0:00 /bin/bash /home/docker/code/scripts/system-heartbeat.sh
root     24117  0.0  0.0   9600  2472 ?        S    23:01   0:00 /bin/bash /home/docker/code/scripts/system-heartbeat.sh
root     24118  0.0  0.0   4360   740 ?        S    23:01   0:00 tee /data/system-heartbeat/system-heartbeat-20180920-230101.log
root     24144  0.0  0.0  15580  2104 ?        R    23:01   0:00 ps aux
 

------------------------------------------------------------------------------------ 


