Info-msg : Checking directory existence. 

/data/system-heartbeat/ directory exists
Info-msg : hostname of server (hostname). 

clixserver.tiss.edu
 

------------------------------------------------------------------------------------ 


Info-msg : internal ip addresses of the system (ip address). 

 

------------------------------------------------------------------------------------ 


Info-msg : external ip addresses of the system (public ip address). 


 

------------------------------------------------------------------------------------ 


Info-msg : RAM details (free -h). 

             total       used       free     shared    buffers     cached
Mem:          7.7G       3.5G       4.2G        27M       526M       1.3G
-/+ buffers/cache:       1.6G       6.0G
Swap:         7.6G         0B       7.6G
 

------------------------------------------------------------------------------------ 


Info-msg : HDD details (df -h). 

Filesystem      Size  Used Avail Use% Mounted on
overlay         908G   55G  807G   7% /
tmpfs            64M     0   64M   0% /dev
tmpfs           3.9G     0  3.9G   0% /sys/fs/cgroup
/dev/sda3       908G   55G  807G   7% /data
shm              64M     0   64M   0% /dev/shm
tmpfs           3.9G     0  3.9G   0% /proc/scsi
tmpfs           3.9G     0  3.9G   0% /sys/firmware
 

------------------------------------------------------------------------------------ 


Info-msg : Size description in '/data/'. 

8.0K	/data/2031030-mz30-activity-timestamp-csvs.tar.gz
44M	/data/2031030-mz30-assessment-media.tar.gz
4.0K	/data/2031030-mz30-gstudio_tools_logs.tar.gz
64K	/data/activity-timestamp-csvs
114M	/data/assessment-media
16K	/data/clixserver.tiss.edu
368M	/data/db
4.0K	/data/drop_database.sql
12K	/data/git-commit-details.log
1.4M	/data/gstudio-exported-users-analytics-csvs
16K	/data/gstudio-logs
16K	/data/gstudio_tools_logs
8.0K	/data/local_settings.py
17G	/data/media
790M	/data/nginx-logs
504K	/data/pg_dump_all.sql
2.7M	/data/postgres-dump
2.6M	/data/qbank
672M	/data/rcs-repo
4.0K	/data/server_settings.py
112K	/data/system-heartbeat
 

------------------------------------------------------------------------------------ 


Info-msg : No of directories and files in '/data/media/'. 

No of directories : 4002 

No of files       : 9629 

 

------------------------------------------------------------------------------------ 


Info-msg : uptime (uptime). 

 21:01:21 up  1:36,  0 users,  load average: 0.08, 0.11, 0.15
 

------------------------------------------------------------------------------------ 


Info-msg : current process (uptime). 

USER       PID %CPU %MEM    VSZ   RSS TTY      STAT START   TIME COMMAND
root         1  0.0  0.0   4456   732 ?        Ss   19:25   0:00 /bin/sh -c /home/docker/code/scripts/initialize.sh  | sed -e "s/^/$(date +%Y%m%d-%H%M%S) :  /"  2>&1 | tee -a ${LOG_INSTALL_DOCKER}
root         8  0.0  0.0  18000  2804 ?        S    19:25   0:00 /bin/bash /home/docker/code/scripts/initialize.sh
root         9  0.0  0.0  10996  1432 ?        S    19:25   0:00 sed -e s/^/20180823-192558 :  /
root        16  0.0  0.0   4360  1372 ?        S    19:25   0:00 tee -a /root/DockerLogs/$(DATE_LOG)-gsd-install.log
root        17 14.8  3.2 475812 258032 ?       Sl   19:25  14:07 mongod --config /home/docker/code/confs/mongod.conf
root        19  0.0  0.0  23664  2084 ?        Ss   19:25   0:00 /usr/sbin/cron
postgres    38  0.0  0.2 244856 19172 ?        S    19:26   0:00 /usr/lib/postgresql/9.3/bin/postgres -D /var/lib/postgresql/9.3/main -c config_file=/etc/postgresql/9.3/main/postgresql.conf
postgres    74  0.0  0.0 244992  5168 ?        Ss   19:26   0:00 postgres: checkpointer process                                                                                              
postgres    75  0.0  0.0 244856  4552 ?        Ss   19:26   0:00 postgres: writer process                                                                                                    
postgres    76  0.0  0.0 244856  3268 ?        Ss   19:26   0:00 postgres: wal writer process                                                                                                
postgres    77  0.0  0.0 245732  5900 ?        Ss   19:26   0:00 postgres: autovacuum launcher process                                                                                       
postgres    78  0.0  0.0 100820  3644 ?        Ss   19:26   0:00 postgres: stats collector process                                                                                           
root       181  0.0  0.0  25356  2852 ?        Ss   19:26   0:00 /usr/lib/postfix/master
postfix    186  0.0  0.0  27420  2904 ?        S    19:26   0:00 pickup -l -t unix -u -c
postfix    187  0.0  0.0  27468  2844 ?        S    19:26   0:00 qmgr -l -t unix -u
root       195  0.0  0.0  61388  3120 ?        Ss   19:26   0:00 /usr/sbin/sshd
memcache   202  0.0  0.2 339664 17076 ?        Sl   19:26   0:00 /usr/bin/memcached -m 64 -p 11211 -u memcache -l 127.0.0.1
rabbitmq   231  0.0  0.0   7512    88 ?        S    19:26   0:00 /usr/lib/erlang/erts-5.10.4/bin/epmd -daemon
rabbitmq   258  0.0  0.0   4456   784 ?        S    19:26   0:00 /bin/sh /usr/sbin/rabbitmq-server
rabbitmq   302  0.4  1.1 2303368 93256 ?       Sl   19:26   0:27 /usr/lib/erlang/erts-5.10.4/bin/beam.smp -W w -K true -A30 -P 1048576 -- -root /usr/lib/erlang -progname erl -- -home /var/lib/rabbitmq -- -pa /usr/lib/rabbitmq/lib/rabbitmq_server-3.2.4/sbin/../ebin -noshell -noinput -s rabbit boot -sname rabbit@clixserver -boot start_sasl -kernel inet_default_connect_options [{nodelay,true}] -sasl errlog_type error -sasl sasl_error_logger false -rabbit error_logger {file,"/var/log/rabbitmq/rabbit@clixserver.log"} -rabbit sasl_error_logger {file,"/var/log/rabbitmq/rabbit@clixserver-sasl.log"} -rabbit enabled_plugins_file "/etc/rabbitmq/enabled_plugins" -rabbit plugins_dir "/usr/lib/rabbitmq/lib/rabbitmq_server-3.2.4/sbin/../plugins" -rabbit plugins_expand_dir "/var/lib/rabbitmq/mnesia/rabbit@clixserver-plugins-expand" -os_mon start_cpu_sup false -os_mon start_disksup false -os_mon start_memsup false -mnesia dir "/var/lib/rabbitmq/mnesia/rabbit@clixserver"
rabbitmq   389  0.0  0.0   7476   924 ?        Ss   19:26   0:00 inet_gethost 4
rabbitmq   390  0.0  0.0   9568  1580 ?        S    19:26   0:00 inet_gethost 4
root       392  0.0  0.6 186400 50188 ?        S    19:26   0:00 python manage.py celeryd -f /var/log/celeryd.log -l INFO
root       415  0.0  0.1  33152  9904 ?        S    19:26   0:00 python -m smtpd -n -c DebuggingServer localhost:1025
root       417  0.0  0.5 185776 42572 ?        S    19:26   0:00 python manage.py celeryd -f /var/log/celeryd.log -l INFO
root       418  0.0  0.5 185776 42576 ?        S    19:26   0:00 python manage.py celeryd -f /var/log/celeryd.log -l INFO
root       419  0.0  0.5 185776 42580 ?        S    19:26   0:00 python manage.py celeryd -f /var/log/celeryd.log -l INFO
root       420  0.0  0.5 185776 42588 ?        S    19:26   0:00 python manage.py celeryd -f /var/log/celeryd.log -l INFO
root       422  0.2  1.1 881412 92168 ?        Sl   19:26   0:16 python main.py
root       428  0.0  0.2  52492 16984 ?        S    19:26   0:01 /usr/bin/python /usr/bin/supervisord -n
root       443  0.0  0.0  32536  6512 ?        S    19:26   0:00 nginx: master process /usr/sbin/nginx
root       444  0.0  0.2  63412 20464 ?        S    19:26   0:00 /usr/local/bin/uwsgi --ini /home/docker/code/confs/uwsgi.ini
root       445  0.0  1.2 276264 97496 ?        S    19:26   0:02 /usr/local/bin/uwsgi --ini /home/docker/code/confs/uwsgi.ini
root       446  0.0  1.1 269848 90944 ?        S    19:26   0:02 /usr/local/bin/uwsgi --ini /home/docker/code/confs/uwsgi.ini
root       447  0.0  1.2 282984 104180 ?       S    19:26   0:02 /usr/local/bin/uwsgi --ini /home/docker/code/confs/uwsgi.ini
root       448  0.4  1.3 283772 105084 ?       S    19:26   0:24 /usr/local/bin/uwsgi --ini /home/docker/code/confs/uwsgi.ini
www-data   449  0.0  0.0  33472  6684 ?        S    19:26   0:00 nginx: worker process
www-data   450  0.0  0.0  33472  6640 ?        S    19:26   0:01 nginx: worker process
www-data   451  0.0  0.0  33372  6556 ?        S    19:26   0:01 nginx: worker process
www-data   452  0.0  0.0  33476  6684 ?        S    19:26   0:00 nginx: worker process
root      6641  0.0  0.0  59648  3056 ?        S    21:01   0:00 /USR/SBIN/CRON
root      6642  0.0  0.0   4456   740 ?        Ss   21:01   0:00 /bin/sh -c /home/docker/code/scripts/system-heartbeat.sh  > /tmp/cron-system-heartbeat.log
root      6643  0.0  0.0   9588  2304 ?        S    21:01   0:00 /bin/bash /home/docker/code/scripts/system-heartbeat.sh
root      6644  0.0  0.0   9600  2620 ?        S    21:01   0:00 /bin/bash /home/docker/code/scripts/system-heartbeat.sh
root      6645  0.0  0.0   4360   640 ?        S    21:01   0:00 tee /data/system-heartbeat/system-heartbeat-20180823-210101.log
root      6673  0.0  0.0  15580  2144 ?        R    21:01   0:00 ps aux
 

------------------------------------------------------------------------------------ 


