Info-msg : Checking directory existence. 

/data/system-heartbeat/ directory exists
Info-msg : hostname of server (hostname). 

clixserver.tiss.edu
 

------------------------------------------------------------------------------------ 


Info-msg : internal ip addresses of the system (ip address). 

 

------------------------------------------------------------------------------------ 


Info-msg : external ip addresses of the system (public ip address). 


 

------------------------------------------------------------------------------------ 


Info-msg : RAM details (free -h). 

             total       used       free     shared    buffers     cached
Mem:          7.7G       3.3G       4.3G        19M       415M       755M
-/+ buffers/cache:       2.2G       5.5G
Swap:         7.6G         0B       7.6G
 

------------------------------------------------------------------------------------ 


Info-msg : HDD details (df -h). 

Filesystem      Size  Used Avail Use% Mounted on
overlay         908G   56G  807G   7% /
tmpfs            64M     0   64M   0% /dev
tmpfs           3.9G     0  3.9G   0% /sys/fs/cgroup
/dev/sda3       908G   56G  807G   7% /data
shm              64M     0   64M   0% /dev/shm
tmpfs           3.9G     0  3.9G   0% /proc/scsi
tmpfs           3.9G     0  3.9G   0% /sys/firmware
 

------------------------------------------------------------------------------------ 


Info-msg : Size description in '/data/'. 

8.0K	/data/2031030-mz30-activity-timestamp-csvs.tar.gz
45M	/data/2031030-mz30-assessment-media.tar.gz
4.0K	/data/2031030-mz30-gstudio_tools_logs.tar.gz
64K	/data/activity-timestamp-csvs
117M	/data/assessment-media
16K	/data/clixserver.tiss.edu
518M	/data/db
4.0K	/data/drop_database.sql
12K	/data/git-commit-details.log
36M	/data/gstudio-exported-users-analytics-csvs
356K	/data/gstudio-logs
68K	/data/gstudio_tools_logs
8.0K	/data/local_settings.py
17G	/data/media
863M	/data/nginx-logs
504K	/data/pg_dump_all.sql
2.7M	/data/postgres-dump
4.6M	/data/qbank
673M	/data/rcs-repo
4.0K	/data/server_settings.py
2.2M	/data/system-heartbeat
 

------------------------------------------------------------------------------------ 


Info-msg : No of directories and files in '/data/media/'. 

No of directories : 4002 

No of files       : 9629 

 

------------------------------------------------------------------------------------ 


Info-msg : uptime (uptime). 

 21:01:27 up 19 min,  0 users,  load average: 0.29, 0.30, 0.33
 

------------------------------------------------------------------------------------ 


Info-msg : current process (uptime). 

USER       PID %CPU %MEM    VSZ   RSS TTY      STAT START   TIME COMMAND
root         1  0.0  0.0   4456   672 ?        Ss   20:42   0:00 /bin/sh -c /home/docker/code/scripts/initialize.sh  | sed -e "s/^/$(date +%Y%m%d-%H%M%S) :  /"  2>&1 | tee -a ${LOG_INSTALL_DOCKER}
root         8  0.0  0.0  18000  2780 ?        S    20:42   0:00 /bin/bash /home/docker/code/scripts/initialize.sh
root         9  0.0  0.0  10996  1380 ?        S    20:42   0:00 sed -e s/^/20181004-204226 :  /
root        11  0.0  0.0   4360  1272 ?        S    20:42   0:00 tee -a /root/DockerLogs/$(DATE_LOG)-gsd-install.log
root        17 21.6 12.0 1332296 970024 ?      Sl   20:42   4:06 mongod --config /home/docker/code/confs/mongod.conf
root        19  0.0  0.0  23664  2200 ?        Ss   20:42   0:00 /usr/sbin/cron
postgres    38  0.0  0.2 244856 19240 ?        S    20:42   0:00 /usr/lib/postgresql/9.3/bin/postgres -D /var/lib/postgresql/9.3/main -c config_file=/etc/postgresql/9.3/main/postgresql.conf
postgres    77  0.0  0.0 244992  5356 ?        Ss   20:42   0:00 postgres: checkpointer process                                                                                              
postgres    78  0.0  0.0 244856  4568 ?        Ss   20:42   0:00 postgres: writer process                                                                                                    
postgres    79  0.0  0.0 244856  3276 ?        Ss   20:42   0:00 postgres: wal writer process                                                                                                
postgres    80  0.0  0.0 245732  5924 ?        Ss   20:42   0:00 postgres: autovacuum launcher process                                                                                       
postgres    81  0.0  0.0 100668  3492 ?        Ss   20:42   0:00 postgres: stats collector process                                                                                           
root       184  0.0  0.0  25356  2736 ?        Ss   20:42   0:00 /usr/lib/postfix/master
postfix    189  0.0  0.0  27420  2732 ?        S    20:42   0:00 pickup -l -t unix -u -c
postfix    190  0.0  0.0  27468  2912 ?        S    20:42   0:00 qmgr -l -t unix -u
root       198  0.0  0.0  61388  3164 ?        Ss   20:42   0:00 /usr/sbin/sshd
memcache   205  0.0  0.1 332504  9672 ?        Sl   20:42   0:00 /usr/bin/memcached -m 64 -p 11211 -u memcache -l 127.0.0.1
rabbitmq   234  0.0  0.0   7512    88 ?        S    20:42   0:00 /usr/lib/erlang/erts-5.10.4/bin/epmd -daemon
rabbitmq   261  0.0  0.0   4456   740 ?        S    20:42   0:00 /bin/sh /usr/sbin/rabbitmq-server
rabbitmq   305  0.5  1.1 2303368 93256 ?       Sl   20:42   0:06 /usr/lib/erlang/erts-5.10.4/bin/beam.smp -W w -K true -A30 -P 1048576 -- -root /usr/lib/erlang -progname erl -- -home /var/lib/rabbitmq -- -pa /usr/lib/rabbitmq/lib/rabbitmq_server-3.2.4/sbin/../ebin -noshell -noinput -s rabbit boot -sname rabbit@clixserver -boot start_sasl -kernel inet_default_connect_options [{nodelay,true}] -sasl errlog_type error -sasl sasl_error_logger false -rabbit error_logger {file,"/var/log/rabbitmq/rabbit@clixserver.log"} -rabbit sasl_error_logger {file,"/var/log/rabbitmq/rabbit@clixserver-sasl.log"} -rabbit enabled_plugins_file "/etc/rabbitmq/enabled_plugins" -rabbit plugins_dir "/usr/lib/rabbitmq/lib/rabbitmq_server-3.2.4/sbin/../plugins" -rabbit plugins_expand_dir "/var/lib/rabbitmq/mnesia/rabbit@clixserver-plugins-expand" -os_mon start_cpu_sup false -os_mon start_disksup false -os_mon start_memsup false -mnesia dir "/var/lib/rabbitmq/mnesia/rabbit@clixserver"
rabbitmq   392  0.0  0.0   7476   928 ?        Ss   20:42   0:00 inet_gethost 4
rabbitmq   393  0.0  0.0   9568  1584 ?        S    20:42   0:00 inet_gethost 4
root       395  0.1  0.6 186428 49972 ?        S    20:42   0:02 python manage.py celeryd -f /var/log/celeryd.log -l INFO
root       417  0.0  0.5 185780 42404 ?        S    20:42   0:00 python manage.py celeryd -f /var/log/celeryd.log -l INFO
root       418  0.0  0.5 185776 42408 ?        S    20:42   0:00 python manage.py celeryd -f /var/log/celeryd.log -l INFO
root       419  0.0  0.5 185776 42412 ?        S    20:42   0:00 python manage.py celeryd -f /var/log/celeryd.log -l INFO
root       420  0.0  0.5 185776 42420 ?        S    20:42   0:00 python manage.py celeryd -f /var/log/celeryd.log -l INFO
root       435  0.0  0.1  33152  9984 ?        S    20:42   0:00 python -m smtpd -n -c DebuggingServer localhost:1025
root       438  4.3  1.3 890376 104908 ?       Sl   20:42   0:48 python main.py
root       444  0.0  0.2  52492 16996 ?        S    20:42   0:00 /usr/bin/python /usr/bin/supervisord -n
root       459  0.0  0.0  32536  6492 ?        S    20:42   0:00 nginx: master process /usr/sbin/nginx
root       460  0.0  0.2  63412 20516 ?        S    20:42   0:00 /usr/local/bin/uwsgi --ini /home/docker/code/confs/uwsgi.ini
root       461  0.1  1.1 269812 91160 ?        S    20:42   0:01 /usr/local/bin/uwsgi --ini /home/docker/code/confs/uwsgi.ini
root       462  0.1  1.1 269728 91040 ?        S    20:42   0:01 /usr/local/bin/uwsgi --ini /home/docker/code/confs/uwsgi.ini
root       463  0.4  1.2 280256 101628 ?       S    20:42   0:04 /usr/local/bin/uwsgi --ini /home/docker/code/confs/uwsgi.ini
root       464  0.8  1.2 279892 101404 ?       S    20:42   0:09 /usr/local/bin/uwsgi --ini /home/docker/code/confs/uwsgi.ini
www-data   465  0.0  0.0  33252  6716 ?        S    20:42   0:00 nginx: worker process
www-data   466  0.0  0.0  33332  6792 ?        S    20:42   0:00 nginx: worker process
www-data   467  0.0  0.0  33260  6756 ?        S    20:42   0:00 nginx: worker process
www-data   468  0.0  0.0  33268  6728 ?        S    20:42   0:00 nginx: worker process
root      6863  0.0  0.0  59648  2996 ?        S    21:01   0:00 /USR/SBIN/CRON
root      6864  0.0  0.0   4456   684 ?        Ss   21:01   0:00 /bin/sh -c /home/docker/code/scripts/system-heartbeat.sh  > /tmp/cron-system-heartbeat.log
root      6865  0.0  0.0   9588  2248 ?        S    21:01   0:00 /bin/bash /home/docker/code/scripts/system-heartbeat.sh
root      6866  0.0  0.0   9600  2404 ?        S    21:01   0:00 /bin/bash /home/docker/code/scripts/system-heartbeat.sh
root      6867  0.0  0.0   4360   748 ?        S    21:01   0:00 tee /data/system-heartbeat/system-heartbeat-20181004-210101.log
root      7085  0.0  0.0  15580  2156 ?        R    21:01   0:00 ps aux
 

------------------------------------------------------------------------------------ 


