Info-msg : Checking directory existence. 

/data/system-heartbeat/ directory exists
Info-msg : hostname of server (hostname). 

clixserver.tiss.edu
 

------------------------------------------------------------------------------------ 


Info-msg : internal ip addresses of the system (ip address). 

 

------------------------------------------------------------------------------------ 


Info-msg : external ip addresses of the system (public ip address). 


 

------------------------------------------------------------------------------------ 


Info-msg : RAM details (free -h). 

             total       used       free     shared    buffers     cached
Mem:          7.7G       4.0G       3.7G       353M       426M       1.3G
-/+ buffers/cache:       2.3G       5.4G
Swap:         7.6G         0B       7.6G
 

------------------------------------------------------------------------------------ 


Info-msg : HDD details (df -h). 

Filesystem      Size  Used Avail Use% Mounted on
overlay         908G   62G  800G   8% /
tmpfs            64M     0   64M   0% /dev
tmpfs           3.9G     0  3.9G   0% /sys/fs/cgroup
/dev/sda3       908G   62G  800G   8% /data
shm              64M     0   64M   0% /dev/shm
tmpfs           3.9G     0  3.9G   0% /proc/scsi
tmpfs           3.9G     0  3.9G   0% /sys/firmware
 

------------------------------------------------------------------------------------ 


Info-msg : Size description in '/data/'. 

8.0K	/data/2031020-mz20-activity-timestamp-csvs.tar.gz
59M	/data/2031020-mz20-assessment-media.tar.gz
4.0K	/data/2031020-mz20-gstudio_tools_logs.tar.gz
64K	/data/activity-timestamp-csvs
149M	/data/assessment-media
16K	/data/clixserver.tiss.edu
416M	/data/db
4.0K	/data/drop_database.sql
12K	/data/git-commit-details.log
13M	/data/gstudio-exported-users-analytics-csvs
124K	/data/gstudio-logs
8.0K	/data/local_settings.py
17G	/data/media
6.3G	/data/nginx-logs
504K	/data/pg_dump_all.sql
2.7M	/data/postgres-dump
3.4M	/data/qbank
676M	/data/rcs-repo
4.0K	/data/server_settings.py
864K	/data/system-heartbeat
 

------------------------------------------------------------------------------------ 


Info-msg : No of directories and files in '/data/media/'. 

No of directories : 4003 

No of files       : 9656 

 

------------------------------------------------------------------------------------ 


Info-msg : uptime (uptime). 

 11:01:09 up 26 min,  0 users,  load average: 1.52, 0.71, 0.47
 

------------------------------------------------------------------------------------ 


Info-msg : current process (uptime). 

USER       PID %CPU %MEM    VSZ   RSS TTY      STAT START   TIME COMMAND
root         1  0.0  0.0   4456   736 ?        Ss   10:36   0:00 /bin/sh -c /home/docker/code/scripts/initialize.sh  | sed -e "s/^/$(date +%Y%m%d-%H%M%S) :  /"  2>&1 | tee -a ${LOG_INSTALL_DOCKER}
root         8  0.0  0.0  18000  2788 ?        S    10:36   0:00 /bin/bash /home/docker/code/scripts/initialize.sh
root         9  0.0  0.0  10996  1448 ?        S    10:36   0:00 sed -e s/^/20181030-103615 :  /
root        11  0.0  0.0   4360  1304 ?        S    10:36   0:00 tee -a /root/DockerLogs/$(DATE_LOG)-gsd-install.log
root        17 15.2  5.4 702152 441780 ?       Sl   10:36   3:47 mongod --config /home/docker/code/confs/mongod.conf
root        19  0.0  0.0  23664  2124 ?        Ss   10:36   0:00 /usr/sbin/cron
postgres    45  0.0  0.2 244856 19264 ?        S    10:36   0:00 /usr/lib/postgresql/9.3/bin/postgres -D /var/lib/postgresql/9.3/main -c config_file=/etc/postgresql/9.3/main/postgresql.conf
postgres    61  0.0  0.0 245000  5396 ?        Ss   10:36   0:00 postgres: checkpointer process                                                                                              
postgres    62  0.0  0.0 244856  4672 ?        Ss   10:36   0:00 postgres: writer process                                                                                                    
postgres    63  0.0  0.0 244856  3340 ?        Ss   10:36   0:00 postgres: wal writer process                                                                                                
postgres    64  0.0  0.0 245732  6024 ?        Ss   10:36   0:00 postgres: autovacuum launcher process                                                                                       
postgres    65  0.0  0.0 100668  3624 ?        Ss   10:36   0:00 postgres: stats collector process                                                                                           
root       168  0.0  0.0  25356  2728 ?        Ss   10:36   0:00 /usr/lib/postfix/master
postfix    173  0.0  0.0  27420  2772 ?        S    10:36   0:00 pickup -l -t unix -u -c
postfix    174  0.0  0.0  27468  2872 ?        S    10:36   0:00 qmgr -l -t unix -u
root       182  0.0  0.0  61388  3120 ?        Ss   10:36   0:00 /usr/sbin/sshd
memcache   189  0.0  0.1 332504 10088 ?        Sl   10:36   0:00 /usr/bin/memcached -m 64 -p 11211 -u memcache -l 127.0.0.1
rabbitmq   218  0.0  0.0   7512    88 ?        S    10:36   0:00 /usr/lib/erlang/erts-5.10.4/bin/epmd -daemon
rabbitmq   245  0.0  0.0   4456   788 ?        S    10:36   0:00 /bin/sh /usr/sbin/rabbitmq-server
rabbitmq   289  0.5  1.1 2303368 92996 ?       Sl   10:36   0:07 /usr/lib/erlang/erts-5.10.4/bin/beam.smp -W w -K true -A30 -P 1048576 -- -root /usr/lib/erlang -progname erl -- -home /var/lib/rabbitmq -- -pa /usr/lib/rabbitmq/lib/rabbitmq_server-3.2.4/sbin/../ebin -noshell -noinput -s rabbit boot -sname rabbit@clixserver -boot start_sasl -kernel inet_default_connect_options [{nodelay,true}] -sasl errlog_type error -sasl sasl_error_logger false -rabbit error_logger {file,"/var/log/rabbitmq/rabbit@clixserver.log"} -rabbit sasl_error_logger {file,"/var/log/rabbitmq/rabbit@clixserver-sasl.log"} -rabbit enabled_plugins_file "/etc/rabbitmq/enabled_plugins" -rabbit plugins_dir "/usr/lib/rabbitmq/lib/rabbitmq_server-3.2.4/sbin/../plugins" -rabbit plugins_expand_dir "/var/lib/rabbitmq/mnesia/rabbit@clixserver-plugins-expand" -os_mon start_cpu_sup false -os_mon start_disksup false -os_mon start_memsup false -mnesia dir "/var/lib/rabbitmq/mnesia/rabbit@clixserver"
rabbitmq   376  0.0  0.0   7476   912 ?        Ss   10:36   0:00 inet_gethost 4
rabbitmq   377  0.0  0.0   9568  1576 ?        S    10:36   0:00 inet_gethost 4
root       379  0.0  0.6 186400 50176 ?        S    10:36   0:00 python manage.py celeryd -f /var/log/celeryd.log -l INFO
root       401  0.0  0.5 185776 42536 ?        S    10:36   0:00 python manage.py celeryd -f /var/log/celeryd.log -l INFO
root       402  0.0  0.5 185776 42548 ?        S    10:36   0:00 python manage.py celeryd -f /var/log/celeryd.log -l INFO
root       403  0.0  0.5 185776 42568 ?        S    10:36   0:00 python manage.py celeryd -f /var/log/celeryd.log -l INFO
root       404  0.0  0.5 185776 42576 ?        S    10:36   0:00 python manage.py celeryd -f /var/log/celeryd.log -l INFO
root       441  0.0  0.1  33152  9768 ?        S    10:36   0:00 python -m smtpd -n -c DebuggingServer localhost:1025
root       444  0.1  1.0 879620 86064 ?        Sl   10:36   0:01 python main.py
root       450  0.0  0.2  52492 17004 ?        S    10:36   0:00 /usr/bin/python /usr/bin/supervisord -n
root       465  0.0  0.0  32536  6508 ?        S    10:36   0:00 nginx: master process /usr/sbin/nginx
root       466  0.0  0.2  63412 20520 ?        S    10:36   0:00 /usr/local/bin/uwsgi --ini /home/docker/code/confs/uwsgi.ini
www-data   467  0.0  0.0  33412  6632 ?        S    10:36   0:00 nginx: worker process
www-data   468  0.0  0.0  33412  6484 ?        S    10:36   0:00 nginx: worker process
www-data   469  0.0  0.0  33444  6720 ?        S    10:36   0:00 nginx: worker process
www-data   470  0.0  0.0  33244  6636 ?        S    10:36   0:00 nginx: worker process
root       471  0.1  1.1 270088 90896 ?        S    10:36   0:01 /usr/local/bin/uwsgi --ini /home/docker/code/confs/uwsgi.ini
root       472  0.1  1.1 270200 91036 ?        S    10:36   0:01 /usr/local/bin/uwsgi --ini /home/docker/code/confs/uwsgi.ini
root       473  0.1  1.1 275940 97008 ?        S    10:36   0:02 /usr/local/bin/uwsgi --ini /home/docker/code/confs/uwsgi.ini
root       474  0.7  1.2 280780 101752 ?       S    10:36   0:11 /usr/local/bin/uwsgi --ini /home/docker/code/confs/uwsgi.ini
root      1498  0.0  0.0  59648  3068 ?        S    11:01   0:00 /USR/SBIN/CRON
root      1499  0.0  0.0   4456   740 ?        Ss   11:01   0:00 /bin/sh -c /home/docker/code/scripts/system-heartbeat.sh  > /tmp/cron-system-heartbeat.log
root      1500  0.0  0.0   9588  2232 ?        S    11:01   0:00 /bin/bash /home/docker/code/scripts/system-heartbeat.sh
root      1501  0.0  0.0   9600  2472 ?        S    11:01   0:00 /bin/bash /home/docker/code/scripts/system-heartbeat.sh
root      1502  0.0  0.0   4360   700 ?        S    11:01   0:00 tee /data/system-heartbeat/system-heartbeat-20181030-110101.log
postgres  1599  0.0  0.1 246680 10364 ?        Ss   11:01   0:00 postgres: glab gstudio_psql 127.0.0.1(58438) idle                                                                           
root      1622  0.0  0.0  15580  2128 ?        R    11:01   0:00 ps aux
 

------------------------------------------------------------------------------------ 


