Info-msg : Checking directory existence. 

/data/system-heartbeat/ directory exists
Info-msg : hostname of server (hostname). 

clixserver.tiss.edu
 

------------------------------------------------------------------------------------ 


Info-msg : internal ip addresses of the system (ip address). 

 

------------------------------------------------------------------------------------ 


Info-msg : external ip addresses of the system (public ip address). 


 

------------------------------------------------------------------------------------ 


Info-msg : RAM details (free -h). 

             total       used       free     shared    buffers     cached
Mem:          7.7G       5.8G       1.9G       216M       683M       3.3G
-/+ buffers/cache:       1.8G       5.9G
Swap:         7.6G       268K       7.6G
 

------------------------------------------------------------------------------------ 


Info-msg : HDD details (df -h). 

Filesystem      Size  Used Avail Use% Mounted on
overlay         908G   40G  822G   5% /
tmpfs            64M     0   64M   0% /dev
tmpfs           3.9G     0  3.9G   0% /sys/fs/cgroup
/dev/sda3       908G   40G  822G   5% /data
shm              64M     0   64M   0% /dev/shm
tmpfs           3.9G     0  3.9G   0% /proc/scsi
tmpfs           3.9G     0  3.9G   0% /sys/firmware
 

------------------------------------------------------------------------------------ 


Info-msg : Size description in '/data/'. 

4.0K	/data/2031020-mz20-activity-timestamp-csvs.tar.gz
44M	/data/2031020-mz20-assessment-media.tar.gz
4.0K	/data/2031020-mz20-gstudio_tools_logs.tar.gz
64K	/data/activity-timestamp-csvs
114M	/data/assessment-media
16K	/data/clixserver.tiss.edu
361M	/data/db
4.0K	/data/drop_database.sql
12K	/data/git-commit-details.log
172K	/data/gstudio-exported-users-analytics-csvs
8.0K	/data/gstudio-logs
8.0K	/data/local_settings.py
17G	/data/media
8.0K	/data/nginx-logs
504K	/data/pg_dump_all.sql
2.7M	/data/postgres-dump
2.3M	/data/qbank
670M	/data/rcs-repo
4.0K	/data/server_settings.py
16K	/data/system-heartbeat
 

------------------------------------------------------------------------------------ 


Info-msg : No of directories and files in '/data/media/'. 

No of directories : 4002 

No of files       : 9629 

 

------------------------------------------------------------------------------------ 


Info-msg : uptime (uptime). 

 18:01:02 up 47 min,  0 users,  load average: 0.39, 0.66, 1.22
 

------------------------------------------------------------------------------------ 


Info-msg : current process (uptime). 

USER       PID %CPU %MEM    VSZ   RSS TTY      STAT START   TIME COMMAND
root         1  0.0  0.0   4456   788 ?        Ss   17:57   0:00 /bin/sh -c /home/docker/code/scripts/initialize.sh  | sed -e "s/^/$(date +%Y%m%d-%H%M%S) :  /"  2>&1 | tee -a ${LOG_INSTALL_DOCKER}
root         7  0.0  0.0  18000  2944 ?        S    17:57   0:00 /bin/bash /home/docker/code/scripts/initialize.sh
root         8  0.0  0.0  10996  1480 ?        S    17:57   0:00 sed -e s/^/20180625-175721 :  /
root         9  0.0  0.0   4360  1268 ?        S    17:57   0:00 tee -a /root/DockerLogs/$(DATE_LOG)-gsd-install.log
root        16  4.3  1.1 257284 89528 ?        Sl   17:57   0:09 mongod --config /home/docker/code/confs/mongod.conf
root        18  0.0  0.0  23664  2132 ?        Ss   17:57   0:00 /usr/sbin/cron
postgres    37  0.0  0.2 244856 19468 ?        S    17:57   0:00 /usr/lib/postgresql/9.3/bin/postgres -D /var/lib/postgresql/9.3/main -c config_file=/etc/postgresql/9.3/main/postgresql.conf
postgres    57  0.0  0.0 244856  3536 ?        Ss   17:57   0:00 postgres: checkpointer process                                                                                              
postgres    58  0.0  0.0 244856  4676 ?        Ss   17:57   0:00 postgres: writer process                                                                                                    
postgres    59  0.0  0.0 244856  3536 ?        Ss   17:57   0:00 postgres: wal writer process                                                                                                
postgres    60  0.0  0.0 245732  6056 ?        Ss   17:57   0:00 postgres: autovacuum launcher process                                                                                       
postgres    61  0.0  0.0 100668  3660 ?        Ss   17:57   0:00 postgres: stats collector process                                                                                           
root       164  0.0  0.0  25356  2732 ?        Ss   17:57   0:00 /usr/lib/postfix/master
postfix    169  0.0  0.0  27420  2864 ?        S    17:57   0:00 pickup -l -t unix -u -c
postfix    170  0.0  0.0  27468  2924 ?        S    17:57   0:00 qmgr -l -t unix -u
root       178  0.0  0.0  61388  3028 ?        Ss   17:57   0:00 /usr/sbin/sshd
memcache   185  0.0  0.0  63264  2736 ?        Sl   17:57   0:00 /usr/bin/memcached -m 64 -p 11211 -u memcache -l 127.0.0.1
rabbitmq   214  0.0  0.0   7512    88 ?        S    17:57   0:00 /usr/lib/erlang/erts-5.10.4/bin/epmd -daemon
rabbitmq   241  0.1  0.0   4456   784 ?        S    17:57   0:00 /bin/sh /usr/sbin/rabbitmq-server
rabbitmq   285  0.9  1.1 2302856 93068 ?       Sl   17:57   0:02 /usr/lib/erlang/erts-5.10.4/bin/beam.smp -W w -K true -A30 -P 1048576 -- -root /usr/lib/erlang -progname erl -- -home /var/lib/rabbitmq -- -pa /usr/lib/rabbitmq/lib/rabbitmq_server-3.2.4/sbin/../ebin -noshell -noinput -s rabbit boot -sname rabbit@clixserver -boot start_sasl -kernel inet_default_connect_options [{nodelay,true}] -sasl errlog_type error -sasl sasl_error_logger false -rabbit error_logger {file,"/var/log/rabbitmq/rabbit@clixserver.log"} -rabbit sasl_error_logger {file,"/var/log/rabbitmq/rabbit@clixserver-sasl.log"} -rabbit enabled_plugins_file "/etc/rabbitmq/enabled_plugins" -rabbit plugins_dir "/usr/lib/rabbitmq/lib/rabbitmq_server-3.2.4/sbin/../plugins" -rabbit plugins_expand_dir "/var/lib/rabbitmq/mnesia/rabbit@clixserver-plugins-expand" -os_mon start_cpu_sup false -os_mon start_disksup false -os_mon start_memsup false -mnesia dir "/var/lib/rabbitmq/mnesia/rabbit@clixserver"
rabbitmq   372  0.1  0.0   7476   960 ?        Ss   17:57   0:00 inet_gethost 4
rabbitmq   373  0.0  0.0   9568  1604 ?        S    17:57   0:00 inet_gethost 4
root       375  0.3  0.6 186428 50316 ?        S    17:57   0:00 python manage.py celeryd -f /var/log/celeryd.log -l INFO
root       397  0.0  0.5 185780 42508 ?        S    17:57   0:00 python manage.py celeryd -f /var/log/celeryd.log -l INFO
root       398  0.0  0.5 185776 42512 ?        S    17:57   0:00 python manage.py celeryd -f /var/log/celeryd.log -l INFO
root       399  0.0  0.5 185776 42516 ?        S    17:57   0:00 python manage.py celeryd -f /var/log/celeryd.log -l INFO
root       400  0.0  0.5 185776 42524 ?        S    17:57   0:00 python manage.py celeryd -f /var/log/celeryd.log -l INFO
root       402  0.0  0.1  33152  9880 ?        S    17:57   0:00 python -m smtpd -n -c DebuggingServer localhost:1025
root       405  0.1  0.7 859096 56720 ?        Sl   17:57   0:00 python main.py
root       411  0.0  0.2  52492 16980 ?        S    17:57   0:00 /usr/bin/python /usr/bin/supervisord -n
root       426  0.0  0.0  32536  6636 ?        S    17:57   0:00 nginx: master process /usr/sbin/nginx
root       427  0.0  0.2  63412 20476 ?        S    17:57   0:00 /usr/local/bin/uwsgi --ini /home/docker/code/confs/uwsgi.ini
www-data   428  0.0  0.0  32908  3892 ?        S    17:57   0:00 nginx: worker process
www-data   429  0.0  0.0  32908  3892 ?        S    17:57   0:00 nginx: worker process
www-data   430  0.0  0.0  32908  3892 ?        S    17:57   0:00 nginx: worker process
www-data   431  0.0  0.0  32908  3892 ?        S    17:57   0:00 nginx: worker process
root       432  0.0  0.1  63412 15740 ?        S    17:57   0:00 /usr/local/bin/uwsgi --ini /home/docker/code/confs/uwsgi.ini
root       433  0.0  0.1  63412 15740 ?        S    17:57   0:00 /usr/local/bin/uwsgi --ini /home/docker/code/confs/uwsgi.ini
root       434  0.0  0.1  63412 15740 ?        S    17:57   0:00 /usr/local/bin/uwsgi --ini /home/docker/code/confs/uwsgi.ini
root       435  0.0  0.1  63412 15740 ?        S    17:57   0:00 /usr/local/bin/uwsgi --ini /home/docker/code/confs/uwsgi.ini
root       482  0.0  0.0  59648  3056 ?        S    18:01   0:00 /USR/SBIN/CRON
root       483  0.0  0.0   4456   752 ?        Ss   18:01   0:00 /bin/sh -c /home/docker/code/scripts/system-heartbeat.sh  > /tmp/cron-system-heartbeat.log
root       484  0.0  0.0   9588  2308 ?        S    18:01   0:00 /bin/bash /home/docker/code/scripts/system-heartbeat.sh
root       485  0.0  0.0   9600  2624 ?        S    18:01   0:00 /bin/bash /home/docker/code/scripts/system-heartbeat.sh
root       486  0.0  0.0   4360   644 ?        S    18:01   0:00 tee /data/system-heartbeat/system-heartbeat-20180625-180101.log
root       507  0.0  0.0  15580  2208 ?        R    18:01   0:00 ps aux
 

------------------------------------------------------------------------------------ 


