Info-msg : Checking directory existence. 

/data/system-heartbeat/ directory exists
Info-msg : hostname of server (hostname). 

clixserver.tiss.edu
 

------------------------------------------------------------------------------------ 


Info-msg : internal ip addresses of the system (ip address). 

 

------------------------------------------------------------------------------------ 


Info-msg : external ip addresses of the system (public ip address). 


 

------------------------------------------------------------------------------------ 


Info-msg : RAM details (free -h). 

             total       used       free     shared    buffers     cached
Mem:          7.7G       4.0G       3.7G       313M       425M       1.3G
-/+ buffers/cache:       2.3G       5.4G
Swap:         7.6G         0B       7.6G
 

------------------------------------------------------------------------------------ 


Info-msg : HDD details (df -h). 

Filesystem      Size  Used Avail Use% Mounted on
overlay         908G   63G  800G   8% /
tmpfs            64M     0   64M   0% /dev
tmpfs           3.9G     0  3.9G   0% /sys/fs/cgroup
/dev/sda3       908G   63G  800G   8% /data
shm              64M     0   64M   0% /dev/shm
tmpfs           3.9G     0  3.9G   0% /proc/scsi
tmpfs           3.9G     0  3.9G   0% /sys/firmware
 

------------------------------------------------------------------------------------ 


Info-msg : Size description in '/data/'. 

8.0K	/data/2031020-mz20-activity-timestamp-csvs.tar.gz
68M	/data/2031020-mz20-assessment-media.tar.gz
4.0K	/data/2031020-mz20-gstudio_tools_logs.tar.gz
64K	/data/activity-timestamp-csvs
166M	/data/assessment-media
16K	/data/clixserver.tiss.edu
422M	/data/db
4.0K	/data/drop_database.sql
12K	/data/git-commit-details.log
14M	/data/gstudio-exported-users-analytics-csvs
132K	/data/gstudio-logs
8.0K	/data/local_settings.py
17G	/data/media
6.5G	/data/nginx-logs
504K	/data/pg_dump_all.sql
2.7M	/data/postgres-dump
3.5M	/data/qbank
677M	/data/rcs-repo
4.0K	/data/server_settings.py
912K	/data/system-heartbeat
 

------------------------------------------------------------------------------------ 


Info-msg : No of directories and files in '/data/media/'. 

No of directories : 4007 

No of files       : 9677 

 

------------------------------------------------------------------------------------ 


Info-msg : uptime (uptime). 

 11:01:08 up 9 min,  0 users,  load average: 0.60, 0.82, 0.53
 

------------------------------------------------------------------------------------ 


Info-msg : current process (uptime). 

USER       PID %CPU %MEM    VSZ   RSS TTY      STAT START   TIME COMMAND
root         1  0.0  0.0   4456   768 ?        Ss   10:52   0:00 /bin/sh -c /home/docker/code/scripts/initialize.sh  | sed -e "s/^/$(date +%Y%m%d-%H%M%S) :  /"  2>&1 | tee -a ${LOG_INSTALL_DOCKER}
root         7  0.0  0.0  18000  2804 ?        S    10:52   0:00 /bin/bash /home/docker/code/scripts/initialize.sh
root        13  0.0  0.0  10996  1372 ?        S    10:52   0:00 sed -e s/^/20181109-105239 :  /
root        14  0.0  0.0   4360  1380 ?        S    10:52   0:00 tee -a /root/DockerLogs/$(DATE_LOG)-gsd-install.log
root        16 19.5  5.5 690540 448332 ?       Sl   10:52   1:39 mongod --config /home/docker/code/confs/mongod.conf
root        18  0.0  0.0  23664  2096 ?        Ss   10:52   0:00 /usr/sbin/cron
postgres    44  0.0  0.2 244856 19224 ?        S    10:52   0:00 /usr/lib/postgresql/9.3/bin/postgres -D /var/lib/postgresql/9.3/main -c config_file=/etc/postgresql/9.3/main/postgresql.conf
postgres    64  0.0  0.0 244992  5228 ?        Ss   10:52   0:00 postgres: checkpointer process                                                                                              
postgres    65  0.0  0.0 244856  4548 ?        Ss   10:52   0:00 postgres: writer process                                                                                                    
postgres    66  0.0  0.0 244856  3212 ?        Ss   10:52   0:00 postgres: wal writer process                                                                                                
postgres    67  0.0  0.0 245732  5948 ?        Ss   10:52   0:00 postgres: autovacuum launcher process                                                                                       
postgres    68  0.0  0.0 100668  3492 ?        Ss   10:52   0:00 postgres: stats collector process                                                                                           
root       171  0.0  0.0  25356  2860 ?        Ss   10:52   0:00 /usr/lib/postfix/master
postfix    176  0.0  0.0  27420  2812 ?        S    10:52   0:00 pickup -l -t unix -u -c
postfix    177  0.0  0.0  27468  2840 ?        S    10:52   0:00 qmgr -l -t unix -u
root       185  0.0  0.0  61388  3144 ?        Ss   10:52   0:00 /usr/sbin/sshd
memcache   192  0.0  0.1 333532 11172 ?        Sl   10:52   0:00 /usr/bin/memcached -m 64 -p 11211 -u memcache -l 127.0.0.1
rabbitmq   221  0.0  0.0   7512    88 ?        S    10:52   0:00 /usr/lib/erlang/erts-5.10.4/bin/epmd -daemon
rabbitmq   245  0.0  0.0   4456   776 ?        S    10:52   0:00 /bin/sh /usr/sbin/rabbitmq-server
rabbitmq   290  0.5  1.1 2302856 92692 ?       Sl   10:52   0:02 /usr/lib/erlang/erts-5.10.4/bin/beam.smp -W w -K true -A30 -P 1048576 -- -root /usr/lib/erlang -progname erl -- -home /var/lib/rabbitmq -- -pa /usr/lib/rabbitmq/lib/rabbitmq_server-3.2.4/sbin/../ebin -noshell -noinput -s rabbit boot -sname rabbit@clixserver -boot start_sasl -kernel inet_default_connect_options [{nodelay,true}] -sasl errlog_type error -sasl sasl_error_logger false -rabbit error_logger {file,"/var/log/rabbitmq/rabbit@clixserver.log"} -rabbit sasl_error_logger {file,"/var/log/rabbitmq/rabbit@clixserver-sasl.log"} -rabbit enabled_plugins_file "/etc/rabbitmq/enabled_plugins" -rabbit plugins_dir "/usr/lib/rabbitmq/lib/rabbitmq_server-3.2.4/sbin/../plugins" -rabbit plugins_expand_dir "/var/lib/rabbitmq/mnesia/rabbit@clixserver-plugins-expand" -os_mon start_cpu_sup false -os_mon start_disksup false -os_mon start_memsup false -mnesia dir "/var/lib/rabbitmq/mnesia/rabbit@clixserver"
root       327  0.1  0.6 186400 50000 ?        S    10:52   0:00 python manage.py celeryd -f /var/log/celeryd.log -l INFO
rabbitmq   398  0.0  0.0   7476   888 ?        Ss   10:53   0:00 inet_gethost 4
rabbitmq   400  0.0  0.0   9568  1628 ?        S    10:53   0:00 inet_gethost 4
root       401  0.0  0.5 185776 42504 ?        S    10:53   0:00 python manage.py celeryd -f /var/log/celeryd.log -l INFO
root       402  0.0  0.5 185776 42508 ?        S    10:53   0:00 python manage.py celeryd -f /var/log/celeryd.log -l INFO
root       403  0.0  0.5 185776 42512 ?        S    10:53   0:00 python manage.py celeryd -f /var/log/celeryd.log -l INFO
root       404  0.0  0.5 185776 42520 ?        S    10:53   0:00 python manage.py celeryd -f /var/log/celeryd.log -l INFO
root       417  0.0  0.1  33152  9816 ?        S    10:53   0:00 python -m smtpd -n -c DebuggingServer localhost:1025
root       420  0.2  1.0 879108 84136 ?        Sl   10:53   0:01 python main.py
root       426  0.0  0.2  52492 17084 ?        S    10:53   0:00 /usr/bin/python /usr/bin/supervisord -n
root       441  0.0  0.0  32536  6488 ?        S    10:53   0:00 nginx: master process /usr/sbin/nginx
root       442  0.0  0.2  63412 20468 ?        S    10:53   0:00 /usr/local/bin/uwsgi --ini /home/docker/code/confs/uwsgi.ini
www-data   443  0.0  0.0  33372  6528 ?        S    10:53   0:00 nginx: worker process
www-data   444  0.0  0.0  33404  6580 ?        S    10:53   0:00 nginx: worker process
www-data   445  0.0  0.0  33244  6648 ?        S    10:53   0:00 nginx: worker process
www-data   446  0.1  0.0  33248  6492 ?        S    10:53   0:00 nginx: worker process
root       447  0.2  1.0 265320 86528 ?        S    10:53   0:01 /usr/local/bin/uwsgi --ini /home/docker/code/confs/uwsgi.ini
root       448  0.3  1.2 278364 99424 ?        S    10:53   0:01 /usr/local/bin/uwsgi --ini /home/docker/code/confs/uwsgi.ini
root       449  0.6  1.2 281068 102292 ?       S    10:53   0:03 /usr/local/bin/uwsgi --ini /home/docker/code/confs/uwsgi.ini
root       450  1.1  1.2 278428 99728 ?        S    10:53   0:05 /usr/local/bin/uwsgi --ini /home/docker/code/confs/uwsgi.ini
root       934  0.0  0.0  59648  3052 ?        S    11:01   0:00 /USR/SBIN/CRON
root       935  0.0  0.0   4456   680 ?        Ss   11:01   0:00 /bin/sh -c /home/docker/code/scripts/system-heartbeat.sh  > /tmp/cron-system-heartbeat.log
root       936  0.0  0.0   9588  2232 ?        S    11:01   0:00 /bin/bash /home/docker/code/scripts/system-heartbeat.sh
root       937  0.0  0.0   9600  2472 ?        S    11:01   0:00 /bin/bash /home/docker/code/scripts/system-heartbeat.sh
root       938  0.0  0.0   4360   752 ?        S    11:01   0:00 tee /data/system-heartbeat/system-heartbeat-20181109-110102.log
postgres   967  0.0  0.1 246680 10888 ?        Ss   11:01   0:00 postgres: glab gstudio_psql 127.0.0.1(41768) idle                                                                           
postgres   973  0.0  0.1 246680 10824 ?        Ss   11:01   0:00 postgres: glab gstudio_psql 127.0.0.1(41772) idle                                                                           
postgres   974  0.0  0.1 246680 10960 ?        Ss   11:01   0:00 postgres: glab gstudio_psql 127.0.0.1(41774) idle                                                                           
root       982  0.0  0.0  15580  2116 ?        R    11:01   0:00 ps aux
 

------------------------------------------------------------------------------------ 


