Info-msg : Checking directory existence. 

/data/system-heartbeat/ directory exists
Info-msg : hostname of server (hostname). 

clixserver.tiss.edu
 

------------------------------------------------------------------------------------ 


Info-msg : internal ip addresses of the system (ip address). 

 

------------------------------------------------------------------------------------ 


Info-msg : external ip addresses of the system (public ip address). 


 

------------------------------------------------------------------------------------ 


Info-msg : RAM details (free -h). 

             total       used       free     shared    buffers     cached
Mem:          7.7G       4.3G       3.5G       357M       441M       1.5G
-/+ buffers/cache:       2.3G       5.4G
Swap:         7.6G         0B       7.6G
 

------------------------------------------------------------------------------------ 


Info-msg : HDD details (df -h). 

Filesystem      Size  Used Avail Use% Mounted on
overlay         908G   62G  800G   8% /
tmpfs            64M     0   64M   0% /dev
tmpfs           3.9G     0  3.9G   0% /sys/fs/cgroup
/dev/sda3       908G   62G  800G   8% /data
shm              64M     0   64M   0% /dev/shm
tmpfs           3.9G     0  3.9G   0% /proc/scsi
tmpfs           3.9G     0  3.9G   0% /sys/firmware
 

------------------------------------------------------------------------------------ 


Info-msg : Size description in '/data/'. 

8.0K	/data/2031020-mz20-activity-timestamp-csvs.tar.gz
51M	/data/2031020-mz20-assessment-media.tar.gz
4.0K	/data/2031020-mz20-gstudio_tools_logs.tar.gz
64K	/data/activity-timestamp-csvs
132M	/data/assessment-media
16K	/data/clixserver.tiss.edu
414M	/data/db
4.0K	/data/drop_database.sql
12K	/data/git-commit-details.log
13M	/data/gstudio-exported-users-analytics-csvs
124K	/data/gstudio-logs
8.0K	/data/local_settings.py
17G	/data/media
6.3G	/data/nginx-logs
504K	/data/pg_dump_all.sql
2.7M	/data/postgres-dump
2.4M	/data/qbank
676M	/data/rcs-repo
4.0K	/data/server_settings.py
840K	/data/system-heartbeat
 

------------------------------------------------------------------------------------ 


Info-msg : No of directories and files in '/data/media/'. 

No of directories : 4003 

No of files       : 9656 

 

------------------------------------------------------------------------------------ 


Info-msg : uptime (uptime). 

 11:01:08 up 42 min,  0 users,  load average: 0.83, 0.70, 0.73
 

------------------------------------------------------------------------------------ 


Info-msg : current process (uptime). 

USER       PID %CPU %MEM    VSZ   RSS TTY      STAT START   TIME COMMAND
root         1  0.0  0.0   4456   820 ?        Ss   10:19   0:00 /bin/sh -c /home/docker/code/scripts/initialize.sh  | sed -e "s/^/$(date +%Y%m%d-%H%M%S) :  /"  2>&1 | tee -a ${LOG_INSTALL_DOCKER}
root         8  0.0  0.0  18000  2844 ?        S    10:19   0:00 /bin/bash /home/docker/code/scripts/initialize.sh
root        14  0.0  0.0  10996  1500 ?        S    10:19   0:00 sed -e s/^/20181026-101922 :  /
root        15  0.0  0.0   4360  1268 ?        S    10:19   0:00 tee -a /root/DockerLogs/$(DATE_LOG)-gsd-install.log
root        17 48.6  5.5 730856 452128 ?       Sl   10:19  20:17 mongod --config /home/docker/code/confs/mongod.conf
root        19  0.0  0.0  23664  2120 ?        Ss   10:19   0:00 /usr/sbin/cron
postgres    38  0.0  0.2 244856 19276 ?        S    10:19   0:00 /usr/lib/postgresql/9.3/bin/postgres -D /var/lib/postgresql/9.3/main -c config_file=/etc/postgresql/9.3/main/postgresql.conf
postgres    74  0.0  0.0 244992  5424 ?        Ss   10:19   0:00 postgres: checkpointer process                                                                                              
postgres    75  0.0  0.0 244856  4640 ?        Ss   10:19   0:00 postgres: writer process                                                                                                    
postgres    76  0.0  0.0 244856  3212 ?        Ss   10:19   0:00 postgres: wal writer process                                                                                                
postgres    77  0.0  0.0 245732  6008 ?        Ss   10:19   0:00 postgres: autovacuum launcher process                                                                                       
postgres    78  0.0  0.0 100820  3628 ?        Ss   10:19   0:00 postgres: stats collector process                                                                                           
root       181  0.0  0.0  25356  2816 ?        Ss   10:19   0:00 /usr/lib/postfix/master
postfix    186  0.0  0.0  27420  2732 ?        S    10:19   0:00 pickup -l -t unix -u -c
postfix    187  0.0  0.0  27468  2828 ?        S    10:19   0:00 qmgr -l -t unix -u
root       195  0.0  0.0  61388  3012 ?        Ss   10:19   0:00 /usr/sbin/sshd
rabbitmq   223  0.0  0.0   7512    92 ?        S    10:19   0:00 /usr/lib/erlang/erts-5.10.4/bin/epmd -daemon
rabbitmq   247  0.0  0.0   4456   756 ?        S    10:19   0:00 /bin/sh /usr/sbin/rabbitmq-server
rabbitmq   292  0.4  1.1 2302856 92636 ?       Sl   10:19   0:11 /usr/lib/erlang/erts-5.10.4/bin/beam.smp -W w -K true -A30 -P 1048576 -- -root /usr/lib/erlang -progname erl -- -home /var/lib/rabbitmq -- -pa /usr/lib/rabbitmq/lib/rabbitmq_server-3.2.4/sbin/../ebin -noshell -noinput -s rabbit boot -sname rabbit@clixserver -boot start_sasl -kernel inet_default_connect_options [{nodelay,true}] -sasl errlog_type error -sasl sasl_error_logger false -rabbit error_logger {file,"/var/log/rabbitmq/rabbit@clixserver.log"} -rabbit sasl_error_logger {file,"/var/log/rabbitmq/rabbit@clixserver-sasl.log"} -rabbit enabled_plugins_file "/etc/rabbitmq/enabled_plugins" -rabbit plugins_dir "/usr/lib/rabbitmq/lib/rabbitmq_server-3.2.4/sbin/../plugins" -rabbit plugins_expand_dir "/var/lib/rabbitmq/mnesia/rabbit@clixserver-plugins-expand" -os_mon start_cpu_sup false -os_mon start_disksup false -os_mon start_memsup false -mnesia dir "/var/lib/rabbitmq/mnesia/rabbit@clixserver"
root       329  0.1  0.6 186428 50240 ?        S    10:19   0:03 python manage.py celeryd -f /var/log/celeryd.log -l INFO
rabbitmq   394  0.0  0.0   7476   964 ?        Ss   10:19   0:00 inet_gethost 4
rabbitmq   399  0.0  0.0   9568  1616 ?        S    10:19   0:00 inet_gethost 4
root       404  0.0  0.1  33152  9892 ?        S    10:19   0:00 python -m smtpd -n -c DebuggingServer localhost:1025
root       407  1.9  1.1 881668 92332 ?        Sl   10:19   0:47 python main.py
root       412  0.0  0.5 185776 42564 ?        S    10:19   0:00 python manage.py celeryd -f /var/log/celeryd.log -l INFO
root       413  0.0  0.5 185776 42564 ?        S    10:19   0:00 python manage.py celeryd -f /var/log/celeryd.log -l INFO
root       414  0.0  0.5 185776 42568 ?        S    10:19   0:00 python manage.py celeryd -f /var/log/celeryd.log -l INFO
root       415  0.0  0.5 185776 42576 ?        S    10:19   0:00 python manage.py celeryd -f /var/log/celeryd.log -l INFO
root       417  0.0  0.2  52492 16856 ?        S    10:19   0:00 /usr/bin/python /usr/bin/supervisord -n
root       422  0.0  0.0  32536  6496 ?        S    10:19   0:00 nginx: master process /usr/sbin/nginx
root       423  0.0  0.2  63412 20520 ?        S    10:19   0:00 /usr/local/bin/uwsgi --ini /home/docker/code/confs/uwsgi.ini
www-data   426  0.0  0.0  33384  6752 ?        S    10:19   0:01 nginx: worker process
www-data   427  0.0  0.0  33488  6740 ?        S    10:19   0:02 nginx: worker process
www-data   428  0.0  0.0  33268  6724 ?        S    10:19   0:01 nginx: worker process
www-data   429  0.2  0.0  33576  6812 ?        S    10:19   0:05 nginx: worker process
root       430  0.8  1.2 280644 102016 ?       S    10:19   0:20 /usr/local/bin/uwsgi --ini /home/docker/code/confs/uwsgi.ini
root       431  0.6  1.2 279988 100876 ?       S    10:19   0:15 /usr/local/bin/uwsgi --ini /home/docker/code/confs/uwsgi.ini
root       432  1.0  1.2 281400 102836 ?       R    10:19   0:27 /usr/local/bin/uwsgi --ini /home/docker/code/confs/uwsgi.ini
root       433  1.9  1.2 281212 102616 ?       R    10:19   0:47 /usr/local/bin/uwsgi --ini /home/docker/code/confs/uwsgi.ini
root     10934  0.0  0.0  59648  3064 ?        S    11:01   0:00 /USR/SBIN/CRON
root     10935  0.0  0.0   4456   760 ?        Ss   11:01   0:00 /bin/sh -c /home/docker/code/scripts/system-heartbeat.sh  > /tmp/cron-system-heartbeat.log
root     10936  0.0  0.0   9588  2292 ?        S    11:01   0:00 /bin/bash /home/docker/code/scripts/system-heartbeat.sh
root     10937  0.0  0.0   9600  2528 ?        S    11:01   0:00 /bin/bash /home/docker/code/scripts/system-heartbeat.sh
root     10938  0.0  0.0   4360   744 ?        S    11:01   0:00 tee /data/system-heartbeat/system-heartbeat-20181026-110102.log
postgres 10961  0.0  0.1 246680 11256 ?        Ss   11:01   0:00 postgres: glab gstudio_psql 127.0.0.1(44294) idle                                                                           
root     10963  0.0  0.0  15580  2068 ?        R    11:01   0:00 ps aux
postgres 10964  0.0  0.1 246164 11316 ?        Ss   11:01   0:00 postgres: glab gstudio_psql 127.0.0.1(44296) idle                                                                           
 

------------------------------------------------------------------------------------ 


