Info-msg : Checking directory existence. 

/data/system-heartbeat/ directory exists
Info-msg : hostname of server (hostname). 

clixserver.tiss.edu
 

------------------------------------------------------------------------------------ 


Info-msg : internal ip addresses of the system (ip address). 

 

------------------------------------------------------------------------------------ 


Info-msg : external ip addresses of the system (public ip address). 


 

------------------------------------------------------------------------------------ 


Info-msg : RAM details (free -h). 

             total       used       free     shared    buffers     cached
Mem:          7.7G       2.5G       5.2G        19M       410M       668M
-/+ buffers/cache:       1.5G       6.3G
Swap:         7.6G         0B       7.6G
 

------------------------------------------------------------------------------------ 


Info-msg : HDD details (df -h). 

Filesystem      Size  Used Avail Use% Mounted on
overlay         908G   55G  807G   7% /
tmpfs            64M     0   64M   0% /dev
tmpfs           3.9G     0  3.9G   0% /sys/fs/cgroup
/dev/sda3       908G   55G  807G   7% /data
shm              64M     0   64M   0% /dev/shm
tmpfs           3.9G     0  3.9G   0% /proc/scsi
tmpfs           3.9G     0  3.9G   0% /sys/firmware
 

------------------------------------------------------------------------------------ 


Info-msg : Size description in '/data/'. 

8.0K	/data/2031018-mz18-activity-timestamp-csvs.tar.gz
48M	/data/2031018-mz18-assessment-media.tar.gz
4.0K	/data/2031018-mz18-gstudio_tools_logs.tar.gz
64K	/data/activity-timestamp-csvs
125M	/data/assessment-media
16K	/data/clixserver.tiss.edu
363M	/data/db
4.0K	/data/drop_database.sql
8.0K	/data/git-commit-details.log
4.0K	/data/gstudio-exported-users-analytics-csvs
60K	/data/gstudio-logs
8.0K	/data/local_settings.py
17G	/data/media
201M	/data/nginx-logs
504K	/data/pg_dump_all.sql
2.7M	/data/postgres-dump
3.1M	/data/qbank
671M	/data/rcs-repo
4.0K	/data/server_settings.py
68K	/data/system-heartbeat
 

------------------------------------------------------------------------------------ 


Info-msg : No of directories and files in '/data/media/'. 

No of directories : 4002 

No of files       : 9629 

 

------------------------------------------------------------------------------------ 


Info-msg : uptime (uptime). 

 13:01:07 up 24 min,  0 users,  load average: 0.15, 0.15, 0.19
 

------------------------------------------------------------------------------------ 


Info-msg : current process (uptime). 

USER       PID %CPU %MEM    VSZ   RSS TTY      STAT START   TIME COMMAND
root         1  0.0  0.0   4456   740 ?        Ss   12:37   0:00 /bin/sh -c /home/docker/code/scripts/initialize.sh  | sed -e "s/^/$(date +%Y%m%d-%H%M%S) :  /"  2>&1 | tee -a ${LOG_INSTALL_DOCKER}
root         9  0.0  0.0  18000  2872 ?        S    12:37   0:00 /bin/bash /home/docker/code/scripts/initialize.sh
root        15  0.0  0.0  10996  1508 ?        S    12:37   0:00 sed -e s/^/20180712-123715 :  /
root        16  0.0  0.0   4360  1320 ?        S    12:37   0:00 tee -a /root/DockerLogs/$(DATE_LOG)-gsd-install.log
root        18  8.1  2.7 427712 219724 ?       Sl   12:37   1:57 mongod --config /home/docker/code/confs/mongod.conf
root        20  0.0  0.0  23664  2064 ?        Ss   12:37   0:00 /usr/sbin/cron
postgres    39  0.0  0.2 244856 19224 ?        S    12:37   0:00 /usr/lib/postgresql/9.3/bin/postgres -D /var/lib/postgresql/9.3/main -c config_file=/etc/postgresql/9.3/main/postgresql.conf
postgres    63  0.0  0.0 244992  5224 ?        Ss   12:37   0:00 postgres: checkpointer process                                                                                              
postgres    64  0.0  0.0 244856  4544 ?        Ss   12:37   0:00 postgres: writer process                                                                                                    
postgres    65  0.0  0.0 244856  3212 ?        Ss   12:37   0:00 postgres: wal writer process                                                                                                
postgres    66  0.0  0.0 245732  5708 ?        Ss   12:37   0:00 postgres: autovacuum launcher process                                                                                       
postgres    67  0.0  0.0 100668  3540 ?        Ss   12:37   0:00 postgres: stats collector process                                                                                           
root       170  0.0  0.0  25356  2808 ?        Ss   12:37   0:00 /usr/lib/postfix/master
postfix    175  0.0  0.0  27420  2748 ?        S    12:37   0:00 pickup -l -t unix -u -c
postfix    176  0.0  0.0  27468  2876 ?        S    12:37   0:00 qmgr -l -t unix -u
root       184  0.0  0.0  61388  3196 ?        Ss   12:37   0:00 /usr/sbin/sshd
memcache   191  0.0  0.1 338644 16160 ?        Sl   12:37   0:00 /usr/bin/memcached -m 64 -p 11211 -u memcache -l 127.0.0.1
rabbitmq   220  0.0  0.0   7512    88 ?        S    12:37   0:00 /usr/lib/erlang/erts-5.10.4/bin/epmd -daemon
rabbitmq   247  0.0  0.0   4456   788 ?        S    12:37   0:00 /bin/sh /usr/sbin/rabbitmq-server
rabbitmq   291  0.6  1.1 2303368 92976 ?       Sl   12:37   0:08 /usr/lib/erlang/erts-5.10.4/bin/beam.smp -W w -K true -A30 -P 1048576 -- -root /usr/lib/erlang -progname erl -- -home /var/lib/rabbitmq -- -pa /usr/lib/rabbitmq/lib/rabbitmq_server-3.2.4/sbin/../ebin -noshell -noinput -s rabbit boot -sname rabbit@clixserver -boot start_sasl -kernel inet_default_connect_options [{nodelay,true}] -sasl errlog_type error -sasl sasl_error_logger false -rabbit error_logger {file,"/var/log/rabbitmq/rabbit@clixserver.log"} -rabbit sasl_error_logger {file,"/var/log/rabbitmq/rabbit@clixserver-sasl.log"} -rabbit enabled_plugins_file "/etc/rabbitmq/enabled_plugins" -rabbit plugins_dir "/usr/lib/rabbitmq/lib/rabbitmq_server-3.2.4/sbin/../plugins" -rabbit plugins_expand_dir "/var/lib/rabbitmq/mnesia/rabbit@clixserver-plugins-expand" -os_mon start_cpu_sup false -os_mon start_disksup false -os_mon start_memsup false -mnesia dir "/var/lib/rabbitmq/mnesia/rabbit@clixserver"
rabbitmq   378  0.0  0.0   7476   928 ?        Ss   12:37   0:00 inet_gethost 4
rabbitmq   379  0.0  0.0   9568  1584 ?        S    12:37   0:00 inet_gethost 4
root       381  0.2  0.6 186436 50088 ?        S    12:37   0:02 python manage.py celeryd -f /var/log/celeryd.log -l INFO
root       403  0.0  0.5 185788 42508 ?        S    12:37   0:00 python manage.py celeryd -f /var/log/celeryd.log -l INFO
root       404  0.0  0.5 185784 42508 ?        S    12:37   0:00 python manage.py celeryd -f /var/log/celeryd.log -l INFO
root       405  0.0  0.5 185784 42512 ?        S    12:37   0:00 python manage.py celeryd -f /var/log/celeryd.log -l INFO
root       406  0.0  0.5 185784 42520 ?        S    12:37   0:00 python manage.py celeryd -f /var/log/celeryd.log -l INFO
root       419  0.0  0.1  33152  9768 ?        S    12:37   0:00 python -m smtpd -n -c DebuggingServer localhost:1025
root       422  0.6  1.1 882436 92996 ?        Sl   12:37   0:08 python main.py
root       428  0.0  0.2  52492 16984 ?        S    12:37   0:00 /usr/bin/python /usr/bin/supervisord -n
root       445  0.0  0.0  32536  6640 ?        S    12:37   0:00 nginx: master process /usr/sbin/nginx
root       446  0.0  0.2  63412 20688 ?        S    12:37   0:00 /usr/local/bin/uwsgi --ini /home/docker/code/confs/uwsgi.ini
www-data   447  0.0  0.0  33040  6652 ?        S    12:37   0:00 nginx: worker process
www-data   448  0.0  0.0  33248  6620 ?        S    12:37   0:00 nginx: worker process
www-data   449  0.0  0.0  33040  6568 ?        S    12:37   0:00 nginx: worker process
www-data   450  0.0  0.0  33308  6876 ?        S    12:37   0:00 nginx: worker process
root       451  0.0  1.1 269560 90936 ?        S    12:37   0:01 /usr/local/bin/uwsgi --ini /home/docker/code/confs/uwsgi.ini
root       452  0.0  1.0 260656 82040 ?        S    12:37   0:00 /usr/local/bin/uwsgi --ini /home/docker/code/confs/uwsgi.ini
root       453  0.0  1.2 276360 97948 ?        S    12:37   0:01 /usr/local/bin/uwsgi --ini /home/docker/code/confs/uwsgi.ini
root       454  0.2  1.2 279476 101204 ?       S    12:37   0:03 /usr/local/bin/uwsgi --ini /home/docker/code/confs/uwsgi.ini
root      1527  0.0  0.0  59648  2988 ?        S    13:01   0:00 /USR/SBIN/CRON
root      1528  0.0  0.0   4456   696 ?        Ss   13:01   0:00 /bin/sh -c /home/docker/code/scripts/system-heartbeat.sh  > /tmp/cron-system-heartbeat.log
root      1529  0.0  0.0   9588  2312 ?        S    13:01   0:00 /bin/bash /home/docker/code/scripts/system-heartbeat.sh
root      1530  0.0  0.0   9600  2628 ?        S    13:01   0:00 /bin/bash /home/docker/code/scripts/system-heartbeat.sh
root      1531  0.0  0.0   4360   664 ?        S    13:01   0:00 tee /data/system-heartbeat/system-heartbeat-20180712-130101.log
root      1554  0.0  0.0  15580  2124 ?        R    13:01   0:00 ps aux
 

------------------------------------------------------------------------------------ 


