Info-msg : Checking directory existence. 

/data/system-heartbeat/ directory exists
Info-msg : hostname of server (hostname). 

clixserver.tiss.edu
 

------------------------------------------------------------------------------------ 


Info-msg : internal ip addresses of the system (ip address). 

 

------------------------------------------------------------------------------------ 


Info-msg : external ip addresses of the system (public ip address). 


 

------------------------------------------------------------------------------------ 


Info-msg : RAM details (free -h). 

             total       used       free     shared    buffers     cached
Mem:          7.7G       2.3G       5.5G       235M        65M       904M
-/+ buffers/cache:       1.3G       6.4G
Swap:         7.6G         0B       7.6G
 

------------------------------------------------------------------------------------ 


Info-msg : HDD details (df -h). 

Filesystem      Size  Used Avail Use% Mounted on
overlay         908G   55G  807G   7% /
tmpfs            64M     0   64M   0% /dev
tmpfs           3.9G     0  3.9G   0% /sys/fs/cgroup
/dev/sda3       908G   55G  807G   7% /data
shm              64M     0   64M   0% /dev/shm
tmpfs           3.9G     0  3.9G   0% /proc/scsi
tmpfs           3.9G     0  3.9G   0% /sys/firmware
 

------------------------------------------------------------------------------------ 


Info-msg : Size description in '/data/'. 

8.0K	/data/2031018-mz18-activity-timestamp-csvs.tar.gz
48M	/data/2031018-mz18-assessment-media.tar.gz
4.0K	/data/2031018-mz18-gstudio_tools_logs.tar.gz
64K	/data/activity-timestamp-csvs
125M	/data/assessment-media
16K	/data/clixserver.tiss.edu
367M	/data/db
4.0K	/data/drop_database.sql
8.0K	/data/git-commit-details.log
4.0K	/data/gstudio-exported-users-analytics-csvs
492K	/data/gstudio-logs
8.0K	/data/local_settings.py
17G	/data/media
251M	/data/nginx-logs
504K	/data/pg_dump_all.sql
2.7M	/data/postgres-dump
4.6M	/data/qbank
671M	/data/rcs-repo
4.0K	/data/server_settings.py
548K	/data/system-heartbeat
 

------------------------------------------------------------------------------------ 


Info-msg : No of directories and files in '/data/media/'. 

No of directories : 4002 

No of files       : 9629 

 

------------------------------------------------------------------------------------ 


Info-msg : uptime (uptime). 

 11:01:09 up 2 min,  0 users,  load average: 1.32, 0.90, 0.38
 

------------------------------------------------------------------------------------ 


Info-msg : current process (uptime). 

USER       PID %CPU %MEM    VSZ   RSS TTY      STAT START   TIME COMMAND
root         1  0.0  0.0   4456   736 ?        Ss   10:59   0:00 /bin/sh -c /home/docker/code/scripts/initialize.sh  | sed -e "s/^/$(date +%Y%m%d-%H%M%S) :  /"  2>&1 | tee -a ${LOG_INSTALL_DOCKER}
root         6  0.0  0.0  18000  2784 ?        S    10:59   0:00 /bin/bash /home/docker/code/scripts/initialize.sh
root        12  0.0  0.0  10996  1388 ?        S    10:59   0:00 sed -e s/^/20181213-105911 :  /
root        13  0.0  0.0   4360  1324 ?        S    10:59   0:00 tee -a /root/DockerLogs/$(DATE_LOG)-gsd-install.log
root        15  3.8  1.1 259496 90984 ?        Sl   10:59   0:04 mongod --config /home/docker/code/confs/mongod.conf
root        17  0.0  0.0  23664  2116 ?        Ss   10:59   0:00 /usr/sbin/cron
postgres    43  0.0  0.2 244856 19280 ?        S    10:59   0:00 /usr/lib/postgresql/9.3/bin/postgres -D /var/lib/postgresql/9.3/main -c config_file=/etc/postgresql/9.3/main/postgresql.conf
postgres    60  0.0  0.0 244856  3436 ?        Ss   10:59   0:00 postgres: checkpointer process                                                                                              
postgres    61  0.0  0.0 244856  4592 ?        Ss   10:59   0:00 postgres: writer process                                                                                                    
postgres    62  0.0  0.0 244856  3436 ?        Ss   10:59   0:00 postgres: wal writer process                                                                                                
postgres    63  0.0  0.0 245732  6112 ?        Ss   10:59   0:00 postgres: autovacuum launcher process                                                                                       
postgres    64  0.0  0.0 100668  3612 ?        Ss   10:59   0:00 postgres: stats collector process                                                                                           
root       167  0.0  0.0  25356  2724 ?        Ss   10:59   0:00 /usr/lib/postfix/master
postfix    172  0.0  0.0  27420  2816 ?        S    10:59   0:00 pickup -l -t unix -u -c
postfix    173  0.0  0.0  27468  2804 ?        S    10:59   0:00 qmgr -l -t unix -u
root       181  0.0  0.0  61388  2996 ?        Ss   10:59   0:00 /usr/sbin/sshd
memcache   188  0.0  0.0  63264  2580 ?        Sl   10:59   0:00 /usr/bin/memcached -m 64 -p 11211 -u memcache -l 127.0.0.1
rabbitmq   217  0.0  0.0   7512    92 ?        S    10:59   0:00 /usr/lib/erlang/erts-5.10.4/bin/epmd -daemon
rabbitmq   244  0.2  0.0   4456   688 ?        S    10:59   0:00 /bin/sh /usr/sbin/rabbitmq-server
rabbitmq   288  1.2  1.1 2305416 93936 ?       Sl   10:59   0:01 /usr/lib/erlang/erts-5.10.4/bin/beam.smp -W w -K true -A30 -P 1048576 -- -root /usr/lib/erlang -progname erl -- -home /var/lib/rabbitmq -- -pa /usr/lib/rabbitmq/lib/rabbitmq_server-3.2.4/sbin/../ebin -noshell -noinput -s rabbit boot -sname rabbit@clixserver -boot start_sasl -kernel inet_default_connect_options [{nodelay,true}] -sasl errlog_type error -sasl sasl_error_logger false -rabbit error_logger {file,"/var/log/rabbitmq/rabbit@clixserver.log"} -rabbit sasl_error_logger {file,"/var/log/rabbitmq/rabbit@clixserver-sasl.log"} -rabbit enabled_plugins_file "/etc/rabbitmq/enabled_plugins" -rabbit plugins_dir "/usr/lib/rabbitmq/lib/rabbitmq_server-3.2.4/sbin/../plugins" -rabbit plugins_expand_dir "/var/lib/rabbitmq/mnesia/rabbit@clixserver-plugins-expand" -os_mon start_cpu_sup false -os_mon start_disksup false -os_mon start_memsup false -mnesia dir "/var/lib/rabbitmq/mnesia/rabbit@clixserver"
rabbitmq   375  0.2  0.0   7476   984 ?        Ss   10:59   0:00 inet_gethost 4
rabbitmq   376  0.0  0.0   9568  1552 ?        S    10:59   0:00 inet_gethost 4
root       378  0.8  0.6 186396 50160 ?        S    10:59   0:00 python manage.py celeryd -f /var/log/celeryd.log -l INFO
root       401  0.0  0.1  33152  9876 ?        S    10:59   0:00 python -m smtpd -n -c DebuggingServer localhost:1025
root       404  0.4  0.7 859096 56664 ?        Sl   10:59   0:00 python main.py
root       406  0.0  0.5 185776 42620 ?        S    10:59   0:00 python manage.py celeryd -f /var/log/celeryd.log -l INFO
root       407  0.0  0.5 185776 42624 ?        S    10:59   0:00 python manage.py celeryd -f /var/log/celeryd.log -l INFO
root       408  0.0  0.5 185776 42628 ?        S    10:59   0:00 python manage.py celeryd -f /var/log/celeryd.log -l INFO
root       409  0.0  0.5 185776 42636 ?        S    10:59   0:00 python manage.py celeryd -f /var/log/celeryd.log -l INFO
root       414  0.1  0.2  52492 16816 ?        S    10:59   0:00 /usr/bin/python /usr/bin/supervisord -n
root       429  0.0  0.0  32536  6456 ?        S    10:59   0:00 nginx: master process /usr/sbin/nginx
root       430  0.0  0.2  63412 20500 ?        S    10:59   0:00 /usr/local/bin/uwsgi --ini /home/docker/code/confs/uwsgi.ini
www-data   431  0.0  0.0  32908  3980 ?        S    10:59   0:00 nginx: worker process
www-data   432  0.0  0.0  32908  3980 ?        S    10:59   0:00 nginx: worker process
www-data   433  0.0  0.0  32908  3980 ?        S    10:59   0:00 nginx: worker process
www-data   434  0.0  0.0  32908  3980 ?        S    10:59   0:00 nginx: worker process
root       435  0.0  0.1  63412 15736 ?        S    10:59   0:00 /usr/local/bin/uwsgi --ini /home/docker/code/confs/uwsgi.ini
root       436  0.0  0.1  63412 15736 ?        S    10:59   0:00 /usr/local/bin/uwsgi --ini /home/docker/code/confs/uwsgi.ini
root       437  0.0  0.1  63412 15736 ?        S    10:59   0:00 /usr/local/bin/uwsgi --ini /home/docker/code/confs/uwsgi.ini
root       438  0.0  0.1  63412 15736 ?        S    10:59   0:00 /usr/local/bin/uwsgi --ini /home/docker/code/confs/uwsgi.ini
root       459  0.0  0.0  59648  3060 ?        S    11:01   0:00 /USR/SBIN/CRON
root       460  0.0  0.0   4456   764 ?        Ss   11:01   0:00 /bin/sh -c /home/docker/code/scripts/system-heartbeat.sh  > /tmp/cron-system-heartbeat.log
root       461  0.0  0.0   9588  2276 ?        S    11:01   0:00 /bin/bash /home/docker/code/scripts/system-heartbeat.sh
root       462  0.0  0.0   9600  2476 ?        S    11:01   0:00 /bin/bash /home/docker/code/scripts/system-heartbeat.sh
root       463  0.0  0.0   4360   640 ?        S    11:01   0:00 tee /data/system-heartbeat/system-heartbeat-20181213-110101.log
root       486  0.0  0.0  15580  2160 ?        R    11:01   0:00 ps aux
 

------------------------------------------------------------------------------------ 


