Info-msg : Checking directory existence. 

/data/system-heartbeat/ directory created successfully
Info-msg : hostname of server (hostname). 

clixserver.tiss.edu
 

------------------------------------------------------------------------------------ 


Info-msg : internal ip addresses of the system (ip address). 

eth0- 172.18.0.2
 

------------------------------------------------------------------------------------ 


Info-msg : external ip addresses of the system (public ip address). 


 

------------------------------------------------------------------------------------ 


Info-msg : RAM details (free -h). 

             total       used       free     shared    buffers     cached
Mem:          7.7G       7.5G       235M       216M       706M       4.9G
-/+ buffers/cache:       1.9G       5.8G
Swap:         7.6G       1.0M       7.6G
 

------------------------------------------------------------------------------------ 


Info-msg : HDD details (df -h). 

Filesystem      Size  Used Avail Use% Mounted on
overlay         908G   39G  823G   5% /
tmpfs            64M     0   64M   0% /dev
tmpfs           3.9G     0  3.9G   0% /sys/fs/cgroup
/dev/sda3       908G   39G  823G   5% /data
shm              64M     0   64M   0% /dev/shm
tmpfs           3.9G     0  3.9G   0% /proc/scsi
tmpfs           3.9G     0  3.9G   0% /sys/firmware
 

------------------------------------------------------------------------------------ 


Info-msg : Size description in '/data/'. 

4.0K	/data/2031018-mz18-activity-timestamp-csvs.tar.gz
44M	/data/2031018-mz18-assessment-media.tar.gz
4.0K	/data/2031018-mz18-gstudio_tools_logs.tar.gz
114M	/data/assessment-media
16K	/data/clixserver.tiss.edu
361M	/data/db
4.0K	/data/drop_database.sql
8.0K	/data/git-commit-details.log
8.0K	/data/local_settings.py
17G	/data/media
4.0K	/data/nginx-logs
504K	/data/pg_dump_all.sql
2.5M	/data/postgres-dump
670M	/data/rcs-repo
4.0K	/data/server_settings.py
8.0K	/data/system-heartbeat
 

------------------------------------------------------------------------------------ 


Info-msg : No of directories and files in '/data/media/'. 

No of directories : 4002 

No of files       : 9629 

 

------------------------------------------------------------------------------------ 


Info-msg : uptime (uptime). 

 14:19:04 up 30 min,  0 users,  load average: 1.79, 1.80, 1.90
 

------------------------------------------------------------------------------------ 


Info-msg : current process (uptime). 

USER       PID %CPU %MEM    VSZ   RSS TTY      STAT START   TIME COMMAND
root         1  0.0  0.0   4456   680 ?        Ss   14:07   0:00 /bin/sh -c /home/docker/code/scripts/initialize.sh  | sed -e "s/^/$(date +%Y%m%d-%H%M%S) :  /"  2>&1 | tee -a ${LOG_INSTALL_DOCKER}
root         6  0.0  0.0  18000  2952 ?        S    14:08   0:00 /bin/bash /home/docker/code/scripts/initialize.sh
root         7  0.0  0.0  10996  1444 ?        S    14:08   0:00 sed -e s/^/20180608-140800 :  /
root         8  0.0  0.0   4360  1368 ?        S    14:08   0:00 tee -a /root/DockerLogs/$(DATE_LOG)-gsd-install.log
root        15 55.5  2.4 397984 195696 ?       Sl   14:08   6:08 mongod --config /home/docker/code/confs/mongod.conf
root        17  0.0  0.0  23664  2152 ?        Ss   14:08   0:00 /usr/sbin/cron
postgres    35  0.0  0.2 244856 19420 ?        S    14:08   0:00 /usr/lib/postgresql/9.3/bin/postgres -D /var/lib/postgresql/9.3/main -c config_file=/etc/postgresql/9.3/main/postgresql.conf
postgres    65  0.0  0.0 245000  6084 ?        Ss   14:08   0:00 postgres: checkpointer process                                                                                              
postgres    66  0.0  0.0 244856  4620 ?        Ss   14:08   0:00 postgres: writer process                                                                                                    
postgres    67  0.0  0.0 244856  3476 ?        Ss   14:08   0:00 postgres: wal writer process                                                                                                
postgres    68  0.0  0.0 245732  6148 ?        Ss   14:08   0:00 postgres: autovacuum launcher process                                                                                       
postgres    69  0.0  0.0 100820  3840 ?        Ss   14:08   0:00 postgres: stats collector process                                                                                           
root       172  0.0  0.0  25356  2948 ?        Ss   14:08   0:00 /usr/lib/postfix/master
postfix    179  0.0  0.0  27420  2880 ?        S    14:08   0:00 pickup -l -t unix -u -c
postfix    180  0.0  0.0  27468  2808 ?        S    14:08   0:00 qmgr -l -t unix -u
root       186  0.0  0.0  61388  3144 ?        Ss   14:08   0:00 /usr/sbin/sshd
memcache   193  0.0  0.0 197412  5556 ?        Sl   14:08   0:00 /usr/bin/memcached -m 64 -p 11211 -u memcache -l 127.0.0.1
rabbitmq   222  0.0  0.0   7512    88 ?        S    14:08   0:00 /usr/lib/erlang/erts-5.10.4/bin/epmd -daemon
rabbitmq   246  0.0  0.0   4456   772 ?        S    14:08   0:00 /bin/sh /usr/sbin/rabbitmq-server
rabbitmq   291  0.3  1.1 2303628 92972 ?       Sl   14:08   0:02 /usr/lib/erlang/erts-5.10.4/bin/beam.smp -W w -K true -A30 -P 1048576 -- -root /usr/lib/erlang -progname erl -- -home /var/lib/rabbitmq -- -pa /usr/lib/rabbitmq/lib/rabbitmq_server-3.2.4/sbin/../ebin -noshell -noinput -s rabbit boot -sname rabbit@clixserver -boot start_sasl -kernel inet_default_connect_options [{nodelay,true}] -sasl errlog_type error -sasl sasl_error_logger false -rabbit error_logger {file,"/var/log/rabbitmq/rabbit@clixserver.log"} -rabbit sasl_error_logger {file,"/var/log/rabbitmq/rabbit@clixserver-sasl.log"} -rabbit enabled_plugins_file "/etc/rabbitmq/enabled_plugins" -rabbit plugins_dir "/usr/lib/rabbitmq/lib/rabbitmq_server-3.2.4/sbin/../plugins" -rabbit plugins_expand_dir "/var/lib/rabbitmq/mnesia/rabbit@clixserver-plugins-expand" -os_mon start_cpu_sup false -os_mon start_disksup false -os_mon start_memsup false -mnesia dir "/var/lib/rabbitmq/mnesia/rabbit@clixserver"
root       328  0.0  0.6 186600 50232 ?        S    14:08   0:00 python manage.py celeryd -f /var/log/celeryd.log -l INFO
root       396  0.0  0.5 185776 42400 ?        S    14:08   0:00 python manage.py celeryd -f /var/log/celeryd.log -l INFO
root       397  0.0  0.5 185776 42396 ?        S    14:08   0:00 python manage.py celeryd -f /var/log/celeryd.log -l INFO
root       398  0.0  0.5 185776 42404 ?        S    14:08   0:00 python manage.py celeryd -f /var/log/celeryd.log -l INFO
root       399  0.0  0.5 185776 42416 ?        S    14:08   0:00 python manage.py celeryd -f /var/log/celeryd.log -l INFO
root       416  0.0  0.1  33152  9996 ?        S    14:08   0:00 python -m smtpd -n -c DebuggingServer localhost:1025
root       425  0.0  0.2  52484 16976 ?        S    14:08   0:00 /usr/bin/python /usr/bin/supervisord -n
rabbitmq   430  0.0  0.0   7476   888 ?        Ss   14:08   0:00 inet_gethost 4
rabbitmq   431  0.0  0.0   9568  1632 ?        S    14:08   0:00 inet_gethost 4
root       433  0.0  0.2  63412 20632 ?        S    14:08   0:00 /usr/local/bin/uwsgi --ini /home/docker/code/confs/uwsgi.ini
root       434  0.0  0.1  63412 15752 ?        S    14:08   0:00 /usr/local/bin/uwsgi --ini /home/docker/code/confs/uwsgi.ini
root       435  0.0  0.1  63412 15752 ?        S    14:08   0:00 /usr/local/bin/uwsgi --ini /home/docker/code/confs/uwsgi.ini
root       436  0.0  0.1  63412 15752 ?        S    14:08   0:00 /usr/local/bin/uwsgi --ini /home/docker/code/confs/uwsgi.ini
root       437  0.0  0.1  63412 15752 ?        S    14:08   0:00 /usr/local/bin/uwsgi --ini /home/docker/code/confs/uwsgi.ini
root     21881  0.5  0.0   4456   736 pts/0    Ss+  14:19   0:00 /bin/sh -c /home/docker/code/scripts/system-heartbeat.sh  > /tmp/cron-system-heartbeat.log
root     21887  0.0  0.0  18032  2860 pts/0    S+   14:19   0:00 /bin/bash /home/docker/code/scripts/system-heartbeat.sh
root     21888  0.0  0.0  18044  2660 pts/0    S+   14:19   0:00 /bin/bash /home/docker/code/scripts/system-heartbeat.sh
root     21889  0.0  0.0   4360   756 pts/0    S+   14:19   0:00 tee /data/system-heartbeat/system-heartbeat-20180608-141901.log
root     21912  0.0  0.0  15580  2032 pts/0    R+   14:19   0:00 ps aux
 

------------------------------------------------------------------------------------ 


