Info-msg : Checking directory existence. 

/data/system-heartbeat/ directory created successfully
Info-msg : hostname of server (hostname). 

clixserver.tiss.edu
 

------------------------------------------------------------------------------------ 


Info-msg : internal ip addresses of the system (ip address). 

eth0- 172.18.0.2
 

------------------------------------------------------------------------------------ 


Info-msg : external ip addresses of the system (public ip address). 


 

------------------------------------------------------------------------------------ 


Info-msg : RAM details (free -h). 

             total       used       free     shared    buffers     cached
Mem:          7.7G       7.2G       475M       226M       667M       4.6G
-/+ buffers/cache:       1.9G       5.7G
Swap:         7.6G        12K       7.6G
 

------------------------------------------------------------------------------------ 


Info-msg : HDD details (df -h). 

Filesystem      Size  Used Avail Use% Mounted on
overlay         908G   39G  823G   5% /
tmpfs            64M     0   64M   0% /dev
tmpfs           3.9G     0  3.9G   0% /sys/fs/cgroup
/dev/sda3       908G   39G  823G   5% /data
shm              64M     0   64M   0% /dev/shm
tmpfs           3.9G     0  3.9G   0% /proc/scsi
tmpfs           3.9G     0  3.9G   0% /sys/firmware
 

------------------------------------------------------------------------------------ 


Info-msg : Size description in '/data/'. 

16K	/data/clixserver.tiss.edu
361M	/data/db
4.0K	/data/drop_database.sql
17G	/data/media
4.0K	/data/nginx-logs
504K	/data/pg_dump_all.sql
2.5M	/data/postgres-dump
670M	/data/rcs-repo
8.0K	/data/system-heartbeat
 

------------------------------------------------------------------------------------ 


Info-msg : No of directories and files in '/data/media/'. 

No of directories : 4002 

No of files       : 9629 

 

------------------------------------------------------------------------------------ 


Info-msg : uptime (uptime). 

 22:50:48 up 26 min,  0 users,  load average: 1.76, 1.79, 1.65
 

------------------------------------------------------------------------------------ 


Info-msg : current process (uptime). 

USER       PID %CPU %MEM    VSZ   RSS TTY      STAT START   TIME COMMAND
root         1  0.0  0.0   4456   688 ?        Ss   22:39   0:00 /bin/sh -c /home/docker/code/scripts/initialize.sh  | sed -e "s/^/$(date +%Y%m%d-%H%M%S) :  /"  2>&1 | tee -a ${LOG_INSTALL_DOCKER}
root         8  0.0  0.0  18000  2924 ?        S    22:39   0:00 /bin/bash /home/docker/code/scripts/initialize.sh
root         9  0.0  0.0  10996  1480 ?        S    22:39   0:00 sed -e s/^/20180629-223956 :  /
root        10  0.0  0.0   4360  1300 ?        S    22:39   0:00 tee -a /root/DockerLogs/$(DATE_LOG)-gsd-install.log
root        17 55.9  2.4 398680 195612 ?       Sl   22:39   6:04 mongod --config /home/docker/code/confs/mongod.conf
root        19  0.0  0.0  23664  2124 ?        Ss   22:39   0:00 /usr/sbin/cron
postgres    37  0.0  0.2 244856 19404 ?        S    22:39   0:00 /usr/lib/postgresql/9.3/bin/postgres -D /var/lib/postgresql/9.3/main -c config_file=/etc/postgresql/9.3/main/postgresql.conf
postgres    64  0.0  0.0 245000  5308 ?        Ss   22:39   0:00 postgres: checkpointer process                                                                                              
postgres    65  0.0  0.0 244856  4576 ?        Ss   22:39   0:00 postgres: writer process                                                                                                    
postgres    66  0.0  0.0 244856  3412 ?        Ss   22:39   0:00 postgres: wal writer process                                                                                                
postgres    67  0.0  0.0 245732  6332 ?        Ss   22:39   0:00 postgres: autovacuum launcher process                                                                                       
postgres    68  0.0  0.0 100668  3744 ?        Ss   22:39   0:00 postgres: stats collector process                                                                                           
root       171  0.0  0.0  25356  2920 ?        Ss   22:39   0:00 /usr/lib/postfix/master
postfix    178  0.0  0.0  27420  2824 ?        S    22:39   0:00 pickup -l -t unix -u -c
postfix    179  0.0  0.0  27468  2888 ?        S    22:39   0:00 qmgr -l -t unix -u
root       185  0.0  0.0  61388  3096 ?        Ss   22:39   0:00 /usr/sbin/sshd
memcache   192  0.0  0.0 197412  5536 ?        Sl   22:39   0:00 /usr/bin/memcached -m 64 -p 11211 -u memcache -l 127.0.0.1
rabbitmq   221  0.0  0.0   7512    92 ?        S    22:39   0:00 /usr/lib/erlang/erts-5.10.4/bin/epmd -daemon
rabbitmq   245  0.0  0.0   4456   692 ?        S    22:40   0:00 /bin/sh /usr/sbin/rabbitmq-server
rabbitmq   290  0.4  1.1 2303880 93292 ?       Sl   22:40   0:02 /usr/lib/erlang/erts-5.10.4/bin/beam.smp -W w -K true -A30 -P 1048576 -- -root /usr/lib/erlang -progname erl -- -home /var/lib/rabbitmq -- -pa /usr/lib/rabbitmq/lib/rabbitmq_server-3.2.4/sbin/../ebin -noshell -noinput -s rabbit boot -sname rabbit@clixserver -boot start_sasl -kernel inet_default_connect_options [{nodelay,true}] -sasl errlog_type error -sasl sasl_error_logger false -rabbit error_logger {file,"/var/log/rabbitmq/rabbit@clixserver.log"} -rabbit sasl_error_logger {file,"/var/log/rabbitmq/rabbit@clixserver-sasl.log"} -rabbit enabled_plugins_file "/etc/rabbitmq/enabled_plugins" -rabbit plugins_dir "/usr/lib/rabbitmq/lib/rabbitmq_server-3.2.4/sbin/../plugins" -rabbit plugins_expand_dir "/var/lib/rabbitmq/mnesia/rabbit@clixserver-plugins-expand" -os_mon start_cpu_sup false -os_mon start_disksup false -os_mon start_memsup false -mnesia dir "/var/lib/rabbitmq/mnesia/rabbit@clixserver"
root       327  0.1  0.6 186492 50596 ?        S    22:40   0:00 python manage.py celeryd -f /var/log/celeryd.log -l INFO
root       395  0.0  0.5 185780 42572 ?        S    22:40   0:00 python manage.py celeryd -f /var/log/celeryd.log -l INFO
root       396  0.0  0.5 185776 42624 ?        S    22:40   0:00 python manage.py celeryd -f /var/log/celeryd.log -l INFO
root       397  0.0  0.5 185776 42628 ?        S    22:40   0:00 python manage.py celeryd -f /var/log/celeryd.log -l INFO
root       398  0.0  0.5 185776 42568 ?        S    22:40   0:00 python manage.py celeryd -f /var/log/celeryd.log -l INFO
root       411  0.0  0.1  33152  9716 ?        S    22:40   0:00 python -m smtpd -n -c DebuggingServer localhost:1025
root       420  0.0  0.2  52484 16796 ?        S    22:40   0:00 /usr/bin/python /usr/bin/supervisord -n
rabbitmq   429  0.0  0.0   7476   944 ?        Ss   22:40   0:00 inet_gethost 4
rabbitmq   430  0.0  0.0   9568  1688 ?        S    22:40   0:00 inet_gethost 4
root       432  0.0  0.2  63412 20536 ?        S    22:40   0:00 /usr/local/bin/uwsgi --ini /home/docker/code/confs/uwsgi.ini
root       433  0.0  0.1  63412 15816 ?        S    22:40   0:00 /usr/local/bin/uwsgi --ini /home/docker/code/confs/uwsgi.ini
root       434  0.0  0.1  63412 15816 ?        S    22:40   0:00 /usr/local/bin/uwsgi --ini /home/docker/code/confs/uwsgi.ini
root       435  0.0  0.1  63412 15816 ?        S    22:40   0:00 /usr/local/bin/uwsgi --ini /home/docker/code/confs/uwsgi.ini
root       436  0.0  0.1  63412 15816 ?        S    22:40   0:00 /usr/local/bin/uwsgi --ini /home/docker/code/confs/uwsgi.ini
root     21689  1.0  0.0   4456   684 pts/0    Ss+  22:50   0:00 /bin/sh -c /home/docker/code/scripts/system-heartbeat.sh  > /tmp/cron-system-heartbeat.log
root     21696  0.0  0.0  18032  2736 pts/0    S+   22:50   0:00 /bin/bash /home/docker/code/scripts/system-heartbeat.sh
root     21697  0.0  0.0  18044  2452 pts/0    S+   22:50   0:00 /bin/bash /home/docker/code/scripts/system-heartbeat.sh
root     21698  0.0  0.0   4360   648 pts/0    S+   22:50   0:00 tee /data/system-heartbeat/system-heartbeat-20180629-225046.log
root     21720  0.0  0.0  15580  2116 pts/0    R+   22:50   0:00 ps aux
 

------------------------------------------------------------------------------------ 


