Info-msg : Checking directory existence. 

/data/system-heartbeat/ directory exists
Info-msg : hostname of server (hostname). 

clixserver.tiss.edu
 

------------------------------------------------------------------------------------ 


Info-msg : internal ip addresses of the system (ip address). 

 

------------------------------------------------------------------------------------ 


Info-msg : external ip addresses of the system (public ip address). 

106.193.237.129
 

------------------------------------------------------------------------------------ 


Info-msg : RAM details (free -h). 

             total       used       free     shared    buffers     cached
Mem:          7.7G       4.3G       3.4G       258M       520M       1.4G
-/+ buffers/cache:       2.4G       5.3G
Swap:         7.6G         0B       7.6G
 

------------------------------------------------------------------------------------ 


Info-msg : HDD details (df -h). 

Filesystem      Size  Used Avail Use% Mounted on
overlay         908G   56G  806G   7% /
tmpfs            64M     0   64M   0% /dev
tmpfs           3.9G     0  3.9G   0% /sys/fs/cgroup
/dev/sda3       908G   56G  806G   7% /data
shm              64M     0   64M   0% /dev/shm
tmpfs           3.9G     0  3.9G   0% /proc/scsi
tmpfs           3.9G     0  3.9G   0% /sys/firmware
 

------------------------------------------------------------------------------------ 


Info-msg : Size description in '/data/'. 

4.0K	/data/2031027-mz27-activity-timestamp-csvs.tar.gz
73M	/data/2031027-mz27-assessment-media.tar.gz
16K	/data/2031027-mz27-gstudio_tools_logs.tar.gz
20K	/data/activity-timestamp-csvs
187M	/data/assessment-media
16K	/data/clixserver.tiss.edu
372M	/data/db
4.0K	/data/drop_database.sql
12K	/data/git-commit-details.log
2.0M	/data/gstudio-exported-users-analytics-csvs
16K	/data/gstudio-logs
216K	/data/gstudio_tools_logs
8.0K	/data/local_settings.py
17G	/data/media
462M	/data/nginx-logs
504K	/data/pg_dump_all.sql
2.2M	/data/postgres-dump
2.6M	/data/qbank
672M	/data/rcs-repo
4.0K	/data/server_settings.py
152K	/data/system-heartbeat
 

------------------------------------------------------------------------------------ 


Info-msg : No of directories and files in '/data/media/'. 

No of directories : 4002 

No of files       : 9629 

 

------------------------------------------------------------------------------------ 


Info-msg : uptime (uptime). 

 13:01:02 up 58 min,  0 users,  load average: 0.20, 0.32, 0.34
 

------------------------------------------------------------------------------------ 


Info-msg : current process (uptime). 

USER       PID %CPU %MEM    VSZ   RSS TTY      STAT START   TIME COMMAND
root         1  0.0  0.0   4456   736 ?        Ss   12:02   0:00 /bin/sh -c /home/docker/code/scripts/initialize.sh  | sed -e "s/^/$(date +%Y%m%d-%H%M%S) :  /"  2>&1 | tee -a ${LOG_INSTALL_DOCKER}
root         9  0.0  0.0  18000  2872 ?        S    12:02   0:00 /bin/bash /home/docker/code/scripts/initialize.sh
root        15  0.0  0.0  10996  1436 ?        S    12:02   0:00 sed -e s/^/20190114-174356 :  /
root        16  0.0  0.0   4360  1308 ?        S    12:02   0:00 tee -a /root/DockerLogs/$(DATE_LOG)-gsd-install.log
root        18 21.6  3.1 494960 257364 ?       Sl   12:02  12:34 mongod --config /home/docker/code/confs/mongod.conf
root        20  0.0  0.0  23664  2244 ?        Ss   12:02   0:00 /usr/sbin/cron
postgres    39  0.0  0.2 244856 19268 ?        S    12:02   0:00 /usr/lib/postgresql/9.3/bin/postgres -D /var/lib/postgresql/9.3/main -c config_file=/etc/postgresql/9.3/main/postgresql.conf
postgres    69  0.0  0.0 244992  5392 ?        Ss   12:03   0:00 postgres: checkpointer process                                                                                              
postgres    70  0.0  0.0 244856  4672 ?        Ss   12:03   0:00 postgres: writer process                                                                                                    
postgres    71  0.0  0.0 244856  3340 ?        Ss   12:03   0:00 postgres: wal writer process                                                                                                
postgres    72  0.0  0.0 245732  6060 ?        Ss   12:03   0:00 postgres: autovacuum launcher process                                                                                       
postgres    73  0.0  0.0 100820  3716 ?        Ss   12:03   0:00 postgres: stats collector process                                                                                           
root       176  0.0  0.0  25356  2896 ?        Ss   12:03   0:00 /usr/lib/postfix/master
postfix    181  0.0  0.0  27420  2900 ?        S    12:03   0:00 pickup -l -t unix -u -c
postfix    182  0.0  0.0  27468  2824 ?        S    12:03   0:00 qmgr -l -t unix -u
root       190  0.0  0.0  61388  3188 ?        Ss   12:03   0:00 /usr/sbin/sshd
memcache   197  0.0  0.1 331484  9012 ?        Sl   12:03   0:00 /usr/bin/memcached -m 64 -p 11211 -u memcache -l 127.0.0.1
rabbitmq   226  0.0  0.0   7512    92 ?        S    12:03   0:00 /usr/lib/erlang/erts-5.10.4/bin/epmd -daemon
rabbitmq   250  0.0  0.0   4456   784 ?        S    12:03   0:00 /bin/sh /usr/sbin/rabbitmq-server
rabbitmq   295  0.5  1.1 2303368 93152 ?       Sl   12:03   0:19 /usr/lib/erlang/erts-5.10.4/bin/beam.smp -W w -K true -A30 -P 1048576 -- -root /usr/lib/erlang -progname erl -- -home /var/lib/rabbitmq -- -pa /usr/lib/rabbitmq/lib/rabbitmq_server-3.2.4/sbin/../ebin -noshell -noinput -s rabbit boot -sname rabbit@clixserver -boot start_sasl -kernel inet_default_connect_options [{nodelay,true}] -sasl errlog_type error -sasl sasl_error_logger false -rabbit error_logger {file,"/var/log/rabbitmq/rabbit@clixserver.log"} -rabbit sasl_error_logger {file,"/var/log/rabbitmq/rabbit@clixserver-sasl.log"} -rabbit enabled_plugins_file "/etc/rabbitmq/enabled_plugins" -rabbit plugins_dir "/usr/lib/rabbitmq/lib/rabbitmq_server-3.2.4/sbin/../plugins" -rabbit plugins_expand_dir "/var/lib/rabbitmq/mnesia/rabbit@clixserver-plugins-expand" -os_mon start_cpu_sup false -os_mon start_disksup false -os_mon start_memsup false -mnesia dir "/var/lib/rabbitmq/mnesia/rabbit@clixserver"
root       331  0.1  0.6 186440 49936 ?        S    12:03   0:04 python manage.py celeryd -f /var/log/celeryd.log -l INFO
rabbitmq   393  0.0  0.0   7476   912 ?        Ss   12:03   0:00 inet_gethost 4
rabbitmq   394  0.0  0.0   9568  1572 ?        S    12:03   0:00 inet_gethost 4
root       406  0.0  0.5 185792 42476 ?        S    12:03   0:00 python manage.py celeryd -f /var/log/celeryd.log -l INFO
root       407  0.0  0.5 185788 42480 ?        S    12:03   0:00 python manage.py celeryd -f /var/log/celeryd.log -l INFO
root       408  0.0  0.5 185788 42484 ?        S    12:03   0:00 python manage.py celeryd -f /var/log/celeryd.log -l INFO
root       409  0.0  0.5 185788 42492 ?        S    12:03   0:00 python manage.py celeryd -f /var/log/celeryd.log -l INFO
root       422  0.0  0.1  33152  9936 ?        S    12:03   0:00 python -m smtpd -n -c DebuggingServer localhost:1025
root       425  0.0  0.6 859092 56540 ?        Sl   12:03   0:00 python main.py
root       431  0.0  0.2  52492 17000 ?        S    12:03   0:00 /usr/bin/python /usr/bin/supervisord -n
root       446  0.0  0.0  32536  6364 ?        S    12:03   0:00 nginx: master process /usr/sbin/nginx
root       447  0.0  0.2  63412 20520 ?        S    12:03   0:00 /usr/local/bin/uwsgi --ini /home/docker/code/confs/uwsgi.ini
www-data   448  0.0  0.0  33248  6632 ?        S    12:03   0:00 nginx: worker process
www-data   449  0.0  0.0  33236  6580 ?        S    12:03   0:00 nginx: worker process
www-data   450  0.0  0.0  33232  6576 ?        S    12:03   0:00 nginx: worker process
www-data   451  0.0  0.0  33356  6660 ?        S    12:03   0:00 nginx: worker process
root       452  0.0  1.2 281632 102568 ?       S    12:03   0:03 /usr/local/bin/uwsgi --ini /home/docker/code/confs/uwsgi.ini
root       453  0.0  1.2 282692 103648 ?       S    12:03   0:02 /usr/local/bin/uwsgi --ini /home/docker/code/confs/uwsgi.ini
root       454  0.0  1.2 279584 100520 ?       S    12:03   0:03 /usr/local/bin/uwsgi --ini /home/docker/code/confs/uwsgi.ini
root       455  0.2  1.2 280948 101844 ?       S    12:03   0:09 /usr/local/bin/uwsgi --ini /home/docker/code/confs/uwsgi.ini
root      2160  0.0  0.0  59648  2968 ?        S    13:01   0:00 /USR/SBIN/CRON
root      2161  0.0  0.0   4456   760 ?        Ss   13:01   0:00 /bin/sh -c /home/docker/code/scripts/system-heartbeat.sh  > /tmp/cron-system-heartbeat.log
root      2162  0.0  0.0   9588  2248 ?        S    13:01   0:00 /bin/bash /home/docker/code/scripts/system-heartbeat.sh
root      2163  0.0  0.0   9600  2404 ?        S    13:01   0:00 /bin/bash /home/docker/code/scripts/system-heartbeat.sh
root      2164  0.0  0.0   4360   648 ?        S    13:01   0:00 tee /data/system-heartbeat/system-heartbeat-20190114-130101.log
root      2185  0.0  0.0  15580  2120 ?        R    13:01   0:00 ps aux
 

------------------------------------------------------------------------------------ 


