Info-msg : Checking directory existence. 

/data/system-heartbeat/ directory exists
Info-msg : hostname of server (hostname). 

clixserver.tiss.edu
 

------------------------------------------------------------------------------------ 


Info-msg : internal ip addresses of the system (ip address). 

 

------------------------------------------------------------------------------------ 


Info-msg : external ip addresses of the system (public ip address). 


 

------------------------------------------------------------------------------------ 


Info-msg : RAM details (free -h). 

             total       used       free     shared    buffers     cached
Mem:          7.7G       3.4G       4.3G       337M       413M       1.1G
-/+ buffers/cache:       1.9G       5.8G
Swap:         7.6G         0B       7.6G
 

------------------------------------------------------------------------------------ 


Info-msg : HDD details (df -h). 

Filesystem      Size  Used Avail Use% Mounted on
overlay         908G   55G  808G   7% /
tmpfs            64M     0   64M   0% /dev
tmpfs           3.9G     0  3.9G   0% /sys/fs/cgroup
/dev/sda3       908G   55G  808G   7% /data
shm              64M     0   64M   0% /dev/shm
tmpfs           3.9G     0  3.9G   0% /proc/scsi
tmpfs           3.9G     0  3.9G   0% /sys/firmware
 

------------------------------------------------------------------------------------ 


Info-msg : Size description in '/data/'. 

4.0K	/data/2031027-mz27-activity-timestamp-csvs.tar.gz
44M	/data/2031027-mz27-assessment-media.tar.gz
4.0K	/data/2031027-mz27-gstudio_tools_logs.tar.gz
20K	/data/activity-timestamp-csvs
114M	/data/assessment-media
16K	/data/clixserver.tiss.edu
362M	/data/db
4.0K	/data/drop_database.sql
12K	/data/git-commit-details.log
516K	/data/gstudio-exported-users-analytics-csvs
8.0K	/data/gstudio-logs
8.0K	/data/local_settings.py
17G	/data/media
28M	/data/nginx-logs
504K	/data/pg_dump_all.sql
2.2M	/data/postgres-dump
2.3M	/data/qbank
670M	/data/rcs-repo
4.0K	/data/server_settings.py
32K	/data/system-heartbeat
 

------------------------------------------------------------------------------------ 


Info-msg : No of directories and files in '/data/media/'. 

No of directories : 4002 

No of files       : 9629 

 

------------------------------------------------------------------------------------ 


Info-msg : uptime (uptime). 

 18:01:27 up 50 min,  0 users,  load average: 0.53, 0.31, 0.20
 

------------------------------------------------------------------------------------ 


Info-msg : current process (uptime). 

USER       PID %CPU %MEM    VSZ   RSS TTY      STAT START   TIME COMMAND
root         1  0.0  0.0   4456   732 ?        Ss   17:11   0:00 /bin/sh -c /home/docker/code/scripts/initialize.sh  | sed -e "s/^/$(date +%Y%m%d-%H%M%S) :  /"  2>&1 | tee -a ${LOG_INSTALL_DOCKER}
root         7  0.0  0.0  18000  2824 ?        S    17:11   0:00 /bin/bash /home/docker/code/scripts/initialize.sh
root        13  0.0  0.0  10996  1436 ?        S    17:11   0:00 sed -e s/^/20180808-171139 :  /
root        14  0.0  0.0   4360  1308 ?        S    17:11   0:00 tee -a /root/DockerLogs/$(DATE_LOG)-gsd-install.log
root        16  5.9  2.4 381336 195312 ?       Sl   17:11   2:59 mongod --config /home/docker/code/confs/mongod.conf
root        18  0.0  0.0  23664  2140 ?        Ss   17:11   0:00 /usr/sbin/cron
postgres    37  0.0  0.2 244856 19276 ?        S    17:11   0:00 /usr/lib/postgresql/9.3/bin/postgres -D /var/lib/postgresql/9.3/main -c config_file=/etc/postgresql/9.3/main/postgresql.conf
postgres    64  0.0  0.0 244856  3312 ?        Ss   17:11   0:00 postgres: checkpointer process                                                                                              
postgres    65  0.0  0.0 244856  4656 ?        Ss   17:11   0:00 postgres: writer process                                                                                                    
postgres    66  0.0  0.0 244856  3312 ?        Ss   17:11   0:00 postgres: wal writer process                                                                                                
postgres    67  0.0  0.0 245732  6192 ?        Ss   17:11   0:00 postgres: autovacuum launcher process                                                                                       
postgres    68  0.0  0.0 100820  3788 ?        Ss   17:11   0:00 postgres: stats collector process                                                                                           
root       171  0.0  0.0  25356  2848 ?        Ss   17:11   0:00 /usr/lib/postfix/master
postfix    176  0.0  0.0  27420  2864 ?        S    17:11   0:00 pickup -l -t unix -u -c
postfix    177  0.0  0.0  27468  2908 ?        S    17:11   0:00 qmgr -l -t unix -u
root       185  0.0  0.0  61388  3076 ?        Ss   17:11   0:00 /usr/sbin/sshd
memcache   192  0.0  0.1 332504  9792 ?        Sl   17:11   0:00 /usr/bin/memcached -m 64 -p 11211 -u memcache -l 127.0.0.1
rabbitmq   221  0.0  0.0   7512    88 ?        S    17:11   0:00 /usr/lib/erlang/erts-5.10.4/bin/epmd -daemon
rabbitmq   245  0.0  0.0   4456   780 ?        S    17:11   0:00 /bin/sh /usr/sbin/rabbitmq-server
rabbitmq   290  0.5  1.1 2303624 92712 ?       Sl   17:11   0:15 /usr/lib/erlang/erts-5.10.4/bin/beam.smp -W w -K true -A30 -P 1048576 -- -root /usr/lib/erlang -progname erl -- -home /var/lib/rabbitmq -- -pa /usr/lib/rabbitmq/lib/rabbitmq_server-3.2.4/sbin/../ebin -noshell -noinput -s rabbit boot -sname rabbit@clixserver -boot start_sasl -kernel inet_default_connect_options [{nodelay,true}] -sasl errlog_type error -sasl sasl_error_logger false -rabbit error_logger {file,"/var/log/rabbitmq/rabbit@clixserver.log"} -rabbit sasl_error_logger {file,"/var/log/rabbitmq/rabbit@clixserver-sasl.log"} -rabbit enabled_plugins_file "/etc/rabbitmq/enabled_plugins" -rabbit plugins_dir "/usr/lib/rabbitmq/lib/rabbitmq_server-3.2.4/sbin/../plugins" -rabbit plugins_expand_dir "/var/lib/rabbitmq/mnesia/rabbit@clixserver-plugins-expand" -os_mon start_cpu_sup false -os_mon start_disksup false -os_mon start_memsup false -mnesia dir "/var/lib/rabbitmq/mnesia/rabbit@clixserver"
root       326  0.0  0.6 186412 49984 ?        S    17:11   0:00 python manage.py celeryd -f /var/log/celeryd.log -l INFO
rabbitmq   388  0.0  0.0   7476   928 ?        Ss   17:11   0:00 inet_gethost 4
rabbitmq   389  0.0  0.0   9568  1580 ?        S    17:11   0:00 inet_gethost 4
root       402  0.0  0.1  33152  9892 ?        S    17:12   0:00 python -m smtpd -n -c DebuggingServer localhost:1025
root       405  0.0  0.7 859096 56672 ?        Sl   17:12   0:01 python main.py
root       411  0.0  0.2  52492 17060 ?        S    17:12   0:00 /usr/bin/python /usr/bin/supervisord -n
root       412  0.0  0.5 185792 42516 ?        S    17:12   0:00 python manage.py celeryd -f /var/log/celeryd.log -l INFO
root       413  0.0  0.5 185792 42520 ?        S    17:12   0:00 python manage.py celeryd -f /var/log/celeryd.log -l INFO
root       414  0.0  0.5 185792 42524 ?        S    17:12   0:00 python manage.py celeryd -f /var/log/celeryd.log -l INFO
root       415  0.0  0.5 185792 42532 ?        S    17:12   0:00 python manage.py celeryd -f /var/log/celeryd.log -l INFO
root       420  0.0  0.0  32536  6420 ?        S    17:12   0:00 nginx: master process /usr/sbin/nginx
root       421  0.0  0.2  63412 20468 ?        S    17:12   0:00 /usr/local/bin/uwsgi --ini /home/docker/code/confs/uwsgi.ini
www-data   424  0.0  0.0  32908  6416 ?        S    17:12   0:00 nginx: worker process
www-data   425  0.0  0.0  33336  6528 ?        S    17:12   0:00 nginx: worker process
www-data   426  0.0  0.0  33356  6516 ?        S    17:12   0:00 nginx: worker process
www-data   427  0.0  0.0  33264  6624 ?        S    17:12   0:00 nginx: worker process
root       428  0.0  1.0 262704 83804 ?        S    17:12   0:00 /usr/local/bin/uwsgi --ini /home/docker/code/confs/uwsgi.ini
root       429  0.0  1.0 263076 84268 ?        S    17:12   0:00 /usr/local/bin/uwsgi --ini /home/docker/code/confs/uwsgi.ini
root       430  0.0  1.2 278456 99700 ?        S    17:12   0:01 /usr/local/bin/uwsgi --ini /home/docker/code/confs/uwsgi.ini
root       431  0.0  1.0 266012 87224 ?        S    17:12   0:01 /usr/local/bin/uwsgi --ini /home/docker/code/confs/uwsgi.ini
root      1353  0.0  0.0  59648  2940 ?        S    18:01   0:00 /USR/SBIN/CRON
root      1354  0.0  0.0   4456   692 ?        Ss   18:01   0:00 /bin/sh -c /home/docker/code/scripts/system-heartbeat.sh  > /tmp/cron-system-heartbeat.log
root      1355  0.0  0.0   9588  2296 ?        S    18:01   0:00 /bin/bash /home/docker/code/scripts/system-heartbeat.sh
root      1356  0.0  0.0   9600  2604 ?        S    18:01   0:00 /bin/bash /home/docker/code/scripts/system-heartbeat.sh
root      1357  0.0  0.0   4360   752 ?        S    18:01   0:00 tee /data/system-heartbeat/system-heartbeat-20180808-180101.log
root      1392  0.0  0.0  15580  2124 ?        R    18:01   0:00 ps aux
 

------------------------------------------------------------------------------------ 


