Info-msg : Checking directory existence. 

/data/system-heartbeat/ directory exists
Info-msg : hostname of server (hostname). 

clixserver.tiss.edu
 

------------------------------------------------------------------------------------ 


Info-msg : internal ip addresses of the system (ip address). 

 

------------------------------------------------------------------------------------ 


Info-msg : external ip addresses of the system (public ip address). 


 

------------------------------------------------------------------------------------ 


Info-msg : RAM details (free -h). 

             total       used       free     shared    buffers     cached
Mem:          7.7G       3.9G       3.8G       273M       415M       1.2G
-/+ buffers/cache:       2.3G       5.4G
Swap:         7.6G         0B       7.6G
 

------------------------------------------------------------------------------------ 


Info-msg : HDD details (df -h). 

Filesystem      Size  Used Avail Use% Mounted on
overlay         908G   55G  807G   7% /
tmpfs            64M     0   64M   0% /dev
tmpfs           3.9G     0  3.9G   0% /sys/fs/cgroup
/dev/sda3       908G   55G  807G   7% /data
shm              64M     0   64M   0% /dev/shm
tmpfs           3.9G     0  3.9G   0% /proc/scsi
tmpfs           3.9G     0  3.9G   0% /sys/firmware
 

------------------------------------------------------------------------------------ 


Info-msg : Size description in '/data/'. 

4.0K	/data/2031027-mz27-activity-timestamp-csvs.tar.gz
62M	/data/2031027-mz27-assessment-media.tar.gz
4.0K	/data/2031027-mz27-gstudio_tools_logs.tar.gz
20K	/data/activity-timestamp-csvs
156M	/data/assessment-media
16K	/data/clixserver.tiss.edu
365M	/data/db
4.0K	/data/drop_database.sql
12K	/data/git-commit-details.log
1.1M	/data/gstudio-exported-users-analytics-csvs
12K	/data/gstudio-logs
8.0K	/data/local_settings.py
17G	/data/media
159M	/data/nginx-logs
504K	/data/pg_dump_all.sql
2.2M	/data/postgres-dump
3.2M	/data/qbank
671M	/data/rcs-repo
4.0K	/data/server_settings.py
68K	/data/system-heartbeat
 

------------------------------------------------------------------------------------ 


Info-msg : No of directories and files in '/data/media/'. 

No of directories : 4002 

No of files       : 9629 

 

------------------------------------------------------------------------------------ 


Info-msg : uptime (uptime). 

 19:01:26 up 38 min,  0 users,  load average: 1.01, 0.85, 0.76
 

------------------------------------------------------------------------------------ 


Info-msg : current process (uptime). 

USER       PID %CPU %MEM    VSZ   RSS TTY      STAT START   TIME COMMAND
root         1  0.0  0.0   4456   688 ?        Ss   18:23   0:00 /bin/sh -c /home/docker/code/scripts/initialize.sh  | sed -e "s/^/$(date +%Y%m%d-%H%M%S) :  /"  2>&1 | tee -a ${LOG_INSTALL_DOCKER}
root         8  0.0  0.0  18000  2788 ?        S    18:23   0:00 /bin/bash /home/docker/code/scripts/initialize.sh
root        14  0.0  0.0  10996  1376 ?        S    18:23   0:00 sed -e s/^/20180820-182316 :  /
root        15  0.0  0.0   4360  1308 ?        S    18:23   0:00 tee -a /root/DockerLogs/$(DATE_LOG)-gsd-install.log
root        17 11.5  2.8 462236 230724 ?       Sl   18:23   4:25 mongod --config /home/docker/code/confs/mongod.conf
root        19  0.0  0.0  23664  2068 ?        Ss   18:23   0:00 /usr/sbin/cron
postgres    45  0.0  0.2 244856 19296 ?        S    18:23   0:00 /usr/lib/postgresql/9.3/bin/postgres -D /var/lib/postgresql/9.3/main -c config_file=/etc/postgresql/9.3/main/postgresql.conf
postgres    65  0.0  0.0 244992  5636 ?        Ss   18:23   0:00 postgres: checkpointer process                                                                                              
postgres    66  0.0  0.0 244856  4536 ?        Ss   18:23   0:00 postgres: writer process                                                                                                    
postgres    67  0.0  0.0 244856  3276 ?        Ss   18:23   0:00 postgres: wal writer process                                                                                                
postgres    68  0.0  0.0 245732  5808 ?        Ss   18:23   0:00 postgres: autovacuum launcher process                                                                                       
postgres    69  0.0  0.0 100668  3544 ?        Ss   18:23   0:00 postgres: stats collector process                                                                                           
root       172  0.0  0.0  25356  2904 ?        Ss   18:23   0:00 /usr/lib/postfix/master
postfix    177  0.0  0.0  27420  2840 ?        S    18:23   0:00 pickup -l -t unix -u -c
postfix    178  0.0  0.0  27468  2848 ?        S    18:23   0:00 qmgr -l -t unix -u
root       186  0.0  0.0  61388  3104 ?        Ss   18:23   0:00 /usr/sbin/sshd
memcache   193  0.0  0.1 333532 10896 ?        Sl   18:23   0:00 /usr/bin/memcached -m 64 -p 11211 -u memcache -l 127.0.0.1
rabbitmq   222  0.0  0.0   7512    88 ?        S    18:23   0:00 /usr/lib/erlang/erts-5.10.4/bin/epmd -daemon
rabbitmq   249  0.0  0.0   4456   772 ?        S    18:23   0:00 /bin/sh /usr/sbin/rabbitmq-server
rabbitmq   293  0.5  1.1 2303368 93068 ?       Sl   18:23   0:11 /usr/lib/erlang/erts-5.10.4/bin/beam.smp -W w -K true -A30 -P 1048576 -- -root /usr/lib/erlang -progname erl -- -home /var/lib/rabbitmq -- -pa /usr/lib/rabbitmq/lib/rabbitmq_server-3.2.4/sbin/../ebin -noshell -noinput -s rabbit boot -sname rabbit@clixserver -boot start_sasl -kernel inet_default_connect_options [{nodelay,true}] -sasl errlog_type error -sasl sasl_error_logger false -rabbit error_logger {file,"/var/log/rabbitmq/rabbit@clixserver.log"} -rabbit sasl_error_logger {file,"/var/log/rabbitmq/rabbit@clixserver-sasl.log"} -rabbit enabled_plugins_file "/etc/rabbitmq/enabled_plugins" -rabbit plugins_dir "/usr/lib/rabbitmq/lib/rabbitmq_server-3.2.4/sbin/../plugins" -rabbit plugins_expand_dir "/var/lib/rabbitmq/mnesia/rabbit@clixserver-plugins-expand" -os_mon start_cpu_sup false -os_mon start_disksup false -os_mon start_memsup false -mnesia dir "/var/lib/rabbitmq/mnesia/rabbit@clixserver"
rabbitmq   380  0.0  0.0   7476   908 ?        Ss   18:23   0:00 inet_gethost 4
rabbitmq   381  0.0  0.0   9568  1636 ?        S    18:23   0:00 inet_gethost 4
root       383  0.1  0.6 186440 50004 ?        S    18:23   0:03 python manage.py celeryd -f /var/log/celeryd.log -l INFO
root       406  0.0  0.1  33152  9908 ?        S    18:23   0:00 python -m smtpd -n -c DebuggingServer localhost:1025
root       409  0.5  1.1 880896 89828 ?        Sl   18:23   0:12 python main.py
root       414  0.0  0.5 185792 42420 ?        S    18:23   0:00 python manage.py celeryd -f /var/log/celeryd.log -l INFO
root       415  0.0  0.5 185788 42424 ?        S    18:23   0:00 python manage.py celeryd -f /var/log/celeryd.log -l INFO
root       416  0.0  0.5 185788 42428 ?        S    18:23   0:00 python manage.py celeryd -f /var/log/celeryd.log -l INFO
root       417  0.0  0.5 185788 42436 ?        S    18:23   0:00 python manage.py celeryd -f /var/log/celeryd.log -l INFO
root       419  0.0  0.2  52492 16988 ?        S    18:23   0:00 /usr/bin/python /usr/bin/supervisord -n
root       424  0.0  0.0  32536  6492 ?        S    18:23   0:00 nginx: master process /usr/sbin/nginx
root       425  0.0  0.2  63412 20524 ?        S    18:23   0:00 /usr/local/bin/uwsgi --ini /home/docker/code/confs/uwsgi.ini
www-data   426  0.0  0.0  33252  6624 ?        S    18:23   0:00 nginx: worker process
www-data   427  0.0  0.0  33344  6600 ?        S    18:23   0:00 nginx: worker process
www-data   428  0.0  0.0  33480  6688 ?        S    18:23   0:00 nginx: worker process
www-data   429  0.0  0.0  33256  6512 ?        S    18:23   0:00 nginx: worker process
root       432  0.1  1.2 279100 100148 ?       S    18:23   0:03 /usr/local/bin/uwsgi --ini /home/docker/code/confs/uwsgi.ini
root       433  0.2  1.2 282116 103304 ?       S    18:23   0:06 /usr/local/bin/uwsgi --ini /home/docker/code/confs/uwsgi.ini
root       434  0.2  1.2 279628 100732 ?       S    18:23   0:04 /usr/local/bin/uwsgi --ini /home/docker/code/confs/uwsgi.ini
root       435  0.5  1.2 278416 99732 ?        S    18:23   0:12 /usr/local/bin/uwsgi --ini /home/docker/code/confs/uwsgi.ini
root      4342  0.0  0.0  59648  3116 ?        S    19:01   0:00 /USR/SBIN/CRON
root      4343  0.0  0.0   4456   764 ?        Ss   19:01   0:00 /bin/sh -c /home/docker/code/scripts/system-heartbeat.sh  > /tmp/cron-system-heartbeat.log
root      4344  0.0  0.0   9588  2296 ?        S    19:01   0:00 /bin/bash /home/docker/code/scripts/system-heartbeat.sh
root      4345  0.0  0.0   9600  2536 ?        S    19:01   0:00 /bin/bash /home/docker/code/scripts/system-heartbeat.sh
root      4346  0.0  0.0   4360   744 ?        S    19:01   0:00 tee /data/system-heartbeat/system-heartbeat-20180820-190101.log
root      4410  0.0  0.0  15580  2208 ?        R    19:01   0:00 ps aux
 

------------------------------------------------------------------------------------ 


