Info-msg : Checking directory existence. 

/data/system-heartbeat/ directory exists
Info-msg : hostname of server (hostname). 

clixserver.tiss.edu
 

------------------------------------------------------------------------------------ 


Info-msg : internal ip addresses of the system (ip address). 

 

------------------------------------------------------------------------------------ 


Info-msg : external ip addresses of the system (public ip address). 


 

------------------------------------------------------------------------------------ 


Info-msg : RAM details (free -h). 

             total       used       free     shared    buffers     cached
Mem:          7.7G       3.2G       4.5G       237M       408M       1.0G
-/+ buffers/cache:       1.8G       5.9G
Swap:         7.6G         0B       7.6G
 

------------------------------------------------------------------------------------ 


Info-msg : HDD details (df -h). 

Filesystem      Size  Used Avail Use% Mounted on
overlay         908G   56G  806G   7% /
tmpfs            64M     0   64M   0% /dev
tmpfs           3.9G     0  3.9G   0% /sys/fs/cgroup
/dev/sda3       908G   56G  806G   7% /data
shm              64M     0   64M   0% /dev/shm
tmpfs           3.9G     0  3.9G   0% /proc/scsi
tmpfs           3.9G     0  3.9G   0% /sys/firmware
 

------------------------------------------------------------------------------------ 


Info-msg : Size description in '/data/'. 

4.0K	/data/2031027-mz27-activity-timestamp-csvs.tar.gz
73M	/data/2031027-mz27-assessment-media.tar.gz
12K	/data/2031027-mz27-gstudio_tools_logs.tar.gz
20K	/data/activity-timestamp-csvs
187M	/data/assessment-media
16K	/data/clixserver.tiss.edu
372M	/data/db
4.0K	/data/drop_database.sql
12K	/data/git-commit-details.log
1.8M	/data/gstudio-exported-users-analytics-csvs
16K	/data/gstudio-logs
216K	/data/gstudio_tools_logs
8.0K	/data/local_settings.py
17G	/data/media
449M	/data/nginx-logs
504K	/data/pg_dump_all.sql
2.2M	/data/postgres-dump
2.4M	/data/qbank
672M	/data/rcs-repo
4.0K	/data/server_settings.py
140K	/data/system-heartbeat
 

------------------------------------------------------------------------------------ 


Info-msg : No of directories and files in '/data/media/'. 

No of directories : 4002 

No of files       : 9629 

 

------------------------------------------------------------------------------------ 


Info-msg : uptime (uptime). 

 18:01:26 up 18 min,  0 users,  load average: 0.18, 0.16, 0.24
 

------------------------------------------------------------------------------------ 


Info-msg : current process (uptime). 

USER       PID %CPU %MEM    VSZ   RSS TTY      STAT START   TIME COMMAND
root         1  0.0  0.0   4456   736 ?        Ss   17:43   0:00 /bin/sh -c /home/docker/code/scripts/initialize.sh  | sed -e "s/^/$(date +%Y%m%d-%H%M%S) :  /"  2>&1 | tee -a ${LOG_INSTALL_DOCKER}
root         9  0.0  0.0  18000  2872 ?        S    17:43   0:00 /bin/bash /home/docker/code/scripts/initialize.sh
root        15  0.0  0.0  10996  1436 ?        S    17:43   0:00 sed -e s/^/20190114-174356 :  /
root        16  0.0  0.0   4360  1308 ?        S    17:43   0:00 tee -a /root/DockerLogs/$(DATE_LOG)-gsd-install.log
root        18  5.3  2.7 422228 225420 ?       Sl   17:43   0:56 mongod --config /home/docker/code/confs/mongod.conf
root        20  0.0  0.0  23664  2236 ?        Ss   17:43   0:00 /usr/sbin/cron
postgres    39  0.0  0.2 244856 19268 ?        S    17:44   0:00 /usr/lib/postgresql/9.3/bin/postgres -D /var/lib/postgresql/9.3/main -c config_file=/etc/postgresql/9.3/main/postgresql.conf
postgres    69  0.0  0.0 244856  3340 ?        Ss   17:44   0:00 postgres: checkpointer process                                                                                              
postgres    70  0.0  0.0 244856  4672 ?        Ss   17:44   0:00 postgres: writer process                                                                                                    
postgres    71  0.0  0.0 244856  3340 ?        Ss   17:44   0:00 postgres: wal writer process                                                                                                
postgres    72  0.0  0.0 245732  6024 ?        Ss   17:44   0:00 postgres: autovacuum launcher process                                                                                       
postgres    73  0.0  0.0 100668  3608 ?        Ss   17:44   0:00 postgres: stats collector process                                                                                           
root       176  0.0  0.0  25356  2804 ?        Ss   17:44   0:00 /usr/lib/postfix/master
postfix    181  0.0  0.0  27420  2748 ?        S    17:44   0:00 pickup -l -t unix -u -c
postfix    182  0.0  0.0  27468  2824 ?        S    17:44   0:00 qmgr -l -t unix -u
root       190  0.0  0.0  61388  3188 ?        Ss   17:44   0:00 /usr/sbin/sshd
memcache   197  0.0  0.0 198436  6836 ?        Sl   17:44   0:00 /usr/bin/memcached -m 64 -p 11211 -u memcache -l 127.0.0.1
rabbitmq   226  0.0  0.0   7512    92 ?        S    17:44   0:00 /usr/lib/erlang/erts-5.10.4/bin/epmd -daemon
rabbitmq   250  0.0  0.0   4456   784 ?        S    17:44   0:00 /bin/sh /usr/sbin/rabbitmq-server
rabbitmq   295  0.6  1.1 2303368 92952 ?       Sl   17:44   0:06 /usr/lib/erlang/erts-5.10.4/bin/beam.smp -W w -K true -A30 -P 1048576 -- -root /usr/lib/erlang -progname erl -- -home /var/lib/rabbitmq -- -pa /usr/lib/rabbitmq/lib/rabbitmq_server-3.2.4/sbin/../ebin -noshell -noinput -s rabbit boot -sname rabbit@clixserver -boot start_sasl -kernel inet_default_connect_options [{nodelay,true}] -sasl errlog_type error -sasl sasl_error_logger false -rabbit error_logger {file,"/var/log/rabbitmq/rabbit@clixserver.log"} -rabbit sasl_error_logger {file,"/var/log/rabbitmq/rabbit@clixserver-sasl.log"} -rabbit enabled_plugins_file "/etc/rabbitmq/enabled_plugins" -rabbit plugins_dir "/usr/lib/rabbitmq/lib/rabbitmq_server-3.2.4/sbin/../plugins" -rabbit plugins_expand_dir "/var/lib/rabbitmq/mnesia/rabbit@clixserver-plugins-expand" -os_mon start_cpu_sup false -os_mon start_disksup false -os_mon start_memsup false -mnesia dir "/var/lib/rabbitmq/mnesia/rabbit@clixserver"
root       331  0.1  0.6 186440 49936 ?        S    17:44   0:01 python manage.py celeryd -f /var/log/celeryd.log -l INFO
rabbitmq   393  0.0  0.0   7476   912 ?        Ss   17:44   0:00 inet_gethost 4
rabbitmq   394  0.0  0.0   9568  1572 ?        S    17:44   0:00 inet_gethost 4
root       406  0.0  0.5 185792 42476 ?        S    17:44   0:00 python manage.py celeryd -f /var/log/celeryd.log -l INFO
root       407  0.0  0.5 185788 42480 ?        S    17:44   0:00 python manage.py celeryd -f /var/log/celeryd.log -l INFO
root       408  0.0  0.5 185788 42484 ?        S    17:44   0:00 python manage.py celeryd -f /var/log/celeryd.log -l INFO
root       409  0.0  0.5 185788 42492 ?        S    17:44   0:00 python manage.py celeryd -f /var/log/celeryd.log -l INFO
root       422  0.0  0.1  33152  9936 ?        S    17:44   0:00 python -m smtpd -n -c DebuggingServer localhost:1025
root       425  0.0  0.6 859092 56540 ?        Sl   17:44   0:00 python main.py
root       431  0.0  0.2  52492 16980 ?        S    17:44   0:00 /usr/bin/python /usr/bin/supervisord -n
root       446  0.0  0.0  32536  6364 ?        S    17:44   0:00 nginx: master process /usr/sbin/nginx
root       447  0.0  0.2  63412 20520 ?        S    17:44   0:00 /usr/local/bin/uwsgi --ini /home/docker/code/confs/uwsgi.ini
www-data   448  0.0  0.0  32908  5620 ?        S    17:44   0:00 nginx: worker process
www-data   449  0.0  0.0  32908  3964 ?        S    17:44   0:00 nginx: worker process
www-data   450  0.0  0.0  32908  6324 ?        S    17:44   0:00 nginx: worker process
www-data   451  0.0  0.0  32960  6304 ?        S    17:44   0:00 nginx: worker process
root       452  0.0  0.1  63412 15900 ?        S    17:44   0:00 /usr/local/bin/uwsgi --ini /home/docker/code/confs/uwsgi.ini
root       453  0.0  0.1  63412 15900 ?        S    17:44   0:00 /usr/local/bin/uwsgi --ini /home/docker/code/confs/uwsgi.ini
root       454  0.0  0.1  63412 15900 ?        S    17:44   0:00 /usr/local/bin/uwsgi --ini /home/docker/code/confs/uwsgi.ini
root       455  0.0  1.0 262376 83276 ?        S    17:44   0:00 /usr/local/bin/uwsgi --ini /home/docker/code/confs/uwsgi.ini
root       697  0.0  0.0  59648  2968 ?        S    18:01   0:00 /USR/SBIN/CRON
root       698  0.0  0.0   4456   788 ?        Ss   18:01   0:00 /bin/sh -c /home/docker/code/scripts/system-heartbeat.sh  > /tmp/cron-system-heartbeat.log
root       699  0.0  0.0   9588  2268 ?        S    18:01   0:00 /bin/bash /home/docker/code/scripts/system-heartbeat.sh
root       700  0.0  0.0   9600  2472 ?        S    18:01   0:00 /bin/bash /home/docker/code/scripts/system-heartbeat.sh
root       701  0.0  0.0   4360   752 ?        S    18:01   0:00 tee /data/system-heartbeat/system-heartbeat-20190114-180101.log
root       727  0.0  0.0  15580  2120 ?        R    18:01   0:00 ps aux
 

------------------------------------------------------------------------------------ 


