Info-msg : Checking directory existence. 

/data/system-heartbeat/ directory exists
Info-msg : hostname of server (hostname). 

clixserver.tiss.edu
 

------------------------------------------------------------------------------------ 


Info-msg : internal ip addresses of the system (ip address). 

 

------------------------------------------------------------------------------------ 


Info-msg : external ip addresses of the system (public ip address). 


 

------------------------------------------------------------------------------------ 


Info-msg : RAM details (free -h). 

             total       used       free     shared    buffers     cached
Mem:          7.7G       4.6G       3.1G       299M       531M       1.8G
-/+ buffers/cache:       2.3G       5.5G
Swap:         7.6G         0B       7.6G
 

------------------------------------------------------------------------------------ 


Info-msg : HDD details (df -h). 

Filesystem      Size  Used Avail Use% Mounted on
overlay         908G   55G  807G   7% /
tmpfs            64M     0   64M   0% /dev
tmpfs           3.9G     0  3.9G   0% /sys/fs/cgroup
/dev/sda3       908G   55G  807G   7% /data
shm              64M     0   64M   0% /dev/shm
tmpfs           3.9G     0  3.9G   0% /proc/scsi
tmpfs           3.9G     0  3.9G   0% /sys/firmware
 

------------------------------------------------------------------------------------ 


Info-msg : Size description in '/data/'. 

4.0K	/data/2031027-mz27-activity-timestamp-csvs.tar.gz
62M	/data/2031027-mz27-assessment-media.tar.gz
4.0K	/data/2031027-mz27-gstudio_tools_logs.tar.gz
20K	/data/activity-timestamp-csvs
156M	/data/assessment-media
16K	/data/clixserver.tiss.edu
364M	/data/db
4.0K	/data/drop_database.sql
12K	/data/git-commit-details.log
864K	/data/gstudio-exported-users-analytics-csvs
12K	/data/gstudio-logs
8.0K	/data/local_settings.py
17G	/data/media
139M	/data/nginx-logs
504K	/data/pg_dump_all.sql
2.2M	/data/postgres-dump
3.2M	/data/qbank
670M	/data/rcs-repo
4.0K	/data/server_settings.py
56K	/data/system-heartbeat
 

------------------------------------------------------------------------------------ 


Info-msg : No of directories and files in '/data/media/'. 

No of directories : 4002 

No of files       : 9629 

 

------------------------------------------------------------------------------------ 


Info-msg : uptime (uptime). 

 20:01:22 up  1:50,  0 users,  load average: 0.49, 0.57, 0.58
 

------------------------------------------------------------------------------------ 


Info-msg : current process (uptime). 

USER       PID %CPU %MEM    VSZ   RSS TTY      STAT START   TIME COMMAND
root         1  0.0  0.0   4456   720 ?        Ss   18:11   0:00 /bin/sh -c /home/docker/code/scripts/initialize.sh  | sed -e "s/^/$(date +%Y%m%d-%H%M%S) :  /"  2>&1 | tee -a ${LOG_INSTALL_DOCKER}
root        15  0.0  0.0  18000  2860 ?        S    18:11   0:00 /bin/bash /home/docker/code/scripts/initialize.sh
root        21  0.0  0.0  10996  1424 ?        S    18:11   0:00 sed -e s/^/20180814-181125 :  /
root        22  0.0  0.0   4360  1340 ?        S    18:11   0:00 tee -a /root/DockerLogs/$(DATE_LOG)-gsd-install.log
root        24 15.7  3.2 504508 262056 ?       Sl   18:11  17:15 mongod --config /home/docker/code/confs/mongod.conf
root        26  0.0  0.0  23664  2212 ?        Ss   18:11   0:00 /usr/sbin/cron
postgres    45  0.0  0.2 244856 19268 ?        S    18:11   0:00 /usr/lib/postgresql/9.3/bin/postgres -D /var/lib/postgresql/9.3/main -c config_file=/etc/postgresql/9.3/main/postgresql.conf
postgres    81  0.0  0.0 244992  5492 ?        Ss   18:11   0:00 postgres: checkpointer process                                                                                              
postgres    82  0.0  0.0 244856  4584 ?        Ss   18:11   0:00 postgres: writer process                                                                                                    
postgres    83  0.0  0.0 244856  3276 ?        Ss   18:11   0:00 postgres: wal writer process                                                                                                
postgres    84  0.0  0.0 245732  5832 ?        Ss   18:11   0:00 postgres: autovacuum launcher process                                                                                       
postgres    85  0.0  0.0 100820  3656 ?        Ss   18:11   0:00 postgres: stats collector process                                                                                           
root       188  0.0  0.0  25356  2900 ?        Ss   18:11   0:00 /usr/lib/postfix/master
postfix    194  0.0  0.0  27468  2820 ?        S    18:11   0:00 qmgr -l -t unix -u
root       202  0.0  0.0  61388  3180 ?        Ss   18:11   0:00 /usr/sbin/sshd
memcache   209  0.0  0.1 333528 11340 ?        Sl   18:11   0:00 /usr/bin/memcached -m 64 -p 11211 -u memcache -l 127.0.0.1
rabbitmq   238  0.0  0.0   7512    88 ?        S    18:11   0:00 /usr/lib/erlang/erts-5.10.4/bin/epmd -daemon
rabbitmq   265  0.0  0.0   4456   860 ?        S    18:11   0:00 /bin/sh /usr/sbin/rabbitmq-server
rabbitmq   309  0.4  1.1 2303624 92892 ?       Sl   18:11   0:28 /usr/lib/erlang/erts-5.10.4/bin/beam.smp -W w -K true -A30 -P 1048576 -- -root /usr/lib/erlang -progname erl -- -home /var/lib/rabbitmq -- -pa /usr/lib/rabbitmq/lib/rabbitmq_server-3.2.4/sbin/../ebin -noshell -noinput -s rabbit boot -sname rabbit@clixserver -boot start_sasl -kernel inet_default_connect_options [{nodelay,true}] -sasl errlog_type error -sasl sasl_error_logger false -rabbit error_logger {file,"/var/log/rabbitmq/rabbit@clixserver.log"} -rabbit sasl_error_logger {file,"/var/log/rabbitmq/rabbit@clixserver-sasl.log"} -rabbit enabled_plugins_file "/etc/rabbitmq/enabled_plugins" -rabbit plugins_dir "/usr/lib/rabbitmq/lib/rabbitmq_server-3.2.4/sbin/../plugins" -rabbit plugins_expand_dir "/var/lib/rabbitmq/mnesia/rabbit@clixserver-plugins-expand" -os_mon start_cpu_sup false -os_mon start_disksup false -os_mon start_memsup false -mnesia dir "/var/lib/rabbitmq/mnesia/rabbit@clixserver"
rabbitmq   396  0.0  0.0   7476   888 ?        Ss   18:11   0:00 inet_gethost 4
rabbitmq   397  0.0  0.0   9568  1628 ?        S    18:11   0:00 inet_gethost 4
root       399  0.0  0.6 186440 50056 ?        S    18:11   0:01 python manage.py celeryd -f /var/log/celeryd.log -l INFO
root       421  0.0  0.5 185792 42636 ?        S    18:11   0:00 python manage.py celeryd -f /var/log/celeryd.log -l INFO
root       422  0.0  0.5 185788 42636 ?        S    18:11   0:00 python manage.py celeryd -f /var/log/celeryd.log -l INFO
root       423  0.0  0.5 185788 42644 ?        S    18:11   0:00 python manage.py celeryd -f /var/log/celeryd.log -l INFO
root       424  0.0  0.5 185788 42652 ?        S    18:11   0:00 python manage.py celeryd -f /var/log/celeryd.log -l INFO
root       437  0.0  0.1  33152  9996 ?        S    18:11   0:00 python -m smtpd -n -c DebuggingServer localhost:1025
root       440  1.8  1.1 883460 95588 ?        Sl   18:11   2:03 python main.py
root       446  0.0  0.2  52492 16828 ?        S    18:11   0:01 /usr/bin/python /usr/bin/supervisord -n
root       461  0.0  0.0  32536  6476 ?        S    18:11   0:00 nginx: master process /usr/sbin/nginx
root       462  0.0  0.2  63412 20616 ?        S    18:11   0:00 /usr/local/bin/uwsgi --ini /home/docker/code/confs/uwsgi.ini
www-data   464  0.0  0.0  33832  6996 ?        S    18:11   0:00 nginx: worker process
www-data   465  0.0  0.0  33468  6740 ?        S    18:11   0:01 nginx: worker process
www-data   466  0.0  0.0  34280  7468 ?        S    18:11   0:02 nginx: worker process
www-data   467  0.0  0.0  33656  6900 ?        S    18:11   0:05 nginx: worker process
root       468  0.1  1.2 275928 97376 ?        S    18:11   0:09 /usr/local/bin/uwsgi --ini /home/docker/code/confs/uwsgi.ini
root       469  0.1  1.1 273568 95112 ?        S    18:11   0:06 /usr/local/bin/uwsgi --ini /home/docker/code/confs/uwsgi.ini
root       470  0.1  1.2 277160 98668 ?        S    18:11   0:12 /usr/local/bin/uwsgi --ini /home/docker/code/confs/uwsgi.ini
root       471  0.3  1.2 279904 101280 ?       S    18:11   0:25 /usr/local/bin/uwsgi --ini /home/docker/code/confs/uwsgi.ini
postfix  13249  0.0  0.0  27420  2776 ?        S    19:49   0:00 pickup -l -t unix -u -c
root     13570  0.0  0.0  59648  2948 ?        S    20:01   0:00 /USR/SBIN/CRON
root     13571  0.0  0.0   4456   768 ?        Ss   20:01   0:00 /bin/sh -c /home/docker/code/scripts/system-heartbeat.sh  > /tmp/cron-system-heartbeat.log
root     13572  0.0  0.0   9588  2204 ?        S    20:01   0:00 /bin/bash /home/docker/code/scripts/system-heartbeat.sh
root     13573  0.0  0.0   9600  2412 ?        S    20:01   0:00 /bin/bash /home/docker/code/scripts/system-heartbeat.sh
root     13574  0.0  0.0   4360   672 ?        S    20:01   0:00 tee /data/system-heartbeat/system-heartbeat-20180814-200101.log
root     13607  0.0  0.0  15580  2200 ?        R    20:01   0:00 ps aux
 

------------------------------------------------------------------------------------ 


