Info-msg : Checking directory existence. 

/data/system-heartbeat/ directory exists
Info-msg : hostname of server (hostname). 

clixserver.tiss.edu
 

------------------------------------------------------------------------------------ 


Info-msg : internal ip addresses of the system (ip address). 

 

------------------------------------------------------------------------------------ 


Info-msg : external ip addresses of the system (public ip address). 


 

------------------------------------------------------------------------------------ 


Info-msg : RAM details (free -h). 

             total       used       free     shared    buffers     cached
Mem:          7.7G       2.0G       5.7G        76M       407M       646M
-/+ buffers/cache:       1.0G       6.7G
Swap:         7.6G         0B       7.6G
 

------------------------------------------------------------------------------------ 


Info-msg : HDD details (df -h). 

Filesystem      Size  Used Avail Use% Mounted on
overlay         908G   56G  807G   7% /
tmpfs            64M     0   64M   0% /dev
tmpfs           3.9G     0  3.9G   0% /sys/fs/cgroup
/dev/sda3       908G   56G  807G   7% /data
shm              64M     0   64M   0% /dev/shm
tmpfs           3.9G     0  3.9G   0% /proc/scsi
tmpfs           3.9G     0  3.9G   0% /sys/firmware
 

------------------------------------------------------------------------------------ 


Info-msg : Size description in '/data/'. 

8.0K	/data/2031026-mz26-activity-timestamp-csvs.tar.gz
44M	/data/2031026-mz26-assessment-media.tar.gz
4.0K	/data/2031026-mz26-gstudio_tools_logs.tar.gz
64K	/data/activity-timestamp-csvs
114M	/data/assessment-media
16K	/data/clixserver.tiss.edu
363M	/data/db
4.0K	/data/drop_database.sql
12K	/data/git-commit-details.log
4.0K	/data/gstudio-exported-users-analytics-csvs
76K	/data/gstudio-logs
8.0K	/data/local_settings.py
17G	/data/media
905M	/data/nginx-logs
504K	/data/pg_dump_all.sql
2.7M	/data/postgres-dump
6.1M	/data/qbank
671M	/data/rcs-repo
4.0K	/data/server_settings.py
80K	/data/system-heartbeat
 

------------------------------------------------------------------------------------ 


Info-msg : No of directories and files in '/data/media/'. 

No of directories : 4002 

No of files       : 9629 

 

------------------------------------------------------------------------------------ 


Info-msg : uptime (uptime). 

 19:01:27 up 34 min,  0 users,  load average: 0.12, 0.09, 0.10
 

------------------------------------------------------------------------------------ 


Info-msg : current process (uptime). 

USER       PID %CPU %MEM    VSZ   RSS TTY      STAT START   TIME COMMAND
root         1  0.0  0.0   4456   676 ?        Ss   18:27   0:00 /bin/sh -c /home/docker/code/scripts/initialize.sh  | sed -e "s/^/$(date +%Y%m%d-%H%M%S) :  /"  2>&1 | tee -a ${LOG_INSTALL_DOCKER}
root         9  0.0  0.0  18000  2832 ?        S    18:27   0:00 /bin/bash /home/docker/code/scripts/initialize.sh
root        10  0.0  0.0  10996  1400 ?        S    18:27   0:00 sed -e s/^/20180831-182721 :  /
root        12  0.0  0.0   4360  1312 ?        S    18:27   0:00 tee -a /root/DockerLogs/$(DATE_LOG)-gsd-install.log
root        18  5.0  1.0 255232 87208 ?        Sl   18:27   1:42 mongod --config /home/docker/code/confs/mongod.conf
root        20  0.0  0.0  23664  2140 ?        Ss   18:27   0:00 /usr/sbin/cron
postgres    46  0.0  0.2 244856 19292 ?        S    18:27   0:00 /usr/lib/postgresql/9.3/bin/postgres -D /var/lib/postgresql/9.3/main -c config_file=/etc/postgresql/9.3/main/postgresql.conf
postgres    63  0.0  0.0 244992  4916 ?        Ss   18:27   0:00 postgres: checkpointer process                                                                                              
postgres    64  0.0  0.0 244856  4600 ?        Ss   18:27   0:00 postgres: writer process                                                                                                    
postgres    65  0.0  0.0 244856  3356 ?        Ss   18:27   0:00 postgres: wal writer process                                                                                                
postgres    66  0.0  0.0 245732  6036 ?        Ss   18:27   0:00 postgres: autovacuum launcher process                                                                                       
postgres    67  0.0  0.0 100668  3736 ?        Ss   18:27   0:00 postgres: stats collector process                                                                                           
root       170  0.0  0.0  25356  2808 ?        Ss   18:27   0:00 /usr/lib/postfix/master
postfix    175  0.0  0.0  27420  2832 ?        S    18:27   0:00 pickup -l -t unix -u -c
postfix    176  0.0  0.0  27468  2852 ?        S    18:27   0:00 qmgr -l -t unix -u
root       184  0.0  0.0  61388  3192 ?        Ss   18:27   0:00 /usr/sbin/sshd
memcache   191  0.0  0.0  63264  2564 ?        Sl   18:27   0:00 /usr/bin/memcached -m 64 -p 11211 -u memcache -l 127.0.0.1
rabbitmq   220  0.0  0.0   7512    92 ?        S    18:27   0:00 /usr/lib/erlang/erts-5.10.4/bin/epmd -daemon
rabbitmq   247  0.0  0.0   4456   692 ?        S    18:27   0:00 /bin/sh /usr/sbin/rabbitmq-server
rabbitmq   291  0.6  1.1 2303112 93328 ?       Sl   18:27   0:12 /usr/lib/erlang/erts-5.10.4/bin/beam.smp -W w -K true -A30 -P 1048576 -- -root /usr/lib/erlang -progname erl -- -home /var/lib/rabbitmq -- -pa /usr/lib/rabbitmq/lib/rabbitmq_server-3.2.4/sbin/../ebin -noshell -noinput -s rabbit boot -sname rabbit@clixserver -boot start_sasl -kernel inet_default_connect_options [{nodelay,true}] -sasl errlog_type error -sasl sasl_error_logger false -rabbit error_logger {file,"/var/log/rabbitmq/rabbit@clixserver.log"} -rabbit sasl_error_logger {file,"/var/log/rabbitmq/rabbit@clixserver-sasl.log"} -rabbit enabled_plugins_file "/etc/rabbitmq/enabled_plugins" -rabbit plugins_dir "/usr/lib/rabbitmq/lib/rabbitmq_server-3.2.4/sbin/../plugins" -rabbit plugins_expand_dir "/var/lib/rabbitmq/mnesia/rabbit@clixserver-plugins-expand" -os_mon start_cpu_sup false -os_mon start_disksup false -os_mon start_memsup false -mnesia dir "/var/lib/rabbitmq/mnesia/rabbit@clixserver"
rabbitmq   378  0.0  0.0   7476   948 ?        Ss   18:27   0:00 inet_gethost 4
rabbitmq   379  0.0  0.0   9568  1692 ?        S    18:27   0:00 inet_gethost 4
root       381  0.1  0.6 186432 50220 ?        S    18:27   0:03 python manage.py celeryd -f /var/log/celeryd.log -l INFO
root       404  0.0  0.1  33152 10016 ?        S    18:27   0:00 python -m smtpd -n -c DebuggingServer localhost:1025
root       407  0.0  0.6 859096 56556 ?        Sl   18:27   0:00 python main.py
root       415  0.0  0.5 185784 42620 ?        S    18:27   0:00 python manage.py celeryd -f /var/log/celeryd.log -l INFO
root       416  0.0  0.5 185780 42620 ?        S    18:27   0:00 python manage.py celeryd -f /var/log/celeryd.log -l INFO
root       417  0.0  0.5 185780 42624 ?        S    18:27   0:00 python manage.py celeryd -f /var/log/celeryd.log -l INFO
root       418  0.0  0.5 185780 42640 ?        S    18:27   0:00 python manage.py celeryd -f /var/log/celeryd.log -l INFO
root       419  0.0  0.2  52492 16980 ?        S    18:27   0:00 /usr/bin/python /usr/bin/supervisord -n
root       432  0.0  0.0  32536  6360 ?        S    18:27   0:00 nginx: master process /usr/sbin/nginx
root       433  0.0  0.2  63412 20680 ?        S    18:27   0:00 /usr/local/bin/uwsgi --ini /home/docker/code/confs/uwsgi.ini
www-data   434  0.0  0.0  32908  3956 ?        S    18:27   0:00 nginx: worker process
www-data   435  0.0  0.0  32908  5668 ?        S    18:27   0:00 nginx: worker process
www-data   436  0.0  0.0  32908  5660 ?        S    18:27   0:00 nginx: worker process
www-data   437  0.0  0.0  32908  5672 ?        S    18:27   0:00 nginx: worker process
root       438  0.0  0.1  63412 15772 ?        S    18:27   0:00 /usr/local/bin/uwsgi --ini /home/docker/code/confs/uwsgi.ini
root       439  0.0  0.1  63412 15772 ?        S    18:27   0:00 /usr/local/bin/uwsgi --ini /home/docker/code/confs/uwsgi.ini
root       440  0.0  0.1  63412 15772 ?        S    18:27   0:00 /usr/local/bin/uwsgi --ini /home/docker/code/confs/uwsgi.ini
root       441  0.0  0.1  63412 15772 ?        S    18:27   0:00 /usr/local/bin/uwsgi --ini /home/docker/code/confs/uwsgi.ini
root       897  0.0  0.0  59648  2940 ?        S    19:01   0:00 /USR/SBIN/CRON
root       898  0.0  0.0   4456   780 ?        Ss   19:01   0:00 /bin/sh -c /home/docker/code/scripts/system-heartbeat.sh  > /tmp/cron-system-heartbeat.log
root       899  0.0  0.0   9588  2344 ?        S    19:01   0:00 /bin/bash /home/docker/code/scripts/system-heartbeat.sh
root       900  0.0  0.0   9600  2472 ?        S    19:01   0:00 /bin/bash /home/docker/code/scripts/system-heartbeat.sh
root       901  0.0  0.0   4360   752 ?        S    19:01   0:00 tee /data/system-heartbeat/system-heartbeat-20180831-190102.log
root       927  0.0  0.0  15580  2144 ?        R    19:01   0:00 ps aux
 

------------------------------------------------------------------------------------ 


