Info-msg : Checking directory existence. 

/data/system-heartbeat/ directory exists
Info-msg : hostname of server (hostname). 

clixserver.tiss.edu
 

------------------------------------------------------------------------------------ 


Info-msg : internal ip addresses of the system (ip address). 

 

------------------------------------------------------------------------------------ 


Info-msg : external ip addresses of the system (public ip address). 


 

------------------------------------------------------------------------------------ 


Info-msg : RAM details (free -h). 

             total       used       free     shared    buffers     cached
Mem:          7.7G       2.7G       5.0G        85M       418M       832M
-/+ buffers/cache:       1.5G       6.2G
Swap:         7.6G         0B       7.6G
 

------------------------------------------------------------------------------------ 


Info-msg : HDD details (df -h). 

Filesystem      Size  Used Avail Use% Mounted on
overlay         908G   56G  806G   7% /
tmpfs            64M     0   64M   0% /dev
tmpfs           3.9G     0  3.9G   0% /sys/fs/cgroup
/dev/sda3       908G   56G  806G   7% /data
shm              64M     0   64M   0% /dev/shm
tmpfs           3.9G     0  3.9G   0% /proc/scsi
tmpfs           3.9G     0  3.9G   0% /sys/firmware
 

------------------------------------------------------------------------------------ 


Info-msg : Size description in '/data/'. 

8.0K	/data/2031026-mz26-activity-timestamp-csvs.tar.gz
82M	/data/2031026-mz26-assessment-media.tar.gz
4.0K	/data/2031026-mz26-gstudio_tools_logs.tar.gz
64K	/data/activity-timestamp-csvs
203M	/data/assessment-media
16K	/data/clixserver.tiss.edu
366M	/data/db
4.0K	/data/drop_database.sql
12K	/data/git-commit-details.log
4.0K	/data/gstudio-exported-users-analytics-csvs
112K	/data/gstudio-logs
8.0K	/data/local_settings.py
17G	/data/media
1.1G	/data/nginx-logs
504K	/data/pg_dump_all.sql
2.7M	/data/postgres-dump
3.1M	/data/qbank
672M	/data/rcs-repo
4.0K	/data/server_settings.py
104K	/data/system-heartbeat
 

------------------------------------------------------------------------------------ 


Info-msg : No of directories and files in '/data/media/'. 

No of directories : 4002 

No of files       : 9629 

 

------------------------------------------------------------------------------------ 


Info-msg : uptime (uptime). 

 19:01:26 up 50 min,  0 users,  load average: 0.27, 0.84, 0.64
 

------------------------------------------------------------------------------------ 


Info-msg : current process (uptime). 

USER       PID %CPU %MEM    VSZ   RSS TTY      STAT START   TIME COMMAND
root         1  0.0  0.0   4456   828 ?        Ss   18:11   0:00 /bin/sh -c /home/docker/code/scripts/initialize.sh  | sed -e "s/^/$(date +%Y%m%d-%H%M%S) :  /"  2>&1 | tee -a ${LOG_INSTALL_DOCKER}
root         6  0.0  0.0  18000  2852 ?        S    18:11   0:00 /bin/bash /home/docker/code/scripts/initialize.sh
root         7  0.0  0.0  10996  1568 ?        S    18:11   0:00 sed -e s/^/20181026-181132 :  /
root         9  0.0  0.0   4360  1320 ?        S    18:11   0:00 tee -a /root/DockerLogs/$(DATE_LOG)-gsd-install.log
root        15 28.8  2.9 485740 236080 ?       Sl   18:11  14:24 mongod --config /home/docker/code/confs/mongod.conf
root        17  0.0  0.0  23664  2072 ?        Ss   18:11   0:00 /usr/sbin/cron
postgres    36  0.0  0.2 244856 19240 ?        S    18:11   0:00 /usr/lib/postgresql/9.3/bin/postgres -D /var/lib/postgresql/9.3/main -c config_file=/etc/postgresql/9.3/main/postgresql.conf
postgres    62  0.0  0.0 244992  5876 ?        Ss   18:11   0:00 postgres: checkpointer process                                                                                              
postgres    63  0.0  0.0 244856  4600 ?        Ss   18:11   0:00 postgres: writer process                                                                                                    
postgres    64  0.0  0.0 244856  3444 ?        Ss   18:11   0:00 postgres: wal writer process                                                                                                
postgres    65  0.0  0.0 245732  6116 ?        Ss   18:11   0:00 postgres: autovacuum launcher process                                                                                       
postgres    66  0.0  0.0 100820  3744 ?        Ss   18:11   0:00 postgres: stats collector process                                                                                           
root       169  0.0  0.0  25356  2892 ?        Ss   18:11   0:00 /usr/lib/postfix/master
postfix    174  0.0  0.0  27420  2860 ?        S    18:11   0:00 pickup -l -t unix -u -c
postfix    175  0.0  0.0  27468  2920 ?        S    18:11   0:00 qmgr -l -t unix -u
root       183  0.0  0.0  61388  3096 ?        Ss   18:11   0:00 /usr/sbin/sshd
memcache   190  0.0  0.1 333524 10848 ?        Sl   18:11   0:00 /usr/bin/memcached -m 64 -p 11211 -u memcache -l 127.0.0.1
rabbitmq   219  0.0  0.0   7512    88 ?        S    18:11   0:00 /usr/lib/erlang/erts-5.10.4/bin/epmd -daemon
rabbitmq   243  0.0  0.0   4456   852 ?        S    18:11   0:00 /bin/sh /usr/sbin/rabbitmq-server
rabbitmq   288  0.6  1.1 2303880 93028 ?       Sl   18:11   0:18 /usr/lib/erlang/erts-5.10.4/bin/beam.smp -W w -K true -A30 -P 1048576 -- -root /usr/lib/erlang -progname erl -- -home /var/lib/rabbitmq -- -pa /usr/lib/rabbitmq/lib/rabbitmq_server-3.2.4/sbin/../ebin -noshell -noinput -s rabbit boot -sname rabbit@clixserver -boot start_sasl -kernel inet_default_connect_options [{nodelay,true}] -sasl errlog_type error -sasl sasl_error_logger false -rabbit error_logger {file,"/var/log/rabbitmq/rabbit@clixserver.log"} -rabbit sasl_error_logger {file,"/var/log/rabbitmq/rabbit@clixserver-sasl.log"} -rabbit enabled_plugins_file "/etc/rabbitmq/enabled_plugins" -rabbit plugins_dir "/usr/lib/rabbitmq/lib/rabbitmq_server-3.2.4/sbin/../plugins" -rabbit plugins_expand_dir "/var/lib/rabbitmq/mnesia/rabbit@clixserver-plugins-expand" -os_mon start_cpu_sup false -os_mon start_disksup false -os_mon start_memsup false -mnesia dir "/var/lib/rabbitmq/mnesia/rabbit@clixserver"
root       325  0.1  0.6 186408 50296 ?        S    18:11   0:04 python manage.py celeryd -f /var/log/celeryd.log -l INFO
rabbitmq   390  0.0  0.0   7476   908 ?        Ss   18:11   0:00 inet_gethost 4
rabbitmq   397  0.0  0.0   9568  1640 ?        S    18:11   0:00 inet_gethost 4
root       399  0.0  0.5 185788 42564 ?        S    18:11   0:00 python manage.py celeryd -f /var/log/celeryd.log -l INFO
root       400  0.0  0.5 185788 42560 ?        S    18:11   0:00 python manage.py celeryd -f /var/log/celeryd.log -l INFO
root       401  0.0  0.5 185788 42568 ?        S    18:11   0:00 python manage.py celeryd -f /var/log/celeryd.log -l INFO
root       402  0.0  0.5 185788 42576 ?        S    18:11   0:00 python manage.py celeryd -f /var/log/celeryd.log -l INFO
root       415  0.0  0.1  33152  9936 ?        S    18:11   0:00 python -m smtpd -n -c DebuggingServer localhost:1025
root       418  0.0  0.6 859096 56648 ?        Sl   18:11   0:01 python main.py
root       424  0.0  0.2  52492 16836 ?        S    18:11   0:00 /usr/bin/python /usr/bin/supervisord -n
root       439  0.0  0.0  32536  6364 ?        S    18:11   0:00 nginx: master process /usr/sbin/nginx
root       440  0.0  0.2  63412 20508 ?        S    18:11   0:00 /usr/local/bin/uwsgi --ini /home/docker/code/confs/uwsgi.ini
www-data   441  0.0  0.0  33540  6608 ?        S    18:11   0:00 nginx: worker process
www-data   442  0.0  0.0  33356  6724 ?        S    18:11   0:01 nginx: worker process
www-data   443  0.0  0.0  33268  6680 ?        S    18:11   0:00 nginx: worker process
www-data   444  0.0  0.0  33504  6624 ?        S    18:11   0:01 nginx: worker process
root       445  0.6  1.2 279052 100216 ?       S    18:11   0:19 /usr/local/bin/uwsgi --ini /home/docker/code/confs/uwsgi.ini
root       446  0.6  1.2 279560 100984 ?       S    18:11   0:18 /usr/local/bin/uwsgi --ini /home/docker/code/confs/uwsgi.ini
root       447  0.6  1.2 281880 103256 ?       S    18:11   0:20 /usr/local/bin/uwsgi --ini /home/docker/code/confs/uwsgi.ini
root       448  1.2  1.2 281388 102764 ?       S    18:11   0:36 /usr/local/bin/uwsgi --ini /home/docker/code/confs/uwsgi.ini
root      4108  0.0  0.0  59648  3024 ?        S    19:01   0:00 /USR/SBIN/CRON
root      4109  0.0  0.0   4456   760 ?        Ss   19:01   0:00 /bin/sh -c /home/docker/code/scripts/system-heartbeat.sh  > /tmp/cron-system-heartbeat.log
root      4110  0.0  0.0   9588  2296 ?        S    19:01   0:00 /bin/bash /home/docker/code/scripts/system-heartbeat.sh
root      4111  0.0  0.0   9600  2536 ?        S    19:01   0:00 /bin/bash /home/docker/code/scripts/system-heartbeat.sh
root      4112  0.0  0.0   4360   696 ?        S    19:01   0:00 tee /data/system-heartbeat/system-heartbeat-20181026-190101.log
root      4140  0.0  0.0  15580  2116 ?        R    19:01   0:00 ps aux
 

------------------------------------------------------------------------------------ 


