Info-msg : Checking directory existence. 

/data/system-heartbeat/ directory exists
Info-msg : hostname of server (hostname). 

clixserver.tiss.edu
 

------------------------------------------------------------------------------------ 


Info-msg : internal ip addresses of the system (ip address). 

 

------------------------------------------------------------------------------------ 


Info-msg : external ip addresses of the system (public ip address). 


 

------------------------------------------------------------------------------------ 


Info-msg : RAM details (free -h). 

             total       used       free     shared    buffers     cached
Mem:          7.7G       3.6G       4.1G       179M       466M       1.2G
-/+ buffers/cache:       1.9G       5.8G
Swap:         7.6G        11M       7.6G
 

------------------------------------------------------------------------------------ 


Info-msg : HDD details (df -h). 

Filesystem      Size  Used Avail Use% Mounted on
overlay         908G   55G  808G   7% /
tmpfs            64M     0   64M   0% /dev
tmpfs           3.9G     0  3.9G   0% /sys/fs/cgroup
/dev/sda3       908G   55G  808G   7% /data
shm              64M     0   64M   0% /dev/shm
tmpfs           3.9G     0  3.9G   0% /proc/scsi
tmpfs           3.9G     0  3.9G   0% /sys/firmware
 

------------------------------------------------------------------------------------ 


Info-msg : Size description in '/data/'. 

4.0K	/data/2031026-mz26-activity-timestamp-csvs.tar.gz
44M	/data/2031026-mz26-assessment-media.tar.gz
4.0K	/data/2031026-mz26-gstudio_tools_logs.tar.gz
64K	/data/activity-timestamp-csvs
114M	/data/assessment-media
16K	/data/clixserver.tiss.edu
361M	/data/db
4.0K	/data/drop_database.sql
12K	/data/git-commit-details.log
4.0K	/data/gstudio-exported-users-analytics-csvs
20K	/data/gstudio-logs
8.0K	/data/local_settings.py
17G	/data/media
13M	/data/nginx-logs
504K	/data/pg_dump_all.sql
2.7M	/data/postgres-dump
4.0M	/data/qbank
670M	/data/rcs-repo
4.0K	/data/server_settings.py
8.0K	/data/system-heartbeat
 

------------------------------------------------------------------------------------ 


Info-msg : No of directories and files in '/data/media/'. 

No of directories : 4002 

No of files       : 9629 

 

------------------------------------------------------------------------------------ 


Info-msg : uptime (uptime). 

 19:01:24 up  1:22,  0 users,  load average: 0.36, 0.19, 0.42
 

------------------------------------------------------------------------------------ 


Info-msg : current process (uptime). 

USER       PID %CPU %MEM    VSZ   RSS TTY      STAT START   TIME COMMAND
root         1  0.0  0.0   4456     0 ?        Ss   18:17   0:00 /bin/sh -c /home/docker/code/scripts/initialize.sh  | sed -e "s/^/$(date +%Y%m%d-%H%M%S) :  /"  2>&1 | tee -a ${LOG_INSTALL_DOCKER}
root         7  0.0  0.0  18000   476 ?        S    18:17   0:00 /bin/bash /home/docker/code/scripts/initialize.sh
root         8  0.0  0.0  10996     0 ?        S    18:17   0:00 sed -e s/^/20180614-181717 :  /
root         9  0.0  0.0   4360   288 ?        S    18:17   0:00 tee -a /root/DockerLogs/$(DATE_LOG)-gsd-install.log
root        16  6.6  2.6 429496 210760 ?       Sl   18:17   2:56 mongod --config /home/docker/code/confs/mongod.conf
root        18  0.0  0.0  23664   500 ?        Ss   18:17   0:00 /usr/sbin/cron
postgres    37  0.0  0.1 244856 12948 ?        S    18:17   0:00 /usr/lib/postgresql/9.3/bin/postgres -D /var/lib/postgresql/9.3/main -c config_file=/etc/postgresql/9.3/main/postgresql.conf
postgres    57  0.0  0.0 244856  1244 ?        Ss   18:17   0:00 postgres: checkpointer process                                                                                              
postgres    58  0.0  0.0 244856  3268 ?        Ss   18:17   0:00 postgres: writer process                                                                                                    
postgres    59  0.0  0.0 244856  1244 ?        Ss   18:17   0:00 postgres: wal writer process                                                                                                
postgres    60  0.0  0.0 245732  4680 ?        Ss   18:17   0:00 postgres: autovacuum launcher process                                                                                       
postgres    61  0.0  0.0 100820  2752 ?        Ss   18:17   0:00 postgres: stats collector process                                                                                           
root       164  0.0  0.0  25356   648 ?        Ss   18:17   0:00 /usr/lib/postfix/master
postfix    169  0.0  0.0  27420   680 ?        S    18:17   0:00 pickup -l -t unix -u -c
postfix    170  0.0  0.0  27468   692 ?        S    18:17   0:00 qmgr -l -t unix -u
root       178  0.0  0.0  61388  1040 ?        Ss   18:17   0:00 /usr/sbin/sshd
memcache   185  0.0  0.0 332504  7996 ?        Sl   18:17   0:00 /usr/bin/memcached -m 64 -p 11211 -u memcache -l 127.0.0.1
rabbitmq   214  0.0  0.0   7512    88 ?        S    18:17   0:00 /usr/lib/erlang/erts-5.10.4/bin/epmd -daemon
rabbitmq   241  0.0  0.0   4456    72 ?        S    18:17   0:00 /bin/sh /usr/sbin/rabbitmq-server
rabbitmq   285  0.5  1.1 2303112 90952 ?       Sl   18:17   0:13 /usr/lib/erlang/erts-5.10.4/bin/beam.smp -W w -K true -A30 -P 1048576 -- -root /usr/lib/erlang -progname erl -- -home /var/lib/rabbitmq -- -pa /usr/lib/rabbitmq/lib/rabbitmq_server-3.2.4/sbin/../ebin -noshell -noinput -s rabbit boot -sname rabbit@clixserver -boot start_sasl -kernel inet_default_connect_options [{nodelay,true}] -sasl errlog_type error -sasl sasl_error_logger false -rabbit error_logger {file,"/var/log/rabbitmq/rabbit@clixserver.log"} -rabbit sasl_error_logger {file,"/var/log/rabbitmq/rabbit@clixserver-sasl.log"} -rabbit enabled_plugins_file "/etc/rabbitmq/enabled_plugins" -rabbit plugins_dir "/usr/lib/rabbitmq/lib/rabbitmq_server-3.2.4/sbin/../plugins" -rabbit plugins_expand_dir "/var/lib/rabbitmq/mnesia/rabbit@clixserver-plugins-expand" -os_mon start_cpu_sup false -os_mon start_disksup false -os_mon start_memsup false -mnesia dir "/var/lib/rabbitmq/mnesia/rabbit@clixserver"
rabbitmq   372  0.0  0.0   7476    80 ?        Ss   18:17   0:00 inet_gethost 4
rabbitmq   373  0.0  0.0   9568   392 ?        S    18:17   0:00 inet_gethost 4
root       375  0.1  0.5 186432 41236 ?        S    18:17   0:03 python manage.py celeryd -f /var/log/celeryd.log -l INFO
root       397  0.0  0.5 185784 40480 ?        S    18:17   0:00 python manage.py celeryd -f /var/log/celeryd.log -l INFO
root       398  0.0  0.5 185780 40484 ?        S    18:17   0:00 python manage.py celeryd -f /var/log/celeryd.log -l INFO
root       399  0.0  0.5 185780 40488 ?        S    18:17   0:00 python manage.py celeryd -f /var/log/celeryd.log -l INFO
root       400  0.0  0.5 185780 40496 ?        S    18:17   0:00 python manage.py celeryd -f /var/log/celeryd.log -l INFO
root       402  0.0  0.0  33152  5412 ?        S    18:17   0:00 python -m smtpd -n -c DebuggingServer localhost:1025
root       405  0.2  1.0 880132 84380 ?        Sl   18:17   0:05 python main.py
root       411  0.0  0.1  52492 12124 ?        S    18:17   0:00 /usr/bin/python /usr/bin/supervisord -n
root       426  0.0  0.0  32536  2924 ?        S    18:17   0:00 nginx: master process /usr/sbin/nginx
root       427  0.0  0.1  63412 13152 ?        S    18:17   0:00 /usr/local/bin/uwsgi --ini /home/docker/code/confs/uwsgi.ini
www-data   428  0.0  0.0  33472  5712 ?        S    18:17   0:00 nginx: worker process
www-data   429  0.0  0.0  33616  6076 ?        S    18:17   0:00 nginx: worker process
www-data   430  0.0  0.0  33356  5788 ?        S    18:17   0:00 nginx: worker process
www-data   431  0.0  0.0  33352  5932 ?        S    18:17   0:00 nginx: worker process
root       432  0.1  1.2 281976 102516 ?       S    18:17   0:03 /usr/local/bin/uwsgi --ini /home/docker/code/confs/uwsgi.ini
root       433  0.0  1.1 275916 96464 ?        S    18:17   0:01 /usr/local/bin/uwsgi --ini /home/docker/code/confs/uwsgi.ini
root       434  0.0  1.2 281704 102308 ?       S    18:17   0:01 /usr/local/bin/uwsgi --ini /home/docker/code/confs/uwsgi.ini
root       435  0.2  1.2 282720 103288 ?       S    18:17   0:07 /usr/local/bin/uwsgi --ini /home/docker/code/confs/uwsgi.ini
root      1423  0.0  0.0  59648  2956 ?        S    19:01   0:00 /USR/SBIN/CRON
root      1425  0.0  0.0   4456   680 ?        Ss   19:01   0:00 /bin/sh -c /home/docker/code/scripts/system-heartbeat.sh  > /tmp/cron-system-heartbeat.log
root      1426  0.0  0.0   9588  2284 ?        S    19:01   0:00 /bin/bash /home/docker/code/scripts/system-heartbeat.sh
root      1427  0.0  0.0   9600  2528 ?        S    19:01   0:00 /bin/bash /home/docker/code/scripts/system-heartbeat.sh
root      1428  0.0  0.0   4360   656 ?        S    19:01   0:00 tee /data/system-heartbeat/system-heartbeat-20180614-190101.log
root      1463  0.0  0.0  15580  2192 ?        R    19:01   0:00 ps aux
 

------------------------------------------------------------------------------------ 


