Info-msg : Checking directory existence. 

/data/system-heartbeat/ directory exists
Info-msg : hostname of server (hostname). 

clixserver.tiss.edu
 

------------------------------------------------------------------------------------ 


Info-msg : internal ip addresses of the system (ip address). 

 

------------------------------------------------------------------------------------ 


Info-msg : external ip addresses of the system (public ip address). 


 

------------------------------------------------------------------------------------ 


Info-msg : RAM details (free -h). 

             total       used       free     shared    buffers     cached
Mem:          7.7G       3.5G       4.2G        84M       522M       1.3G
-/+ buffers/cache:       1.7G       6.1G
Swap:         7.6G         0B       7.6G
 

------------------------------------------------------------------------------------ 


Info-msg : HDD details (df -h). 

Filesystem      Size  Used Avail Use% Mounted on
overlay         908G   56G  806G   7% /
tmpfs            64M     0   64M   0% /dev
tmpfs           3.9G     0  3.9G   0% /sys/fs/cgroup
/dev/sda3       908G   56G  806G   7% /data
shm              64M     0   64M   0% /dev/shm
tmpfs           3.9G     0  3.9G   0% /proc/scsi
tmpfs           3.9G     0  3.9G   0% /sys/firmware
 

------------------------------------------------------------------------------------ 


Info-msg : Size description in '/data/'. 

8.0K	/data/2031026-mz26-activity-timestamp-csvs.tar.gz
44M	/data/2031026-mz26-assessment-media.tar.gz
4.0K	/data/2031026-mz26-gstudio_tools_logs.tar.gz
64K	/data/activity-timestamp-csvs
114M	/data/assessment-media
16K	/data/clixserver.tiss.edu
364M	/data/db
4.0K	/data/drop_database.sql
12K	/data/git-commit-details.log
4.0K	/data/gstudio-exported-users-analytics-csvs
92K	/data/gstudio-logs
8.0K	/data/local_settings.py
17G	/data/media
1004M	/data/nginx-logs
504K	/data/pg_dump_all.sql
2.7M	/data/postgres-dump
2.9M	/data/qbank
672M	/data/rcs-repo
4.0K	/data/server_settings.py
92K	/data/system-heartbeat
 

------------------------------------------------------------------------------------ 


Info-msg : No of directories and files in '/data/media/'. 

No of directories : 4002 

No of files       : 9629 

 

------------------------------------------------------------------------------------ 


Info-msg : uptime (uptime). 

 20:01:22 up  1:34,  0 users,  load average: 0.18, 0.23, 0.26
 

------------------------------------------------------------------------------------ 


Info-msg : current process (uptime). 

USER       PID %CPU %MEM    VSZ   RSS TTY      STAT START   TIME COMMAND
root         1  0.0  0.0   4456   676 ?        Ss   18:27   0:00 /bin/sh -c /home/docker/code/scripts/initialize.sh  | sed -e "s/^/$(date +%Y%m%d-%H%M%S) :  /"  2>&1 | tee -a ${LOG_INSTALL_DOCKER}
root         9  0.0  0.0  18000  2832 ?        S    18:27   0:00 /bin/bash /home/docker/code/scripts/initialize.sh
root        10  0.0  0.0  10996  1400 ?        S    18:27   0:00 sed -e s/^/20180831-182721 :  /
root        12  0.0  0.0   4360  1312 ?        S    18:27   0:00 tee -a /root/DockerLogs/$(DATE_LOG)-gsd-install.log
root        18 13.4  3.0 517832 247848 ?       Sl   18:27  12:37 mongod --config /home/docker/code/confs/mongod.conf
root        20  0.0  0.0  23664  2148 ?        Ss   18:27   0:00 /usr/sbin/cron
postgres    46  0.0  0.2 244856 19292 ?        S    18:27   0:00 /usr/lib/postgresql/9.3/bin/postgres -D /var/lib/postgresql/9.3/main -c config_file=/etc/postgresql/9.3/main/postgresql.conf
postgres    63  0.0  0.0 244992  5584 ?        Ss   18:27   0:00 postgres: checkpointer process                                                                                              
postgres    64  0.0  0.0 244856  4600 ?        Ss   18:27   0:00 postgres: writer process                                                                                                    
postgres    65  0.0  0.0 244856  3356 ?        Ss   18:27   0:00 postgres: wal writer process                                                                                                
postgres    66  0.0  0.0 245732  6072 ?        Ss   18:27   0:00 postgres: autovacuum launcher process                                                                                       
postgres    67  0.0  0.0 100820  3844 ?        Ss   18:27   0:00 postgres: stats collector process                                                                                           
root       170  0.0  0.0  25356  2900 ?        Ss   18:27   0:00 /usr/lib/postfix/master
postfix    175  0.0  0.0  27420  2856 ?        S    18:27   0:00 pickup -l -t unix -u -c
postfix    176  0.0  0.0  27468  2852 ?        S    18:27   0:00 qmgr -l -t unix -u
root       184  0.0  0.0  61388  3192 ?        Ss   18:27   0:00 /usr/sbin/sshd
memcache   191  0.0  0.1 333528 11020 ?        Sl   18:27   0:00 /usr/bin/memcached -m 64 -p 11211 -u memcache -l 127.0.0.1
rabbitmq   220  0.0  0.0   7512    92 ?        S    18:27   0:00 /usr/lib/erlang/erts-5.10.4/bin/epmd -daemon
rabbitmq   247  0.0  0.0   4456   692 ?        S    18:27   0:00 /bin/sh /usr/sbin/rabbitmq-server
rabbitmq   291  0.5  1.1 2302856 93016 ?       Sl   18:27   0:30 /usr/lib/erlang/erts-5.10.4/bin/beam.smp -W w -K true -A30 -P 1048576 -- -root /usr/lib/erlang -progname erl -- -home /var/lib/rabbitmq -- -pa /usr/lib/rabbitmq/lib/rabbitmq_server-3.2.4/sbin/../ebin -noshell -noinput -s rabbit boot -sname rabbit@clixserver -boot start_sasl -kernel inet_default_connect_options [{nodelay,true}] -sasl errlog_type error -sasl sasl_error_logger false -rabbit error_logger {file,"/var/log/rabbitmq/rabbit@clixserver.log"} -rabbit sasl_error_logger {file,"/var/log/rabbitmq/rabbit@clixserver-sasl.log"} -rabbit enabled_plugins_file "/etc/rabbitmq/enabled_plugins" -rabbit plugins_dir "/usr/lib/rabbitmq/lib/rabbitmq_server-3.2.4/sbin/../plugins" -rabbit plugins_expand_dir "/var/lib/rabbitmq/mnesia/rabbit@clixserver-plugins-expand" -os_mon start_cpu_sup false -os_mon start_disksup false -os_mon start_memsup false -mnesia dir "/var/lib/rabbitmq/mnesia/rabbit@clixserver"
rabbitmq   378  0.0  0.0   7476   948 ?        Ss   18:27   0:00 inet_gethost 4
rabbitmq   379  0.0  0.0   9568  1692 ?        S    18:27   0:00 inet_gethost 4
root       381  0.1  0.6 186432 50220 ?        S    18:27   0:07 python manage.py celeryd -f /var/log/celeryd.log -l INFO
root       404  0.0  0.1  33152 10016 ?        S    18:27   0:00 python -m smtpd -n -c DebuggingServer localhost:1025
root       407  4.0  1.2 887688 101592 ?       Sl   18:27   3:49 python main.py
root       415  0.0  0.5 185784 42620 ?        S    18:27   0:00 python manage.py celeryd -f /var/log/celeryd.log -l INFO
root       416  0.0  0.5 185780 42620 ?        S    18:27   0:00 python manage.py celeryd -f /var/log/celeryd.log -l INFO
root       417  0.0  0.5 185780 42624 ?        S    18:27   0:00 python manage.py celeryd -f /var/log/celeryd.log -l INFO
root       418  0.0  0.5 185780 42640 ?        S    18:27   0:00 python manage.py celeryd -f /var/log/celeryd.log -l INFO
root       419  0.0  0.2  52492 16996 ?        S    18:27   0:01 /usr/bin/python /usr/bin/supervisord -n
root       432  0.0  0.0  32536  6360 ?        S    18:27   0:00 nginx: master process /usr/sbin/nginx
root       433  0.0  0.2  63412 20680 ?        S    18:27   0:00 /usr/local/bin/uwsgi --ini /home/docker/code/confs/uwsgi.ini
www-data   434  0.0  0.0  33380  6680 ?        S    18:27   0:01 nginx: worker process
www-data   435  0.0  0.0  33764  7172 ?        S    18:27   0:02 nginx: worker process
www-data   436  0.0  0.0  33508  6600 ?        S    18:27   0:01 nginx: worker process
www-data   437  0.1  0.0  34260  7332 ?        S    18:27   0:09 nginx: worker process
root       438  0.2  1.1 275092 96620 ?        S    18:27   0:12 /usr/local/bin/uwsgi --ini /home/docker/code/confs/uwsgi.ini
root       439  0.1  1.2 279008 100740 ?       S    18:27   0:10 /usr/local/bin/uwsgi --ini /home/docker/code/confs/uwsgi.ini
root       440  0.2  1.2 279584 101072 ?       S    18:27   0:13 /usr/local/bin/uwsgi --ini /home/docker/code/confs/uwsgi.ini
root       441  0.5  1.2 278260 99784 ?        S    18:27   0:30 /usr/local/bin/uwsgi --ini /home/docker/code/confs/uwsgi.ini
root     18413  0.0  0.0  59648  2940 ?        S    20:01   0:00 /USR/SBIN/CRON
root     18414  0.0  0.0   4456   856 ?        Ss   20:01   0:00 /bin/sh -c /home/docker/code/scripts/system-heartbeat.sh  > /tmp/cron-system-heartbeat.log
root     18415  0.0  0.0   9588  2204 ?        S    20:01   0:00 /bin/bash /home/docker/code/scripts/system-heartbeat.sh
root     18416  0.0  0.0   9600  2412 ?        S    20:01   0:00 /bin/bash /home/docker/code/scripts/system-heartbeat.sh
root     18417  0.0  0.0   4360   648 ?        S    20:01   0:00 tee /data/system-heartbeat/system-heartbeat-20180831-200101.log
root     18905  0.0  0.0  15580  2072 ?        R    20:01   0:00 ps aux
 

------------------------------------------------------------------------------------ 


