Info-msg : Checking directory existence. 

/data/system-heartbeat/ directory exists
Info-msg : hostname of server (hostname). 

clixserver.tiss.edu
 

------------------------------------------------------------------------------------ 


Info-msg : internal ip addresses of the system (ip address). 

 

------------------------------------------------------------------------------------ 


Info-msg : external ip addresses of the system (public ip address). 


 

------------------------------------------------------------------------------------ 


Info-msg : RAM details (free -h). 

             total       used       free     shared    buffers     cached
Mem:          7.7G       3.9G       3.8G       277M       533M       1.3G
-/+ buffers/cache:       2.1G       5.6G
Swap:         7.6G         0B       7.6G
 

------------------------------------------------------------------------------------ 


Info-msg : HDD details (df -h). 

Filesystem      Size  Used Avail Use% Mounted on
overlay         908G   57G  806G   7% /
tmpfs            64M     0   64M   0% /dev
tmpfs           3.9G     0  3.9G   0% /sys/fs/cgroup
/dev/sda3       908G   57G  806G   7% /data
shm              64M     0   64M   0% /dev/shm
tmpfs           3.9G     0  3.9G   0% /proc/scsi
tmpfs           3.9G     0  3.9G   0% /sys/firmware
 

------------------------------------------------------------------------------------ 


Info-msg : Size description in '/data/'. 

8.0K	/data/2031022-mz22-activity-timestamp-csvs.tar.gz
44M	/data/2031022-mz22-assessment-media.tar.gz
4.0K	/data/2031022-mz22-gstudio_tools_logs.tar.gz
64K	/data/activity-timestamp-csvs
114M	/data/assessment-media
16K	/data/clixserver.tiss.edu
369M	/data/db
4.0K	/data/drop_database.sql
12K	/data/git-commit-details.log
1.6M	/data/gstudio-exported-users-analytics-csvs
20K	/data/gstudio-logs
8.0K	/data/local_settings.py
17G	/data/media
1.9G	/data/nginx-logs
504K	/data/pg_dump_all.sql
2.7M	/data/postgres-dump
3.3M	/data/qbank
673M	/data/rcs-repo
4.0K	/data/server_settings.py
116K	/data/system-heartbeat
 

------------------------------------------------------------------------------------ 


Info-msg : No of directories and files in '/data/media/'. 

No of directories : 4002 

No of files       : 9629 

 

------------------------------------------------------------------------------------ 


Info-msg : uptime (uptime). 

 13:01:22 up  2:24,  0 users,  load average: 0.29, 0.20, 0.27
 

------------------------------------------------------------------------------------ 


Info-msg : current process (uptime). 

USER       PID %CPU %MEM    VSZ   RSS TTY      STAT START   TIME COMMAND
root         1  0.0  0.0   4456   744 ?        Ss   10:37   0:00 /bin/sh -c /home/docker/code/scripts/initialize.sh  | sed -e "s/^/$(date +%Y%m%d-%H%M%S) :  /"  2>&1 | tee -a ${LOG_INSTALL_DOCKER}
root         8  0.0  0.0  18000  2868 ?        S    10:37   0:00 /bin/bash /home/docker/code/scripts/initialize.sh
root        14  0.0  0.0  10996  1448 ?        S    10:37   0:00 sed -e s/^/20180820-103731 :  /
root        15  0.0  0.0   4360  1436 ?        S    10:37   0:00 tee -a /root/DockerLogs/$(DATE_LOG)-gsd-install.log
root        17 16.9  3.3 527120 271592 ?       Sl   10:37  24:21 mongod --config /home/docker/code/confs/mongod.conf
root        19  0.0  0.0  23664  2068 ?        Ss   10:37   0:00 /usr/sbin/cron
postgres    38  0.0  0.2 244856 19324 ?        S    10:37   0:00 /usr/lib/postgresql/9.3/bin/postgres -D /var/lib/postgresql/9.3/main -c config_file=/etc/postgresql/9.3/main/postgresql.conf
postgres    67  0.0  0.0 244992  5424 ?        Ss   10:37   0:00 postgres: checkpointer process                                                                                              
postgres    68  0.0  0.0 244856  4640 ?        Ss   10:37   0:00 postgres: writer process                                                                                                    
postgres    69  0.0  0.0 244856  3212 ?        Ss   10:37   0:00 postgres: wal writer process                                                                                                
postgres    70  0.0  0.0 245732  6020 ?        Ss   10:37   0:00 postgres: autovacuum launcher process                                                                                       
postgres    71  0.0  0.0 100820  3628 ?        Ss   10:37   0:00 postgres: stats collector process                                                                                           
root       174  0.0  0.0  25356  3000 ?        Ss   10:37   0:00 /usr/lib/postfix/master
postfix    180  0.0  0.0  27468  2816 ?        S    10:37   0:00 qmgr -l -t unix -u
root       188  0.0  0.0  61388  3132 ?        Ss   10:37   0:00 /usr/sbin/sshd
rabbitmq   216  0.0  0.0   7512    92 ?        S    10:37   0:00 /usr/lib/erlang/erts-5.10.4/bin/epmd -daemon
rabbitmq   240  0.0  0.0   4456   784 ?        S    10:37   0:00 /bin/sh /usr/sbin/rabbitmq-server
rabbitmq   285  0.5  1.1 2303368 93376 ?       Sl   10:37   0:48 /usr/lib/erlang/erts-5.10.4/bin/beam.smp -W w -K true -A30 -P 1048576 -- -root /usr/lib/erlang -progname erl -- -home /var/lib/rabbitmq -- -pa /usr/lib/rabbitmq/lib/rabbitmq_server-3.2.4/sbin/../ebin -noshell -noinput -s rabbit boot -sname rabbit@clixserver -boot start_sasl -kernel inet_default_connect_options [{nodelay,true}] -sasl errlog_type error -sasl sasl_error_logger false -rabbit error_logger {file,"/var/log/rabbitmq/rabbit@clixserver.log"} -rabbit sasl_error_logger {file,"/var/log/rabbitmq/rabbit@clixserver-sasl.log"} -rabbit enabled_plugins_file "/etc/rabbitmq/enabled_plugins" -rabbit plugins_dir "/usr/lib/rabbitmq/lib/rabbitmq_server-3.2.4/sbin/../plugins" -rabbit plugins_expand_dir "/var/lib/rabbitmq/mnesia/rabbit@clixserver-plugins-expand" -os_mon start_cpu_sup false -os_mon start_disksup false -os_mon start_memsup false -mnesia dir "/var/lib/rabbitmq/mnesia/rabbit@clixserver"
root       371  0.1  0.6 186440 50296 ?        S    10:37   0:10 python manage.py celeryd -f /var/log/celeryd.log -l INFO
rabbitmq   382  0.0  0.0   7476   984 ?        Ss   10:37   0:00 inet_gethost 4
rabbitmq   387  0.0  0.0   9568  1552 ?        S    10:37   0:00 inet_gethost 4
root       400  0.0  0.1  33152  9916 ?        S    10:37   0:00 python -m smtpd -n -c DebuggingServer localhost:1025
root       403  1.6  1.2 888456 103508 ?       Sl   10:37   2:24 python main.py
root       408  0.0  0.5 185792 42568 ?        S    10:37   0:00 python manage.py celeryd -f /var/log/celeryd.log -l INFO
root       409  0.0  0.5 185788 42576 ?        S    10:37   0:00 python manage.py celeryd -f /var/log/celeryd.log -l INFO
root       410  0.0  0.5 185788 42556 ?        S    10:37   0:00 python manage.py celeryd -f /var/log/celeryd.log -l INFO
root       411  0.0  0.5 185788 42552 ?        S    10:37   0:00 python manage.py celeryd -f /var/log/celeryd.log -l INFO
root       413  0.0  0.2  52492 17004 ?        S    10:37   0:02 /usr/bin/python /usr/bin/supervisord -n
root       428  0.0  0.0  32536  6548 ?        S    10:37   0:00 nginx: master process /usr/sbin/nginx
root       429  0.0  0.2  63412 20500 ?        S    10:37   0:00 /usr/local/bin/uwsgi --ini /home/docker/code/confs/uwsgi.ini
www-data   430  0.0  0.0  32960  6560 ?        S    10:37   0:00 nginx: worker process
www-data   431  0.0  0.0  33224  6708 ?        S    10:37   0:00 nginx: worker process
www-data   432  0.0  0.0  33244  6760 ?        S    10:37   0:01 nginx: worker process
www-data   433  0.0  0.0  33496  6772 ?        S    10:37   0:01 nginx: worker process
root       434  0.0  1.2 279424 100628 ?       S    10:37   0:07 /usr/local/bin/uwsgi --ini /home/docker/code/confs/uwsgi.ini
root       435  0.0  1.2 279432 100596 ?       S    10:37   0:05 /usr/local/bin/uwsgi --ini /home/docker/code/confs/uwsgi.ini
root       436  0.0  1.2 280632 101868 ?       S    10:37   0:07 /usr/local/bin/uwsgi --ini /home/docker/code/confs/uwsgi.ini
root       437  0.1  1.2 280868 102124 ?       S    10:37   0:15 /usr/local/bin/uwsgi --ini /home/docker/code/confs/uwsgi.ini
postfix   2504  0.0  0.0  27420  2820 ?        S    12:13   0:00 pickup -l -t unix -u -c
root     10318  0.0  0.0  59648  3128 ?        S    13:01   0:00 /USR/SBIN/CRON
root     10319  0.0  0.0   4456   684 ?        Ss   13:01   0:00 /bin/sh -c /home/docker/code/scripts/system-heartbeat.sh  > /tmp/cron-system-heartbeat.log
root     10320  0.0  0.0   9588  2304 ?        S    13:01   0:00 /bin/bash /home/docker/code/scripts/system-heartbeat.sh
root     10321  0.0  0.0   9600  2612 ?        S    13:01   0:00 /bin/bash /home/docker/code/scripts/system-heartbeat.sh
root     10322  0.0  0.0   4360   656 ?        S    13:01   0:00 tee /data/system-heartbeat/system-heartbeat-20180820-130101.log
root     10607  0.0  0.0  15580  2100 ?        R    13:01   0:00 ps aux
 

------------------------------------------------------------------------------------ 


