Info-msg : Checking directory existence. 

/data/system-heartbeat/ directory created successfully
Info-msg : hostname of server (hostname). 

clixserver.tiss.edu
 

------------------------------------------------------------------------------------ 


Info-msg : internal ip addresses of the system (ip address). 

eth0- 172.18.0.2
 

------------------------------------------------------------------------------------ 


Info-msg : external ip addresses of the system (public ip address). 


 

------------------------------------------------------------------------------------ 


Info-msg : RAM details (free -h). 

             total       used       free     shared    buffers     cached
Mem:          7.7G       7.6G       158M       255M       680M       4.9G
-/+ buffers/cache:       2.0G       5.8G
Swap:         7.6G       268K       7.6G
 

------------------------------------------------------------------------------------ 


Info-msg : HDD details (df -h). 

Filesystem      Size  Used Avail Use% Mounted on
overlay         908G   39G  823G   5% /
tmpfs            64M     0   64M   0% /dev
tmpfs           3.9G     0  3.9G   0% /sys/fs/cgroup
/dev/sda3       908G   39G  823G   5% /data
shm              64M     0   64M   0% /dev/shm
tmpfs           3.9G     0  3.9G   0% /proc/scsi
tmpfs           3.9G     0  3.9G   0% /sys/firmware
 

------------------------------------------------------------------------------------ 


Info-msg : Size description in '/data/'. 

4.0K	/data/2031022-mz22-activity-timestamp-csvs.tar.gz
44M	/data/2031022-mz22-assessment-media.tar.gz
4.0K	/data/2031022-mz22-gstudio_tools_logs.tar.gz
114M	/data/assessment-media
16K	/data/clixserver.tiss.edu
361M	/data/db
4.0K	/data/drop_database.sql
12K	/data/git-commit-details.log
172K	/data/gstudio-exported-users-analytics-csvs
8.0K	/data/gstudio-logs
8.0K	/data/local_settings.py
17G	/data/media
4.0K	/data/nginx-logs
504K	/data/pg_dump_all.sql
2.6M	/data/postgres-dump
670M	/data/rcs-repo
4.0K	/data/server_settings.py
8.0K	/data/system-heartbeat
 

------------------------------------------------------------------------------------ 


Info-msg : No of directories and files in '/data/media/'. 

No of directories : 4002 

No of files       : 9629 

 

------------------------------------------------------------------------------------ 


Info-msg : uptime (uptime). 

 13:14:20 up 26 min,  0 users,  load average: 1.94, 2.11, 1.92
 

------------------------------------------------------------------------------------ 


Info-msg : current process (uptime). 

USER       PID %CPU %MEM    VSZ   RSS TTY      STAT START   TIME COMMAND
root         1  0.0  0.0   4456   760 ?        Ss   13:02   0:00 /bin/sh -c /home/docker/code/scripts/initialize.sh  | sed -e "s/^/$(date +%Y%m%d-%H%M%S) :  /"  2>&1 | tee -a ${LOG_INSTALL_DOCKER}
root         7  0.0  0.0  18000  2948 ?        S    13:02   0:00 /bin/bash /home/docker/code/scripts/initialize.sh
root         8  0.0  0.0  10996  1576 ?        S    13:02   0:00 sed -e s/^/20180702-130300 :  /
root         9  0.0  0.0   4360  1404 ?        S    13:02   0:00 tee -a /root/DockerLogs/$(DATE_LOG)-gsd-install.log
root        16 97.4  2.4 416112 199208 ?       Sl   13:02  11:03 mongod --config /home/docker/code/confs/mongod.conf
root        18  0.0  0.0  23664  2160 ?        Ss   13:02   0:00 /usr/sbin/cron
postgres    36  0.0  0.2 244856 19324 ?        S    13:02   0:00 /usr/lib/postgresql/9.3/bin/postgres -D /var/lib/postgresql/9.3/main -c config_file=/etc/postgresql/9.3/main/postgresql.conf
postgres    63  0.0  0.1 245000  8508 ?        Ss   13:03   0:00 postgres: checkpointer process                                                                                              
postgres    64  0.0  0.0 244856  4640 ?        Ss   13:03   0:00 postgres: writer process                                                                                                    
postgres    65  0.0  0.0 244856  3416 ?        Ss   13:03   0:00 postgres: wal writer process                                                                                                
postgres    66  0.0  0.0 245732  6480 ?        Ss   13:03   0:00 postgres: autovacuum launcher process                                                                                       
postgres    67  0.0  0.0 100820  3832 ?        Ss   13:03   0:00 postgres: stats collector process                                                                                           
root       170  0.0  0.0  25356  2964 ?        Ss   13:03   0:00 /usr/lib/postfix/master
postfix    176  0.0  0.0  27420  2892 ?        S    13:03   0:00 pickup -l -t unix -u -c
postfix    177  0.0  0.0  27468  2872 ?        S    13:03   0:00 qmgr -l -t unix -u
root       184  0.0  0.0  61388  3184 ?        Ss   13:03   0:00 /usr/sbin/sshd
memcache   191  0.0  0.0 262948  5824 ?        Sl   13:03   0:00 /usr/bin/memcached -m 64 -p 11211 -u memcache -l 127.0.0.1
rabbitmq   220  0.0  0.0   7512    88 ?        S    13:03   0:00 /usr/lib/erlang/erts-5.10.4/bin/epmd -daemon
rabbitmq   244  0.0  0.0   4456   756 ?        S    13:03   0:00 /bin/sh /usr/sbin/rabbitmq-server
rabbitmq   289  0.4  1.1 2303880 92728 ?       Sl   13:03   0:02 /usr/lib/erlang/erts-5.10.4/bin/beam.smp -W w -K true -A30 -P 1048576 -- -root /usr/lib/erlang -progname erl -- -home /var/lib/rabbitmq -- -pa /usr/lib/rabbitmq/lib/rabbitmq_server-3.2.4/sbin/../ebin -noshell -noinput -s rabbit boot -sname rabbit@clixserver -boot start_sasl -kernel inet_default_connect_options [{nodelay,true}] -sasl errlog_type error -sasl sasl_error_logger false -rabbit error_logger {file,"/var/log/rabbitmq/rabbit@clixserver.log"} -rabbit sasl_error_logger {file,"/var/log/rabbitmq/rabbit@clixserver-sasl.log"} -rabbit enabled_plugins_file "/etc/rabbitmq/enabled_plugins" -rabbit plugins_dir "/usr/lib/rabbitmq/lib/rabbitmq_server-3.2.4/sbin/../plugins" -rabbit plugins_expand_dir "/var/lib/rabbitmq/mnesia/rabbit@clixserver-plugins-expand" -os_mon start_cpu_sup false -os_mon start_disksup false -os_mon start_memsup false -mnesia dir "/var/lib/rabbitmq/mnesia/rabbit@clixserver"
root       326  0.1  0.6 186504 50600 ?        S    13:03   0:00 python manage.py celeryd -f /var/log/celeryd.log -l INFO
root       394  0.0  0.5 185792 42516 ?        S    13:03   0:00 python manage.py celeryd -f /var/log/celeryd.log -l INFO
root       395  0.0  0.5 185788 42520 ?        S    13:03   0:00 python manage.py celeryd -f /var/log/celeryd.log -l INFO
root       396  0.0  0.5 185788 42524 ?        S    13:03   0:00 python manage.py celeryd -f /var/log/celeryd.log -l INFO
root       397  0.0  0.5 185788 42532 ?        S    13:03   0:00 python manage.py celeryd -f /var/log/celeryd.log -l INFO
root       411  0.0  0.1  33152  9880 ?        S    13:03   0:00 python -m smtpd -n -c DebuggingServer localhost:1025
root       420  0.0  0.2  52484 16956 ?        S    13:03   0:00 /usr/bin/python /usr/bin/supervisord -n
rabbitmq   428  0.0  0.0   7476   960 ?        Ss   13:03   0:00 inet_gethost 4
rabbitmq   429  0.0  0.0   9568  1664 ?        S    13:03   0:00 inet_gethost 4
root       431  0.0  0.2  63412 20628 ?        S    13:03   0:00 /usr/local/bin/uwsgi --ini /home/docker/code/confs/uwsgi.ini
root       432  0.0  0.1  63412 15748 ?        S    13:03   0:00 /usr/local/bin/uwsgi --ini /home/docker/code/confs/uwsgi.ini
root       433  0.0  0.1  63412 15748 ?        S    13:03   0:00 /usr/local/bin/uwsgi --ini /home/docker/code/confs/uwsgi.ini
root       434  0.0  0.1  63412 15748 ?        S    13:03   0:00 /usr/local/bin/uwsgi --ini /home/docker/code/confs/uwsgi.ini
root       435  0.0  0.1  63412 15748 ?        S    13:03   0:00 /usr/local/bin/uwsgi --ini /home/docker/code/confs/uwsgi.ini
root     21897  0.5  0.0   4456   768 pts/0    Ss+  13:14   0:00 /bin/sh -c /home/docker/code/scripts/system-heartbeat.sh  > /tmp/cron-system-heartbeat.log
root     21904  0.0  0.0  18032  2776 pts/0    S+   13:14   0:00 /bin/bash /home/docker/code/scripts/system-heartbeat.sh
root     21905  0.0  0.0  18044  2528 pts/0    S+   13:14   0:00 /bin/bash /home/docker/code/scripts/system-heartbeat.sh
root     21906  0.0  0.0   4360   668 pts/0    S+   13:14   0:00 tee /data/system-heartbeat/system-heartbeat-20180702-131418.log
root     21928  0.0  0.0  15580  2140 pts/0    R+   13:14   0:00 ps aux
 

------------------------------------------------------------------------------------ 


