Info-msg : Checking directory existence. 

/data/system-heartbeat/ directory exists
Info-msg : hostname of server (hostname). 

clixserver.tiss.edu
 

------------------------------------------------------------------------------------ 


Info-msg : internal ip addresses of the system (ip address). 

 

------------------------------------------------------------------------------------ 


Info-msg : external ip addresses of the system (public ip address). 


 

------------------------------------------------------------------------------------ 


Info-msg : RAM details (free -h). 

             total       used       free     shared    buffers     cached
Mem:          7.7G       3.6G       4.1G       366M       781M       1.2G
-/+ buffers/cache:       1.6G       6.1G
Swap:         7.6G         0B       7.6G
 

------------------------------------------------------------------------------------ 


Info-msg : HDD details (df -h). 

Filesystem      Size  Used Avail Use% Mounted on
overlay         908G   55G  808G   7% /
tmpfs            64M     0   64M   0% /dev
tmpfs           3.9G     0  3.9G   0% /sys/fs/cgroup
/dev/sda3       908G   55G  808G   7% /data
shm              64M     0   64M   0% /dev/shm
tmpfs           3.9G     0  3.9G   0% /proc/scsi
tmpfs           3.9G     0  3.9G   0% /sys/firmware
 

------------------------------------------------------------------------------------ 


Info-msg : Size description in '/data/'. 

8.0K	/data/2031022-mz22-activity-timestamp-csvs.tar.gz
44M	/data/2031022-mz22-assessment-media.tar.gz
4.0K	/data/2031022-mz22-gstudio_tools_logs.tar.gz
64K	/data/activity-timestamp-csvs
114M	/data/assessment-media
16K	/data/clixserver.tiss.edu
362M	/data/db
4.0K	/data/drop_database.sql
12K	/data/git-commit-details.log
684K	/data/gstudio-exported-users-analytics-csvs
8.0K	/data/gstudio-logs
8.0K	/data/local_settings.py
17G	/data/media
72M	/data/nginx-logs
504K	/data/pg_dump_all.sql
2.7M	/data/postgres-dump
2.6M	/data/qbank
670M	/data/rcs-repo
4.0K	/data/server_settings.py
44K	/data/system-heartbeat
 

------------------------------------------------------------------------------------ 


Info-msg : No of directories and files in '/data/media/'. 

No of directories : 4002 

No of files       : 9629 

 

------------------------------------------------------------------------------------ 


Info-msg : uptime (uptime). 

 11:01:22 up  1:27,  0 users,  load average: 0.02, 0.10, 0.09
 

------------------------------------------------------------------------------------ 


Info-msg : current process (uptime). 

USER       PID %CPU %MEM    VSZ   RSS TTY      STAT START   TIME COMMAND
root         1  0.0  0.0   4456   744 ?        Ss   09:34   0:00 /bin/sh -c /home/docker/code/scripts/initialize.sh  | sed -e "s/^/$(date +%Y%m%d-%H%M%S) :  /"  2>&1 | tee -a ${LOG_INSTALL_DOCKER}
root         7  0.0  0.0  18000  2800 ?        S    09:34   0:00 /bin/bash /home/docker/code/scripts/initialize.sh
root        13  0.0  0.0  10996  1332 ?        S    09:34   0:00 sed -e s/^/20180813-093427 :  /
root        14  0.0  0.0   4360  1276 ?        S    09:34   0:00 tee -a /root/DockerLogs/$(DATE_LOG)-gsd-install.log
root        16  9.9  2.7 406492 221336 ?       Sl   09:34   8:40 mongod --config /home/docker/code/confs/mongod.conf
root        18  0.0  0.0  23664  2156 ?        Ss   09:34   0:00 /usr/sbin/cron
postgres    44  0.0  0.2 244856 19360 ?        S    09:34   0:00 /usr/lib/postgresql/9.3/bin/postgres -D /var/lib/postgresql/9.3/main -c config_file=/etc/postgresql/9.3/main/postgresql.conf
postgres    64  0.0  0.0 244856  3208 ?        Ss   09:34   0:00 postgres: checkpointer process                                                                                              
postgres    65  0.0  0.0 244856  4668 ?        Ss   09:34   0:00 postgres: writer process                                                                                                    
postgres    66  0.0  0.0 244856  3208 ?        Ss   09:34   0:00 postgres: wal writer process                                                                                                
postgres    67  0.0  0.0 245732  5968 ?        Ss   09:34   0:00 postgres: autovacuum launcher process                                                                                       
postgres    68  0.0  0.0 100820  3584 ?        Ss   09:34   0:00 postgres: stats collector process                                                                                           
root       171  0.0  0.0  25356  2872 ?        Ss   09:34   0:00 /usr/lib/postfix/master
postfix    176  0.0  0.0  27420  2884 ?        S    09:34   0:00 pickup -l -t unix -u -c
postfix    177  0.0  0.0  27468  2876 ?        S    09:34   0:00 qmgr -l -t unix -u
root       185  0.0  0.0  61388  3064 ?        Ss   09:34   0:00 /usr/sbin/sshd
memcache   192  0.0  0.0 131876  6136 ?        Sl   09:34   0:00 /usr/bin/memcached -m 64 -p 11211 -u memcache -l 127.0.0.1
rabbitmq   221  0.0  0.0   7512    88 ?        S    09:34   0:00 /usr/lib/erlang/erts-5.10.4/bin/epmd -daemon
rabbitmq   248  0.0  0.0   4456   848 ?        S    09:34   0:00 /bin/sh /usr/sbin/rabbitmq-server
rabbitmq   292  0.5  1.1 2303624 93128 ?       Sl   09:34   0:31 /usr/lib/erlang/erts-5.10.4/bin/beam.smp -W w -K true -A30 -P 1048576 -- -root /usr/lib/erlang -progname erl -- -home /var/lib/rabbitmq -- -pa /usr/lib/rabbitmq/lib/rabbitmq_server-3.2.4/sbin/../ebin -noshell -noinput -s rabbit boot -sname rabbit@clixserver -boot start_sasl -kernel inet_default_connect_options [{nodelay,true}] -sasl errlog_type error -sasl sasl_error_logger false -rabbit error_logger {file,"/var/log/rabbitmq/rabbit@clixserver.log"} -rabbit sasl_error_logger {file,"/var/log/rabbitmq/rabbit@clixserver-sasl.log"} -rabbit enabled_plugins_file "/etc/rabbitmq/enabled_plugins" -rabbit plugins_dir "/usr/lib/rabbitmq/lib/rabbitmq_server-3.2.4/sbin/../plugins" -rabbit plugins_expand_dir "/var/lib/rabbitmq/mnesia/rabbit@clixserver-plugins-expand" -os_mon start_cpu_sup false -os_mon start_disksup false -os_mon start_memsup false -mnesia dir "/var/lib/rabbitmq/mnesia/rabbit@clixserver"
rabbitmq   379  0.0  0.0   7476   976 ?        Ss   09:34   0:00 inet_gethost 4
rabbitmq   380  0.0  0.0   9568  1672 ?        S    09:34   0:00 inet_gethost 4
root       382  0.1  0.6 186436 50312 ?        S    09:34   0:06 python manage.py celeryd -f /var/log/celeryd.log -l INFO
root       405  0.0  0.1  33152  9892 ?        S    09:34   0:00 python -m smtpd -n -c DebuggingServer localhost:1025
root       408  0.0  0.6 859096 56440 ?        Sl   09:34   0:00 python main.py
root       413  0.0  0.5 185780 42560 ?        S    09:34   0:00 python manage.py celeryd -f /var/log/celeryd.log -l INFO
root       414  0.0  0.5 185780 42564 ?        S    09:34   0:00 python manage.py celeryd -f /var/log/celeryd.log -l INFO
root       415  0.0  0.5 185780 42572 ?        S    09:34   0:00 python manage.py celeryd -f /var/log/celeryd.log -l INFO
root       416  0.0  0.5 185780 42580 ?        S    09:34   0:00 python manage.py celeryd -f /var/log/celeryd.log -l INFO
root       418  0.0  0.2  52492 17076 ?        S    09:34   0:01 /usr/bin/python /usr/bin/supervisord -n
root       433  0.0  0.0  32536  6480 ?        S    09:34   0:00 nginx: master process /usr/sbin/nginx
root       434  0.0  0.2  63412 20576 ?        S    09:34   0:00 /usr/local/bin/uwsgi --ini /home/docker/code/confs/uwsgi.ini
www-data   435  0.0  0.0  32908  4016 ?        S    09:34   0:00 nginx: worker process
www-data   436  0.0  0.0  32908  4016 ?        S    09:34   0:00 nginx: worker process
www-data   437  0.0  0.0  32908  4016 ?        S    09:34   0:00 nginx: worker process
www-data   438  0.0  0.0  32908  4016 ?        S    09:34   0:00 nginx: worker process
root       439  0.0  0.1  63412 15824 ?        S    09:34   0:00 /usr/local/bin/uwsgi --ini /home/docker/code/confs/uwsgi.ini
root       440  0.0  0.1  63412 15824 ?        S    09:34   0:00 /usr/local/bin/uwsgi --ini /home/docker/code/confs/uwsgi.ini
root       441  0.0  0.1  63412 15824 ?        S    09:34   0:00 /usr/local/bin/uwsgi --ini /home/docker/code/confs/uwsgi.ini
root       442  0.0  0.1  63412 15824 ?        S    09:34   0:00 /usr/local/bin/uwsgi --ini /home/docker/code/confs/uwsgi.ini
root      2009  0.0  0.0  59648  2980 ?        S    11:01   0:00 /USR/SBIN/CRON
root      2010  0.0  0.0   4456   784 ?        Ss   11:01   0:00 /bin/sh -c /home/docker/code/scripts/system-heartbeat.sh  > /tmp/cron-system-heartbeat.log
root      2011  0.0  0.0   9588  2344 ?        S    11:01   0:00 /bin/bash /home/docker/code/scripts/system-heartbeat.sh
root      2012  0.0  0.0   9600  2480 ?        S    11:01   0:00 /bin/bash /home/docker/code/scripts/system-heartbeat.sh
root      2013  0.0  0.0   4360   756 ?        S    11:01   0:00 tee /data/system-heartbeat/system-heartbeat-20180813-110101.log
root      2039  0.0  0.0  15580  2120 ?        R    11:01   0:00 ps aux
 

------------------------------------------------------------------------------------ 


