Info-msg : Checking directory existence. 

/data/system-heartbeat/ directory exists
Info-msg : hostname of server (hostname). 

clixserver.tiss.edu
 

------------------------------------------------------------------------------------ 


Info-msg : internal ip addresses of the system (ip address). 

 

------------------------------------------------------------------------------------ 


Info-msg : external ip addresses of the system (public ip address). 

27.56.124.110
 

------------------------------------------------------------------------------------ 


Info-msg : RAM details (free -h). 

             total       used       free     shared    buffers     cached
Mem:          7.7G       2.7G       5.0G       251M       112M       1.0G
-/+ buffers/cache:       1.6G       6.1G
Swap:         7.6G         0B       7.6G
 

------------------------------------------------------------------------------------ 


Info-msg : HDD details (df -h). 

Filesystem      Size  Used Avail Use% Mounted on
overlay         908G   58G  804G   7% /
tmpfs            64M     0   64M   0% /dev
tmpfs           3.9G     0  3.9G   0% /sys/fs/cgroup
/dev/sda3       908G   58G  804G   7% /data
shm              64M     0   64M   0% /dev/shm
tmpfs           3.9G     0  3.9G   0% /proc/scsi
tmpfs           3.9G     0  3.9G   0% /sys/firmware
 

------------------------------------------------------------------------------------ 


Info-msg : Size description in '/data/'. 

8.0K	/data/2031010-mz10-activity-timestamp-csvs.tar.gz
44M	/data/2031010-mz10-assessment-media.tar.gz
4.0K	/data/2031010-mz10-gstudio_tools_logs.tar.gz
64K	/data/activity-timestamp-csvs
114M	/data/assessment-media
16K	/data/clixserver.tiss.edu
726M	/data/db
4.0K	/data/drop_database.sql
12K	/data/git-commit-details.log
172M	/data/gstudio-exported-users-analytics-csvs
848K	/data/gstudio-logs
8.0K	/data/local_settings.py
17G	/data/media
44M	/data/nginx-logs
504K	/data/pg_dump_all.sql
2.7M	/data/postgres-dump
3.4M	/data/qbank
670M	/data/rcs-repo
4.0K	/data/server_settings.py
13M	/data/system-heartbeat
 

------------------------------------------------------------------------------------ 


Info-msg : No of directories and files in '/data/media/'. 

No of directories : 4002 

No of files       : 9629 

 

------------------------------------------------------------------------------------ 


Info-msg : uptime (uptime). 

 11:01:12 up 5 min,  0 users,  load average: 0.42, 1.04, 0.59
 

------------------------------------------------------------------------------------ 


Info-msg : current process (uptime). 

USER       PID %CPU %MEM    VSZ   RSS TTY      STAT START   TIME COMMAND
root         1  0.0  0.0   4456   676 ?        Ss   10:56   0:00 /bin/sh -c /home/docker/code/scripts/initialize.sh  | sed -e "s/^/$(date +%Y%m%d-%H%M%S) :  /"  2>&1 | tee -a ${LOG_INSTALL_DOCKER}
root         7  0.0  0.0  18000  2784 ?        S    10:56   0:00 /bin/bash /home/docker/code/scripts/initialize.sh
root        13  0.0  0.0  10996  1500 ?        S    10:56   0:00 sed -e s/^/20190117-105647 :  /
root        14  0.0  0.0   4360  1316 ?        S    10:56   0:00 tee -a /root/DockerLogs/$(DATE_LOG)-gsd-install.log
root        16  3.7  1.0 254904 86344 ?        Sl   10:56   0:09 mongod --config /home/docker/code/confs/mongod.conf
root        18  0.0  0.0  23664  2140 ?        Ss   10:56   0:00 /usr/sbin/cron
postgres    37  0.0  0.2 244856 19300 ?        S    10:57   0:00 /usr/lib/postgresql/9.3/bin/postgres -D /var/lib/postgresql/9.3/main -c config_file=/etc/postgresql/9.3/main/postgresql.conf
postgres    73  0.0  0.0 244856  3220 ?        Ss   10:57   0:00 postgres: checkpointer process                                                                                              
postgres    74  0.0  0.0 244856  4556 ?        Ss   10:57   0:00 postgres: writer process                                                                                                    
postgres    75  0.0  0.0 244856  3220 ?        Ss   10:57   0:00 postgres: wal writer process                                                                                                
postgres    76  0.0  0.0 245732  5940 ?        Ss   10:57   0:00 postgres: autovacuum launcher process                                                                                       
postgres    77  0.0  0.0 100668  3528 ?        Ss   10:57   0:00 postgres: stats collector process                                                                                           
root       180  0.0  0.0  25356  2844 ?        Ss   10:57   0:00 /usr/lib/postfix/master
postfix    185  0.0  0.0  27420  2744 ?        S    10:57   0:00 pickup -l -t unix -u -c
postfix    186  0.0  0.0  27468  2912 ?        S    10:57   0:00 qmgr -l -t unix -u
root       194  0.0  0.0  61388  3124 ?        Ss   10:57   0:00 /usr/sbin/sshd
memcache   201  0.0  0.0  63264  2600 ?        Sl   10:57   0:00 /usr/bin/memcached -m 64 -p 11211 -u memcache -l 127.0.0.1
rabbitmq   230  0.0  0.0   7512    88 ?        S    10:57   0:00 /usr/lib/erlang/erts-5.10.4/bin/epmd -daemon
rabbitmq   257  0.1  0.0   4456   856 ?        S    10:57   0:00 /bin/sh /usr/sbin/rabbitmq-server
rabbitmq   301  0.8  1.1 2303368 93428 ?       Sl   10:57   0:01 /usr/lib/erlang/erts-5.10.4/bin/beam.smp -W w -K true -A30 -P 1048576 -- -root /usr/lib/erlang -progname erl -- -home /var/lib/rabbitmq -- -pa /usr/lib/rabbitmq/lib/rabbitmq_server-3.2.4/sbin/../ebin -noshell -noinput -s rabbit boot -sname rabbit@clixserver -boot start_sasl -kernel inet_default_connect_options [{nodelay,true}] -sasl errlog_type error -sasl sasl_error_logger false -rabbit error_logger {file,"/var/log/rabbitmq/rabbit@clixserver.log"} -rabbit sasl_error_logger {file,"/var/log/rabbitmq/rabbit@clixserver-sasl.log"} -rabbit enabled_plugins_file "/etc/rabbitmq/enabled_plugins" -rabbit plugins_dir "/usr/lib/rabbitmq/lib/rabbitmq_server-3.2.4/sbin/../plugins" -rabbit plugins_expand_dir "/var/lib/rabbitmq/mnesia/rabbit@clixserver-plugins-expand" -os_mon start_cpu_sup false -os_mon start_disksup false -os_mon start_memsup false -mnesia dir "/var/lib/rabbitmq/mnesia/rabbit@clixserver"
rabbitmq   388  0.1  0.0   7476   968 ?        Ss   10:57   0:00 inet_gethost 4
rabbitmq   389  0.0  0.0   9568  1604 ?        S    10:57   0:00 inet_gethost 4
root       391  0.6  0.6 186428 50204 ?        S    10:57   0:01 python manage.py celeryd -f /var/log/celeryd.log -l INFO
root       414  0.0  0.1  33152  9968 ?        S    10:57   0:00 python -m smtpd -n -c DebuggingServer localhost:1025
root       417  0.1  0.6 859096 56540 ?        Sl   10:57   0:00 python main.py
root       422  0.0  0.5 185776 42552 ?        S    10:57   0:00 python manage.py celeryd -f /var/log/celeryd.log -l INFO
root       423  0.0  0.5 185772 42556 ?        S    10:57   0:00 python manage.py celeryd -f /var/log/celeryd.log -l INFO
root       424  0.0  0.5 185772 42560 ?        S    10:57   0:00 python manage.py celeryd -f /var/log/celeryd.log -l INFO
root       425  0.0  0.5 185772 42568 ?        S    10:57   0:00 python manage.py celeryd -f /var/log/celeryd.log -l INFO
root       427  0.0  0.2  52492 16912 ?        S    10:57   0:00 /usr/bin/python /usr/bin/supervisord -n
root       444  0.0  0.0  32536  6496 ?        S    10:57   0:00 nginx: master process /usr/sbin/nginx
root       445  0.0  0.2  63412 20532 ?        S    10:57   0:00 /usr/local/bin/uwsgi --ini /home/docker/code/confs/uwsgi.ini
www-data   446  0.0  0.0  32908  3928 ?        S    10:57   0:00 nginx: worker process
www-data   447  0.0  0.0  32908  3928 ?        S    10:57   0:00 nginx: worker process
www-data   448  0.0  0.0  32908  3928 ?        S    10:57   0:00 nginx: worker process
www-data   449  0.0  0.0  32908  3928 ?        S    10:57   0:00 nginx: worker process
root       450  0.0  0.1  63412 15724 ?        S    10:57   0:00 /usr/local/bin/uwsgi --ini /home/docker/code/confs/uwsgi.ini
root       451  0.0  0.1  63412 15724 ?        S    10:57   0:00 /usr/local/bin/uwsgi --ini /home/docker/code/confs/uwsgi.ini
root       452  0.0  0.1  63412 15724 ?        S    10:57   0:00 /usr/local/bin/uwsgi --ini /home/docker/code/confs/uwsgi.ini
root       453  0.0  0.1  63412 15724 ?        S    10:57   0:00 /usr/local/bin/uwsgi --ini /home/docker/code/confs/uwsgi.ini
root       500  0.0  0.0  59648  2972 ?        S    11:01   0:00 /USR/SBIN/CRON
root       501  0.0  0.0   4456   776 ?        Ss   11:01   0:00 /bin/sh -c /home/docker/code/scripts/system-heartbeat.sh  > /tmp/cron-system-heartbeat.log
root       502  0.0  0.0   9588  2268 ?        S    11:01   0:00 /bin/bash /home/docker/code/scripts/system-heartbeat.sh
root       503  0.0  0.0   9600  2472 ?        S    11:01   0:00 /bin/bash /home/docker/code/scripts/system-heartbeat.sh
root       504  0.0  0.0   4360   652 ?        S    11:01   0:00 tee /data/system-heartbeat/system-heartbeat-20190117-110101.log
root       527  0.0  0.0  15580  2164 ?        R    11:01   0:00 ps aux
 

------------------------------------------------------------------------------------ 


