Info-msg : Checking directory existence. 

/data/system-heartbeat/ directory exists
Info-msg : hostname of server (hostname). 

clixserver.tiss.edu
 

------------------------------------------------------------------------------------ 


Info-msg : internal ip addresses of the system (ip address). 

 

------------------------------------------------------------------------------------ 


Info-msg : external ip addresses of the system (public ip address). 


 

------------------------------------------------------------------------------------ 


Info-msg : RAM details (free -h). 

             total       used       free     shared    buffers     cached
Mem:          7.7G       4.2G       3.5G        27M       1.2G       1.2G
-/+ buffers/cache:       1.8G       5.9G
Swap:         7.6G         0B       7.6G
 

------------------------------------------------------------------------------------ 


Info-msg : HDD details (df -h). 

Filesystem      Size  Used Avail Use% Mounted on
overlay         908G   57G  806G   7% /
tmpfs            64M     0   64M   0% /dev
tmpfs           3.9G     0  3.9G   0% /sys/fs/cgroup
/dev/sda3       908G   57G  806G   7% /data
shm              64M     0   64M   0% /dev/shm
tmpfs           3.9G     0  3.9G   0% /proc/scsi
tmpfs           3.9G     0  3.9G   0% /sys/firmware
 

------------------------------------------------------------------------------------ 


Info-msg : Size description in '/data/'. 

8.0K	/data/2031010-mz10-activity-timestamp-csvs.tar.gz
44M	/data/2031010-mz10-assessment-media.tar.gz
4.0K	/data/2031010-mz10-gstudio_tools_logs.tar.gz
64K	/data/activity-timestamp-csvs
114M	/data/assessment-media
16K	/data/clixserver.tiss.edu
455M	/data/db
4.0K	/data/drop_database.sql
12K	/data/git-commit-details.log
45M	/data/gstudio-exported-users-analytics-csvs
228K	/data/gstudio-logs
8.0K	/data/local_settings.py
17G	/data/media
41M	/data/nginx-logs
504K	/data/pg_dump_all.sql
2.7M	/data/postgres-dump
3.7M	/data/qbank
670M	/data/rcs-repo
4.0K	/data/server_settings.py
3.2M	/data/system-heartbeat
 

------------------------------------------------------------------------------------ 


Info-msg : No of directories and files in '/data/media/'. 

No of directories : 4002 

No of files       : 9629 

 

------------------------------------------------------------------------------------ 


Info-msg : uptime (uptime). 

 01:01:01 up 6 days, 14:23,  0 users,  load average: 0.05, 0.08, 0.08
 

------------------------------------------------------------------------------------ 


Info-msg : current process (uptime). 

USER       PID %CPU %MEM    VSZ   RSS TTY      STAT START   TIME COMMAND
root         1  0.0  0.0   4456   768 ?        Ss   Oct12   0:00 /bin/sh -c /home/docker/code/scripts/initialize.sh  | sed -e "s/^/$(date +%Y%m%d-%H%M%S) :  /"  2>&1 | tee -a ${LOG_INSTALL_DOCKER}
root         7  0.0  0.0  18000  2804 ?        S    Oct12   0:00 /bin/bash /home/docker/code/scripts/initialize.sh
root        13  0.0  0.0  10996  1564 ?        S    Oct12   0:00 sed -e s/^/20181012-103805 :  /
root        15  0.0  0.0   4360  1348 ?        S    Oct12   0:00 tee -a /root/DockerLogs/$(DATE_LOG)-gsd-install.log
root        16 13.8  9.3 997116 755336 ?       Sl   Oct12 1315:12 mongod --config /home/docker/code/confs/mongod.conf
root        18  0.0  0.0  23664  2084 ?        Ss   Oct12   0:01 /usr/sbin/cron
postgres    37  0.0  0.2 244856 19360 ?        S    Oct12   0:21 /usr/lib/postgresql/9.3/bin/postgres -D /var/lib/postgresql/9.3/main -c config_file=/etc/postgresql/9.3/main/postgresql.conf
postgres    67  0.0  0.0 244856  3272 ?        Ss   Oct12   0:00 postgres: checkpointer process                                                                                              
postgres    68  0.0  0.0 244856  4684 ?        Ss   Oct12   0:04 postgres: writer process                                                                                                    
postgres    69  0.0  0.0 244856  3272 ?        Ss   Oct12   0:04 postgres: wal writer process                                                                                                
postgres    70  0.0  0.0 245732  5988 ?        Ss   Oct12   0:19 postgres: autovacuum launcher process                                                                                       
postgres    71  0.0  0.0 100820  3712 ?        Ss   Oct12   0:49 postgres: stats collector process                                                                                           
root       174  0.0  0.0  25356  2876 ?        Ss   Oct12   0:03 /usr/lib/postfix/master
postfix    180  0.0  0.0  27468  2892 ?        S    Oct12   0:00 qmgr -l -t unix -u
root       188  0.0  0.0  61388  3112 ?        Ss   Oct12   0:00 /usr/sbin/sshd
memcache   195  0.0  0.0 328484  6088 ?        Sl   Oct12   0:30 /usr/bin/memcached -m 64 -p 11211 -u memcache -l 127.0.0.1
rabbitmq   224  0.0  0.0   7512    92 ?        S    Oct12   0:04 /usr/lib/erlang/erts-5.10.4/bin/epmd -daemon
rabbitmq   248  0.0  0.0   4456   680 ?        S    Oct12   0:00 /bin/sh /usr/sbin/rabbitmq-server
rabbitmq   293  0.5  1.1 2303624 93028 ?       Sl   Oct12  55:22 /usr/lib/erlang/erts-5.10.4/bin/beam.smp -W w -K true -A30 -P 1048576 -- -root /usr/lib/erlang -progname erl -- -home /var/lib/rabbitmq -- -pa /usr/lib/rabbitmq/lib/rabbitmq_server-3.2.4/sbin/../ebin -noshell -noinput -s rabbit boot -sname rabbit@clixserver -boot start_sasl -kernel inet_default_connect_options [{nodelay,true}] -sasl errlog_type error -sasl sasl_error_logger false -rabbit error_logger {file,"/var/log/rabbitmq/rabbit@clixserver.log"} -rabbit sasl_error_logger {file,"/var/log/rabbitmq/rabbit@clixserver-sasl.log"} -rabbit enabled_plugins_file "/etc/rabbitmq/enabled_plugins" -rabbit plugins_dir "/usr/lib/rabbitmq/lib/rabbitmq_server-3.2.4/sbin/../plugins" -rabbit plugins_expand_dir "/var/lib/rabbitmq/mnesia/rabbit@clixserver-plugins-expand" -os_mon start_cpu_sup false -os_mon start_disksup false -os_mon start_memsup false -mnesia dir "/var/lib/rabbitmq/mnesia/rabbit@clixserver"
root       379  0.1  0.6 186432 50340 ?        S    Oct12  11:09 python manage.py celeryd -f /var/log/celeryd.log -l INFO
rabbitmq   394  0.0  0.0   7476   908 ?        Ss   Oct12   0:00 inet_gethost 4
rabbitmq   395  0.0  0.0   9568  1640 ?        S    Oct12   0:00 inet_gethost 4
root       408  0.0  0.1  33152 10012 ?        S    Oct12   0:01 python -m smtpd -n -c DebuggingServer localhost:1025
root       411  0.0  0.6 859096 56440 ?        Sl   Oct12   1:13 python main.py
root       416  0.0  0.5 185784 42568 ?        S    Oct12   0:00 python manage.py celeryd -f /var/log/celeryd.log -l INFO
root       417  0.0  0.5 185780 42572 ?        S    Oct12   0:00 python manage.py celeryd -f /var/log/celeryd.log -l INFO
root       418  0.0  0.5 185780 42576 ?        S    Oct12   0:00 python manage.py celeryd -f /var/log/celeryd.log -l INFO
root       419  0.0  0.5 185780 42572 ?        S    Oct12   0:00 python manage.py celeryd -f /var/log/celeryd.log -l INFO
root       421  0.0  0.2  52492 17092 ?        S    Oct12   2:11 /usr/bin/python /usr/bin/supervisord -n
root       436  0.0  0.0  32536  6572 ?        S    Oct12   0:00 nginx: master process /usr/sbin/nginx
root       437  0.0  0.2  63412 20516 ?        S    Oct12   0:24 /usr/local/bin/uwsgi --ini /home/docker/code/confs/uwsgi.ini
www-data   438  0.0  0.0  32908  4032 ?        S    Oct12   0:00 nginx: worker process
www-data   439  0.0  0.0  32908  4032 ?        S    Oct12   0:00 nginx: worker process
www-data   440  0.0  0.0  32908  4032 ?        S    Oct12   0:00 nginx: worker process
www-data   441  0.0  0.0  32908  4032 ?        S    Oct12   0:00 nginx: worker process
root       442  0.0  0.1  63412 15756 ?        S    Oct12   0:00 /usr/local/bin/uwsgi --ini /home/docker/code/confs/uwsgi.ini
root       443  0.0  0.1  63412 15756 ?        S    Oct12   0:00 /usr/local/bin/uwsgi --ini /home/docker/code/confs/uwsgi.ini
root       444  0.0  0.1  63412 15756 ?        S    Oct12   0:00 /usr/local/bin/uwsgi --ini /home/docker/code/confs/uwsgi.ini
root       445  0.0  0.1  63412 15756 ?        S    Oct12   0:00 /usr/local/bin/uwsgi --ini /home/docker/code/confs/uwsgi.ini
postfix  31673  0.0  0.0  27420  2820 ?        S    00:45   0:00 pickup -l -t unix -u -c
root     31903  0.0  0.0  59648  2996 ?        S    01:01   0:00 /USR/SBIN/CRON
root     31904  0.0  0.0   4456   852 ?        Ss   01:01   0:00 /bin/sh -c /home/docker/code/scripts/system-heartbeat.sh  > /tmp/cron-system-heartbeat.log
root     31905  0.0  0.0   9588  2340 ?        S    01:01   0:00 /bin/bash /home/docker/code/scripts/system-heartbeat.sh
root     31906  0.0  0.0   9600  2476 ?        S    01:01   0:00 /bin/bash /home/docker/code/scripts/system-heartbeat.sh
root     31907  0.0  0.0   4360   652 ?        S    01:01   0:00 tee /data/system-heartbeat/system-heartbeat-20181019-010101.log
root     31928  0.0  0.0  15580  2128 ?        R    01:01   0:00 ps aux
 

------------------------------------------------------------------------------------ 


