Info-msg : Checking directory existence. 

/data/system-heartbeat/ directory exists
Info-msg : hostname of server (hostname). 

clixserver.tiss.edu
 

------------------------------------------------------------------------------------ 


Info-msg : internal ip addresses of the system (ip address). 

 

------------------------------------------------------------------------------------ 


Info-msg : external ip addresses of the system (public ip address). 


 

------------------------------------------------------------------------------------ 


Info-msg : RAM details (free -h). 

             total       used       free     shared    buffers     cached
Mem:          7.7G       5.7G       2.1G        27M       1.5G       1.5G
-/+ buffers/cache:       2.7G       5.0G
Swap:         7.6G         0B       7.6G
 

------------------------------------------------------------------------------------ 


Info-msg : HDD details (df -h). 

Filesystem      Size  Used Avail Use% Mounted on
overlay         908G   57G  805G   7% /
tmpfs            64M     0   64M   0% /dev
tmpfs           3.9G     0  3.9G   0% /sys/fs/cgroup
/dev/sda3       908G   57G  805G   7% /data
shm              64M     0   64M   0% /dev/shm
tmpfs           3.9G     0  3.9G   0% /proc/scsi
tmpfs           3.9G     0  3.9G   0% /sys/firmware
 

------------------------------------------------------------------------------------ 


Info-msg : Size description in '/data/'. 

8.0K	/data/2031010-mz10-activity-timestamp-csvs.tar.gz
44M	/data/2031010-mz10-assessment-media.tar.gz
4.0K	/data/2031010-mz10-gstudio_tools_logs.tar.gz
64K	/data/activity-timestamp-csvs
114M	/data/assessment-media
16K	/data/clixserver.tiss.edu
614M	/data/db
4.0K	/data/drop_database.sql
12K	/data/git-commit-details.log
119M	/data/gstudio-exported-users-analytics-csvs
592K	/data/gstudio-logs
8.0K	/data/local_settings.py
17G	/data/media
41M	/data/nginx-logs
504K	/data/pg_dump_all.sql
2.7M	/data/postgres-dump
5.3M	/data/qbank
670M	/data/rcs-repo
4.0K	/data/server_settings.py
8.5M	/data/system-heartbeat
 

------------------------------------------------------------------------------------ 


Info-msg : No of directories and files in '/data/media/'. 

No of directories : 4002 

No of files       : 9629 

 

------------------------------------------------------------------------------------ 


Info-msg : uptime (uptime). 

 14:01:01 up 14 days,  2:53,  0 users,  load average: 0.29, 0.19, 0.14
 

------------------------------------------------------------------------------------ 


Info-msg : current process (uptime). 

USER       PID %CPU %MEM    VSZ   RSS TTY      STAT START   TIME COMMAND
root         1  0.0  0.0   4456   720 ?        Ss   Oct26   0:00 /bin/sh -c /home/docker/code/scripts/initialize.sh  | sed -e "s/^/$(date +%Y%m%d-%H%M%S) :  /"  2>&1 | tee -a ${LOG_INSTALL_DOCKER}
root         8  0.0  0.0  18000  2808 ?        S    Oct26   0:00 /bin/bash /home/docker/code/scripts/initialize.sh
root         9  0.0  0.0  10996  1356 ?        S    Oct26   0:00 sed -e s/^/20181026-110847 :  /
root        11  0.0  0.0   4360  1300 ?        S    Oct26   0:00 tee -a /root/DockerLogs/$(DATE_LOG)-gsd-install.log
root        17 14.0 19.2 1849196 1559780 ?     Sl   Oct26 2851:18 mongod --config /home/docker/code/confs/mongod.conf
root        19  0.0  0.0  23664  2148 ?        Ss   Oct26   0:03 /usr/sbin/cron
postgres    38  0.0  0.2 244856 19256 ?        S    Oct26   0:45 /usr/lib/postgresql/9.3/bin/postgres -D /var/lib/postgresql/9.3/main -c config_file=/etc/postgresql/9.3/main/postgresql.conf
postgres    68  0.0  0.0 244856  3328 ?        Ss   Oct26   0:00 postgres: checkpointer process                                                                                              
postgres    69  0.0  0.0 244856  4584 ?        Ss   Oct26   0:10 postgres: writer process                                                                                                    
postgres    70  0.0  0.0 244856  3328 ?        Ss   Oct26   0:09 postgres: wal writer process                                                                                                
postgres    71  0.0  0.0 245732  5908 ?        Ss   Oct26   0:42 postgres: autovacuum launcher process                                                                                       
postgres    72  0.0  0.0 100820  3644 ?        Ss   Oct26   1:47 postgres: stats collector process                                                                                           
root       175  0.0  0.0  25356  2872 ?        Ss   Oct26   0:08 /usr/lib/postfix/master
postfix    181  0.0  0.0  27468  2852 ?        S    Oct26   0:02 qmgr -l -t unix -u
root       189  0.0  0.0  61388  3168 ?        Ss   Oct26   0:00 /usr/sbin/sshd
memcache   196  0.0  0.0 328484  6172 ?        Sl   Oct26   1:04 /usr/bin/memcached -m 64 -p 11211 -u memcache -l 127.0.0.1
rabbitmq   225  0.0  0.0   7512    88 ?        S    Oct26   0:09 /usr/lib/erlang/erts-5.10.4/bin/epmd -daemon
rabbitmq   252  0.0  0.0   4456   780 ?        S    Oct26   0:00 /bin/sh /usr/sbin/rabbitmq-server
rabbitmq   296  0.5  1.1 2303368 93004 ?       Sl   Oct26 121:09 /usr/lib/erlang/erts-5.10.4/bin/beam.smp -W w -K true -A30 -P 1048576 -- -root /usr/lib/erlang -progname erl -- -home /var/lib/rabbitmq -- -pa /usr/lib/rabbitmq/lib/rabbitmq_server-3.2.4/sbin/../ebin -noshell -noinput -s rabbit boot -sname rabbit@clixserver -boot start_sasl -kernel inet_default_connect_options [{nodelay,true}] -sasl errlog_type error -sasl sasl_error_logger false -rabbit error_logger {file,"/var/log/rabbitmq/rabbit@clixserver.log"} -rabbit sasl_error_logger {file,"/var/log/rabbitmq/rabbit@clixserver-sasl.log"} -rabbit enabled_plugins_file "/etc/rabbitmq/enabled_plugins" -rabbit plugins_dir "/usr/lib/rabbitmq/lib/rabbitmq_server-3.2.4/sbin/../plugins" -rabbit plugins_expand_dir "/var/lib/rabbitmq/mnesia/rabbit@clixserver-plugins-expand" -os_mon start_cpu_sup false -os_mon start_disksup false -os_mon start_memsup false -mnesia dir "/var/lib/rabbitmq/mnesia/rabbit@clixserver"
rabbitmq   383  0.0  0.0   7476   920 ?        Ss   Oct26   0:00 inet_gethost 4
rabbitmq   384  0.0  0.0   9568  1584 ?        S    Oct26   0:00 inet_gethost 4
root       386  0.1  0.6 186428 50068 ?        S    Oct26  23:33 python manage.py celeryd -f /var/log/celeryd.log -l INFO
root       409  0.0  0.1  33152  9768 ?        S    Oct26   0:03 python -m smtpd -n -c DebuggingServer localhost:1025
root       412  0.0  0.6 859100 56520 ?        Sl   Oct26   2:40 python main.py
root       418  0.0  0.2  52492 16940 ?        S    Oct26   4:40 /usr/bin/python /usr/bin/supervisord -n
root       419  0.0  0.5 185776 42492 ?        S    Oct26   0:00 python manage.py celeryd -f /var/log/celeryd.log -l INFO
root       420  0.0  0.5 185772 42496 ?        S    Oct26   0:00 python manage.py celeryd -f /var/log/celeryd.log -l INFO
root       421  0.0  0.5 185772 42500 ?        S    Oct26   0:00 python manage.py celeryd -f /var/log/celeryd.log -l INFO
root       422  0.0  0.5 185772 42508 ?        S    Oct26   0:00 python manage.py celeryd -f /var/log/celeryd.log -l INFO
root       437  0.0  0.0  32536  6496 ?        S    Oct26   0:00 nginx: master process /usr/sbin/nginx
root       438  0.0  0.2  63412 20496 ?        S    Oct26   0:52 /usr/local/bin/uwsgi --ini /home/docker/code/confs/uwsgi.ini
root       439  0.0  0.1  63412 15864 ?        S    Oct26   0:00 /usr/local/bin/uwsgi --ini /home/docker/code/confs/uwsgi.ini
root       440  0.0  0.1  63412 15864 ?        S    Oct26   0:00 /usr/local/bin/uwsgi --ini /home/docker/code/confs/uwsgi.ini
root       441  0.0  0.1  63412 15864 ?        S    Oct26   0:00 /usr/local/bin/uwsgi --ini /home/docker/code/confs/uwsgi.ini
root       442  0.0  0.1  63412 15864 ?        S    Oct26   0:00 /usr/local/bin/uwsgi --ini /home/docker/code/confs/uwsgi.ini
www-data   443  0.0  0.0  32908  4016 ?        S    Oct26   0:00 nginx: worker process
www-data   444  0.0  0.0  32908  4016 ?        S    Oct26   0:00 nginx: worker process
www-data   445  0.0  0.0  32908  4016 ?        S    Oct26   0:00 nginx: worker process
www-data   446  0.0  0.0  32908  4016 ?        S    Oct26   0:00 nginx: worker process
postfix  30337  0.0  0.0  27420  2812 ?        S    13:58   0:00 pickup -l -t unix -u -c
root     30378  0.0  0.0  59648  3052 ?        S    14:01   0:00 /USR/SBIN/CRON
root     30379  0.0  0.0   4456   688 ?        Ss   14:01   0:00 /bin/sh -c /home/docker/code/scripts/system-heartbeat.sh  > /tmp/cron-system-heartbeat.log
root     30380  0.0  0.0   9588  2316 ?        S    14:01   0:00 /bin/bash /home/docker/code/scripts/system-heartbeat.sh
root     30381  0.0  0.0   9600  2576 ?        S    14:01   0:00 /bin/bash /home/docker/code/scripts/system-heartbeat.sh
root     30382  0.0  0.0   4360   652 ?        S    14:01   0:00 tee /data/system-heartbeat/system-heartbeat-20181109-140101.log
root     30403  0.0  0.0  15580  2128 ?        R    14:01   0:00 ps aux
 

------------------------------------------------------------------------------------ 


