Info-msg : Checking directory existence. 

/data/system-heartbeat/ directory exists
Info-msg : hostname of server (hostname). 

clixserver.tiss.edu
 

------------------------------------------------------------------------------------ 


Info-msg : internal ip addresses of the system (ip address). 

 

------------------------------------------------------------------------------------ 


Info-msg : external ip addresses of the system (public ip address). 


 

------------------------------------------------------------------------------------ 


Info-msg : RAM details (free -h). 

             total       used       free     shared    buffers     cached
Mem:          7.7G       2.9G       4.8G       214M        99M       1.1G
-/+ buffers/cache:       1.7G       6.0G
Swap:         7.6G         0B       7.6G
 

------------------------------------------------------------------------------------ 


Info-msg : HDD details (df -h). 

Filesystem      Size  Used Avail Use% Mounted on
overlay         908G   55G  807G   7% /
tmpfs            64M     0   64M   0% /dev
tmpfs           3.9G     0  3.9G   0% /sys/fs/cgroup
/dev/sda3       908G   55G  807G   7% /data
shm              64M     0   64M   0% /dev/shm
tmpfs           3.9G     0  3.9G   0% /proc/scsi
tmpfs           3.9G     0  3.9G   0% /sys/firmware
 

------------------------------------------------------------------------------------ 


Info-msg : Size description in '/data/'. 

8.0K	/data/2031008-mz8-activity-timestamp-csvs.tar.gz
50M	/data/2031008-mz8-assessment-media.tar.gz
16K	/data/2031008-mz8-gstudio_tools_logs.tar.gz
64K	/data/activity-timestamp-csvs
128M	/data/assessment-media
16K	/data/clixserver.tiss.edu
370M	/data/db
4.0K	/data/drop_database.sql
12K	/data/git-commit-details.log
1.4M	/data/gstudio-exported-users-analytics-csvs
12K	/data/gstudio-logs
408K	/data/gstudio_tools_logs
8.0K	/data/local_settings.py
17G	/data/media
584M	/data/nginx-logs
504K	/data/pg_dump_all.sql
2.7M	/data/postgres-dump
3.0M	/data/qbank
672M	/data/rcs-repo
4.0K	/data/server_settings.py
88K	/data/system-heartbeat
 

------------------------------------------------------------------------------------ 


Info-msg : No of directories and files in '/data/media/'. 

No of directories : 4002 

No of files       : 9629 

 

------------------------------------------------------------------------------------ 


Info-msg : uptime (uptime). 

 20:01:34 up 43 min,  0 users,  load average: 0.49, 0.31, 0.34
 

------------------------------------------------------------------------------------ 


Info-msg : current process (uptime). 

USER       PID %CPU %MEM    VSZ   RSS TTY      STAT START   TIME COMMAND
root         1  0.0  0.0   4456   728 ?        Ss   19:18   0:00 /bin/sh -c /home/docker/code/scripts/initialize.sh  | sed -e "s/^/$(date +%Y%m%d-%H%M%S) :  /"  2>&1 | tee -a ${LOG_INSTALL_DOCKER}
root         8  0.0  0.0  18000  2832 ?        S    19:18   0:00 /bin/bash /home/docker/code/scripts/initialize.sh
root         9  0.0  0.0  10996  1368 ?        S    19:18   0:00 sed -e s/^/20181008-191831 :  /
root        11  0.0  0.0   4360  1304 ?        S    19:18   0:00 tee -a /root/DockerLogs/$(DATE_LOG)-gsd-install.log
root        17 21.2  3.2 527076 263476 ?       Sl   19:18   9:08 mongod --config /home/docker/code/confs/mongod.conf
root        19  0.0  0.0  23664  2072 ?        Ss   19:18   0:00 /usr/sbin/cron
postgres    38  0.0  0.2 244856 19356 ?        S    19:18   0:01 /usr/lib/postgresql/9.3/bin/postgres -D /var/lib/postgresql/9.3/main -c config_file=/etc/postgresql/9.3/main/postgresql.conf
postgres    71  0.0  0.0 244992  5584 ?        Ss   19:18   0:00 postgres: checkpointer process                                                                                              
postgres    72  0.0  0.0 244856  4700 ?        Ss   19:18   0:00 postgres: writer process                                                                                                    
postgres    73  0.0  0.0 244856  3344 ?        Ss   19:18   0:00 postgres: wal writer process                                                                                                
postgres    74  0.0  0.0 245732  5892 ?        Ss   19:18   0:00 postgres: autovacuum launcher process                                                                                       
postgres    75  0.0  0.0 100820  3720 ?        Ss   19:18   0:00 postgres: stats collector process                                                                                           
root       178  0.0  0.0  25356  2756 ?        Ss   19:18   0:00 /usr/lib/postfix/master
postfix    183  0.0  0.0  27420  2868 ?        S    19:18   0:00 pickup -l -t unix -u -c
postfix    184  0.0  0.0  27468  2880 ?        S    19:18   0:00 qmgr -l -t unix -u
root       192  0.0  0.0  61388  3052 ?        Ss   19:18   0:00 /usr/sbin/sshd
memcache   199  0.0  0.2 340688 17812 ?        Sl   19:18   0:00 /usr/bin/memcached -m 64 -p 11211 -u memcache -l 127.0.0.1
rabbitmq   228  0.0  0.0   7512    88 ?        S    19:18   0:00 /usr/lib/erlang/erts-5.10.4/bin/epmd -daemon
rabbitmq   255  0.0  0.0   4456   852 ?        S    19:18   0:00 /bin/sh /usr/sbin/rabbitmq-server
rabbitmq   299  0.5  1.1 2303624 92692 ?       Sl   19:18   0:13 /usr/lib/erlang/erts-5.10.4/bin/beam.smp -W w -K true -A30 -P 1048576 -- -root /usr/lib/erlang -progname erl -- -home /var/lib/rabbitmq -- -pa /usr/lib/rabbitmq/lib/rabbitmq_server-3.2.4/sbin/../ebin -noshell -noinput -s rabbit boot -sname rabbit@clixserver -boot start_sasl -kernel inet_default_connect_options [{nodelay,true}] -sasl errlog_type error -sasl sasl_error_logger false -rabbit error_logger {file,"/var/log/rabbitmq/rabbit@clixserver.log"} -rabbit sasl_error_logger {file,"/var/log/rabbitmq/rabbit@clixserver-sasl.log"} -rabbit enabled_plugins_file "/etc/rabbitmq/enabled_plugins" -rabbit plugins_dir "/usr/lib/rabbitmq/lib/rabbitmq_server-3.2.4/sbin/../plugins" -rabbit plugins_expand_dir "/var/lib/rabbitmq/mnesia/rabbit@clixserver-plugins-expand" -os_mon start_cpu_sup false -os_mon start_disksup false -os_mon start_memsup false -mnesia dir "/var/lib/rabbitmq/mnesia/rabbit@clixserver"
rabbitmq   386  0.0  0.0   7476   960 ?        Ss   19:18   0:00 inet_gethost 4
rabbitmq   387  0.0  0.0   9568  1608 ?        S    19:18   0:00 inet_gethost 4
root       389  0.1  0.6 186436 50172 ?        S    19:18   0:03 python manage.py celeryd -f /var/log/celeryd.log -l INFO
root       412  0.0  0.1  33152  9896 ?        S    19:18   0:00 python -m smtpd -n -c DebuggingServer localhost:1025
root       415  1.7  1.1 883716 93844 ?        Sl   19:18   0:44 python main.py
root       421  0.0  0.2  52492 17108 ?        S    19:18   0:00 /usr/bin/python /usr/bin/supervisord -n
root       422  0.0  0.5 185784 42628 ?        S    19:18   0:00 python manage.py celeryd -f /var/log/celeryd.log -l INFO
root       423  0.0  0.5 185780 42632 ?        S    19:18   0:00 python manage.py celeryd -f /var/log/celeryd.log -l INFO
root       424  0.0  0.5 185780 42624 ?        S    19:18   0:00 python manage.py celeryd -f /var/log/celeryd.log -l INFO
root       425  0.0  0.5 185780 42608 ?        S    19:18   0:00 python manage.py celeryd -f /var/log/celeryd.log -l INFO
root       440  0.0  0.0  32536  6560 ?        S    19:19   0:00 nginx: master process /usr/sbin/nginx
root       441  0.0  0.2  63412 20604 ?        S    19:19   0:00 /usr/local/bin/uwsgi --ini /home/docker/code/confs/uwsgi.ini
root       442  0.3  1.2 282452 103672 ?       S    19:19   0:09 /usr/local/bin/uwsgi --ini /home/docker/code/confs/uwsgi.ini
root       443  0.2  1.2 282144 103344 ?       S    19:19   0:07 /usr/local/bin/uwsgi --ini /home/docker/code/confs/uwsgi.ini
root       444  0.4  1.2 283220 104680 ?       S    19:19   0:11 /usr/local/bin/uwsgi --ini /home/docker/code/confs/uwsgi.ini
root       445  1.8  1.2 283788 105068 ?       S    19:19   0:47 /usr/local/bin/uwsgi --ini /home/docker/code/confs/uwsgi.ini
www-data   446  0.0  0.0  33600  7076 ?        S    19:19   0:01 nginx: worker process
www-data   447  0.1  0.0  33780  7088 ?        S    19:19   0:03 nginx: worker process
www-data   448  0.0  0.0  33448  6832 ?        S    19:19   0:01 nginx: worker process
www-data   449  0.1  0.0  33640  7120 ?        S    19:19   0:04 nginx: worker process
root     13887  0.0  0.0  59648  3044 ?        S    20:01   0:00 /USR/SBIN/CRON
root     13888  0.0  0.0   4456   764 ?        Ss   20:01   0:00 /bin/sh -c /home/docker/code/scripts/system-heartbeat.sh  > /tmp/cron-system-heartbeat.log
root     13889  0.0  0.0   9588  2316 ?        S    20:01   0:00 /bin/bash /home/docker/code/scripts/system-heartbeat.sh
root     13890  0.0  0.0   9600  2632 ?        S    20:01   0:00 /bin/bash /home/docker/code/scripts/system-heartbeat.sh
root     13891  0.0  0.0   4360   664 ?        S    20:01   0:00 tee /data/system-heartbeat/system-heartbeat-20181008-200101.log
root     14114  0.0  0.0  15580  2128 ?        R    20:01   0:00 ps aux
 

------------------------------------------------------------------------------------ 


