Info-msg : Checking directory existence. 

/data/system-heartbeat/ directory exists
Info-msg : hostname of server (hostname). 

clixserver.tiss.edu
 

------------------------------------------------------------------------------------ 


Info-msg : internal ip addresses of the system (ip address). 

 

------------------------------------------------------------------------------------ 


Info-msg : external ip addresses of the system (public ip address). 


 

------------------------------------------------------------------------------------ 


Info-msg : RAM details (free -h). 

             total       used       free     shared    buffers     cached
Mem:          7.7G       2.0G       5.7G        95M       403M       650M
-/+ buffers/cache:       996M       6.7G
Swap:         7.6G         0B       7.6G
 

------------------------------------------------------------------------------------ 


Info-msg : HDD details (df -h). 

Filesystem      Size  Used Avail Use% Mounted on
overlay         908G   55G  807G   7% /
tmpfs            64M     0   64M   0% /dev
tmpfs           3.9G     0  3.9G   0% /sys/fs/cgroup
/dev/sda3       908G   55G  807G   7% /data
shm              64M     0   64M   0% /dev/shm
tmpfs           3.9G     0  3.9G   0% /proc/scsi
tmpfs           3.9G     0  3.9G   0% /sys/firmware
 

------------------------------------------------------------------------------------ 


Info-msg : Size description in '/data/'. 

8.0K	/data/2031008-mz8-activity-timestamp-csvs.tar.gz
44M	/data/2031008-mz8-assessment-media.tar.gz
12K	/data/2031008-mz8-gstudio_tools_logs.tar.gz
64K	/data/activity-timestamp-csvs
116M	/data/assessment-media
16K	/data/clixserver.tiss.edu
364M	/data/db
4.0K	/data/drop_database.sql
12K	/data/git-commit-details.log
860K	/data/gstudio-exported-users-analytics-csvs
12K	/data/gstudio-logs
244K	/data/gstudio_tools_logs
8.0K	/data/local_settings.py
17G	/data/media
256M	/data/nginx-logs
504K	/data/pg_dump_all.sql
2.7M	/data/postgres-dump
2.1M	/data/qbank
670M	/data/rcs-repo
4.0K	/data/server_settings.py
40K	/data/system-heartbeat
 

------------------------------------------------------------------------------------ 


Info-msg : No of directories and files in '/data/media/'. 

No of directories : 4002 

No of files       : 9629 

 

------------------------------------------------------------------------------------ 


Info-msg : uptime (uptime). 

 17:01:08 up 8 min,  0 users,  load average: 0.21, 0.40, 0.29
 

------------------------------------------------------------------------------------ 


Info-msg : current process (uptime). 

USER       PID %CPU %MEM    VSZ   RSS TTY      STAT START   TIME COMMAND
root         1  0.0  0.0   4456   724 ?        Ss   16:53   0:00 /bin/sh -c /home/docker/code/scripts/initialize.sh  | sed -e "s/^/$(date +%Y%m%d-%H%M%S) :  /"  2>&1 | tee -a ${LOG_INSTALL_DOCKER}
root         7  0.0  0.0  18000  2812 ?        S    16:53   0:00 /bin/bash /home/docker/code/scripts/initialize.sh
root        13  0.0  0.0  10996  1412 ?        S    16:53   0:00 sed -e s/^/20180808-165353 :  /
root        14  0.0  0.0   4360  1264 ?        S    16:53   0:00 tee -a /root/DockerLogs/$(DATE_LOG)-gsd-install.log
root        16  4.6  1.0 252160 84592 ?        Sl   16:53   0:20 mongod --config /home/docker/code/confs/mongod.conf
root        18  0.0  0.0  23664  2204 ?        Ss   16:53   0:00 /usr/sbin/cron
postgres    37  0.0  0.2 244856 19224 ?        S    16:53   0:00 /usr/lib/postgresql/9.3/bin/postgres -D /var/lib/postgresql/9.3/main -c config_file=/etc/postgresql/9.3/main/postgresql.conf
postgres    70  0.0  0.0 244856  3200 ?        Ss   16:54   0:00 postgres: checkpointer process                                                                                              
postgres    71  0.0  0.0 244856  4472 ?        Ss   16:54   0:00 postgres: writer process                                                                                                    
postgres    72  0.0  0.0 244856  3200 ?        Ss   16:54   0:00 postgres: wal writer process                                                                                                
postgres    73  0.0  0.0 245732  6028 ?        Ss   16:54   0:00 postgres: autovacuum launcher process                                                                                       
postgres    74  0.0  0.0 100668  3512 ?        Ss   16:54   0:00 postgres: stats collector process                                                                                           
root       177  0.0  0.0  25356  2876 ?        Ss   16:54   0:00 /usr/lib/postfix/master
postfix    182  0.0  0.0  27420  2864 ?        S    16:54   0:00 pickup -l -t unix -u -c
postfix    183  0.0  0.0  27468  2804 ?        S    16:54   0:00 qmgr -l -t unix -u
root       191  0.0  0.0  61388  3144 ?        Ss   16:54   0:00 /usr/sbin/sshd
memcache   198  0.0  0.0  63264  2604 ?        Sl   16:54   0:00 /usr/bin/memcached -m 64 -p 11211 -u memcache -l 127.0.0.1
rabbitmq   227  0.0  0.0   7512    88 ?        S    16:54   0:00 /usr/lib/erlang/erts-5.10.4/bin/epmd -daemon
rabbitmq   254  0.0  0.0   4456   788 ?        S    16:54   0:00 /bin/sh /usr/sbin/rabbitmq-server
rabbitmq   298  0.8  1.1 2305420 93844 ?       Sl   16:54   0:03 /usr/lib/erlang/erts-5.10.4/bin/beam.smp -W w -K true -A30 -P 1048576 -- -root /usr/lib/erlang -progname erl -- -home /var/lib/rabbitmq -- -pa /usr/lib/rabbitmq/lib/rabbitmq_server-3.2.4/sbin/../ebin -noshell -noinput -s rabbit boot -sname rabbit@clixserver -boot start_sasl -kernel inet_default_connect_options [{nodelay,true}] -sasl errlog_type error -sasl sasl_error_logger false -rabbit error_logger {file,"/var/log/rabbitmq/rabbit@clixserver.log"} -rabbit sasl_error_logger {file,"/var/log/rabbitmq/rabbit@clixserver-sasl.log"} -rabbit enabled_plugins_file "/etc/rabbitmq/enabled_plugins" -rabbit plugins_dir "/usr/lib/rabbitmq/lib/rabbitmq_server-3.2.4/sbin/../plugins" -rabbit plugins_expand_dir "/var/lib/rabbitmq/mnesia/rabbit@clixserver-plugins-expand" -os_mon start_cpu_sup false -os_mon start_disksup false -os_mon start_memsup false -mnesia dir "/var/lib/rabbitmq/mnesia/rabbit@clixserver"
rabbitmq   385  0.0  0.0   7476   884 ?        Ss   16:54   0:00 inet_gethost 4
rabbitmq   386  0.0  0.0   9568  1596 ?        S    16:54   0:00 inet_gethost 4
root       388  0.3  0.6 186428 50092 ?        S    16:54   0:01 python manage.py celeryd -f /var/log/celeryd.log -l INFO
root       411  0.0  0.1  33152  9980 ?        S    16:54   0:00 python -m smtpd -n -c DebuggingServer localhost:1025
root       414  0.1  0.6 859096 56524 ?        Sl   16:54   0:00 python main.py
root       419  0.0  0.5 185780 42496 ?        S    16:54   0:00 python manage.py celeryd -f /var/log/celeryd.log -l INFO
root       420  0.0  0.5 185776 42500 ?        S    16:54   0:00 python manage.py celeryd -f /var/log/celeryd.log -l INFO
root       421  0.0  0.5 185776 42504 ?        S    16:54   0:00 python manage.py celeryd -f /var/log/celeryd.log -l INFO
root       422  0.0  0.5 185776 42512 ?        S    16:54   0:00 python manage.py celeryd -f /var/log/celeryd.log -l INFO
root       424  0.0  0.2  52492 16976 ?        S    16:54   0:00 /usr/bin/python /usr/bin/supervisord -n
root       439  0.0  0.0  32536  6448 ?        S    16:54   0:00 nginx: master process /usr/sbin/nginx
root       440  0.0  0.2  63412 20548 ?        S    16:54   0:00 /usr/local/bin/uwsgi --ini /home/docker/code/confs/uwsgi.ini
www-data   441  0.0  0.0  32908  3992 ?        S    16:54   0:00 nginx: worker process
www-data   442  0.0  0.0  32908  3992 ?        S    16:54   0:00 nginx: worker process
www-data   443  0.0  0.0  32908  3992 ?        S    16:54   0:00 nginx: worker process
www-data   444  0.0  0.0  32908  3992 ?        S    16:54   0:00 nginx: worker process
root       445  0.0  0.1  63412 15868 ?        S    16:54   0:00 /usr/local/bin/uwsgi --ini /home/docker/code/confs/uwsgi.ini
root       446  0.0  0.1  63412 15868 ?        S    16:54   0:00 /usr/local/bin/uwsgi --ini /home/docker/code/confs/uwsgi.ini
root       447  0.0  0.1  63412 15868 ?        S    16:54   0:00 /usr/local/bin/uwsgi --ini /home/docker/code/confs/uwsgi.ini
root       448  0.0  0.1  63412 15868 ?        S    16:54   0:00 /usr/local/bin/uwsgi --ini /home/docker/code/confs/uwsgi.ini
root       541  0.0  0.0  59648  3000 ?        S    17:01   0:00 /USR/SBIN/CRON
root       542  0.0  0.0   4456   684 ?        Ss   17:01   0:00 /bin/sh -c /home/docker/code/scripts/system-heartbeat.sh  > /tmp/cron-system-heartbeat.log
root       543  0.0  0.0   9588  2304 ?        S    17:01   0:00 /bin/bash /home/docker/code/scripts/system-heartbeat.sh
root       544  0.0  0.0   9600  2608 ?        S    17:01   0:00 /bin/bash /home/docker/code/scripts/system-heartbeat.sh
root       545  0.0  0.0   4360   744 ?        S    17:01   0:00 tee /data/system-heartbeat/system-heartbeat-20180808-170101.log
root       567  0.0  0.0  15580  2212 ?        R    17:01   0:00 ps aux
 

------------------------------------------------------------------------------------ 


